[1;34m[pthread wrapper] 
[0m[1;34m[pthread wrapper] MAIN -> 0
[0m[1;34m[pthread wrapper] PIN_MASK: [0m[1;34m0->1  [0m[1;34m1->2  [0m[1;34m2->3  [0m[1;34m3->4  [0m[1;34m4->5  [0m[1;34m5->16  [0m[1;34m6->17  [0m[1;34m7->18  [0m[1;34m8->19  [0m[1;34m9->20  [0m[1;34m10->21  [0m[1;34m
[pthread wrapper] SKIP MASK: 0x0
[0m[1;34m	threadid 139702035273472 -> core 1 - OK[0m[1;34m
[0m[1;34m	threadid 139702026880768 -> core 2 - OK[0m[1;34m
[0m[1;34m	threadid 139702018488064 -> core 3 - OK[0m[1;34m
[0m[1;34m	threadid 139702010095360 -> core 4 - OK[0m[1;34m
[0m[1;34m	threadid 139702001702656 -> core 5 - OK[0m[1;34m
[0m[1;34m	threadid 139701993309952 -> core 16 - OK[0m[1;34m
[0m[1;34m	threadid 139701984917248 -> core 17 - OK[0m[1;34m
[0m[1;34m	threadid 139701976524544 -> core 18 - OK[0m[1;34m
[0m[1;34m	threadid 139701968131840 -> core 19 - OK[0m[1;34m
[0m[1;34m	threadid 139701959739136 -> core 20 - OK[0m[1;34m
[0m[1;34m	threadid 139701951346432 -> core 21 - OK[0m[1;34m
[0mFLOPs in stencil code:      1.612620e+09
Time spent in stencil code: 0.081944
Performance in GFlop/s:     19.679540
[1;34m[pthread wrapper] 
[0m[1;34m[pthread wrapper] MAIN -> 0
[0m[1;34m[pthread wrapper] PIN_MASK: [0m[1;34m0->1  [0m[1;34m1->2  [0m[1;34m2->3  [0m[1;34m3->4  [0m[1;34m4->5  [0m[1;34m5->16  [0m[1;34m6->17  [0m[1;34m7->18  [0m[1;34m8->19  [0m[1;34m9->20  [0m[1;34m10->21  [0m[1;34m
[pthread wrapper] SKIP MASK: 0x0
[0m[1;34m	threadid 140015204423424 -> core 1 - OK[0m[1;34m
[0m[1;34m	threadid 140015196030720 -> core 2 - OK[0m[1;34m
[0m[1;34m	threadid 140015187638016 -> core 3 - OK[0m[1;34m
[0m[1;34m	threadid 140015179245312 -> core 4 - OK[0m[1;34m
[0m[1;34m	threadid 140015170852608 -> core 5 - OK[0m[1;34m
[0m[1;34m	threadid 140015162459904 -> core 16 - OK[0m[1;34m
[0m[1;34m	threadid 140015154067200 -> core 17 - OK[0m[1;34m
[0m[1;34m	threadid 140015145674496 -> core 18 - OK[0m[1;34m
[0m[1;34m	threadid 140015137281792 -> core 19 - OK[0m[1;34m
[0m[1;34m	threadid 140015128889088 -> core 20 - OK[0m[1;34m
[0m[1;34m	threadid 140015120496384 -> core 21 - OK[0m[1;34m
[0mFLOPs in stencil code:      1.612620e+09
Time spent in stencil code: 0.081076
Performance in GFlop/s:     19.890249
[1;34m[pthread wrapper] 
[0m[1;34m[pthread wrapper] MAIN -> 0
[0m[1;34m[pthread wrapper] PIN_MASK: [0m[1;34m0->1  [0m[1;34m1->2  [0m[1;34m2->3  [0m[1;34m3->4  [0m[1;34m4->5  [0m[1;34m5->16  [0m[1;34m6->17  [0m[1;34m7->18  [0m[1;34m8->19  [0m[1;34m9->20  [0m[1;34m10->21  [0m[1;34m
[pthread wrapper] SKIP MASK: 0x0
[0m[1;34m	threadid 140180911511296 -> core 1 - OK[0m[1;34m
[0m[1;34m	threadid 140180903118592 -> core 2 - OK[0m[1;34m
[0m[1;34m	threadid 140180894725888 -> core 3 - OK[0m[1;34m
[0m[1;34m	threadid 140180886333184 -> core 4 - OK[0m[1;34m
[0m[1;34m	threadid 140180877940480 -> core 5 - OK[0m[1;34m
[0m[1;34m	threadid 140180869547776 -> core 16 - OK[0m[1;34m
[0m[1;34m	threadid 140180861155072 -> core 17 - OK[0m[1;34m
[0m[1;34m	threadid 140180852762368 -> core 18 - OK[0m[1;34m
[0m[1;34m	threadid 140180844369664 -> core 19 - OK[0m[1;34m
[0m[1;34m	threadid 140180835976960 -> core 20 - OK[0m[1;34m
[0m[1;34m	threadid 140180827584256 -> core 21 - OK[0m[1;34m
[0mFLOPs in stencil code:      1.612620e+09
Time spent in stencil code: 0.081484
Performance in GFlop/s:     19.790614
[1;34m[pthread wrapper] 
[0m[1;34m[pthread wrapper] MAIN -> 0
[0m[1;34m[pthread wrapper] PIN_MASK: [0m[1;34m0->1  [0m[1;34m1->2  [0m[1;34m2->3  [0m[1;34m3->4  [0m[1;34m4->5  [0m[1;34m5->16  [0m[1;34m6->17  [0m[1;34m7->18  [0m[1;34m8->19  [0m[1;34m9->20  [0m[1;34m10->21  [0m[1;34m
[pthread wrapper] SKIP MASK: 0x0
[0m[1;34m	threadid 140421337241344 -> core 1 - OK[0m[1;34m
[0m[1;34m	threadid 140421328848640 -> core 2 - OK[0m[1;34m
[0m[1;34m	threadid 140421320455936 -> core 3 - OK[0m[1;34m
[0m[1;34m	threadid 140421312063232 -> core 4 - OK[0m[1;34m
[0m[1;34m	threadid 140421303670528 -> core 5 - OK[0m[1;34m
[0m[1;34m	threadid 140421295277824 -> core 16 - OK[0m[1;34m
[0m[1;34m	threadid 140421286885120 -> core 17 - OK[0m[1;34m
[0m[1;34m	threadid 140421278492416 -> core 18 - OK[0m[1;34m
[0m[1;34m	threadid 140421270099712 -> core 19 - OK[0m[1;34m
[0m[1;34m	threadid 140421261707008 -> core 20 - OK[0m[1;34m
[0m[1;34m	threadid 140421253314304 -> core 21 - OK[0m[1;34m
[0mFLOPs in stencil code:      1.612620e+09
Time spent in stencil code: 0.081076
Performance in GFlop/s:     19.890191
[1;34m[pthread wrapper] 
[0m[1;34m[pthread wrapper] MAIN -> 0
[0m[1;34m[pthread wrapper] PIN_MASK: [0m[1;34m0->1  [0m[1;34m1->2  [0m[1;34m2->3  [0m[1;34m3->4  [0m[1;34m4->5  [0m[1;34m5->16  [0m[1;34m6->17  [0m[1;34m7->18  [0m[1;34m8->19  [0m[1;34m9->20  [0m[1;34m10->21  [0m[1;34m
[pthread wrapper] SKIP MASK: 0x0
[0m[1;34m	threadid 140068665546496 -> core 1 - OK[0m[1;34m
[0m[1;34m	threadid 140068657153792 -> core 2 - OK[0m[1;34m
[0m[1;34m	threadid 140068648761088 -> core 3 - OK[0m[1;34m
[0m[1;34m	threadid 140068640368384 -> core 4 - OK[0m[1;34m
[0m[1;34m	threadid 140068631975680 -> core 5 - OK[0m[1;34m
[0m[1;34m	threadid 140068623582976 -> core 16 - OK[0m[1;34m
[0m[1;34m	threadid 140068615190272 -> core 17 - OK[0m[1;34m
[0m[1;34m	threadid 140068606797568 -> core 18 - OK[0m[1;34m
[0m[1;34m	threadid 140068598404864 -> core 19 - OK[0m[1;34m
[0m[1;34m	threadid 140068590012160 -> core 20 - OK[0m[1;34m
[0m[1;34m	threadid 140068581619456 -> core 21 - OK[0m[1;34m
[0mFLOPs in stencil code:      1.612620e+09
Time spent in stencil code: 0.081690
Performance in GFlop/s:     19.740709
