[1;34m[pthread wrapper] 
[0m[1;34m[pthread wrapper] MAIN -> 0
[0m[1;34m[pthread wrapper] PIN_MASK: [0m[1;34m0->1  [0m[1;34m1->2  [0m[1;34m2->3  [0m[1;34m3->4  [0m[1;34m4->5  [0m[1;34m5->6  [0m[1;34m6->7  [0m[1;34m7->8  [0m[1;34m8->9  [0m[1;34m9->10  [0m[1;34m10->11  [0m[1;34m11->16  [0m[1;34m12->17  [0m[1;34m13->18  [0m[1;34m14->19  [0m[1;34m15->20  [0m[1;34m16->21  [0m[1;34m17->22  [0m[1;34m18->23  [0m[1;34m19->24  [0m[1;34m20->25  [0m[1;34m21->26  [0m[1;34m22->27  [0m[1;34m
[pthread wrapper] SKIP MASK: 0x0
[0m[1;34m	threadid 140151602599680 -> core 1 - OK[0m[1;34m
[0m[1;34m	threadid 140151594206976 -> core 2 - OK[0m[1;34m
[0m[1;34m	threadid 140151585814272 -> core 3 - OK[0m[1;34m
[0m[1;34m	threadid 140151577421568 -> core 4 - OK[0m[1;34m
[0m[1;34m	threadid 140151569028864 -> core 5 - OK[0m[1;34m
[0m[1;34m	threadid 140151560636160 -> core 6 - OK[0m[1;34m
[0m[1;34m	threadid 140151552243456 -> core 7 - OK[0m[1;34m
[0m[1;34m	threadid 140151543850752 -> core 8 - OK[0m[1;34m
[0m[1;34m	threadid 140151535458048 -> core 9 - OK[0m[1;34m
[0m[1;34m	threadid 140151527065344 -> core 10 - OK[0m[1;34m
[0m[1;34m	threadid 140151518672640 -> core 11 - OK[0m[1;34m
[0m[1;34m	threadid 140151510279936 -> core 16 - OK[0m[1;34m
[0m[1;34m	threadid 140151501887232 -> core 17 - OK[0m[1;34m
[0m[1;34m	threadid 140151493494528 -> core 18 - OK[0m[1;34m
[0m[1;34m	threadid 140151485101824 -> core 19 - OK[0m[1;34m
[0m[1;34m	threadid 140151476709120 -> core 20 - OK[0m[1;34m
[0m[1;34m	threadid 140151468316416 -> core 21 - OK[0m[1;34m
[0m[1;34m	threadid 140151459923712 -> core 22 - OK[0m[1;34m
[0m[1;34m	threadid 140151451531008 -> core 23 - OK[0m[1;34m
[0m[1;34m	threadid 140151443138304 -> core 24 - OK[0m[1;34m
[0m[1;34m	threadid 140151434745600 -> core 25 - OK[0m[1;34m
[0m[1;34m	threadid 140151426352896 -> core 26 - OK[0m[1;34m
[0m[1;34m	threadid 140151417960192 -> core 27 - OK[0m[1;34m
[0mFLOPs in stencil code:      1.612620e+09
Time spent in stencil code: 0.051675
Performance in GFlop/s:     31.206918
[1;34m[pthread wrapper] 
[0m[1;34m[pthread wrapper] MAIN -> 0
[0m[1;34m[pthread wrapper] PIN_MASK: [0m[1;34m0->1  [0m[1;34m1->2  [0m[1;34m2->3  [0m[1;34m3->4  [0m[1;34m4->5  [0m[1;34m5->6  [0m[1;34m6->7  [0m[1;34m7->8  [0m[1;34m8->9  [0m[1;34m9->10  [0m[1;34m10->11  [0m[1;34m11->16  [0m[1;34m12->17  [0m[1;34m13->18  [0m[1;34m14->19  [0m[1;34m15->20  [0m[1;34m16->21  [0m[1;34m17->22  [0m[1;34m18->23  [0m[1;34m19->24  [0m[1;34m20->25  [0m[1;34m21->26  [0m[1;34m22->27  [0m[1;34m
[pthread wrapper] SKIP MASK: 0x0
[0m[1;34m	threadid 139810073171712 -> core 1 - OK[0m[1;34m
[0m[1;34m	threadid 139810064779008 -> core 2 - OK[0m[1;34m
[0m[1;34m	threadid 139810056386304 -> core 3 - OK[0m[1;34m
[0m[1;34m	threadid 139810047993600 -> core 4 - OK[0m[1;34m
[0m[1;34m	threadid 139810039600896 -> core 5 - OK[0m[1;34m
[0m[1;34m	threadid 139810031208192 -> core 6 - OK[0m[1;34m
[0m[1;34m	threadid 139810022815488 -> core 7 - OK[0m[1;34m
[0m[1;34m	threadid 139810014422784 -> core 8 - OK[0m[1;34m
[0m[1;34m	threadid 139810006030080 -> core 9 - OK[0m[1;34m
[0m[1;34m	threadid 139809997637376 -> core 10 - OK[0m[1;34m
[0m[1;34m	threadid 139809989244672 -> core 11 - OK[0m[1;34m
[0m[1;34m	threadid 139809980851968 -> core 16 - OK[0m[1;34m
[0m[1;34m	threadid 139809972459264 -> core 17 - OK[0m[1;34m
[0m[1;34m	threadid 139809964066560 -> core 18 - OK[0m[1;34m
[0m[1;34m	threadid 139809955673856 -> core 19 - OK[0m[1;34m
[0m[1;34m	threadid 139809947281152 -> core 20 - OK[0m[1;34m
[0m[1;34m	threadid 139809938888448 -> core 21 - OK[0m[1;34m
[0m[1;34m	threadid 139809930495744 -> core 22 - OK[0m[1;34m
[0m[1;34m	threadid 139809922103040 -> core 23 - OK[0m[1;34m
[0m[1;34m	threadid 139809913710336 -> core 24 - OK[0m[1;34m
[0m[1;34m	threadid 139809905317632 -> core 25 - OK[0m[1;34m
[0m[1;34m	threadid 139809896924928 -> core 26 - OK[0m[1;34m
[0m[1;34m	threadid 139809888532224 -> core 27 - OK[0m[1;34m
[0mFLOPs in stencil code:      1.612620e+09
Time spent in stencil code: 0.052253
Performance in GFlop/s:     30.861764
[1;34m[pthread wrapper] 
[0m[1;34m[pthread wrapper] MAIN -> 0
[0m[1;34m[pthread wrapper] PIN_MASK: [0m[1;34m0->1  [0m[1;34m1->2  [0m[1;34m2->3  [0m[1;34m3->4  [0m[1;34m4->5  [0m[1;34m5->6  [0m[1;34m6->7  [0m[1;34m7->8  [0m[1;34m8->9  [0m[1;34m9->10  [0m[1;34m10->11  [0m[1;34m11->16  [0m[1;34m12->17  [0m[1;34m13->18  [0m[1;34m14->19  [0m[1;34m15->20  [0m[1;34m16->21  [0m[1;34m17->22  [0m[1;34m18->23  [0m[1;34m19->24  [0m[1;34m20->25  [0m[1;34m21->26  [0m[1;34m22->27  [0m[1;34m
[pthread wrapper] SKIP MASK: 0x0
[0m[1;34m	threadid 139816943802112 -> core 1 - OK[0m[1;34m
[0m[1;34m	threadid 139816935409408 -> core 2 - OK[0m[1;34m
[0m[1;34m	threadid 139816927016704 -> core 3 - OK[0m[1;34m
[0m[1;34m	threadid 139816918624000 -> core 4 - OK[0m[1;34m
[0m[1;34m	threadid 139816910231296 -> core 5 - OK[0m[1;34m
[0m[1;34m	threadid 139816901838592 -> core 6 - OK[0m[1;34m
[0m[1;34m	threadid 139816893445888 -> core 7 - OK[0m[1;34m
[0m[1;34m	threadid 139816885053184 -> core 8 - OK[0m[1;34m
[0m[1;34m	threadid 139816876660480 -> core 9 - OK[0m[1;34m
[0m[1;34m	threadid 139816868267776 -> core 10 - OK[0m[1;34m
[0m[1;34m	threadid 139816859875072 -> core 11 - OK[0m[1;34m
[0m[1;34m	threadid 139816851482368 -> core 16 - OK[0m[1;34m
[0m[1;34m	threadid 139816843089664 -> core 17 - OK[0m[1;34m
[0m[1;34m	threadid 139816834696960 -> core 18 - OK[0m[1;34m
[0m[1;34m	threadid 139816826304256 -> core 19 - OK[0m[1;34m
[0m[1;34m	threadid 139816817911552 -> core 20 - OK[0m[1;34m
[0m[1;34m	threadid 139816809518848 -> core 21 - OK[0m[1;34m
[0m[1;34m	threadid 139816801126144 -> core 22 - OK[0m[1;34m
[0m[1;34m	threadid 139816792733440 -> core 23 - OK[0m[1;34m
[0m[1;34m	threadid 139816784340736 -> core 24 - OK[0m[1;34m
[0m[1;34m	threadid 139816775948032 -> core 25 - OK[0m[1;34m
[0m[1;34m	threadid 139816767555328 -> core 26 - OK[0m[1;34m
[0m[1;34m	threadid 139816759162624 -> core 27 - OK[0m[1;34m
[0mFLOPs in stencil code:      1.612620e+09
Time spent in stencil code: 0.052214
Performance in GFlop/s:     30.884875
[1;34m[pthread wrapper] 
[0m[1;34m[pthread wrapper] MAIN -> 0
[0m[1;34m[pthread wrapper] PIN_MASK: [0m[1;34m0->1  [0m[1;34m1->2  [0m[1;34m2->3  [0m[1;34m3->4  [0m[1;34m4->5  [0m[1;34m5->6  [0m[1;34m6->7  [0m[1;34m7->8  [0m[1;34m8->9  [0m[1;34m9->10  [0m[1;34m10->11  [0m[1;34m11->16  [0m[1;34m12->17  [0m[1;34m13->18  [0m[1;34m14->19  [0m[1;34m15->20  [0m[1;34m16->21  [0m[1;34m17->22  [0m[1;34m18->23  [0m[1;34m19->24  [0m[1;34m20->25  [0m[1;34m21->26  [0m[1;34m22->27  [0m[1;34m
[pthread wrapper] SKIP MASK: 0x0
[0m[1;34m	threadid 139899250333440 -> core 1 - OK[0m[1;34m
[0m[1;34m	threadid 139899241940736 -> core 2 - OK[0m[1;34m
[0m[1;34m	threadid 139899233548032 -> core 3 - OK[0m[1;34m
[0m[1;34m	threadid 139899225155328 -> core 4 - OK[0m[1;34m
[0m[1;34m	threadid 139899216762624 -> core 5 - OK[0m[1;34m
[0m[1;34m	threadid 139899208369920 -> core 6 - OK[0m[1;34m
[0m[1;34m	threadid 139899199977216 -> core 7 - OK[0m[1;34m
[0m[1;34m	threadid 139899191584512 -> core 8 - OK[0m[1;34m
[0m[1;34m	threadid 139899183191808 -> core 9 - OK[0m[1;34m
[0m[1;34m	threadid 139899174799104 -> core 10 - OK[0m[1;34m
[0m[1;34m	threadid 139899166406400 -> core 11 - OK[0m[1;34m
[0m[1;34m	threadid 139899158013696 -> core 16 - OK[0m[1;34m
[0m[1;34m	threadid 139899149620992 -> core 17 - OK[0m[1;34m
[0m[1;34m	threadid 139899141228288 -> core 18 - OK[0m[1;34m
[0m[1;34m	threadid 139899132835584 -> core 19 - OK[0m[1;34m
[0m[1;34m	threadid 139899124442880 -> core 20 - OK[0m[1;34m
[0m[1;34m	threadid 139899116050176 -> core 21 - OK[0m[1;34m
[0m[1;34m	threadid 139899107657472 -> core 22 - OK[0m[1;34m
[0m[1;34m	threadid 139899099264768 -> core 23 - OK[0m[1;34m
[0m[1;34m	threadid 139899090872064 -> core 24 - OK[0m[1;34m
[0m[1;34m	threadid 139899082479360 -> core 25 - OK[0m[1;34m
[0m[1;34m	threadid 139899074086656 -> core 26 - OK[0m[1;34m
[0m[1;34m	threadid 139899065693952 -> core 27 - OK[0m[1;34m
[0mFLOPs in stencil code:      1.612620e+09
Time spent in stencil code: 0.051632
Performance in GFlop/s:     31.233000
[1;34m[pthread wrapper] 
[0m[1;34m[pthread wrapper] MAIN -> 0
[0m[1;34m[pthread wrapper] PIN_MASK: [0m[1;34m0->1  [0m[1;34m1->2  [0m[1;34m2->3  [0m[1;34m3->4  [0m[1;34m4->5  [0m[1;34m5->6  [0m[1;34m6->7  [0m[1;34m7->8  [0m[1;34m8->9  [0m[1;34m9->10  [0m[1;34m10->11  [0m[1;34m11->16  [0m[1;34m12->17  [0m[1;34m13->18  [0m[1;34m14->19  [0m[1;34m15->20  [0m[1;34m16->21  [0m[1;34m17->22  [0m[1;34m18->23  [0m[1;34m19->24  [0m[1;34m20->25  [0m[1;34m21->26  [0m[1;34m22->27  [0m[1;34m
[pthread wrapper] SKIP MASK: 0x0
[0m[1;34m	threadid 140250155374336 -> core 1 - OK[0m[1;34m
[0m[1;34m	threadid 140250146981632 -> core 2 - OK[0m[1;34m
[0m[1;34m	threadid 140250138588928 -> core 3 - OK[0m[1;34m
[0m[1;34m	threadid 140250130196224 -> core 4 - OK[0m[1;34m
[0m[1;34m	threadid 140250121803520 -> core 5 - OK[0m[1;34m
[0m[1;34m	threadid 140250113410816 -> core 6 - OK[0m[1;34m
[0m[1;34m	threadid 140250105018112 -> core 7 - OK[0m[1;34m
[0m[1;34m	threadid 140250096625408 -> core 8 - OK[0m[1;34m
[0m[1;34m	threadid 140250088232704 -> core 9 - OK[0m[1;34m
[0m[1;34m	threadid 140250079840000 -> core 10 - OK[0m[1;34m
[0m[1;34m	threadid 140250071447296 -> core 11 - OK[0m[1;34m
[0m[1;34m	threadid 140250063054592 -> core 16 - OK[0m[1;34m
[0m[1;34m	threadid 140250054661888 -> core 17 - OK[0m[1;34m
[0m[1;34m	threadid 140250046269184 -> core 18 - OK[0m[1;34m
[0m[1;34m	threadid 140250037876480 -> core 19 - OK[0m[1;34m
[0m[1;34m	threadid 140250029483776 -> core 20 - OK[0m[1;34m
[0m[1;34m	threadid 140250021091072 -> core 21 - OK[0m[1;34m
[0m[1;34m	threadid 140250012698368 -> core 22 - OK[0m[1;34m
[0m[1;34m	threadid 140250004305664 -> core 23 - OK[0m[1;34m
[0m[1;34m	threadid 140249995912960 -> core 24 - OK[0m[1;34m
[0m[1;34m	threadid 140249987520256 -> core 25 - OK[0m[1;34m
[0m[1;34m	threadid 140249979127552 -> core 26 - OK[0m[1;34m
[0m[1;34m	threadid 140249970734848 -> core 27 - OK[0m[1;34m
[0mFLOPs in stencil code:      1.612620e+09
Time spent in stencil code: 0.051333
Performance in GFlop/s:     31.414910
