[1;34m[pthread wrapper] 
[0m[1;34m[pthread wrapper] MAIN -> 0
[0m[1;34m[pthread wrapper] PIN_MASK: [0m[1;34m0->1  [0m[1;34m1->2  [0m[1;34m2->3  [0m[1;34m3->4  [0m[1;34m4->5  [0m[1;34m5->6  [0m[1;34m6->7  [0m[1;34m7->8  [0m[1;34m8->9  [0m[1;34m9->10  [0m[1;34m10->11  [0m[1;34m11->12  [0m[1;34m12->13  [0m[1;34m13->14  [0m[1;34m14->15  [0m[1;34m
[pthread wrapper] SKIP MASK: 0x0
[0m[1;34m	threadid 140592359790336 -> core 1 - OK[0m[1;34m
[0m[1;34m	threadid 140592351397632 -> core 2 - OK[0m[1;34m
[0m[1;34m	threadid 140592343004928 -> core 3 - OK[0m[1;34m
[0m[1;34m	threadid 140592334612224 -> core 4 - OK[0m[1;34m
[0m[1;34m	threadid 140592326219520 -> core 5 - OK[0m[1;34m
[0m[1;34m	threadid 140592317826816 -> core 6 - OK[0m[1;34m
[0m[1;34m	threadid 140592309434112 -> core 7 - OK[0m[1;34m
[0m[1;34m	threadid 140592301041408 -> core 8 - OK[0m[1;34m
[0m[1;34m	threadid 140592292648704 -> core 9 - OK[0m[1;34m
[0m[1;34m	threadid 140592284256000 -> core 10 - OK[0m[1;34m
[0m[1;34m	threadid 140592275863296 -> core 11 - OK[0m[1;34m
[0m[1;34m	threadid 140592267470592 -> core 12 - OK[0m[1;34m
[0m[1;34m	threadid 140592259077888 -> core 13 - OK[0m[1;34m
[0m[1;34m	threadid 140592250685184 -> core 14 - OK[0m[1;34m
[0m[1;34m	threadid 140592242292480 -> core 15 - OK[0m[1;34m
[0mFLOPs in stencil code:      1.612620e+09
Time spent in stencil code: 0.069054
Performance in GFlop/s:     23.353066
[1;34m[pthread wrapper] 
[0m[1;34m[pthread wrapper] MAIN -> 0
[0m[1;34m[pthread wrapper] PIN_MASK: [0m[1;34m0->1  [0m[1;34m1->2  [0m[1;34m2->3  [0m[1;34m3->4  [0m[1;34m4->5  [0m[1;34m5->6  [0m[1;34m6->7  [0m[1;34m7->8  [0m[1;34m8->9  [0m[1;34m9->10  [0m[1;34m10->11  [0m[1;34m11->12  [0m[1;34m12->13  [0m[1;34m13->14  [0m[1;34m14->15  [0m[1;34m
[pthread wrapper] SKIP MASK: 0x0
[0m[1;34m	threadid 140650340210432 -> core 1 - OK[0m[1;34m
[0m[1;34m	threadid 140650331817728 -> core 2 - OK[0m[1;34m
[0m[1;34m	threadid 140650323425024 -> core 3 - OK[0m[1;34m
[0m[1;34m	threadid 140650315032320 -> core 4 - OK[0m[1;34m
[0m[1;34m	threadid 140650306639616 -> core 5 - OK[0m[1;34m
[0m[1;34m	threadid 140650298246912 -> core 6 - OK[0m[1;34m
[0m[1;34m	threadid 140650289854208 -> core 7 - OK[0m[1;34m
[0m[1;34m	threadid 140650281461504 -> core 8 - OK[0m[1;34m
[0m[1;34m	threadid 140650273068800 -> core 9 - OK[0m[1;34m
[0m[1;34m	threadid 140650264676096 -> core 10 - OK[0m[1;34m
[0m[1;34m	threadid 140650256283392 -> core 11 - OK[0m[1;34m
[0m[1;34m	threadid 140650247890688 -> core 12 - OK[0m[1;34m
[0m[1;34m	threadid 140650239497984 -> core 13 - OK[0m[1;34m
[0m[1;34m	threadid 140650231105280 -> core 14 - OK[0m[1;34m
[0m[1;34m	threadid 140650222712576 -> core 15 - OK[0m[1;34m
[0mFLOPs in stencil code:      1.612620e+09
Time spent in stencil code: 0.069044
Performance in GFlop/s:     23.356372
[1;34m[pthread wrapper] 
[0m[1;34m[pthread wrapper] MAIN -> 0
[0m[1;34m[pthread wrapper] PIN_MASK: [0m[1;34m0->1  [0m[1;34m1->2  [0m[1;34m2->3  [0m[1;34m3->4  [0m[1;34m4->5  [0m[1;34m5->6  [0m[1;34m6->7  [0m[1;34m7->8  [0m[1;34m8->9  [0m[1;34m9->10  [0m[1;34m10->11  [0m[1;34m11->12  [0m[1;34m12->13  [0m[1;34m13->14  [0m[1;34m14->15  [0m[1;34m
[pthread wrapper] SKIP MASK: 0x0
[0m[1;34m	threadid 139797907986176 -> core 1 - OK[0m[1;34m
[0m[1;34m	threadid 139797899593472 -> core 2 - OK[0m[1;34m
[0m[1;34m	threadid 139797891200768 -> core 3 - OK[0m[1;34m
[0m[1;34m	threadid 139797882808064 -> core 4 - OK[0m[1;34m
[0m[1;34m	threadid 139797874415360 -> core 5 - OK[0m[1;34m
[0m[1;34m	threadid 139797866022656 -> core 6 - OK[0m[1;34m
[0m[1;34m	threadid 139797857629952 -> core 7 - OK[0m[1;34m
[0m[1;34m	threadid 139797849237248 -> core 8 - OK[0m[1;34m
[0m[1;34m	threadid 139797840844544 -> core 9 - OK[0m[1;34m
[0m[1;34m	threadid 139797832451840 -> core 10 - OK[0m[1;34m
[0m[1;34m	threadid 139797824059136 -> core 11 - OK[0m[1;34m
[0m[1;34m	threadid 139797815666432 -> core 12 - OK[0m[1;34m
[0m[1;34m	threadid 139797807273728 -> core 13 - OK[0m[1;34m
[0m[1;34m	threadid 139797798881024 -> core 14 - OK[0m[1;34m
[0m[1;34m	threadid 139797790488320 -> core 15 - OK[0m[1;34m
[0mFLOPs in stencil code:      1.612620e+09
Time spent in stencil code: 0.069329
Performance in GFlop/s:     23.260468
[1;34m[pthread wrapper] 
[0m[1;34m[pthread wrapper] MAIN -> 0
[0m[1;34m[pthread wrapper] PIN_MASK: [0m[1;34m0->1  [0m[1;34m1->2  [0m[1;34m2->3  [0m[1;34m3->4  [0m[1;34m4->5  [0m[1;34m5->6  [0m[1;34m6->7  [0m[1;34m7->8  [0m[1;34m8->9  [0m[1;34m9->10  [0m[1;34m10->11  [0m[1;34m11->12  [0m[1;34m12->13  [0m[1;34m13->14  [0m[1;34m14->15  [0m[1;34m
[pthread wrapper] SKIP MASK: 0x0
[0m[1;34m	threadid 139926428047104 -> core 1 - OK[0m[1;34m
[0m[1;34m	threadid 139926419654400 -> core 2 - OK[0m[1;34m
[0m[1;34m	threadid 139926411261696 -> core 3 - OK[0m[1;34m
[0m[1;34m	threadid 139926402868992 -> core 4 - OK[0m[1;34m
[0m[1;34m	threadid 139926394476288 -> core 5 - OK[0m[1;34m
[0m[1;34m	threadid 139926386083584 -> core 6 - OK[0m[1;34m
[0m[1;34m	threadid 139926377690880 -> core 7 - OK[0m[1;34m
[0m[1;34m	threadid 139926369298176 -> core 8 - OK[0m[1;34m
[0m[1;34m	threadid 139926360905472 -> core 9 - OK[0m[1;34m
[0m[1;34m	threadid 139926352512768 -> core 10 - OK[0m[1;34m
[0m[1;34m	threadid 139926344120064 -> core 11 - OK[0m[1;34m
[0m[1;34m	threadid 139926335727360 -> core 12 - OK[0m[1;34m
[0m[1;34m	threadid 139926327334656 -> core 13 - OK[0m[1;34m
[0m[1;34m	threadid 139926318941952 -> core 14 - OK[0m[1;34m
[0m[1;34m	threadid 139926310549248 -> core 15 - OK[0m[1;34m
[0mFLOPs in stencil code:      1.612620e+09
Time spent in stencil code: 0.068643
Performance in GFlop/s:     23.492822
[1;34m[pthread wrapper] 
[0m[1;34m[pthread wrapper] MAIN -> 0
[0m[1;34m[pthread wrapper] PIN_MASK: [0m[1;34m0->1  [0m[1;34m1->2  [0m[1;34m2->3  [0m[1;34m3->4  [0m[1;34m4->5  [0m[1;34m5->6  [0m[1;34m6->7  [0m[1;34m7->8  [0m[1;34m8->9  [0m[1;34m9->10  [0m[1;34m10->11  [0m[1;34m11->12  [0m[1;34m12->13  [0m[1;34m13->14  [0m[1;34m14->15  [0m[1;34m
[pthread wrapper] SKIP MASK: 0x0
[0m[1;34m	threadid 140387184695040 -> core 1 - OK[0m[1;34m
[0m[1;34m	threadid 140387176302336 -> core 2 - OK[0m[1;34m
[0m[1;34m	threadid 140387167909632 -> core 3 - OK[0m[1;34m
[0m[1;34m	threadid 140387159516928 -> core 4 - OK[0m[1;34m
[0m[1;34m	threadid 140387151124224 -> core 5 - OK[0m[1;34m
[0m[1;34m	threadid 140387142731520 -> core 6 - OK[0m[1;34m
[0m[1;34m	threadid 140387134338816 -> core 7 - OK[0m[1;34m
[0m[1;34m	threadid 140387125946112 -> core 8 - OK[0m[1;34m
[0m[1;34m	threadid 140387117553408 -> core 9 - OK[0m[1;34m
[0m[1;34m	threadid 140387109160704 -> core 10 - OK[0m[1;34m
[0m[1;34m	threadid 140387100768000 -> core 11 - OK[0m[1;34m
[0m[1;34m	threadid 140387092375296 -> core 12 - OK[0m[1;34m
[0m[1;34m	threadid 140387083982592 -> core 13 - OK[0m[1;34m
[0m[1;34m	threadid 140387075589888 -> core 14 - OK[0m[1;34m
[0m[1;34m	threadid 140387067197184 -> core 15 - OK[0m[1;34m
[0mFLOPs in stencil code:      1.612620e+09
Time spent in stencil code: 0.069173
Performance in GFlop/s:     23.312820
