[1;34m[pthread wrapper] 
[0m[1;34m[pthread wrapper] MAIN -> 0
[0m[1;34m[pthread wrapper] PIN_MASK: [0m[1;34m0->1  [0m[1;34m1->2  [0m[1;34m2->3  [0m[1;34m3->4  [0m[1;34m4->5  [0m[1;34m5->6  [0m[1;34m6->7  [0m[1;34m7->8  [0m[1;34m8->9  [0m[1;34m9->10  [0m[1;34m10->11  [0m[1;34m11->12  [0m[1;34m12->13  [0m[1;34m13->14  [0m[1;34m14->15  [0m[1;34m15->16  [0m[1;34m16->17  [0m[1;34m17->18  [0m[1;34m18->19  [0m[1;34m19->20  [0m[1;34m20->21  [0m[1;34m21->22  [0m[1;34m22->23  [0m[1;34m23->24  [0m[1;34m24->25  [0m[1;34m25->26  [0m[1;34m26->27  [0m[1;34m27->28  [0m[1;34m28->29  [0m[1;34m29->30  [0m[1;34m30->31  [0m[1;34m
[pthread wrapper] SKIP MASK: 0x0
[0m[1;34m	threadid 139630238783232 -> core 1 - OK[0m[1;34m
[0m[1;34m	threadid 139630230390528 -> core 2 - OK[0m[1;34m
[0m[1;34m	threadid 139630221997824 -> core 3 - OK[0m[1;34m
[0m[1;34m	threadid 139630213605120 -> core 4 - OK[0m[1;34m
[0m[1;34m	threadid 139630205212416 -> core 5 - OK[0m[1;34m
[0m[1;34m	threadid 139630196819712 -> core 6 - OK[0m[1;34m
[0m[1;34m	threadid 139630188427008 -> core 7 - OK[0m[1;34m
[0m[1;34m	threadid 139630180034304 -> core 8 - OK[0m[1;34m
[0m[1;34m	threadid 139630171641600 -> core 9 - OK[0m[1;34m
[0m[1;34m	threadid 139630163248896 -> core 10 - OK[0m[1;34m
[0m[1;34m	threadid 139630154856192 -> core 11 - OK[0m[1;34m
[0m[1;34m	threadid 139630146463488 -> core 12 - OK[0m[1;34m
[0m[1;34m	threadid 139630138070784 -> core 13 - OK[0m[1;34m
[0m[1;34m	threadid 139630129678080 -> core 14 - OK[0m[1;34m
[0m[1;34m	threadid 139630121285376 -> core 15 - OK[0m[1;34m
[0m[1;34m	threadid 139630112892672 -> core 16 - OK[0m[1;34m
[0m[1;34m	threadid 139630104499968 -> core 17 - OK[0m[1;34m
[0m[1;34m	threadid 139630096107264 -> core 18 - OK[0m[1;34m
[0m[1;34m	threadid 139630087714560 -> core 19 - OK[0m[1;34m
[0m[1;34m	threadid 139630079321856 -> core 20 - OK[0m[1;34m
[0m[1;34m	threadid 139630070929152 -> core 21 - OK[0m[1;34m
[0m[1;34m	threadid 139630062536448 -> core 22 - OK[0m[1;34m
[0m[1;34m	threadid 139630054143744 -> core 23 - OK[0m[1;34m
[0m[1;34m	threadid 139630045751040 -> core 24 - OK[0m[1;34m
[0m[1;34m	threadid 139630037358336 -> core 25 - OK[0m[1;34m
[0m[1;34m	threadid 139630028965632 -> core 26 - OK[0m[1;34m
[0m[1;34m	threadid 139630020572928 -> core 27 - OK[0m[1;34m
[0m[1;34m	threadid 139630012180224 -> core 28 - OK[0m[1;34m
[0m[1;34m	threadid 139630003787520 -> core 29 - OK[0m[1;34m
[0m[1;34m	threadid 139629995394816 -> core 30 - OK[0m[1;34m
[0m[1;34m	threadid 139629987002112 -> core 31 - OK[0m[1;34m
[0mFLOPs in stencil code:      1.612620e+09
Time spent in stencil code: 0.038063
Performance in GFlop/s:     42.367073
[1;34m[pthread wrapper] 
[0m[1;34m[pthread wrapper] MAIN -> 0
[0m[1;34m[pthread wrapper] PIN_MASK: [0m[1;34m0->1  [0m[1;34m1->2  [0m[1;34m2->3  [0m[1;34m3->4  [0m[1;34m4->5  [0m[1;34m5->6  [0m[1;34m6->7  [0m[1;34m7->8  [0m[1;34m8->9  [0m[1;34m9->10  [0m[1;34m10->11  [0m[1;34m11->12  [0m[1;34m12->13  [0m[1;34m13->14  [0m[1;34m14->15  [0m[1;34m15->16  [0m[1;34m16->17  [0m[1;34m17->18  [0m[1;34m18->19  [0m[1;34m19->20  [0m[1;34m20->21  [0m[1;34m21->22  [0m[1;34m22->23  [0m[1;34m23->24  [0m[1;34m24->25  [0m[1;34m25->26  [0m[1;34m26->27  [0m[1;34m27->28  [0m[1;34m28->29  [0m[1;34m29->30  [0m[1;34m30->31  [0m[1;34m
[pthread wrapper] SKIP MASK: 0x0
[0m[1;34m	threadid 140588761765632 -> core 1 - OK[0m[1;34m
[0m[1;34m	threadid 140588753372928 -> core 2 - OK[0m[1;34m
[0m[1;34m	threadid 140588744980224 -> core 3 - OK[0m[1;34m
[0m[1;34m	threadid 140588736587520 -> core 4 - OK[0m[1;34m
[0m[1;34m	threadid 140588728194816 -> core 5 - OK[0m[1;34m
[0m[1;34m	threadid 140588719802112 -> core 6 - OK[0m[1;34m
[0m[1;34m	threadid 140588711409408 -> core 7 - OK[0m[1;34m
[0m[1;34m	threadid 140588703016704 -> core 8 - OK[0m[1;34m
[0m[1;34m	threadid 140588694624000 -> core 9 - OK[0m[1;34m
[0m[1;34m	threadid 140588686231296 -> core 10 - OK[0m[1;34m
[0m[1;34m	threadid 140588677838592 -> core 11 - OK[0m[1;34m
[0m[1;34m	threadid 140588669445888 -> core 12 - OK[0m[1;34m
[0m[1;34m	threadid 140588661053184 -> core 13 - OK[0m[1;34m
[0m[1;34m	threadid 140588652660480 -> core 14 - OK[0m[1;34m
[0m[1;34m	threadid 140588644267776 -> core 15 - OK[0m[1;34m
[0m[1;34m	threadid 140588635875072 -> core 16 - OK[0m[1;34m
[0m[1;34m	threadid 140588627482368 -> core 17 - OK[0m[1;34m
[0m[1;34m	threadid 140588619089664 -> core 18 - OK[0m[1;34m
[0m[1;34m	threadid 140588610696960 -> core 19 - OK[0m[1;34m
[0m[1;34m	threadid 140588602304256 -> core 20 - OK[0m[1;34m
[0m[1;34m	threadid 140588593911552 -> core 21 - OK[0m[1;34m
[0m[1;34m	threadid 140588585518848 -> core 22 - OK[0m[1;34m
[0m[1;34m	threadid 140588577126144 -> core 23 - OK[0m[1;34m
[0m[1;34m	threadid 140588568733440 -> core 24 - OK[0m[1;34m
[0m[1;34m	threadid 140588560340736 -> core 25 - OK[0m[1;34m
[0m[1;34m	threadid 140588551948032 -> core 26 - OK[0m[1;34m
[0m[1;34m	threadid 140588543555328 -> core 27 - OK[0m[1;34m
[0m[1;34m	threadid 140588535162624 -> core 28 - OK[0m[1;34m
[0m[1;34m	threadid 140588526769920 -> core 29 - OK[0m[1;34m
[0m[1;34m	threadid 140588518377216 -> core 30 - OK[0m[1;34m
[0m[1;34m	threadid 140588509984512 -> core 31 - OK[0m[1;34m
[0mFLOPs in stencil code:      1.612620e+09
Time spent in stencil code: 0.038107
Performance in GFlop/s:     42.318300
[1;34m[pthread wrapper] 
[0m[1;34m[pthread wrapper] MAIN -> 0
[0m[1;34m[pthread wrapper] PIN_MASK: [0m[1;34m0->1  [0m[1;34m1->2  [0m[1;34m2->3  [0m[1;34m3->4  [0m[1;34m4->5  [0m[1;34m5->6  [0m[1;34m6->7  [0m[1;34m7->8  [0m[1;34m8->9  [0m[1;34m9->10  [0m[1;34m10->11  [0m[1;34m11->12  [0m[1;34m12->13  [0m[1;34m13->14  [0m[1;34m14->15  [0m[1;34m15->16  [0m[1;34m16->17  [0m[1;34m17->18  [0m[1;34m18->19  [0m[1;34m19->20  [0m[1;34m20->21  [0m[1;34m21->22  [0m[1;34m22->23  [0m[1;34m23->24  [0m[1;34m24->25  [0m[1;34m25->26  [0m[1;34m26->27  [0m[1;34m27->28  [0m[1;34m28->29  [0m[1;34m29->30  [0m[1;34m30->31  [0m[1;34m
[pthread wrapper] SKIP MASK: 0x0
[0m[1;34m	threadid 140439303214848 -> core 1 - OK[0m[1;34m
[0m[1;34m	threadid 140439294822144 -> core 2 - OK[0m[1;34m
[0m[1;34m	threadid 140439286429440 -> core 3 - OK[0m[1;34m
[0m[1;34m	threadid 140439278036736 -> core 4 - OK[0m[1;34m
[0m[1;34m	threadid 140439269644032 -> core 5 - OK[0m[1;34m
[0m[1;34m	threadid 140439261251328 -> core 6 - OK[0m[1;34m
[0m[1;34m	threadid 140439252858624 -> core 7 - OK[0m[1;34m
[0m[1;34m	threadid 140439244465920 -> core 8 - OK[0m[1;34m
[0m[1;34m	threadid 140439236073216 -> core 9 - OK[0m[1;34m
[0m[1;34m	threadid 140439227680512 -> core 10 - OK[0m[1;34m
[0m[1;34m	threadid 140439219287808 -> core 11 - OK[0m[1;34m
[0m[1;34m	threadid 140439210895104 -> core 12 - OK[0m[1;34m
[0m[1;34m	threadid 140439202502400 -> core 13 - OK[0m[1;34m
[0m[1;34m	threadid 140439194109696 -> core 14 - OK[0m[1;34m
[0m[1;34m	threadid 140439185716992 -> core 15 - OK[0m[1;34m
[0m[1;34m	threadid 140439177324288 -> core 16 - OK[0m[1;34m
[0m[1;34m	threadid 140439168931584 -> core 17 - OK[0m[1;34m
[0m[1;34m	threadid 140439160538880 -> core 18 - OK[0m[1;34m
[0m[1;34m	threadid 140439152146176 -> core 19 - OK[0m[1;34m
[0m[1;34m	threadid 140439143753472 -> core 20 - OK[0m[1;34m
[0m[1;34m	threadid 140439135360768 -> core 21 - OK[0m[1;34m
[0m[1;34m	threadid 140439126968064 -> core 22 - OK[0m[1;34m
[0m[1;34m	threadid 140439118575360 -> core 23 - OK[0m[1;34m
[0m[1;34m	threadid 140439110182656 -> core 24 - OK[0m[1;34m
[0m[1;34m	threadid 140439101789952 -> core 25 - OK[0m[1;34m
[0m[1;34m	threadid 140439093397248 -> core 26 - OK[0m[1;34m
[0m[1;34m	threadid 140439085004544 -> core 27 - OK[0m[1;34m
[0m[1;34m	threadid 140439076611840 -> core 28 - OK[0m[1;34m
[0m[1;34m	threadid 140439068219136 -> core 29 - OK[0m[1;34m
[0m[1;34m	threadid 140439059826432 -> core 30 - OK[0m[1;34m
[0m[1;34m	threadid 140439051433728 -> core 31 - OK[0m[1;34m
[0mFLOPs in stencil code:      1.612620e+09
Time spent in stencil code: 0.038349
Performance in GFlop/s:     42.050995
[1;34m[pthread wrapper] 
[0m[1;34m[pthread wrapper] MAIN -> 0
[0m[1;34m[pthread wrapper] PIN_MASK: [0m[1;34m0->1  [0m[1;34m1->2  [0m[1;34m2->3  [0m[1;34m3->4  [0m[1;34m4->5  [0m[1;34m5->6  [0m[1;34m6->7  [0m[1;34m7->8  [0m[1;34m8->9  [0m[1;34m9->10  [0m[1;34m10->11  [0m[1;34m11->12  [0m[1;34m12->13  [0m[1;34m13->14  [0m[1;34m14->15  [0m[1;34m15->16  [0m[1;34m16->17  [0m[1;34m17->18  [0m[1;34m18->19  [0m[1;34m19->20  [0m[1;34m20->21  [0m[1;34m21->22  [0m[1;34m22->23  [0m[1;34m23->24  [0m[1;34m24->25  [0m[1;34m25->26  [0m[1;34m26->27  [0m[1;34m27->28  [0m[1;34m28->29  [0m[1;34m29->30  [0m[1;34m30->31  [0m[1;34m
[pthread wrapper] SKIP MASK: 0x0
[0m[1;34m	threadid 140215203813120 -> core 1 - OK[0m[1;34m
[0m[1;34m	threadid 140215195420416 -> core 2 - OK[0m[1;34m
[0m[1;34m	threadid 140215187027712 -> core 3 - OK[0m[1;34m
[0m[1;34m	threadid 140215178635008 -> core 4 - OK[0m[1;34m
[0m[1;34m	threadid 140215170242304 -> core 5 - OK[0m[1;34m
[0m[1;34m	threadid 140215161849600 -> core 6 - OK[0m[1;34m
[0m[1;34m	threadid 140215153456896 -> core 7 - OK[0m[1;34m
[0m[1;34m	threadid 140215145064192 -> core 8 - OK[0m[1;34m
[0m[1;34m	threadid 140215136671488 -> core 9 - OK[0m[1;34m
[0m[1;34m	threadid 140215128278784 -> core 10 - OK[0m[1;34m
[0m[1;34m	threadid 140215119886080 -> core 11 - OK[0m[1;34m
[0m[1;34m	threadid 140215111493376 -> core 12 - OK[0m[1;34m
[0m[1;34m	threadid 140215103100672 -> core 13 - OK[0m[1;34m
[0m[1;34m	threadid 140215094707968 -> core 14 - OK[0m[1;34m
[0m[1;34m	threadid 140215086315264 -> core 15 - OK[0m[1;34m
[0m[1;34m	threadid 140215077922560 -> core 16 - OK[0m[1;34m
[0m[1;34m	threadid 140215069529856 -> core 17 - OK[0m[1;34m
[0m[1;34m	threadid 140215061137152 -> core 18 - OK[0m[1;34m
[0m[1;34m	threadid 140215052744448 -> core 19 - OK[0m[1;34m
[0m[1;34m	threadid 140215044351744 -> core 20 - OK[0m[1;34m
[0m[1;34m	threadid 140215035959040 -> core 21 - OK[0m[1;34m
[0m[1;34m	threadid 140215027566336 -> core 22 - OK[0m[1;34m
[0m[1;34m	threadid 140215019173632 -> core 23 - OK[0m[1;34m
[0m[1;34m	threadid 140215010780928 -> core 24 - OK[0m[1;34m
[0m[1;34m	threadid 140215002388224 -> core 25 - OK[0m[1;34m
[0m[1;34m	threadid 140214993995520 -> core 26 - OK[0m[1;34m
[0m[1;34m	threadid 140214985602816 -> core 27 - OK[0m[1;34m
[0m[1;34m	threadid 140214977210112 -> core 28 - OK[0m[1;34m
[0m[1;34m	threadid 140214968817408 -> core 29 - OK[0m[1;34m
[0m[1;34m	threadid 140214960424704 -> core 30 - OK[0m[1;34m
[0m[1;34m	threadid 140214952032000 -> core 31 - OK[0m[1;34m
[0mFLOPs in stencil code:      1.612620e+09
Time spent in stencil code: 0.038227
Performance in GFlop/s:     42.185540
[1;34m[pthread wrapper] 
[0m[1;34m[pthread wrapper] MAIN -> 0
[0m[1;34m[pthread wrapper] PIN_MASK: [0m[1;34m0->1  [0m[1;34m1->2  [0m[1;34m2->3  [0m[1;34m3->4  [0m[1;34m4->5  [0m[1;34m5->6  [0m[1;34m6->7  [0m[1;34m7->8  [0m[1;34m8->9  [0m[1;34m9->10  [0m[1;34m10->11  [0m[1;34m11->12  [0m[1;34m12->13  [0m[1;34m13->14  [0m[1;34m14->15  [0m[1;34m15->16  [0m[1;34m16->17  [0m[1;34m17->18  [0m[1;34m18->19  [0m[1;34m19->20  [0m[1;34m20->21  [0m[1;34m21->22  [0m[1;34m22->23  [0m[1;34m23->24  [0m[1;34m24->25  [0m[1;34m25->26  [0m[1;34m26->27  [0m[1;34m27->28  [0m[1;34m28->29  [0m[1;34m29->30  [0m[1;34m30->31  [0m[1;34m
[pthread wrapper] SKIP MASK: 0x0
[0m[1;34m	threadid 140145146091264 -> core 1 - OK[0m[1;34m
[0m[1;34m	threadid 140145137698560 -> core 2 - OK[0m[1;34m
[0m[1;34m	threadid 140145129305856 -> core 3 - OK[0m[1;34m
[0m[1;34m	threadid 140145120913152 -> core 4 - OK[0m[1;34m
[0m[1;34m	threadid 140145112520448 -> core 5 - OK[0m[1;34m
[0m[1;34m	threadid 140145104127744 -> core 6 - OK[0m[1;34m
[0m[1;34m	threadid 140145095735040 -> core 7 - OK[0m[1;34m
[0m[1;34m	threadid 140145087342336 -> core 8 - OK[0m[1;34m
[0m[1;34m	threadid 140145078949632 -> core 9 - OK[0m[1;34m
[0m[1;34m	threadid 140145070556928 -> core 10 - OK[0m[1;34m
[0m[1;34m	threadid 140145062164224 -> core 11 - OK[0m[1;34m
[0m[1;34m	threadid 140145053771520 -> core 12 - OK[0m[1;34m
[0m[1;34m	threadid 140145045378816 -> core 13 - OK[0m[1;34m
[0m[1;34m	threadid 140145036986112 -> core 14 - OK[0m[1;34m
[0m[1;34m	threadid 140145028593408 -> core 15 - OK[0m[1;34m
[0m[1;34m	threadid 140145020200704 -> core 16 - OK[0m[1;34m
[0m[1;34m	threadid 140145011808000 -> core 17 - OK[0m[1;34m
[0m[1;34m	threadid 140145003415296 -> core 18 - OK[0m[1;34m
[0m[1;34m	threadid 140144995022592 -> core 19 - OK[0m[1;34m
[0m[1;34m	threadid 140144986629888 -> core 20 - OK[0m[1;34m
[0m[1;34m	threadid 140144978237184 -> core 21 - OK[0m[1;34m
[0m[1;34m	threadid 140144969844480 -> core 22 - OK[0m[1;34m
[0m[1;34m	threadid 140144961451776 -> core 23 - OK[0m[1;34m
[0m[1;34m	threadid 140144953059072 -> core 24 - OK[0m[1;34m
[0m[1;34m	threadid 140144944666368 -> core 25 - OK[0m[1;34m
[0m[1;34m	threadid 140144936273664 -> core 26 - OK[0m[1;34m
[0m[1;34m	threadid 140144927880960 -> core 27 - OK[0m[1;34m
[0m[1;34m	threadid 140144919488256 -> core 28 - OK[0m[1;34m
[0m[1;34m	threadid 140144911095552 -> core 29 - OK[0m[1;34m
[0m[1;34m	threadid 140144902702848 -> core 30 - OK[0m[1;34m
[0m[1;34m	threadid 140144894310144 -> core 31 - OK[0m[1;34m
[0mFLOPs in stencil code:      1.612620e+09
Time spent in stencil code: 0.038639
Performance in GFlop/s:     41.735478
