[1;34m[pthread wrapper] 
[0m[1;34m[pthread wrapper] MAIN -> 0
[0m[1;34m[pthread wrapper] PIN_MASK: [0m[1;34m0->1  [0m[1;34m1->2  [0m[1;34m2->3  [0m[1;34m
[pthread wrapper] SKIP MASK: 0x0
[0m[1;34m	threadid 140578378077952 -> core 1 - OK[0m[1;34m
[0m[1;34m	threadid 140578369685248 -> core 2 - OK[0m[1;34m
[0m[1;34m	threadid 140578361292544 -> core 3 - OK[0m[1;34m
[0mFLOPs in stencil code:      1.612620e+09
Time spent in stencil code: 0.188601
Performance in GFlop/s:     8.550431
[1;34m[pthread wrapper] 
[0m[1;34m[pthread wrapper] MAIN -> 0
[0m[1;34m[pthread wrapper] PIN_MASK: [0m[1;34m0->1  [0m[1;34m1->2  [0m[1;34m2->3  [0m[1;34m
[pthread wrapper] SKIP MASK: 0x0
[0m[1;34m	threadid 140059819235072 -> core 1 - OK[0m[1;34m
[0m[1;34m	threadid 140059810842368 -> core 2 - OK[0m[1;34m
[0m[1;34m	threadid 140059802449664 -> core 3 - OK[0m[1;34m
[0mFLOPs in stencil code:      1.612620e+09
Time spent in stencil code: 0.188530
Performance in GFlop/s:     8.553653
[1;34m[pthread wrapper] 
[0m[1;34m[pthread wrapper] MAIN -> 0
[0m[1;34m[pthread wrapper] PIN_MASK: [0m[1;34m0->1  [0m[1;34m1->2  [0m[1;34m2->3  [0m[1;34m
[pthread wrapper] SKIP MASK: 0x0
[0m[1;34m	threadid 140624646428416 -> core 1 - OK[0m[1;34m
[0m[1;34m	threadid 140624638035712 -> core 2 - OK[0m[1;34m
[0m[1;34m	threadid 140624629643008 -> core 3 - OK[0m[1;34m
[0mFLOPs in stencil code:      1.612620e+09
Time spent in stencil code: 0.189332
Performance in GFlop/s:     8.517419
[1;34m[pthread wrapper] 
[0m[1;34m[pthread wrapper] MAIN -> 0
[0m[1;34m[pthread wrapper] PIN_MASK: [0m[1;34m0->1  [0m[1;34m1->2  [0m[1;34m2->3  [0m[1;34m
[pthread wrapper] SKIP MASK: 0x0
[0m[1;34m	threadid 140651396683520 -> core 1 - OK[0m[1;34m
[0m[1;34m	threadid 140651388290816 -> core 2 - OK[0m[1;34m
[0m[1;34m	threadid 140651379898112 -> core 3 - OK[0m[1;34m
[0mFLOPs in stencil code:      1.612620e+09
Time spent in stencil code: 0.189972
Performance in GFlop/s:     8.488717
[1;34m[pthread wrapper] 
[0m[1;34m[pthread wrapper] MAIN -> 0
[0m[1;34m[pthread wrapper] PIN_MASK: [0m[1;34m0->1  [0m[1;34m1->2  [0m[1;34m2->3  [0m[1;34m
[pthread wrapper] SKIP MASK: 0x0
[0m[1;34m	threadid 140007903811328 -> core 1 - OK[0m[1;34m
[0m[1;34m	threadid 140007895418624 -> core 2 - OK[0m[1;34m
[0m[1;34m	threadid 140007887025920 -> core 3 - OK[0m[1;34m
[0mFLOPs in stencil code:      1.612620e+09
Time spent in stencil code: 0.188493
Performance in GFlop/s:     8.555330
