[1;34m[pthread wrapper] 
[0m[1;34m[pthread wrapper] MAIN -> 0
[0m[1;34m[pthread wrapper] PIN_MASK: [0m[1;34m0->1  [0m[1;34m1->2  [0m[1;34m2->3  [0m[1;34m3->4  [0m[1;34m4->5  [0m[1;34m5->6  [0m[1;34m6->7  [0m[1;34m7->8  [0m[1;34m8->9  [0m[1;34m9->10  [0m[1;34m10->11  [0m[1;34m11->12  [0m[1;34m12->13  [0m[1;34m13->14  [0m[1;34m14->15  [0m[1;34m15->16  [0m[1;34m16->17  [0m[1;34m17->18  [0m[1;34m18->19  [0m[1;34m19->20  [0m[1;34m20->21  [0m[1;34m21->22  [0m[1;34m22->23  [0m[1;34m23->24  [0m[1;34m24->25  [0m[1;34m25->26  [0m[1;34m26->27  [0m[1;34m27->28  [0m[1;34m28->29  [0m[1;34m29->30  [0m[1;34m30->31  [0m[1;34m
[pthread wrapper] SKIP MASK: 0x0
[0m[1;34m	threadid 140573296678656 -> core 1 - OK[0m[1;34m
[0m[1;34m	threadid 140573288285952 -> core 2 - OK[0m[1;34m
[0m[1;34m	threadid 140573279893248 -> core 3 - OK[0m[1;34m
[0m[1;34m	threadid 140573271500544 -> core 4 - OK[0m[1;34m
[0m[1;34m	threadid 140573263107840 -> core 5 - OK[0m[1;34m
[0m[1;34m	threadid 140573254715136 -> core 6 - OK[0m[1;34m
[0m[1;34m	threadid 140573246322432 -> core 7 - OK[0m[1;34m
[0m[1;34m	threadid 140573237929728 -> core 8 - OK[0m[1;34m
[0m[1;34m	threadid 140573229537024 -> core 9 - OK[0m[1;34m
[0m[1;34m	threadid 140573221144320 -> core 10 - OK[0m[1;34m
[0m[1;34m	threadid 140573212751616 -> core 11 - OK[0m[1;34m
[0m[1;34m	threadid 140573204358912 -> core 12 - OK[0m[1;34m
[0m[1;34m	threadid 140573195966208 -> core 13 - OK[0m[1;34m
[0m[1;34m	threadid 140573187573504 -> core 14 - OK[0m[1;34m
[0m[1;34m	threadid 140573179180800 -> core 15 - OK[0m[1;34m
[0m[1;34m	threadid 140573170788096 -> core 16 - OK[0m[1;34m
[0m[1;34m	threadid 140573162395392 -> core 17 - OK[0m[1;34m
[0m[1;34m	threadid 140573154002688 -> core 18 - OK[0m[1;34m
[0m[1;34m	threadid 140573145609984 -> core 19 - OK[0m[1;34m
[0m[1;34m	threadid 140573137217280 -> core 20 - OK[0m[1;34m
[0m[1;34m	threadid 140573128824576 -> core 21 - OK[0m[1;34m
[0m[1;34m	threadid 140573120431872 -> core 22 - OK[0m[1;34m
[0m[1;34m	threadid 140573112039168 -> core 23 - OK[0m[1;34m
[0m[1;34m	threadid 140573103646464 -> core 24 - OK[0m[1;34m
[0m[1;34m	threadid 140573095253760 -> core 25 - OK[0m[1;34m
[0m[1;34m	threadid 140573086861056 -> core 26 - OK[0m[1;34m
[0m[1;34m	threadid 140573078468352 -> core 27 - OK[0m[1;34m
[0m[1;34m	threadid 140573070075648 -> core 28 - OK[0m[1;34m
[0m[1;34m	threadid 140573061682944 -> core 29 - OK[0m[1;34m
[0m[1;34m	threadid 140573053290240 -> core 30 - OK[0m[1;34m
[0m[1;34m	threadid 140573044897536 -> core 31 - OK[0m[1;34m
[0mFLOPs in stencil code:      1.612620e+09
Time spent in stencil code: 0.037966
Performance in GFlop/s:     42.475358
[1;34m[pthread wrapper] 
[0m[1;34m[pthread wrapper] MAIN -> 0
[0m[1;34m[pthread wrapper] PIN_MASK: [0m[1;34m0->1  [0m[1;34m1->2  [0m[1;34m2->3  [0m[1;34m3->4  [0m[1;34m4->5  [0m[1;34m5->6  [0m[1;34m6->7  [0m[1;34m7->8  [0m[1;34m8->9  [0m[1;34m9->10  [0m[1;34m10->11  [0m[1;34m11->12  [0m[1;34m12->13  [0m[1;34m13->14  [0m[1;34m14->15  [0m[1;34m15->16  [0m[1;34m16->17  [0m[1;34m17->18  [0m[1;34m18->19  [0m[1;34m19->20  [0m[1;34m20->21  [0m[1;34m21->22  [0m[1;34m22->23  [0m[1;34m23->24  [0m[1;34m24->25  [0m[1;34m25->26  [0m[1;34m26->27  [0m[1;34m27->28  [0m[1;34m28->29  [0m[1;34m29->30  [0m[1;34m30->31  [0m[1;34m
[pthread wrapper] SKIP MASK: 0x0
[0m[1;34m	threadid 140190811969280 -> core 1 - OK[0m[1;34m
[0m[1;34m	threadid 140190803576576 -> core 2 - OK[0m[1;34m
[0m[1;34m	threadid 140190795183872 -> core 3 - OK[0m[1;34m
[0m[1;34m	threadid 140190786791168 -> core 4 - OK[0m[1;34m
[0m[1;34m	threadid 140190778398464 -> core 5 - OK[0m[1;34m
[0m[1;34m	threadid 140190770005760 -> core 6 - OK[0m[1;34m
[0m[1;34m	threadid 140190761613056 -> core 7 - OK[0m[1;34m
[0m[1;34m	threadid 140190753220352 -> core 8 - OK[0m[1;34m
[0m[1;34m	threadid 140190744827648 -> core 9 - OK[0m[1;34m
[0m[1;34m	threadid 140190736434944 -> core 10 - OK[0m[1;34m
[0m[1;34m	threadid 140190728042240 -> core 11 - OK[0m[1;34m
[0m[1;34m	threadid 140190719649536 -> core 12 - OK[0m[1;34m
[0m[1;34m	threadid 140190711256832 -> core 13 - OK[0m[1;34m
[0m[1;34m	threadid 140190702864128 -> core 14 - OK[0m[1;34m
[0m[1;34m	threadid 140190694471424 -> core 15 - OK[0m[1;34m
[0m[1;34m	threadid 140190686078720 -> core 16 - OK[0m[1;34m
[0m[1;34m	threadid 140190677686016 -> core 17 - OK[0m[1;34m
[0m[1;34m	threadid 140190669293312 -> core 18 - OK[0m[1;34m
[0m[1;34m	threadid 140190660900608 -> core 19 - OK[0m[1;34m
[0m[1;34m	threadid 140190652507904 -> core 20 - OK[0m[1;34m
[0m[1;34m	threadid 140190644115200 -> core 21 - OK[0m[1;34m
[0m[1;34m	threadid 140190635722496 -> core 22 - OK[0m[1;34m
[0m[1;34m	threadid 140190627329792 -> core 23 - OK[0m[1;34m
[0m[1;34m	threadid 140190618937088 -> core 24 - OK[0m[1;34m
[0m[1;34m	threadid 140190610544384 -> core 25 - OK[0m[1;34m
[0m[1;34m	threadid 140190602151680 -> core 26 - OK[0m[1;34m
[0m[1;34m	threadid 140190593758976 -> core 27 - OK[0m[1;34m
[0m[1;34m	threadid 140190585366272 -> core 28 - OK[0m[1;34m
[0m[1;34m	threadid 140190576973568 -> core 29 - OK[0m[1;34m
[0m[1;34m	threadid 140190568580864 -> core 30 - OK[0m[1;34m
[0m[1;34m	threadid 140190560188160 -> core 31 - OK[0m[1;34m
[0mFLOPs in stencil code:      1.612620e+09
Time spent in stencil code: 0.037745
Performance in GFlop/s:     42.724071
[1;34m[pthread wrapper] 
[0m[1;34m[pthread wrapper] MAIN -> 0
[0m[1;34m[pthread wrapper] PIN_MASK: [0m[1;34m0->1  [0m[1;34m1->2  [0m[1;34m2->3  [0m[1;34m3->4  [0m[1;34m4->5  [0m[1;34m5->6  [0m[1;34m6->7  [0m[1;34m7->8  [0m[1;34m8->9  [0m[1;34m9->10  [0m[1;34m10->11  [0m[1;34m11->12  [0m[1;34m12->13  [0m[1;34m13->14  [0m[1;34m14->15  [0m[1;34m15->16  [0m[1;34m16->17  [0m[1;34m17->18  [0m[1;34m18->19  [0m[1;34m19->20  [0m[1;34m20->21  [0m[1;34m21->22  [0m[1;34m22->23  [0m[1;34m23->24  [0m[1;34m24->25  [0m[1;34m25->26  [0m[1;34m26->27  [0m[1;34m27->28  [0m[1;34m28->29  [0m[1;34m29->30  [0m[1;34m30->31  [0m[1;34m
[pthread wrapper] SKIP MASK: 0x0
[0m[1;34m	threadid 139967048636160 -> core 1 - OK[0m[1;34m
[0m[1;34m	threadid 139967040243456 -> core 2 - OK[0m[1;34m
[0m[1;34m	threadid 139967031850752 -> core 3 - OK[0m[1;34m
[0m[1;34m	threadid 139967023458048 -> core 4 - OK[0m[1;34m
[0m[1;34m	threadid 139967015065344 -> core 5 - OK[0m[1;34m
[0m[1;34m	threadid 139967006672640 -> core 6 - OK[0m[1;34m
[0m[1;34m	threadid 139966998279936 -> core 7 - OK[0m[1;34m
[0m[1;34m	threadid 139966989887232 -> core 8 - OK[0m[1;34m
[0m[1;34m	threadid 139966981494528 -> core 9 - OK[0m[1;34m
[0m[1;34m	threadid 139966973101824 -> core 10 - OK[0m[1;34m
[0m[1;34m	threadid 139966964709120 -> core 11 - OK[0m[1;34m
[0m[1;34m	threadid 139966956316416 -> core 12 - OK[0m[1;34m
[0m[1;34m	threadid 139966947923712 -> core 13 - OK[0m[1;34m
[0m[1;34m	threadid 139966939531008 -> core 14 - OK[0m[1;34m
[0m[1;34m	threadid 139966931138304 -> core 15 - OK[0m[1;34m
[0m[1;34m	threadid 139966922745600 -> core 16 - OK[0m[1;34m
[0m[1;34m	threadid 139966914352896 -> core 17 - OK[0m[1;34m
[0m[1;34m	threadid 139966905960192 -> core 18 - OK[0m[1;34m
[0m[1;34m	threadid 139966897567488 -> core 19 - OK[0m[1;34m
[0m[1;34m	threadid 139966889174784 -> core 20 - OK[0m[1;34m
[0m[1;34m	threadid 139966880782080 -> core 21 - OK[0m[1;34m
[0m[1;34m	threadid 139966872389376 -> core 22 - OK[0m[1;34m
[0m[1;34m	threadid 139966863996672 -> core 23 - OK[0m[1;34m
[0m[1;34m	threadid 139966855603968 -> core 24 - OK[0m[1;34m
[0m[1;34m	threadid 139966847211264 -> core 25 - OK[0m[1;34m
[0m[1;34m	threadid 139966838818560 -> core 26 - OK[0m[1;34m
[0m[1;34m	threadid 139966830425856 -> core 27 - OK[0m[1;34m
[0m[1;34m	threadid 139966822033152 -> core 28 - OK[0m[1;34m
[0m[1;34m	threadid 139966813640448 -> core 29 - OK[0m[1;34m
[0m[1;34m	threadid 139966805247744 -> core 30 - OK[0m[1;34m
[0m[1;34m	threadid 139966796855040 -> core 31 - OK[0m[1;34m
[0mFLOPs in stencil code:      1.612620e+09
Time spent in stencil code: 0.037689
Performance in GFlop/s:     42.787584
[1;34m[pthread wrapper] 
[0m[1;34m[pthread wrapper] MAIN -> 0
[0m[1;34m[pthread wrapper] PIN_MASK: [0m[1;34m0->1  [0m[1;34m1->2  [0m[1;34m2->3  [0m[1;34m3->4  [0m[1;34m4->5  [0m[1;34m5->6  [0m[1;34m6->7  [0m[1;34m7->8  [0m[1;34m8->9  [0m[1;34m9->10  [0m[1;34m10->11  [0m[1;34m11->12  [0m[1;34m12->13  [0m[1;34m13->14  [0m[1;34m14->15  [0m[1;34m15->16  [0m[1;34m16->17  [0m[1;34m17->18  [0m[1;34m18->19  [0m[1;34m19->20  [0m[1;34m20->21  [0m[1;34m21->22  [0m[1;34m22->23  [0m[1;34m23->24  [0m[1;34m24->25  [0m[1;34m25->26  [0m[1;34m26->27  [0m[1;34m27->28  [0m[1;34m28->29  [0m[1;34m29->30  [0m[1;34m30->31  [0m[1;34m
[pthread wrapper] SKIP MASK: 0x0
[0m[1;34m	threadid 140580409595648 -> core 1 - OK[0m[1;34m
[0m[1;34m	threadid 140580401202944 -> core 2 - OK[0m[1;34m
[0m[1;34m	threadid 140580392810240 -> core 3 - OK[0m[1;34m
[0m[1;34m	threadid 140580384417536 -> core 4 - OK[0m[1;34m
[0m[1;34m	threadid 140580376024832 -> core 5 - OK[0m[1;34m
[0m[1;34m	threadid 140580367632128 -> core 6 - OK[0m[1;34m
[0m[1;34m	threadid 140580359239424 -> core 7 - OK[0m[1;34m
[0m[1;34m	threadid 140580350846720 -> core 8 - OK[0m[1;34m
[0m[1;34m	threadid 140580342454016 -> core 9 - OK[0m[1;34m
[0m[1;34m	threadid 140580334061312 -> core 10 - OK[0m[1;34m
[0m[1;34m	threadid 140580325668608 -> core 11 - OK[0m[1;34m
[0m[1;34m	threadid 140580317275904 -> core 12 - OK[0m[1;34m
[0m[1;34m	threadid 140580308883200 -> core 13 - OK[0m[1;34m
[0m[1;34m	threadid 140580300490496 -> core 14 - OK[0m[1;34m
[0m[1;34m	threadid 140580292097792 -> core 15 - OK[0m[1;34m
[0m[1;34m	threadid 140580283705088 -> core 16 - OK[0m[1;34m
[0m[1;34m	threadid 140580275312384 -> core 17 - OK[0m[1;34m
[0m[1;34m	threadid 140580266919680 -> core 18 - OK[0m[1;34m
[0m[1;34m	threadid 140580258526976 -> core 19 - OK[0m[1;34m
[0m[1;34m	threadid 140580250134272 -> core 20 - OK[0m[1;34m
[0m[1;34m	threadid 140580241741568 -> core 21 - OK[0m[1;34m
[0m[1;34m	threadid 140580233348864 -> core 22 - OK[0m[1;34m
[0m[1;34m	threadid 140580224956160 -> core 23 - OK[0m[1;34m
[0m[1;34m	threadid 140580216563456 -> core 24 - OK[0m[1;34m
[0m[1;34m	threadid 140580208170752 -> core 25 - OK[0m[1;34m
[0m[1;34m	threadid 140580199778048 -> core 26 - OK[0m[1;34m
[0m[1;34m	threadid 140580191385344 -> core 27 - OK[0m[1;34m
[0m[1;34m	threadid 140580182992640 -> core 28 - OK[0m[1;34m
[0m[1;34m	threadid 140580174599936 -> core 29 - OK[0m[1;34m
[0m[1;34m	threadid 140580166207232 -> core 30 - OK[0m[1;34m
[0m[1;34m	threadid 140580157814528 -> core 31 - OK[0m[1;34m
[0mFLOPs in stencil code:      1.612620e+09
Time spent in stencil code: 0.038590
Performance in GFlop/s:     41.788596
[1;34m[pthread wrapper] 
[0m[1;34m[pthread wrapper] MAIN -> 0
[0m[1;34m[pthread wrapper] PIN_MASK: [0m[1;34m0->1  [0m[1;34m1->2  [0m[1;34m2->3  [0m[1;34m3->4  [0m[1;34m4->5  [0m[1;34m5->6  [0m[1;34m6->7  [0m[1;34m7->8  [0m[1;34m8->9  [0m[1;34m9->10  [0m[1;34m10->11  [0m[1;34m11->12  [0m[1;34m12->13  [0m[1;34m13->14  [0m[1;34m14->15  [0m[1;34m15->16  [0m[1;34m16->17  [0m[1;34m17->18  [0m[1;34m18->19  [0m[1;34m19->20  [0m[1;34m20->21  [0m[1;34m21->22  [0m[1;34m22->23  [0m[1;34m23->24  [0m[1;34m24->25  [0m[1;34m25->26  [0m[1;34m26->27  [0m[1;34m27->28  [0m[1;34m28->29  [0m[1;34m29->30  [0m[1;34m30->31  [0m[1;34m
[pthread wrapper] SKIP MASK: 0x0
[0m[1;34m	threadid 139715057276672 -> core 1 - OK[0m[1;34m
[0m[1;34m	threadid 139715048883968 -> core 2 - OK[0m[1;34m
[0m[1;34m	threadid 139715040491264 -> core 3 - OK[0m[1;34m
[0m[1;34m	threadid 139715032098560 -> core 4 - OK[0m[1;34m
[0m[1;34m	threadid 139715023705856 -> core 5 - OK[0m[1;34m
[0m[1;34m	threadid 139715015313152 -> core 6 - OK[0m[1;34m
[0m[1;34m	threadid 139715006920448 -> core 7 - OK[0m[1;34m
[0m[1;34m	threadid 139714998527744 -> core 8 - OK[0m[1;34m
[0m[1;34m	threadid 139714990135040 -> core 9 - OK[0m[1;34m
[0m[1;34m	threadid 139714981742336 -> core 10 - OK[0m[1;34m
[0m[1;34m	threadid 139714973349632 -> core 11 - OK[0m[1;34m
[0m[1;34m	threadid 139714964956928 -> core 12 - OK[0m[1;34m
[0m[1;34m	threadid 139714956564224 -> core 13 - OK[0m[1;34m
[0m[1;34m	threadid 139714948171520 -> core 14 - OK[0m[1;34m
[0m[1;34m	threadid 139714939778816 -> core 15 - OK[0m[1;34m
[0m[1;34m	threadid 139714931386112 -> core 16 - OK[0m[1;34m
[0m[1;34m	threadid 139714922993408 -> core 17 - OK[0m[1;34m
[0m[1;34m	threadid 139714914600704 -> core 18 - OK[0m[1;34m
[0m[1;34m	threadid 139714906208000 -> core 19 - OK[0m[1;34m
[0m[1;34m	threadid 139714897815296 -> core 20 - OK[0m[1;34m
[0m[1;34m	threadid 139714889422592 -> core 21 - OK[0m[1;34m
[0m[1;34m	threadid 139714881029888 -> core 22 - OK[0m[1;34m
[0m[1;34m	threadid 139714872637184 -> core 23 - OK[0m[1;34m
[0m[1;34m	threadid 139714864244480 -> core 24 - OK[0m[1;34m
[0m[1;34m	threadid 139714855851776 -> core 25 - OK[0m[1;34m
[0m[1;34m	threadid 139714847459072 -> core 26 - OK[0m[1;34m
[0m[1;34m	threadid 139714839066368 -> core 27 - OK[0m[1;34m
[0m[1;34m	threadid 139714830673664 -> core 28 - OK[0m[1;34m
[0m[1;34m	threadid 139714822280960 -> core 29 - OK[0m[1;34m
[0m[1;34m	threadid 139714813888256 -> core 30 - OK[0m[1;34m
[0m[1;34m	threadid 139714805495552 -> core 31 - OK[0m[1;34m
[0mFLOPs in stencil code:      1.612620e+09
Time spent in stencil code: 0.038130
Performance in GFlop/s:     42.292633
