[1;34m[pthread wrapper] 
[0m[1;34m[pthread wrapper] MAIN -> 0
[0m[1;34m[pthread wrapper] PIN_MASK: [0m[1;34m0->1  [0m[1;34m1->2  [0m[1;34m2->3  [0m[1;34m3->16  [0m[1;34m4->17  [0m[1;34m5->18  [0m[1;34m6->19  [0m[1;34m
[pthread wrapper] SKIP MASK: 0x0
[0m[1;34m	threadid 139747171981056 -> core 1 - OK[0m[1;34m
[0m[1;34m	threadid 139747163588352 -> core 2 - OK[0m[1;34m
[0m[1;34m	threadid 139747155195648 -> core 3 - OK[0m[1;34m
[0m[1;34m	threadid 139747146802944 -> core 16 - OK[0m[1;34m
[0m[1;34m	threadid 139747138410240 -> core 17 - OK[0m[1;34m
[0m[1;34m	threadid 139747130017536 -> core 18 - OK[0m[1;34m
[0m[1;34m	threadid 139747121624832 -> core 19 - OK[0m[1;34m
[0mFLOPs in stencil code:      1.612620e+09
Time spent in stencil code: 0.104143
Performance in GFlop/s:     15.484684
[1;34m[pthread wrapper] 
[0m[1;34m[pthread wrapper] MAIN -> 0
[0m[1;34m[pthread wrapper] PIN_MASK: [0m[1;34m0->1  [0m[1;34m1->2  [0m[1;34m2->3  [0m[1;34m3->16  [0m[1;34m4->17  [0m[1;34m5->18  [0m[1;34m6->19  [0m[1;34m
[pthread wrapper] SKIP MASK: 0x0
[0m[1;34m	threadid 140025238279936 -> core 1 - OK[0m[1;34m
[0m[1;34m	threadid 140025229887232 -> core 2 - OK[0m[1;34m
[0m[1;34m	threadid 140025221494528 -> core 3 - OK[0m[1;34m
[0m[1;34m	threadid 140025213101824 -> core 16 - OK[0m[1;34m
[0m[1;34m	threadid 140025204709120 -> core 17 - OK[0m[1;34m
[0m[1;34m	threadid 140025196316416 -> core 18 - OK[0m[1;34m
[0m[1;34m	threadid 140025187923712 -> core 19 - OK[0m[1;34m
[0mFLOPs in stencil code:      1.612620e+09
Time spent in stencil code: 0.103677
Performance in GFlop/s:     15.554264
[1;34m[pthread wrapper] 
[0m[1;34m[pthread wrapper] MAIN -> 0
[0m[1;34m[pthread wrapper] PIN_MASK: [0m[1;34m0->1  [0m[1;34m1->2  [0m[1;34m2->3  [0m[1;34m3->16  [0m[1;34m4->17  [0m[1;34m5->18  [0m[1;34m6->19  [0m[1;34m
[pthread wrapper] SKIP MASK: 0x0
[0m[1;34m	threadid 139793243428608 -> core 1 - OK[0m[1;34m
[0m[1;34m	threadid 139793235035904 -> core 2 - OK[0m[1;34m
[0m[1;34m	threadid 139793226643200 -> core 3 - OK[0m[1;34m
[0m[1;34m	threadid 139793218250496 -> core 16 - OK[0m[1;34m
[0m[1;34m	threadid 139793209857792 -> core 17 - OK[0m[1;34m
[0m[1;34m	threadid 139793201465088 -> core 18 - OK[0m[1;34m
[0m[1;34m	threadid 139793193072384 -> core 19 - OK[0m[1;34m
[0mFLOPs in stencil code:      1.612620e+09
Time spent in stencil code: 0.104072
Performance in GFlop/s:     15.495256
[1;34m[pthread wrapper] 
[0m[1;34m[pthread wrapper] MAIN -> 0
[0m[1;34m[pthread wrapper] PIN_MASK: [0m[1;34m0->1  [0m[1;34m1->2  [0m[1;34m2->3  [0m[1;34m3->16  [0m[1;34m4->17  [0m[1;34m5->18  [0m[1;34m6->19  [0m[1;34m
[pthread wrapper] SKIP MASK: 0x0
[0m[1;34m	threadid 139677196965632 -> core 1 - OK[0m[1;34m
[0m[1;34m	threadid 139677188572928 -> core 2 - OK[0m[1;34m
[0m[1;34m	threadid 139677180180224 -> core 3 - OK[0m[1;34m
[0m[1;34m	threadid 139677171787520 -> core 16 - OK[0m[1;34m
[0m[1;34m	threadid 139677163394816 -> core 17 - OK[0m[1;34m
[0m[1;34m	threadid 139677155002112 -> core 18 - OK[0m[1;34m
[0m[1;34m	threadid 139677146609408 -> core 19 - OK[0m[1;34m
[0mFLOPs in stencil code:      1.612620e+09
Time spent in stencil code: 0.102863
Performance in GFlop/s:     15.677346
[1;34m[pthread wrapper] 
[0m[1;34m[pthread wrapper] MAIN -> 0
[0m[1;34m[pthread wrapper] PIN_MASK: [0m[1;34m0->1  [0m[1;34m1->2  [0m[1;34m2->3  [0m[1;34m3->16  [0m[1;34m4->17  [0m[1;34m5->18  [0m[1;34m6->19  [0m[1;34m
[pthread wrapper] SKIP MASK: 0x0
[0m[1;34m	threadid 140329451443968 -> core 1 - OK[0m[1;34m
[0m[1;34m	threadid 140329443051264 -> core 2 - OK[0m[1;34m
[0m[1;34m	threadid 140329434658560 -> core 3 - OK[0m[1;34m
[0m[1;34m	threadid 140329426265856 -> core 16 - OK[0m[1;34m
[0m[1;34m	threadid 140329417873152 -> core 17 - OK[0m[1;34m
[0m[1;34m	threadid 140329409480448 -> core 18 - OK[0m[1;34m
[0m[1;34m	threadid 140329401087744 -> core 19 - OK[0m[1;34m
[0mFLOPs in stencil code:      1.612620e+09
Time spent in stencil code: 0.105777
Performance in GFlop/s:     15.245466
