[1;34m[pthread wrapper] 
[0m[1;34m[pthread wrapper] MAIN -> 0
[0m[1;34m[pthread wrapper] PIN_MASK: [0m[1;34m0->1  [0m[1;34m1->2  [0m[1;34m2->3  [0m[1;34m3->4  [0m[1;34m4->5  [0m[1;34m5->6  [0m[1;34m6->7  [0m[1;34m
[pthread wrapper] SKIP MASK: 0x0
[0m[1;34m	threadid 140673507383040 -> core 1 - OK[0m[1;34m
[0m[1;34m	threadid 140673498990336 -> core 2 - OK[0m[1;34m
[0m[1;34m	threadid 140673490597632 -> core 3 - OK[0m[1;34m
[0m[1;34m	threadid 140673482204928 -> core 4 - OK[0m[1;34m
[0m[1;34m	threadid 140673473812224 -> core 5 - OK[0m[1;34m
[0m[1;34m	threadid 140673465419520 -> core 6 - OK[0m[1;34m
[0m[1;34m	threadid 140673457026816 -> core 7 - OK[0m[1;34m
[0mFLOPs in stencil code:      1.612620e+09
Time spent in stencil code: 0.119292
Performance in GFlop/s:     13.518255
[1;34m[pthread wrapper] 
[0m[1;34m[pthread wrapper] MAIN -> 0
[0m[1;34m[pthread wrapper] PIN_MASK: [0m[1;34m0->1  [0m[1;34m1->2  [0m[1;34m2->3  [0m[1;34m3->4  [0m[1;34m4->5  [0m[1;34m5->6  [0m[1;34m6->7  [0m[1;34m
[pthread wrapper] SKIP MASK: 0x0
[0m[1;34m	threadid 140693521487616 -> core 1 - OK[0m[1;34m
[0m[1;34m	threadid 140693513094912 -> core 2 - OK[0m[1;34m
[0m[1;34m	threadid 140693504702208 -> core 3 - OK[0m[1;34m
[0m[1;34m	threadid 140693496309504 -> core 4 - OK[0m[1;34m
[0m[1;34m	threadid 140693487916800 -> core 5 - OK[0m[1;34m
[0m[1;34m	threadid 140693479524096 -> core 6 - OK[0m[1;34m
[0m[1;34m	threadid 140693471131392 -> core 7 - OK[0m[1;34m
[0mFLOPs in stencil code:      1.612620e+09
Time spent in stencil code: 0.117493
Performance in GFlop/s:     13.725253
[1;34m[pthread wrapper] 
[0m[1;34m[pthread wrapper] MAIN -> 0
[0m[1;34m[pthread wrapper] PIN_MASK: [0m[1;34m0->1  [0m[1;34m1->2  [0m[1;34m2->3  [0m[1;34m3->4  [0m[1;34m4->5  [0m[1;34m5->6  [0m[1;34m6->7  [0m[1;34m
[pthread wrapper] SKIP MASK: 0x0
[0m[1;34m	threadid 139754765833984 -> core 1 - OK[0m[1;34m
[0m[1;34m	threadid 139754757441280 -> core 2 - OK[0m[1;34m
[0m[1;34m	threadid 139754749048576 -> core 3 - OK[0m[1;34m
[0m[1;34m	threadid 139754740655872 -> core 4 - OK[0m[1;34m
[0m[1;34m	threadid 139754732263168 -> core 5 - OK[0m[1;34m
[0m[1;34m	threadid 139754723870464 -> core 6 - OK[0m[1;34m
[0m[1;34m	threadid 139754715477760 -> core 7 - OK[0m[1;34m
[0mFLOPs in stencil code:      1.612620e+09
Time spent in stencil code: 0.117911
Performance in GFlop/s:     13.676575
[1;34m[pthread wrapper] 
[0m[1;34m[pthread wrapper] MAIN -> 0
[0m[1;34m[pthread wrapper] PIN_MASK: [0m[1;34m0->1  [0m[1;34m1->2  [0m[1;34m2->3  [0m[1;34m3->4  [0m[1;34m4->5  [0m[1;34m5->6  [0m[1;34m6->7  [0m[1;34m
[pthread wrapper] SKIP MASK: 0x0
[0m[1;34m	threadid 140410133927680 -> core 1 - OK[0m[1;34m
[0m[1;34m	threadid 140410125534976 -> core 2 - OK[0m[1;34m
[0m[1;34m	threadid 140410117142272 -> core 3 - OK[0m[1;34m
[0m[1;34m	threadid 140410108749568 -> core 4 - OK[0m[1;34m
[0m[1;34m	threadid 140410100356864 -> core 5 - OK[0m[1;34m
[0m[1;34m	threadid 140410091964160 -> core 6 - OK[0m[1;34m
[0m[1;34m	threadid 140410083571456 -> core 7 - OK[0m[1;34m
[0mFLOPs in stencil code:      1.612620e+09
Time spent in stencil code: 0.118361
Performance in GFlop/s:     13.624590
[1;34m[pthread wrapper] 
[0m[1;34m[pthread wrapper] MAIN -> 0
[0m[1;34m[pthread wrapper] PIN_MASK: [0m[1;34m0->1  [0m[1;34m1->2  [0m[1;34m2->3  [0m[1;34m3->4  [0m[1;34m4->5  [0m[1;34m5->6  [0m[1;34m6->7  [0m[1;34m
[pthread wrapper] SKIP MASK: 0x0
[0m[1;34m	threadid 140282541758208 -> core 1 - OK[0m[1;34m
[0m[1;34m	threadid 140282533365504 -> core 2 - OK[0m[1;34m
[0m[1;34m	threadid 140282524972800 -> core 3 - OK[0m[1;34m
[0m[1;34m	threadid 140282516580096 -> core 4 - OK[0m[1;34m
[0m[1;34m	threadid 140282508187392 -> core 5 - OK[0m[1;34m
[0m[1;34m	threadid 140282499794688 -> core 6 - OK[0m[1;34m
[0m[1;34m	threadid 140282491401984 -> core 7 - OK[0m[1;34m
[0mFLOPs in stencil code:      1.612620e+09
Time spent in stencil code: 0.118525
Performance in GFlop/s:     13.605734
