[1;34m[pthread wrapper] 
[0m[1;34m[pthread wrapper] MAIN -> 0
[0m[1;34m[pthread wrapper] PIN_MASK: [0m[1;34m0->1  [0m[1;34m1->2  [0m[1;34m2->3  [0m[1;34m3->4  [0m[1;34m4->5  [0m[1;34m5->6  [0m[1;34m6->7  [0m[1;34m
[pthread wrapper] SKIP MASK: 0x0
[0m[1;34m	threadid 140242318350080 -> core 1 - OK[0m[1;34m
[0m[1;34m	threadid 140242309957376 -> core 2 - OK[0m[1;34m
[0m[1;34m	threadid 140242301564672 -> core 3 - OK[0m[1;34m
[0m[1;34m	threadid 140242293171968 -> core 4 - OK[0m[1;34m
[0m[1;34m	threadid 140242284779264 -> core 5 - OK[0m[1;34m
[0m[1;34m	threadid 140242276386560 -> core 6 - OK[0m[1;34m
[0m[1;34m	threadid 140242267993856 -> core 7 - OK[0m[1;34m
[0mFLOPs in stencil code:      1.612620e+09
Time spent in stencil code: 0.117038
Performance in GFlop/s:     13.778600
[1;34m[pthread wrapper] 
[0m[1;34m[pthread wrapper] MAIN -> 0
[0m[1;34m[pthread wrapper] PIN_MASK: [0m[1;34m0->1  [0m[1;34m1->2  [0m[1;34m2->3  [0m[1;34m3->4  [0m[1;34m4->5  [0m[1;34m5->6  [0m[1;34m6->7  [0m[1;34m
[pthread wrapper] SKIP MASK: 0x0
[0m[1;34m	threadid 140657546221312 -> core 1 - OK[0m[1;34m
[0m[1;34m	threadid 140657537828608 -> core 2 - OK[0m[1;34m
[0m[1;34m	threadid 140657529435904 -> core 3 - OK[0m[1;34m
[0m[1;34m	threadid 140657521043200 -> core 4 - OK[0m[1;34m
[0m[1;34m	threadid 140657512650496 -> core 5 - OK[0m[1;34m
[0m[1;34m	threadid 140657504257792 -> core 6 - OK[0m[1;34m
[0m[1;34m	threadid 140657495865088 -> core 7 - OK[0m[1;34m
[0mFLOPs in stencil code:      1.612620e+09
Time spent in stencil code: 0.117436
Performance in GFlop/s:     13.731913
[1;34m[pthread wrapper] 
[0m[1;34m[pthread wrapper] MAIN -> 0
[0m[1;34m[pthread wrapper] PIN_MASK: [0m[1;34m0->1  [0m[1;34m1->2  [0m[1;34m2->3  [0m[1;34m3->4  [0m[1;34m4->5  [0m[1;34m5->6  [0m[1;34m6->7  [0m[1;34m
[pthread wrapper] SKIP MASK: 0x0
[0m[1;34m	threadid 140253329544960 -> core 1 - OK[0m[1;34m
[0m[1;34m	threadid 140253321152256 -> core 2 - OK[0m[1;34m
[0m[1;34m	threadid 140253312759552 -> core 3 - OK[0m[1;34m
[0m[1;34m	threadid 140253304366848 -> core 4 - OK[0m[1;34m
[0m[1;34m	threadid 140253295974144 -> core 5 - OK[0m[1;34m
[0m[1;34m	threadid 140253287581440 -> core 6 - OK[0m[1;34m
[0m[1;34m	threadid 140253279188736 -> core 7 - OK[0m[1;34m
[0mFLOPs in stencil code:      1.612620e+09
Time spent in stencil code: 0.119331
Performance in GFlop/s:     13.513853
[1;34m[pthread wrapper] 
[0m[1;34m[pthread wrapper] MAIN -> 0
[0m[1;34m[pthread wrapper] PIN_MASK: [0m[1;34m0->1  [0m[1;34m1->2  [0m[1;34m2->3  [0m[1;34m3->4  [0m[1;34m4->5  [0m[1;34m5->6  [0m[1;34m6->7  [0m[1;34m
[pthread wrapper] SKIP MASK: 0x0
[0m[1;34m	threadid 140446920300288 -> core 1 - OK[0m[1;34m
[0m[1;34m	threadid 140446911907584 -> core 2 - OK[0m[1;34m
[0m[1;34m	threadid 140446903514880 -> core 3 - OK[0m[1;34m
[0m[1;34m	threadid 140446895122176 -> core 4 - OK[0m[1;34m
[0m[1;34m	threadid 140446886729472 -> core 5 - OK[0m[1;34m
[0m[1;34m	threadid 140446878336768 -> core 6 - OK[0m[1;34m
[0m[1;34m	threadid 140446869944064 -> core 7 - OK[0m[1;34m
[0mFLOPs in stencil code:      1.612620e+09
Time spent in stencil code: 0.118225
Performance in GFlop/s:     13.640251
[1;34m[pthread wrapper] 
[0m[1;34m[pthread wrapper] MAIN -> 0
[0m[1;34m[pthread wrapper] PIN_MASK: [0m[1;34m0->1  [0m[1;34m1->2  [0m[1;34m2->3  [0m[1;34m3->4  [0m[1;34m4->5  [0m[1;34m5->6  [0m[1;34m6->7  [0m[1;34m
[pthread wrapper] SKIP MASK: 0x0
[0m[1;34m	threadid 139990157514496 -> core 1 - OK[0m[1;34m
[0m[1;34m	threadid 139990149121792 -> core 2 - OK[0m[1;34m
[0m[1;34m	threadid 139990140729088 -> core 3 - OK[0m[1;34m
[0m[1;34m	threadid 139990132336384 -> core 4 - OK[0m[1;34m
[0m[1;34m	threadid 139990123943680 -> core 5 - OK[0m[1;34m
[0m[1;34m	threadid 139990115550976 -> core 6 - OK[0m[1;34m
[0m[1;34m	threadid 139990107158272 -> core 7 - OK[0m[1;34m
[0mFLOPs in stencil code:      1.612620e+09
Time spent in stencil code: 0.118301
Performance in GFlop/s:     13.631482
