[1;34m[pthread wrapper] 
[0m[1;34m[pthread wrapper] MAIN -> 0
[0m[1;34m[pthread wrapper] PIN_MASK: [0m[1;34m0->1  [0m[1;34m1->2  [0m[1;34m2->16  [0m[1;34m3->17  [0m[1;34m4->18  [0m[1;34m
[pthread wrapper] SKIP MASK: 0x0
[0m[1;34m	threadid 139994912413440 -> core 1 - OK[0m[1;34m
[0m[1;34m	threadid 139994904020736 -> core 2 - OK[0m[1;34m
[0m[1;34m	threadid 139994895628032 -> core 16 - OK[0m[1;34m
[0m[1;34m	threadid 139994887235328 -> core 17 - OK[0m[1;34m
[0m[1;34m	threadid 139994878842624 -> core 18 - OK[0m[1;34m
[0mFLOPs in stencil code:      1.612620e+09
Time spent in stencil code: 0.132220
Performance in GFlop/s:     12.196488
[1;34m[pthread wrapper] 
[0m[1;34m[pthread wrapper] MAIN -> 0
[0m[1;34m[pthread wrapper] PIN_MASK: [0m[1;34m0->1  [0m[1;34m1->2  [0m[1;34m2->16  [0m[1;34m3->17  [0m[1;34m4->18  [0m[1;34m
[pthread wrapper] SKIP MASK: 0x0
[0m[1;34m	threadid 140039506122496 -> core 1 - OK[0m[1;34m
[0m[1;34m	threadid 140039497729792 -> core 2 - OK[0m[1;34m
[0m[1;34m	threadid 140039489337088 -> core 16 - OK[0m[1;34m
[0m[1;34m	threadid 140039480944384 -> core 17 - OK[0m[1;34m
[0m[1;34m	threadid 140039472551680 -> core 18 - OK[0m[1;34m
[0mFLOPs in stencil code:      1.612620e+09
Time spent in stencil code: 0.127090
Performance in GFlop/s:     12.688805
[1;34m[pthread wrapper] 
[0m[1;34m[pthread wrapper] MAIN -> 0
[0m[1;34m[pthread wrapper] PIN_MASK: [0m[1;34m0->1  [0m[1;34m1->2  [0m[1;34m2->16  [0m[1;34m3->17  [0m[1;34m4->18  [0m[1;34m
[pthread wrapper] SKIP MASK: 0x0
[0m[1;34m	threadid 140682002093824 -> core 1 - OK[0m[1;34m
[0m[1;34m	threadid 140681993701120 -> core 2 - OK[0m[1;34m
[0m[1;34m	threadid 140681985308416 -> core 16 - OK[0m[1;34m
[0m[1;34m	threadid 140681976915712 -> core 17 - OK[0m[1;34m
[0m[1;34m	threadid 140681968523008 -> core 18 - OK[0m[1;34m
[0mFLOPs in stencil code:      1.612620e+09
Time spent in stencil code: 0.131465
Performance in GFlop/s:     12.266539
[1;34m[pthread wrapper] 
[0m[1;34m[pthread wrapper] MAIN -> 0
[0m[1;34m[pthread wrapper] PIN_MASK: [0m[1;34m0->1  [0m[1;34m1->2  [0m[1;34m2->16  [0m[1;34m3->17  [0m[1;34m4->18  [0m[1;34m
[pthread wrapper] SKIP MASK: 0x0
[0m[1;34m	threadid 140392415221504 -> core 1 - OK[0m[1;34m
[0m[1;34m	threadid 140392406828800 -> core 2 - OK[0m[1;34m
[0m[1;34m	threadid 140392398436096 -> core 16 - OK[0m[1;34m
[0m[1;34m	threadid 140392390043392 -> core 17 - OK[0m[1;34m
[0m[1;34m	threadid 140392381650688 -> core 18 - OK[0m[1;34m
[0mFLOPs in stencil code:      1.612620e+09
Time spent in stencil code: 0.128817
Performance in GFlop/s:     12.518705
[1;34m[pthread wrapper] 
[0m[1;34m[pthread wrapper] MAIN -> 0
[0m[1;34m[pthread wrapper] PIN_MASK: [0m[1;34m0->1  [0m[1;34m1->2  [0m[1;34m2->16  [0m[1;34m3->17  [0m[1;34m4->18  [0m[1;34m
[pthread wrapper] SKIP MASK: 0x0
[0m[1;34m	threadid 140528978089728 -> core 1 - OK[0m[1;34m
[0m[1;34m	threadid 140528969697024 -> core 2 - OK[0m[1;34m
[0m[1;34m	threadid 140528961304320 -> core 16 - OK[0m[1;34m
[0m[1;34m	threadid 140528952911616 -> core 17 - OK[0m[1;34m
[0m[1;34m	threadid 140528944518912 -> core 18 - OK[0m[1;34m
[0mFLOPs in stencil code:      1.612620e+09
Time spent in stencil code: 0.129360
Performance in GFlop/s:     12.466145
