[1;34m[pthread wrapper] 
[0m[1;34m[pthread wrapper] MAIN -> 0
[0m[1;34m[pthread wrapper] PIN_MASK: [0m[1;34m0->1  [0m[1;34m1->2  [0m[1;34m2->3  [0m[1;34m3->4  [0m[1;34m4->5  [0m[1;34m5->6  [0m[1;34m6->7  [0m[1;34m7->16  [0m[1;34m8->17  [0m[1;34m9->18  [0m[1;34m10->19  [0m[1;34m11->20  [0m[1;34m12->21  [0m[1;34m13->22  [0m[1;34m14->23  [0m[1;34m
[pthread wrapper] SKIP MASK: 0x0
[0m[1;34m	threadid 140700018530048 -> core 1 - OK[0m[1;34m
[0m[1;34m	threadid 140700010137344 -> core 2 - OK[0m[1;34m
[0m[1;34m	threadid 140700001744640 -> core 3 - OK[0m[1;34m
[0m[1;34m	threadid 140699993351936 -> core 4 - OK[0m[1;34m
[0m[1;34m	threadid 140699984959232 -> core 5 - OK[0m[1;34m
[0m[1;34m	threadid 140699976566528 -> core 6 - OK[0m[1;34m
[0m[1;34m	threadid 140699968173824 -> core 7 - OK[0m[1;34m
[0m[1;34m	threadid 140699959781120 -> core 16 - OK[0m[1;34m
[0m[1;34m	threadid 140699951388416 -> core 17 - OK[0m[1;34m
[0m[1;34m	threadid 140699942995712 -> core 18 - OK[0m[1;34m
[0m[1;34m	threadid 140699934603008 -> core 19 - OK[0m[1;34m
[0m[1;34m	threadid 140699926210304 -> core 20 - OK[0m[1;34m
[0m[1;34m	threadid 140699917817600 -> core 21 - OK[0m[1;34m
[0m[1;34m	threadid 140699909424896 -> core 22 - OK[0m[1;34m
[0m[1;34m	threadid 140699901032192 -> core 23 - OK[0m[1;34m
[0mFLOPs in stencil code:      1.612620e+09
Time spent in stencil code: 0.068569
Performance in GFlop/s:     23.518145
[1;34m[pthread wrapper] 
[0m[1;34m[pthread wrapper] MAIN -> 0
[0m[1;34m[pthread wrapper] PIN_MASK: [0m[1;34m0->1  [0m[1;34m1->2  [0m[1;34m2->3  [0m[1;34m3->4  [0m[1;34m4->5  [0m[1;34m5->6  [0m[1;34m6->7  [0m[1;34m7->16  [0m[1;34m8->17  [0m[1;34m9->18  [0m[1;34m10->19  [0m[1;34m11->20  [0m[1;34m12->21  [0m[1;34m13->22  [0m[1;34m14->23  [0m[1;34m
[pthread wrapper] SKIP MASK: 0x0
[0m[1;34m	threadid 140719637714688 -> core 1 - OK[0m[1;34m
[0m[1;34m	threadid 140719629321984 -> core 2 - OK[0m[1;34m
[0m[1;34m	threadid 140719620929280 -> core 3 - OK[0m[1;34m
[0m[1;34m	threadid 140719612536576 -> core 4 - OK[0m[1;34m
[0m[1;34m	threadid 140719604143872 -> core 5 - OK[0m[1;34m
[0m[1;34m	threadid 140719595751168 -> core 6 - OK[0m[1;34m
[0m[1;34m	threadid 140719587358464 -> core 7 - OK[0m[1;34m
[0m[1;34m	threadid 140719578965760 -> core 16 - OK[0m[1;34m
[0m[1;34m	threadid 140719570573056 -> core 17 - OK[0m[1;34m
[0m[1;34m	threadid 140719562180352 -> core 18 - OK[0m[1;34m
[0m[1;34m	threadid 140719553787648 -> core 19 - OK[0m[1;34m
[0m[1;34m	threadid 140719545394944 -> core 20 - OK[0m[1;34m
[0m[1;34m	threadid 140719537002240 -> core 21 - OK[0m[1;34m
[0m[1;34m	threadid 140719528609536 -> core 22 - OK[0m[1;34m
[0m[1;34m	threadid 140719520216832 -> core 23 - OK[0m[1;34m
[0mFLOPs in stencil code:      1.612620e+09
Time spent in stencil code: 0.069495
Performance in GFlop/s:     23.204847
[1;34m[pthread wrapper] 
[0m[1;34m[pthread wrapper] MAIN -> 0
[0m[1;34m[pthread wrapper] PIN_MASK: [0m[1;34m0->1  [0m[1;34m1->2  [0m[1;34m2->3  [0m[1;34m3->4  [0m[1;34m4->5  [0m[1;34m5->6  [0m[1;34m6->7  [0m[1;34m7->16  [0m[1;34m8->17  [0m[1;34m9->18  [0m[1;34m10->19  [0m[1;34m11->20  [0m[1;34m12->21  [0m[1;34m13->22  [0m[1;34m14->23  [0m[1;34m
[pthread wrapper] SKIP MASK: 0x0
[0m[1;34m	threadid 140386234062592 -> core 1 - OK[0m[1;34m
[0m[1;34m	threadid 140386225669888 -> core 2 - OK[0m[1;34m
[0m[1;34m	threadid 140386217277184 -> core 3 - OK[0m[1;34m
[0m[1;34m	threadid 140386208884480 -> core 4 - OK[0m[1;34m
[0m[1;34m	threadid 140386200491776 -> core 5 - OK[0m[1;34m
[0m[1;34m	threadid 140386192099072 -> core 6 - OK[0m[1;34m
[0m[1;34m	threadid 140386183706368 -> core 7 - OK[0m[1;34m
[0m[1;34m	threadid 140386175313664 -> core 16 - OK[0m[1;34m
[0m[1;34m	threadid 140386166920960 -> core 17 - OK[0m[1;34m
[0m[1;34m	threadid 140386158528256 -> core 18 - OK[0m[1;34m
[0m[1;34m	threadid 140386150135552 -> core 19 - OK[0m[1;34m
[0m[1;34m	threadid 140386141742848 -> core 20 - OK[0m[1;34m
[0m[1;34m	threadid 140386133350144 -> core 21 - OK[0m[1;34m
[0m[1;34m	threadid 140386124957440 -> core 22 - OK[0m[1;34m
[0m[1;34m	threadid 140386116564736 -> core 23 - OK[0m[1;34m
[0mFLOPs in stencil code:      1.612620e+09
Time spent in stencil code: 0.069461
Performance in GFlop/s:     23.216157
[1;34m[pthread wrapper] 
[0m[1;34m[pthread wrapper] MAIN -> 0
[0m[1;34m[pthread wrapper] PIN_MASK: [0m[1;34m0->1  [0m[1;34m1->2  [0m[1;34m2->3  [0m[1;34m3->4  [0m[1;34m4->5  [0m[1;34m5->6  [0m[1;34m6->7  [0m[1;34m7->16  [0m[1;34m8->17  [0m[1;34m9->18  [0m[1;34m10->19  [0m[1;34m11->20  [0m[1;34m12->21  [0m[1;34m13->22  [0m[1;34m14->23  [0m[1;34m
[pthread wrapper] SKIP MASK: 0x0
[0m[1;34m	threadid 140484356462336 -> core 1 - OK[0m[1;34m
[0m[1;34m	threadid 140484348069632 -> core 2 - OK[0m[1;34m
[0m[1;34m	threadid 140484339676928 -> core 3 - OK[0m[1;34m
[0m[1;34m	threadid 140484331284224 -> core 4 - OK[0m[1;34m
[0m[1;34m	threadid 140484322891520 -> core 5 - OK[0m[1;34m
[0m[1;34m	threadid 140484314498816 -> core 6 - OK[0m[1;34m
[0m[1;34m	threadid 140484306106112 -> core 7 - OK[0m[1;34m
[0m[1;34m	threadid 140484297713408 -> core 16 - OK[0m[1;34m
[0m[1;34m	threadid 140484289320704 -> core 17 - OK[0m[1;34m
[0m[1;34m	threadid 140484280928000 -> core 18 - OK[0m[1;34m
[0m[1;34m	threadid 140484272535296 -> core 19 - OK[0m[1;34m
[0m[1;34m	threadid 140484264142592 -> core 20 - OK[0m[1;34m
[0m[1;34m	threadid 140484255749888 -> core 21 - OK[0m[1;34m
[0m[1;34m	threadid 140484247357184 -> core 22 - OK[0m[1;34m
[0m[1;34m	threadid 140484238964480 -> core 23 - OK[0m[1;34m
[0mFLOPs in stencil code:      1.612620e+09
Time spent in stencil code: 0.069020
Performance in GFlop/s:     23.364521
[1;34m[pthread wrapper] 
[0m[1;34m[pthread wrapper] MAIN -> 0
[0m[1;34m[pthread wrapper] PIN_MASK: [0m[1;34m0->1  [0m[1;34m1->2  [0m[1;34m2->3  [0m[1;34m3->4  [0m[1;34m4->5  [0m[1;34m5->6  [0m[1;34m6->7  [0m[1;34m7->16  [0m[1;34m8->17  [0m[1;34m9->18  [0m[1;34m10->19  [0m[1;34m11->20  [0m[1;34m12->21  [0m[1;34m13->22  [0m[1;34m14->23  [0m[1;34m
[pthread wrapper] SKIP MASK: 0x0
[0m[1;34m	threadid 140572400899840 -> core 1 - OK[0m[1;34m
[0m[1;34m	threadid 140572392507136 -> core 2 - OK[0m[1;34m
[0m[1;34m	threadid 140572384114432 -> core 3 - OK[0m[1;34m
[0m[1;34m	threadid 140572375721728 -> core 4 - OK[0m[1;34m
[0m[1;34m	threadid 140572367329024 -> core 5 - OK[0m[1;34m
[0m[1;34m	threadid 140572358936320 -> core 6 - OK[0m[1;34m
[0m[1;34m	threadid 140572350543616 -> core 7 - OK[0m[1;34m
[0m[1;34m	threadid 140572342150912 -> core 16 - OK[0m[1;34m
[0m[1;34m	threadid 140572333758208 -> core 17 - OK[0m[1;34m
[0m[1;34m	threadid 140572325365504 -> core 18 - OK[0m[1;34m
[0m[1;34m	threadid 140572316972800 -> core 19 - OK[0m[1;34m
[0m[1;34m	threadid 140572308580096 -> core 20 - OK[0m[1;34m
[0m[1;34m	threadid 140572300187392 -> core 21 - OK[0m[1;34m
[0m[1;34m	threadid 140572291794688 -> core 22 - OK[0m[1;34m
[0m[1;34m	threadid 140572283401984 -> core 23 - OK[0m[1;34m
[0mFLOPs in stencil code:      1.612620e+09
Time spent in stencil code: 0.069150
Performance in GFlop/s:     23.320617
