[1;34m[pthread wrapper] 
[0m[1;34m[pthread wrapper] MAIN -> 0
[0m[1;34m[pthread wrapper] PIN_MASK: [0m[1;34m0->1  [0m[1;34m1->2  [0m[1;34m2->3  [0m[1;34m3->4  [0m[1;34m4->5  [0m[1;34m
[pthread wrapper] SKIP MASK: 0x0
[0m[1;34m	threadid 139858230925056 -> core 1 - OK[0m[1;34m
[0m[1;34m	threadid 139858222532352 -> core 2 - OK[0m[1;34m
[0m[1;34m	threadid 139858214139648 -> core 3 - OK[0m[1;34m
[0m[1;34m	threadid 139858205746944 -> core 4 - OK[0m[1;34m
[0m[1;34m	threadid 139858197354240 -> core 5 - OK[0m[1;34m
[0mFLOPs in stencil code:      1.612620e+09
Time spent in stencil code: 0.142359
Performance in GFlop/s:     11.327839
[1;34m[pthread wrapper] 
[0m[1;34m[pthread wrapper] MAIN -> 0
[0m[1;34m[pthread wrapper] PIN_MASK: [0m[1;34m0->1  [0m[1;34m1->2  [0m[1;34m2->3  [0m[1;34m3->4  [0m[1;34m4->5  [0m[1;34m
[pthread wrapper] SKIP MASK: 0x0
[0m[1;34m	threadid 140284847347456 -> core 1 - OK[0m[1;34m
[0m[1;34m	threadid 140284838954752 -> core 2 - OK[0m[1;34m
[0m[1;34m	threadid 140284830562048 -> core 3 - OK[0m[1;34m
[0m[1;34m	threadid 140284822169344 -> core 4 - OK[0m[1;34m
[0m[1;34m	threadid 140284813776640 -> core 5 - OK[0m[1;34m
[0mFLOPs in stencil code:      1.612620e+09
Time spent in stencil code: 0.141509
Performance in GFlop/s:     11.395878
[1;34m[pthread wrapper] 
[0m[1;34m[pthread wrapper] MAIN -> 0
[0m[1;34m[pthread wrapper] PIN_MASK: [0m[1;34m0->1  [0m[1;34m1->2  [0m[1;34m2->3  [0m[1;34m3->4  [0m[1;34m4->5  [0m[1;34m
[pthread wrapper] SKIP MASK: 0x0
[0m[1;34m	threadid 140021561186048 -> core 1 - OK[0m[1;34m
[0m[1;34m	threadid 140021552793344 -> core 2 - OK[0m[1;34m
[0m[1;34m	threadid 140021544400640 -> core 3 - OK[0m[1;34m
[0m[1;34m	threadid 140021536007936 -> core 4 - OK[0m[1;34m
[0m[1;34m	threadid 140021527615232 -> core 5 - OK[0m[1;34m
[0mFLOPs in stencil code:      1.612620e+09
Time spent in stencil code: 0.140874
Performance in GFlop/s:     11.447258
[1;34m[pthread wrapper] 
[0m[1;34m[pthread wrapper] MAIN -> 0
[0m[1;34m[pthread wrapper] PIN_MASK: [0m[1;34m0->1  [0m[1;34m1->2  [0m[1;34m2->3  [0m[1;34m3->4  [0m[1;34m4->5  [0m[1;34m
[pthread wrapper] SKIP MASK: 0x0
[0m[1;34m	threadid 140673586321152 -> core 1 - OK[0m[1;34m
[0m[1;34m	threadid 140673577928448 -> core 2 - OK[0m[1;34m
[0m[1;34m	threadid 140673569535744 -> core 3 - OK[0m[1;34m
[0m[1;34m	threadid 140673561143040 -> core 4 - OK[0m[1;34m
[0m[1;34m	threadid 140673552750336 -> core 5 - OK[0m[1;34m
[0mFLOPs in stencil code:      1.612620e+09
Time spent in stencil code: 0.141511
Performance in GFlop/s:     11.395725
[1;34m[pthread wrapper] 
[0m[1;34m[pthread wrapper] MAIN -> 0
[0m[1;34m[pthread wrapper] PIN_MASK: [0m[1;34m0->1  [0m[1;34m1->2  [0m[1;34m2->3  [0m[1;34m3->4  [0m[1;34m4->5  [0m[1;34m
[pthread wrapper] SKIP MASK: 0x0
[0m[1;34m	threadid 139922053879552 -> core 1 - OK[0m[1;34m
[0m[1;34m	threadid 139922045486848 -> core 2 - OK[0m[1;34m
[0m[1;34m	threadid 139922037094144 -> core 3 - OK[0m[1;34m
[0m[1;34m	threadid 139922028701440 -> core 4 - OK[0m[1;34m
[0m[1;34m	threadid 139922020308736 -> core 5 - OK[0m[1;34m
[0mFLOPs in stencil code:      1.612620e+09
Time spent in stencil code: 0.142391
Performance in GFlop/s:     11.325297
