[1;34m[pthread wrapper] 
[0m[1;34m[pthread wrapper] MAIN -> 0
[0m[1;34m[pthread wrapper] PIN_MASK: [0m[1;34m0->1  [0m[1;34m1->2  [0m[1;34m2->3  [0m[1;34m3->4  [0m[1;34m4->5  [0m[1;34m5->6  [0m[1;34m6->7  [0m[1;34m7->8  [0m[1;34m8->9  [0m[1;34m9->10  [0m[1;34m10->11  [0m[1;34m11->12  [0m[1;34m12->13  [0m[1;34m13->14  [0m[1;34m14->15  [0m[1;34m
[pthread wrapper] SKIP MASK: 0x0
[0m[1;34m	threadid 139884908173056 -> core 1 - OK[0m[1;34m
[0m[1;34m	threadid 139884899780352 -> core 2 - OK[0m[1;34m
[0m[1;34m	threadid 139884891387648 -> core 3 - OK[0m[1;34m
[0m[1;34m	threadid 139884882994944 -> core 4 - OK[0m[1;34m
[0m[1;34m	threadid 139884874602240 -> core 5 - OK[0m[1;34m
[0m[1;34m	threadid 139884866209536 -> core 6 - OK[0m[1;34m
[0m[1;34m	threadid 139884857816832 -> core 7 - OK[0m[1;34m
[0m[1;34m	threadid 139884849424128 -> core 8 - OK[0m[1;34m
[0m[1;34m	threadid 139884841031424 -> core 9 - OK[0m[1;34m
[0m[1;34m	threadid 139884832638720 -> core 10 - OK[0m[1;34m
[0m[1;34m	threadid 139884824246016 -> core 11 - OK[0m[1;34m
[0m[1;34m	threadid 139884815853312 -> core 12 - OK[0m[1;34m
[0m[1;34m	threadid 139884807460608 -> core 13 - OK[0m[1;34m
[0m[1;34m	threadid 139884799067904 -> core 14 - OK[0m[1;34m
[0m[1;34m	threadid 139884790675200 -> core 15 - OK[0m[1;34m
[0mFLOPs in stencil code:      1.612620e+09
Time spent in stencil code: 0.069455
Performance in GFlop/s:     23.218229
[1;34m[pthread wrapper] 
[0m[1;34m[pthread wrapper] MAIN -> 0
[0m[1;34m[pthread wrapper] PIN_MASK: [0m[1;34m0->1  [0m[1;34m1->2  [0m[1;34m2->3  [0m[1;34m3->4  [0m[1;34m4->5  [0m[1;34m5->6  [0m[1;34m6->7  [0m[1;34m7->8  [0m[1;34m8->9  [0m[1;34m9->10  [0m[1;34m10->11  [0m[1;34m11->12  [0m[1;34m12->13  [0m[1;34m13->14  [0m[1;34m14->15  [0m[1;34m
[pthread wrapper] SKIP MASK: 0x0
[0m[1;34m	threadid 139927638267648 -> core 1 - OK[0m[1;34m
[0m[1;34m	threadid 139927629874944 -> core 2 - OK[0m[1;34m
[0m[1;34m	threadid 139927621482240 -> core 3 - OK[0m[1;34m
[0m[1;34m	threadid 139927613089536 -> core 4 - OK[0m[1;34m
[0m[1;34m	threadid 139927604696832 -> core 5 - OK[0m[1;34m
[0m[1;34m	threadid 139927596304128 -> core 6 - OK[0m[1;34m
[0m[1;34m	threadid 139927587911424 -> core 7 - OK[0m[1;34m
[0m[1;34m	threadid 139927579518720 -> core 8 - OK[0m[1;34m
[0m[1;34m	threadid 139927571126016 -> core 9 - OK[0m[1;34m
[0m[1;34m	threadid 139927562733312 -> core 10 - OK[0m[1;34m
[0m[1;34m	threadid 139927554340608 -> core 11 - OK[0m[1;34m
[0m[1;34m	threadid 139927545947904 -> core 12 - OK[0m[1;34m
[0m[1;34m	threadid 139927537555200 -> core 13 - OK[0m[1;34m
[0m[1;34m	threadid 139927529162496 -> core 14 - OK[0m[1;34m
[0m[1;34m	threadid 139927520769792 -> core 15 - OK[0m[1;34m
[0mFLOPs in stencil code:      1.612620e+09
Time spent in stencil code: 0.069258
Performance in GFlop/s:     23.284250
[1;34m[pthread wrapper] 
[0m[1;34m[pthread wrapper] MAIN -> 0
[0m[1;34m[pthread wrapper] PIN_MASK: [0m[1;34m0->1  [0m[1;34m1->2  [0m[1;34m2->3  [0m[1;34m3->4  [0m[1;34m4->5  [0m[1;34m5->6  [0m[1;34m6->7  [0m[1;34m7->8  [0m[1;34m8->9  [0m[1;34m9->10  [0m[1;34m10->11  [0m[1;34m11->12  [0m[1;34m12->13  [0m[1;34m13->14  [0m[1;34m14->15  [0m[1;34m
[pthread wrapper] SKIP MASK: 0x0
[0m[1;34m	threadid 140690801252096 -> core 1 - OK[0m[1;34m
[0m[1;34m	threadid 140690792859392 -> core 2 - OK[0m[1;34m
[0m[1;34m	threadid 140690784466688 -> core 3 - OK[0m[1;34m
[0m[1;34m	threadid 140690776073984 -> core 4 - OK[0m[1;34m
[0m[1;34m	threadid 140690767681280 -> core 5 - OK[0m[1;34m
[0m[1;34m	threadid 140690759288576 -> core 6 - OK[0m[1;34m
[0m[1;34m	threadid 140690750895872 -> core 7 - OK[0m[1;34m
[0m[1;34m	threadid 140690742503168 -> core 8 - OK[0m[1;34m
[0m[1;34m	threadid 140690734110464 -> core 9 - OK[0m[1;34m
[0m[1;34m	threadid 140690725717760 -> core 10 - OK[0m[1;34m
[0m[1;34m	threadid 140690717325056 -> core 11 - OK[0m[1;34m
[0m[1;34m	threadid 140690708932352 -> core 12 - OK[0m[1;34m
[0m[1;34m	threadid 140690700539648 -> core 13 - OK[0m[1;34m
[0m[1;34m	threadid 140690692146944 -> core 14 - OK[0m[1;34m
[0m[1;34m	threadid 140690683754240 -> core 15 - OK[0m[1;34m
[0mFLOPs in stencil code:      1.612620e+09
Time spent in stencil code: 0.068671
Performance in GFlop/s:     23.483279
[1;34m[pthread wrapper] 
[0m[1;34m[pthread wrapper] MAIN -> 0
[0m[1;34m[pthread wrapper] PIN_MASK: [0m[1;34m0->1  [0m[1;34m1->2  [0m[1;34m2->3  [0m[1;34m3->4  [0m[1;34m4->5  [0m[1;34m5->6  [0m[1;34m6->7  [0m[1;34m7->8  [0m[1;34m8->9  [0m[1;34m9->10  [0m[1;34m10->11  [0m[1;34m11->12  [0m[1;34m12->13  [0m[1;34m13->14  [0m[1;34m14->15  [0m[1;34m
[pthread wrapper] SKIP MASK: 0x0
[0m[1;34m	threadid 139978799404800 -> core 1 - OK[0m[1;34m
[0m[1;34m	threadid 139978791012096 -> core 2 - OK[0m[1;34m
[0m[1;34m	threadid 139978782619392 -> core 3 - OK[0m[1;34m
[0m[1;34m	threadid 139978774226688 -> core 4 - OK[0m[1;34m
[0m[1;34m	threadid 139978765833984 -> core 5 - OK[0m[1;34m
[0m[1;34m	threadid 139978757441280 -> core 6 - OK[0m[1;34m
[0m[1;34m	threadid 139978749048576 -> core 7 - OK[0m[1;34m
[0m[1;34m	threadid 139978740655872 -> core 8 - OK[0m[1;34m
[0m[1;34m	threadid 139978732263168 -> core 9 - OK[0m[1;34m
[0m[1;34m	threadid 139978723870464 -> core 10 - OK[0m[1;34m
[0m[1;34m	threadid 139978715477760 -> core 11 - OK[0m[1;34m
[0m[1;34m	threadid 139978707085056 -> core 12 - OK[0m[1;34m
[0m[1;34m	threadid 139978698692352 -> core 13 - OK[0m[1;34m
[0m[1;34m	threadid 139978690299648 -> core 14 - OK[0m[1;34m
[0m[1;34m	threadid 139978681906944 -> core 15 - OK[0m[1;34m
[0mFLOPs in stencil code:      1.612620e+09
Time spent in stencil code: 0.069461
Performance in GFlop/s:     23.216157
[1;34m[pthread wrapper] 
[0m[1;34m[pthread wrapper] MAIN -> 0
[0m[1;34m[pthread wrapper] PIN_MASK: [0m[1;34m0->1  [0m[1;34m1->2  [0m[1;34m2->3  [0m[1;34m3->4  [0m[1;34m4->5  [0m[1;34m5->6  [0m[1;34m6->7  [0m[1;34m7->8  [0m[1;34m8->9  [0m[1;34m9->10  [0m[1;34m10->11  [0m[1;34m11->12  [0m[1;34m12->13  [0m[1;34m13->14  [0m[1;34m14->15  [0m[1;34m
[pthread wrapper] SKIP MASK: 0x0
[0m[1;34m	threadid 140301886314240 -> core 1 - OK[0m[1;34m
[0m[1;34m	threadid 140301877921536 -> core 2 - OK[0m[1;34m
[0m[1;34m	threadid 140301869528832 -> core 3 - OK[0m[1;34m
[0m[1;34m	threadid 140301861136128 -> core 4 - OK[0m[1;34m
[0m[1;34m	threadid 140301852743424 -> core 5 - OK[0m[1;34m
[0m[1;34m	threadid 140301844350720 -> core 6 - OK[0m[1;34m
[0m[1;34m	threadid 140301835958016 -> core 7 - OK[0m[1;34m
[0m[1;34m	threadid 140301827565312 -> core 8 - OK[0m[1;34m
[0m[1;34m	threadid 140301819172608 -> core 9 - OK[0m[1;34m
[0m[1;34m	threadid 140301810779904 -> core 10 - OK[0m[1;34m
[0m[1;34m	threadid 140301802387200 -> core 11 - OK[0m[1;34m
[0m[1;34m	threadid 140301793994496 -> core 12 - OK[0m[1;34m
[0m[1;34m	threadid 140301785601792 -> core 13 - OK[0m[1;34m
[0m[1;34m	threadid 140301777209088 -> core 14 - OK[0m[1;34m
[0m[1;34m	threadid 140301768816384 -> core 15 - OK[0m[1;34m
[0mFLOPs in stencil code:      1.612620e+09
Time spent in stencil code: 0.068678
Performance in GFlop/s:     23.480915
