[1;34m[pthread wrapper] 
[0m[1;34m[pthread wrapper] MAIN -> 0
[0m[1;34m[pthread wrapper] PIN_MASK: [0m[1;34m0->1  [0m[1;34m1->2  [0m[1;34m2->3  [0m[1;34m
[pthread wrapper] SKIP MASK: 0x0
[0m[1;34m	threadid 139834008655616 -> core 1 - OK[0m[1;34m
[0m[1;34m	threadid 139834000262912 -> core 2 - OK[0m[1;34m
[0m[1;34m	threadid 139833991870208 -> core 3 - OK[0m[1;34m
[0mFLOPs in stencil code:      1.612620e+09
Time spent in stencil code: 0.189465
Performance in GFlop/s:     8.511438
[1;34m[pthread wrapper] 
[0m[1;34m[pthread wrapper] MAIN -> 0
[0m[1;34m[pthread wrapper] PIN_MASK: [0m[1;34m0->1  [0m[1;34m1->2  [0m[1;34m2->3  [0m[1;34m
[pthread wrapper] SKIP MASK: 0x0
[0m[1;34m	threadid 139798806386432 -> core 1 - OK[0m[1;34m
[0m[1;34m	threadid 139798797993728 -> core 2 - OK[0m[1;34m
[0m[1;34m	threadid 139798789601024 -> core 3 - OK[0m[1;34m
[0mFLOPs in stencil code:      1.612620e+09
Time spent in stencil code: 0.189480
Performance in GFlop/s:     8.510763
[1;34m[pthread wrapper] 
[0m[1;34m[pthread wrapper] MAIN -> 0
[0m[1;34m[pthread wrapper] PIN_MASK: [0m[1;34m0->1  [0m[1;34m1->2  [0m[1;34m2->3  [0m[1;34m
[pthread wrapper] SKIP MASK: 0x0
[0m[1;34m	threadid 140098357712640 -> core 1 - OK[0m[1;34m
[0m[1;34m	threadid 140098349319936 -> core 2 - OK[0m[1;34m
[0m[1;34m	threadid 140098340927232 -> core 3 - OK[0m[1;34m
[0mFLOPs in stencil code:      1.612620e+09
Time spent in stencil code: 0.190122
Performance in GFlop/s:     8.482022
[1;34m[pthread wrapper] 
[0m[1;34m[pthread wrapper] MAIN -> 0
[0m[1;34m[pthread wrapper] PIN_MASK: [0m[1;34m0->1  [0m[1;34m1->2  [0m[1;34m2->3  [0m[1;34m
[pthread wrapper] SKIP MASK: 0x0
[0m[1;34m	threadid 140486524851968 -> core 1 - OK[0m[1;34m
[0m[1;34m	threadid 140486516459264 -> core 2 - OK[0m[1;34m
[0m[1;34m	threadid 140486508066560 -> core 3 - OK[0m[1;34m
[0mFLOPs in stencil code:      1.612620e+09
Time spent in stencil code: 0.189985
Performance in GFlop/s:     8.488142
[1;34m[pthread wrapper] 
[0m[1;34m[pthread wrapper] MAIN -> 0
[0m[1;34m[pthread wrapper] PIN_MASK: [0m[1;34m0->1  [0m[1;34m1->2  [0m[1;34m2->3  [0m[1;34m
[pthread wrapper] SKIP MASK: 0x0
[0m[1;34m	threadid 139828493113088 -> core 1 - OK[0m[1;34m
[0m[1;34m	threadid 139828484720384 -> core 2 - OK[0m[1;34m
[0m[1;34m	threadid 139828476327680 -> core 3 - OK[0m[1;34m
[0mFLOPs in stencil code:      1.612620e+09
Time spent in stencil code: 0.191859
Performance in GFlop/s:     8.405235
