[1;34m[pthread wrapper] 
[0m[1;34m[pthread wrapper] MAIN -> 0
[0m[1;34m[pthread wrapper] PIN_MASK: [0m[1;34m0->1  [0m[1;34m1->2  [0m[1;34m2->3  [0m[1;34m3->4  [0m[1;34m4->5  [0m[1;34m
[pthread wrapper] SKIP MASK: 0x0
[0m[1;34m	threadid 140226932791040 -> core 1 - OK[0m[1;34m
[0m[1;34m	threadid 140226924398336 -> core 2 - OK[0m[1;34m
[0m[1;34m	threadid 140226916005632 -> core 3 - OK[0m[1;34m
[0m[1;34m	threadid 140226907612928 -> core 4 - OK[0m[1;34m
[0m[1;34m	threadid 140226899220224 -> core 5 - OK[0m[1;34m
[0mFLOPs in stencil code:      1.612620e+09
Time spent in stencil code: 0.141931
Performance in GFlop/s:     11.361995
[1;34m[pthread wrapper] 
[0m[1;34m[pthread wrapper] MAIN -> 0
[0m[1;34m[pthread wrapper] PIN_MASK: [0m[1;34m0->1  [0m[1;34m1->2  [0m[1;34m2->3  [0m[1;34m3->4  [0m[1;34m4->5  [0m[1;34m
[pthread wrapper] SKIP MASK: 0x0
[0m[1;34m	threadid 140671815603968 -> core 1 - OK[0m[1;34m
[0m[1;34m	threadid 140671807211264 -> core 2 - OK[0m[1;34m
[0m[1;34m	threadid 140671798818560 -> core 3 - OK[0m[1;34m
[0m[1;34m	threadid 140671790425856 -> core 4 - OK[0m[1;34m
[0m[1;34m	threadid 140671782033152 -> core 5 - OK[0m[1;34m
[0mFLOPs in stencil code:      1.612620e+09
Time spent in stencil code: 0.142348
Performance in GFlop/s:     11.328711
[1;34m[pthread wrapper] 
[0m[1;34m[pthread wrapper] MAIN -> 0
[0m[1;34m[pthread wrapper] PIN_MASK: [0m[1;34m0->1  [0m[1;34m1->2  [0m[1;34m2->3  [0m[1;34m3->4  [0m[1;34m4->5  [0m[1;34m
[pthread wrapper] SKIP MASK: 0x0
[0m[1;34m	threadid 139668755011328 -> core 1 - OK[0m[1;34m
[0m[1;34m	threadid 139668746618624 -> core 2 - OK[0m[1;34m
[0m[1;34m	threadid 139668738225920 -> core 3 - OK[0m[1;34m
[0m[1;34m	threadid 139668729833216 -> core 4 - OK[0m[1;34m
[0m[1;34m	threadid 139668721440512 -> core 5 - OK[0m[1;34m
[0mFLOPs in stencil code:      1.612620e+09
Time spent in stencil code: 0.142978
Performance in GFlop/s:     11.278802
[1;34m[pthread wrapper] 
[0m[1;34m[pthread wrapper] MAIN -> 0
[0m[1;34m[pthread wrapper] PIN_MASK: [0m[1;34m0->1  [0m[1;34m1->2  [0m[1;34m2->3  [0m[1;34m3->4  [0m[1;34m4->5  [0m[1;34m
[pthread wrapper] SKIP MASK: 0x0
[0m[1;34m	threadid 139947325216512 -> core 1 - OK[0m[1;34m
[0m[1;34m	threadid 139947316823808 -> core 2 - OK[0m[1;34m
[0m[1;34m	threadid 139947308431104 -> core 3 - OK[0m[1;34m
[0m[1;34m	threadid 139947300038400 -> core 4 - OK[0m[1;34m
[0m[1;34m	threadid 139947291645696 -> core 5 - OK[0m[1;34m
[0mFLOPs in stencil code:      1.612620e+09
Time spent in stencil code: 0.142318
Performance in GFlop/s:     11.331103
[1;34m[pthread wrapper] 
[0m[1;34m[pthread wrapper] MAIN -> 0
[0m[1;34m[pthread wrapper] PIN_MASK: [0m[1;34m0->1  [0m[1;34m1->2  [0m[1;34m2->3  [0m[1;34m3->4  [0m[1;34m4->5  [0m[1;34m
[pthread wrapper] SKIP MASK: 0x0
[0m[1;34m	threadid 139708665714432 -> core 1 - OK[0m[1;34m
[0m[1;34m	threadid 139708657321728 -> core 2 - OK[0m[1;34m
[0m[1;34m	threadid 139708648929024 -> core 3 - OK[0m[1;34m
[0m[1;34m	threadid 139708640536320 -> core 4 - OK[0m[1;34m
[0m[1;34m	threadid 139708632143616 -> core 5 - OK[0m[1;34m
[0mFLOPs in stencil code:      1.612620e+09
Time spent in stencil code: 0.141713
Performance in GFlop/s:     11.379486
