[1;34m[pthread wrapper] 
[0m[1;34m[pthread wrapper] MAIN -> 0
[0m[1;34m[pthread wrapper] PIN_MASK: [0m[1;34m0->1  [0m[1;34m1->2  [0m[1;34m2->3  [0m[1;34m3->4  [0m[1;34m4->5  [0m[1;34m5->6  [0m[1;34m6->7  [0m[1;34m7->8  [0m[1;34m8->9  [0m[1;34m9->10  [0m[1;34m10->11  [0m[1;34m11->12  [0m[1;34m12->13  [0m[1;34m13->14  [0m[1;34m14->15  [0m[1;34m15->16  [0m[1;34m16->17  [0m[1;34m17->18  [0m[1;34m18->19  [0m[1;34m19->20  [0m[1;34m20->21  [0m[1;34m21->22  [0m[1;34m22->23  [0m[1;34m
[pthread wrapper] SKIP MASK: 0x0
[0m[1;34m	threadid 140072912901888 -> core 1 - OK[0m[1;34m
[0m[1;34m	threadid 140072904509184 -> core 2 - OK[0m[1;34m
[0m[1;34m	threadid 140072896116480 -> core 3 - OK[0m[1;34m
[0m[1;34m	threadid 140072887723776 -> core 4 - OK[0m[1;34m
[0m[1;34m	threadid 140072879331072 -> core 5 - OK[0m[1;34m
[0m[1;34m	threadid 140072870938368 -> core 6 - OK[0m[1;34m
[0m[1;34m	threadid 140072862545664 -> core 7 - OK[0m[1;34m
[0m[1;34m	threadid 140072854152960 -> core 8 - OK[0m[1;34m
[0m[1;34m	threadid 140072845760256 -> core 9 - OK[0m[1;34m
[0m[1;34m	threadid 140072837367552 -> core 10 - OK[0m[1;34m
[0m[1;34m	threadid 140072828974848 -> core 11 - OK[0m[1;34m
[0m[1;34m	threadid 140072820582144 -> core 12 - OK[0m[1;34m
[0m[1;34m	threadid 140072812189440 -> core 13 - OK[0m[1;34m
[0m[1;34m	threadid 140072803796736 -> core 14 - OK[0m[1;34m
[0m[1;34m	threadid 140072795404032 -> core 15 - OK[0m[1;34m
[0m[1;34m	threadid 140072787011328 -> core 16 - OK[0m[1;34m
[0m[1;34m	threadid 140072778618624 -> core 17 - OK[0m[1;34m
[0m[1;34m	threadid 140072770225920 -> core 18 - OK[0m[1;34m
[0m[1;34m	threadid 140072761833216 -> core 19 - OK[0m[1;34m
[0m[1;34m	threadid 140072753440512 -> core 20 - OK[0m[1;34m
[0m[1;34m	threadid 140072745047808 -> core 21 - OK[0m[1;34m
[0m[1;34m	threadid 140072736655104 -> core 22 - OK[0m[1;34m
[0m[1;34m	threadid 140072728262400 -> core 23 - OK[0m[1;34m
[0mFLOPs in stencil code:      1.612620e+09
Time spent in stencil code: 0.052299
Performance in GFlop/s:     30.834611
[1;34m[pthread wrapper] 
[0m[1;34m[pthread wrapper] MAIN -> 0
[0m[1;34m[pthread wrapper] PIN_MASK: [0m[1;34m0->1  [0m[1;34m1->2  [0m[1;34m2->3  [0m[1;34m3->4  [0m[1;34m4->5  [0m[1;34m5->6  [0m[1;34m6->7  [0m[1;34m7->8  [0m[1;34m8->9  [0m[1;34m9->10  [0m[1;34m10->11  [0m[1;34m11->12  [0m[1;34m12->13  [0m[1;34m13->14  [0m[1;34m14->15  [0m[1;34m15->16  [0m[1;34m16->17  [0m[1;34m17->18  [0m[1;34m18->19  [0m[1;34m19->20  [0m[1;34m20->21  [0m[1;34m21->22  [0m[1;34m22->23  [0m[1;34m
[pthread wrapper] SKIP MASK: 0x0
[0m[1;34m	threadid 139920272021248 -> core 1 - OK[0m[1;34m
[0m[1;34m	threadid 139920263628544 -> core 2 - OK[0m[1;34m
[0m[1;34m	threadid 139920255235840 -> core 3 - OK[0m[1;34m
[0m[1;34m	threadid 139920246843136 -> core 4 - OK[0m[1;34m
[0m[1;34m	threadid 139920238450432 -> core 5 - OK[0m[1;34m
[0m[1;34m	threadid 139920230057728 -> core 6 - OK[0m[1;34m
[0m[1;34m	threadid 139920221665024 -> core 7 - OK[0m[1;34m
[0m[1;34m	threadid 139920213272320 -> core 8 - OK[0m[1;34m
[0m[1;34m	threadid 139920204879616 -> core 9 - OK[0m[1;34m
[0m[1;34m	threadid 139920196486912 -> core 10 - OK[0m[1;34m
[0m[1;34m	threadid 139920188094208 -> core 11 - OK[0m[1;34m
[0m[1;34m	threadid 139920179701504 -> core 12 - OK[0m[1;34m
[0m[1;34m	threadid 139920171308800 -> core 13 - OK[0m[1;34m
[0m[1;34m	threadid 139920162916096 -> core 14 - OK[0m[1;34m
[0m[1;34m	threadid 139920154523392 -> core 15 - OK[0m[1;34m
[0m[1;34m	threadid 139920146130688 -> core 16 - OK[0m[1;34m
[0m[1;34m	threadid 139920137737984 -> core 17 - OK[0m[1;34m
[0m[1;34m	threadid 139920129345280 -> core 18 - OK[0m[1;34m
[0m[1;34m	threadid 139920120952576 -> core 19 - OK[0m[1;34m
[0m[1;34m	threadid 139920112559872 -> core 20 - OK[0m[1;34m
[0m[1;34m	threadid 139920104167168 -> core 21 - OK[0m[1;34m
[0m[1;34m	threadid 139920095774464 -> core 22 - OK[0m[1;34m
[0m[1;34m	threadid 139920087381760 -> core 23 - OK[0m[1;34m
[0mFLOPs in stencil code:      1.612620e+09
Time spent in stencil code: 0.053270
Performance in GFlop/s:     30.272651
[1;34m[pthread wrapper] 
[0m[1;34m[pthread wrapper] MAIN -> 0
[0m[1;34m[pthread wrapper] PIN_MASK: [0m[1;34m0->1  [0m[1;34m1->2  [0m[1;34m2->3  [0m[1;34m3->4  [0m[1;34m4->5  [0m[1;34m5->6  [0m[1;34m6->7  [0m[1;34m7->8  [0m[1;34m8->9  [0m[1;34m9->10  [0m[1;34m10->11  [0m[1;34m11->12  [0m[1;34m12->13  [0m[1;34m13->14  [0m[1;34m14->15  [0m[1;34m15->16  [0m[1;34m16->17  [0m[1;34m17->18  [0m[1;34m18->19  [0m[1;34m19->20  [0m[1;34m20->21  [0m[1;34m21->22  [0m[1;34m22->23  [0m[1;34m
[pthread wrapper] SKIP MASK: 0x0
[0m[1;34m	threadid 139704792831744 -> core 1 - OK[0m[1;34m
[0m[1;34m	threadid 139704784439040 -> core 2 - OK[0m[1;34m
[0m[1;34m	threadid 139704776046336 -> core 3 - OK[0m[1;34m
[0m[1;34m	threadid 139704767653632 -> core 4 - OK[0m[1;34m
[0m[1;34m	threadid 139704759260928 -> core 5 - OK[0m[1;34m
[0m[1;34m	threadid 139704750868224 -> core 6 - OK[0m[1;34m
[0m[1;34m	threadid 139704742475520 -> core 7 - OK[0m[1;34m
[0m[1;34m	threadid 139704734082816 -> core 8 - OK[0m[1;34m
[0m[1;34m	threadid 139704725690112 -> core 9 - OK[0m[1;34m
[0m[1;34m	threadid 139704717297408 -> core 10 - OK[0m[1;34m
[0m[1;34m	threadid 139704708904704 -> core 11 - OK[0m[1;34m
[0m[1;34m	threadid 139704700512000 -> core 12 - OK[0m[1;34m
[0m[1;34m	threadid 139704692119296 -> core 13 - OK[0m[1;34m
[0m[1;34m	threadid 139704683726592 -> core 14 - OK[0m[1;34m
[0m[1;34m	threadid 139704675333888 -> core 15 - OK[0m[1;34m
[0m[1;34m	threadid 139704666941184 -> core 16 - OK[0m[1;34m
[0m[1;34m	threadid 139704658548480 -> core 17 - OK[0m[1;34m
[0m[1;34m	threadid 139704650155776 -> core 18 - OK[0m[1;34m
[0m[1;34m	threadid 139704641763072 -> core 19 - OK[0m[1;34m
[0m[1;34m	threadid 139704633370368 -> core 20 - OK[0m[1;34m
[0m[1;34m	threadid 139704624977664 -> core 21 - OK[0m[1;34m
[0m[1;34m	threadid 139704616584960 -> core 22 - OK[0m[1;34m
[0m[1;34m	threadid 139704608192256 -> core 23 - OK[0m[1;34m
[0mFLOPs in stencil code:      1.612620e+09
Time spent in stencil code: 0.052384
Performance in GFlop/s:     30.784650
[1;34m[pthread wrapper] 
[0m[1;34m[pthread wrapper] MAIN -> 0
[0m[1;34m[pthread wrapper] PIN_MASK: [0m[1;34m0->1  [0m[1;34m1->2  [0m[1;34m2->3  [0m[1;34m3->4  [0m[1;34m4->5  [0m[1;34m5->6  [0m[1;34m6->7  [0m[1;34m7->8  [0m[1;34m8->9  [0m[1;34m9->10  [0m[1;34m10->11  [0m[1;34m11->12  [0m[1;34m12->13  [0m[1;34m13->14  [0m[1;34m14->15  [0m[1;34m15->16  [0m[1;34m16->17  [0m[1;34m17->18  [0m[1;34m18->19  [0m[1;34m19->20  [0m[1;34m20->21  [0m[1;34m21->22  [0m[1;34m22->23  [0m[1;34m
[pthread wrapper] SKIP MASK: 0x0
[0m[1;34m	threadid 140478103410432 -> core 1 - OK[0m[1;34m
[0m[1;34m	threadid 140478095017728 -> core 2 - OK[0m[1;34m
[0m[1;34m	threadid 140478086625024 -> core 3 - OK[0m[1;34m
[0m[1;34m	threadid 140478078232320 -> core 4 - OK[0m[1;34m
[0m[1;34m	threadid 140478069839616 -> core 5 - OK[0m[1;34m
[0m[1;34m	threadid 140478061446912 -> core 6 - OK[0m[1;34m
[0m[1;34m	threadid 140478053054208 -> core 7 - OK[0m[1;34m
[0m[1;34m	threadid 140478044661504 -> core 8 - OK[0m[1;34m
[0m[1;34m	threadid 140478036268800 -> core 9 - OK[0m[1;34m
[0m[1;34m	threadid 140478027876096 -> core 10 - OK[0m[1;34m
[0m[1;34m	threadid 140478019483392 -> core 11 - OK[0m[1;34m
[0m[1;34m	threadid 140478011090688 -> core 12 - OK[0m[1;34m
[0m[1;34m	threadid 140478002697984 -> core 13 - OK[0m[1;34m
[0m[1;34m	threadid 140477994305280 -> core 14 - OK[0m[1;34m
[0m[1;34m	threadid 140477985912576 -> core 15 - OK[0m[1;34m
[0m[1;34m	threadid 140477977519872 -> core 16 - OK[0m[1;34m
[0m[1;34m	threadid 140477969127168 -> core 17 - OK[0m[1;34m
[0m[1;34m	threadid 140477960734464 -> core 18 - OK[0m[1;34m
[0m[1;34m	threadid 140477952341760 -> core 19 - OK[0m[1;34m
[0m[1;34m	threadid 140477943949056 -> core 20 - OK[0m[1;34m
[0m[1;34m	threadid 140477935556352 -> core 21 - OK[0m[1;34m
[0m[1;34m	threadid 140477927163648 -> core 22 - OK[0m[1;34m
[0m[1;34m	threadid 140477918770944 -> core 23 - OK[0m[1;34m
[0mFLOPs in stencil code:      1.612620e+09
Time spent in stencil code: 0.052513
Performance in GFlop/s:     30.708896
[1;34m[pthread wrapper] 
[0m[1;34m[pthread wrapper] MAIN -> 0
[0m[1;34m[pthread wrapper] PIN_MASK: [0m[1;34m0->1  [0m[1;34m1->2  [0m[1;34m2->3  [0m[1;34m3->4  [0m[1;34m4->5  [0m[1;34m5->6  [0m[1;34m6->7  [0m[1;34m7->8  [0m[1;34m8->9  [0m[1;34m9->10  [0m[1;34m10->11  [0m[1;34m11->12  [0m[1;34m12->13  [0m[1;34m13->14  [0m[1;34m14->15  [0m[1;34m15->16  [0m[1;34m16->17  [0m[1;34m17->18  [0m[1;34m18->19  [0m[1;34m19->20  [0m[1;34m20->21  [0m[1;34m21->22  [0m[1;34m22->23  [0m[1;34m
[pthread wrapper] SKIP MASK: 0x0
[0m[1;34m	threadid 140615016601344 -> core 1 - OK[0m[1;34m
[0m[1;34m	threadid 140615008208640 -> core 2 - OK[0m[1;34m
[0m[1;34m	threadid 140614999815936 -> core 3 - OK[0m[1;34m
[0m[1;34m	threadid 140614991423232 -> core 4 - OK[0m[1;34m
[0m[1;34m	threadid 140614983030528 -> core 5 - OK[0m[1;34m
[0m[1;34m	threadid 140614974637824 -> core 6 - OK[0m[1;34m
[0m[1;34m	threadid 140614966245120 -> core 7 - OK[0m[1;34m
[0m[1;34m	threadid 140614957852416 -> core 8 - OK[0m[1;34m
[0m[1;34m	threadid 140614949459712 -> core 9 - OK[0m[1;34m
[0m[1;34m	threadid 140614941067008 -> core 10 - OK[0m[1;34m
[0m[1;34m	threadid 140614932674304 -> core 11 - OK[0m[1;34m
[0m[1;34m	threadid 140614924281600 -> core 12 - OK[0m[1;34m
[0m[1;34m	threadid 140614915888896 -> core 13 - OK[0m[1;34m
[0m[1;34m	threadid 140614907496192 -> core 14 - OK[0m[1;34m
[0m[1;34m	threadid 140614899103488 -> core 15 - OK[0m[1;34m
[0m[1;34m	threadid 140614890710784 -> core 16 - OK[0m[1;34m
[0m[1;34m	threadid 140614882318080 -> core 17 - OK[0m[1;34m
[0m[1;34m	threadid 140614873925376 -> core 18 - OK[0m[1;34m
[0m[1;34m	threadid 140614865532672 -> core 19 - OK[0m[1;34m
[0m[1;34m	threadid 140614857139968 -> core 20 - OK[0m[1;34m
[0m[1;34m	threadid 140614848747264 -> core 21 - OK[0m[1;34m
[0m[1;34m	threadid 140614840354560 -> core 22 - OK[0m[1;34m
[0m[1;34m	threadid 140614831961856 -> core 23 - OK[0m[1;34m
[0mFLOPs in stencil code:      1.612620e+09
Time spent in stencil code: 0.052540
Performance in GFlop/s:     30.693149
