[1;34m[pthread wrapper] 
[0m[1;34m[pthread wrapper] MAIN -> 0
[0m[1;34m[pthread wrapper] PIN_MASK: [0m[1;34m0->1  [0m[1;34m1->2  [0m[1;34m2->3  [0m[1;34m3->4  [0m[1;34m4->5  [0m[1;34m5->6  [0m[1;34m6->7  [0m[1;34m7->8  [0m[1;34m8->9  [0m[1;34m9->10  [0m[1;34m10->11  [0m[1;34m
[pthread wrapper] SKIP MASK: 0x0
[0m[1;34m	threadid 139898841782016 -> core 1 - OK[0m[1;34m
[0m[1;34m	threadid 139898833389312 -> core 2 - OK[0m[1;34m
[0m[1;34m	threadid 139898824996608 -> core 3 - OK[0m[1;34m
[0m[1;34m	threadid 139898816603904 -> core 4 - OK[0m[1;34m
[0m[1;34m	threadid 139898808211200 -> core 5 - OK[0m[1;34m
[0m[1;34m	threadid 139898799818496 -> core 6 - OK[0m[1;34m
[0m[1;34m	threadid 139898791425792 -> core 7 - OK[0m[1;34m
[0m[1;34m	threadid 139898783033088 -> core 8 - OK[0m[1;34m
[0m[1;34m	threadid 139898774640384 -> core 9 - OK[0m[1;34m
[0m[1;34m	threadid 139898766247680 -> core 10 - OK[0m[1;34m
[0m[1;34m	threadid 139898757854976 -> core 11 - OK[0m[1;34m
[0mFLOPs in stencil code:      1.612620e+09
Time spent in stencil code: 0.085594
Performance in GFlop/s:     18.840300
[1;34m[pthread wrapper] 
[0m[1;34m[pthread wrapper] MAIN -> 0
[0m[1;34m[pthread wrapper] PIN_MASK: [0m[1;34m0->1  [0m[1;34m1->2  [0m[1;34m2->3  [0m[1;34m3->4  [0m[1;34m4->5  [0m[1;34m5->6  [0m[1;34m6->7  [0m[1;34m7->8  [0m[1;34m8->9  [0m[1;34m9->10  [0m[1;34m10->11  [0m[1;34m
[pthread wrapper] SKIP MASK: 0x0
[0m[1;34m	threadid 140101716596480 -> core 1 - OK[0m[1;34m
[0m[1;34m	threadid 140101708203776 -> core 2 - OK[0m[1;34m
[0m[1;34m	threadid 140101699811072 -> core 3 - OK[0m[1;34m
[0m[1;34m	threadid 140101691418368 -> core 4 - OK[0m[1;34m
[0m[1;34m	threadid 140101683025664 -> core 5 - OK[0m[1;34m
[0m[1;34m	threadid 140101674632960 -> core 6 - OK[0m[1;34m
[0m[1;34m	threadid 140101666240256 -> core 7 - OK[0m[1;34m
[0m[1;34m	threadid 140101657847552 -> core 8 - OK[0m[1;34m
[0m[1;34m	threadid 140101649454848 -> core 9 - OK[0m[1;34m
[0m[1;34m	threadid 140101641062144 -> core 10 - OK[0m[1;34m
[0m[1;34m	threadid 140101632669440 -> core 11 - OK[0m[1;34m
[0mFLOPs in stencil code:      1.612620e+09
Time spent in stencil code: 0.084723
Performance in GFlop/s:     19.034029
[1;34m[pthread wrapper] 
[0m[1;34m[pthread wrapper] MAIN -> 0
[0m[1;34m[pthread wrapper] PIN_MASK: [0m[1;34m0->1  [0m[1;34m1->2  [0m[1;34m2->3  [0m[1;34m3->4  [0m[1;34m4->5  [0m[1;34m5->6  [0m[1;34m6->7  [0m[1;34m7->8  [0m[1;34m8->9  [0m[1;34m9->10  [0m[1;34m10->11  [0m[1;34m
[pthread wrapper] SKIP MASK: 0x0
[0m[1;34m	threadid 140708482373376 -> core 1 - OK[0m[1;34m
[0m[1;34m	threadid 140708473980672 -> core 2 - OK[0m[1;34m
[0m[1;34m	threadid 140708465587968 -> core 3 - OK[0m[1;34m
[0m[1;34m	threadid 140708457195264 -> core 4 - OK[0m[1;34m
[0m[1;34m	threadid 140708448802560 -> core 5 - OK[0m[1;34m
[0m[1;34m	threadid 140708440409856 -> core 6 - OK[0m[1;34m
[0m[1;34m	threadid 140708432017152 -> core 7 - OK[0m[1;34m
[0m[1;34m	threadid 140708423624448 -> core 8 - OK[0m[1;34m
[0m[1;34m	threadid 140708415231744 -> core 9 - OK[0m[1;34m
[0m[1;34m	threadid 140708406839040 -> core 10 - OK[0m[1;34m
[0m[1;34m	threadid 140708398446336 -> core 11 - OK[0m[1;34m
[0mFLOPs in stencil code:      1.612620e+09
Time spent in stencil code: 0.084645
Performance in GFlop/s:     19.051561
[1;34m[pthread wrapper] 
[0m[1;34m[pthread wrapper] MAIN -> 0
[0m[1;34m[pthread wrapper] PIN_MASK: [0m[1;34m0->1  [0m[1;34m1->2  [0m[1;34m2->3  [0m[1;34m3->4  [0m[1;34m4->5  [0m[1;34m5->6  [0m[1;34m6->7  [0m[1;34m7->8  [0m[1;34m8->9  [0m[1;34m9->10  [0m[1;34m10->11  [0m[1;34m
[pthread wrapper] SKIP MASK: 0x0
[0m[1;34m	threadid 140149611452160 -> core 1 - OK[0m[1;34m
[0m[1;34m	threadid 140149603059456 -> core 2 - OK[0m[1;34m
[0m[1;34m	threadid 140149594666752 -> core 3 - OK[0m[1;34m
[0m[1;34m	threadid 140149586274048 -> core 4 - OK[0m[1;34m
[0m[1;34m	threadid 140149577881344 -> core 5 - OK[0m[1;34m
[0m[1;34m	threadid 140149569488640 -> core 6 - OK[0m[1;34m
[0m[1;34m	threadid 140149561095936 -> core 7 - OK[0m[1;34m
[0m[1;34m	threadid 140149552703232 -> core 8 - OK[0m[1;34m
[0m[1;34m	threadid 140149544310528 -> core 9 - OK[0m[1;34m
[0m[1;34m	threadid 140149535917824 -> core 10 - OK[0m[1;34m
[0m[1;34m	threadid 140149527525120 -> core 11 - OK[0m[1;34m
[0mFLOPs in stencil code:      1.612620e+09
Time spent in stencil code: 0.084855
Performance in GFlop/s:     19.004455
[1;34m[pthread wrapper] 
[0m[1;34m[pthread wrapper] MAIN -> 0
[0m[1;34m[pthread wrapper] PIN_MASK: [0m[1;34m0->1  [0m[1;34m1->2  [0m[1;34m2->3  [0m[1;34m3->4  [0m[1;34m4->5  [0m[1;34m5->6  [0m[1;34m6->7  [0m[1;34m7->8  [0m[1;34m8->9  [0m[1;34m9->10  [0m[1;34m10->11  [0m[1;34m
[pthread wrapper] SKIP MASK: 0x0
[0m[1;34m	threadid 140186286675712 -> core 1 - OK[0m[1;34m
[0m[1;34m	threadid 140186278283008 -> core 2 - OK[0m[1;34m
[0m[1;34m	threadid 140186269890304 -> core 3 - OK[0m[1;34m
[0m[1;34m	threadid 140186261497600 -> core 4 - OK[0m[1;34m
[0m[1;34m	threadid 140186253104896 -> core 5 - OK[0m[1;34m
[0m[1;34m	threadid 140186244712192 -> core 6 - OK[0m[1;34m
[0m[1;34m	threadid 140186236319488 -> core 7 - OK[0m[1;34m
[0m[1;34m	threadid 140186227926784 -> core 8 - OK[0m[1;34m
[0m[1;34m	threadid 140186219534080 -> core 9 - OK[0m[1;34m
[0m[1;34m	threadid 140186211141376 -> core 10 - OK[0m[1;34m
[0m[1;34m	threadid 140186202748672 -> core 11 - OK[0m[1;34m
[0mFLOPs in stencil code:      1.612620e+09
Time spent in stencil code: 0.084120
Performance in GFlop/s:     19.170463
