[1;34m[pthread wrapper] 
[0m[1;34m[pthread wrapper] MAIN -> 0
[0m[1;34m[pthread wrapper] PIN_MASK: [0m[1;34m0->1  [0m[1;34m1->2  [0m[1;34m2->3  [0m[1;34m3->4  [0m[1;34m4->5  [0m[1;34m5->6  [0m[1;34m6->7  [0m[1;34m7->8  [0m[1;34m8->9  [0m[1;34m9->10  [0m[1;34m10->11  [0m[1;34m11->12  [0m[1;34m12->13  [0m[1;34m13->14  [0m[1;34m14->15  [0m[1;34m15->16  [0m[1;34m16->17  [0m[1;34m17->18  [0m[1;34m18->19  [0m[1;34m19->20  [0m[1;34m20->21  [0m[1;34m21->22  [0m[1;34m22->23  [0m[1;34m23->24  [0m[1;34m24->25  [0m[1;34m25->26  [0m[1;34m26->27  [0m[1;34m27->28  [0m[1;34m28->29  [0m[1;34m29->30  [0m[1;34m30->31  [0m[1;34m
[pthread wrapper] SKIP MASK: 0x0
[0m[1;34m	threadid 140237840045824 -> core 1 - OK[0m[1;34m
[0m[1;34m	threadid 140237831653120 -> core 2 - OK[0m[1;34m
[0m[1;34m	threadid 140237823260416 -> core 3 - OK[0m[1;34m
[0m[1;34m	threadid 140237814867712 -> core 4 - OK[0m[1;34m
[0m[1;34m	threadid 140237806475008 -> core 5 - OK[0m[1;34m
[0m[1;34m	threadid 140237798082304 -> core 6 - OK[0m[1;34m
[0m[1;34m	threadid 140237789689600 -> core 7 - OK[0m[1;34m
[0m[1;34m	threadid 140237781296896 -> core 8 - OK[0m[1;34m
[0m[1;34m	threadid 140237772904192 -> core 9 - OK[0m[1;34m
[0m[1;34m	threadid 140237764511488 -> core 10 - OK[0m[1;34m
[0m[1;34m	threadid 140237756118784 -> core 11 - OK[0m[1;34m
[0m[1;34m	threadid 140237747726080 -> core 12 - OK[0m[1;34m
[0m[1;34m	threadid 140237739333376 -> core 13 - OK[0m[1;34m
[0m[1;34m	threadid 140237730940672 -> core 14 - OK[0m[1;34m
[0m[1;34m	threadid 140237722547968 -> core 15 - OK[0m[1;34m
[0m[1;34m	threadid 140237714155264 -> core 16 - OK[0m[1;34m
[0m[1;34m	threadid 140237705762560 -> core 17 - OK[0m[1;34m
[0m[1;34m	threadid 140237697369856 -> core 18 - OK[0m[1;34m
[0m[1;34m	threadid 140237688977152 -> core 19 - OK[0m[1;34m
[0m[1;34m	threadid 140237680584448 -> core 20 - OK[0m[1;34m
[0m[1;34m	threadid 140237672191744 -> core 21 - OK[0m[1;34m
[0m[1;34m	threadid 140237663799040 -> core 22 - OK[0m[1;34m
[0m[1;34m	threadid 140237655406336 -> core 23 - OK[0m[1;34m
[0m[1;34m	threadid 140237647013632 -> core 24 - OK[0m[1;34m
[0m[1;34m	threadid 140237638620928 -> core 25 - OK[0m[1;34m
[0m[1;34m	threadid 140237630228224 -> core 26 - OK[0m[1;34m
[0m[1;34m	threadid 140237621835520 -> core 27 - OK[0m[1;34m
[0m[1;34m	threadid 140237613442816 -> core 28 - OK[0m[1;34m
[0m[1;34m	threadid 140237605050112 -> core 29 - OK[0m[1;34m
[0m[1;34m	threadid 140237596657408 -> core 30 - OK[0m[1;34m
[0m[1;34m	threadid 140237588264704 -> core 31 - OK[0m[1;34m
[0mFLOPs in stencil code:      1.612620e+09
Time spent in stencil code: 0.038441
Performance in GFlop/s:     41.950584
[1;34m[pthread wrapper] 
[0m[1;34m[pthread wrapper] MAIN -> 0
[0m[1;34m[pthread wrapper] PIN_MASK: [0m[1;34m0->1  [0m[1;34m1->2  [0m[1;34m2->3  [0m[1;34m3->4  [0m[1;34m4->5  [0m[1;34m5->6  [0m[1;34m6->7  [0m[1;34m7->8  [0m[1;34m8->9  [0m[1;34m9->10  [0m[1;34m10->11  [0m[1;34m11->12  [0m[1;34m12->13  [0m[1;34m13->14  [0m[1;34m14->15  [0m[1;34m15->16  [0m[1;34m16->17  [0m[1;34m17->18  [0m[1;34m18->19  [0m[1;34m19->20  [0m[1;34m20->21  [0m[1;34m21->22  [0m[1;34m22->23  [0m[1;34m23->24  [0m[1;34m24->25  [0m[1;34m25->26  [0m[1;34m26->27  [0m[1;34m27->28  [0m[1;34m28->29  [0m[1;34m29->30  [0m[1;34m30->31  [0m[1;34m
[pthread wrapper] SKIP MASK: 0x0
[0m[1;34m	threadid 140548309735168 -> core 1 - OK[0m[1;34m
[0m[1;34m	threadid 140548301342464 -> core 2 - OK[0m[1;34m
[0m[1;34m	threadid 140548292949760 -> core 3 - OK[0m[1;34m
[0m[1;34m	threadid 140548284557056 -> core 4 - OK[0m[1;34m
[0m[1;34m	threadid 140548276164352 -> core 5 - OK[0m[1;34m
[0m[1;34m	threadid 140548267771648 -> core 6 - OK[0m[1;34m
[0m[1;34m	threadid 140548259378944 -> core 7 - OK[0m[1;34m
[0m[1;34m	threadid 140548250986240 -> core 8 - OK[0m[1;34m
[0m[1;34m	threadid 140548242593536 -> core 9 - OK[0m[1;34m
[0m[1;34m	threadid 140548234200832 -> core 10 - OK[0m[1;34m
[0m[1;34m	threadid 140548225808128 -> core 11 - OK[0m[1;34m
[0m[1;34m	threadid 140548217415424 -> core 12 - OK[0m[1;34m
[0m[1;34m	threadid 140548209022720 -> core 13 - OK[0m[1;34m
[0m[1;34m	threadid 140548200630016 -> core 14 - OK[0m[1;34m
[0m[1;34m	threadid 140548192237312 -> core 15 - OK[0m[1;34m
[0m[1;34m	threadid 140548183844608 -> core 16 - OK[0m[1;34m
[0m[1;34m	threadid 140548175451904 -> core 17 - OK[0m[1;34m
[0m[1;34m	threadid 140548167059200 -> core 18 - OK[0m[1;34m
[0m[1;34m	threadid 140548158666496 -> core 19 - OK[0m[1;34m
[0m[1;34m	threadid 140548150273792 -> core 20 - OK[0m[1;34m
[0m[1;34m	threadid 140548141881088 -> core 21 - OK[0m[1;34m
[0m[1;34m	threadid 140548133488384 -> core 22 - OK[0m[1;34m
[0m[1;34m	threadid 140548125095680 -> core 23 - OK[0m[1;34m
[0m[1;34m	threadid 140548116702976 -> core 24 - OK[0m[1;34m
[0m[1;34m	threadid 140548108310272 -> core 25 - OK[0m[1;34m
[0m[1;34m	threadid 140548099917568 -> core 26 - OK[0m[1;34m
[0m[1;34m	threadid 140548091524864 -> core 27 - OK[0m[1;34m
[0m[1;34m	threadid 140548083132160 -> core 28 - OK[0m[1;34m
[0m[1;34m	threadid 140548074739456 -> core 29 - OK[0m[1;34m
[0m[1;34m	threadid 140548066346752 -> core 30 - OK[0m[1;34m
[0m[1;34m	threadid 140548057954048 -> core 31 - OK[0m[1;34m
[0mFLOPs in stencil code:      1.612620e+09
Time spent in stencil code: 0.037484
Performance in GFlop/s:     43.021636
[1;34m[pthread wrapper] 
[0m[1;34m[pthread wrapper] MAIN -> 0
[0m[1;34m[pthread wrapper] PIN_MASK: [0m[1;34m0->1  [0m[1;34m1->2  [0m[1;34m2->3  [0m[1;34m3->4  [0m[1;34m4->5  [0m[1;34m5->6  [0m[1;34m6->7  [0m[1;34m7->8  [0m[1;34m8->9  [0m[1;34m9->10  [0m[1;34m10->11  [0m[1;34m11->12  [0m[1;34m12->13  [0m[1;34m13->14  [0m[1;34m14->15  [0m[1;34m15->16  [0m[1;34m16->17  [0m[1;34m17->18  [0m[1;34m18->19  [0m[1;34m19->20  [0m[1;34m20->21  [0m[1;34m21->22  [0m[1;34m22->23  [0m[1;34m23->24  [0m[1;34m24->25  [0m[1;34m25->26  [0m[1;34m26->27  [0m[1;34m27->28  [0m[1;34m28->29  [0m[1;34m29->30  [0m[1;34m30->31  [0m[1;34m
[pthread wrapper] SKIP MASK: 0x0
[0m[1;34m	threadid 140347670451968 -> core 1 - OK[0m[1;34m
[0m[1;34m	threadid 140347662059264 -> core 2 - OK[0m[1;34m
[0m[1;34m	threadid 140347653666560 -> core 3 - OK[0m[1;34m
[0m[1;34m	threadid 140347645273856 -> core 4 - OK[0m[1;34m
[0m[1;34m	threadid 140347636881152 -> core 5 - OK[0m[1;34m
[0m[1;34m	threadid 140347628488448 -> core 6 - OK[0m[1;34m
[0m[1;34m	threadid 140347620095744 -> core 7 - OK[0m[1;34m
[0m[1;34m	threadid 140347611703040 -> core 8 - OK[0m[1;34m
[0m[1;34m	threadid 140347603310336 -> core 9 - OK[0m[1;34m
[0m[1;34m	threadid 140347594917632 -> core 10 - OK[0m[1;34m
[0m[1;34m	threadid 140347586524928 -> core 11 - OK[0m[1;34m
[0m[1;34m	threadid 140347578132224 -> core 12 - OK[0m[1;34m
[0m[1;34m	threadid 140347569739520 -> core 13 - OK[0m[1;34m
[0m[1;34m	threadid 140347561346816 -> core 14 - OK[0m[1;34m
[0m[1;34m	threadid 140347552954112 -> core 15 - OK[0m[1;34m
[0m[1;34m	threadid 140347544561408 -> core 16 - OK[0m[1;34m
[0m[1;34m	threadid 140347536168704 -> core 17 - OK[0m[1;34m
[0m[1;34m	threadid 140347527776000 -> core 18 - OK[0m[1;34m
[0m[1;34m	threadid 140347519383296 -> core 19 - OK[0m[1;34m
[0m[1;34m	threadid 140347510990592 -> core 20 - OK[0m[1;34m
[0m[1;34m	threadid 140347502597888 -> core 21 - OK[0m[1;34m
[0m[1;34m	threadid 140347494205184 -> core 22 - OK[0m[1;34m
[0m[1;34m	threadid 140347485812480 -> core 23 - OK[0m[1;34m
[0m[1;34m	threadid 140347477419776 -> core 24 - OK[0m[1;34m
[0m[1;34m	threadid 140347469027072 -> core 25 - OK[0m[1;34m
[0m[1;34m	threadid 140347460634368 -> core 26 - OK[0m[1;34m
[0m[1;34m	threadid 140347452241664 -> core 27 - OK[0m[1;34m
[0m[1;34m	threadid 140347443848960 -> core 28 - OK[0m[1;34m
[0m[1;34m	threadid 140347435456256 -> core 29 - OK[0m[1;34m
[0m[1;34m	threadid 140347427063552 -> core 30 - OK[0m[1;34m
[0m[1;34m	threadid 140347418670848 -> core 31 - OK[0m[1;34m
[0mFLOPs in stencil code:      1.612620e+09
Time spent in stencil code: 0.037950
Performance in GFlop/s:     42.493237
[1;34m[pthread wrapper] 
[0m[1;34m[pthread wrapper] MAIN -> 0
[0m[1;34m[pthread wrapper] PIN_MASK: [0m[1;34m0->1  [0m[1;34m1->2  [0m[1;34m2->3  [0m[1;34m3->4  [0m[1;34m4->5  [0m[1;34m5->6  [0m[1;34m6->7  [0m[1;34m7->8  [0m[1;34m8->9  [0m[1;34m9->10  [0m[1;34m10->11  [0m[1;34m11->12  [0m[1;34m12->13  [0m[1;34m13->14  [0m[1;34m14->15  [0m[1;34m15->16  [0m[1;34m16->17  [0m[1;34m17->18  [0m[1;34m18->19  [0m[1;34m19->20  [0m[1;34m20->21  [0m[1;34m21->22  [0m[1;34m22->23  [0m[1;34m23->24  [0m[1;34m24->25  [0m[1;34m25->26  [0m[1;34m26->27  [0m[1;34m27->28  [0m[1;34m28->29  [0m[1;34m29->30  [0m[1;34m30->31  [0m[1;34m
[pthread wrapper] SKIP MASK: 0x0
[0m[1;34m	threadid 140266750957312 -> core 1 - OK[0m[1;34m
[0m[1;34m	threadid 140266742564608 -> core 2 - OK[0m[1;34m
[0m[1;34m	threadid 140266734171904 -> core 3 - OK[0m[1;34m
[0m[1;34m	threadid 140266725779200 -> core 4 - OK[0m[1;34m
[0m[1;34m	threadid 140266717386496 -> core 5 - OK[0m[1;34m
[0m[1;34m	threadid 140266708993792 -> core 6 - OK[0m[1;34m
[0m[1;34m	threadid 140266700601088 -> core 7 - OK[0m[1;34m
[0m[1;34m	threadid 140266692208384 -> core 8 - OK[0m[1;34m
[0m[1;34m	threadid 140266683815680 -> core 9 - OK[0m[1;34m
[0m[1;34m	threadid 140266675422976 -> core 10 - OK[0m[1;34m
[0m[1;34m	threadid 140266667030272 -> core 11 - OK[0m[1;34m
[0m[1;34m	threadid 140266658637568 -> core 12 - OK[0m[1;34m
[0m[1;34m	threadid 140266650244864 -> core 13 - OK[0m[1;34m
[0m[1;34m	threadid 140266641852160 -> core 14 - OK[0m[1;34m
[0m[1;34m	threadid 140266633459456 -> core 15 - OK[0m[1;34m
[0m[1;34m	threadid 140266625066752 -> core 16 - OK[0m[1;34m
[0m[1;34m	threadid 140266616674048 -> core 17 - OK[0m[1;34m
[0m[1;34m	threadid 140266608281344 -> core 18 - OK[0m[1;34m
[0m[1;34m	threadid 140266599888640 -> core 19 - OK[0m[1;34m
[0m[1;34m	threadid 140266591495936 -> core 20 - OK[0m[1;34m
[0m[1;34m	threadid 140266583103232 -> core 21 - OK[0m[1;34m
[0m[1;34m	threadid 140266574710528 -> core 22 - OK[0m[1;34m
[0m[1;34m	threadid 140266566317824 -> core 23 - OK[0m[1;34m
[0m[1;34m	threadid 140266557925120 -> core 24 - OK[0m[1;34m
[0m[1;34m	threadid 140266549532416 -> core 25 - OK[0m[1;34m
[0m[1;34m	threadid 140266541139712 -> core 26 - OK[0m[1;34m
[0m[1;34m	threadid 140266532747008 -> core 27 - OK[0m[1;34m
[0m[1;34m	threadid 140266524354304 -> core 28 - OK[0m[1;34m
[0m[1;34m	threadid 140266515961600 -> core 29 - OK[0m[1;34m
[0m[1;34m	threadid 140266507568896 -> core 30 - OK[0m[1;34m
[0m[1;34m	threadid 140266499176192 -> core 31 - OK[0m[1;34m
[0mFLOPs in stencil code:      1.612620e+09
Time spent in stencil code: 0.037118
Performance in GFlop/s:     43.445817
[1;34m[pthread wrapper] 
[0m[1;34m[pthread wrapper] MAIN -> 0
[0m[1;34m[pthread wrapper] PIN_MASK: [0m[1;34m0->1  [0m[1;34m1->2  [0m[1;34m2->3  [0m[1;34m3->4  [0m[1;34m4->5  [0m[1;34m5->6  [0m[1;34m6->7  [0m[1;34m7->8  [0m[1;34m8->9  [0m[1;34m9->10  [0m[1;34m10->11  [0m[1;34m11->12  [0m[1;34m12->13  [0m[1;34m13->14  [0m[1;34m14->15  [0m[1;34m15->16  [0m[1;34m16->17  [0m[1;34m17->18  [0m[1;34m18->19  [0m[1;34m19->20  [0m[1;34m20->21  [0m[1;34m21->22  [0m[1;34m22->23  [0m[1;34m23->24  [0m[1;34m24->25  [0m[1;34m25->26  [0m[1;34m26->27  [0m[1;34m27->28  [0m[1;34m28->29  [0m[1;34m29->30  [0m[1;34m30->31  [0m[1;34m
[pthread wrapper] SKIP MASK: 0x0
[0m[1;34m	threadid 139669644596992 -> core 1 - OK[0m[1;34m
[0m[1;34m	threadid 139669636204288 -> core 2 - OK[0m[1;34m
[0m[1;34m	threadid 139669627811584 -> core 3 - OK[0m[1;34m
[0m[1;34m	threadid 139669619418880 -> core 4 - OK[0m[1;34m
[0m[1;34m	threadid 139669611026176 -> core 5 - OK[0m[1;34m
[0m[1;34m	threadid 139669602633472 -> core 6 - OK[0m[1;34m
[0m[1;34m	threadid 139669594240768 -> core 7 - OK[0m[1;34m
[0m[1;34m	threadid 139669585848064 -> core 8 - OK[0m[1;34m
[0m[1;34m	threadid 139669577455360 -> core 9 - OK[0m[1;34m
[0m[1;34m	threadid 139669569062656 -> core 10 - OK[0m[1;34m
[0m[1;34m	threadid 139669560669952 -> core 11 - OK[0m[1;34m
[0m[1;34m	threadid 139669552277248 -> core 12 - OK[0m[1;34m
[0m[1;34m	threadid 139669543884544 -> core 13 - OK[0m[1;34m
[0m[1;34m	threadid 139669535491840 -> core 14 - OK[0m[1;34m
[0m[1;34m	threadid 139669527099136 -> core 15 - OK[0m[1;34m
[0m[1;34m	threadid 139669518706432 -> core 16 - OK[0m[1;34m
[0m[1;34m	threadid 139669510313728 -> core 17 - OK[0m[1;34m
[0m[1;34m	threadid 139669501921024 -> core 18 - OK[0m[1;34m
[0m[1;34m	threadid 139669493528320 -> core 19 - OK[0m[1;34m
[0m[1;34m	threadid 139669485135616 -> core 20 - OK[0m[1;34m
[0m[1;34m	threadid 139669476742912 -> core 21 - OK[0m[1;34m
[0m[1;34m	threadid 139669468350208 -> core 22 - OK[0m[1;34m
[0m[1;34m	threadid 139669459957504 -> core 23 - OK[0m[1;34m
[0m[1;34m	threadid 139669451564800 -> core 24 - OK[0m[1;34m
[0m[1;34m	threadid 139669443172096 -> core 25 - OK[0m[1;34m
[0m[1;34m	threadid 139669434779392 -> core 26 - OK[0m[1;34m
[0m[1;34m	threadid 139669426386688 -> core 27 - OK[0m[1;34m
[0m[1;34m	threadid 139669417993984 -> core 28 - OK[0m[1;34m
[0m[1;34m	threadid 139669409601280 -> core 29 - OK[0m[1;34m
[0m[1;34m	threadid 139669401208576 -> core 30 - OK[0m[1;34m
[0m[1;34m	threadid 139669392815872 -> core 31 - OK[0m[1;34m
[0mFLOPs in stencil code:      1.612620e+09
Time spent in stencil code: 0.038436
Performance in GFlop/s:     41.956049
