[1;34m[pthread wrapper] 
[0m[1;34m[pthread wrapper] MAIN -> 0
[0m[1;34m[pthread wrapper] PIN_MASK: [0m[1;34m0->1  [0m[1;34m1->2  [0m[1;34m2->3  [0m[1;34m3->4  [0m[1;34m4->5  [0m[1;34m5->6  [0m[1;34m6->7  [0m[1;34m7->8  [0m[1;34m8->9  [0m[1;34m9->10  [0m[1;34m10->11  [0m[1;34m11->12  [0m[1;34m12->13  [0m[1;34m13->14  [0m[1;34m14->15  [0m[1;34m15->16  [0m[1;34m16->17  [0m[1;34m17->18  [0m[1;34m18->19  [0m[1;34m19->20  [0m[1;34m20->21  [0m[1;34m21->22  [0m[1;34m22->23  [0m[1;34m
[pthread wrapper] SKIP MASK: 0x0
[0m[1;34m	threadid 139958994917120 -> core 1 - OK[0m[1;34m
[0m[1;34m	threadid 139958986524416 -> core 2 - OK[0m[1;34m
[0m[1;34m	threadid 139958978131712 -> core 3 - OK[0m[1;34m
[0m[1;34m	threadid 139958969739008 -> core 4 - OK[0m[1;34m
[0m[1;34m	threadid 139958961346304 -> core 5 - OK[0m[1;34m
[0m[1;34m	threadid 139958952953600 -> core 6 - OK[0m[1;34m
[0m[1;34m	threadid 139958944560896 -> core 7 - OK[0m[1;34m
[0m[1;34m	threadid 139958936168192 -> core 8 - OK[0m[1;34m
[0m[1;34m	threadid 139958927775488 -> core 9 - OK[0m[1;34m
[0m[1;34m	threadid 139958919382784 -> core 10 - OK[0m[1;34m
[0m[1;34m	threadid 139958910990080 -> core 11 - OK[0m[1;34m
[0m[1;34m	threadid 139958902597376 -> core 12 - OK[0m[1;34m
[0m[1;34m	threadid 139958894204672 -> core 13 - OK[0m[1;34m
[0m[1;34m	threadid 139958885811968 -> core 14 - OK[0m[1;34m
[0m[1;34m	threadid 139958877419264 -> core 15 - OK[0m[1;34m
[0m[1;34m	threadid 139958869026560 -> core 16 - OK[0m[1;34m
[0m[1;34m	threadid 139958860633856 -> core 17 - OK[0m[1;34m
[0m[1;34m	threadid 139958852241152 -> core 18 - OK[0m[1;34m
[0m[1;34m	threadid 139958843848448 -> core 19 - OK[0m[1;34m
[0m[1;34m	threadid 139958835455744 -> core 20 - OK[0m[1;34m
[0m[1;34m	threadid 139958827063040 -> core 21 - OK[0m[1;34m
[0m[1;34m	threadid 139958818670336 -> core 22 - OK[0m[1;34m
[0m[1;34m	threadid 139958810277632 -> core 23 - OK[0m[1;34m
[0mFLOPs in stencil code:      1.612620e+09
Time spent in stencil code: 0.052387
Performance in GFlop/s:     30.782828
[1;34m[pthread wrapper] 
[0m[1;34m[pthread wrapper] MAIN -> 0
[0m[1;34m[pthread wrapper] PIN_MASK: [0m[1;34m0->1  [0m[1;34m1->2  [0m[1;34m2->3  [0m[1;34m3->4  [0m[1;34m4->5  [0m[1;34m5->6  [0m[1;34m6->7  [0m[1;34m7->8  [0m[1;34m8->9  [0m[1;34m9->10  [0m[1;34m10->11  [0m[1;34m11->12  [0m[1;34m12->13  [0m[1;34m13->14  [0m[1;34m14->15  [0m[1;34m15->16  [0m[1;34m16->17  [0m[1;34m17->18  [0m[1;34m18->19  [0m[1;34m19->20  [0m[1;34m20->21  [0m[1;34m21->22  [0m[1;34m22->23  [0m[1;34m
[pthread wrapper] SKIP MASK: 0x0
[0m[1;34m	threadid 140540567279360 -> core 1 - OK[0m[1;34m
[0m[1;34m	threadid 140540558886656 -> core 2 - OK[0m[1;34m
[0m[1;34m	threadid 140540550493952 -> core 3 - OK[0m[1;34m
[0m[1;34m	threadid 140540542101248 -> core 4 - OK[0m[1;34m
[0m[1;34m	threadid 140540533708544 -> core 5 - OK[0m[1;34m
[0m[1;34m	threadid 140540525315840 -> core 6 - OK[0m[1;34m
[0m[1;34m	threadid 140540516923136 -> core 7 - OK[0m[1;34m
[0m[1;34m	threadid 140540508530432 -> core 8 - OK[0m[1;34m
[0m[1;34m	threadid 140540500137728 -> core 9 - OK[0m[1;34m
[0m[1;34m	threadid 140540491745024 -> core 10 - OK[0m[1;34m
[0m[1;34m	threadid 140540483352320 -> core 11 - OK[0m[1;34m
[0m[1;34m	threadid 140540474959616 -> core 12 - OK[0m[1;34m
[0m[1;34m	threadid 140540466566912 -> core 13 - OK[0m[1;34m
[0m[1;34m	threadid 140540458174208 -> core 14 - OK[0m[1;34m
[0m[1;34m	threadid 140540449781504 -> core 15 - OK[0m[1;34m
[0m[1;34m	threadid 140540441388800 -> core 16 - OK[0m[1;34m
[0m[1;34m	threadid 140540432996096 -> core 17 - OK[0m[1;34m
[0m[1;34m	threadid 140540424603392 -> core 18 - OK[0m[1;34m
[0m[1;34m	threadid 140540416210688 -> core 19 - OK[0m[1;34m
[0m[1;34m	threadid 140540407817984 -> core 20 - OK[0m[1;34m
[0m[1;34m	threadid 140540399425280 -> core 21 - OK[0m[1;34m
[0m[1;34m	threadid 140540391032576 -> core 22 - OK[0m[1;34m
[0m[1;34m	threadid 140540382639872 -> core 23 - OK[0m[1;34m
[0mFLOPs in stencil code:      1.612620e+09
Time spent in stencil code: 0.052852
Performance in GFlop/s:     30.512045
[1;34m[pthread wrapper] 
[0m[1;34m[pthread wrapper] MAIN -> 0
[0m[1;34m[pthread wrapper] PIN_MASK: [0m[1;34m0->1  [0m[1;34m1->2  [0m[1;34m2->3  [0m[1;34m3->4  [0m[1;34m4->5  [0m[1;34m5->6  [0m[1;34m6->7  [0m[1;34m7->8  [0m[1;34m8->9  [0m[1;34m9->10  [0m[1;34m10->11  [0m[1;34m11->12  [0m[1;34m12->13  [0m[1;34m13->14  [0m[1;34m14->15  [0m[1;34m15->16  [0m[1;34m16->17  [0m[1;34m17->18  [0m[1;34m18->19  [0m[1;34m19->20  [0m[1;34m20->21  [0m[1;34m21->22  [0m[1;34m22->23  [0m[1;34m
[pthread wrapper] SKIP MASK: 0x0
[0m[1;34m	threadid 139847284610816 -> core 1 - OK[0m[1;34m
[0m[1;34m	threadid 139847276218112 -> core 2 - OK[0m[1;34m
[0m[1;34m	threadid 139847267825408 -> core 3 - OK[0m[1;34m
[0m[1;34m	threadid 139847259432704 -> core 4 - OK[0m[1;34m
[0m[1;34m	threadid 139847251040000 -> core 5 - OK[0m[1;34m
[0m[1;34m	threadid 139847242647296 -> core 6 - OK[0m[1;34m
[0m[1;34m	threadid 139847234254592 -> core 7 - OK[0m[1;34m
[0m[1;34m	threadid 139847225861888 -> core 8 - OK[0m[1;34m
[0m[1;34m	threadid 139847217469184 -> core 9 - OK[0m[1;34m
[0m[1;34m	threadid 139847209076480 -> core 10 - OK[0m[1;34m
[0m[1;34m	threadid 139847200683776 -> core 11 - OK[0m[1;34m
[0m[1;34m	threadid 139847192291072 -> core 12 - OK[0m[1;34m
[0m[1;34m	threadid 139847183898368 -> core 13 - OK[0m[1;34m
[0m[1;34m	threadid 139847175505664 -> core 14 - OK[0m[1;34m
[0m[1;34m	threadid 139847167112960 -> core 15 - OK[0m[1;34m
[0m[1;34m	threadid 139847158720256 -> core 16 - OK[0m[1;34m
[0m[1;34m	threadid 139847150327552 -> core 17 - OK[0m[1;34m
[0m[1;34m	threadid 139847141934848 -> core 18 - OK[0m[1;34m
[0m[1;34m	threadid 139847133542144 -> core 19 - OK[0m[1;34m
[0m[1;34m	threadid 139847125149440 -> core 20 - OK[0m[1;34m
[0m[1;34m	threadid 139847116756736 -> core 21 - OK[0m[1;34m
[0m[1;34m	threadid 139847108364032 -> core 22 - OK[0m[1;34m
[0m[1;34m	threadid 139847099971328 -> core 23 - OK[0m[1;34m
[0mFLOPs in stencil code:      1.612620e+09
Time spent in stencil code: 0.051699
Performance in GFlop/s:     31.192526
[1;34m[pthread wrapper] 
[0m[1;34m[pthread wrapper] MAIN -> 0
[0m[1;34m[pthread wrapper] PIN_MASK: [0m[1;34m0->1  [0m[1;34m1->2  [0m[1;34m2->3  [0m[1;34m3->4  [0m[1;34m4->5  [0m[1;34m5->6  [0m[1;34m6->7  [0m[1;34m7->8  [0m[1;34m8->9  [0m[1;34m9->10  [0m[1;34m10->11  [0m[1;34m11->12  [0m[1;34m12->13  [0m[1;34m13->14  [0m[1;34m14->15  [0m[1;34m15->16  [0m[1;34m16->17  [0m[1;34m17->18  [0m[1;34m18->19  [0m[1;34m19->20  [0m[1;34m20->21  [0m[1;34m21->22  [0m[1;34m22->23  [0m[1;34m
[pthread wrapper] SKIP MASK: 0x0
[0m[1;34m	threadid 139853005149952 -> core 1 - OK[0m[1;34m
[0m[1;34m	threadid 139852996757248 -> core 2 - OK[0m[1;34m
[0m[1;34m	threadid 139852988364544 -> core 3 - OK[0m[1;34m
[0m[1;34m	threadid 139852979971840 -> core 4 - OK[0m[1;34m
[0m[1;34m	threadid 139852971579136 -> core 5 - OK[0m[1;34m
[0m[1;34m	threadid 139852963186432 -> core 6 - OK[0m[1;34m
[0m[1;34m	threadid 139852954793728 -> core 7 - OK[0m[1;34m
[0m[1;34m	threadid 139852946401024 -> core 8 - OK[0m[1;34m
[0m[1;34m	threadid 139852938008320 -> core 9 - OK[0m[1;34m
[0m[1;34m	threadid 139852929615616 -> core 10 - OK[0m[1;34m
[0m[1;34m	threadid 139852921222912 -> core 11 - OK[0m[1;34m
[0m[1;34m	threadid 139852912830208 -> core 12 - OK[0m[1;34m
[0m[1;34m	threadid 139852904437504 -> core 13 - OK[0m[1;34m
[0m[1;34m	threadid 139852896044800 -> core 14 - OK[0m[1;34m
[0m[1;34m	threadid 139852887652096 -> core 15 - OK[0m[1;34m
[0m[1;34m	threadid 139852879259392 -> core 16 - OK[0m[1;34m
[0m[1;34m	threadid 139852870866688 -> core 17 - OK[0m[1;34m
[0m[1;34m	threadid 139852862473984 -> core 18 - OK[0m[1;34m
[0m[1;34m	threadid 139852854081280 -> core 19 - OK[0m[1;34m
[0m[1;34m	threadid 139852845688576 -> core 20 - OK[0m[1;34m
[0m[1;34m	threadid 139852837295872 -> core 21 - OK[0m[1;34m
[0m[1;34m	threadid 139852828903168 -> core 22 - OK[0m[1;34m
[0m[1;34m	threadid 139852820510464 -> core 23 - OK[0m[1;34m
[0mFLOPs in stencil code:      1.612620e+09
Time spent in stencil code: 0.052400
Performance in GFlop/s:     30.775125
[1;34m[pthread wrapper] 
[0m[1;34m[pthread wrapper] MAIN -> 0
[0m[1;34m[pthread wrapper] PIN_MASK: [0m[1;34m0->1  [0m[1;34m1->2  [0m[1;34m2->3  [0m[1;34m3->4  [0m[1;34m4->5  [0m[1;34m5->6  [0m[1;34m6->7  [0m[1;34m7->8  [0m[1;34m8->9  [0m[1;34m9->10  [0m[1;34m10->11  [0m[1;34m11->12  [0m[1;34m12->13  [0m[1;34m13->14  [0m[1;34m14->15  [0m[1;34m15->16  [0m[1;34m16->17  [0m[1;34m17->18  [0m[1;34m18->19  [0m[1;34m19->20  [0m[1;34m20->21  [0m[1;34m21->22  [0m[1;34m22->23  [0m[1;34m
[pthread wrapper] SKIP MASK: 0x0
[0m[1;34m	threadid 139918798247680 -> core 1 - OK[0m[1;34m
[0m[1;34m	threadid 139918789854976 -> core 2 - OK[0m[1;34m
[0m[1;34m	threadid 139918781462272 -> core 3 - OK[0m[1;34m
[0m[1;34m	threadid 139918773069568 -> core 4 - OK[0m[1;34m
[0m[1;34m	threadid 139918764676864 -> core 5 - OK[0m[1;34m
[0m[1;34m	threadid 139918756284160 -> core 6 - OK[0m[1;34m
[0m[1;34m	threadid 139918747891456 -> core 7 - OK[0m[1;34m
[0m[1;34m	threadid 139918739498752 -> core 8 - OK[0m[1;34m
[0m[1;34m	threadid 139918731106048 -> core 9 - OK[0m[1;34m
[0m[1;34m	threadid 139918722713344 -> core 10 - OK[0m[1;34m
[0m[1;34m	threadid 139918714320640 -> core 11 - OK[0m[1;34m
[0m[1;34m	threadid 139918705927936 -> core 12 - OK[0m[1;34m
[0m[1;34m	threadid 139918697535232 -> core 13 - OK[0m[1;34m
[0m[1;34m	threadid 139918689142528 -> core 14 - OK[0m[1;34m
[0m[1;34m	threadid 139918680749824 -> core 15 - OK[0m[1;34m
[0m[1;34m	threadid 139918672357120 -> core 16 - OK[0m[1;34m
[0m[1;34m	threadid 139918663964416 -> core 17 - OK[0m[1;34m
[0m[1;34m	threadid 139918655571712 -> core 18 - OK[0m[1;34m
[0m[1;34m	threadid 139918647179008 -> core 19 - OK[0m[1;34m
[0m[1;34m	threadid 139918638786304 -> core 20 - OK[0m[1;34m
[0m[1;34m	threadid 139918630393600 -> core 21 - OK[0m[1;34m
[0m[1;34m	threadid 139918622000896 -> core 22 - OK[0m[1;34m
[0m[1;34m	threadid 139918613608192 -> core 23 - OK[0m[1;34m
[0mFLOPs in stencil code:      1.612620e+09
Time spent in stencil code: 0.052969
Performance in GFlop/s:     30.444612
