[1;34m[pthread wrapper] 
[0m[1;34m[pthread wrapper] MAIN -> 0
[0m[1;34m[pthread wrapper] PIN_MASK: [0m[1;34m0->1  [0m[1;34m1->16  [0m[1;34m2->17  [0m[1;34m
[pthread wrapper] SKIP MASK: 0x0
[0m[1;34m	threadid 139767195752192 -> core 1 - OK[0m[1;34m
[0m[1;34m	threadid 139767187359488 -> core 16 - OK[0m[1;34m
[0m[1;34m	threadid 139767178966784 -> core 17 - OK[0m[1;34m
[0mFLOPs in stencil code:      1.612620e+09
Time spent in stencil code: 0.177983
Performance in GFlop/s:     9.060538
[1;34m[pthread wrapper] 
[0m[1;34m[pthread wrapper] MAIN -> 0
[0m[1;34m[pthread wrapper] PIN_MASK: [0m[1;34m0->1  [0m[1;34m1->16  [0m[1;34m2->17  [0m[1;34m
[pthread wrapper] SKIP MASK: 0x0
[0m[1;34m	threadid 140316497106688 -> core 1 - OK[0m[1;34m
[0m[1;34m	threadid 140316488713984 -> core 16 - OK[0m[1;34m
[0m[1;34m	threadid 140316480321280 -> core 17 - OK[0m[1;34m
[0mFLOPs in stencil code:      1.612620e+09
Time spent in stencil code: 0.182074
Performance in GFlop/s:     8.856945
[1;34m[pthread wrapper] 
[0m[1;34m[pthread wrapper] MAIN -> 0
[0m[1;34m[pthread wrapper] PIN_MASK: [0m[1;34m0->1  [0m[1;34m1->16  [0m[1;34m2->17  [0m[1;34m
[pthread wrapper] SKIP MASK: 0x0
[0m[1;34m	threadid 139749895689984 -> core 1 - OK[0m[1;34m
[0m[1;34m	threadid 139749887297280 -> core 16 - OK[0m[1;34m
[0m[1;34m	threadid 139749878904576 -> core 17 - OK[0m[1;34m
[0mFLOPs in stencil code:      1.612620e+09
Time spent in stencil code: 0.182889
Performance in GFlop/s:     8.817480
[1;34m[pthread wrapper] 
[0m[1;34m[pthread wrapper] MAIN -> 0
[0m[1;34m[pthread wrapper] PIN_MASK: [0m[1;34m0->1  [0m[1;34m1->16  [0m[1;34m2->17  [0m[1;34m
[pthread wrapper] SKIP MASK: 0x0
[0m[1;34m	threadid 140379041847040 -> core 1 - OK[0m[1;34m
[0m[1;34m	threadid 140379033454336 -> core 16 - OK[0m[1;34m
[0m[1;34m	threadid 140379025061632 -> core 17 - OK[0m[1;34m
[0mFLOPs in stencil code:      1.612620e+09
Time spent in stencil code: 0.182152
Performance in GFlop/s:     8.853154
[1;34m[pthread wrapper] 
[0m[1;34m[pthread wrapper] MAIN -> 0
[0m[1;34m[pthread wrapper] PIN_MASK: [0m[1;34m0->1  [0m[1;34m1->16  [0m[1;34m2->17  [0m[1;34m
[pthread wrapper] SKIP MASK: 0x0
[0m[1;34m	threadid 140547829257984 -> core 1 - OK[0m[1;34m
[0m[1;34m	threadid 140547820865280 -> core 16 - OK[0m[1;34m
[0m[1;34m	threadid 140547812472576 -> core 17 - OK[0m[1;34m
[0mFLOPs in stencil code:      1.612620e+09
Time spent in stencil code: 0.181522
Performance in GFlop/s:     8.883887
