[1;34m[pthread wrapper] 
[0m[1;34m[pthread wrapper] MAIN -> 0
[0m[1;34m[pthread wrapper] PIN_MASK: [0m[1;34m0->1  [0m[1;34m1->2  [0m[1;34m2->3  [0m[1;34m3->4  [0m[1;34m4->5  [0m[1;34m5->6  [0m[1;34m6->7  [0m[1;34m7->8  [0m[1;34m8->9  [0m[1;34m9->10  [0m[1;34m10->11  [0m[1;34m
[pthread wrapper] SKIP MASK: 0x0
[0m[1;34m	threadid 139714568345344 -> core 1 - OK[0m[1;34m
[0m[1;34m	threadid 139714559952640 -> core 2 - OK[0m[1;34m
[0m[1;34m	threadid 139714551559936 -> core 3 - OK[0m[1;34m
[0m[1;34m	threadid 139714543167232 -> core 4 - OK[0m[1;34m
[0m[1;34m	threadid 139714534774528 -> core 5 - OK[0m[1;34m
[0m[1;34m	threadid 139714526381824 -> core 6 - OK[0m[1;34m
[0m[1;34m	threadid 139714517989120 -> core 7 - OK[0m[1;34m
[0m[1;34m	threadid 139714509596416 -> core 8 - OK[0m[1;34m
[0m[1;34m	threadid 139714501203712 -> core 9 - OK[0m[1;34m
[0m[1;34m	threadid 139714492811008 -> core 10 - OK[0m[1;34m
[0m[1;34m	threadid 139714484418304 -> core 11 - OK[0m[1;34m
[0mFLOPs in stencil code:      1.612620e+09
Time spent in stencil code: 0.084174
Performance in GFlop/s:     19.158191
[1;34m[pthread wrapper] 
[0m[1;34m[pthread wrapper] MAIN -> 0
[0m[1;34m[pthread wrapper] PIN_MASK: [0m[1;34m0->1  [0m[1;34m1->2  [0m[1;34m2->3  [0m[1;34m3->4  [0m[1;34m4->5  [0m[1;34m5->6  [0m[1;34m6->7  [0m[1;34m7->8  [0m[1;34m8->9  [0m[1;34m9->10  [0m[1;34m10->11  [0m[1;34m
[pthread wrapper] SKIP MASK: 0x0
[0m[1;34m	threadid 140012180199168 -> core 1 - OK[0m[1;34m
[0m[1;34m	threadid 140012171806464 -> core 2 - OK[0m[1;34m
[0m[1;34m	threadid 140012163413760 -> core 3 - OK[0m[1;34m
[0m[1;34m	threadid 140012155021056 -> core 4 - OK[0m[1;34m
[0m[1;34m	threadid 140012146628352 -> core 5 - OK[0m[1;34m
[0m[1;34m	threadid 140012138235648 -> core 6 - OK[0m[1;34m
[0m[1;34m	threadid 140012129842944 -> core 7 - OK[0m[1;34m
[0m[1;34m	threadid 140012121450240 -> core 8 - OK[0m[1;34m
[0m[1;34m	threadid 140012113057536 -> core 9 - OK[0m[1;34m
[0m[1;34m	threadid 140012104664832 -> core 10 - OK[0m[1;34m
[0m[1;34m	threadid 140012096272128 -> core 11 - OK[0m[1;34m
[0mFLOPs in stencil code:      1.612620e+09
Time spent in stencil code: 0.086382
Performance in GFlop/s:     18.668492
[1;34m[pthread wrapper] 
[0m[1;34m[pthread wrapper] MAIN -> 0
[0m[1;34m[pthread wrapper] PIN_MASK: [0m[1;34m0->1  [0m[1;34m1->2  [0m[1;34m2->3  [0m[1;34m3->4  [0m[1;34m4->5  [0m[1;34m5->6  [0m[1;34m6->7  [0m[1;34m7->8  [0m[1;34m8->9  [0m[1;34m9->10  [0m[1;34m10->11  [0m[1;34m
[pthread wrapper] SKIP MASK: 0x0
[0m[1;34m	threadid 139916003858176 -> core 1 - OK[0m[1;34m
[0m[1;34m	threadid 139915995465472 -> core 2 - OK[0m[1;34m
[0m[1;34m	threadid 139915987072768 -> core 3 - OK[0m[1;34m
[0m[1;34m	threadid 139915978680064 -> core 4 - OK[0m[1;34m
[0m[1;34m	threadid 139915970287360 -> core 5 - OK[0m[1;34m
[0m[1;34m	threadid 139915961894656 -> core 6 - OK[0m[1;34m
[0m[1;34m	threadid 139915953501952 -> core 7 - OK[0m[1;34m
[0m[1;34m	threadid 139915945109248 -> core 8 - OK[0m[1;34m
[0m[1;34m	threadid 139915936716544 -> core 9 - OK[0m[1;34m
[0m[1;34m	threadid 139915928323840 -> core 10 - OK[0m[1;34m
[0m[1;34m	threadid 139915919931136 -> core 11 - OK[0m[1;34m
[0mFLOPs in stencil code:      1.612620e+09
Time spent in stencil code: 0.084408
Performance in GFlop/s:     19.105051
[1;34m[pthread wrapper] 
[0m[1;34m[pthread wrapper] MAIN -> 0
[0m[1;34m[pthread wrapper] PIN_MASK: [0m[1;34m0->1  [0m[1;34m1->2  [0m[1;34m2->3  [0m[1;34m3->4  [0m[1;34m4->5  [0m[1;34m5->6  [0m[1;34m6->7  [0m[1;34m7->8  [0m[1;34m8->9  [0m[1;34m9->10  [0m[1;34m10->11  [0m[1;34m
[pthread wrapper] SKIP MASK: 0x0
[0m[1;34m	threadid 140264786876160 -> core 1 - OK[0m[1;34m
[0m[1;34m	threadid 140264778483456 -> core 2 - OK[0m[1;34m
[0m[1;34m	threadid 140264770090752 -> core 3 - OK[0m[1;34m
[0m[1;34m	threadid 140264761698048 -> core 4 - OK[0m[1;34m
[0m[1;34m	threadid 140264753305344 -> core 5 - OK[0m[1;34m
[0m[1;34m	threadid 140264744912640 -> core 6 - OK[0m[1;34m
[0m[1;34m	threadid 140264736519936 -> core 7 - OK[0m[1;34m
[0m[1;34m	threadid 140264728127232 -> core 8 - OK[0m[1;34m
[0m[1;34m	threadid 140264719734528 -> core 9 - OK[0m[1;34m
[0m[1;34m	threadid 140264711341824 -> core 10 - OK[0m[1;34m
[0m[1;34m	threadid 140264702949120 -> core 11 - OK[0m[1;34m
[0mFLOPs in stencil code:      1.612620e+09
Time spent in stencil code: 0.084853
Performance in GFlop/s:     19.004882
[1;34m[pthread wrapper] 
[0m[1;34m[pthread wrapper] MAIN -> 0
[0m[1;34m[pthread wrapper] PIN_MASK: [0m[1;34m0->1  [0m[1;34m1->2  [0m[1;34m2->3  [0m[1;34m3->4  [0m[1;34m4->5  [0m[1;34m5->6  [0m[1;34m6->7  [0m[1;34m7->8  [0m[1;34m8->9  [0m[1;34m9->10  [0m[1;34m10->11  [0m[1;34m
[pthread wrapper] SKIP MASK: 0x0
[0m[1;34m	threadid 140574578104064 -> core 1 - OK[0m[1;34m
[0m[1;34m	threadid 140574569711360 -> core 2 - OK[0m[1;34m
[0m[1;34m	threadid 140574561318656 -> core 3 - OK[0m[1;34m
[0m[1;34m	threadid 140574552925952 -> core 4 - OK[0m[1;34m
[0m[1;34m	threadid 140574544533248 -> core 5 - OK[0m[1;34m
[0m[1;34m	threadid 140574536140544 -> core 6 - OK[0m[1;34m
[0m[1;34m	threadid 140574527747840 -> core 7 - OK[0m[1;34m
[0m[1;34m	threadid 140574519355136 -> core 8 - OK[0m[1;34m
[0m[1;34m	threadid 140574510962432 -> core 9 - OK[0m[1;34m
[0m[1;34m	threadid 140574502569728 -> core 10 - OK[0m[1;34m
[0m[1;34m	threadid 140574494177024 -> core 11 - OK[0m[1;34m
[0mFLOPs in stencil code:      1.612620e+09
Time spent in stencil code: 0.084261
Performance in GFlop/s:     19.138405
