tuned params: 200 200 200 196 24 20 2 4
Flops / stencil call:  20
Stencil computations:  3764768000
Bytes transferred:     48000000000
Total Flops:           75295360000
Seconds elapsed:       9.785130
Performance in GFlop/s:     7.694876
Bandwidth utilization: 4.905402 GB/s
26094609742.000000
Validation OK.
tuned params: 200 200 200 196 24 20 2 4
Flops / stencil call:  20
Stencil computations:  3764768000
Bytes transferred:     48000000000
Total Flops:           75295360000
Seconds elapsed:       9.613185
Performance in GFlop/s:     7.832509
Bandwidth utilization: 4.993142 GB/s
25636073570.000000
Validation OK.
tuned params: 200 200 200 196 24 20 2 4
Flops / stencil call:  20
Stencil computations:  3764768000
Bytes transferred:     48000000000
Total Flops:           75295360000
Seconds elapsed:       10.250527
Performance in GFlop/s:     7.345511
Bandwidth utilization: 4.682686 GB/s
27335714633.000000
Validation OK.
tuned params: 200 200 200 196 24 20 2 4
Flops / stencil call:  20
Stencil computations:  3764768000
Bytes transferred:     48000000000
Total Flops:           75295360000
Seconds elapsed:       9.569442
Performance in GFlop/s:     7.868312
Bandwidth utilization: 5.015966 GB/s
25519423031.000000
Validation OK.
tuned params: 200 200 200 196 24 20 2 4
Flops / stencil call:  20
Stencil computations:  3764768000
Bytes transferred:     48000000000
Total Flops:           75295360000
Seconds elapsed:       9.601341
Performance in GFlop/s:     7.842171
Bandwidth utilization: 4.999302 GB/s
25604492240.000000
Validation OK.
