tuned params: 200 200 200 196 8 16 4 8
Flops / stencil call:  20
Stencil computations:  3764768000
Bytes transferred:     48000000000
Total Flops:           75295360000
Seconds elapsed:       2.568864
Performance in GFlop/s:     29.310760
Bandwidth utilization: 18.685301 GB/s
6850544879.000000
Validation OK.
tuned params: 200 200 200 196 8 16 4 8
Flops / stencil call:  20
Stencil computations:  3764768000
Bytes transferred:     48000000000
Total Flops:           75295360000
Seconds elapsed:       2.721652
Performance in GFlop/s:     27.665315
Bandwidth utilization: 17.636347 GB/s
7257992064.000000
Validation OK.
tuned params: 200 200 200 196 8 16 4 8
Flops / stencil call:  20
Stencil computations:  3764768000
Bytes transferred:     48000000000
Total Flops:           75295360000
Seconds elapsed:       2.616432
Performance in GFlop/s:     28.777878
Bandwidth utilization: 18.345595 GB/s
6977398233.000000
Validation OK.
tuned params: 200 200 200 196 8 16 4 8
Flops / stencil call:  20
Stencil computations:  3764768000
Bytes transferred:     48000000000
Total Flops:           75295360000
Seconds elapsed:       2.595656
Performance in GFlop/s:     29.008218
Bandwidth utilization: 18.492434 GB/s
6921990722.000000
Validation OK.
tuned params: 200 200 200 196 8 16 4 8
Flops / stencil call:  20
Stencil computations:  3764768000
Bytes transferred:     48000000000
Total Flops:           75295360000
Seconds elapsed:       2.740955
Performance in GFlop/s:     27.470485
Bandwidth utilization: 17.512145 GB/s
7309469431.000000
Validation OK.
