tuned params: 200 200 200 196 24 132 1 3
Flops / stencil call:  20
Stencil computations:  3764768000
Bytes transferred:     48000000000
Total Flops:           75295360000
Seconds elapsed:       3.734718
Performance in GFlop/s:     20.160923
Bandwidth utilization: 12.852377 GB/s
9959600736.000000
Validation OK.
tuned params: 200 200 200 196 24 132 1 3
Flops / stencil call:  20
Stencil computations:  3764768000
Bytes transferred:     48000000000
Total Flops:           75295360000
Seconds elapsed:       3.727838
Performance in GFlop/s:     20.198131
Bandwidth utilization: 12.876096 GB/s
9941253430.000000
Validation OK.
tuned params: 200 200 200 196 24 132 1 3
Flops / stencil call:  20
Stencil computations:  3764768000
Bytes transferred:     48000000000
Total Flops:           75295360000
Seconds elapsed:       3.704792
Performance in GFlop/s:     20.323775
Bandwidth utilization: 12.956193 GB/s
9879794380.000000
Validation OK.
tuned params: 200 200 200 196 24 132 1 3
Flops / stencil call:  20
Stencil computations:  3764768000
Bytes transferred:     48000000000
Total Flops:           75295360000
Seconds elapsed:       3.804513
Performance in GFlop/s:     19.791064
Bandwidth utilization: 12.616595 GB/s
10145727012.000000
Validation OK.
tuned params: 200 200 200 196 24 132 1 3
Flops / stencil call:  20
Stencil computations:  3764768000
Bytes transferred:     48000000000
Total Flops:           75295360000
Seconds elapsed:       3.725796
Performance in GFlop/s:     20.209201
Bandwidth utilization: 12.883153 GB/s
9935805948.000000
Validation OK.
