tuned params: 200 200 200 196 40 48 2 4
Flops / stencil call:  20
Stencil computations:  3764768000
Bytes transferred:     48000000000
Total Flops:           75295360000
Seconds elapsed:       5.969899
Performance in GFlop/s:     12.612501
Bandwidth utilization: 8.040337 GB/s
15920300044.000000
Validation OK.
tuned params: 200 200 200 196 40 48 2 4
Flops / stencil call:  20
Stencil computations:  3764768000
Bytes transferred:     48000000000
Total Flops:           75295360000
Seconds elapsed:       5.864121
Performance in GFlop/s:     12.840007
Bandwidth utilization: 8.185370 GB/s
15638213190.000000
Validation OK.
tuned params: 200 200 200 196 40 48 2 4
Flops / stencil call:  20
Stencil computations:  3764768000
Bytes transferred:     48000000000
Total Flops:           75295360000
Seconds elapsed:       5.945903
Performance in GFlop/s:     12.663402
Bandwidth utilization: 8.072785 GB/s
15856306987.000000
Validation OK.
tuned params: 200 200 200 196 40 48 2 4
Flops / stencil call:  20
Stencil computations:  3764768000
Bytes transferred:     48000000000
Total Flops:           75295360000
Seconds elapsed:       5.332634
Performance in GFlop/s:     14.119732
Bandwidth utilization: 9.001180 GB/s
14220864683.000000
Validation OK.
tuned params: 200 200 200 196 40 48 2 4
Flops / stencil call:  20
Stencil computations:  3764768000
Bytes transferred:     48000000000
Total Flops:           75295360000
Seconds elapsed:       5.918330
Performance in GFlop/s:     12.722400
Bandwidth utilization: 8.110396 GB/s
15782775314.000000
Validation OK.
