tuned params: 200 200 200 196 68 48 2 5
Flops / stencil call:  20
Stencil computations:  3764768000
Bytes transferred:     48000000000
Total Flops:           75295360000
Seconds elapsed:       2.636254
Performance in GFlop/s:     28.561496
Bandwidth utilization: 18.207653 GB/s
7030255301.000000
Validation OK.
tuned params: 200 200 200 196 68 48 2 5
Flops / stencil call:  20
Stencil computations:  3764768000
Bytes transferred:     48000000000
Total Flops:           75295360000
Seconds elapsed:       2.702368
Performance in GFlop/s:     27.862734
Bandwidth utilization: 17.762200 GB/s
7206566747.000000
Validation OK.
tuned params: 200 200 200 196 68 48 2 5
Flops / stencil call:  20
Stencil computations:  3764768000
Bytes transferred:     48000000000
Total Flops:           75295360000
Seconds elapsed:       2.646117
Performance in GFlop/s:     28.455038
Bandwidth utilization: 18.139788 GB/s
7056561052.000000
Validation OK.
tuned params: 200 200 200 196 68 48 2 5
Flops / stencil call:  20
Stencil computations:  3764768000
Bytes transferred:     48000000000
Total Flops:           75295360000
Seconds elapsed:       2.676981
Performance in GFlop/s:     28.126969
Bandwidth utilization: 17.930647 GB/s
7138868910.000000
Validation OK.
tuned params: 200 200 200 196 68 48 2 5
Flops / stencil call:  20
Stencil computations:  3764768000
Bytes transferred:     48000000000
Total Flops:           75295360000
Seconds elapsed:       2.786623
Performance in GFlop/s:     27.020289
Bandwidth utilization: 17.225150 GB/s
7431258439.000000
Validation OK.
