tuned params: 200 200 200 196 40 12 2 4
Flops / stencil call:  20
Stencil computations:  3764768000
Bytes transferred:     48000000000
Total Flops:           75295360000
Seconds elapsed:       2.624408
Performance in GFlop/s:     28.690417
Bandwidth utilization: 18.289839 GB/s
6998667259.000000
Validation OK.
tuned params: 200 200 200 196 40 12 2 4
Flops / stencil call:  20
Stencil computations:  3764768000
Bytes transferred:     48000000000
Total Flops:           75295360000
Seconds elapsed:       2.571240
Performance in GFlop/s:     29.283674
Bandwidth utilization: 18.668034 GB/s
6856882162.000000
Validation OK.
tuned params: 200 200 200 196 40 12 2 4
Flops / stencil call:  20
Stencil computations:  3764768000
Bytes transferred:     48000000000
Total Flops:           75295360000
Seconds elapsed:       2.474031
Performance in GFlop/s:     30.434284
Bandwidth utilization: 19.401536 GB/s
6597646553.000000
Validation OK.
tuned params: 200 200 200 196 40 12 2 4
Flops / stencil call:  20
Stencil computations:  3764768000
Bytes transferred:     48000000000
Total Flops:           75295360000
Seconds elapsed:       2.650471
Performance in GFlop/s:     28.408295
Bandwidth utilization: 18.109989 GB/s
7068173470.000000
Validation OK.
tuned params: 200 200 200 196 40 12 2 4
Flops / stencil call:  20
Stencil computations:  3764768000
Bytes transferred:     48000000000
Total Flops:           75295360000
Seconds elapsed:       2.574047
Performance in GFlop/s:     29.251744
Bandwidth utilization: 18.647679 GB/s
6864366490.000000
Validation OK.
