tuned params: 200 200 200 196 24 20 2 4
Flops / stencil call:  20
Stencil computations:  3764768000
Bytes transferred:     48000000000
Total Flops:           75295360000
Seconds elapsed:       9.569948
Performance in GFlop/s:     7.867896
Bandwidth utilization: 5.015701 GB/s
25520774545.000000
Validation OK.
tuned params: 200 200 200 196 24 20 2 4
Flops / stencil call:  20
Stencil computations:  3764768000
Bytes transferred:     48000000000
Total Flops:           75295360000
Seconds elapsed:       9.977041
Performance in GFlop/s:     7.546863
Bandwidth utilization: 4.811046 GB/s
26606396402.000000
Validation OK.
tuned params: 200 200 200 196 24 20 2 4
Flops / stencil call:  20
Stencil computations:  3764768000
Bytes transferred:     48000000000
Total Flops:           75295360000
Seconds elapsed:       9.693830
Performance in GFlop/s:     7.767349
Bandwidth utilization: 4.951603 GB/s
25851136649.000000
Validation OK.
tuned params: 200 200 200 196 24 20 2 4
Flops / stencil call:  20
Stencil computations:  3764768000
Bytes transferred:     48000000000
Total Flops:           75295360000
Seconds elapsed:       9.553639
Performance in GFlop/s:     7.881328
Bandwidth utilization: 5.024264 GB/s
25477283923.000000
Validation OK.
tuned params: 200 200 200 196 24 20 2 4
Flops / stencil call:  20
Stencil computations:  3764768000
Bytes transferred:     48000000000
Total Flops:           75295360000
Seconds elapsed:       9.540619
Performance in GFlop/s:     7.892083
Bandwidth utilization: 5.031120 GB/s
25442561394.000000
Validation OK.
