tuned params: 200 200 200 196 24 132 1 3
Flops / stencil call:  20
Stencil computations:  3764768000
Bytes transferred:     48000000000
Total Flops:           75295360000
Seconds elapsed:       3.718465
Performance in GFlop/s:     20.249043
Bandwidth utilization: 12.908552 GB/s
9916255220.000000
Validation OK.
tuned params: 200 200 200 196 24 132 1 3
Flops / stencil call:  20
Stencil computations:  3764768000
Bytes transferred:     48000000000
Total Flops:           75295360000
Seconds elapsed:       3.654752
Performance in GFlop/s:     20.602043
Bandwidth utilization: 13.133586 GB/s
9746345364.000000
Validation OK.
tuned params: 200 200 200 196 24 132 1 3
Flops / stencil call:  20
Stencil computations:  3764768000
Bytes transferred:     48000000000
Total Flops:           75295360000
Seconds elapsed:       3.656510
Performance in GFlop/s:     20.592139
Bandwidth utilization: 13.127272 GB/s
9751035784.000000
Validation OK.
tuned params: 200 200 200 196 24 132 1 3
Flops / stencil call:  20
Stencil computations:  3764768000
Bytes transferred:     48000000000
Total Flops:           75295360000
Seconds elapsed:       3.610276
Performance in GFlop/s:     20.855846
Bandwidth utilization: 13.295382 GB/s
9627742336.000000
Validation OK.
tuned params: 200 200 200 196 24 132 1 3
Flops / stencil call:  20
Stencil computations:  3764768000
Bytes transferred:     48000000000
Total Flops:           75295360000
Seconds elapsed:       3.643362
Performance in GFlop/s:     20.666450
Bandwidth utilization: 13.174645 GB/s
9715974332.000000
Validation OK.
