tuned params: 200 200 200 196 40 48 2 4
Flops / stencil call:  20
Stencil computations:  3764768000
Bytes transferred:     48000000000
Total Flops:           75295360000
Seconds elapsed:       5.956724
Performance in GFlop/s:     12.640397
Bandwidth utilization: 8.058120 GB/s
15885165896.000000
Validation OK.
tuned params: 200 200 200 196 40 48 2 4
Flops / stencil call:  20
Stencil computations:  3764768000
Bytes transferred:     48000000000
Total Flops:           75295360000
Seconds elapsed:       5.985236
Performance in GFlop/s:     12.580182
Bandwidth utilization: 8.019734 GB/s
15961196864.000000
Validation OK.
tuned params: 200 200 200 196 40 48 2 4
Flops / stencil call:  20
Stencil computations:  3764768000
Bytes transferred:     48000000000
Total Flops:           75295360000
Seconds elapsed:       5.828212
Performance in GFlop/s:     12.919118
Bandwidth utilization: 8.235802 GB/s
15542453525.000000
Validation OK.
tuned params: 200 200 200 196 40 48 2 4
Flops / stencil call:  20
Stencil computations:  3764768000
Bytes transferred:     48000000000
Total Flops:           75295360000
Seconds elapsed:       5.963478
Performance in GFlop/s:     12.626082
Bandwidth utilization: 8.048994 GB/s
15903175104.000000
Validation OK.
tuned params: 200 200 200 196 40 48 2 4
Flops / stencil call:  20
Stencil computations:  3764768000
Bytes transferred:     48000000000
Total Flops:           75295360000
Seconds elapsed:       5.962550
Performance in GFlop/s:     12.628047
Bandwidth utilization: 8.050247 GB/s
15900700584.000000
Validation OK.
