tuned params: 200 200 200 196 44 36 1 4
Flops / stencil call:  20
Stencil computations:  3764768000
Bytes transferred:     48000000000
Total Flops:           75295360000
Seconds elapsed:       2.668897
Performance in GFlop/s:     28.212162
Bandwidth utilization: 17.984957 GB/s
7117309476.000000
Validation OK.
tuned params: 200 200 200 196 44 36 1 4
Flops / stencil call:  20
Stencil computations:  3764768000
Bytes transferred:     48000000000
Total Flops:           75295360000
Seconds elapsed:       2.432735
Performance in GFlop/s:     30.950910
Bandwidth utilization: 19.730879 GB/s
6487519820.000000
Validation OK.
tuned params: 200 200 200 196 44 36 1 4
Flops / stencil call:  20
Stencil computations:  3764768000
Bytes transferred:     48000000000
Total Flops:           75295360000
Seconds elapsed:       2.607580
Performance in GFlop/s:     28.875571
Bandwidth utilization: 18.407873 GB/s
6953788484.000000
Validation OK.
tuned params: 200 200 200 196 44 36 1 4
Flops / stencil call:  20
Stencil computations:  3764768000
Bytes transferred:     48000000000
Total Flops:           75295360000
Seconds elapsed:       2.412839
Performance in GFlop/s:     31.206128
Bandwidth utilization: 19.893578 GB/s
6434462468.000000
Validation OK.
tuned params: 200 200 200 196 44 36 1 4
Flops / stencil call:  20
Stencil computations:  3764768000
Bytes transferred:     48000000000
Total Flops:           75295360000
Seconds elapsed:       2.453154
Performance in GFlop/s:     30.693289
Bandwidth utilization: 19.566649 GB/s
6541973468.000000
Validation OK.
