tuned params: 200 200 200 196 24 20 2 4
Flops / stencil call:  20
Stencil computations:  3764768000
Bytes transferred:     48000000000
Total Flops:           75295360000
Seconds elapsed:       9.845642
Performance in GFlop/s:     7.647583
Bandwidth utilization: 4.875254 GB/s
26255985722.000000
Validation OK.
tuned params: 200 200 200 196 24 20 2 4
Flops / stencil call:  20
Stencil computations:  3764768000
Bytes transferred:     48000000000
Total Flops:           75295360000
Seconds elapsed:       9.561220
Performance in GFlop/s:     7.875079
Bandwidth utilization: 5.020280 GB/s
25497502540.000000
Validation OK.
tuned params: 200 200 200 196 24 20 2 4
Flops / stencil call:  20
Stencil computations:  3764768000
Bytes transferred:     48000000000
Total Flops:           75295360000
Seconds elapsed:       9.531633
Performance in GFlop/s:     7.899524
Bandwidth utilization: 5.035863 GB/s
25418598486.000000
Validation OK.
tuned params: 200 200 200 196 24 20 2 4
Flops / stencil call:  20
Stencil computations:  3764768000
Bytes transferred:     48000000000
Total Flops:           75295360000
Seconds elapsed:       9.521712
Performance in GFlop/s:     7.907755
Bandwidth utilization: 5.041110 GB/s
25392139920.000000
Validation OK.
tuned params: 200 200 200 196 24 20 2 4
Flops / stencil call:  20
Stencil computations:  3764768000
Bytes transferred:     48000000000
Total Flops:           75295360000
Seconds elapsed:       9.572589
Performance in GFlop/s:     7.865726
Bandwidth utilization: 5.014317 GB/s
25527818237.000000
Validation OK.
