tuned params: 200 200 200 196 24 132 1 3
Flops / stencil call:  20
Stencil computations:  3764768000
Bytes transferred:     48000000000
Total Flops:           75295360000
Seconds elapsed:       3.594794
Performance in GFlop/s:     20.945667
Bandwidth utilization: 13.352643 GB/s
9586454168.000000
Validation OK.
tuned params: 200 200 200 196 24 132 1 3
Flops / stencil call:  20
Stencil computations:  3764768000
Bytes transferred:     48000000000
Total Flops:           75295360000
Seconds elapsed:       3.771930
Performance in GFlop/s:     19.962025
Bandwidth utilization: 12.725581 GB/s
10058833292.000000
Validation OK.
tuned params: 200 200 200 196 24 132 1 3
Flops / stencil call:  20
Stencil computations:  3764768000
Bytes transferred:     48000000000
Total Flops:           75295360000
Seconds elapsed:       3.525620
Performance in GFlop/s:     21.356628
Bandwidth utilization: 13.614626 GB/s
9401984452.000000
Validation OK.
tuned params: 200 200 200 196 24 132 1 3
Flops / stencil call:  20
Stencil computations:  3764768000
Bytes transferred:     48000000000
Total Flops:           75295360000
Seconds elapsed:       3.778984
Performance in GFlop/s:     19.924764
Bandwidth utilization: 12.701827 GB/s
10077643668.000000
Validation OK.
tuned params: 200 200 200 196 24 132 1 3
Flops / stencil call:  20
Stencil computations:  3764768000
Bytes transferred:     48000000000
Total Flops:           75295360000
Seconds elapsed:       3.798243
Performance in GFlop/s:     19.823734
Bandwidth utilization: 12.637422 GB/s
10129004292.000000
Validation OK.
