tuned params: 200 200 200 196 8 16 4 8
Flops / stencil call:  20
Stencil computations:  3764768000
Bytes transferred:     48000000000
Total Flops:           75295360000
Seconds elapsed:       2.709689
Performance in GFlop/s:     27.787456
Bandwidth utilization: 17.714211 GB/s
7226091034.000000
Validation OK.
tuned params: 200 200 200 196 8 16 4 8
Flops / stencil call:  20
Stencil computations:  3764768000
Bytes transferred:     48000000000
Total Flops:           75295360000
Seconds elapsed:       2.565288
Performance in GFlop/s:     29.351620
Bandwidth utilization: 18.711349 GB/s
6841009454.000000
Validation OK.
tuned params: 200 200 200 196 8 16 4 8
Flops / stencil call:  20
Stencil computations:  3764768000
Bytes transferred:     48000000000
Total Flops:           75295360000
Seconds elapsed:       2.576459
Performance in GFlop/s:     29.224359
Bandwidth utilization: 18.630221 GB/s
6870798496.000000
Validation OK.
tuned params: 200 200 200 196 8 16 4 8
Flops / stencil call:  20
Stencil computations:  3764768000
Bytes transferred:     48000000000
Total Flops:           75295360000
Seconds elapsed:       2.577012
Performance in GFlop/s:     29.218089
Bandwidth utilization: 18.626224 GB/s
6872273083.000000
Validation OK.
tuned params: 200 200 200 196 8 16 4 8
Flops / stencil call:  20
Stencil computations:  3764768000
Bytes transferred:     48000000000
Total Flops:           75295360000
Seconds elapsed:       2.836789
Performance in GFlop/s:     26.542459
Bandwidth utilization: 16.920539 GB/s
7565034500.000000
Validation OK.
