tuned params: 200 200 200 196 68 48 2 5
Flops / stencil call:  20
Stencil computations:  3764768000
Bytes transferred:     48000000000
Total Flops:           75295360000
Seconds elapsed:       2.739941
Performance in GFlop/s:     27.480651
Bandwidth utilization: 17.518626 GB/s
7306769313.000000
Validation OK.
tuned params: 200 200 200 196 68 48 2 5
Flops / stencil call:  20
Stencil computations:  3764768000
Bytes transferred:     48000000000
Total Flops:           75295360000
Seconds elapsed:       2.743338
Performance in GFlop/s:     27.446623
Bandwidth utilization: 17.496933 GB/s
7315827391.000000
Validation OK.
tuned params: 200 200 200 196 68 48 2 5
Flops / stencil call:  20
Stencil computations:  3764768000
Bytes transferred:     48000000000
Total Flops:           75295360000
Seconds elapsed:       2.700438
Performance in GFlop/s:     27.882647
Bandwidth utilization: 17.774894 GB/s
7201422164.000000
Validation OK.
tuned params: 200 200 200 196 68 48 2 5
Flops / stencil call:  20
Stencil computations:  3764768000
Bytes transferred:     48000000000
Total Flops:           75295360000
Seconds elapsed:       2.677980
Performance in GFlop/s:     28.116476
Bandwidth utilization: 17.923958 GB/s
7141533754.000000
Validation OK.
tuned params: 200 200 200 196 68 48 2 5
Flops / stencil call:  20
Stencil computations:  3764768000
Bytes transferred:     48000000000
Total Flops:           75295360000
Seconds elapsed:       2.723739
Performance in GFlop/s:     27.644116
Bandwidth utilization: 17.622833 GB/s
7263559644.000000
Validation OK.
