tuned params: 200 200 200 196 12 8 4 5
Flops / stencil call:  20
Stencil computations:  3764768000
Bytes transferred:     48000000000
Total Flops:           75295360000
Seconds elapsed:       3.646330
Performance in GFlop/s:     20.649628
Bandwidth utilization: 13.163921 GB/s
9723889820.000000
Validation OK.
tuned params: 200 200 200 196 12 8 4 5
Flops / stencil call:  20
Stencil computations:  3764768000
Bytes transferred:     48000000000
Total Flops:           75295360000
Seconds elapsed:       3.566165
Performance in GFlop/s:     21.113819
Bandwidth utilization: 13.459837 GB/s
9510111424.000000
Validation OK.
tuned params: 200 200 200 196 12 8 4 5
Flops / stencil call:  20
Stencil computations:  3764768000
Bytes transferred:     48000000000
Total Flops:           75295360000
Seconds elapsed:       3.481308
Performance in GFlop/s:     21.628468
Bandwidth utilization: 13.787921 GB/s
9283816956.000000
Validation OK.
tuned params: 200 200 200 196 12 8 4 5
Flops / stencil call:  20
Stencil computations:  3764768000
Bytes transferred:     48000000000
Total Flops:           75295360000
Seconds elapsed:       3.579719
Performance in GFlop/s:     21.033874
Bandwidth utilization: 13.408873 GB/s
9546255211.000000
Validation OK.
tuned params: 200 200 200 196 12 8 4 5
Flops / stencil call:  20
Stencil computations:  3764768000
Bytes transferred:     48000000000
Total Flops:           75295360000
Seconds elapsed:       3.673594
Performance in GFlop/s:     20.496375
Bandwidth utilization: 13.066223 GB/s
9796596136.000000
Validation OK.
