tuned params: 200 200 200 196 24 132 1 3
Flops / stencil call:  20
Stencil computations:  3764768000
Bytes transferred:     48000000000
Total Flops:           75295360000
Seconds elapsed:       3.703370
Performance in GFlop/s:     20.331579
Bandwidth utilization: 12.961167 GB/s
9876000732.000000
Validation OK.
tuned params: 200 200 200 196 24 132 1 3
Flops / stencil call:  20
Stencil computations:  3764768000
Bytes transferred:     48000000000
Total Flops:           75295360000
Seconds elapsed:       3.649351
Performance in GFlop/s:     20.632534
Bandwidth utilization: 13.153023 GB/s
9731946616.000000
Validation OK.
tuned params: 200 200 200 196 24 132 1 3
Flops / stencil call:  20
Stencil computations:  3764768000
Bytes transferred:     48000000000
Total Flops:           75295360000
Seconds elapsed:       3.628739
Performance in GFlop/s:     20.749731
Bandwidth utilization: 13.227735 GB/s
9676979760.000000
Validation OK.
tuned params: 200 200 200 196 24 132 1 3
Flops / stencil call:  20
Stencil computations:  3764768000
Bytes transferred:     48000000000
Total Flops:           75295360000
Seconds elapsed:       3.720206
Performance in GFlop/s:     20.239567
Bandwidth utilization: 12.902511 GB/s
9920898316.000000
Validation OK.
tuned params: 200 200 200 196 24 132 1 3
Flops / stencil call:  20
Stencil computations:  3764768000
Bytes transferred:     48000000000
Total Flops:           75295360000
Seconds elapsed:       3.796352
Performance in GFlop/s:     19.833609
Bandwidth utilization: 12.643717 GB/s
10123963364.000000
Validation OK.
