tuned params: 200 200 200 196 40 12 2 4
Flops / stencil call:  20
Stencil computations:  3764768000
Bytes transferred:     48000000000
Total Flops:           75295360000
Seconds elapsed:       2.700320
Performance in GFlop/s:     27.883866
Bandwidth utilization: 17.775671 GB/s
7201107819.000000
Validation OK.
tuned params: 200 200 200 196 40 12 2 4
Flops / stencil call:  20
Stencil computations:  3764768000
Bytes transferred:     48000000000
Total Flops:           75295360000
Seconds elapsed:       2.823029
Performance in GFlop/s:     26.671833
Bandwidth utilization: 17.003013 GB/s
7528343913.000000
Validation OK.
tuned params: 200 200 200 196 40 12 2 4
Flops / stencil call:  20
Stencil computations:  3764768000
Bytes transferred:     48000000000
Total Flops:           75295360000
Seconds elapsed:       2.764293
Performance in GFlop/s:     27.238558
Bandwidth utilization: 17.364294 GB/s
7371707548.000000
Validation OK.
tuned params: 200 200 200 196 40 12 2 4
Flops / stencil call:  20
Stencil computations:  3764768000
Bytes transferred:     48000000000
Total Flops:           75295360000
Seconds elapsed:       2.694423
Performance in GFlop/s:     27.944893
Bandwidth utilization: 17.814575 GB/s
7185380337.000000
Validation OK.
tuned params: 200 200 200 196 40 12 2 4
Flops / stencil call:  20
Stencil computations:  3764768000
Bytes transferred:     48000000000
Total Flops:           75295360000
Seconds elapsed:       2.643028
Performance in GFlop/s:     28.488294
Bandwidth utilization: 18.160988 GB/s
7048323608.000000
Validation OK.
