tuned params: 200 200 200 196 12 8 4 5
Flops / stencil call:  20
Stencil computations:  3764768000
Bytes transferred:     48000000000
Total Flops:           75295360000
Seconds elapsed:       3.698947
Performance in GFlop/s:     20.355891
Bandwidth utilization: 12.976666 GB/s
9864193063.000000
Validation OK.
tuned params: 200 200 200 196 12 8 4 5
Flops / stencil call:  20
Stencil computations:  3764768000
Bytes transferred:     48000000000
Total Flops:           75295360000
Seconds elapsed:       3.624708
Performance in GFlop/s:     20.772807
Bandwidth utilization: 13.242446 GB/s
9666229952.000000
Validation OK.
tuned params: 200 200 200 196 12 8 4 5
Flops / stencil call:  20
Stencil computations:  3764768000
Bytes transferred:     48000000000
Total Flops:           75295360000
Seconds elapsed:       3.704515
Performance in GFlop/s:     20.325295
Bandwidth utilization: 12.957162 GB/s
9879056415.000000
Validation OK.
tuned params: 200 200 200 196 12 8 4 5
Flops / stencil call:  20
Stencil computations:  3764768000
Bytes transferred:     48000000000
Total Flops:           75295360000
Seconds elapsed:       3.642692
Performance in GFlop/s:     20.670251
Bandwidth utilization: 13.177068 GB/s
9714189858.000000
Validation OK.
tuned params: 200 200 200 196 12 8 4 5
Flops / stencil call:  20
Stencil computations:  3764768000
Bytes transferred:     48000000000
Total Flops:           75295360000
Seconds elapsed:       3.612740
Performance in GFlop/s:     20.841621
Bandwidth utilization: 13.286314 GB/s
9634315085.000000
Validation OK.
