tuned params: 200 200 200 196 40 12 2 4
Flops / stencil call:  20
Stencil computations:  3764768000
Bytes transferred:     48000000000
Total Flops:           75295360000
Seconds elapsed:       3.103516
Performance in GFlop/s:     24.261310
Bandwidth utilization: 15.466330 GB/s
8276337230.000000
Validation OK.
tuned params: 200 200 200 196 40 12 2 4
Flops / stencil call:  20
Stencil computations:  3764768000
Bytes transferred:     48000000000
Total Flops:           75295360000
Seconds elapsed:       2.534877
Performance in GFlop/s:     29.703755
Bandwidth utilization: 18.935831 GB/s
6759909099.000000
Validation OK.
tuned params: 200 200 200 196 40 12 2 4
Flops / stencil call:  20
Stencil computations:  3764768000
Bytes transferred:     48000000000
Total Flops:           75295360000
Seconds elapsed:       2.466231
Performance in GFlop/s:     30.530537
Bandwidth utilization: 19.462896 GB/s
6576848675.000000
Validation OK.
tuned params: 200 200 200 196 40 12 2 4
Flops / stencil call:  20
Stencil computations:  3764768000
Bytes transferred:     48000000000
Total Flops:           75295360000
Seconds elapsed:       2.551147
Performance in GFlop/s:     29.514317
Bandwidth utilization: 18.815066 GB/s
6803297279.000000
Validation OK.
tuned params: 200 200 200 196 40 12 2 4
Flops / stencil call:  20
Stencil computations:  3764768000
Bytes transferred:     48000000000
Total Flops:           75295360000
Seconds elapsed:       2.719039
Performance in GFlop/s:     27.691899
Bandwidth utilization: 17.653295 GB/s
7251024420.000000
Validation OK.
