tuned params: 200 200 200 196 40 12 2 4
Flops / stencil call:  20
Stencil computations:  3764768000
Bytes transferred:     48000000000
Total Flops:           75295360000
Seconds elapsed:       2.519972
Performance in GFlop/s:     29.879442
Bandwidth utilization: 19.047830 GB/s
6720162003.000000
Validation OK.
tuned params: 200 200 200 196 40 12 2 4
Flops / stencil call:  20
Stencil computations:  3764768000
Bytes transferred:     48000000000
Total Flops:           75295360000
Seconds elapsed:       2.719960
Performance in GFlop/s:     27.682525
Bandwidth utilization: 17.647319 GB/s
7253481267.000000
Validation OK.
tuned params: 200 200 200 196 40 12 2 4
Flops / stencil call:  20
Stencil computations:  3764768000
Bytes transferred:     48000000000
Total Flops:           75295360000
Seconds elapsed:       2.702705
Performance in GFlop/s:     27.859260
Bandwidth utilization: 17.759986 GB/s
7207467556.000000
Validation OK.
tuned params: 200 200 200 196 40 12 2 4
Flops / stencil call:  20
Stencil computations:  3764768000
Bytes transferred:     48000000000
Total Flops:           75295360000
Seconds elapsed:       2.532923
Performance in GFlop/s:     29.726668
Bandwidth utilization: 18.950438 GB/s
6754697596.000000
Validation OK.
tuned params: 200 200 200 196 40 12 2 4
Flops / stencil call:  20
Stencil computations:  3764768000
Bytes transferred:     48000000000
Total Flops:           75295360000
Seconds elapsed:       2.691514
Performance in GFlop/s:     27.975095
Bandwidth utilization: 17.833829 GB/s
7177624800.000000
Validation OK.
