tuned params: 200 200 200 196 8 16 4 8
Flops / stencil call:  20
Stencil computations:  3764768000
Bytes transferred:     48000000000
Total Flops:           75295360000
Seconds elapsed:       2.614941
Performance in GFlop/s:     28.794285
Bandwidth utilization: 18.356054 GB/s
6973420696.000000
Validation OK.
tuned params: 200 200 200 196 8 16 4 8
Flops / stencil call:  20
Stencil computations:  3764768000
Bytes transferred:     48000000000
Total Flops:           75295360000
Seconds elapsed:       2.577371
Performance in GFlop/s:     29.214018
Bandwidth utilization: 18.623629 GB/s
6873230092.000000
Validation OK.
tuned params: 200 200 200 196 8 16 4 8
Flops / stencil call:  20
Stencil computations:  3764768000
Bytes transferred:     48000000000
Total Flops:           75295360000
Seconds elapsed:       2.585903
Performance in GFlop/s:     29.117628
Bandwidth utilization: 18.562182 GB/s
6895980392.000000
Validation OK.
tuned params: 200 200 200 196 8 16 4 8
Flops / stencil call:  20
Stencil computations:  3764768000
Bytes transferred:     48000000000
Total Flops:           75295360000
Seconds elapsed:       2.630510
Performance in GFlop/s:     28.623865
Bandwidth utilization: 18.247413 GB/s
7014940860.000000
Validation OK.
tuned params: 200 200 200 196 8 16 4 8
Flops / stencil call:  20
Stencil computations:  3764768000
Bytes transferred:     48000000000
Total Flops:           75295360000
Seconds elapsed:       2.607041
Performance in GFlop/s:     28.881539
Bandwidth utilization: 18.411677 GB/s
6952352952.000000
Validation OK.
