tuned params: 200 200 200 196 12 8 4 5
Flops / stencil call:  20
Stencil computations:  3764768000
Bytes transferred:     48000000000
Total Flops:           75295360000
Seconds elapsed:       3.658438
Performance in GFlop/s:     20.581287
Bandwidth utilization: 13.120354 GB/s
9756181100.000000
Validation OK.
tuned params: 200 200 200 196 12 8 4 5
Flops / stencil call:  20
Stencil computations:  3764768000
Bytes transferred:     48000000000
Total Flops:           75295360000
Seconds elapsed:       3.569003
Performance in GFlop/s:     21.097028
Bandwidth utilization: 13.449134 GB/s
9517680435.000000
Validation OK.
tuned params: 200 200 200 196 12 8 4 5
Flops / stencil call:  20
Stencil computations:  3764768000
Bytes transferred:     48000000000
Total Flops:           75295360000
Seconds elapsed:       3.522638
Performance in GFlop/s:     21.374709
Bandwidth utilization: 13.626152 GB/s
9394036286.000000
Validation OK.
tuned params: 200 200 200 196 12 8 4 5
Flops / stencil call:  20
Stencil computations:  3764768000
Bytes transferred:     48000000000
Total Flops:           75295360000
Seconds elapsed:       3.470169
Performance in GFlop/s:     21.697894
Bandwidth utilization: 13.832179 GB/s
9254113067.000000
Validation OK.
tuned params: 200 200 200 196 12 8 4 5
Flops / stencil call:  20
Stencil computations:  3764768000
Bytes transferred:     48000000000
Total Flops:           75295360000
Seconds elapsed:       3.652944
Performance in GFlop/s:     20.612240
Bandwidth utilization: 13.140086 GB/s
9741529420.000000
Validation OK.
