tuned params: 200 200 200 196 44 36 1 4
Flops / stencil call:  20
Stencil computations:  3764768000
Bytes transferred:     48000000000
Total Flops:           75295360000
Seconds elapsed:       2.511374
Performance in GFlop/s:     29.981739
Bandwidth utilization: 19.113043 GB/s
6697235222.000000
Validation OK.
tuned params: 200 200 200 196 44 36 1 4
Flops / stencil call:  20
Stencil computations:  3764768000
Bytes transferred:     48000000000
Total Flops:           75295360000
Seconds elapsed:       2.506308
Performance in GFlop/s:     30.042340
Bandwidth utilization: 19.151676 GB/s
6683721548.000000
Validation OK.
tuned params: 200 200 200 196 44 36 1 4
Flops / stencil call:  20
Stencil computations:  3764768000
Bytes transferred:     48000000000
Total Flops:           75295360000
Seconds elapsed:       2.358186
Performance in GFlop/s:     31.929356
Bandwidth utilization: 20.354628 GB/s
6288714148.000000
Validation OK.
tuned params: 200 200 200 196 44 36 1 4
Flops / stencil call:  20
Stencil computations:  3764768000
Bytes transferred:     48000000000
Total Flops:           75295360000
Seconds elapsed:       2.460017
Performance in GFlop/s:     30.607659
Bandwidth utilization: 19.512061 GB/s
6560275812.000000
Validation OK.
tuned params: 200 200 200 196 44 36 1 4
Flops / stencil call:  20
Stencil computations:  3764768000
Bytes transferred:     48000000000
Total Flops:           75295360000
Seconds elapsed:       2.249981
Performance in GFlop/s:     33.464888
Bandwidth utilization: 21.333514 GB/s
6000158858.000000
Validation OK.
