tuned params: 200 200 200 196 44 36 1 4
Flops / stencil call:  20
Stencil computations:  3764768000
Bytes transferred:     48000000000
Total Flops:           75295360000
Seconds elapsed:       2.310476
Performance in GFlop/s:     32.588678
Bandwidth utilization: 20.774939 GB/s
6161483488.000000
Validation OK.
tuned params: 200 200 200 196 44 36 1 4
Flops / stencil call:  20
Stencil computations:  3764768000
Bytes transferred:     48000000000
Total Flops:           75295360000
Seconds elapsed:       2.490158
Performance in GFlop/s:     30.237181
Bandwidth utilization: 19.275885 GB/s
6640653768.000000
Validation OK.
tuned params: 200 200 200 196 44 36 1 4
Flops / stencil call:  20
Stencil computations:  3764768000
Bytes transferred:     48000000000
Total Flops:           75295360000
Seconds elapsed:       2.670459
Performance in GFlop/s:     28.195662
Bandwidth utilization: 17.974438 GB/s
7121476120.000000
Validation OK.
tuned params: 200 200 200 196 44 36 1 4
Flops / stencil call:  20
Stencil computations:  3764768000
Bytes transferred:     48000000000
Total Flops:           75295360000
Seconds elapsed:       2.463495
Performance in GFlop/s:     30.564446
Bandwidth utilization: 19.484513 GB/s
6569550292.000000
Validation OK.
tuned params: 200 200 200 196 44 36 1 4
Flops / stencil call:  20
Stencil computations:  3764768000
Bytes transferred:     48000000000
Total Flops:           75295360000
Seconds elapsed:       2.393133
Performance in GFlop/s:     31.463091
Bandwidth utilization: 20.057390 GB/s
6381914188.000000
Validation OK.
