tuned params: 200 200 200 196 8 16 4 8
Flops / stencil call:  20
Stencil computations:  3764768000
Bytes transferred:     48000000000
Total Flops:           75295360000
Seconds elapsed:       2.530653
Performance in GFlop/s:     29.753332
Bandwidth utilization: 18.967436 GB/s
6748643779.000000
Validation OK.
tuned params: 200 200 200 196 8 16 4 8
Flops / stencil call:  20
Stencil computations:  3764768000
Bytes transferred:     48000000000
Total Flops:           75295360000
Seconds elapsed:       2.580069
Performance in GFlop/s:     29.183470
Bandwidth utilization: 18.604155 GB/s
6880426039.000000
Validation OK.
tuned params: 200 200 200 196 8 16 4 8
Flops / stencil call:  20
Stencil computations:  3764768000
Bytes transferred:     48000000000
Total Flops:           75295360000
Seconds elapsed:       2.555018
Performance in GFlop/s:     29.469601
Bandwidth utilization: 18.786561 GB/s
6813619658.000000
Validation OK.
tuned params: 200 200 200 196 8 16 4 8
Flops / stencil call:  20
Stencil computations:  3764768000
Bytes transferred:     48000000000
Total Flops:           75295360000
Seconds elapsed:       2.749416
Performance in GFlop/s:     27.385946
Bandwidth utilization: 17.458252 GB/s
7332032214.000000
Validation OK.
tuned params: 200 200 200 196 8 16 4 8
Flops / stencil call:  20
Stencil computations:  3764768000
Bytes transferred:     48000000000
Total Flops:           75295360000
Seconds elapsed:       2.646433
Performance in GFlop/s:     28.451642
Bandwidth utilization: 18.137622 GB/s
7057401243.000000
Validation OK.
