tuned params: 200 200 200 196 24 20 2 4
Flops / stencil call:  20
Stencil computations:  3764768000
Bytes transferred:     48000000000
Total Flops:           75295360000
Seconds elapsed:       9.561683
Performance in GFlop/s:     7.874697
Bandwidth utilization: 5.020037 GB/s
25498733574.000000
Validation OK.
tuned params: 200 200 200 196 24 20 2 4
Flops / stencil call:  20
Stencil computations:  3764768000
Bytes transferred:     48000000000
Total Flops:           75295360000
Seconds elapsed:       9.564852
Performance in GFlop/s:     7.872088
Bandwidth utilization: 5.018374 GB/s
25507185695.000000
Validation OK.
tuned params: 200 200 200 196 24 20 2 4
Flops / stencil call:  20
Stencil computations:  3764768000
Bytes transferred:     48000000000
Total Flops:           75295360000
Seconds elapsed:       9.570823
Performance in GFlop/s:     7.867177
Bandwidth utilization: 5.015243 GB/s
25523108984.000000
Validation OK.
tuned params: 200 200 200 196 24 20 2 4
Flops / stencil call:  20
Stencil computations:  3764768000
Bytes transferred:     48000000000
Total Flops:           75295360000
Seconds elapsed:       9.586678
Performance in GFlop/s:     7.854166
Bandwidth utilization: 5.006948 GB/s
25565388273.000000
Validation OK.
tuned params: 200 200 200 196 24 20 2 4
Flops / stencil call:  20
Stencil computations:  3764768000
Bytes transferred:     48000000000
Total Flops:           75295360000
Seconds elapsed:       9.962121
Performance in GFlop/s:     7.558166
Bandwidth utilization: 4.818251 GB/s
26566608038.000000
Validation OK.
