tuned params: 200 200 200 196 44 36 1 4
Flops / stencil call:  20
Stencil computations:  3764768000
Bytes transferred:     48000000000
Total Flops:           75295360000
Seconds elapsed:       2.414450
Performance in GFlop/s:     31.185306
Bandwidth utilization: 19.880305 GB/s
6438761096.000000
Validation OK.
tuned params: 200 200 200 196 44 36 1 4
Flops / stencil call:  20
Stencil computations:  3764768000
Bytes transferred:     48000000000
Total Flops:           75295360000
Seconds elapsed:       2.382716
Performance in GFlop/s:     31.600645
Bandwidth utilization: 20.145079 GB/s
6354133752.000000
Validation OK.
tuned params: 200 200 200 196 44 36 1 4
Flops / stencil call:  20
Stencil computations:  3764768000
Bytes transferred:     48000000000
Total Flops:           75295360000
Seconds elapsed:       2.441164
Performance in GFlop/s:     30.844040
Bandwidth utilization: 19.662751 GB/s
6509999087.000000
Validation OK.
tuned params: 200 200 200 196 44 36 1 4
Flops / stencil call:  20
Stencil computations:  3764768000
Bytes transferred:     48000000000
Total Flops:           75295360000
Seconds elapsed:       2.419619
Performance in GFlop/s:     31.118683
Bandwidth utilization: 19.837833 GB/s
6452542792.000000
Validation OK.
tuned params: 200 200 200 196 44 36 1 4
Flops / stencil call:  20
Stencil computations:  3764768000
Bytes transferred:     48000000000
Total Flops:           75295360000
Seconds elapsed:       2.441154
Performance in GFlop/s:     30.844166
Bandwidth utilization: 19.662832 GB/s
6509970208.000000
Validation OK.
