tuned params: 200 200 200 196 68 48 2 5
Flops / stencil call:  20
Stencil computations:  3764768000
Bytes transferred:     48000000000
Total Flops:           75295360000
Seconds elapsed:       2.765644
Performance in GFlop/s:     27.225255
Bandwidth utilization: 17.355814 GB/s
7375309625.000000
Validation OK.
tuned params: 200 200 200 196 68 48 2 5
Flops / stencil call:  20
Stencil computations:  3764768000
Bytes transferred:     48000000000
Total Flops:           75295360000
Seconds elapsed:       2.720215
Performance in GFlop/s:     27.679929
Bandwidth utilization: 17.645664 GB/s
7254161535.000000
Validation OK.
tuned params: 200 200 200 196 68 48 2 5
Flops / stencil call:  20
Stencil computations:  3764768000
Bytes transferred:     48000000000
Total Flops:           75295360000
Seconds elapsed:       2.834413
Performance in GFlop/s:     26.564710
Bandwidth utilization: 16.934723 GB/s
7558703400.000000
Validation OK.
tuned params: 200 200 200 196 68 48 2 5
Flops / stencil call:  20
Stencil computations:  3764768000
Bytes transferred:     48000000000
Total Flops:           75295360000
Seconds elapsed:       2.687085
Performance in GFlop/s:     28.021206
Bandwidth utilization: 17.863224 GB/s
7165812476.000000
Validation OK.
tuned params: 200 200 200 196 68 48 2 5
Flops / stencil call:  20
Stencil computations:  3764768000
Bytes transferred:     48000000000
Total Flops:           75295360000
Seconds elapsed:       2.740287
Performance in GFlop/s:     27.477180
Bandwidth utilization: 17.516413 GB/s
7307689199.000000
Validation OK.
