tuned params: 200 200 200 196 40 48 2 4
Flops / stencil call:  20
Stencil computations:  3764768000
Bytes transferred:     48000000000
Total Flops:           75295360000
Seconds elapsed:       5.678165
Performance in GFlop/s:     13.260509
Bandwidth utilization: 8.453435 GB/s
15142312640.000000
Validation OK.
tuned params: 200 200 200 196 40 48 2 4
Flops / stencil call:  20
Stencil computations:  3764768000
Bytes transferred:     48000000000
Total Flops:           75295360000
Seconds elapsed:       5.554330
Performance in GFlop/s:     13.556156
Bandwidth utilization: 8.641907 GB/s
14812073264.000000
Validation OK.
tuned params: 200 200 200 196 40 48 2 4
Flops / stencil call:  20
Stencil computations:  3764768000
Bytes transferred:     48000000000
Total Flops:           75295360000
Seconds elapsed:       5.720902
Performance in GFlop/s:     13.161449
Bandwidth utilization: 8.390285 GB/s
15256281424.000000
Validation OK.
tuned params: 200 200 200 196 40 48 2 4
Flops / stencil call:  20
Stencil computations:  3764768000
Bytes transferred:     48000000000
Total Flops:           75295360000
Seconds elapsed:       5.649815
Performance in GFlop/s:     13.327049
Bandwidth utilization: 8.495853 GB/s
15066707824.000000
Validation OK.
tuned params: 200 200 200 196 40 48 2 4
Flops / stencil call:  20
Stencil computations:  3764768000
Bytes transferred:     48000000000
Total Flops:           75295360000
Seconds elapsed:       5.560485
Performance in GFlop/s:     13.541150
Bandwidth utilization: 8.632341 GB/s
14828485441.000000
Validation OK.
