tuned params: 200 200 200 196 12 8 4 5
Flops / stencil call:  20
Stencil computations:  3764768000
Bytes transferred:     48000000000
Total Flops:           75295360000
Seconds elapsed:       3.529149
Performance in GFlop/s:     21.335273
Bandwidth utilization: 13.601012 GB/s
9411396711.000000
Validation OK.
tuned params: 200 200 200 196 12 8 4 5
Flops / stencil call:  20
Stencil computations:  3764768000
Bytes transferred:     48000000000
Total Flops:           75295360000
Seconds elapsed:       3.667388
Performance in GFlop/s:     20.531059
Bandwidth utilization: 13.088334 GB/s
9780048279.000000
Validation OK.
tuned params: 200 200 200 196 12 8 4 5
Flops / stencil call:  20
Stencil computations:  3764768000
Bytes transferred:     48000000000
Total Flops:           75295360000
Seconds elapsed:       3.520824
Performance in GFlop/s:     21.385721
Bandwidth utilization: 13.633172 GB/s
9389199138.000000
Validation OK.
tuned params: 200 200 200 196 12 8 4 5
Flops / stencil call:  20
Stencil computations:  3764768000
Bytes transferred:     48000000000
Total Flops:           75295360000
Seconds elapsed:       3.543898
Performance in GFlop/s:     21.246480
Bandwidth utilization: 13.544407 GB/s
9450729576.000000
Validation OK.
tuned params: 200 200 200 196 12 8 4 5
Flops / stencil call:  20
Stencil computations:  3764768000
Bytes transferred:     48000000000
Total Flops:           75295360000
Seconds elapsed:       3.562403
Performance in GFlop/s:     21.136115
Bandwidth utilization: 13.474051 GB/s
9500077830.000000
Validation OK.
