tuned params: 200 200 200 196 68 48 2 5
Flops / stencil call:  20
Stencil computations:  3764768000
Bytes transferred:     48000000000
Total Flops:           75295360000
Seconds elapsed:       2.782384
Performance in GFlop/s:     27.061454
Bandwidth utilization: 17.251392 GB/s
7419953456.000000
Validation OK.
tuned params: 200 200 200 196 68 48 2 5
Flops / stencil call:  20
Stencil computations:  3764768000
Bytes transferred:     48000000000
Total Flops:           75295360000
Seconds elapsed:       2.671555
Performance in GFlop/s:     28.184095
Bandwidth utilization: 17.967064 GB/s
7124399312.000000
Validation OK.
tuned params: 200 200 200 196 68 48 2 5
Flops / stencil call:  20
Stencil computations:  3764768000
Bytes transferred:     48000000000
Total Flops:           75295360000
Seconds elapsed:       2.757687
Performance in GFlop/s:     27.303808
Bandwidth utilization: 17.405891 GB/s
7354091131.000000
Validation OK.
tuned params: 200 200 200 196 68 48 2 5
Flops / stencil call:  20
Stencil computations:  3764768000
Bytes transferred:     48000000000
Total Flops:           75295360000
Seconds elapsed:       2.701025
Performance in GFlop/s:     27.876587
Bandwidth utilization: 17.771031 GB/s
7202989643.000000
Validation OK.
tuned params: 200 200 200 196 68 48 2 5
Flops / stencil call:  20
Stencil computations:  3764768000
Bytes transferred:     48000000000
Total Flops:           75295360000
Seconds elapsed:       2.754381
Performance in GFlop/s:     27.336582
Bandwidth utilization: 17.426783 GB/s
7345278312.000000
Validation OK.
