tuned params: 200 200 200 196 40 48 2 4
Flops / stencil call:  20
Stencil computations:  3764768000
Bytes transferred:     48000000000
Total Flops:           75295360000
Seconds elapsed:       5.466337
Performance in GFlop/s:     13.774372
Bandwidth utilization: 8.781017 GB/s
14577419520.000000
Validation OK.
tuned params: 200 200 200 196 40 48 2 4
Flops / stencil call:  20
Stencil computations:  3764768000
Bytes transferred:     48000000000
Total Flops:           75295360000
Seconds elapsed:       5.672215
Performance in GFlop/s:     13.274419
Bandwidth utilization: 8.462303 GB/s
15126445560.000000
Validation OK.
tuned params: 200 200 200 196 40 48 2 4
Flops / stencil call:  20
Stencil computations:  3764768000
Bytes transferred:     48000000000
Total Flops:           75295360000
Seconds elapsed:       5.406907
Performance in GFlop/s:     13.925773
Bandwidth utilization: 8.877534 GB/s
14418935136.000000
Validation OK.
tuned params: 200 200 200 196 40 48 2 4
Flops / stencil call:  20
Stencil computations:  3764768000
Bytes transferred:     48000000000
Total Flops:           75295360000
Seconds elapsed:       5.521352
Performance in GFlop/s:     13.637124
Bandwidth utilization: 8.693523 GB/s
14724130318.000000
Validation OK.
tuned params: 200 200 200 196 40 48 2 4
Flops / stencil call:  20
Stencil computations:  3764768000
Bytes transferred:     48000000000
Total Flops:           75295360000
Seconds elapsed:       5.402429
Performance in GFlop/s:     13.937316
Bandwidth utilization: 8.884892 GB/s
14406992056.000000
Validation OK.
