[1;34m[pthread wrapper] 
[0m[1;34m[pthread wrapper] MAIN -> 0
[0m[1;34m[pthread wrapper] PIN_MASK: [0m[1;34m0->1  [0m[1;34m1->2  [0m[1;34m2->16  [0m[1;34m3->17  [0m[1;34m4->18  [0m[1;34m
[pthread wrapper] SKIP MASK: 0x0
[0m[1;34m	threadid 139859814053632 -> core 1 - OK[0m[1;34m
[0m[1;34m	threadid 139859805660928 -> core 2 - OK[0m[1;34m
[0m[1;34m	threadid 139859797268224 -> core 16 - OK[0m[1;34m
[0m[1;34m	threadid 139859788875520 -> core 17 - OK[0m[1;34m
[0m[1;34m	threadid 139859780482816 -> core 18 - OK[0m[1;34m
[0mFLOPs in stencil code:      1.204726e+10
Time spent in stencil code: 1.391907
Performance in GFlop/s:     8.655217
[1;34m[pthread wrapper] 
[0m[1;34m[pthread wrapper] MAIN -> 0
[0m[1;34m[pthread wrapper] PIN_MASK: [0m[1;34m0->1  [0m[1;34m1->2  [0m[1;34m2->16  [0m[1;34m3->17  [0m[1;34m4->18  [0m[1;34m
[pthread wrapper] SKIP MASK: 0x0
[0m[1;34m	threadid 139834477672192 -> core 1 - OK[0m[1;34m
[0m[1;34m	threadid 139834469279488 -> core 2 - OK[0m[1;34m
[0m[1;34m	threadid 139834460886784 -> core 16 - OK[0m[1;34m
[0m[1;34m	threadid 139834452494080 -> core 17 - OK[0m[1;34m
[0m[1;34m	threadid 139834444101376 -> core 18 - OK[0m[1;34m
[0mFLOPs in stencil code:      1.204726e+10
Time spent in stencil code: 1.391654
Performance in GFlop/s:     8.656791
[1;34m[pthread wrapper] 
[0m[1;34m[pthread wrapper] MAIN -> 0
[0m[1;34m[pthread wrapper] PIN_MASK: [0m[1;34m0->1  [0m[1;34m1->2  [0m[1;34m2->16  [0m[1;34m3->17  [0m[1;34m4->18  [0m[1;34m
[pthread wrapper] SKIP MASK: 0x0
[0m[1;34m	threadid 140186145584896 -> core 1 - OK[0m[1;34m
[0m[1;34m	threadid 140186137192192 -> core 2 - OK[0m[1;34m
[0m[1;34m	threadid 140186128799488 -> core 16 - OK[0m[1;34m
[0m[1;34m	threadid 140186120406784 -> core 17 - OK[0m[1;34m
[0m[1;34m	threadid 140186112014080 -> core 18 - OK[0m[1;34m
[0mFLOPs in stencil code:      1.204726e+10
Time spent in stencil code: 1.366310
Performance in GFlop/s:     8.817367
[1;34m[pthread wrapper] 
[0m[1;34m[pthread wrapper] MAIN -> 0
[0m[1;34m[pthread wrapper] PIN_MASK: [0m[1;34m0->1  [0m[1;34m1->2  [0m[1;34m2->16  [0m[1;34m3->17  [0m[1;34m4->18  [0m[1;34m
[pthread wrapper] SKIP MASK: 0x0
[0m[1;34m	threadid 140628966242048 -> core 1 - OK[0m[1;34m
[0m[1;34m	threadid 140628957849344 -> core 2 - OK[0m[1;34m
[0m[1;34m	threadid 140628949456640 -> core 16 - OK[0m[1;34m
[0m[1;34m	threadid 140628941063936 -> core 17 - OK[0m[1;34m
[0m[1;34m	threadid 140628932671232 -> core 18 - OK[0m[1;34m
[0mFLOPs in stencil code:      1.204726e+10
Time spent in stencil code: 1.389479
Performance in GFlop/s:     8.670342
[1;34m[pthread wrapper] 
[0m[1;34m[pthread wrapper] MAIN -> 0
[0m[1;34m[pthread wrapper] PIN_MASK: [0m[1;34m0->1  [0m[1;34m1->2  [0m[1;34m2->16  [0m[1;34m3->17  [0m[1;34m4->18  [0m[1;34m
[pthread wrapper] SKIP MASK: 0x0
[0m[1;34m	threadid 139739876849408 -> core 1 - OK[0m[1;34m
[0m[1;34m	threadid 139739868456704 -> core 2 - OK[0m[1;34m
[0m[1;34m	threadid 139739860064000 -> core 16 - OK[0m[1;34m
[0m[1;34m	threadid 139739851671296 -> core 17 - OK[0m[1;34m
[0m[1;34m	threadid 139739843278592 -> core 18 - OK[0m[1;34m
[0mFLOPs in stencil code:      1.204726e+10
Time spent in stencil code: 1.391716
Performance in GFlop/s:     8.656405
