[1;34m[pthread wrapper] 
[0m[1;34m[pthread wrapper] MAIN -> 0
[0m[1;34m[pthread wrapper] PIN_MASK: [0m[1;34m0->1  [0m[1;34m1->2  [0m[1;34m2->3  [0m[1;34m3->4  [0m[1;34m4->5  [0m[1;34m5->16  [0m[1;34m6->17  [0m[1;34m7->18  [0m[1;34m8->19  [0m[1;34m9->20  [0m[1;34m10->21  [0m[1;34m
[pthread wrapper] SKIP MASK: 0x0
[0m[1;34m	threadid 140604670867200 -> core 1 - OK[0m[1;34m
[0m[1;34m	threadid 140604662474496 -> core 2 - OK[0m[1;34m
[0m[1;34m	threadid 140604654081792 -> core 3 - OK[0m[1;34m
[0m[1;34m	threadid 140604645689088 -> core 4 - OK[0m[1;34m
[0m[1;34m	threadid 140604637296384 -> core 5 - OK[0m[1;34m
[0m[1;34m	threadid 140604628903680 -> core 16 - OK[0m[1;34m
[0m[1;34m	threadid 140604620510976 -> core 17 - OK[0m[1;34m
[0m[1;34m	threadid 140604612118272 -> core 18 - OK[0m[1;34m
[0m[1;34m	threadid 140604603725568 -> core 19 - OK[0m[1;34m
[0m[1;34m	threadid 140604595332864 -> core 20 - OK[0m[1;34m
[0m[1;34m	threadid 140604586940160 -> core 21 - OK[0m[1;34m
[0mFLOPs in stencil code:      1.204726e+10
Time spent in stencil code: 0.847050
Performance in GFlop/s:     14.222606
[1;34m[pthread wrapper] 
[0m[1;34m[pthread wrapper] MAIN -> 0
[0m[1;34m[pthread wrapper] PIN_MASK: [0m[1;34m0->1  [0m[1;34m1->2  [0m[1;34m2->3  [0m[1;34m3->4  [0m[1;34m4->5  [0m[1;34m5->16  [0m[1;34m6->17  [0m[1;34m7->18  [0m[1;34m8->19  [0m[1;34m9->20  [0m[1;34m10->21  [0m[1;34m
[pthread wrapper] SKIP MASK: 0x0
[0m[1;34m	threadid 140663066523392 -> core 1 - OK[0m[1;34m
[0m[1;34m	threadid 140663058130688 -> core 2 - OK[0m[1;34m
[0m[1;34m	threadid 140663049737984 -> core 3 - OK[0m[1;34m
[0m[1;34m	threadid 140663041345280 -> core 4 - OK[0m[1;34m
[0m[1;34m	threadid 140663032952576 -> core 5 - OK[0m[1;34m
[0m[1;34m	threadid 140663024559872 -> core 16 - OK[0m[1;34m
[0m[1;34m	threadid 140663016167168 -> core 17 - OK[0m[1;34m
[0m[1;34m	threadid 140663007774464 -> core 18 - OK[0m[1;34m
[0m[1;34m	threadid 140662999381760 -> core 19 - OK[0m[1;34m
[0m[1;34m	threadid 140662990989056 -> core 20 - OK[0m[1;34m
[0m[1;34m	threadid 140662982596352 -> core 21 - OK[0m[1;34m
[0mFLOPs in stencil code:      1.204726e+10
Time spent in stencil code: 0.845804
Performance in GFlop/s:     14.243558
[1;34m[pthread wrapper] 
[0m[1;34m[pthread wrapper] MAIN -> 0
[0m[1;34m[pthread wrapper] PIN_MASK: [0m[1;34m0->1  [0m[1;34m1->2  [0m[1;34m2->3  [0m[1;34m3->4  [0m[1;34m4->5  [0m[1;34m5->16  [0m[1;34m6->17  [0m[1;34m7->18  [0m[1;34m8->19  [0m[1;34m9->20  [0m[1;34m10->21  [0m[1;34m
[pthread wrapper] SKIP MASK: 0x0
[0m[1;34m	threadid 140337407489792 -> core 1 - OK[0m[1;34m
[0m[1;34m	threadid 140337399097088 -> core 2 - OK[0m[1;34m
[0m[1;34m	threadid 140337390704384 -> core 3 - OK[0m[1;34m
[0m[1;34m	threadid 140337382311680 -> core 4 - OK[0m[1;34m
[0m[1;34m	threadid 140337373918976 -> core 5 - OK[0m[1;34m
[0m[1;34m	threadid 140337365526272 -> core 16 - OK[0m[1;34m
[0m[1;34m	threadid 140337357133568 -> core 17 - OK[0m[1;34m
[0m[1;34m	threadid 140337348740864 -> core 18 - OK[0m[1;34m
[0m[1;34m	threadid 140337340348160 -> core 19 - OK[0m[1;34m
[0m[1;34m	threadid 140337331955456 -> core 20 - OK[0m[1;34m
[0m[1;34m	threadid 140337323562752 -> core 21 - OK[0m[1;34m
[0mFLOPs in stencil code:      1.204726e+10
Time spent in stencil code: 0.845918
Performance in GFlop/s:     14.241639
[1;34m[pthread wrapper] 
[0m[1;34m[pthread wrapper] MAIN -> 0
[0m[1;34m[pthread wrapper] PIN_MASK: [0m[1;34m0->1  [0m[1;34m1->2  [0m[1;34m2->3  [0m[1;34m3->4  [0m[1;34m4->5  [0m[1;34m5->16  [0m[1;34m6->17  [0m[1;34m7->18  [0m[1;34m8->19  [0m[1;34m9->20  [0m[1;34m10->21  [0m[1;34m
[pthread wrapper] SKIP MASK: 0x0
[0m[1;34m	threadid 139718969128704 -> core 1 - OK[0m[1;34m
[0m[1;34m	threadid 139718960736000 -> core 2 - OK[0m[1;34m
[0m[1;34m	threadid 139718952343296 -> core 3 - OK[0m[1;34m
[0m[1;34m	threadid 139718943950592 -> core 4 - OK[0m[1;34m
[0m[1;34m	threadid 139718935557888 -> core 5 - OK[0m[1;34m
[0m[1;34m	threadid 139718927165184 -> core 16 - OK[0m[1;34m
[0m[1;34m	threadid 139718918772480 -> core 17 - OK[0m[1;34m
[0m[1;34m	threadid 139718910379776 -> core 18 - OK[0m[1;34m
[0m[1;34m	threadid 139718901987072 -> core 19 - OK[0m[1;34m
[0m[1;34m	threadid 139718893594368 -> core 20 - OK[0m[1;34m
[0m[1;34m	threadid 139718885201664 -> core 21 - OK[0m[1;34m
[0mFLOPs in stencil code:      1.204726e+10
Time spent in stencil code: 0.846522
Performance in GFlop/s:     14.231475
[1;34m[pthread wrapper] 
[0m[1;34m[pthread wrapper] MAIN -> 0
[0m[1;34m[pthread wrapper] PIN_MASK: [0m[1;34m0->1  [0m[1;34m1->2  [0m[1;34m2->3  [0m[1;34m3->4  [0m[1;34m4->5  [0m[1;34m5->16  [0m[1;34m6->17  [0m[1;34m7->18  [0m[1;34m8->19  [0m[1;34m9->20  [0m[1;34m10->21  [0m[1;34m
[pthread wrapper] SKIP MASK: 0x0
[0m[1;34m	threadid 140699945531136 -> core 1 - OK[0m[1;34m
[0m[1;34m	threadid 140699937138432 -> core 2 - OK[0m[1;34m
[0m[1;34m	threadid 140699928745728 -> core 3 - OK[0m[1;34m
[0m[1;34m	threadid 140699920353024 -> core 4 - OK[0m[1;34m
[0m[1;34m	threadid 140699911960320 -> core 5 - OK[0m[1;34m
[0m[1;34m	threadid 140699903567616 -> core 16 - OK[0m[1;34m
[0m[1;34m	threadid 140699895174912 -> core 17 - OK[0m[1;34m
[0m[1;34m	threadid 140699886782208 -> core 18 - OK[0m[1;34m
[0m[1;34m	threadid 140699878389504 -> core 19 - OK[0m[1;34m
[0m[1;34m	threadid 140699869996800 -> core 20 - OK[0m[1;34m
[0m[1;34m	threadid 140699861604096 -> core 21 - OK[0m[1;34m
[0mFLOPs in stencil code:      1.204726e+10
Time spent in stencil code: 0.846827
Performance in GFlop/s:     14.226350
