[1;34m[pthread wrapper] 
[0m[1;34m[pthread wrapper] MAIN -> 0
[0m[1;34m[pthread wrapper] PIN_MASK: [0m[1;34m0->1  [0m[1;34m1->2  [0m[1;34m2->3  [0m[1;34m3->4  [0m[1;34m4->5  [0m[1;34m5->6  [0m[1;34m6->7  [0m[1;34m7->8  [0m[1;34m8->9  [0m[1;34m9->10  [0m[1;34m10->11  [0m[1;34m
[pthread wrapper] SKIP MASK: 0x0
[0m[1;34m	threadid 140676533483264 -> core 1 - OK[0m[1;34m
[0m[1;34m	threadid 140676525090560 -> core 2 - OK[0m[1;34m
[0m[1;34m	threadid 140676516697856 -> core 3 - OK[0m[1;34m
[0m[1;34m	threadid 140676508305152 -> core 4 - OK[0m[1;34m
[0m[1;34m	threadid 140676499912448 -> core 5 - OK[0m[1;34m
[0m[1;34m	threadid 140676491519744 -> core 6 - OK[0m[1;34m
[0m[1;34m	threadid 140676483127040 -> core 7 - OK[0m[1;34m
[0m[1;34m	threadid 140676474734336 -> core 8 - OK[0m[1;34m
[0m[1;34m	threadid 140676466341632 -> core 9 - OK[0m[1;34m
[0m[1;34m	threadid 140676457948928 -> core 10 - OK[0m[1;34m
[0m[1;34m	threadid 140676449556224 -> core 11 - OK[0m[1;34m
[0mFLOPs in stencil code:      1.204726e+10
Time spent in stencil code: 0.934141
Performance in GFlop/s:     12.896617
[1;34m[pthread wrapper] 
[0m[1;34m[pthread wrapper] MAIN -> 0
[0m[1;34m[pthread wrapper] PIN_MASK: [0m[1;34m0->1  [0m[1;34m1->2  [0m[1;34m2->3  [0m[1;34m3->4  [0m[1;34m4->5  [0m[1;34m5->6  [0m[1;34m6->7  [0m[1;34m7->8  [0m[1;34m8->9  [0m[1;34m9->10  [0m[1;34m10->11  [0m[1;34m
[pthread wrapper] SKIP MASK: 0x0
[0m[1;34m	threadid 139652383536896 -> core 1 - OK[0m[1;34m
[0m[1;34m	threadid 139652375144192 -> core 2 - OK[0m[1;34m
[0m[1;34m	threadid 139652366751488 -> core 3 - OK[0m[1;34m
[0m[1;34m	threadid 139652358358784 -> core 4 - OK[0m[1;34m
[0m[1;34m	threadid 139652349966080 -> core 5 - OK[0m[1;34m
[0m[1;34m	threadid 139652341573376 -> core 6 - OK[0m[1;34m
[0m[1;34m	threadid 139652333180672 -> core 7 - OK[0m[1;34m
[0m[1;34m	threadid 139652324787968 -> core 8 - OK[0m[1;34m
[0m[1;34m	threadid 139652316395264 -> core 9 - OK[0m[1;34m
[0m[1;34m	threadid 139652308002560 -> core 10 - OK[0m[1;34m
[0m[1;34m	threadid 139652299609856 -> core 11 - OK[0m[1;34m
[0mFLOPs in stencil code:      1.204726e+10
Time spent in stencil code: 0.934848
Performance in GFlop/s:     12.886861
[1;34m[pthread wrapper] 
[0m[1;34m[pthread wrapper] MAIN -> 0
[0m[1;34m[pthread wrapper] PIN_MASK: [0m[1;34m0->1  [0m[1;34m1->2  [0m[1;34m2->3  [0m[1;34m3->4  [0m[1;34m4->5  [0m[1;34m5->6  [0m[1;34m6->7  [0m[1;34m7->8  [0m[1;34m8->9  [0m[1;34m9->10  [0m[1;34m10->11  [0m[1;34m
[pthread wrapper] SKIP MASK: 0x0
[0m[1;34m	threadid 139836953949952 -> core 1 - OK[0m[1;34m
[0m[1;34m	threadid 139836945557248 -> core 2 - OK[0m[1;34m
[0m[1;34m	threadid 139836937164544 -> core 3 - OK[0m[1;34m
[0m[1;34m	threadid 139836928771840 -> core 4 - OK[0m[1;34m
[0m[1;34m	threadid 139836920379136 -> core 5 - OK[0m[1;34m
[0m[1;34m	threadid 139836911986432 -> core 6 - OK[0m[1;34m
[0m[1;34m	threadid 139836903593728 -> core 7 - OK[0m[1;34m
[0m[1;34m	threadid 139836895201024 -> core 8 - OK[0m[1;34m
[0m[1;34m	threadid 139836886808320 -> core 9 - OK[0m[1;34m
[0m[1;34m	threadid 139836878415616 -> core 10 - OK[0m[1;34m
[0m[1;34m	threadid 139836870022912 -> core 11 - OK[0m[1;34m
[0mFLOPs in stencil code:      1.204726e+10
Time spent in stencil code: 0.933224
Performance in GFlop/s:     12.909289
[1;34m[pthread wrapper] 
[0m[1;34m[pthread wrapper] MAIN -> 0
[0m[1;34m[pthread wrapper] PIN_MASK: [0m[1;34m0->1  [0m[1;34m1->2  [0m[1;34m2->3  [0m[1;34m3->4  [0m[1;34m4->5  [0m[1;34m5->6  [0m[1;34m6->7  [0m[1;34m7->8  [0m[1;34m8->9  [0m[1;34m9->10  [0m[1;34m10->11  [0m[1;34m
[pthread wrapper] SKIP MASK: 0x0
[0m[1;34m	threadid 140137202251520 -> core 1 - OK[0m[1;34m
[0m[1;34m	threadid 140137193858816 -> core 2 - OK[0m[1;34m
[0m[1;34m	threadid 140137185466112 -> core 3 - OK[0m[1;34m
[0m[1;34m	threadid 140137177073408 -> core 4 - OK[0m[1;34m
[0m[1;34m	threadid 140137168680704 -> core 5 - OK[0m[1;34m
[0m[1;34m	threadid 140137160288000 -> core 6 - OK[0m[1;34m
[0m[1;34m	threadid 140137151895296 -> core 7 - OK[0m[1;34m
[0m[1;34m	threadid 140137143502592 -> core 8 - OK[0m[1;34m
[0m[1;34m	threadid 140137135109888 -> core 9 - OK[0m[1;34m
[0m[1;34m	threadid 140137126717184 -> core 10 - OK[0m[1;34m
[0m[1;34m	threadid 140137118324480 -> core 11 - OK[0m[1;34m
[0mFLOPs in stencil code:      1.204726e+10
Time spent in stencil code: 0.933743
Performance in GFlop/s:     12.902113
[1;34m[pthread wrapper] 
[0m[1;34m[pthread wrapper] MAIN -> 0
[0m[1;34m[pthread wrapper] PIN_MASK: [0m[1;34m0->1  [0m[1;34m1->2  [0m[1;34m2->3  [0m[1;34m3->4  [0m[1;34m4->5  [0m[1;34m5->6  [0m[1;34m6->7  [0m[1;34m7->8  [0m[1;34m8->9  [0m[1;34m9->10  [0m[1;34m10->11  [0m[1;34m
[pthread wrapper] SKIP MASK: 0x0
[0m[1;34m	threadid 139745546204928 -> core 1 - OK[0m[1;34m
[0m[1;34m	threadid 139745537812224 -> core 2 - OK[0m[1;34m
[0m[1;34m	threadid 139745529419520 -> core 3 - OK[0m[1;34m
[0m[1;34m	threadid 139745521026816 -> core 4 - OK[0m[1;34m
[0m[1;34m	threadid 139745512634112 -> core 5 - OK[0m[1;34m
[0m[1;34m	threadid 139745504241408 -> core 6 - OK[0m[1;34m
[0m[1;34m	threadid 139745495848704 -> core 7 - OK[0m[1;34m
[0m[1;34m	threadid 139745487456000 -> core 8 - OK[0m[1;34m
[0m[1;34m	threadid 139745479063296 -> core 9 - OK[0m[1;34m
[0m[1;34m	threadid 139745470670592 -> core 10 - OK[0m[1;34m
[0m[1;34m	threadid 139745462277888 -> core 11 - OK[0m[1;34m
[0mFLOPs in stencil code:      1.204726e+10
Time spent in stencil code: 0.936427
Performance in GFlop/s:     12.865134
