[1;34m[pthread wrapper] 
[0m[1;34m[pthread wrapper] MAIN -> 0
[0m[1;34m[pthread wrapper] PIN_MASK: [0m[1;34m0->1  [0m[1;34m1->2  [0m[1;34m2->3  [0m[1;34m3->4  [0m[1;34m4->5  [0m[1;34m5->6  [0m[1;34m6->7  [0m[1;34m7->16  [0m[1;34m8->17  [0m[1;34m9->18  [0m[1;34m10->19  [0m[1;34m11->20  [0m[1;34m12->21  [0m[1;34m13->22  [0m[1;34m14->23  [0m[1;34m
[pthread wrapper] SKIP MASK: 0x0
[0m[1;34m	threadid 139742789465856 -> core 1 - OK[0m[1;34m
[0m[1;34m	threadid 139742781073152 -> core 2 - OK[0m[1;34m
[0m[1;34m	threadid 139742772680448 -> core 3 - OK[0m[1;34m
[0m[1;34m	threadid 139742764287744 -> core 4 - OK[0m[1;34m
[0m[1;34m	threadid 139742755895040 -> core 5 - OK[0m[1;34m
[0m[1;34m	threadid 139742747502336 -> core 6 - OK[0m[1;34m
[0m[1;34m	threadid 139742739109632 -> core 7 - OK[0m[1;34m
[0m[1;34m	threadid 139742730716928 -> core 16 - OK[0m[1;34m
[0m[1;34m	threadid 139742722324224 -> core 17 - OK[0m[1;34m
[0m[1;34m	threadid 139742713931520 -> core 18 - OK[0m[1;34m
[0m[1;34m	threadid 139742705538816 -> core 19 - OK[0m[1;34m
[0m[1;34m	threadid 139742697146112 -> core 20 - OK[0m[1;34m
[0m[1;34m	threadid 139742688753408 -> core 21 - OK[0m[1;34m
[0m[1;34m	threadid 139742680360704 -> core 22 - OK[0m[1;34m
[0m[1;34m	threadid 139742671968000 -> core 23 - OK[0m[1;34m
[0mFLOPs in stencil code:      1.204726e+10
Time spent in stencil code: 0.632178
Performance in GFlop/s:     19.056754
[1;34m[pthread wrapper] 
[0m[1;34m[pthread wrapper] MAIN -> 0
[0m[1;34m[pthread wrapper] PIN_MASK: [0m[1;34m0->1  [0m[1;34m1->2  [0m[1;34m2->3  [0m[1;34m3->4  [0m[1;34m4->5  [0m[1;34m5->6  [0m[1;34m6->7  [0m[1;34m7->16  [0m[1;34m8->17  [0m[1;34m9->18  [0m[1;34m10->19  [0m[1;34m11->20  [0m[1;34m12->21  [0m[1;34m13->22  [0m[1;34m14->23  [0m[1;34m
[pthread wrapper] SKIP MASK: 0x0
[0m[1;34m	threadid 140376940672768 -> core 1 - OK[0m[1;34m
[0m[1;34m	threadid 140376932280064 -> core 2 - OK[0m[1;34m
[0m[1;34m	threadid 140376923887360 -> core 3 - OK[0m[1;34m
[0m[1;34m	threadid 140376915494656 -> core 4 - OK[0m[1;34m
[0m[1;34m	threadid 140376907101952 -> core 5 - OK[0m[1;34m
[0m[1;34m	threadid 140376898709248 -> core 6 - OK[0m[1;34m
[0m[1;34m	threadid 140376890316544 -> core 7 - OK[0m[1;34m
[0m[1;34m	threadid 140376881923840 -> core 16 - OK[0m[1;34m
[0m[1;34m	threadid 140376873531136 -> core 17 - OK[0m[1;34m
[0m[1;34m	threadid 140376865138432 -> core 18 - OK[0m[1;34m
[0m[1;34m	threadid 140376856745728 -> core 19 - OK[0m[1;34m
[0m[1;34m	threadid 140376848353024 -> core 20 - OK[0m[1;34m
[0m[1;34m	threadid 140376839960320 -> core 21 - OK[0m[1;34m
[0m[1;34m	threadid 140376831567616 -> core 22 - OK[0m[1;34m
[0m[1;34m	threadid 140376823174912 -> core 23 - OK[0m[1;34m
[0mFLOPs in stencil code:      1.204726e+10
Time spent in stencil code: 0.629177
Performance in GFlop/s:     19.147642
[1;34m[pthread wrapper] 
[0m[1;34m[pthread wrapper] MAIN -> 0
[0m[1;34m[pthread wrapper] PIN_MASK: [0m[1;34m0->1  [0m[1;34m1->2  [0m[1;34m2->3  [0m[1;34m3->4  [0m[1;34m4->5  [0m[1;34m5->6  [0m[1;34m6->7  [0m[1;34m7->16  [0m[1;34m8->17  [0m[1;34m9->18  [0m[1;34m10->19  [0m[1;34m11->20  [0m[1;34m12->21  [0m[1;34m13->22  [0m[1;34m14->23  [0m[1;34m
[pthread wrapper] SKIP MASK: 0x0
[0m[1;34m	threadid 140422026229504 -> core 1 - OK[0m[1;34m
[0m[1;34m	threadid 140422017836800 -> core 2 - OK[0m[1;34m
[0m[1;34m	threadid 140422009444096 -> core 3 - OK[0m[1;34m
[0m[1;34m	threadid 140422001051392 -> core 4 - OK[0m[1;34m
[0m[1;34m	threadid 140421992658688 -> core 5 - OK[0m[1;34m
[0m[1;34m	threadid 140421984265984 -> core 6 - OK[0m[1;34m
[0m[1;34m	threadid 140421975873280 -> core 7 - OK[0m[1;34m
[0m[1;34m	threadid 140421967480576 -> core 16 - OK[0m[1;34m
[0m[1;34m	threadid 140421959087872 -> core 17 - OK[0m[1;34m
[0m[1;34m	threadid 140421950695168 -> core 18 - OK[0m[1;34m
[0m[1;34m	threadid 140421942302464 -> core 19 - OK[0m[1;34m
[0m[1;34m	threadid 140421933909760 -> core 20 - OK[0m[1;34m
[0m[1;34m	threadid 140421925517056 -> core 21 - OK[0m[1;34m
[0m[1;34m	threadid 140421917124352 -> core 22 - OK[0m[1;34m
[0m[1;34m	threadid 140421908731648 -> core 23 - OK[0m[1;34m
[0mFLOPs in stencil code:      1.204726e+10
Time spent in stencil code: 0.630526
Performance in GFlop/s:     19.106677
[1;34m[pthread wrapper] 
[0m[1;34m[pthread wrapper] MAIN -> 0
[0m[1;34m[pthread wrapper] PIN_MASK: [0m[1;34m0->1  [0m[1;34m1->2  [0m[1;34m2->3  [0m[1;34m3->4  [0m[1;34m4->5  [0m[1;34m5->6  [0m[1;34m6->7  [0m[1;34m7->16  [0m[1;34m8->17  [0m[1;34m9->18  [0m[1;34m10->19  [0m[1;34m11->20  [0m[1;34m12->21  [0m[1;34m13->22  [0m[1;34m14->23  [0m[1;34m
[pthread wrapper] SKIP MASK: 0x0
[0m[1;34m	threadid 140329387128576 -> core 1 - OK[0m[1;34m
[0m[1;34m	threadid 140329378735872 -> core 2 - OK[0m[1;34m
[0m[1;34m	threadid 140329370343168 -> core 3 - OK[0m[1;34m
[0m[1;34m	threadid 140329361950464 -> core 4 - OK[0m[1;34m
[0m[1;34m	threadid 140329353557760 -> core 5 - OK[0m[1;34m
[0m[1;34m	threadid 140329345165056 -> core 6 - OK[0m[1;34m
[0m[1;34m	threadid 140329336772352 -> core 7 - OK[0m[1;34m
[0m[1;34m	threadid 140329328379648 -> core 16 - OK[0m[1;34m
[0m[1;34m	threadid 140329319986944 -> core 17 - OK[0m[1;34m
[0m[1;34m	threadid 140329311594240 -> core 18 - OK[0m[1;34m
[0m[1;34m	threadid 140329303201536 -> core 19 - OK[0m[1;34m
[0m[1;34m	threadid 140329294808832 -> core 20 - OK[0m[1;34m
[0m[1;34m	threadid 140329286416128 -> core 21 - OK[0m[1;34m
[0m[1;34m	threadid 140329278023424 -> core 22 - OK[0m[1;34m
[0m[1;34m	threadid 140329269630720 -> core 23 - OK[0m[1;34m
[0mFLOPs in stencil code:      1.204726e+10
Time spent in stencil code: 0.631015
Performance in GFlop/s:     19.091877
[1;34m[pthread wrapper] 
[0m[1;34m[pthread wrapper] MAIN -> 0
[0m[1;34m[pthread wrapper] PIN_MASK: [0m[1;34m0->1  [0m[1;34m1->2  [0m[1;34m2->3  [0m[1;34m3->4  [0m[1;34m4->5  [0m[1;34m5->6  [0m[1;34m6->7  [0m[1;34m7->16  [0m[1;34m8->17  [0m[1;34m9->18  [0m[1;34m10->19  [0m[1;34m11->20  [0m[1;34m12->21  [0m[1;34m13->22  [0m[1;34m14->23  [0m[1;34m
[pthread wrapper] SKIP MASK: 0x0
[0m[1;34m	threadid 140034476898048 -> core 1 - OK[0m[1;34m
[0m[1;34m	threadid 140034468505344 -> core 2 - OK[0m[1;34m
[0m[1;34m	threadid 140034460112640 -> core 3 - OK[0m[1;34m
[0m[1;34m	threadid 140034451719936 -> core 4 - OK[0m[1;34m
[0m[1;34m	threadid 140034443327232 -> core 5 - OK[0m[1;34m
[0m[1;34m	threadid 140034434934528 -> core 6 - OK[0m[1;34m
[0m[1;34m	threadid 140034426541824 -> core 7 - OK[0m[1;34m
[0m[1;34m	threadid 140034418149120 -> core 16 - OK[0m[1;34m
[0m[1;34m	threadid 140034409756416 -> core 17 - OK[0m[1;34m
[0m[1;34m	threadid 140034401363712 -> core 18 - OK[0m[1;34m
[0m[1;34m	threadid 140034392971008 -> core 19 - OK[0m[1;34m
[0m[1;34m	threadid 140034384578304 -> core 20 - OK[0m[1;34m
[0m[1;34m	threadid 140034376185600 -> core 21 - OK[0m[1;34m
[0m[1;34m	threadid 140034367792896 -> core 22 - OK[0m[1;34m
[0m[1;34m	threadid 140034359400192 -> core 23 - OK[0m[1;34m
[0mFLOPs in stencil code:      1.204726e+10
Time spent in stencil code: 0.628276
Performance in GFlop/s:     19.175108
