[1;34m[pthread wrapper] 
[0m[1;34m[pthread wrapper] MAIN -> 0
[0m[1;34m[pthread wrapper] PIN_MASK: [0m[1;34m0->1  [0m[1;34m1->2  [0m[1;34m2->3  [0m[1;34m3->4  [0m[1;34m4->5  [0m[1;34m
[pthread wrapper] SKIP MASK: 0x0
[0m[1;34m	threadid 139815936980736 -> core 1 - OK[0m[1;34m
[0m[1;34m	threadid 139815928588032 -> core 2 - OK[0m[1;34m
[0m[1;34m	threadid 139815920195328 -> core 3 - OK[0m[1;34m
[0m[1;34m	threadid 139815911802624 -> core 4 - OK[0m[1;34m
[0m[1;34m	threadid 139815903409920 -> core 5 - OK[0m[1;34m
[0mFLOPs in stencil code:      1.204726e+10
Time spent in stencil code: 1.359424
Performance in GFlop/s:     8.862030
[1;34m[pthread wrapper] 
[0m[1;34m[pthread wrapper] MAIN -> 0
[0m[1;34m[pthread wrapper] PIN_MASK: [0m[1;34m0->1  [0m[1;34m1->2  [0m[1;34m2->3  [0m[1;34m3->4  [0m[1;34m4->5  [0m[1;34m
[pthread wrapper] SKIP MASK: 0x0
[0m[1;34m	threadid 139797136406272 -> core 1 - OK[0m[1;34m
[0m[1;34m	threadid 139797128013568 -> core 2 - OK[0m[1;34m
[0m[1;34m	threadid 139797119620864 -> core 3 - OK[0m[1;34m
[0m[1;34m	threadid 139797111228160 -> core 4 - OK[0m[1;34m
[0m[1;34m	threadid 139797102835456 -> core 5 - OK[0m[1;34m
[0mFLOPs in stencil code:      1.204726e+10
Time spent in stencil code: 1.357831
Performance in GFlop/s:     8.872428
[1;34m[pthread wrapper] 
[0m[1;34m[pthread wrapper] MAIN -> 0
[0m[1;34m[pthread wrapper] PIN_MASK: [0m[1;34m0->1  [0m[1;34m1->2  [0m[1;34m2->3  [0m[1;34m3->4  [0m[1;34m4->5  [0m[1;34m
[pthread wrapper] SKIP MASK: 0x0
[0m[1;34m	threadid 140359164294912 -> core 1 - OK[0m[1;34m
[0m[1;34m	threadid 140359155902208 -> core 2 - OK[0m[1;34m
[0m[1;34m	threadid 140359147509504 -> core 3 - OK[0m[1;34m
[0m[1;34m	threadid 140359139116800 -> core 4 - OK[0m[1;34m
[0m[1;34m	threadid 140359130724096 -> core 5 - OK[0m[1;34m
[0mFLOPs in stencil code:      1.204726e+10
Time spent in stencil code: 1.358523
Performance in GFlop/s:     8.867909
[1;34m[pthread wrapper] 
[0m[1;34m[pthread wrapper] MAIN -> 0
[0m[1;34m[pthread wrapper] PIN_MASK: [0m[1;34m0->1  [0m[1;34m1->2  [0m[1;34m2->3  [0m[1;34m3->4  [0m[1;34m4->5  [0m[1;34m
[pthread wrapper] SKIP MASK: 0x0
[0m[1;34m	threadid 140289555789568 -> core 1 - OK[0m[1;34m
[0m[1;34m	threadid 140289547396864 -> core 2 - OK[0m[1;34m
[0m[1;34m	threadid 140289539004160 -> core 3 - OK[0m[1;34m
[0m[1;34m	threadid 140289530611456 -> core 4 - OK[0m[1;34m
[0m[1;34m	threadid 140289522218752 -> core 5 - OK[0m[1;34m
[0mFLOPs in stencil code:      1.204726e+10
Time spent in stencil code: 1.357153
Performance in GFlop/s:     8.876861
[1;34m[pthread wrapper] 
[0m[1;34m[pthread wrapper] MAIN -> 0
[0m[1;34m[pthread wrapper] PIN_MASK: [0m[1;34m0->1  [0m[1;34m1->2  [0m[1;34m2->3  [0m[1;34m3->4  [0m[1;34m4->5  [0m[1;34m
[pthread wrapper] SKIP MASK: 0x0
[0m[1;34m	threadid 140495458301696 -> core 1 - OK[0m[1;34m
[0m[1;34m	threadid 140495449908992 -> core 2 - OK[0m[1;34m
[0m[1;34m	threadid 140495441516288 -> core 3 - OK[0m[1;34m
[0m[1;34m	threadid 140495433123584 -> core 4 - OK[0m[1;34m
[0m[1;34m	threadid 140495424730880 -> core 5 - OK[0m[1;34m
[0mFLOPs in stencil code:      1.204726e+10
Time spent in stencil code: 1.359012
Performance in GFlop/s:     8.864718
