[1;34m[pthread wrapper] 
[0m[1;34m[pthread wrapper] MAIN -> 0
[0m[1;34m[pthread wrapper] PIN_MASK: [0m[1;34m0->1  [0m[1;34m1->2  [0m[1;34m2->3  [0m[1;34m3->4  [0m[1;34m4->5  [0m[1;34m5->6  [0m[1;34m6->7  [0m[1;34m7->8  [0m[1;34m8->9  [0m[1;34m9->10  [0m[1;34m10->11  [0m[1;34m11->12  [0m[1;34m12->13  [0m[1;34m13->14  [0m[1;34m14->15  [0m[1;34m15->16  [0m[1;34m16->17  [0m[1;34m17->18  [0m[1;34m18->19  [0m[1;34m19->20  [0m[1;34m20->21  [0m[1;34m21->22  [0m[1;34m22->23  [0m[1;34m23->24  [0m[1;34m24->25  [0m[1;34m25->26  [0m[1;34m26->27  [0m[1;34m27->28  [0m[1;34m28->29  [0m[1;34m29->30  [0m[1;34m30->31  [0m[1;34m
[pthread wrapper] SKIP MASK: 0x0
[0m[1;34m	threadid 140057821574912 -> core 1 - OK[0m[1;34m
[0m[1;34m	threadid 140057813182208 -> core 2 - OK[0m[1;34m
[0m[1;34m	threadid 140057804789504 -> core 3 - OK[0m[1;34m
[0m[1;34m	threadid 140057796396800 -> core 4 - OK[0m[1;34m
[0m[1;34m	threadid 140057788004096 -> core 5 - OK[0m[1;34m
[0m[1;34m	threadid 140057779611392 -> core 6 - OK[0m[1;34m
[0m[1;34m	threadid 140057771218688 -> core 7 - OK[0m[1;34m
[0m[1;34m	threadid 140057762825984 -> core 8 - OK[0m[1;34m
[0m[1;34m	threadid 140057754433280 -> core 9 - OK[0m[1;34m
[0m[1;34m	threadid 140057746040576 -> core 10 - OK[0m[1;34m
[0m[1;34m	threadid 140057737647872 -> core 11 - OK[0m[1;34m
[0m[1;34m	threadid 140057729255168 -> core 12 - OK[0m[1;34m
[0m[1;34m	threadid 140057720862464 -> core 13 - OK[0m[1;34m
[0m[1;34m	threadid 140057712469760 -> core 14 - OK[0m[1;34m
[0m[1;34m	threadid 140057704077056 -> core 15 - OK[0m[1;34m
[0m[1;34m	threadid 140057695684352 -> core 16 - OK[0m[1;34m
[0m[1;34m	threadid 140057687291648 -> core 17 - OK[0m[1;34m
[0m[1;34m	threadid 140057678898944 -> core 18 - OK[0m[1;34m
[0m[1;34m	threadid 140057670506240 -> core 19 - OK[0m[1;34m
[0m[1;34m	threadid 140057662113536 -> core 20 - OK[0m[1;34m
[0m[1;34m	threadid 140057653720832 -> core 21 - OK[0m[1;34m
[0m[1;34m	threadid 140057645328128 -> core 22 - OK[0m[1;34m
[0m[1;34m	threadid 140057636935424 -> core 23 - OK[0m[1;34m
[0m[1;34m	threadid 140057628542720 -> core 24 - OK[0m[1;34m
[0m[1;34m	threadid 140057620150016 -> core 25 - OK[0m[1;34m
[0m[1;34m	threadid 140057611757312 -> core 26 - OK[0m[1;34m
[0m[1;34m	threadid 140057603364608 -> core 27 - OK[0m[1;34m
[0m[1;34m	threadid 140057594971904 -> core 28 - OK[0m[1;34m
[0m[1;34m	threadid 140057586579200 -> core 29 - OK[0m[1;34m
[0m[1;34m	threadid 140057578186496 -> core 30 - OK[0m[1;34m
[0m[1;34m	threadid 140057569793792 -> core 31 - OK[0m[1;34m
[0mFLOPs in stencil code:      1.204726e+10
Time spent in stencil code: 0.813680
Performance in GFlop/s:     14.805892
[1;34m[pthread wrapper] 
[0m[1;34m[pthread wrapper] MAIN -> 0
[0m[1;34m[pthread wrapper] PIN_MASK: [0m[1;34m0->1  [0m[1;34m1->2  [0m[1;34m2->3  [0m[1;34m3->4  [0m[1;34m4->5  [0m[1;34m5->6  [0m[1;34m6->7  [0m[1;34m7->8  [0m[1;34m8->9  [0m[1;34m9->10  [0m[1;34m10->11  [0m[1;34m11->12  [0m[1;34m12->13  [0m[1;34m13->14  [0m[1;34m14->15  [0m[1;34m15->16  [0m[1;34m16->17  [0m[1;34m17->18  [0m[1;34m18->19  [0m[1;34m19->20  [0m[1;34m20->21  [0m[1;34m21->22  [0m[1;34m22->23  [0m[1;34m23->24  [0m[1;34m24->25  [0m[1;34m25->26  [0m[1;34m26->27  [0m[1;34m27->28  [0m[1;34m28->29  [0m[1;34m29->30  [0m[1;34m30->31  [0m[1;34m
[pthread wrapper] SKIP MASK: 0x0
[0m[1;34m	threadid 140437518055168 -> core 1 - OK[0m[1;34m
[0m[1;34m	threadid 140437509662464 -> core 2 - OK[0m[1;34m
[0m[1;34m	threadid 140437501269760 -> core 3 - OK[0m[1;34m
[0m[1;34m	threadid 140437492877056 -> core 4 - OK[0m[1;34m
[0m[1;34m	threadid 140437484484352 -> core 5 - OK[0m[1;34m
[0m[1;34m	threadid 140437476091648 -> core 6 - OK[0m[1;34m
[0m[1;34m	threadid 140437467698944 -> core 7 - OK[0m[1;34m
[0m[1;34m	threadid 140437459306240 -> core 8 - OK[0m[1;34m
[0m[1;34m	threadid 140437450913536 -> core 9 - OK[0m[1;34m
[0m[1;34m	threadid 140437442520832 -> core 10 - OK[0m[1;34m
[0m[1;34m	threadid 140437434128128 -> core 11 - OK[0m[1;34m
[0m[1;34m	threadid 140437425735424 -> core 12 - OK[0m[1;34m
[0m[1;34m	threadid 140437417342720 -> core 13 - OK[0m[1;34m
[0m[1;34m	threadid 140437408950016 -> core 14 - OK[0m[1;34m
[0m[1;34m	threadid 140437400557312 -> core 15 - OK[0m[1;34m
[0m[1;34m	threadid 140437392164608 -> core 16 - OK[0m[1;34m
[0m[1;34m	threadid 140437383771904 -> core 17 - OK[0m[1;34m
[0m[1;34m	threadid 140437375379200 -> core 18 - OK[0m[1;34m
[0m[1;34m	threadid 140437366986496 -> core 19 - OK[0m[1;34m
[0m[1;34m	threadid 140437358593792 -> core 20 - OK[0m[1;34m
[0m[1;34m	threadid 140437350201088 -> core 21 - OK[0m[1;34m
[0m[1;34m	threadid 140437341808384 -> core 22 - OK[0m[1;34m
[0m[1;34m	threadid 140437333415680 -> core 23 - OK[0m[1;34m
[0m[1;34m	threadid 140437325022976 -> core 24 - OK[0m[1;34m
[0m[1;34m	threadid 140437316630272 -> core 25 - OK[0m[1;34m
[0m[1;34m	threadid 140437308237568 -> core 26 - OK[0m[1;34m
[0m[1;34m	threadid 140437299844864 -> core 27 - OK[0m[1;34m
[0m[1;34m	threadid 140437291452160 -> core 28 - OK[0m[1;34m
[0m[1;34m	threadid 140437283059456 -> core 29 - OK[0m[1;34m
[0m[1;34m	threadid 140437274666752 -> core 30 - OK[0m[1;34m
[0m[1;34m	threadid 140437266274048 -> core 31 - OK[0m[1;34m
[0mFLOPs in stencil code:      1.204726e+10
Time spent in stencil code: 0.650372
Performance in GFlop/s:     18.523640
[1;34m[pthread wrapper] 
[0m[1;34m[pthread wrapper] MAIN -> 0
[0m[1;34m[pthread wrapper] PIN_MASK: [0m[1;34m0->1  [0m[1;34m1->2  [0m[1;34m2->3  [0m[1;34m3->4  [0m[1;34m4->5  [0m[1;34m5->6  [0m[1;34m6->7  [0m[1;34m7->8  [0m[1;34m8->9  [0m[1;34m9->10  [0m[1;34m10->11  [0m[1;34m11->12  [0m[1;34m12->13  [0m[1;34m13->14  [0m[1;34m14->15  [0m[1;34m15->16  [0m[1;34m16->17  [0m[1;34m17->18  [0m[1;34m18->19  [0m[1;34m19->20  [0m[1;34m20->21  [0m[1;34m21->22  [0m[1;34m22->23  [0m[1;34m23->24  [0m[1;34m24->25  [0m[1;34m25->26  [0m[1;34m26->27  [0m[1;34m27->28  [0m[1;34m28->29  [0m[1;34m29->30  [0m[1;34m30->31  [0m[1;34m
[pthread wrapper] SKIP MASK: 0x0
[0m[1;34m	threadid 140196203067136 -> core 1 - OK[0m[1;34m
[0m[1;34m	threadid 140196194674432 -> core 2 - OK[0m[1;34m
[0m[1;34m	threadid 140196186281728 -> core 3 - OK[0m[1;34m
[0m[1;34m	threadid 140196177889024 -> core 4 - OK[0m[1;34m
[0m[1;34m	threadid 140196169496320 -> core 5 - OK[0m[1;34m
[0m[1;34m	threadid 140196161103616 -> core 6 - OK[0m[1;34m
[0m[1;34m	threadid 140196152710912 -> core 7 - OK[0m[1;34m
[0m[1;34m	threadid 140196144318208 -> core 8 - OK[0m[1;34m
[0m[1;34m	threadid 140196135925504 -> core 9 - OK[0m[1;34m
[0m[1;34m	threadid 140196127532800 -> core 10 - OK[0m[1;34m
[0m[1;34m	threadid 140196119140096 -> core 11 - OK[0m[1;34m
[0m[1;34m	threadid 140196110747392 -> core 12 - OK[0m[1;34m
[0m[1;34m	threadid 140196102354688 -> core 13 - OK[0m[1;34m
[0m[1;34m	threadid 140196093961984 -> core 14 - OK[0m[1;34m
[0m[1;34m	threadid 140196085569280 -> core 15 - OK[0m[1;34m
[0m[1;34m	threadid 140196077176576 -> core 16 - OK[0m[1;34m
[0m[1;34m	threadid 140196068783872 -> core 17 - OK[0m[1;34m
[0m[1;34m	threadid 140196060391168 -> core 18 - OK[0m[1;34m
[0m[1;34m	threadid 140196051998464 -> core 19 - OK[0m[1;34m
[0m[1;34m	threadid 140196043605760 -> core 20 - OK[0m[1;34m
[0m[1;34m	threadid 140196035213056 -> core 21 - OK[0m[1;34m
[0m[1;34m	threadid 140196026820352 -> core 22 - OK[0m[1;34m
[0m[1;34m	threadid 140196018427648 -> core 23 - OK[0m[1;34m
[0m[1;34m	threadid 140196010034944 -> core 24 - OK[0m[1;34m
[0m[1;34m	threadid 140196001642240 -> core 25 - OK[0m[1;34m
[0m[1;34m	threadid 140195993249536 -> core 26 - OK[0m[1;34m
[0m[1;34m	threadid 140195984856832 -> core 27 - OK[0m[1;34m
[0m[1;34m	threadid 140195976464128 -> core 28 - OK[0m[1;34m
[0m[1;34m	threadid 140195968071424 -> core 29 - OK[0m[1;34m
[0m[1;34m	threadid 140195959678720 -> core 30 - OK[0m[1;34m
[0m[1;34m	threadid 140195951286016 -> core 31 - OK[0m[1;34m
[0mFLOPs in stencil code:      1.204726e+10
Time spent in stencil code: 0.647225
Performance in GFlop/s:     18.613705
[1;34m[pthread wrapper] 
[0m[1;34m[pthread wrapper] MAIN -> 0
[0m[1;34m[pthread wrapper] PIN_MASK: [0m[1;34m0->1  [0m[1;34m1->2  [0m[1;34m2->3  [0m[1;34m3->4  [0m[1;34m4->5  [0m[1;34m5->6  [0m[1;34m6->7  [0m[1;34m7->8  [0m[1;34m8->9  [0m[1;34m9->10  [0m[1;34m10->11  [0m[1;34m11->12  [0m[1;34m12->13  [0m[1;34m13->14  [0m[1;34m14->15  [0m[1;34m15->16  [0m[1;34m16->17  [0m[1;34m17->18  [0m[1;34m18->19  [0m[1;34m19->20  [0m[1;34m20->21  [0m[1;34m21->22  [0m[1;34m22->23  [0m[1;34m23->24  [0m[1;34m24->25  [0m[1;34m25->26  [0m[1;34m26->27  [0m[1;34m27->28  [0m[1;34m28->29  [0m[1;34m29->30  [0m[1;34m30->31  [0m[1;34m
[pthread wrapper] SKIP MASK: 0x0
[0m[1;34m	threadid 139920385963776 -> core 1 - OK[0m[1;34m
[0m[1;34m	threadid 139920377571072 -> core 2 - OK[0m[1;34m
[0m[1;34m	threadid 139920369178368 -> core 3 - OK[0m[1;34m
[0m[1;34m	threadid 139920360785664 -> core 4 - OK[0m[1;34m
[0m[1;34m	threadid 139920352392960 -> core 5 - OK[0m[1;34m
[0m[1;34m	threadid 139920344000256 -> core 6 - OK[0m[1;34m
[0m[1;34m	threadid 139920335607552 -> core 7 - OK[0m[1;34m
[0m[1;34m	threadid 139920327214848 -> core 8 - OK[0m[1;34m
[0m[1;34m	threadid 139920318822144 -> core 9 - OK[0m[1;34m
[0m[1;34m	threadid 139920310429440 -> core 10 - OK[0m[1;34m
[0m[1;34m	threadid 139920302036736 -> core 11 - OK[0m[1;34m
[0m[1;34m	threadid 139920293644032 -> core 12 - OK[0m[1;34m
[0m[1;34m	threadid 139920285251328 -> core 13 - OK[0m[1;34m
[0m[1;34m	threadid 139920276858624 -> core 14 - OK[0m[1;34m
[0m[1;34m	threadid 139920268465920 -> core 15 - OK[0m[1;34m
[0m[1;34m	threadid 139920260073216 -> core 16 - OK[0m[1;34m
[0m[1;34m	threadid 139920251680512 -> core 17 - OK[0m[1;34m
[0m[1;34m	threadid 139920243287808 -> core 18 - OK[0m[1;34m
[0m[1;34m	threadid 139920234895104 -> core 19 - OK[0m[1;34m
[0m[1;34m	threadid 139920226502400 -> core 20 - OK[0m[1;34m
[0m[1;34m	threadid 139920218109696 -> core 21 - OK[0m[1;34m
[0m[1;34m	threadid 139920209716992 -> core 22 - OK[0m[1;34m
[0m[1;34m	threadid 139920201324288 -> core 23 - OK[0m[1;34m
[0m[1;34m	threadid 139920192931584 -> core 24 - OK[0m[1;34m
[0m[1;34m	threadid 139920184538880 -> core 25 - OK[0m[1;34m
[0m[1;34m	threadid 139920176146176 -> core 26 - OK[0m[1;34m
[0m[1;34m	threadid 139920167753472 -> core 27 - OK[0m[1;34m
[0m[1;34m	threadid 139920159360768 -> core 28 - OK[0m[1;34m
[0m[1;34m	threadid 139920150968064 -> core 29 - OK[0m[1;34m
[0m[1;34m	threadid 139920142575360 -> core 30 - OK[0m[1;34m
[0m[1;34m	threadid 139920134182656 -> core 31 - OK[0m[1;34m
[0mFLOPs in stencil code:      1.204726e+10
Time spent in stencil code: 0.644246
Performance in GFlop/s:     18.699783
[1;34m[pthread wrapper] 
[0m[1;34m[pthread wrapper] MAIN -> 0
[0m[1;34m[pthread wrapper] PIN_MASK: [0m[1;34m0->1  [0m[1;34m1->2  [0m[1;34m2->3  [0m[1;34m3->4  [0m[1;34m4->5  [0m[1;34m5->6  [0m[1;34m6->7  [0m[1;34m7->8  [0m[1;34m8->9  [0m[1;34m9->10  [0m[1;34m10->11  [0m[1;34m11->12  [0m[1;34m12->13  [0m[1;34m13->14  [0m[1;34m14->15  [0m[1;34m15->16  [0m[1;34m16->17  [0m[1;34m17->18  [0m[1;34m18->19  [0m[1;34m19->20  [0m[1;34m20->21  [0m[1;34m21->22  [0m[1;34m22->23  [0m[1;34m23->24  [0m[1;34m24->25  [0m[1;34m25->26  [0m[1;34m26->27  [0m[1;34m27->28  [0m[1;34m28->29  [0m[1;34m29->30  [0m[1;34m30->31  [0m[1;34m
[pthread wrapper] SKIP MASK: 0x0
[0m[1;34m	threadid 140236344260352 -> core 1 - OK[0m[1;34m
[0m[1;34m	threadid 140236335867648 -> core 2 - OK[0m[1;34m
[0m[1;34m	threadid 140236327474944 -> core 3 - OK[0m[1;34m
[0m[1;34m	threadid 140236319082240 -> core 4 - OK[0m[1;34m
[0m[1;34m	threadid 140236310689536 -> core 5 - OK[0m[1;34m
[0m[1;34m	threadid 140236302296832 -> core 6 - OK[0m[1;34m
[0m[1;34m	threadid 140236293904128 -> core 7 - OK[0m[1;34m
[0m[1;34m	threadid 140236285511424 -> core 8 - OK[0m[1;34m
[0m[1;34m	threadid 140236277118720 -> core 9 - OK[0m[1;34m
[0m[1;34m	threadid 140236268726016 -> core 10 - OK[0m[1;34m
[0m[1;34m	threadid 140236260333312 -> core 11 - OK[0m[1;34m
[0m[1;34m	threadid 140236251940608 -> core 12 - OK[0m[1;34m
[0m[1;34m	threadid 140236243547904 -> core 13 - OK[0m[1;34m
[0m[1;34m	threadid 140236235155200 -> core 14 - OK[0m[1;34m
[0m[1;34m	threadid 140236226762496 -> core 15 - OK[0m[1;34m
[0m[1;34m	threadid 140236218369792 -> core 16 - OK[0m[1;34m
[0m[1;34m	threadid 140236209977088 -> core 17 - OK[0m[1;34m
[0m[1;34m	threadid 140236201584384 -> core 18 - OK[0m[1;34m
[0m[1;34m	threadid 140236193191680 -> core 19 - OK[0m[1;34m
[0m[1;34m	threadid 140236184798976 -> core 20 - OK[0m[1;34m
[0m[1;34m	threadid 140236176406272 -> core 21 - OK[0m[1;34m
[0m[1;34m	threadid 140236168013568 -> core 22 - OK[0m[1;34m
[0m[1;34m	threadid 140236159620864 -> core 23 - OK[0m[1;34m
[0m[1;34m	threadid 140236151228160 -> core 24 - OK[0m[1;34m
[0m[1;34m	threadid 140236142835456 -> core 25 - OK[0m[1;34m
[0m[1;34m	threadid 140236134442752 -> core 26 - OK[0m[1;34m
[0m[1;34m	threadid 140236126050048 -> core 27 - OK[0m[1;34m
[0m[1;34m	threadid 140236117657344 -> core 28 - OK[0m[1;34m
[0m[1;34m	threadid 140236109264640 -> core 29 - OK[0m[1;34m
[0m[1;34m	threadid 140236100871936 -> core 30 - OK[0m[1;34m
[0m[1;34m	threadid 140236092479232 -> core 31 - OK[0m[1;34m
[0mFLOPs in stencil code:      1.204726e+10
Time spent in stencil code: 0.647638
Performance in GFlop/s:     18.601836
