[1;34m[pthread wrapper] 
[0m[1;34m[pthread wrapper] MAIN -> 0
[0m[1;34m[pthread wrapper] PIN_MASK: [0m[1;34m0->1  [0m[1;34m1->2  [0m[1;34m2->3  [0m[1;34m3->4  [0m[1;34m4->5  [0m[1;34m5->6  [0m[1;34m6->7  [0m[1;34m7->8  [0m[1;34m8->9  [0m[1;34m9->10  [0m[1;34m10->11  [0m[1;34m11->12  [0m[1;34m12->13  [0m[1;34m13->14  [0m[1;34m14->15  [0m[1;34m
[pthread wrapper] SKIP MASK: 0x0
[0m[1;34m	threadid 140077743011584 -> core 1 - OK[0m[1;34m
[0m[1;34m	threadid 140077734618880 -> core 2 - OK[0m[1;34m
[0m[1;34m	threadid 140077726226176 -> core 3 - OK[0m[1;34m
[0m[1;34m	threadid 140077717833472 -> core 4 - OK[0m[1;34m
[0m[1;34m	threadid 140077709440768 -> core 5 - OK[0m[1;34m
[0m[1;34m	threadid 140077701048064 -> core 6 - OK[0m[1;34m
[0m[1;34m	threadid 140077692655360 -> core 7 - OK[0m[1;34m
[0m[1;34m	threadid 140077684262656 -> core 8 - OK[0m[1;34m
[0m[1;34m	threadid 140077675869952 -> core 9 - OK[0m[1;34m
[0m[1;34m	threadid 140077667477248 -> core 10 - OK[0m[1;34m
[0m[1;34m	threadid 140077659084544 -> core 11 - OK[0m[1;34m
[0m[1;34m	threadid 140077650691840 -> core 12 - OK[0m[1;34m
[0m[1;34m	threadid 140077642299136 -> core 13 - OK[0m[1;34m
[0m[1;34m	threadid 140077633906432 -> core 14 - OK[0m[1;34m
[0m[1;34m	threadid 140077625513728 -> core 15 - OK[0m[1;34m
[0mFLOPs in stencil code:      1.204726e+10
Time spent in stencil code: 0.655087
Performance in GFlop/s:     18.390317
[1;34m[pthread wrapper] 
[0m[1;34m[pthread wrapper] MAIN -> 0
[0m[1;34m[pthread wrapper] PIN_MASK: [0m[1;34m0->1  [0m[1;34m1->2  [0m[1;34m2->3  [0m[1;34m3->4  [0m[1;34m4->5  [0m[1;34m5->6  [0m[1;34m6->7  [0m[1;34m7->8  [0m[1;34m8->9  [0m[1;34m9->10  [0m[1;34m10->11  [0m[1;34m11->12  [0m[1;34m12->13  [0m[1;34m13->14  [0m[1;34m14->15  [0m[1;34m
[pthread wrapper] SKIP MASK: 0x0
[0m[1;34m	threadid 140672910817024 -> core 1 - OK[0m[1;34m
[0m[1;34m	threadid 140672902424320 -> core 2 - OK[0m[1;34m
[0m[1;34m	threadid 140672894031616 -> core 3 - OK[0m[1;34m
[0m[1;34m	threadid 140672885638912 -> core 4 - OK[0m[1;34m
[0m[1;34m	threadid 140672877246208 -> core 5 - OK[0m[1;34m
[0m[1;34m	threadid 140672868853504 -> core 6 - OK[0m[1;34m
[0m[1;34m	threadid 140672860460800 -> core 7 - OK[0m[1;34m
[0m[1;34m	threadid 140672852068096 -> core 8 - OK[0m[1;34m
[0m[1;34m	threadid 140672843675392 -> core 9 - OK[0m[1;34m
[0m[1;34m	threadid 140672835282688 -> core 10 - OK[0m[1;34m
[0m[1;34m	threadid 140672826889984 -> core 11 - OK[0m[1;34m
[0m[1;34m	threadid 140672818497280 -> core 12 - OK[0m[1;34m
[0m[1;34m	threadid 140672810104576 -> core 13 - OK[0m[1;34m
[0m[1;34m	threadid 140672801711872 -> core 14 - OK[0m[1;34m
[0m[1;34m	threadid 140672793319168 -> core 15 - OK[0m[1;34m
[0mFLOPs in stencil code:      1.204726e+10
Time spent in stencil code: 0.649922
Performance in GFlop/s:     18.536463
[1;34m[pthread wrapper] 
[0m[1;34m[pthread wrapper] MAIN -> 0
[0m[1;34m[pthread wrapper] PIN_MASK: [0m[1;34m0->1  [0m[1;34m1->2  [0m[1;34m2->3  [0m[1;34m3->4  [0m[1;34m4->5  [0m[1;34m5->6  [0m[1;34m6->7  [0m[1;34m7->8  [0m[1;34m8->9  [0m[1;34m9->10  [0m[1;34m10->11  [0m[1;34m11->12  [0m[1;34m12->13  [0m[1;34m13->14  [0m[1;34m14->15  [0m[1;34m
[pthread wrapper] SKIP MASK: 0x0
[0m[1;34m	threadid 140451668555520 -> core 1 - OK[0m[1;34m
[0m[1;34m	threadid 140451660162816 -> core 2 - OK[0m[1;34m
[0m[1;34m	threadid 140451651770112 -> core 3 - OK[0m[1;34m
[0m[1;34m	threadid 140451643377408 -> core 4 - OK[0m[1;34m
[0m[1;34m	threadid 140451634984704 -> core 5 - OK[0m[1;34m
[0m[1;34m	threadid 140451626592000 -> core 6 - OK[0m[1;34m
[0m[1;34m	threadid 140451618199296 -> core 7 - OK[0m[1;34m
[0m[1;34m	threadid 140451609806592 -> core 8 - OK[0m[1;34m
[0m[1;34m	threadid 140451601413888 -> core 9 - OK[0m[1;34m
[0m[1;34m	threadid 140451593021184 -> core 10 - OK[0m[1;34m
[0m[1;34m	threadid 140451584628480 -> core 11 - OK[0m[1;34m
[0m[1;34m	threadid 140451576235776 -> core 12 - OK[0m[1;34m
[0m[1;34m	threadid 140451567843072 -> core 13 - OK[0m[1;34m
[0m[1;34m	threadid 140451559450368 -> core 14 - OK[0m[1;34m
[0m[1;34m	threadid 140451551057664 -> core 15 - OK[0m[1;34m
[0mFLOPs in stencil code:      1.204726e+10
Time spent in stencil code: 0.651695
Performance in GFlop/s:     18.486043
[1;34m[pthread wrapper] 
[0m[1;34m[pthread wrapper] MAIN -> 0
[0m[1;34m[pthread wrapper] PIN_MASK: [0m[1;34m0->1  [0m[1;34m1->2  [0m[1;34m2->3  [0m[1;34m3->4  [0m[1;34m4->5  [0m[1;34m5->6  [0m[1;34m6->7  [0m[1;34m7->8  [0m[1;34m8->9  [0m[1;34m9->10  [0m[1;34m10->11  [0m[1;34m11->12  [0m[1;34m12->13  [0m[1;34m13->14  [0m[1;34m14->15  [0m[1;34m
[pthread wrapper] SKIP MASK: 0x0
[0m[1;34m	threadid 140044196804352 -> core 1 - OK[0m[1;34m
[0m[1;34m	threadid 140044188411648 -> core 2 - OK[0m[1;34m
[0m[1;34m	threadid 140044180018944 -> core 3 - OK[0m[1;34m
[0m[1;34m	threadid 140044171626240 -> core 4 - OK[0m[1;34m
[0m[1;34m	threadid 140044163233536 -> core 5 - OK[0m[1;34m
[0m[1;34m	threadid 140044154840832 -> core 6 - OK[0m[1;34m
[0m[1;34m	threadid 140044146448128 -> core 7 - OK[0m[1;34m
[0m[1;34m	threadid 140044138055424 -> core 8 - OK[0m[1;34m
[0m[1;34m	threadid 140044129662720 -> core 9 - OK[0m[1;34m
[0m[1;34m	threadid 140044121270016 -> core 10 - OK[0m[1;34m
[0m[1;34m	threadid 140044112877312 -> core 11 - OK[0m[1;34m
[0m[1;34m	threadid 140044104484608 -> core 12 - OK[0m[1;34m
[0m[1;34m	threadid 140044096091904 -> core 13 - OK[0m[1;34m
[0m[1;34m	threadid 140044087699200 -> core 14 - OK[0m[1;34m
[0m[1;34m	threadid 140044079306496 -> core 15 - OK[0m[1;34m
[0mFLOPs in stencil code:      1.204726e+10
Time spent in stencil code: 0.648420
Performance in GFlop/s:     18.579402
[1;34m[pthread wrapper] 
[0m[1;34m[pthread wrapper] MAIN -> 0
[0m[1;34m[pthread wrapper] PIN_MASK: [0m[1;34m0->1  [0m[1;34m1->2  [0m[1;34m2->3  [0m[1;34m3->4  [0m[1;34m4->5  [0m[1;34m5->6  [0m[1;34m6->7  [0m[1;34m7->8  [0m[1;34m8->9  [0m[1;34m9->10  [0m[1;34m10->11  [0m[1;34m11->12  [0m[1;34m12->13  [0m[1;34m13->14  [0m[1;34m14->15  [0m[1;34m
[pthread wrapper] SKIP MASK: 0x0
[0m[1;34m	threadid 139985612896000 -> core 1 - OK[0m[1;34m
[0m[1;34m	threadid 139985604503296 -> core 2 - OK[0m[1;34m
[0m[1;34m	threadid 139985596110592 -> core 3 - OK[0m[1;34m
[0m[1;34m	threadid 139985587717888 -> core 4 - OK[0m[1;34m
[0m[1;34m	threadid 139985579325184 -> core 5 - OK[0m[1;34m
[0m[1;34m	threadid 139985570932480 -> core 6 - OK[0m[1;34m
[0m[1;34m	threadid 139985562539776 -> core 7 - OK[0m[1;34m
[0m[1;34m	threadid 139985554147072 -> core 8 - OK[0m[1;34m
[0m[1;34m	threadid 139985545754368 -> core 9 - OK[0m[1;34m
[0m[1;34m	threadid 139985537361664 -> core 10 - OK[0m[1;34m
[0m[1;34m	threadid 139985528968960 -> core 11 - OK[0m[1;34m
[0m[1;34m	threadid 139985520576256 -> core 12 - OK[0m[1;34m
[0m[1;34m	threadid 139985512183552 -> core 13 - OK[0m[1;34m
[0m[1;34m	threadid 139985503790848 -> core 14 - OK[0m[1;34m
[0m[1;34m	threadid 139985495398144 -> core 15 - OK[0m[1;34m
[0mFLOPs in stencil code:      1.204726e+10
Time spent in stencil code: 0.650598
Performance in GFlop/s:     18.517205
