[1;34m[pthread wrapper] 
[0m[1;34m[pthread wrapper] MAIN -> 0
[0m[1;34m[pthread wrapper] PIN_MASK: [0m[1;34m0->1  [0m[1;34m1->16  [0m[1;34m2->17  [0m[1;34m
[pthread wrapper] SKIP MASK: 0x0
[0m[1;34m	threadid 140072881190656 -> core 1 - OK[0m[1;34m
[0m[1;34m	threadid 140072872797952 -> core 16 - OK[0m[1;34m
[0m[1;34m	threadid 140072864405248 -> core 17 - OK[0m[1;34m
[0mFLOPs in stencil code:      1.204726e+10
Time spent in stencil code: 1.845523
Performance in GFlop/s:     6.527828
[1;34m[pthread wrapper] 
[0m[1;34m[pthread wrapper] MAIN -> 0
[0m[1;34m[pthread wrapper] PIN_MASK: [0m[1;34m0->1  [0m[1;34m1->16  [0m[1;34m2->17  [0m[1;34m
[pthread wrapper] SKIP MASK: 0x0
[0m[1;34m	threadid 140189791418112 -> core 1 - OK[0m[1;34m
[0m[1;34m	threadid 140189783025408 -> core 16 - OK[0m[1;34m
[0m[1;34m	threadid 140189774632704 -> core 17 - OK[0m[1;34m
[0mFLOPs in stencil code:      1.204726e+10
Time spent in stencil code: 1.840484
Performance in GFlop/s:     6.545700
[1;34m[pthread wrapper] 
[0m[1;34m[pthread wrapper] MAIN -> 0
[0m[1;34m[pthread wrapper] PIN_MASK: [0m[1;34m0->1  [0m[1;34m1->16  [0m[1;34m2->17  [0m[1;34m
[pthread wrapper] SKIP MASK: 0x0
[0m[1;34m	threadid 140315872130816 -> core 1 - OK[0m[1;34m
[0m[1;34m	threadid 140315863738112 -> core 16 - OK[0m[1;34m
[0m[1;34m	threadid 140315855345408 -> core 17 - OK[0m[1;34m
[0mFLOPs in stencil code:      1.204726e+10
Time spent in stencil code: 1.839328
Performance in GFlop/s:     6.549815
[1;34m[pthread wrapper] 
[0m[1;34m[pthread wrapper] MAIN -> 0
[0m[1;34m[pthread wrapper] PIN_MASK: [0m[1;34m0->1  [0m[1;34m1->16  [0m[1;34m2->17  [0m[1;34m
[pthread wrapper] SKIP MASK: 0x0
[0m[1;34m	threadid 140368130144000 -> core 1 - OK[0m[1;34m
[0m[1;34m	threadid 140368121751296 -> core 16 - OK[0m[1;34m
[0m[1;34m	threadid 140368113358592 -> core 17 - OK[0m[1;34m
[0mFLOPs in stencil code:      1.204726e+10
Time spent in stencil code: 1.841121
Performance in GFlop/s:     6.543436
[1;34m[pthread wrapper] 
[0m[1;34m[pthread wrapper] MAIN -> 0
[0m[1;34m[pthread wrapper] PIN_MASK: [0m[1;34m0->1  [0m[1;34m1->16  [0m[1;34m2->17  [0m[1;34m
[pthread wrapper] SKIP MASK: 0x0
[0m[1;34m	threadid 140153298941696 -> core 1 - OK[0m[1;34m
[0m[1;34m	threadid 140153290548992 -> core 16 - OK[0m[1;34m
[0m[1;34m	threadid 140153282156288 -> core 17 - OK[0m[1;34m
[0mFLOPs in stencil code:      1.204726e+10
Time spent in stencil code: 1.841046
Performance in GFlop/s:     6.543702
