[1;34m[pthread wrapper] 
[0m[1;34m[pthread wrapper] MAIN -> 0
[0m[1;34m[pthread wrapper] PIN_MASK: [0m[1;34m0->1  [0m[1;34m1->2  [0m[1;34m2->3  [0m[1;34m3->4  [0m[1;34m4->5  [0m[1;34m5->6  [0m[1;34m6->7  [0m[1;34m
[pthread wrapper] SKIP MASK: 0x0
[0m[1;34m	threadid 140196925536000 -> core 1 - OK[0m[1;34m
[0m[1;34m	threadid 140196917143296 -> core 2 - OK[0m[1;34m
[0m[1;34m	threadid 140196908750592 -> core 3 - OK[0m[1;34m
[0m[1;34m	threadid 140196900357888 -> core 4 - OK[0m[1;34m
[0m[1;34m	threadid 140196891965184 -> core 5 - OK[0m[1;34m
[0m[1;34m	threadid 140196883572480 -> core 6 - OK[0m[1;34m
[0m[1;34m	threadid 140196875179776 -> core 7 - OK[0m[1;34m
[0mFLOPs in stencil code:      1.204726e+10
Time spent in stencil code: 1.130897
Performance in GFlop/s:     10.652833
[1;34m[pthread wrapper] 
[0m[1;34m[pthread wrapper] MAIN -> 0
[0m[1;34m[pthread wrapper] PIN_MASK: [0m[1;34m0->1  [0m[1;34m1->2  [0m[1;34m2->3  [0m[1;34m3->4  [0m[1;34m4->5  [0m[1;34m5->6  [0m[1;34m6->7  [0m[1;34m
[pthread wrapper] SKIP MASK: 0x0
[0m[1;34m	threadid 139842041607936 -> core 1 - OK[0m[1;34m
[0m[1;34m	threadid 139842033215232 -> core 2 - OK[0m[1;34m
[0m[1;34m	threadid 139842024822528 -> core 3 - OK[0m[1;34m
[0m[1;34m	threadid 139842016429824 -> core 4 - OK[0m[1;34m
[0m[1;34m	threadid 139842008037120 -> core 5 - OK[0m[1;34m
[0m[1;34m	threadid 139841999644416 -> core 6 - OK[0m[1;34m
[0m[1;34m	threadid 139841991251712 -> core 7 - OK[0m[1;34m
[0mFLOPs in stencil code:      1.204726e+10
Time spent in stencil code: 1.130806
Performance in GFlop/s:     10.653691
[1;34m[pthread wrapper] 
[0m[1;34m[pthread wrapper] MAIN -> 0
[0m[1;34m[pthread wrapper] PIN_MASK: [0m[1;34m0->1  [0m[1;34m1->2  [0m[1;34m2->3  [0m[1;34m3->4  [0m[1;34m4->5  [0m[1;34m5->6  [0m[1;34m6->7  [0m[1;34m
[pthread wrapper] SKIP MASK: 0x0
[0m[1;34m	threadid 139761169626880 -> core 1 - OK[0m[1;34m
[0m[1;34m	threadid 139761161234176 -> core 2 - OK[0m[1;34m
[0m[1;34m	threadid 139761152841472 -> core 3 - OK[0m[1;34m
[0m[1;34m	threadid 139761144448768 -> core 4 - OK[0m[1;34m
[0m[1;34m	threadid 139761136056064 -> core 5 - OK[0m[1;34m
[0m[1;34m	threadid 139761127663360 -> core 6 - OK[0m[1;34m
[0m[1;34m	threadid 139761119270656 -> core 7 - OK[0m[1;34m
[0mFLOPs in stencil code:      1.204726e+10
Time spent in stencil code: 1.130953
Performance in GFlop/s:     10.652308
[1;34m[pthread wrapper] 
[0m[1;34m[pthread wrapper] MAIN -> 0
[0m[1;34m[pthread wrapper] PIN_MASK: [0m[1;34m0->1  [0m[1;34m1->2  [0m[1;34m2->3  [0m[1;34m3->4  [0m[1;34m4->5  [0m[1;34m5->6  [0m[1;34m6->7  [0m[1;34m
[pthread wrapper] SKIP MASK: 0x0
[0m[1;34m	threadid 140287882163968 -> core 1 - OK[0m[1;34m
[0m[1;34m	threadid 140287873771264 -> core 2 - OK[0m[1;34m
[0m[1;34m	threadid 140287865378560 -> core 3 - OK[0m[1;34m
[0m[1;34m	threadid 140287856985856 -> core 4 - OK[0m[1;34m
[0m[1;34m	threadid 140287848593152 -> core 5 - OK[0m[1;34m
[0m[1;34m	threadid 140287840200448 -> core 6 - OK[0m[1;34m
[0m[1;34m	threadid 140287831807744 -> core 7 - OK[0m[1;34m
[0mFLOPs in stencil code:      1.204726e+10
Time spent in stencil code: 1.130576
Performance in GFlop/s:     10.655859
[1;34m[pthread wrapper] 
[0m[1;34m[pthread wrapper] MAIN -> 0
[0m[1;34m[pthread wrapper] PIN_MASK: [0m[1;34m0->1  [0m[1;34m1->2  [0m[1;34m2->3  [0m[1;34m3->4  [0m[1;34m4->5  [0m[1;34m5->6  [0m[1;34m6->7  [0m[1;34m
[pthread wrapper] SKIP MASK: 0x0
[0m[1;34m	threadid 140462756067072 -> core 1 - OK[0m[1;34m
[0m[1;34m	threadid 140462747674368 -> core 2 - OK[0m[1;34m
[0m[1;34m	threadid 140462739281664 -> core 3 - OK[0m[1;34m
[0m[1;34m	threadid 140462730888960 -> core 4 - OK[0m[1;34m
[0m[1;34m	threadid 140462722496256 -> core 5 - OK[0m[1;34m
[0m[1;34m	threadid 140462714103552 -> core 6 - OK[0m[1;34m
[0m[1;34m	threadid 140462705710848 -> core 7 - OK[0m[1;34m
[0mFLOPs in stencil code:      1.204726e+10
Time spent in stencil code: 1.130503
Performance in GFlop/s:     10.656547
