[1;34m[pthread wrapper] 
[0m[1;34m[pthread wrapper] MAIN -> 0
[0m[1;34m[pthread wrapper] PIN_MASK: [0m[1;34m0->1  [0m[1;34m1->2  [0m[1;34m2->3  [0m[1;34m
[pthread wrapper] SKIP MASK: 0x0
[0m[1;34m	threadid 140088255936256 -> core 1 - OK[0m[1;34m
[0m[1;34m	threadid 140088247543552 -> core 2 - OK[0m[1;34m
[0m[1;34m	threadid 140088239150848 -> core 3 - OK[0m[1;34m
[0mFLOPs in stencil code:      1.204726e+10
Time spent in stencil code: 1.834271
Performance in GFlop/s:     6.567872
[1;34m[pthread wrapper] 
[0m[1;34m[pthread wrapper] MAIN -> 0
[0m[1;34m[pthread wrapper] PIN_MASK: [0m[1;34m0->1  [0m[1;34m1->2  [0m[1;34m2->3  [0m[1;34m
[pthread wrapper] SKIP MASK: 0x0
[0m[1;34m	threadid 139848339650304 -> core 1 - OK[0m[1;34m
[0m[1;34m	threadid 139848331257600 -> core 2 - OK[0m[1;34m
[0m[1;34m	threadid 139848322864896 -> core 3 - OK[0m[1;34m
[0mFLOPs in stencil code:      1.204726e+10
Time spent in stencil code: 1.836532
Performance in GFlop/s:     6.559786
[1;34m[pthread wrapper] 
[0m[1;34m[pthread wrapper] MAIN -> 0
[0m[1;34m[pthread wrapper] PIN_MASK: [0m[1;34m0->1  [0m[1;34m1->2  [0m[1;34m2->3  [0m[1;34m
[pthread wrapper] SKIP MASK: 0x0
[0m[1;34m	threadid 140631142397696 -> core 1 - OK[0m[1;34m
[0m[1;34m	threadid 140631134004992 -> core 2 - OK[0m[1;34m
[0m[1;34m	threadid 140631125612288 -> core 3 - OK[0m[1;34m
[0mFLOPs in stencil code:      1.204726e+10
Time spent in stencil code: 1.836337
Performance in GFlop/s:     6.560483
[1;34m[pthread wrapper] 
[0m[1;34m[pthread wrapper] MAIN -> 0
[0m[1;34m[pthread wrapper] PIN_MASK: [0m[1;34m0->1  [0m[1;34m1->2  [0m[1;34m2->3  [0m[1;34m
[pthread wrapper] SKIP MASK: 0x0
[0m[1;34m	threadid 140481573320448 -> core 1 - OK[0m[1;34m
[0m[1;34m	threadid 140481564927744 -> core 2 - OK[0m[1;34m
[0m[1;34m	threadid 140481556535040 -> core 3 - OK[0m[1;34m
[0mFLOPs in stencil code:      1.204726e+10
Time spent in stencil code: 1.835590
Performance in GFlop/s:     6.563153
[1;34m[pthread wrapper] 
[0m[1;34m[pthread wrapper] MAIN -> 0
[0m[1;34m[pthread wrapper] PIN_MASK: [0m[1;34m0->1  [0m[1;34m1->2  [0m[1;34m2->3  [0m[1;34m
[pthread wrapper] SKIP MASK: 0x0
[0m[1;34m	threadid 139840397014784 -> core 1 - OK[0m[1;34m
[0m[1;34m	threadid 139840388622080 -> core 2 - OK[0m[1;34m
[0m[1;34m	threadid 139840380229376 -> core 3 - OK[0m[1;34m
[0mFLOPs in stencil code:      1.204726e+10
Time spent in stencil code: 1.835349
Performance in GFlop/s:     6.564015
