[1;34m[pthread wrapper] 
[0m[1;34m[pthread wrapper] MAIN -> 0
[0m[1;34m[pthread wrapper] PIN_MASK: [0m[1;34m0->1  [0m[1;34m1->2  [0m[1;34m2->3  [0m[1;34m3->4  [0m[1;34m4->5  [0m[1;34m5->6  [0m[1;34m6->7  [0m[1;34m7->8  [0m[1;34m8->9  [0m[1;34m9->10  [0m[1;34m10->11  [0m[1;34m11->12  [0m[1;34m12->13  [0m[1;34m13->14  [0m[1;34m14->15  [0m[1;34m
[pthread wrapper] SKIP MASK: 0x0
[0m[1;34m	threadid 140361283008256 -> core 1 - OK[0m[1;34m
[0m[1;34m	threadid 140361274615552 -> core 2 - OK[0m[1;34m
[0m[1;34m	threadid 140361266222848 -> core 3 - OK[0m[1;34m
[0m[1;34m	threadid 140361257830144 -> core 4 - OK[0m[1;34m
[0m[1;34m	threadid 140361249437440 -> core 5 - OK[0m[1;34m
[0m[1;34m	threadid 140361241044736 -> core 6 - OK[0m[1;34m
[0m[1;34m	threadid 140361232652032 -> core 7 - OK[0m[1;34m
[0m[1;34m	threadid 140361224259328 -> core 8 - OK[0m[1;34m
[0m[1;34m	threadid 140361215866624 -> core 9 - OK[0m[1;34m
[0m[1;34m	threadid 140361207473920 -> core 10 - OK[0m[1;34m
[0m[1;34m	threadid 140361199081216 -> core 11 - OK[0m[1;34m
[0m[1;34m	threadid 140361190688512 -> core 12 - OK[0m[1;34m
[0m[1;34m	threadid 140361182295808 -> core 13 - OK[0m[1;34m
[0m[1;34m	threadid 140361173903104 -> core 14 - OK[0m[1;34m
[0m[1;34m	threadid 140361165510400 -> core 15 - OK[0m[1;34m
[0mFLOPs in stencil code:      1.204726e+10
Time spent in stencil code: 0.653185
Performance in GFlop/s:     18.443864
[1;34m[pthread wrapper] 
[0m[1;34m[pthread wrapper] MAIN -> 0
[0m[1;34m[pthread wrapper] PIN_MASK: [0m[1;34m0->1  [0m[1;34m1->2  [0m[1;34m2->3  [0m[1;34m3->4  [0m[1;34m4->5  [0m[1;34m5->6  [0m[1;34m6->7  [0m[1;34m7->8  [0m[1;34m8->9  [0m[1;34m9->10  [0m[1;34m10->11  [0m[1;34m11->12  [0m[1;34m12->13  [0m[1;34m13->14  [0m[1;34m14->15  [0m[1;34m
[pthread wrapper] SKIP MASK: 0x0
[0m[1;34m	threadid 139740226647808 -> core 1 - OK[0m[1;34m
[0m[1;34m	threadid 139740218255104 -> core 2 - OK[0m[1;34m
[0m[1;34m	threadid 139740209862400 -> core 3 - OK[0m[1;34m
[0m[1;34m	threadid 139740201469696 -> core 4 - OK[0m[1;34m
[0m[1;34m	threadid 139740193076992 -> core 5 - OK[0m[1;34m
[0m[1;34m	threadid 139740184684288 -> core 6 - OK[0m[1;34m
[0m[1;34m	threadid 139740176291584 -> core 7 - OK[0m[1;34m
[0m[1;34m	threadid 139740167898880 -> core 8 - OK[0m[1;34m
[0m[1;34m	threadid 139740159506176 -> core 9 - OK[0m[1;34m
[0m[1;34m	threadid 139740151113472 -> core 10 - OK[0m[1;34m
[0m[1;34m	threadid 139740142720768 -> core 11 - OK[0m[1;34m
[0m[1;34m	threadid 139740134328064 -> core 12 - OK[0m[1;34m
[0m[1;34m	threadid 139740125935360 -> core 13 - OK[0m[1;34m
[0m[1;34m	threadid 139740117542656 -> core 14 - OK[0m[1;34m
[0m[1;34m	threadid 139740109149952 -> core 15 - OK[0m[1;34m
[0mFLOPs in stencil code:      1.204726e+10
Time spent in stencil code: 0.657719
Performance in GFlop/s:     18.316721
[1;34m[pthread wrapper] 
[0m[1;34m[pthread wrapper] MAIN -> 0
[0m[1;34m[pthread wrapper] PIN_MASK: [0m[1;34m0->1  [0m[1;34m1->2  [0m[1;34m2->3  [0m[1;34m3->4  [0m[1;34m4->5  [0m[1;34m5->6  [0m[1;34m6->7  [0m[1;34m7->8  [0m[1;34m8->9  [0m[1;34m9->10  [0m[1;34m10->11  [0m[1;34m11->12  [0m[1;34m12->13  [0m[1;34m13->14  [0m[1;34m14->15  [0m[1;34m
[pthread wrapper] SKIP MASK: 0x0
[0m[1;34m	threadid 140504340100864 -> core 1 - OK[0m[1;34m
[0m[1;34m	threadid 140504331708160 -> core 2 - OK[0m[1;34m
[0m[1;34m	threadid 140504323315456 -> core 3 - OK[0m[1;34m
[0m[1;34m	threadid 140504314922752 -> core 4 - OK[0m[1;34m
[0m[1;34m	threadid 140504306530048 -> core 5 - OK[0m[1;34m
[0m[1;34m	threadid 140504298137344 -> core 6 - OK[0m[1;34m
[0m[1;34m	threadid 140504289744640 -> core 7 - OK[0m[1;34m
[0m[1;34m	threadid 140504281351936 -> core 8 - OK[0m[1;34m
[0m[1;34m	threadid 140504272959232 -> core 9 - OK[0m[1;34m
[0m[1;34m	threadid 140504264566528 -> core 10 - OK[0m[1;34m
[0m[1;34m	threadid 140504256173824 -> core 11 - OK[0m[1;34m
[0m[1;34m	threadid 140504247781120 -> core 12 - OK[0m[1;34m
[0m[1;34m	threadid 140504239388416 -> core 13 - OK[0m[1;34m
[0m[1;34m	threadid 140504230995712 -> core 14 - OK[0m[1;34m
[0m[1;34m	threadid 140504222603008 -> core 15 - OK[0m[1;34m
[0mFLOPs in stencil code:      1.204726e+10
Time spent in stencil code: 0.651412
Performance in GFlop/s:     18.494067
[1;34m[pthread wrapper] 
[0m[1;34m[pthread wrapper] MAIN -> 0
[0m[1;34m[pthread wrapper] PIN_MASK: [0m[1;34m0->1  [0m[1;34m1->2  [0m[1;34m2->3  [0m[1;34m3->4  [0m[1;34m4->5  [0m[1;34m5->6  [0m[1;34m6->7  [0m[1;34m7->8  [0m[1;34m8->9  [0m[1;34m9->10  [0m[1;34m10->11  [0m[1;34m11->12  [0m[1;34m12->13  [0m[1;34m13->14  [0m[1;34m14->15  [0m[1;34m
[pthread wrapper] SKIP MASK: 0x0
[0m[1;34m	threadid 139727096444672 -> core 1 - OK[0m[1;34m
[0m[1;34m	threadid 139727088051968 -> core 2 - OK[0m[1;34m
[0m[1;34m	threadid 139727079659264 -> core 3 - OK[0m[1;34m
[0m[1;34m	threadid 139727071266560 -> core 4 - OK[0m[1;34m
[0m[1;34m	threadid 139727062873856 -> core 5 - OK[0m[1;34m
[0m[1;34m	threadid 139727054481152 -> core 6 - OK[0m[1;34m
[0m[1;34m	threadid 139727046088448 -> core 7 - OK[0m[1;34m
[0m[1;34m	threadid 139727037695744 -> core 8 - OK[0m[1;34m
[0m[1;34m	threadid 139727029303040 -> core 9 - OK[0m[1;34m
[0m[1;34m	threadid 139727020910336 -> core 10 - OK[0m[1;34m
[0m[1;34m	threadid 139727012517632 -> core 11 - OK[0m[1;34m
[0m[1;34m	threadid 139727004124928 -> core 12 - OK[0m[1;34m
[0m[1;34m	threadid 139726995732224 -> core 13 - OK[0m[1;34m
[0m[1;34m	threadid 139726987339520 -> core 14 - OK[0m[1;34m
[0m[1;34m	threadid 139726978946816 -> core 15 - OK[0m[1;34m
[0mFLOPs in stencil code:      1.204726e+10
Time spent in stencil code: 0.650408
Performance in GFlop/s:     18.522615
[1;34m[pthread wrapper] 
[0m[1;34m[pthread wrapper] MAIN -> 0
[0m[1;34m[pthread wrapper] PIN_MASK: [0m[1;34m0->1  [0m[1;34m1->2  [0m[1;34m2->3  [0m[1;34m3->4  [0m[1;34m4->5  [0m[1;34m5->6  [0m[1;34m6->7  [0m[1;34m7->8  [0m[1;34m8->9  [0m[1;34m9->10  [0m[1;34m10->11  [0m[1;34m11->12  [0m[1;34m12->13  [0m[1;34m13->14  [0m[1;34m14->15  [0m[1;34m
[pthread wrapper] SKIP MASK: 0x0
[0m[1;34m	threadid 139829714089728 -> core 1 - OK[0m[1;34m
[0m[1;34m	threadid 139829705697024 -> core 2 - OK[0m[1;34m
[0m[1;34m	threadid 139829697304320 -> core 3 - OK[0m[1;34m
[0m[1;34m	threadid 139829688911616 -> core 4 - OK[0m[1;34m
[0m[1;34m	threadid 139829680518912 -> core 5 - OK[0m[1;34m
[0m[1;34m	threadid 139829672126208 -> core 6 - OK[0m[1;34m
[0m[1;34m	threadid 139829663733504 -> core 7 - OK[0m[1;34m
[0m[1;34m	threadid 139829655340800 -> core 8 - OK[0m[1;34m
[0m[1;34m	threadid 139829646948096 -> core 9 - OK[0m[1;34m
[0m[1;34m	threadid 139829638555392 -> core 10 - OK[0m[1;34m
[0m[1;34m	threadid 139829630162688 -> core 11 - OK[0m[1;34m
[0m[1;34m	threadid 139829621769984 -> core 12 - OK[0m[1;34m
[0m[1;34m	threadid 139829613377280 -> core 13 - OK[0m[1;34m
[0m[1;34m	threadid 139829604984576 -> core 14 - OK[0m[1;34m
[0m[1;34m	threadid 139829596591872 -> core 15 - OK[0m[1;34m
[0mFLOPs in stencil code:      1.204726e+10
Time spent in stencil code: 0.652289
Performance in GFlop/s:     18.469198
