[1;34m[pthread wrapper] 
[0m[1;34m[pthread wrapper] MAIN -> 0
[0m[1;34m[pthread wrapper] PIN_MASK: [0m[1;34m0->1  [0m[1;34m1->2  [0m[1;34m2->3  [0m[1;34m
[pthread wrapper] SKIP MASK: 0x0
[0m[1;34m	threadid 140136602892032 -> core 1 - OK[0m[1;34m
[0m[1;34m	threadid 140136594499328 -> core 2 - OK[0m[1;34m
[0m[1;34m	threadid 140136586106624 -> core 3 - OK[0m[1;34m
[0mFLOPs in stencil code:      1.204726e+10
Time spent in stencil code: 1.835143
Performance in GFlop/s:     6.564752
[1;34m[pthread wrapper] 
[0m[1;34m[pthread wrapper] MAIN -> 0
[0m[1;34m[pthread wrapper] PIN_MASK: [0m[1;34m0->1  [0m[1;34m1->2  [0m[1;34m2->3  [0m[1;34m
[pthread wrapper] SKIP MASK: 0x0
[0m[1;34m	threadid 140082758383360 -> core 1 - OK[0m[1;34m
[0m[1;34m	threadid 140082749990656 -> core 2 - OK[0m[1;34m
[0m[1;34m	threadid 140082741597952 -> core 3 - OK[0m[1;34m
[0mFLOPs in stencil code:      1.204726e+10
Time spent in stencil code: 1.836633
Performance in GFlop/s:     6.559426
[1;34m[pthread wrapper] 
[0m[1;34m[pthread wrapper] MAIN -> 0
[0m[1;34m[pthread wrapper] PIN_MASK: [0m[1;34m0->1  [0m[1;34m1->2  [0m[1;34m2->3  [0m[1;34m
[pthread wrapper] SKIP MASK: 0x0
[0m[1;34m	threadid 140273500288768 -> core 1 - OK[0m[1;34m
[0m[1;34m	threadid 140273491896064 -> core 2 - OK[0m[1;34m
[0m[1;34m	threadid 140273483503360 -> core 3 - OK[0m[1;34m
[0mFLOPs in stencil code:      1.204726e+10
Time spent in stencil code: 1.821381
Performance in GFlop/s:     6.614353
[1;34m[pthread wrapper] 
[0m[1;34m[pthread wrapper] MAIN -> 0
[0m[1;34m[pthread wrapper] PIN_MASK: [0m[1;34m0->1  [0m[1;34m1->2  [0m[1;34m2->3  [0m[1;34m
[pthread wrapper] SKIP MASK: 0x0
[0m[1;34m	threadid 139800977241856 -> core 1 - OK[0m[1;34m
[0m[1;34m	threadid 139800968849152 -> core 2 - OK[0m[1;34m
[0m[1;34m	threadid 139800960456448 -> core 3 - OK[0m[1;34m
[0mFLOPs in stencil code:      1.204726e+10
Time spent in stencil code: 1.834989
Performance in GFlop/s:     6.565302
[1;34m[pthread wrapper] 
[0m[1;34m[pthread wrapper] MAIN -> 0
[0m[1;34m[pthread wrapper] PIN_MASK: [0m[1;34m0->1  [0m[1;34m1->2  [0m[1;34m2->3  [0m[1;34m
[pthread wrapper] SKIP MASK: 0x0
[0m[1;34m	threadid 139630782052096 -> core 1 - OK[0m[1;34m
[0m[1;34m	threadid 139630773659392 -> core 2 - OK[0m[1;34m
[0m[1;34m	threadid 139630765266688 -> core 3 - OK[0m[1;34m
[0mFLOPs in stencil code:      1.204726e+10
Time spent in stencil code: 1.835316
Performance in GFlop/s:     6.564133
