[1;34m[pthread wrapper] 
[0m[1;34m[pthread wrapper] MAIN -> 0
[0m[1;34m[pthread wrapper] PIN_MASK: [0m[1;34m0->1  [0m[1;34m1->2  [0m[1;34m2->3  [0m[1;34m3->4  [0m[1;34m4->5  [0m[1;34m5->6  [0m[1;34m6->7  [0m[1;34m7->8  [0m[1;34m8->9  [0m[1;34m9->10  [0m[1;34m10->11  [0m[1;34m11->12  [0m[1;34m12->13  [0m[1;34m13->14  [0m[1;34m14->15  [0m[1;34m15->16  [0m[1;34m16->17  [0m[1;34m17->18  [0m[1;34m18->19  [0m[1;34m19->20  [0m[1;34m20->21  [0m[1;34m21->22  [0m[1;34m22->23  [0m[1;34m23->24  [0m[1;34m24->25  [0m[1;34m25->26  [0m[1;34m26->27  [0m[1;34m27->28  [0m[1;34m28->29  [0m[1;34m29->30  [0m[1;34m30->31  [0m[1;34m
[pthread wrapper] SKIP MASK: 0x0
[0m[1;34m	threadid 139840313980672 -> core 1 - OK[0m[1;34m
[0m[1;34m	threadid 139840305587968 -> core 2 - OK[0m[1;34m
[0m[1;34m	threadid 139840297195264 -> core 3 - OK[0m[1;34m
[0m[1;34m	threadid 139840288802560 -> core 4 - OK[0m[1;34m
[0m[1;34m	threadid 139840280409856 -> core 5 - OK[0m[1;34m
[0m[1;34m	threadid 139840272017152 -> core 6 - OK[0m[1;34m
[0m[1;34m	threadid 139840263624448 -> core 7 - OK[0m[1;34m
[0m[1;34m	threadid 139840255231744 -> core 8 - OK[0m[1;34m
[0m[1;34m	threadid 139840246839040 -> core 9 - OK[0m[1;34m
[0m[1;34m	threadid 139840238446336 -> core 10 - OK[0m[1;34m
[0m[1;34m	threadid 139840230053632 -> core 11 - OK[0m[1;34m
[0m[1;34m	threadid 139840221660928 -> core 12 - OK[0m[1;34m
[0m[1;34m	threadid 139840213268224 -> core 13 - OK[0m[1;34m
[0m[1;34m	threadid 139840204875520 -> core 14 - OK[0m[1;34m
[0m[1;34m	threadid 139840196482816 -> core 15 - OK[0m[1;34m
[0m[1;34m	threadid 139840188090112 -> core 16 - OK[0m[1;34m
[0m[1;34m	threadid 139840179697408 -> core 17 - OK[0m[1;34m
[0m[1;34m	threadid 139840171304704 -> core 18 - OK[0m[1;34m
[0m[1;34m	threadid 139840162912000 -> core 19 - OK[0m[1;34m
[0m[1;34m	threadid 139840154519296 -> core 20 - OK[0m[1;34m
[0m[1;34m	threadid 139840146126592 -> core 21 - OK[0m[1;34m
[0m[1;34m	threadid 139840137733888 -> core 22 - OK[0m[1;34m
[0m[1;34m	threadid 139840129341184 -> core 23 - OK[0m[1;34m
[0m[1;34m	threadid 139840120948480 -> core 24 - OK[0m[1;34m
[0m[1;34m	threadid 139840112555776 -> core 25 - OK[0m[1;34m
[0m[1;34m	threadid 139840104163072 -> core 26 - OK[0m[1;34m
[0m[1;34m	threadid 139840095770368 -> core 27 - OK[0m[1;34m
[0m[1;34m	threadid 139840087377664 -> core 28 - OK[0m[1;34m
[0m[1;34m	threadid 139840078984960 -> core 29 - OK[0m[1;34m
[0m[1;34m	threadid 139840070592256 -> core 30 - OK[0m[1;34m
[0m[1;34m	threadid 139840062199552 -> core 31 - OK[0m[1;34m
[0mFLOPs in stencil code:      1.204726e+10
Time spent in stencil code: 0.810141
Performance in GFlop/s:     14.870572
[1;34m[pthread wrapper] 
[0m[1;34m[pthread wrapper] MAIN -> 0
[0m[1;34m[pthread wrapper] PIN_MASK: [0m[1;34m0->1  [0m[1;34m1->2  [0m[1;34m2->3  [0m[1;34m3->4  [0m[1;34m4->5  [0m[1;34m5->6  [0m[1;34m6->7  [0m[1;34m7->8  [0m[1;34m8->9  [0m[1;34m9->10  [0m[1;34m10->11  [0m[1;34m11->12  [0m[1;34m12->13  [0m[1;34m13->14  [0m[1;34m14->15  [0m[1;34m15->16  [0m[1;34m16->17  [0m[1;34m17->18  [0m[1;34m18->19  [0m[1;34m19->20  [0m[1;34m20->21  [0m[1;34m21->22  [0m[1;34m22->23  [0m[1;34m23->24  [0m[1;34m24->25  [0m[1;34m25->26  [0m[1;34m26->27  [0m[1;34m27->28  [0m[1;34m28->29  [0m[1;34m29->30  [0m[1;34m30->31  [0m[1;34m
[pthread wrapper] SKIP MASK: 0x0
[0m[1;34m	threadid 140663015274240 -> core 1 - OK[0m[1;34m
[0m[1;34m	threadid 140663006881536 -> core 2 - OK[0m[1;34m
[0m[1;34m	threadid 140662998488832 -> core 3 - OK[0m[1;34m
[0m[1;34m	threadid 140662990096128 -> core 4 - OK[0m[1;34m
[0m[1;34m	threadid 140662981703424 -> core 5 - OK[0m[1;34m
[0m[1;34m	threadid 140662973310720 -> core 6 - OK[0m[1;34m
[0m[1;34m	threadid 140662964918016 -> core 7 - OK[0m[1;34m
[0m[1;34m	threadid 140662956525312 -> core 8 - OK[0m[1;34m
[0m[1;34m	threadid 140662948132608 -> core 9 - OK[0m[1;34m
[0m[1;34m	threadid 140662939739904 -> core 10 - OK[0m[1;34m
[0m[1;34m	threadid 140662931347200 -> core 11 - OK[0m[1;34m
[0m[1;34m	threadid 140662922954496 -> core 12 - OK[0m[1;34m
[0m[1;34m	threadid 140662914561792 -> core 13 - OK[0m[1;34m
[0m[1;34m	threadid 140662906169088 -> core 14 - OK[0m[1;34m
[0m[1;34m	threadid 140662897776384 -> core 15 - OK[0m[1;34m
[0m[1;34m	threadid 140662889383680 -> core 16 - OK[0m[1;34m
[0m[1;34m	threadid 140662880990976 -> core 17 - OK[0m[1;34m
[0m[1;34m	threadid 140662872598272 -> core 18 - OK[0m[1;34m
[0m[1;34m	threadid 140662864205568 -> core 19 - OK[0m[1;34m
[0m[1;34m	threadid 140662855812864 -> core 20 - OK[0m[1;34m
[0m[1;34m	threadid 140662847420160 -> core 21 - OK[0m[1;34m
[0m[1;34m	threadid 140662839027456 -> core 22 - OK[0m[1;34m
[0m[1;34m	threadid 140662830634752 -> core 23 - OK[0m[1;34m
[0m[1;34m	threadid 140662822242048 -> core 24 - OK[0m[1;34m
[0m[1;34m	threadid 140662813849344 -> core 25 - OK[0m[1;34m
[0m[1;34m	threadid 140662805456640 -> core 26 - OK[0m[1;34m
[0m[1;34m	threadid 140662797063936 -> core 27 - OK[0m[1;34m
[0m[1;34m	threadid 140662788671232 -> core 28 - OK[0m[1;34m
[0m[1;34m	threadid 140662780278528 -> core 29 - OK[0m[1;34m
[0m[1;34m	threadid 140662771885824 -> core 30 - OK[0m[1;34m
[0m[1;34m	threadid 140662763493120 -> core 31 - OK[0m[1;34m
[0mFLOPs in stencil code:      1.204726e+10
Time spent in stencil code: 0.644658
Performance in GFlop/s:     18.687825
[1;34m[pthread wrapper] 
[0m[1;34m[pthread wrapper] MAIN -> 0
[0m[1;34m[pthread wrapper] PIN_MASK: [0m[1;34m0->1  [0m[1;34m1->2  [0m[1;34m2->3  [0m[1;34m3->4  [0m[1;34m4->5  [0m[1;34m5->6  [0m[1;34m6->7  [0m[1;34m7->8  [0m[1;34m8->9  [0m[1;34m9->10  [0m[1;34m10->11  [0m[1;34m11->12  [0m[1;34m12->13  [0m[1;34m13->14  [0m[1;34m14->15  [0m[1;34m15->16  [0m[1;34m16->17  [0m[1;34m17->18  [0m[1;34m18->19  [0m[1;34m19->20  [0m[1;34m20->21  [0m[1;34m21->22  [0m[1;34m22->23  [0m[1;34m23->24  [0m[1;34m24->25  [0m[1;34m25->26  [0m[1;34m26->27  [0m[1;34m27->28  [0m[1;34m28->29  [0m[1;34m29->30  [0m[1;34m30->31  [0m[1;34m
[pthread wrapper] SKIP MASK: 0x0
[0m[1;34m	threadid 140245120841472 -> core 1 - OK[0m[1;34m
[0m[1;34m	threadid 140245112448768 -> core 2 - OK[0m[1;34m
[0m[1;34m	threadid 140245104056064 -> core 3 - OK[0m[1;34m
[0m[1;34m	threadid 140245095663360 -> core 4 - OK[0m[1;34m
[0m[1;34m	threadid 140245087270656 -> core 5 - OK[0m[1;34m
[0m[1;34m	threadid 140245078877952 -> core 6 - OK[0m[1;34m
[0m[1;34m	threadid 140245070485248 -> core 7 - OK[0m[1;34m
[0m[1;34m	threadid 140245062092544 -> core 8 - OK[0m[1;34m
[0m[1;34m	threadid 140245053699840 -> core 9 - OK[0m[1;34m
[0m[1;34m	threadid 140245045307136 -> core 10 - OK[0m[1;34m
[0m[1;34m	threadid 140245036914432 -> core 11 - OK[0m[1;34m
[0m[1;34m	threadid 140245028521728 -> core 12 - OK[0m[1;34m
[0m[1;34m	threadid 140245020129024 -> core 13 - OK[0m[1;34m
[0m[1;34m	threadid 140245011736320 -> core 14 - OK[0m[1;34m
[0m[1;34m	threadid 140245003343616 -> core 15 - OK[0m[1;34m
[0m[1;34m	threadid 140244994950912 -> core 16 - OK[0m[1;34m
[0m[1;34m	threadid 140244986558208 -> core 17 - OK[0m[1;34m
[0m[1;34m	threadid 140244978165504 -> core 18 - OK[0m[1;34m
[0m[1;34m	threadid 140244969772800 -> core 19 - OK[0m[1;34m
[0m[1;34m	threadid 140244961380096 -> core 20 - OK[0m[1;34m
[0m[1;34m	threadid 140244952987392 -> core 21 - OK[0m[1;34m
[0m[1;34m	threadid 140244944594688 -> core 22 - OK[0m[1;34m
[0m[1;34m	threadid 140244936201984 -> core 23 - OK[0m[1;34m
[0m[1;34m	threadid 140244927809280 -> core 24 - OK[0m[1;34m
[0m[1;34m	threadid 140244919416576 -> core 25 - OK[0m[1;34m
[0m[1;34m	threadid 140244911023872 -> core 26 - OK[0m[1;34m
[0m[1;34m	threadid 140244902631168 -> core 27 - OK[0m[1;34m
[0m[1;34m	threadid 140244894238464 -> core 28 - OK[0m[1;34m
[0m[1;34m	threadid 140244885845760 -> core 29 - OK[0m[1;34m
[0m[1;34m	threadid 140244877453056 -> core 30 - OK[0m[1;34m
[0m[1;34m	threadid 140244869060352 -> core 31 - OK[0m[1;34m
[0mFLOPs in stencil code:      1.204726e+10
Time spent in stencil code: 0.646282
Performance in GFlop/s:     18.640869
[1;34m[pthread wrapper] 
[0m[1;34m[pthread wrapper] MAIN -> 0
[0m[1;34m[pthread wrapper] PIN_MASK: [0m[1;34m0->1  [0m[1;34m1->2  [0m[1;34m2->3  [0m[1;34m3->4  [0m[1;34m4->5  [0m[1;34m5->6  [0m[1;34m6->7  [0m[1;34m7->8  [0m[1;34m8->9  [0m[1;34m9->10  [0m[1;34m10->11  [0m[1;34m11->12  [0m[1;34m12->13  [0m[1;34m13->14  [0m[1;34m14->15  [0m[1;34m15->16  [0m[1;34m16->17  [0m[1;34m17->18  [0m[1;34m18->19  [0m[1;34m19->20  [0m[1;34m20->21  [0m[1;34m21->22  [0m[1;34m22->23  [0m[1;34m23->24  [0m[1;34m24->25  [0m[1;34m25->26  [0m[1;34m26->27  [0m[1;34m27->28  [0m[1;34m28->29  [0m[1;34m29->30  [0m[1;34m30->31  [0m[1;34m
[pthread wrapper] SKIP MASK: 0x0
[0m[1;34m	threadid 139826447808256 -> core 1 - OK[0m[1;34m
[0m[1;34m	threadid 139826439415552 -> core 2 - OK[0m[1;34m
[0m[1;34m	threadid 139826431022848 -> core 3 - OK[0m[1;34m
[0m[1;34m	threadid 139826422630144 -> core 4 - OK[0m[1;34m
[0m[1;34m	threadid 139826414237440 -> core 5 - OK[0m[1;34m
[0m[1;34m	threadid 139826405844736 -> core 6 - OK[0m[1;34m
[0m[1;34m	threadid 139826397452032 -> core 7 - OK[0m[1;34m
[0m[1;34m	threadid 139826389059328 -> core 8 - OK[0m[1;34m
[0m[1;34m	threadid 139826380666624 -> core 9 - OK[0m[1;34m
[0m[1;34m	threadid 139826372273920 -> core 10 - OK[0m[1;34m
[0m[1;34m	threadid 139826363881216 -> core 11 - OK[0m[1;34m
[0m[1;34m	threadid 139826355488512 -> core 12 - OK[0m[1;34m
[0m[1;34m	threadid 139826347095808 -> core 13 - OK[0m[1;34m
[0m[1;34m	threadid 139826338703104 -> core 14 - OK[0m[1;34m
[0m[1;34m	threadid 139826330310400 -> core 15 - OK[0m[1;34m
[0m[1;34m	threadid 139826321917696 -> core 16 - OK[0m[1;34m
[0m[1;34m	threadid 139826313524992 -> core 17 - OK[0m[1;34m
[0m[1;34m	threadid 139826305132288 -> core 18 - OK[0m[1;34m
[0m[1;34m	threadid 139826296739584 -> core 19 - OK[0m[1;34m
[0m[1;34m	threadid 139826288346880 -> core 20 - OK[0m[1;34m
[0m[1;34m	threadid 139826279954176 -> core 21 - OK[0m[1;34m
[0m[1;34m	threadid 139826271561472 -> core 22 - OK[0m[1;34m
[0m[1;34m	threadid 139826263168768 -> core 23 - OK[0m[1;34m
[0m[1;34m	threadid 139826254776064 -> core 24 - OK[0m[1;34m
[0m[1;34m	threadid 139826246383360 -> core 25 - OK[0m[1;34m
[0m[1;34m	threadid 139826237990656 -> core 26 - OK[0m[1;34m
[0m[1;34m	threadid 139826229597952 -> core 27 - OK[0m[1;34m
[0m[1;34m	threadid 139826221205248 -> core 28 - OK[0m[1;34m
[0m[1;34m	threadid 139826212812544 -> core 29 - OK[0m[1;34m
[0m[1;34m	threadid 139826204419840 -> core 30 - OK[0m[1;34m
[0m[1;34m	threadid 139826196027136 -> core 31 - OK[0m[1;34m
[0mFLOPs in stencil code:      1.204726e+10
Time spent in stencil code: 0.645992
Performance in GFlop/s:     18.649235
[1;34m[pthread wrapper] 
[0m[1;34m[pthread wrapper] MAIN -> 0
[0m[1;34m[pthread wrapper] PIN_MASK: [0m[1;34m0->1  [0m[1;34m1->2  [0m[1;34m2->3  [0m[1;34m3->4  [0m[1;34m4->5  [0m[1;34m5->6  [0m[1;34m6->7  [0m[1;34m7->8  [0m[1;34m8->9  [0m[1;34m9->10  [0m[1;34m10->11  [0m[1;34m11->12  [0m[1;34m12->13  [0m[1;34m13->14  [0m[1;34m14->15  [0m[1;34m15->16  [0m[1;34m16->17  [0m[1;34m17->18  [0m[1;34m18->19  [0m[1;34m19->20  [0m[1;34m20->21  [0m[1;34m21->22  [0m[1;34m22->23  [0m[1;34m23->24  [0m[1;34m24->25  [0m[1;34m25->26  [0m[1;34m26->27  [0m[1;34m27->28  [0m[1;34m28->29  [0m[1;34m29->30  [0m[1;34m30->31  [0m[1;34m
[pthread wrapper] SKIP MASK: 0x0
[0m[1;34m	threadid 139827321665280 -> core 1 - OK[0m[1;34m
[0m[1;34m	threadid 139827313272576 -> core 2 - OK[0m[1;34m
[0m[1;34m	threadid 139827304879872 -> core 3 - OK[0m[1;34m
[0m[1;34m	threadid 139827296487168 -> core 4 - OK[0m[1;34m
[0m[1;34m	threadid 139827288094464 -> core 5 - OK[0m[1;34m
[0m[1;34m	threadid 139827279701760 -> core 6 - OK[0m[1;34m
[0m[1;34m	threadid 139827271309056 -> core 7 - OK[0m[1;34m
[0m[1;34m	threadid 139827262916352 -> core 8 - OK[0m[1;34m
[0m[1;34m	threadid 139827254523648 -> core 9 - OK[0m[1;34m
[0m[1;34m	threadid 139827246130944 -> core 10 - OK[0m[1;34m
[0m[1;34m	threadid 139827237738240 -> core 11 - OK[0m[1;34m
[0m[1;34m	threadid 139827229345536 -> core 12 - OK[0m[1;34m
[0m[1;34m	threadid 139827220952832 -> core 13 - OK[0m[1;34m
[0m[1;34m	threadid 139827212560128 -> core 14 - OK[0m[1;34m
[0m[1;34m	threadid 139827204167424 -> core 15 - OK[0m[1;34m
[0m[1;34m	threadid 139827195774720 -> core 16 - OK[0m[1;34m
[0m[1;34m	threadid 139827187382016 -> core 17 - OK[0m[1;34m
[0m[1;34m	threadid 139827178989312 -> core 18 - OK[0m[1;34m
[0m[1;34m	threadid 139827170596608 -> core 19 - OK[0m[1;34m
[0m[1;34m	threadid 139827162203904 -> core 20 - OK[0m[1;34m
[0m[1;34m	threadid 139827153811200 -> core 21 - OK[0m[1;34m
[0m[1;34m	threadid 139827145418496 -> core 22 - OK[0m[1;34m
[0m[1;34m	threadid 139827137025792 -> core 23 - OK[0m[1;34m
[0m[1;34m	threadid 139827128633088 -> core 24 - OK[0m[1;34m
[0m[1;34m	threadid 139827120240384 -> core 25 - OK[0m[1;34m
[0m[1;34m	threadid 139827111847680 -> core 26 - OK[0m[1;34m
[0m[1;34m	threadid 139827103454976 -> core 27 - OK[0m[1;34m
[0m[1;34m	threadid 139827095062272 -> core 28 - OK[0m[1;34m
[0m[1;34m	threadid 139827086669568 -> core 29 - OK[0m[1;34m
[0m[1;34m	threadid 139827078276864 -> core 30 - OK[0m[1;34m
[0m[1;34m	threadid 139827069884160 -> core 31 - OK[0m[1;34m
[0mFLOPs in stencil code:      1.204726e+10
Time spent in stencil code: 0.645434
Performance in GFlop/s:     18.665362
