[1;34m[pthread wrapper] 
[0m[1;34m[pthread wrapper] MAIN -> 0
[0m[1;34m[pthread wrapper] PIN_MASK: [0m[1;34m0->1  [0m[1;34m1->2  [0m[1;34m2->3  [0m[1;34m3->4  [0m[1;34m4->5  [0m[1;34m
[pthread wrapper] SKIP MASK: 0x0
[0m[1;34m	threadid 140024765511424 -> core 1 - OK[0m[1;34m
[0m[1;34m	threadid 140024757118720 -> core 2 - OK[0m[1;34m
[0m[1;34m	threadid 140024748726016 -> core 3 - OK[0m[1;34m
[0m[1;34m	threadid 140024740333312 -> core 4 - OK[0m[1;34m
[0m[1;34m	threadid 140024731940608 -> core 5 - OK[0m[1;34m
[0mFLOPs in stencil code:      1.204726e+10
Time spent in stencil code: 1.349986
Performance in GFlop/s:     8.923987
[1;34m[pthread wrapper] 
[0m[1;34m[pthread wrapper] MAIN -> 0
[0m[1;34m[pthread wrapper] PIN_MASK: [0m[1;34m0->1  [0m[1;34m1->2  [0m[1;34m2->3  [0m[1;34m3->4  [0m[1;34m4->5  [0m[1;34m
[pthread wrapper] SKIP MASK: 0x0
[0m[1;34m	threadid 139947269617408 -> core 1 - OK[0m[1;34m
[0m[1;34m	threadid 139947261224704 -> core 2 - OK[0m[1;34m
[0m[1;34m	threadid 139947252832000 -> core 3 - OK[0m[1;34m
[0m[1;34m	threadid 139947244439296 -> core 4 - OK[0m[1;34m
[0m[1;34m	threadid 139947236046592 -> core 5 - OK[0m[1;34m
[0mFLOPs in stencil code:      1.204726e+10
Time spent in stencil code: 1.358036
Performance in GFlop/s:     8.871088
[1;34m[pthread wrapper] 
[0m[1;34m[pthread wrapper] MAIN -> 0
[0m[1;34m[pthread wrapper] PIN_MASK: [0m[1;34m0->1  [0m[1;34m1->2  [0m[1;34m2->3  [0m[1;34m3->4  [0m[1;34m4->5  [0m[1;34m
[pthread wrapper] SKIP MASK: 0x0
[0m[1;34m	threadid 140685210154752 -> core 1 - OK[0m[1;34m
[0m[1;34m	threadid 140685201762048 -> core 2 - OK[0m[1;34m
[0m[1;34m	threadid 140685193369344 -> core 3 - OK[0m[1;34m
[0m[1;34m	threadid 140685184976640 -> core 4 - OK[0m[1;34m
[0m[1;34m	threadid 140685176583936 -> core 5 - OK[0m[1;34m
[0mFLOPs in stencil code:      1.204726e+10
Time spent in stencil code: 1.359886
Performance in GFlop/s:     8.859021
[1;34m[pthread wrapper] 
[0m[1;34m[pthread wrapper] MAIN -> 0
[0m[1;34m[pthread wrapper] PIN_MASK: [0m[1;34m0->1  [0m[1;34m1->2  [0m[1;34m2->3  [0m[1;34m3->4  [0m[1;34m4->5  [0m[1;34m
[pthread wrapper] SKIP MASK: 0x0
[0m[1;34m	threadid 139637704685312 -> core 1 - OK[0m[1;34m
[0m[1;34m	threadid 139637696292608 -> core 2 - OK[0m[1;34m
[0m[1;34m	threadid 139637687899904 -> core 3 - OK[0m[1;34m
[0m[1;34m	threadid 139637679507200 -> core 4 - OK[0m[1;34m
[0m[1;34m	threadid 139637671114496 -> core 5 - OK[0m[1;34m
[0mFLOPs in stencil code:      1.204726e+10
Time spent in stencil code: 1.358230
Performance in GFlop/s:     8.869821
[1;34m[pthread wrapper] 
[0m[1;34m[pthread wrapper] MAIN -> 0
[0m[1;34m[pthread wrapper] PIN_MASK: [0m[1;34m0->1  [0m[1;34m1->2  [0m[1;34m2->3  [0m[1;34m3->4  [0m[1;34m4->5  [0m[1;34m
[pthread wrapper] SKIP MASK: 0x0
[0m[1;34m	threadid 140555282446080 -> core 1 - OK[0m[1;34m
[0m[1;34m	threadid 140555274053376 -> core 2 - OK[0m[1;34m
[0m[1;34m	threadid 140555265660672 -> core 3 - OK[0m[1;34m
[0m[1;34m	threadid 140555257267968 -> core 4 - OK[0m[1;34m
[0m[1;34m	threadid 140555248875264 -> core 5 - OK[0m[1;34m
[0mFLOPs in stencil code:      1.204726e+10
Time spent in stencil code: 1.359985
Performance in GFlop/s:     8.858375
