[1;34m[pthread wrapper] 
[0m[1;34m[pthread wrapper] MAIN -> 0
[0m[1;34m[pthread wrapper] PIN_MASK: [0m[1;34m0->1  [0m[1;34m1->2  [0m[1;34m2->3  [0m[1;34m3->4  [0m[1;34m4->5  [0m[1;34m5->6  [0m[1;34m6->7  [0m[1;34m7->8  [0m[1;34m8->9  [0m[1;34m9->10  [0m[1;34m10->11  [0m[1;34m11->16  [0m[1;34m12->17  [0m[1;34m13->18  [0m[1;34m14->19  [0m[1;34m15->20  [0m[1;34m16->21  [0m[1;34m17->22  [0m[1;34m18->23  [0m[1;34m19->24  [0m[1;34m20->25  [0m[1;34m21->26  [0m[1;34m22->27  [0m[1;34m
[pthread wrapper] SKIP MASK: 0x0
[0m[1;34m	threadid 139826271221504 -> core 1 - OK[0m[1;34m
[0m[1;34m	threadid 139826262828800 -> core 2 - OK[0m[1;34m
[0m[1;34m	threadid 139826254436096 -> core 3 - OK[0m[1;34m
[0m[1;34m	threadid 139826246043392 -> core 4 - OK[0m[1;34m
[0m[1;34m	threadid 139826237650688 -> core 5 - OK[0m[1;34m
[0m[1;34m	threadid 139826229257984 -> core 6 - OK[0m[1;34m
[0m[1;34m	threadid 139826220865280 -> core 7 - OK[0m[1;34m
[0m[1;34m	threadid 139826212472576 -> core 8 - OK[0m[1;34m
[0m[1;34m	threadid 139826204079872 -> core 9 - OK[0m[1;34m
[0m[1;34m	threadid 139826195687168 -> core 10 - OK[0m[1;34m
[0m[1;34m	threadid 139826187294464 -> core 11 - OK[0m[1;34m
[0m[1;34m	threadid 139826178901760 -> core 16 - OK[0m[1;34m
[0m[1;34m	threadid 139826170509056 -> core 17 - OK[0m[1;34m
[0m[1;34m	threadid 139826162116352 -> core 18 - OK[0m[1;34m
[0m[1;34m	threadid 139826153723648 -> core 19 - OK[0m[1;34m
[0m[1;34m	threadid 139826145330944 -> core 20 - OK[0m[1;34m
[0m[1;34m	threadid 139826136938240 -> core 21 - OK[0m[1;34m
[0m[1;34m	threadid 139826128545536 -> core 22 - OK[0m[1;34m
[0m[1;34m	threadid 139826120152832 -> core 23 - OK[0m[1;34m
[0m[1;34m	threadid 139826111760128 -> core 24 - OK[0m[1;34m
[0m[1;34m	threadid 139826103367424 -> core 25 - OK[0m[1;34m
[0m[1;34m	threadid 139826094974720 -> core 26 - OK[0m[1;34m
[0m[1;34m	threadid 139826086582016 -> core 27 - OK[0m[1;34m
[0mFLOPs in stencil code:      1.204726e+10
Time spent in stencil code: 0.647631
Performance in GFlop/s:     18.602035
[1;34m[pthread wrapper] 
[0m[1;34m[pthread wrapper] MAIN -> 0
[0m[1;34m[pthread wrapper] PIN_MASK: [0m[1;34m0->1  [0m[1;34m1->2  [0m[1;34m2->3  [0m[1;34m3->4  [0m[1;34m4->5  [0m[1;34m5->6  [0m[1;34m6->7  [0m[1;34m7->8  [0m[1;34m8->9  [0m[1;34m9->10  [0m[1;34m10->11  [0m[1;34m11->16  [0m[1;34m12->17  [0m[1;34m13->18  [0m[1;34m14->19  [0m[1;34m15->20  [0m[1;34m16->21  [0m[1;34m17->22  [0m[1;34m18->23  [0m[1;34m19->24  [0m[1;34m20->25  [0m[1;34m21->26  [0m[1;34m22->27  [0m[1;34m
[pthread wrapper] SKIP MASK: 0x0
[0m[1;34m	threadid 140338923534080 -> core 1 - OK[0m[1;34m
[0m[1;34m	threadid 140338915141376 -> core 2 - OK[0m[1;34m
[0m[1;34m	threadid 140338906748672 -> core 3 - OK[0m[1;34m
[0m[1;34m	threadid 140338898355968 -> core 4 - OK[0m[1;34m
[0m[1;34m	threadid 140338889963264 -> core 5 - OK[0m[1;34m
[0m[1;34m	threadid 140338881570560 -> core 6 - OK[0m[1;34m
[0m[1;34m	threadid 140338873177856 -> core 7 - OK[0m[1;34m
[0m[1;34m	threadid 140338864785152 -> core 8 - OK[0m[1;34m
[0m[1;34m	threadid 140338856392448 -> core 9 - OK[0m[1;34m
[0m[1;34m	threadid 140338847999744 -> core 10 - OK[0m[1;34m
[0m[1;34m	threadid 140338839607040 -> core 11 - OK[0m[1;34m
[0m[1;34m	threadid 140338831214336 -> core 16 - OK[0m[1;34m
[0m[1;34m	threadid 140338822821632 -> core 17 - OK[0m[1;34m
[0m[1;34m	threadid 140338814428928 -> core 18 - OK[0m[1;34m
[0m[1;34m	threadid 140338806036224 -> core 19 - OK[0m[1;34m
[0m[1;34m	threadid 140338797643520 -> core 20 - OK[0m[1;34m
[0m[1;34m	threadid 140338789250816 -> core 21 - OK[0m[1;34m
[0m[1;34m	threadid 140338780858112 -> core 22 - OK[0m[1;34m
[0m[1;34m	threadid 140338772465408 -> core 23 - OK[0m[1;34m
[0m[1;34m	threadid 140338764072704 -> core 24 - OK[0m[1;34m
[0m[1;34m	threadid 140338755680000 -> core 25 - OK[0m[1;34m
[0m[1;34m	threadid 140338747287296 -> core 26 - OK[0m[1;34m
[0m[1;34m	threadid 140338738894592 -> core 27 - OK[0m[1;34m
[0mFLOPs in stencil code:      1.204726e+10
Time spent in stencil code: 0.645010
Performance in GFlop/s:     18.677629
[1;34m[pthread wrapper] 
[0m[1;34m[pthread wrapper] MAIN -> 0
[0m[1;34m[pthread wrapper] PIN_MASK: [0m[1;34m0->1  [0m[1;34m1->2  [0m[1;34m2->3  [0m[1;34m3->4  [0m[1;34m4->5  [0m[1;34m5->6  [0m[1;34m6->7  [0m[1;34m7->8  [0m[1;34m8->9  [0m[1;34m9->10  [0m[1;34m10->11  [0m[1;34m11->16  [0m[1;34m12->17  [0m[1;34m13->18  [0m[1;34m14->19  [0m[1;34m15->20  [0m[1;34m16->21  [0m[1;34m17->22  [0m[1;34m18->23  [0m[1;34m19->24  [0m[1;34m20->25  [0m[1;34m21->26  [0m[1;34m22->27  [0m[1;34m
[pthread wrapper] SKIP MASK: 0x0
[0m[1;34m	threadid 139906911401728 -> core 1 - OK[0m[1;34m
[0m[1;34m	threadid 139906903009024 -> core 2 - OK[0m[1;34m
[0m[1;34m	threadid 139906894616320 -> core 3 - OK[0m[1;34m
[0m[1;34m	threadid 139906886223616 -> core 4 - OK[0m[1;34m
[0m[1;34m	threadid 139906877830912 -> core 5 - OK[0m[1;34m
[0m[1;34m	threadid 139906869438208 -> core 6 - OK[0m[1;34m
[0m[1;34m	threadid 139906861045504 -> core 7 - OK[0m[1;34m
[0m[1;34m	threadid 139906852652800 -> core 8 - OK[0m[1;34m
[0m[1;34m	threadid 139906844260096 -> core 9 - OK[0m[1;34m
[0m[1;34m	threadid 139906835867392 -> core 10 - OK[0m[1;34m
[0m[1;34m	threadid 139906827474688 -> core 11 - OK[0m[1;34m
[0m[1;34m	threadid 139906819081984 -> core 16 - OK[0m[1;34m
[0m[1;34m	threadid 139906810689280 -> core 17 - OK[0m[1;34m
[0m[1;34m	threadid 139906802296576 -> core 18 - OK[0m[1;34m
[0m[1;34m	threadid 139906793903872 -> core 19 - OK[0m[1;34m
[0m[1;34m	threadid 139906785511168 -> core 20 - OK[0m[1;34m
[0m[1;34m	threadid 139906777118464 -> core 21 - OK[0m[1;34m
[0m[1;34m	threadid 139906768725760 -> core 22 - OK[0m[1;34m
[0m[1;34m	threadid 139906760333056 -> core 23 - OK[0m[1;34m
[0m[1;34m	threadid 139906751940352 -> core 24 - OK[0m[1;34m
[0m[1;34m	threadid 139906743547648 -> core 25 - OK[0m[1;34m
[0m[1;34m	threadid 139906735154944 -> core 26 - OK[0m[1;34m
[0m[1;34m	threadid 139906726762240 -> core 27 - OK[0m[1;34m
[0mFLOPs in stencil code:      1.204726e+10
Time spent in stencil code: 0.643299
Performance in GFlop/s:     18.727304
[1;34m[pthread wrapper] 
[0m[1;34m[pthread wrapper] MAIN -> 0
[0m[1;34m[pthread wrapper] PIN_MASK: [0m[1;34m0->1  [0m[1;34m1->2  [0m[1;34m2->3  [0m[1;34m3->4  [0m[1;34m4->5  [0m[1;34m5->6  [0m[1;34m6->7  [0m[1;34m7->8  [0m[1;34m8->9  [0m[1;34m9->10  [0m[1;34m10->11  [0m[1;34m11->16  [0m[1;34m12->17  [0m[1;34m13->18  [0m[1;34m14->19  [0m[1;34m15->20  [0m[1;34m16->21  [0m[1;34m17->22  [0m[1;34m18->23  [0m[1;34m19->24  [0m[1;34m20->25  [0m[1;34m21->26  [0m[1;34m22->27  [0m[1;34m
[pthread wrapper] SKIP MASK: 0x0
[0m[1;34m	threadid 139819436046080 -> core 1 - OK[0m[1;34m
[0m[1;34m	threadid 139819427653376 -> core 2 - OK[0m[1;34m
[0m[1;34m	threadid 139819419260672 -> core 3 - OK[0m[1;34m
[0m[1;34m	threadid 139819410867968 -> core 4 - OK[0m[1;34m
[0m[1;34m	threadid 139819402475264 -> core 5 - OK[0m[1;34m
[0m[1;34m	threadid 139819394082560 -> core 6 - OK[0m[1;34m
[0m[1;34m	threadid 139819385689856 -> core 7 - OK[0m[1;34m
[0m[1;34m	threadid 139819377297152 -> core 8 - OK[0m[1;34m
[0m[1;34m	threadid 139819368904448 -> core 9 - OK[0m[1;34m
[0m[1;34m	threadid 139819360511744 -> core 10 - OK[0m[1;34m
[0m[1;34m	threadid 139819352119040 -> core 11 - OK[0m[1;34m
[0m[1;34m	threadid 139819343726336 -> core 16 - OK[0m[1;34m
[0m[1;34m	threadid 139819335333632 -> core 17 - OK[0m[1;34m
[0m[1;34m	threadid 139819326940928 -> core 18 - OK[0m[1;34m
[0m[1;34m	threadid 139819318548224 -> core 19 - OK[0m[1;34m
[0m[1;34m	threadid 139819310155520 -> core 20 - OK[0m[1;34m
[0m[1;34m	threadid 139819301762816 -> core 21 - OK[0m[1;34m
[0m[1;34m	threadid 139819293370112 -> core 22 - OK[0m[1;34m
[0m[1;34m	threadid 139819284977408 -> core 23 - OK[0m[1;34m
[0m[1;34m	threadid 139819276584704 -> core 24 - OK[0m[1;34m
[0m[1;34m	threadid 139819268192000 -> core 25 - OK[0m[1;34m
[0m[1;34m	threadid 139819259799296 -> core 26 - OK[0m[1;34m
[0m[1;34m	threadid 139819251406592 -> core 27 - OK[0m[1;34m
[0mFLOPs in stencil code:      1.204726e+10
Time spent in stencil code: 0.644710
Performance in GFlop/s:     18.686325
[1;34m[pthread wrapper] 
[0m[1;34m[pthread wrapper] MAIN -> 0
[0m[1;34m[pthread wrapper] PIN_MASK: [0m[1;34m0->1  [0m[1;34m1->2  [0m[1;34m2->3  [0m[1;34m3->4  [0m[1;34m4->5  [0m[1;34m5->6  [0m[1;34m6->7  [0m[1;34m7->8  [0m[1;34m8->9  [0m[1;34m9->10  [0m[1;34m10->11  [0m[1;34m11->16  [0m[1;34m12->17  [0m[1;34m13->18  [0m[1;34m14->19  [0m[1;34m15->20  [0m[1;34m16->21  [0m[1;34m17->22  [0m[1;34m18->23  [0m[1;34m19->24  [0m[1;34m20->25  [0m[1;34m21->26  [0m[1;34m22->27  [0m[1;34m
[pthread wrapper] SKIP MASK: 0x0
[0m[1;34m	threadid 140407215650560 -> core 1 - OK[0m[1;34m
[0m[1;34m	threadid 140407207257856 -> core 2 - OK[0m[1;34m
[0m[1;34m	threadid 140407198865152 -> core 3 - OK[0m[1;34m
[0m[1;34m	threadid 140407190472448 -> core 4 - OK[0m[1;34m
[0m[1;34m	threadid 140407182079744 -> core 5 - OK[0m[1;34m
[0m[1;34m	threadid 140407173687040 -> core 6 - OK[0m[1;34m
[0m[1;34m	threadid 140407165294336 -> core 7 - OK[0m[1;34m
[0m[1;34m	threadid 140407156901632 -> core 8 - OK[0m[1;34m
[0m[1;34m	threadid 140407148508928 -> core 9 - OK[0m[1;34m
[0m[1;34m	threadid 140407140116224 -> core 10 - OK[0m[1;34m
[0m[1;34m	threadid 140407131723520 -> core 11 - OK[0m[1;34m
[0m[1;34m	threadid 140407123330816 -> core 16 - OK[0m[1;34m
[0m[1;34m	threadid 140407114938112 -> core 17 - OK[0m[1;34m
[0m[1;34m	threadid 140407106545408 -> core 18 - OK[0m[1;34m
[0m[1;34m	threadid 140407098152704 -> core 19 - OK[0m[1;34m
[0m[1;34m	threadid 140407089760000 -> core 20 - OK[0m[1;34m
[0m[1;34m	threadid 140407081367296 -> core 21 - OK[0m[1;34m
[0m[1;34m	threadid 140407072974592 -> core 22 - OK[0m[1;34m
[0m[1;34m	threadid 140407064581888 -> core 23 - OK[0m[1;34m
[0m[1;34m	threadid 140407056189184 -> core 24 - OK[0m[1;34m
[0m[1;34m	threadid 140407047796480 -> core 25 - OK[0m[1;34m
[0m[1;34m	threadid 140407039403776 -> core 26 - OK[0m[1;34m
[0m[1;34m	threadid 140407031011072 -> core 27 - OK[0m[1;34m
[0mFLOPs in stencil code:      1.204726e+10
Time spent in stencil code: 0.643616
Performance in GFlop/s:     18.718084
