[1;34m[pthread wrapper] 
[0m[1;34m[pthread wrapper] MAIN -> 0
[0m[1;34m[pthread wrapper] PIN_MASK: [0m[1;34m0->1  [0m[1;34m1->2  [0m[1;34m2->3  [0m[1;34m3->4  [0m[1;34m4->5  [0m[1;34m5->6  [0m[1;34m6->7  [0m[1;34m7->8  [0m[1;34m8->9  [0m[1;34m9->10  [0m[1;34m10->11  [0m[1;34m11->12  [0m[1;34m12->13  [0m[1;34m13->14  [0m[1;34m14->15  [0m[1;34m15->16  [0m[1;34m16->17  [0m[1;34m17->18  [0m[1;34m18->19  [0m[1;34m19->20  [0m[1;34m20->21  [0m[1;34m21->22  [0m[1;34m22->23  [0m[1;34m
[pthread wrapper] SKIP MASK: 0x0
[0m[1;34m	threadid 139671401199360 -> core 1 - OK[0m[1;34m
[0m[1;34m	threadid 139671392806656 -> core 2 - OK[0m[1;34m
[0m[1;34m	threadid 139671384413952 -> core 3 - OK[0m[1;34m
[0m[1;34m	threadid 139671376021248 -> core 4 - OK[0m[1;34m
[0m[1;34m	threadid 139671367628544 -> core 5 - OK[0m[1;34m
[0m[1;34m	threadid 139671359235840 -> core 6 - OK[0m[1;34m
[0m[1;34m	threadid 139671350843136 -> core 7 - OK[0m[1;34m
[0m[1;34m	threadid 139671342450432 -> core 8 - OK[0m[1;34m
[0m[1;34m	threadid 139671334057728 -> core 9 - OK[0m[1;34m
[0m[1;34m	threadid 139671325665024 -> core 10 - OK[0m[1;34m
[0m[1;34m	threadid 139671317272320 -> core 11 - OK[0m[1;34m
[0m[1;34m	threadid 139671308879616 -> core 12 - OK[0m[1;34m
[0m[1;34m	threadid 139671300486912 -> core 13 - OK[0m[1;34m
[0m[1;34m	threadid 139671292094208 -> core 14 - OK[0m[1;34m
[0m[1;34m	threadid 139671283701504 -> core 15 - OK[0m[1;34m
[0m[1;34m	threadid 139671275308800 -> core 16 - OK[0m[1;34m
[0m[1;34m	threadid 139671266916096 -> core 17 - OK[0m[1;34m
[0m[1;34m	threadid 139671258523392 -> core 18 - OK[0m[1;34m
[0m[1;34m	threadid 139671250130688 -> core 19 - OK[0m[1;34m
[0m[1;34m	threadid 139671241737984 -> core 20 - OK[0m[1;34m
[0m[1;34m	threadid 139671233345280 -> core 21 - OK[0m[1;34m
[0m[1;34m	threadid 139671224952576 -> core 22 - OK[0m[1;34m
[0m[1;34m	threadid 139671216559872 -> core 23 - OK[0m[1;34m
[0mFLOPs in stencil code:      1.204726e+10
Time spent in stencil code: 0.642109
Performance in GFlop/s:     18.762009
[1;34m[pthread wrapper] 
[0m[1;34m[pthread wrapper] MAIN -> 0
[0m[1;34m[pthread wrapper] PIN_MASK: [0m[1;34m0->1  [0m[1;34m1->2  [0m[1;34m2->3  [0m[1;34m3->4  [0m[1;34m4->5  [0m[1;34m5->6  [0m[1;34m6->7  [0m[1;34m7->8  [0m[1;34m8->9  [0m[1;34m9->10  [0m[1;34m10->11  [0m[1;34m11->12  [0m[1;34m12->13  [0m[1;34m13->14  [0m[1;34m14->15  [0m[1;34m15->16  [0m[1;34m16->17  [0m[1;34m17->18  [0m[1;34m18->19  [0m[1;34m19->20  [0m[1;34m20->21  [0m[1;34m21->22  [0m[1;34m22->23  [0m[1;34m
[pthread wrapper] SKIP MASK: 0x0
[0m[1;34m	threadid 140127868876544 -> core 1 - OK[0m[1;34m
[0m[1;34m	threadid 140127860483840 -> core 2 - OK[0m[1;34m
[0m[1;34m	threadid 140127852091136 -> core 3 - OK[0m[1;34m
[0m[1;34m	threadid 140127843698432 -> core 4 - OK[0m[1;34m
[0m[1;34m	threadid 140127835305728 -> core 5 - OK[0m[1;34m
[0m[1;34m	threadid 140127826913024 -> core 6 - OK[0m[1;34m
[0m[1;34m	threadid 140127818520320 -> core 7 - OK[0m[1;34m
[0m[1;34m	threadid 140127810127616 -> core 8 - OK[0m[1;34m
[0m[1;34m	threadid 140127801734912 -> core 9 - OK[0m[1;34m
[0m[1;34m	threadid 140127793342208 -> core 10 - OK[0m[1;34m
[0m[1;34m	threadid 140127784949504 -> core 11 - OK[0m[1;34m
[0m[1;34m	threadid 140127776556800 -> core 12 - OK[0m[1;34m
[0m[1;34m	threadid 140127768164096 -> core 13 - OK[0m[1;34m
[0m[1;34m	threadid 140127759771392 -> core 14 - OK[0m[1;34m
[0m[1;34m	threadid 140127751378688 -> core 15 - OK[0m[1;34m
[0m[1;34m	threadid 140127742985984 -> core 16 - OK[0m[1;34m
[0m[1;34m	threadid 140127734593280 -> core 17 - OK[0m[1;34m
[0m[1;34m	threadid 140127726200576 -> core 18 - OK[0m[1;34m
[0m[1;34m	threadid 140127717807872 -> core 19 - OK[0m[1;34m
[0m[1;34m	threadid 140127709415168 -> core 20 - OK[0m[1;34m
[0m[1;34m	threadid 140127701022464 -> core 21 - OK[0m[1;34m
[0m[1;34m	threadid 140127692629760 -> core 22 - OK[0m[1;34m
[0m[1;34m	threadid 140127684237056 -> core 23 - OK[0m[1;34m
[0mFLOPs in stencil code:      1.204726e+10
Time spent in stencil code: 0.642344
Performance in GFlop/s:     18.755149
[1;34m[pthread wrapper] 
[0m[1;34m[pthread wrapper] MAIN -> 0
[0m[1;34m[pthread wrapper] PIN_MASK: [0m[1;34m0->1  [0m[1;34m1->2  [0m[1;34m2->3  [0m[1;34m3->4  [0m[1;34m4->5  [0m[1;34m5->6  [0m[1;34m6->7  [0m[1;34m7->8  [0m[1;34m8->9  [0m[1;34m9->10  [0m[1;34m10->11  [0m[1;34m11->12  [0m[1;34m12->13  [0m[1;34m13->14  [0m[1;34m14->15  [0m[1;34m15->16  [0m[1;34m16->17  [0m[1;34m17->18  [0m[1;34m18->19  [0m[1;34m19->20  [0m[1;34m20->21  [0m[1;34m21->22  [0m[1;34m22->23  [0m[1;34m
[pthread wrapper] SKIP MASK: 0x0
[0m[1;34m	threadid 140278481712896 -> core 1 - OK[0m[1;34m
[0m[1;34m	threadid 140278473320192 -> core 2 - OK[0m[1;34m
[0m[1;34m	threadid 140278464927488 -> core 3 - OK[0m[1;34m
[0m[1;34m	threadid 140278456534784 -> core 4 - OK[0m[1;34m
[0m[1;34m	threadid 140278448142080 -> core 5 - OK[0m[1;34m
[0m[1;34m	threadid 140278439749376 -> core 6 - OK[0m[1;34m
[0m[1;34m	threadid 140278431356672 -> core 7 - OK[0m[1;34m
[0m[1;34m	threadid 140278422963968 -> core 8 - OK[0m[1;34m
[0m[1;34m	threadid 140278414571264 -> core 9 - OK[0m[1;34m
[0m[1;34m	threadid 140278406178560 -> core 10 - OK[0m[1;34m
[0m[1;34m	threadid 140278397785856 -> core 11 - OK[0m[1;34m
[0m[1;34m	threadid 140278389393152 -> core 12 - OK[0m[1;34m
[0m[1;34m	threadid 140278381000448 -> core 13 - OK[0m[1;34m
[0m[1;34m	threadid 140278372607744 -> core 14 - OK[0m[1;34m
[0m[1;34m	threadid 140278364215040 -> core 15 - OK[0m[1;34m
[0m[1;34m	threadid 140278355822336 -> core 16 - OK[0m[1;34m
[0m[1;34m	threadid 140278347429632 -> core 17 - OK[0m[1;34m
[0m[1;34m	threadid 140278339036928 -> core 18 - OK[0m[1;34m
[0m[1;34m	threadid 140278330644224 -> core 19 - OK[0m[1;34m
[0m[1;34m	threadid 140278322251520 -> core 20 - OK[0m[1;34m
[0m[1;34m	threadid 140278313858816 -> core 21 - OK[0m[1;34m
[0m[1;34m	threadid 140278305466112 -> core 22 - OK[0m[1;34m
[0m[1;34m	threadid 140278297073408 -> core 23 - OK[0m[1;34m
[0mFLOPs in stencil code:      1.204726e+10
Time spent in stencil code: 0.640712
Performance in GFlop/s:     18.802921
[1;34m[pthread wrapper] 
[0m[1;34m[pthread wrapper] MAIN -> 0
[0m[1;34m[pthread wrapper] PIN_MASK: [0m[1;34m0->1  [0m[1;34m1->2  [0m[1;34m2->3  [0m[1;34m3->4  [0m[1;34m4->5  [0m[1;34m5->6  [0m[1;34m6->7  [0m[1;34m7->8  [0m[1;34m8->9  [0m[1;34m9->10  [0m[1;34m10->11  [0m[1;34m11->12  [0m[1;34m12->13  [0m[1;34m13->14  [0m[1;34m14->15  [0m[1;34m15->16  [0m[1;34m16->17  [0m[1;34m17->18  [0m[1;34m18->19  [0m[1;34m19->20  [0m[1;34m20->21  [0m[1;34m21->22  [0m[1;34m22->23  [0m[1;34m
[pthread wrapper] SKIP MASK: 0x0
[0m[1;34m	threadid 140144853776128 -> core 1 - OK[0m[1;34m
[0m[1;34m	threadid 140144845383424 -> core 2 - OK[0m[1;34m
[0m[1;34m	threadid 140144836990720 -> core 3 - OK[0m[1;34m
[0m[1;34m	threadid 140144828598016 -> core 4 - OK[0m[1;34m
[0m[1;34m	threadid 140144820205312 -> core 5 - OK[0m[1;34m
[0m[1;34m	threadid 140144811812608 -> core 6 - OK[0m[1;34m
[0m[1;34m	threadid 140144803419904 -> core 7 - OK[0m[1;34m
[0m[1;34m	threadid 140144795027200 -> core 8 - OK[0m[1;34m
[0m[1;34m	threadid 140144786634496 -> core 9 - OK[0m[1;34m
[0m[1;34m	threadid 140144778241792 -> core 10 - OK[0m[1;34m
[0m[1;34m	threadid 140144769849088 -> core 11 - OK[0m[1;34m
[0m[1;34m	threadid 140144761456384 -> core 12 - OK[0m[1;34m
[0m[1;34m	threadid 140144753063680 -> core 13 - OK[0m[1;34m
[0m[1;34m	threadid 140144744670976 -> core 14 - OK[0m[1;34m
[0m[1;34m	threadid 140144736278272 -> core 15 - OK[0m[1;34m
[0m[1;34m	threadid 140144727885568 -> core 16 - OK[0m[1;34m
[0m[1;34m	threadid 140144719492864 -> core 17 - OK[0m[1;34m
[0m[1;34m	threadid 140144711100160 -> core 18 - OK[0m[1;34m
[0m[1;34m	threadid 140144702707456 -> core 19 - OK[0m[1;34m
[0m[1;34m	threadid 140144694314752 -> core 20 - OK[0m[1;34m
[0m[1;34m	threadid 140144685922048 -> core 21 - OK[0m[1;34m
[0m[1;34m	threadid 140144677529344 -> core 22 - OK[0m[1;34m
[0m[1;34m	threadid 140144669136640 -> core 23 - OK[0m[1;34m
[0mFLOPs in stencil code:      1.204726e+10
Time spent in stencil code: 0.641491
Performance in GFlop/s:     18.780090
[1;34m[pthread wrapper] 
[0m[1;34m[pthread wrapper] MAIN -> 0
[0m[1;34m[pthread wrapper] PIN_MASK: [0m[1;34m0->1  [0m[1;34m1->2  [0m[1;34m2->3  [0m[1;34m3->4  [0m[1;34m4->5  [0m[1;34m5->6  [0m[1;34m6->7  [0m[1;34m7->8  [0m[1;34m8->9  [0m[1;34m9->10  [0m[1;34m10->11  [0m[1;34m11->12  [0m[1;34m12->13  [0m[1;34m13->14  [0m[1;34m14->15  [0m[1;34m15->16  [0m[1;34m16->17  [0m[1;34m17->18  [0m[1;34m18->19  [0m[1;34m19->20  [0m[1;34m20->21  [0m[1;34m21->22  [0m[1;34m22->23  [0m[1;34m
[pthread wrapper] SKIP MASK: 0x0
[0m[1;34m	threadid 140214398121728 -> core 1 - OK[0m[1;34m
[0m[1;34m	threadid 140214389729024 -> core 2 - OK[0m[1;34m
[0m[1;34m	threadid 140214381336320 -> core 3 - OK[0m[1;34m
[0m[1;34m	threadid 140214372943616 -> core 4 - OK[0m[1;34m
[0m[1;34m	threadid 140214364550912 -> core 5 - OK[0m[1;34m
[0m[1;34m	threadid 140214356158208 -> core 6 - OK[0m[1;34m
[0m[1;34m	threadid 140214347765504 -> core 7 - OK[0m[1;34m
[0m[1;34m	threadid 140214339372800 -> core 8 - OK[0m[1;34m
[0m[1;34m	threadid 140214330980096 -> core 9 - OK[0m[1;34m
[0m[1;34m	threadid 140214322587392 -> core 10 - OK[0m[1;34m
[0m[1;34m	threadid 140214314194688 -> core 11 - OK[0m[1;34m
[0m[1;34m	threadid 140214305801984 -> core 12 - OK[0m[1;34m
[0m[1;34m	threadid 140214297409280 -> core 13 - OK[0m[1;34m
[0m[1;34m	threadid 140214289016576 -> core 14 - OK[0m[1;34m
[0m[1;34m	threadid 140214280623872 -> core 15 - OK[0m[1;34m
[0m[1;34m	threadid 140214272231168 -> core 16 - OK[0m[1;34m
[0m[1;34m	threadid 140214263838464 -> core 17 - OK[0m[1;34m
[0m[1;34m	threadid 140214255445760 -> core 18 - OK[0m[1;34m
[0m[1;34m	threadid 140214247053056 -> core 19 - OK[0m[1;34m
[0m[1;34m	threadid 140214238660352 -> core 20 - OK[0m[1;34m
[0m[1;34m	threadid 140214230267648 -> core 21 - OK[0m[1;34m
[0m[1;34m	threadid 140214221874944 -> core 22 - OK[0m[1;34m
[0m[1;34m	threadid 140214213482240 -> core 23 - OK[0m[1;34m
[0mFLOPs in stencil code:      1.204726e+10
Time spent in stencil code: 0.642190
Performance in GFlop/s:     18.759647
