[1;34m[pthread wrapper] 
[0m[1;34m[pthread wrapper] MAIN -> 0
[0m[1;34m[pthread wrapper] PIN_MASK: [0m[1;34m0->1  [0m[1;34m1->2  [0m[1;34m2->3  [0m[1;34m3->16  [0m[1;34m4->17  [0m[1;34m5->18  [0m[1;34m6->19  [0m[1;34m
[pthread wrapper] SKIP MASK: 0x0
[0m[1;34m	threadid 139850589501184 -> core 1 - OK[0m[1;34m
[0m[1;34m	threadid 139850581108480 -> core 2 - OK[0m[1;34m
[0m[1;34m	threadid 139850572715776 -> core 3 - OK[0m[1;34m
[0m[1;34m	threadid 139850564323072 -> core 16 - OK[0m[1;34m
[0m[1;34m	threadid 139850555930368 -> core 17 - OK[0m[1;34m
[0m[1;34m	threadid 139850547537664 -> core 18 - OK[0m[1;34m
[0m[1;34m	threadid 139850539144960 -> core 19 - OK[0m[1;34m
[0mFLOPs in stencil code:      1.204726e+10
Time spent in stencil code: 1.087224
Performance in GFlop/s:     11.080750
[1;34m[pthread wrapper] 
[0m[1;34m[pthread wrapper] MAIN -> 0
[0m[1;34m[pthread wrapper] PIN_MASK: [0m[1;34m0->1  [0m[1;34m1->2  [0m[1;34m2->3  [0m[1;34m3->16  [0m[1;34m4->17  [0m[1;34m5->18  [0m[1;34m6->19  [0m[1;34m
[pthread wrapper] SKIP MASK: 0x0
[0m[1;34m	threadid 139866775222016 -> core 1 - OK[0m[1;34m
[0m[1;34m	threadid 139866766829312 -> core 2 - OK[0m[1;34m
[0m[1;34m	threadid 139866758436608 -> core 3 - OK[0m[1;34m
[0m[1;34m	threadid 139866750043904 -> core 16 - OK[0m[1;34m
[0m[1;34m	threadid 139866741651200 -> core 17 - OK[0m[1;34m
[0m[1;34m	threadid 139866733258496 -> core 18 - OK[0m[1;34m
[0m[1;34m	threadid 139866724865792 -> core 19 - OK[0m[1;34m
[0mFLOPs in stencil code:      1.204726e+10
Time spent in stencil code: 1.085113
Performance in GFlop/s:     11.102306
[1;34m[pthread wrapper] 
[0m[1;34m[pthread wrapper] MAIN -> 0
[0m[1;34m[pthread wrapper] PIN_MASK: [0m[1;34m0->1  [0m[1;34m1->2  [0m[1;34m2->3  [0m[1;34m3->16  [0m[1;34m4->17  [0m[1;34m5->18  [0m[1;34m6->19  [0m[1;34m
[pthread wrapper] SKIP MASK: 0x0
[0m[1;34m	threadid 139640888489728 -> core 1 - OK[0m[1;34m
[0m[1;34m	threadid 139640880097024 -> core 2 - OK[0m[1;34m
[0m[1;34m	threadid 139640871704320 -> core 3 - OK[0m[1;34m
[0m[1;34m	threadid 139640863311616 -> core 16 - OK[0m[1;34m
[0m[1;34m	threadid 139640854918912 -> core 17 - OK[0m[1;34m
[0m[1;34m	threadid 139640846526208 -> core 18 - OK[0m[1;34m
[0m[1;34m	threadid 139640838133504 -> core 19 - OK[0m[1;34m
[0mFLOPs in stencil code:      1.204726e+10
Time spent in stencil code: 1.086983
Performance in GFlop/s:     11.083207
[1;34m[pthread wrapper] 
[0m[1;34m[pthread wrapper] MAIN -> 0
[0m[1;34m[pthread wrapper] PIN_MASK: [0m[1;34m0->1  [0m[1;34m1->2  [0m[1;34m2->3  [0m[1;34m3->16  [0m[1;34m4->17  [0m[1;34m5->18  [0m[1;34m6->19  [0m[1;34m
[pthread wrapper] SKIP MASK: 0x0
[0m[1;34m	threadid 139981364098816 -> core 1 - OK[0m[1;34m
[0m[1;34m	threadid 139981355706112 -> core 2 - OK[0m[1;34m
[0m[1;34m	threadid 139981347313408 -> core 3 - OK[0m[1;34m
[0m[1;34m	threadid 139981338920704 -> core 16 - OK[0m[1;34m
[0m[1;34m	threadid 139981330528000 -> core 17 - OK[0m[1;34m
[0m[1;34m	threadid 139981322135296 -> core 18 - OK[0m[1;34m
[0m[1;34m	threadid 139981313742592 -> core 19 - OK[0m[1;34m
[0mFLOPs in stencil code:      1.204726e+10
Time spent in stencil code: 1.087349
Performance in GFlop/s:     11.079477
[1;34m[pthread wrapper] 
[0m[1;34m[pthread wrapper] MAIN -> 0
[0m[1;34m[pthread wrapper] PIN_MASK: [0m[1;34m0->1  [0m[1;34m1->2  [0m[1;34m2->3  [0m[1;34m3->16  [0m[1;34m4->17  [0m[1;34m5->18  [0m[1;34m6->19  [0m[1;34m
[pthread wrapper] SKIP MASK: 0x0
[0m[1;34m	threadid 140117019784960 -> core 1 - OK[0m[1;34m
[0m[1;34m	threadid 140117011392256 -> core 2 - OK[0m[1;34m
[0m[1;34m	threadid 140117002999552 -> core 3 - OK[0m[1;34m
[0m[1;34m	threadid 140116994606848 -> core 16 - OK[0m[1;34m
[0m[1;34m	threadid 140116986214144 -> core 17 - OK[0m[1;34m
[0m[1;34m	threadid 140116977821440 -> core 18 - OK[0m[1;34m
[0m[1;34m	threadid 140116969428736 -> core 19 - OK[0m[1;34m
[0mFLOPs in stencil code:      1.204726e+10
Time spent in stencil code: 1.086872
Performance in GFlop/s:     11.084340
