[1;34m[pthread wrapper] 
[0m[1;34m[pthread wrapper] MAIN -> 0
[0m[1;34m[pthread wrapper] PIN_MASK: [0m[1;34m0->1  [0m[1;34m1->2  [0m[1;34m2->3  [0m[1;34m3->4  [0m[1;34m4->5  [0m[1;34m5->6  [0m[1;34m6->7  [0m[1;34m7->8  [0m[1;34m8->9  [0m[1;34m9->10  [0m[1;34m10->11  [0m[1;34m11->12  [0m[1;34m12->13  [0m[1;34m13->14  [0m[1;34m14->15  [0m[1;34m15->16  [0m[1;34m16->17  [0m[1;34m17->18  [0m[1;34m18->19  [0m[1;34m19->20  [0m[1;34m20->21  [0m[1;34m21->22  [0m[1;34m22->23  [0m[1;34m23->24  [0m[1;34m24->25  [0m[1;34m25->26  [0m[1;34m26->27  [0m[1;34m27->28  [0m[1;34m28->29  [0m[1;34m29->30  [0m[1;34m30->31  [0m[1;34m
[pthread wrapper] SKIP MASK: 0x0
[0m[1;34m	threadid 140319132645120 -> core 1 - OK[0m[1;34m
[0m[1;34m	threadid 140319124252416 -> core 2 - OK[0m[1;34m
[0m[1;34m	threadid 140319115859712 -> core 3 - OK[0m[1;34m
[0m[1;34m	threadid 140319107467008 -> core 4 - OK[0m[1;34m
[0m[1;34m	threadid 140319099074304 -> core 5 - OK[0m[1;34m
[0m[1;34m	threadid 140319090681600 -> core 6 - OK[0m[1;34m
[0m[1;34m	threadid 140319082288896 -> core 7 - OK[0m[1;34m
[0m[1;34m	threadid 140319073896192 -> core 8 - OK[0m[1;34m
[0m[1;34m	threadid 140319065503488 -> core 9 - OK[0m[1;34m
[0m[1;34m	threadid 140319057110784 -> core 10 - OK[0m[1;34m
[0m[1;34m	threadid 140319048718080 -> core 11 - OK[0m[1;34m
[0m[1;34m	threadid 140319040325376 -> core 12 - OK[0m[1;34m
[0m[1;34m	threadid 140319031932672 -> core 13 - OK[0m[1;34m
[0m[1;34m	threadid 140319023539968 -> core 14 - OK[0m[1;34m
[0m[1;34m	threadid 140319015147264 -> core 15 - OK[0m[1;34m
[0m[1;34m	threadid 140319006754560 -> core 16 - OK[0m[1;34m
[0m[1;34m	threadid 140318998361856 -> core 17 - OK[0m[1;34m
[0m[1;34m	threadid 140318989969152 -> core 18 - OK[0m[1;34m
[0m[1;34m	threadid 140318981576448 -> core 19 - OK[0m[1;34m
[0m[1;34m	threadid 140318973183744 -> core 20 - OK[0m[1;34m
[0m[1;34m	threadid 140318964791040 -> core 21 - OK[0m[1;34m
[0m[1;34m	threadid 140318956398336 -> core 22 - OK[0m[1;34m
[0m[1;34m	threadid 140318948005632 -> core 23 - OK[0m[1;34m
[0m[1;34m	threadid 140318939612928 -> core 24 - OK[0m[1;34m
[0m[1;34m	threadid 140318931220224 -> core 25 - OK[0m[1;34m
[0m[1;34m	threadid 140318922827520 -> core 26 - OK[0m[1;34m
[0m[1;34m	threadid 140318914434816 -> core 27 - OK[0m[1;34m
[0m[1;34m	threadid 140318906042112 -> core 28 - OK[0m[1;34m
[0m[1;34m	threadid 140318897649408 -> core 29 - OK[0m[1;34m
[0m[1;34m	threadid 140318889256704 -> core 30 - OK[0m[1;34m
[0m[1;34m	threadid 140318880864000 -> core 31 - OK[0m[1;34m
[0mFLOPs in stencil code:      1.204726e+10
Time spent in stencil code: 0.813903
Performance in GFlop/s:     14.801837
[1;34m[pthread wrapper] 
[0m[1;34m[pthread wrapper] MAIN -> 0
[0m[1;34m[pthread wrapper] PIN_MASK: [0m[1;34m0->1  [0m[1;34m1->2  [0m[1;34m2->3  [0m[1;34m3->4  [0m[1;34m4->5  [0m[1;34m5->6  [0m[1;34m6->7  [0m[1;34m7->8  [0m[1;34m8->9  [0m[1;34m9->10  [0m[1;34m10->11  [0m[1;34m11->12  [0m[1;34m12->13  [0m[1;34m13->14  [0m[1;34m14->15  [0m[1;34m15->16  [0m[1;34m16->17  [0m[1;34m17->18  [0m[1;34m18->19  [0m[1;34m19->20  [0m[1;34m20->21  [0m[1;34m21->22  [0m[1;34m22->23  [0m[1;34m23->24  [0m[1;34m24->25  [0m[1;34m25->26  [0m[1;34m26->27  [0m[1;34m27->28  [0m[1;34m28->29  [0m[1;34m29->30  [0m[1;34m30->31  [0m[1;34m
[pthread wrapper] SKIP MASK: 0x0
[0m[1;34m	threadid 140092405544704 -> core 1 - OK[0m[1;34m
[0m[1;34m	threadid 140092397152000 -> core 2 - OK[0m[1;34m
[0m[1;34m	threadid 140092388759296 -> core 3 - OK[0m[1;34m
[0m[1;34m	threadid 140092380366592 -> core 4 - OK[0m[1;34m
[0m[1;34m	threadid 140092371973888 -> core 5 - OK[0m[1;34m
[0m[1;34m	threadid 140092363581184 -> core 6 - OK[0m[1;34m
[0m[1;34m	threadid 140092355188480 -> core 7 - OK[0m[1;34m
[0m[1;34m	threadid 140092346795776 -> core 8 - OK[0m[1;34m
[0m[1;34m	threadid 140092338403072 -> core 9 - OK[0m[1;34m
[0m[1;34m	threadid 140092330010368 -> core 10 - OK[0m[1;34m
[0m[1;34m	threadid 140092321617664 -> core 11 - OK[0m[1;34m
[0m[1;34m	threadid 140092313224960 -> core 12 - OK[0m[1;34m
[0m[1;34m	threadid 140092304832256 -> core 13 - OK[0m[1;34m
[0m[1;34m	threadid 140092296439552 -> core 14 - OK[0m[1;34m
[0m[1;34m	threadid 140092288046848 -> core 15 - OK[0m[1;34m
[0m[1;34m	threadid 140092279654144 -> core 16 - OK[0m[1;34m
[0m[1;34m	threadid 140092271261440 -> core 17 - OK[0m[1;34m
[0m[1;34m	threadid 140092262868736 -> core 18 - OK[0m[1;34m
[0m[1;34m	threadid 140092254476032 -> core 19 - OK[0m[1;34m
[0m[1;34m	threadid 140092246083328 -> core 20 - OK[0m[1;34m
[0m[1;34m	threadid 140092237690624 -> core 21 - OK[0m[1;34m
[0m[1;34m	threadid 140092229297920 -> core 22 - OK[0m[1;34m
[0m[1;34m	threadid 140092220905216 -> core 23 - OK[0m[1;34m
[0m[1;34m	threadid 140092212512512 -> core 24 - OK[0m[1;34m
[0m[1;34m	threadid 140092204119808 -> core 25 - OK[0m[1;34m
[0m[1;34m	threadid 140092195727104 -> core 26 - OK[0m[1;34m
[0m[1;34m	threadid 140092187334400 -> core 27 - OK[0m[1;34m
[0m[1;34m	threadid 140092178941696 -> core 28 - OK[0m[1;34m
[0m[1;34m	threadid 140092170548992 -> core 29 - OK[0m[1;34m
[0m[1;34m	threadid 140092162156288 -> core 30 - OK[0m[1;34m
[0m[1;34m	threadid 140092153763584 -> core 31 - OK[0m[1;34m
[0mFLOPs in stencil code:      1.204726e+10
Time spent in stencil code: 0.645389
Performance in GFlop/s:     18.666659
[1;34m[pthread wrapper] 
[0m[1;34m[pthread wrapper] MAIN -> 0
[0m[1;34m[pthread wrapper] PIN_MASK: [0m[1;34m0->1  [0m[1;34m1->2  [0m[1;34m2->3  [0m[1;34m3->4  [0m[1;34m4->5  [0m[1;34m5->6  [0m[1;34m6->7  [0m[1;34m7->8  [0m[1;34m8->9  [0m[1;34m9->10  [0m[1;34m10->11  [0m[1;34m11->12  [0m[1;34m12->13  [0m[1;34m13->14  [0m[1;34m14->15  [0m[1;34m15->16  [0m[1;34m16->17  [0m[1;34m17->18  [0m[1;34m18->19  [0m[1;34m19->20  [0m[1;34m20->21  [0m[1;34m21->22  [0m[1;34m22->23  [0m[1;34m23->24  [0m[1;34m24->25  [0m[1;34m25->26  [0m[1;34m26->27  [0m[1;34m27->28  [0m[1;34m28->29  [0m[1;34m29->30  [0m[1;34m30->31  [0m[1;34m
[pthread wrapper] SKIP MASK: 0x0
[0m[1;34m	threadid 139724999161600 -> core 1 - OK[0m[1;34m
[0m[1;34m	threadid 139724990768896 -> core 2 - OK[0m[1;34m
[0m[1;34m	threadid 139724982376192 -> core 3 - OK[0m[1;34m
[0m[1;34m	threadid 139724973983488 -> core 4 - OK[0m[1;34m
[0m[1;34m	threadid 139724965590784 -> core 5 - OK[0m[1;34m
[0m[1;34m	threadid 139724957198080 -> core 6 - OK[0m[1;34m
[0m[1;34m	threadid 139724948805376 -> core 7 - OK[0m[1;34m
[0m[1;34m	threadid 139724940412672 -> core 8 - OK[0m[1;34m
[0m[1;34m	threadid 139724932019968 -> core 9 - OK[0m[1;34m
[0m[1;34m	threadid 139724923627264 -> core 10 - OK[0m[1;34m
[0m[1;34m	threadid 139724915234560 -> core 11 - OK[0m[1;34m
[0m[1;34m	threadid 139724906841856 -> core 12 - OK[0m[1;34m
[0m[1;34m	threadid 139724898449152 -> core 13 - OK[0m[1;34m
[0m[1;34m	threadid 139724890056448 -> core 14 - OK[0m[1;34m
[0m[1;34m	threadid 139724881663744 -> core 15 - OK[0m[1;34m
[0m[1;34m	threadid 139724873271040 -> core 16 - OK[0m[1;34m
[0m[1;34m	threadid 139724864878336 -> core 17 - OK[0m[1;34m
[0m[1;34m	threadid 139724856485632 -> core 18 - OK[0m[1;34m
[0m[1;34m	threadid 139724848092928 -> core 19 - OK[0m[1;34m
[0m[1;34m	threadid 139724839700224 -> core 20 - OK[0m[1;34m
[0m[1;34m	threadid 139724831307520 -> core 21 - OK[0m[1;34m
[0m[1;34m	threadid 139724822914816 -> core 22 - OK[0m[1;34m
[0m[1;34m	threadid 139724814522112 -> core 23 - OK[0m[1;34m
[0m[1;34m	threadid 139724806129408 -> core 24 - OK[0m[1;34m
[0m[1;34m	threadid 139724797736704 -> core 25 - OK[0m[1;34m
[0m[1;34m	threadid 139724789344000 -> core 26 - OK[0m[1;34m
[0m[1;34m	threadid 139724780951296 -> core 27 - OK[0m[1;34m
[0m[1;34m	threadid 139724772558592 -> core 28 - OK[0m[1;34m
[0m[1;34m	threadid 139724764165888 -> core 29 - OK[0m[1;34m
[0m[1;34m	threadid 139724755773184 -> core 30 - OK[0m[1;34m
[0m[1;34m	threadid 139724747380480 -> core 31 - OK[0m[1;34m
[0mFLOPs in stencil code:      1.204726e+10
Time spent in stencil code: 0.646523
Performance in GFlop/s:     18.633920
[1;34m[pthread wrapper] 
[0m[1;34m[pthread wrapper] MAIN -> 0
[0m[1;34m[pthread wrapper] PIN_MASK: [0m[1;34m0->1  [0m[1;34m1->2  [0m[1;34m2->3  [0m[1;34m3->4  [0m[1;34m4->5  [0m[1;34m5->6  [0m[1;34m6->7  [0m[1;34m7->8  [0m[1;34m8->9  [0m[1;34m9->10  [0m[1;34m10->11  [0m[1;34m11->12  [0m[1;34m12->13  [0m[1;34m13->14  [0m[1;34m14->15  [0m[1;34m15->16  [0m[1;34m16->17  [0m[1;34m17->18  [0m[1;34m18->19  [0m[1;34m19->20  [0m[1;34m20->21  [0m[1;34m21->22  [0m[1;34m22->23  [0m[1;34m23->24  [0m[1;34m24->25  [0m[1;34m25->26  [0m[1;34m26->27  [0m[1;34m27->28  [0m[1;34m28->29  [0m[1;34m29->30  [0m[1;34m30->31  [0m[1;34m
[pthread wrapper] SKIP MASK: 0x0
[0m[1;34m	threadid 140654305539840 -> core 1 - OK[0m[1;34m
[0m[1;34m	threadid 140654297147136 -> core 2 - OK[0m[1;34m
[0m[1;34m	threadid 140654288754432 -> core 3 - OK[0m[1;34m
[0m[1;34m	threadid 140654280361728 -> core 4 - OK[0m[1;34m
[0m[1;34m	threadid 140654271969024 -> core 5 - OK[0m[1;34m
[0m[1;34m	threadid 140654263576320 -> core 6 - OK[0m[1;34m
[0m[1;34m	threadid 140654255183616 -> core 7 - OK[0m[1;34m
[0m[1;34m	threadid 140654246790912 -> core 8 - OK[0m[1;34m
[0m[1;34m	threadid 140654238398208 -> core 9 - OK[0m[1;34m
[0m[1;34m	threadid 140654230005504 -> core 10 - OK[0m[1;34m
[0m[1;34m	threadid 140654221612800 -> core 11 - OK[0m[1;34m
[0m[1;34m	threadid 140654213220096 -> core 12 - OK[0m[1;34m
[0m[1;34m	threadid 140654204827392 -> core 13 - OK[0m[1;34m
[0m[1;34m	threadid 140654196434688 -> core 14 - OK[0m[1;34m
[0m[1;34m	threadid 140654188041984 -> core 15 - OK[0m[1;34m
[0m[1;34m	threadid 140654179649280 -> core 16 - OK[0m[1;34m
[0m[1;34m	threadid 140654171256576 -> core 17 - OK[0m[1;34m
[0m[1;34m	threadid 140654162863872 -> core 18 - OK[0m[1;34m
[0m[1;34m	threadid 140654154471168 -> core 19 - OK[0m[1;34m
[0m[1;34m	threadid 140654146078464 -> core 20 - OK[0m[1;34m
[0m[1;34m	threadid 140654137685760 -> core 21 - OK[0m[1;34m
[0m[1;34m	threadid 140654129293056 -> core 22 - OK[0m[1;34m
[0m[1;34m	threadid 140654120900352 -> core 23 - OK[0m[1;34m
[0m[1;34m	threadid 140654112507648 -> core 24 - OK[0m[1;34m
[0m[1;34m	threadid 140654104114944 -> core 25 - OK[0m[1;34m
[0m[1;34m	threadid 140654095722240 -> core 26 - OK[0m[1;34m
[0m[1;34m	threadid 140654087329536 -> core 27 - OK[0m[1;34m
[0m[1;34m	threadid 140654078936832 -> core 28 - OK[0m[1;34m
[0m[1;34m	threadid 140654070544128 -> core 29 - OK[0m[1;34m
[0m[1;34m	threadid 140654062151424 -> core 30 - OK[0m[1;34m
[0m[1;34m	threadid 140654053758720 -> core 31 - OK[0m[1;34m
[0mFLOPs in stencil code:      1.204726e+10
Time spent in stencil code: 0.645870
Performance in GFlop/s:     18.652760
[1;34m[pthread wrapper] 
[0m[1;34m[pthread wrapper] MAIN -> 0
[0m[1;34m[pthread wrapper] PIN_MASK: [0m[1;34m0->1  [0m[1;34m1->2  [0m[1;34m2->3  [0m[1;34m3->4  [0m[1;34m4->5  [0m[1;34m5->6  [0m[1;34m6->7  [0m[1;34m7->8  [0m[1;34m8->9  [0m[1;34m9->10  [0m[1;34m10->11  [0m[1;34m11->12  [0m[1;34m12->13  [0m[1;34m13->14  [0m[1;34m14->15  [0m[1;34m15->16  [0m[1;34m16->17  [0m[1;34m17->18  [0m[1;34m18->19  [0m[1;34m19->20  [0m[1;34m20->21  [0m[1;34m21->22  [0m[1;34m22->23  [0m[1;34m23->24  [0m[1;34m24->25  [0m[1;34m25->26  [0m[1;34m26->27  [0m[1;34m27->28  [0m[1;34m28->29  [0m[1;34m29->30  [0m[1;34m30->31  [0m[1;34m
[pthread wrapper] SKIP MASK: 0x0
[0m[1;34m	threadid 139794373244672 -> core 1 - OK[0m[1;34m
[0m[1;34m	threadid 139794364851968 -> core 2 - OK[0m[1;34m
[0m[1;34m	threadid 139794356459264 -> core 3 - OK[0m[1;34m
[0m[1;34m	threadid 139794348066560 -> core 4 - OK[0m[1;34m
[0m[1;34m	threadid 139794339673856 -> core 5 - OK[0m[1;34m
[0m[1;34m	threadid 139794331281152 -> core 6 - OK[0m[1;34m
[0m[1;34m	threadid 139794322888448 -> core 7 - OK[0m[1;34m
[0m[1;34m	threadid 139794314495744 -> core 8 - OK[0m[1;34m
[0m[1;34m	threadid 139794306103040 -> core 9 - OK[0m[1;34m
[0m[1;34m	threadid 139794297710336 -> core 10 - OK[0m[1;34m
[0m[1;34m	threadid 139794289317632 -> core 11 - OK[0m[1;34m
[0m[1;34m	threadid 139794280924928 -> core 12 - OK[0m[1;34m
[0m[1;34m	threadid 139794272532224 -> core 13 - OK[0m[1;34m
[0m[1;34m	threadid 139794264139520 -> core 14 - OK[0m[1;34m
[0m[1;34m	threadid 139794255746816 -> core 15 - OK[0m[1;34m
[0m[1;34m	threadid 139794247354112 -> core 16 - OK[0m[1;34m
[0m[1;34m	threadid 139794238961408 -> core 17 - OK[0m[1;34m
[0m[1;34m	threadid 139794230568704 -> core 18 - OK[0m[1;34m
[0m[1;34m	threadid 139794222176000 -> core 19 - OK[0m[1;34m
[0m[1;34m	threadid 139794213783296 -> core 20 - OK[0m[1;34m
[0m[1;34m	threadid 139794205390592 -> core 21 - OK[0m[1;34m
[0m[1;34m	threadid 139794196997888 -> core 22 - OK[0m[1;34m
[0m[1;34m	threadid 139794188605184 -> core 23 - OK[0m[1;34m
[0m[1;34m	threadid 139794180212480 -> core 24 - OK[0m[1;34m
[0m[1;34m	threadid 139794171819776 -> core 25 - OK[0m[1;34m
[0m[1;34m	threadid 139794163427072 -> core 26 - OK[0m[1;34m
[0m[1;34m	threadid 139794155034368 -> core 27 - OK[0m[1;34m
[0m[1;34m	threadid 139794146641664 -> core 28 - OK[0m[1;34m
[0m[1;34m	threadid 139794138248960 -> core 29 - OK[0m[1;34m
[0m[1;34m	threadid 139794129856256 -> core 30 - OK[0m[1;34m
[0m[1;34m	threadid 139794121463552 -> core 31 - OK[0m[1;34m
[0mFLOPs in stencil code:      1.204726e+10
Time spent in stencil code: 0.653487
Performance in GFlop/s:     18.435345
