[1;34m[pthread wrapper] 
[0m[1;34m[pthread wrapper] MAIN -> 0
[0m[1;34m[pthread wrapper] PIN_MASK: [0m[1;34m0->1  [0m[1;34m1->2  [0m[1;34m2->3  [0m[1;34m3->4  [0m[1;34m4->5  [0m[1;34m5->6  [0m[1;34m6->7  [0m[1;34m7->8  [0m[1;34m8->9  [0m[1;34m9->10  [0m[1;34m10->11  [0m[1;34m
[pthread wrapper] SKIP MASK: 0x0
[0m[1;34m	threadid 140497062295296 -> core 1 - OK[0m[1;34m
[0m[1;34m	threadid 140497053902592 -> core 2 - OK[0m[1;34m
[0m[1;34m	threadid 140497045509888 -> core 3 - OK[0m[1;34m
[0m[1;34m	threadid 140497037117184 -> core 4 - OK[0m[1;34m
[0m[1;34m	threadid 140497028724480 -> core 5 - OK[0m[1;34m
[0m[1;34m	threadid 140497020331776 -> core 6 - OK[0m[1;34m
[0m[1;34m	threadid 140497011939072 -> core 7 - OK[0m[1;34m
[0m[1;34m	threadid 140497003546368 -> core 8 - OK[0m[1;34m
[0m[1;34m	threadid 140496995153664 -> core 9 - OK[0m[1;34m
[0m[1;34m	threadid 140496986760960 -> core 10 - OK[0m[1;34m
[0m[1;34m	threadid 140496978368256 -> core 11 - OK[0m[1;34m
[0mFLOPs in stencil code:      1.204726e+10
Time spent in stencil code: 0.933412
Performance in GFlop/s:     12.906690
[1;34m[pthread wrapper] 
[0m[1;34m[pthread wrapper] MAIN -> 0
[0m[1;34m[pthread wrapper] PIN_MASK: [0m[1;34m0->1  [0m[1;34m1->2  [0m[1;34m2->3  [0m[1;34m3->4  [0m[1;34m4->5  [0m[1;34m5->6  [0m[1;34m6->7  [0m[1;34m7->8  [0m[1;34m8->9  [0m[1;34m9->10  [0m[1;34m10->11  [0m[1;34m
[pthread wrapper] SKIP MASK: 0x0
[0m[1;34m	threadid 140425687168768 -> core 1 - OK[0m[1;34m
[0m[1;34m	threadid 140425678776064 -> core 2 - OK[0m[1;34m
[0m[1;34m	threadid 140425670383360 -> core 3 - OK[0m[1;34m
[0m[1;34m	threadid 140425661990656 -> core 4 - OK[0m[1;34m
[0m[1;34m	threadid 140425653597952 -> core 5 - OK[0m[1;34m
[0m[1;34m	threadid 140425645205248 -> core 6 - OK[0m[1;34m
[0m[1;34m	threadid 140425636812544 -> core 7 - OK[0m[1;34m
[0m[1;34m	threadid 140425628419840 -> core 8 - OK[0m[1;34m
[0m[1;34m	threadid 140425620027136 -> core 9 - OK[0m[1;34m
[0m[1;34m	threadid 140425611634432 -> core 10 - OK[0m[1;34m
[0m[1;34m	threadid 140425603241728 -> core 11 - OK[0m[1;34m
[0mFLOPs in stencil code:      1.204726e+10
Time spent in stencil code: 0.936334
Performance in GFlop/s:     12.866412
[1;34m[pthread wrapper] 
[0m[1;34m[pthread wrapper] MAIN -> 0
[0m[1;34m[pthread wrapper] PIN_MASK: [0m[1;34m0->1  [0m[1;34m1->2  [0m[1;34m2->3  [0m[1;34m3->4  [0m[1;34m4->5  [0m[1;34m5->6  [0m[1;34m6->7  [0m[1;34m7->8  [0m[1;34m8->9  [0m[1;34m9->10  [0m[1;34m10->11  [0m[1;34m
[pthread wrapper] SKIP MASK: 0x0
[0m[1;34m	threadid 140486850377472 -> core 1 - OK[0m[1;34m
[0m[1;34m	threadid 140486841984768 -> core 2 - OK[0m[1;34m
[0m[1;34m	threadid 140486833592064 -> core 3 - OK[0m[1;34m
[0m[1;34m	threadid 140486825199360 -> core 4 - OK[0m[1;34m
[0m[1;34m	threadid 140486816806656 -> core 5 - OK[0m[1;34m
[0m[1;34m	threadid 140486808413952 -> core 6 - OK[0m[1;34m
[0m[1;34m	threadid 140486800021248 -> core 7 - OK[0m[1;34m
[0m[1;34m	threadid 140486791628544 -> core 8 - OK[0m[1;34m
[0m[1;34m	threadid 140486783235840 -> core 9 - OK[0m[1;34m
[0m[1;34m	threadid 140486774843136 -> core 10 - OK[0m[1;34m
[0m[1;34m	threadid 140486766450432 -> core 11 - OK[0m[1;34m
[0mFLOPs in stencil code:      1.204726e+10
Time spent in stencil code: 0.936616
Performance in GFlop/s:     12.862534
[1;34m[pthread wrapper] 
[0m[1;34m[pthread wrapper] MAIN -> 0
[0m[1;34m[pthread wrapper] PIN_MASK: [0m[1;34m0->1  [0m[1;34m1->2  [0m[1;34m2->3  [0m[1;34m3->4  [0m[1;34m4->5  [0m[1;34m5->6  [0m[1;34m6->7  [0m[1;34m7->8  [0m[1;34m8->9  [0m[1;34m9->10  [0m[1;34m10->11  [0m[1;34m
[pthread wrapper] SKIP MASK: 0x0
[0m[1;34m	threadid 139874255271680 -> core 1 - OK[0m[1;34m
[0m[1;34m	threadid 139874246878976 -> core 2 - OK[0m[1;34m
[0m[1;34m	threadid 139874238486272 -> core 3 - OK[0m[1;34m
[0m[1;34m	threadid 139874230093568 -> core 4 - OK[0m[1;34m
[0m[1;34m	threadid 139874221700864 -> core 5 - OK[0m[1;34m
[0m[1;34m	threadid 139874213308160 -> core 6 - OK[0m[1;34m
[0m[1;34m	threadid 139874204915456 -> core 7 - OK[0m[1;34m
[0m[1;34m	threadid 139874196522752 -> core 8 - OK[0m[1;34m
[0m[1;34m	threadid 139874188130048 -> core 9 - OK[0m[1;34m
[0m[1;34m	threadid 139874179737344 -> core 10 - OK[0m[1;34m
[0m[1;34m	threadid 139874171344640 -> core 11 - OK[0m[1;34m
[0mFLOPs in stencil code:      1.204726e+10
Time spent in stencil code: 0.936650
Performance in GFlop/s:     12.862069
[1;34m[pthread wrapper] 
[0m[1;34m[pthread wrapper] MAIN -> 0
[0m[1;34m[pthread wrapper] PIN_MASK: [0m[1;34m0->1  [0m[1;34m1->2  [0m[1;34m2->3  [0m[1;34m3->4  [0m[1;34m4->5  [0m[1;34m5->6  [0m[1;34m6->7  [0m[1;34m7->8  [0m[1;34m8->9  [0m[1;34m9->10  [0m[1;34m10->11  [0m[1;34m
[pthread wrapper] SKIP MASK: 0x0
[0m[1;34m	threadid 140214714332928 -> core 1 - OK[0m[1;34m
[0m[1;34m	threadid 140214705940224 -> core 2 - OK[0m[1;34m
[0m[1;34m	threadid 140214697547520 -> core 3 - OK[0m[1;34m
[0m[1;34m	threadid 140214689154816 -> core 4 - OK[0m[1;34m
[0m[1;34m	threadid 140214680762112 -> core 5 - OK[0m[1;34m
[0m[1;34m	threadid 140214672369408 -> core 6 - OK[0m[1;34m
[0m[1;34m	threadid 140214663976704 -> core 7 - OK[0m[1;34m
[0m[1;34m	threadid 140214655584000 -> core 8 - OK[0m[1;34m
[0m[1;34m	threadid 140214647191296 -> core 9 - OK[0m[1;34m
[0m[1;34m	threadid 140214638798592 -> core 10 - OK[0m[1;34m
[0m[1;34m	threadid 140214630405888 -> core 11 - OK[0m[1;34m
[0mFLOPs in stencil code:      1.204726e+10
Time spent in stencil code: 0.934332
Performance in GFlop/s:     12.893978
