[1;34m[pthread wrapper] 
[0m[1;34m[pthread wrapper] MAIN -> 0
[0m[1;34m[pthread wrapper] PIN_MASK: [0m[1;34m0->1  [0m[1;34m1->2  [0m[1;34m2->3  [0m[1;34m3->4  [0m[1;34m4->5  [0m[1;34m5->6  [0m[1;34m6->7  [0m[1;34m
[pthread wrapper] SKIP MASK: 0x0
[0m[1;34m	threadid 139925386360576 -> core 1 - OK[0m[1;34m
[0m[1;34m	threadid 139925377967872 -> core 2 - OK[0m[1;34m
[0m[1;34m	threadid 139925369575168 -> core 3 - OK[0m[1;34m
[0m[1;34m	threadid 139925361182464 -> core 4 - OK[0m[1;34m
[0m[1;34m	threadid 139925352789760 -> core 5 - OK[0m[1;34m
[0m[1;34m	threadid 139925344397056 -> core 6 - OK[0m[1;34m
[0m[1;34m	threadid 139925336004352 -> core 7 - OK[0m[1;34m
[0mFLOPs in stencil code:      1.204726e+10
Time spent in stencil code: 1.132659
Performance in GFlop/s:     10.636262
[1;34m[pthread wrapper] 
[0m[1;34m[pthread wrapper] MAIN -> 0
[0m[1;34m[pthread wrapper] PIN_MASK: [0m[1;34m0->1  [0m[1;34m1->2  [0m[1;34m2->3  [0m[1;34m3->4  [0m[1;34m4->5  [0m[1;34m5->6  [0m[1;34m6->7  [0m[1;34m
[pthread wrapper] SKIP MASK: 0x0
[0m[1;34m	threadid 139774607554304 -> core 1 - OK[0m[1;34m
[0m[1;34m	threadid 139774599161600 -> core 2 - OK[0m[1;34m
[0m[1;34m	threadid 139774590768896 -> core 3 - OK[0m[1;34m
[0m[1;34m	threadid 139774582376192 -> core 4 - OK[0m[1;34m
[0m[1;34m	threadid 139774573983488 -> core 5 - OK[0m[1;34m
[0m[1;34m	threadid 139774565590784 -> core 6 - OK[0m[1;34m
[0m[1;34m	threadid 139774557198080 -> core 7 - OK[0m[1;34m
[0mFLOPs in stencil code:      1.204726e+10
Time spent in stencil code: 1.130414
Performance in GFlop/s:     10.657385
[1;34m[pthread wrapper] 
[0m[1;34m[pthread wrapper] MAIN -> 0
[0m[1;34m[pthread wrapper] PIN_MASK: [0m[1;34m0->1  [0m[1;34m1->2  [0m[1;34m2->3  [0m[1;34m3->4  [0m[1;34m4->5  [0m[1;34m5->6  [0m[1;34m6->7  [0m[1;34m
[pthread wrapper] SKIP MASK: 0x0
[0m[1;34m	threadid 140095457359616 -> core 1 - OK[0m[1;34m
[0m[1;34m	threadid 140095448966912 -> core 2 - OK[0m[1;34m
[0m[1;34m	threadid 140095440574208 -> core 3 - OK[0m[1;34m
[0m[1;34m	threadid 140095432181504 -> core 4 - OK[0m[1;34m
[0m[1;34m	threadid 140095423788800 -> core 5 - OK[0m[1;34m
[0m[1;34m	threadid 140095415396096 -> core 6 - OK[0m[1;34m
[0m[1;34m	threadid 140095407003392 -> core 7 - OK[0m[1;34m
[0mFLOPs in stencil code:      1.204726e+10
Time spent in stencil code: 1.129434
Performance in GFlop/s:     10.666632
[1;34m[pthread wrapper] 
[0m[1;34m[pthread wrapper] MAIN -> 0
[0m[1;34m[pthread wrapper] PIN_MASK: [0m[1;34m0->1  [0m[1;34m1->2  [0m[1;34m2->3  [0m[1;34m3->4  [0m[1;34m4->5  [0m[1;34m5->6  [0m[1;34m6->7  [0m[1;34m
[pthread wrapper] SKIP MASK: 0x0
[0m[1;34m	threadid 139965987485440 -> core 1 - OK[0m[1;34m
[0m[1;34m	threadid 139965979092736 -> core 2 - OK[0m[1;34m
[0m[1;34m	threadid 139965970700032 -> core 3 - OK[0m[1;34m
[0m[1;34m	threadid 139965962307328 -> core 4 - OK[0m[1;34m
[0m[1;34m	threadid 139965953914624 -> core 5 - OK[0m[1;34m
[0m[1;34m	threadid 139965945521920 -> core 6 - OK[0m[1;34m
[0m[1;34m	threadid 139965937129216 -> core 7 - OK[0m[1;34m
[0mFLOPs in stencil code:      1.204726e+10
Time spent in stencil code: 1.129998
Performance in GFlop/s:     10.661309
[1;34m[pthread wrapper] 
[0m[1;34m[pthread wrapper] MAIN -> 0
[0m[1;34m[pthread wrapper] PIN_MASK: [0m[1;34m0->1  [0m[1;34m1->2  [0m[1;34m2->3  [0m[1;34m3->4  [0m[1;34m4->5  [0m[1;34m5->6  [0m[1;34m6->7  [0m[1;34m
[pthread wrapper] SKIP MASK: 0x0
[0m[1;34m	threadid 140407756715776 -> core 1 - OK[0m[1;34m
[0m[1;34m	threadid 140407748323072 -> core 2 - OK[0m[1;34m
[0m[1;34m	threadid 140407739930368 -> core 3 - OK[0m[1;34m
[0m[1;34m	threadid 140407731537664 -> core 4 - OK[0m[1;34m
[0m[1;34m	threadid 140407723144960 -> core 5 - OK[0m[1;34m
[0m[1;34m	threadid 140407714752256 -> core 6 - OK[0m[1;34m
[0m[1;34m	threadid 140407706359552 -> core 7 - OK[0m[1;34m
[0mFLOPs in stencil code:      1.204726e+10
Time spent in stencil code: 1.130120
Performance in GFlop/s:     10.660157
