[1;34m[pthread wrapper] 
[0m[1;34m[pthread wrapper] MAIN -> 0
[0m[1;34m[pthread wrapper] PIN_MASK: [0m[1;34m0->1  [0m[1;34m1->2  [0m[1;34m2->3  [0m[1;34m3->4  [0m[1;34m4->5  [0m[1;34m5->6  [0m[1;34m6->7  [0m[1;34m7->8  [0m[1;34m8->9  [0m[1;34m9->10  [0m[1;34m10->11  [0m[1;34m11->12  [0m[1;34m12->13  [0m[1;34m13->14  [0m[1;34m14->15  [0m[1;34m15->16  [0m[1;34m16->17  [0m[1;34m17->18  [0m[1;34m18->19  [0m[1;34m19->20  [0m[1;34m20->21  [0m[1;34m21->22  [0m[1;34m22->23  [0m[1;34m
[pthread wrapper] SKIP MASK: 0x0
[0m[1;34m	threadid 139867961718528 -> core 1 - OK[0m[1;34m
[0m[1;34m	threadid 139867953325824 -> core 2 - OK[0m[1;34m
[0m[1;34m	threadid 139867944933120 -> core 3 - OK[0m[1;34m
[0m[1;34m	threadid 139867936540416 -> core 4 - OK[0m[1;34m
[0m[1;34m	threadid 139867928147712 -> core 5 - OK[0m[1;34m
[0m[1;34m	threadid 139867919755008 -> core 6 - OK[0m[1;34m
[0m[1;34m	threadid 139867911362304 -> core 7 - OK[0m[1;34m
[0m[1;34m	threadid 139867902969600 -> core 8 - OK[0m[1;34m
[0m[1;34m	threadid 139867894576896 -> core 9 - OK[0m[1;34m
[0m[1;34m	threadid 139867886184192 -> core 10 - OK[0m[1;34m
[0m[1;34m	threadid 139867877791488 -> core 11 - OK[0m[1;34m
[0m[1;34m	threadid 139867869398784 -> core 12 - OK[0m[1;34m
[0m[1;34m	threadid 139867861006080 -> core 13 - OK[0m[1;34m
[0m[1;34m	threadid 139867852613376 -> core 14 - OK[0m[1;34m
[0m[1;34m	threadid 139867844220672 -> core 15 - OK[0m[1;34m
[0m[1;34m	threadid 139867835827968 -> core 16 - OK[0m[1;34m
[0m[1;34m	threadid 139867827435264 -> core 17 - OK[0m[1;34m
[0m[1;34m	threadid 139867819042560 -> core 18 - OK[0m[1;34m
[0m[1;34m	threadid 139867810649856 -> core 19 - OK[0m[1;34m
[0m[1;34m	threadid 139867802257152 -> core 20 - OK[0m[1;34m
[0m[1;34m	threadid 139867793864448 -> core 21 - OK[0m[1;34m
[0m[1;34m	threadid 139867785471744 -> core 22 - OK[0m[1;34m
[0m[1;34m	threadid 139867777079040 -> core 23 - OK[0m[1;34m
[0mFLOPs in stencil code:      1.204726e+10
Time spent in stencil code: 0.646111
Performance in GFlop/s:     18.645801
[1;34m[pthread wrapper] 
[0m[1;34m[pthread wrapper] MAIN -> 0
[0m[1;34m[pthread wrapper] PIN_MASK: [0m[1;34m0->1  [0m[1;34m1->2  [0m[1;34m2->3  [0m[1;34m3->4  [0m[1;34m4->5  [0m[1;34m5->6  [0m[1;34m6->7  [0m[1;34m7->8  [0m[1;34m8->9  [0m[1;34m9->10  [0m[1;34m10->11  [0m[1;34m11->12  [0m[1;34m12->13  [0m[1;34m13->14  [0m[1;34m14->15  [0m[1;34m15->16  [0m[1;34m16->17  [0m[1;34m17->18  [0m[1;34m18->19  [0m[1;34m19->20  [0m[1;34m20->21  [0m[1;34m21->22  [0m[1;34m22->23  [0m[1;34m
[pthread wrapper] SKIP MASK: 0x0
[0m[1;34m	threadid 139652160550656 -> core 1 - OK[0m[1;34m
[0m[1;34m	threadid 139652152157952 -> core 2 - OK[0m[1;34m
[0m[1;34m	threadid 139652143765248 -> core 3 - OK[0m[1;34m
[0m[1;34m	threadid 139652135372544 -> core 4 - OK[0m[1;34m
[0m[1;34m	threadid 139652126979840 -> core 5 - OK[0m[1;34m
[0m[1;34m	threadid 139652118587136 -> core 6 - OK[0m[1;34m
[0m[1;34m	threadid 139652110194432 -> core 7 - OK[0m[1;34m
[0m[1;34m	threadid 139652101801728 -> core 8 - OK[0m[1;34m
[0m[1;34m	threadid 139652093409024 -> core 9 - OK[0m[1;34m
[0m[1;34m	threadid 139652085016320 -> core 10 - OK[0m[1;34m
[0m[1;34m	threadid 139652076623616 -> core 11 - OK[0m[1;34m
[0m[1;34m	threadid 139652068230912 -> core 12 - OK[0m[1;34m
[0m[1;34m	threadid 139652059838208 -> core 13 - OK[0m[1;34m
[0m[1;34m	threadid 139652051445504 -> core 14 - OK[0m[1;34m
[0m[1;34m	threadid 139652043052800 -> core 15 - OK[0m[1;34m
[0m[1;34m	threadid 139652034660096 -> core 16 - OK[0m[1;34m
[0m[1;34m	threadid 139652026267392 -> core 17 - OK[0m[1;34m
[0m[1;34m	threadid 139652017874688 -> core 18 - OK[0m[1;34m
[0m[1;34m	threadid 139652009481984 -> core 19 - OK[0m[1;34m
[0m[1;34m	threadid 139652001089280 -> core 20 - OK[0m[1;34m
[0m[1;34m	threadid 139651992696576 -> core 21 - OK[0m[1;34m
[0m[1;34m	threadid 139651984303872 -> core 22 - OK[0m[1;34m
[0m[1;34m	threadid 139651975911168 -> core 23 - OK[0m[1;34m
[0mFLOPs in stencil code:      1.204726e+10
Time spent in stencil code: 0.640933
Performance in GFlop/s:     18.796437
[1;34m[pthread wrapper] 
[0m[1;34m[pthread wrapper] MAIN -> 0
[0m[1;34m[pthread wrapper] PIN_MASK: [0m[1;34m0->1  [0m[1;34m1->2  [0m[1;34m2->3  [0m[1;34m3->4  [0m[1;34m4->5  [0m[1;34m5->6  [0m[1;34m6->7  [0m[1;34m7->8  [0m[1;34m8->9  [0m[1;34m9->10  [0m[1;34m10->11  [0m[1;34m11->12  [0m[1;34m12->13  [0m[1;34m13->14  [0m[1;34m14->15  [0m[1;34m15->16  [0m[1;34m16->17  [0m[1;34m17->18  [0m[1;34m18->19  [0m[1;34m19->20  [0m[1;34m20->21  [0m[1;34m21->22  [0m[1;34m22->23  [0m[1;34m
[pthread wrapper] SKIP MASK: 0x0
[0m[1;34m	threadid 140608320435968 -> core 1 - OK[0m[1;34m
[0m[1;34m	threadid 140608312043264 -> core 2 - OK[0m[1;34m
[0m[1;34m	threadid 140608303650560 -> core 3 - OK[0m[1;34m
[0m[1;34m	threadid 140608295257856 -> core 4 - OK[0m[1;34m
[0m[1;34m	threadid 140608286865152 -> core 5 - OK[0m[1;34m
[0m[1;34m	threadid 140608278472448 -> core 6 - OK[0m[1;34m
[0m[1;34m	threadid 140608270079744 -> core 7 - OK[0m[1;34m
[0m[1;34m	threadid 140608261687040 -> core 8 - OK[0m[1;34m
[0m[1;34m	threadid 140608253294336 -> core 9 - OK[0m[1;34m
[0m[1;34m	threadid 140608244901632 -> core 10 - OK[0m[1;34m
[0m[1;34m	threadid 140608236508928 -> core 11 - OK[0m[1;34m
[0m[1;34m	threadid 140608228116224 -> core 12 - OK[0m[1;34m
[0m[1;34m	threadid 140608219723520 -> core 13 - OK[0m[1;34m
[0m[1;34m	threadid 140608211330816 -> core 14 - OK[0m[1;34m
[0m[1;34m	threadid 140608202938112 -> core 15 - OK[0m[1;34m
[0m[1;34m	threadid 140608194545408 -> core 16 - OK[0m[1;34m
[0m[1;34m	threadid 140608186152704 -> core 17 - OK[0m[1;34m
[0m[1;34m	threadid 140608177760000 -> core 18 - OK[0m[1;34m
[0m[1;34m	threadid 140608169367296 -> core 19 - OK[0m[1;34m
[0m[1;34m	threadid 140608160974592 -> core 20 - OK[0m[1;34m
[0m[1;34m	threadid 140608152581888 -> core 21 - OK[0m[1;34m
[0m[1;34m	threadid 140608144189184 -> core 22 - OK[0m[1;34m
[0m[1;34m	threadid 140608135796480 -> core 23 - OK[0m[1;34m
[0mFLOPs in stencil code:      1.204726e+10
Time spent in stencil code: 0.642772
Performance in GFlop/s:     18.742655
[1;34m[pthread wrapper] 
[0m[1;34m[pthread wrapper] MAIN -> 0
[0m[1;34m[pthread wrapper] PIN_MASK: [0m[1;34m0->1  [0m[1;34m1->2  [0m[1;34m2->3  [0m[1;34m3->4  [0m[1;34m4->5  [0m[1;34m5->6  [0m[1;34m6->7  [0m[1;34m7->8  [0m[1;34m8->9  [0m[1;34m9->10  [0m[1;34m10->11  [0m[1;34m11->12  [0m[1;34m12->13  [0m[1;34m13->14  [0m[1;34m14->15  [0m[1;34m15->16  [0m[1;34m16->17  [0m[1;34m17->18  [0m[1;34m18->19  [0m[1;34m19->20  [0m[1;34m20->21  [0m[1;34m21->22  [0m[1;34m22->23  [0m[1;34m
[pthread wrapper] SKIP MASK: 0x0
[0m[1;34m	threadid 140021470263040 -> core 1 - OK[0m[1;34m
[0m[1;34m	threadid 140021461870336 -> core 2 - OK[0m[1;34m
[0m[1;34m	threadid 140021453477632 -> core 3 - OK[0m[1;34m
[0m[1;34m	threadid 140021445084928 -> core 4 - OK[0m[1;34m
[0m[1;34m	threadid 140021436692224 -> core 5 - OK[0m[1;34m
[0m[1;34m	threadid 140021428299520 -> core 6 - OK[0m[1;34m
[0m[1;34m	threadid 140021419906816 -> core 7 - OK[0m[1;34m
[0m[1;34m	threadid 140021411514112 -> core 8 - OK[0m[1;34m
[0m[1;34m	threadid 140021403121408 -> core 9 - OK[0m[1;34m
[0m[1;34m	threadid 140021394728704 -> core 10 - OK[0m[1;34m
[0m[1;34m	threadid 140021386336000 -> core 11 - OK[0m[1;34m
[0m[1;34m	threadid 140021377943296 -> core 12 - OK[0m[1;34m
[0m[1;34m	threadid 140021369550592 -> core 13 - OK[0m[1;34m
[0m[1;34m	threadid 140021361157888 -> core 14 - OK[0m[1;34m
[0m[1;34m	threadid 140021352765184 -> core 15 - OK[0m[1;34m
[0m[1;34m	threadid 140021344372480 -> core 16 - OK[0m[1;34m
[0m[1;34m	threadid 140021335979776 -> core 17 - OK[0m[1;34m
[0m[1;34m	threadid 140021327587072 -> core 18 - OK[0m[1;34m
[0m[1;34m	threadid 140021319194368 -> core 19 - OK[0m[1;34m
[0m[1;34m	threadid 140021310801664 -> core 20 - OK[0m[1;34m
[0m[1;34m	threadid 140021302408960 -> core 21 - OK[0m[1;34m
[0m[1;34m	threadid 140021294016256 -> core 22 - OK[0m[1;34m
[0m[1;34m	threadid 140021285623552 -> core 23 - OK[0m[1;34m
[0mFLOPs in stencil code:      1.204726e+10
Time spent in stencil code: 0.641832
Performance in GFlop/s:     18.770107
[1;34m[pthread wrapper] 
[0m[1;34m[pthread wrapper] MAIN -> 0
[0m[1;34m[pthread wrapper] PIN_MASK: [0m[1;34m0->1  [0m[1;34m1->2  [0m[1;34m2->3  [0m[1;34m3->4  [0m[1;34m4->5  [0m[1;34m5->6  [0m[1;34m6->7  [0m[1;34m7->8  [0m[1;34m8->9  [0m[1;34m9->10  [0m[1;34m10->11  [0m[1;34m11->12  [0m[1;34m12->13  [0m[1;34m13->14  [0m[1;34m14->15  [0m[1;34m15->16  [0m[1;34m16->17  [0m[1;34m17->18  [0m[1;34m18->19  [0m[1;34m19->20  [0m[1;34m20->21  [0m[1;34m21->22  [0m[1;34m22->23  [0m[1;34m
[pthread wrapper] SKIP MASK: 0x0
[0m[1;34m	threadid 140708014847744 -> core 1 - OK[0m[1;34m
[0m[1;34m	threadid 140708006455040 -> core 2 - OK[0m[1;34m
[0m[1;34m	threadid 140707998062336 -> core 3 - OK[0m[1;34m
[0m[1;34m	threadid 140707989669632 -> core 4 - OK[0m[1;34m
[0m[1;34m	threadid 140707981276928 -> core 5 - OK[0m[1;34m
[0m[1;34m	threadid 140707972884224 -> core 6 - OK[0m[1;34m
[0m[1;34m	threadid 140707964491520 -> core 7 - OK[0m[1;34m
[0m[1;34m	threadid 140707956098816 -> core 8 - OK[0m[1;34m
[0m[1;34m	threadid 140707947706112 -> core 9 - OK[0m[1;34m
[0m[1;34m	threadid 140707939313408 -> core 10 - OK[0m[1;34m
[0m[1;34m	threadid 140707930920704 -> core 11 - OK[0m[1;34m
[0m[1;34m	threadid 140707922528000 -> core 12 - OK[0m[1;34m
[0m[1;34m	threadid 140707914135296 -> core 13 - OK[0m[1;34m
[0m[1;34m	threadid 140707905742592 -> core 14 - OK[0m[1;34m
[0m[1;34m	threadid 140707897349888 -> core 15 - OK[0m[1;34m
[0m[1;34m	threadid 140707888957184 -> core 16 - OK[0m[1;34m
[0m[1;34m	threadid 140707880564480 -> core 17 - OK[0m[1;34m
[0m[1;34m	threadid 140707872171776 -> core 18 - OK[0m[1;34m
[0m[1;34m	threadid 140707863779072 -> core 19 - OK[0m[1;34m
[0m[1;34m	threadid 140707855386368 -> core 20 - OK[0m[1;34m
[0m[1;34m	threadid 140707846993664 -> core 21 - OK[0m[1;34m
[0m[1;34m	threadid 140707838600960 -> core 22 - OK[0m[1;34m
[0m[1;34m	threadid 140707830208256 -> core 23 - OK[0m[1;34m
[0mFLOPs in stencil code:      1.204726e+10
Time spent in stencil code: 0.644563
Performance in GFlop/s:     18.690583
