tuned params: 200 200 200 196 104 56 2 0 
Flops / stencil call:  20
Stencil computations:  3764768000
Bytes transferred:     48000000000
Total Flops:           75295360000
Seconds elapsed:       3.533558
Performance in GFlop/s:     21.308653
Bandwidth utilization: 13.584042 GB/s
7774525667.000000
Validation OK.
tuned params: 200 200 200 196 104 56 2 0 
Flops / stencil call:  20
Stencil computations:  3764768000
Bytes transferred:     48000000000
Total Flops:           75295360000
Seconds elapsed:       3.335505
Performance in GFlop/s:     22.573901
Bandwidth utilization: 14.390624 GB/s
7338769166.000000
Validation OK.
tuned params: 200 200 200 196 104 56 2 0 
Flops / stencil call:  20
Stencil computations:  3764768000
Bytes transferred:     48000000000
Total Flops:           75295360000
Seconds elapsed:       3.339556
Performance in GFlop/s:     22.546518
Bandwidth utilization: 14.373168 GB/s
7347682797.000000
Validation OK.
tuned params: 200 200 200 196 104 56 2 0 
Flops / stencil call:  20
Stencil computations:  3764768000
Bytes transferred:     48000000000
Total Flops:           75295360000
Seconds elapsed:       3.485306
Performance in GFlop/s:     21.603658
Bandwidth utilization: 13.772105 GB/s
7668359532.000000
Validation OK.
tuned params: 200 200 200 196 104 56 2 0 
Flops / stencil call:  20
Stencil computations:  3764768000
Bytes transferred:     48000000000
Total Flops:           75295360000
Seconds elapsed:       3.361195
Performance in GFlop/s:     22.401366
Bandwidth utilization: 14.280635 GB/s
7395291507.000000
Validation OK.
