tuned params: 200 200 200 196 132 20 2 1 
Flops / stencil call:  20
Stencil computations:  3764768000
Bytes transferred:     48000000000
Total Flops:           75295360000
Seconds elapsed:       3.093339
Performance in GFlop/s:     24.341128
Bandwidth utilization: 15.517213 GB/s
6805953133.000000
Validation OK.
tuned params: 200 200 200 196 132 20 2 1 
Flops / stencil call:  20
Stencil computations:  3764768000
Bytes transferred:     48000000000
Total Flops:           75295360000
Seconds elapsed:       3.543882
Performance in GFlop/s:     21.246577
Bandwidth utilization: 13.544469 GB/s
7797236853.000000
Validation OK.
tuned params: 200 200 200 196 132 20 2 1 
Flops / stencil call:  20
Stencil computations:  3764768000
Bytes transferred:     48000000000
Total Flops:           75295360000
Seconds elapsed:       3.013653
Performance in GFlop/s:     24.984747
Bandwidth utilization: 15.927514 GB/s
6630628032.000000
Validation OK.
tuned params: 200 200 200 196 132 20 2 1 
Flops / stencil call:  20
Stencil computations:  3764768000
Bytes transferred:     48000000000
Total Flops:           75295360000
Seconds elapsed:       3.235165
Performance in GFlop/s:     23.274039
Bandwidth utilization: 14.836955 GB/s
7117999005.000000
Validation OK.
tuned params: 200 200 200 196 132 20 2 1 
Flops / stencil call:  20
Stencil computations:  3764768000
Bytes transferred:     48000000000
Total Flops:           75295360000
Seconds elapsed:       3.537649
Performance in GFlop/s:     21.284011
Bandwidth utilization: 13.568333 GB/s
7783519448.000000
Validation OK.
