tuned params: 200 200 200 196 16 20 4 4 
Flops / stencil call:  20
Stencil computations:  3764768000
Bytes transferred:     48000000000
Total Flops:           75295360000
Seconds elapsed:       2.106235
Performance in GFlop/s:     35.748793
Bandwidth utilization: 22.789480 GB/s
4634128511.000000
Validation OK.
tuned params: 200 200 200 196 16 20 4 4 
Flops / stencil call:  20
Stencil computations:  3764768000
Bytes transferred:     48000000000
Total Flops:           75295360000
Seconds elapsed:       2.494699
Performance in GFlop/s:     30.182142
Bandwidth utilization: 19.240798 GB/s
5488826045.000000
Validation OK.
tuned params: 200 200 200 196 16 20 4 4 
Flops / stencil call:  20
Stencil computations:  3764768000
Bytes transferred:     48000000000
Total Flops:           75295360000
Seconds elapsed:       2.459063
Performance in GFlop/s:     30.619532
Bandwidth utilization: 19.519630 GB/s
5410417037.000000
Validation OK.
tuned params: 200 200 200 196 16 20 4 4 
Flops / stencil call:  20
Stencil computations:  3764768000
Bytes transferred:     48000000000
Total Flops:           75295360000
Seconds elapsed:       2.144444
Performance in GFlop/s:     35.111833
Bandwidth utilization: 22.383424 GB/s
4718194085.000000
Validation OK.
tuned params: 200 200 200 196 16 20 4 4 
Flops / stencil call:  20
Stencil computations:  3764768000
Bytes transferred:     48000000000
Total Flops:           75295360000
Seconds elapsed:       2.772624
Performance in GFlop/s:     27.156715
Bandwidth utilization: 17.312120 GB/s
6100317766.000000
Validation OK.
