tuned params: 200 200 200 196 132 20 2 1 
Flops / stencil call:  20
Stencil computations:  3764768000
Bytes transferred:     48000000000
Total Flops:           75295360000
Seconds elapsed:       3.188312
Performance in GFlop/s:     23.616057
Bandwidth utilization: 15.054988 GB/s
7014913378.000000
Validation OK.
tuned params: 200 200 200 196 132 20 2 1 
Flops / stencil call:  20
Stencil computations:  3764768000
Bytes transferred:     48000000000
Total Flops:           75295360000
Seconds elapsed:       3.115212
Performance in GFlop/s:     24.170220
Bandwidth utilization: 15.408261 GB/s
6854078466.000000
Validation OK.
tuned params: 200 200 200 196 132 20 2 1 
Flops / stencil call:  20
Stencil computations:  3764768000
Bytes transferred:     48000000000
Total Flops:           75295360000
Seconds elapsed:       3.147937
Performance in GFlop/s:     23.918955
Bandwidth utilization: 15.248082 GB/s
6926077053.000000
Validation OK.
tuned params: 200 200 200 196 132 20 2 1 
Flops / stencil call:  20
Stencil computations:  3764768000
Bytes transferred:     48000000000
Total Flops:           75295360000
Seconds elapsed:       3.003533
Performance in GFlop/s:     25.068929
Bandwidth utilization: 15.981179 GB/s
6608361029.000000
Validation OK.
tuned params: 200 200 200 196 132 20 2 1 
Flops / stencil call:  20
Stencil computations:  3764768000
Bytes transferred:     48000000000
Total Flops:           75295360000
Seconds elapsed:       3.317751
Performance in GFlop/s:     22.694699
Bandwidth utilization: 14.467632 GB/s
7299704334.000000
Validation OK.
