tuned params: 200 200 200 196 196 12 2 4 
Flops / stencil call:  20
Stencil computations:  3764768000
Bytes transferred:     48000000000
Total Flops:           75295360000
Seconds elapsed:       2.893707
Performance in GFlop/s:     26.020381
Bandwidth utilization: 16.587719 GB/s
6366724389.000000
Validation OK.
tuned params: 200 200 200 196 196 12 2 4 
Flops / stencil call:  20
Stencil computations:  3764768000
Bytes transferred:     48000000000
Total Flops:           75295360000
Seconds elapsed:       3.516329
Performance in GFlop/s:     21.413059
Bandwidth utilization: 13.650600 GB/s
7736617796.000000
Validation OK.
tuned params: 200 200 200 196 196 12 2 4 
Flops / stencil call:  20
Stencil computations:  3764768000
Bytes transferred:     48000000000
Total Flops:           75295360000
Seconds elapsed:       2.763589
Performance in GFlop/s:     27.245499
Bandwidth utilization: 17.368719 GB/s
6080436914.000000
Validation OK.
tuned params: 200 200 200 196 196 12 2 4 
Flops / stencil call:  20
Stencil computations:  3764768000
Bytes transferred:     48000000000
Total Flops:           75295360000
Seconds elapsed:       3.805974
Performance in GFlop/s:     19.783467
Bandwidth utilization: 12.611752 GB/s
8373893990.000000
Validation OK.
tuned params: 200 200 200 196 196 12 2 4 
Flops / stencil call:  20
Stencil computations:  3764768000
Bytes transferred:     48000000000
Total Flops:           75295360000
Seconds elapsed:       3.092477
Performance in GFlop/s:     24.347912
Bandwidth utilization: 15.521538 GB/s
6804055250.000000
Validation OK.
