tuned params: 200 200 200 196 104 56 2 0 
Flops / stencil call:  20
Stencil computations:  3764768000
Bytes transferred:     48000000000
Total Flops:           75295360000
Seconds elapsed:       3.344048
Performance in GFlop/s:     22.516233
Bandwidth utilization: 14.353862 GB/s
7357566256.000000
Validation OK.
tuned params: 200 200 200 196 104 56 2 0 
Flops / stencil call:  20
Stencil computations:  3764768000
Bytes transferred:     48000000000
Total Flops:           75295360000
Seconds elapsed:       3.516627
Performance in GFlop/s:     21.411244
Bandwidth utilization: 13.649443 GB/s
7737270986.000000
Validation OK.
tuned params: 200 200 200 196 104 56 2 0 
Flops / stencil call:  20
Stencil computations:  3764768000
Bytes transferred:     48000000000
Total Flops:           75295360000
Seconds elapsed:       3.499014
Performance in GFlop/s:     21.519023
Bandwidth utilization: 13.718151 GB/s
7698519229.000000
Validation OK.
tuned params: 200 200 200 196 104 56 2 0 
Flops / stencil call:  20
Stencil computations:  3764768000
Bytes transferred:     48000000000
Total Flops:           75295360000
Seconds elapsed:       3.366041
Performance in GFlop/s:     22.369116
Bandwidth utilization: 14.260076 GB/s
7405954249.000000
Validation OK.
tuned params: 200 200 200 196 104 56 2 0 
Flops / stencil call:  20
Stencil computations:  3764768000
Bytes transferred:     48000000000
Total Flops:           75295360000
Seconds elapsed:       4.478268
Performance in GFlop/s:     16.813501
Bandwidth utilization: 10.718430 GB/s
9853078051.000000
Validation OK.
