tuned params: 200 200 200 196 108 36 2 4 
Flops / stencil call:  20
Stencil computations:  3764768000
Bytes transferred:     48000000000
Total Flops:           75295360000
Seconds elapsed:       2.718581
Performance in GFlop/s:     27.696567
Bandwidth utilization: 17.656270 GB/s
5981412252.000000
Validation OK.
tuned params: 200 200 200 196 108 36 2 4 
Flops / stencil call:  20
Stencil computations:  3764768000
Bytes transferred:     48000000000
Total Flops:           75295360000
Seconds elapsed:       3.219325
Performance in GFlop/s:     23.388555
Bandwidth utilization: 14.909958 GB/s
7083147332.000000
Validation OK.
tuned params: 200 200 200 196 108 36 2 4 
Flops / stencil call:  20
Stencil computations:  3764768000
Bytes transferred:     48000000000
Total Flops:           75295360000
Seconds elapsed:       3.109148
Performance in GFlop/s:     24.217361
Bandwidth utilization: 15.438313 GB/s
6840738380.000000
Validation OK.
tuned params: 200 200 200 196 108 36 2 4 
Flops / stencil call:  20
Stencil computations:  3764768000
Bytes transferred:     48000000000
Total Flops:           75295360000
Seconds elapsed:       2.814175
Performance in GFlop/s:     26.755750
Bandwidth utilization: 17.056509 GB/s
6191737358.000000
Validation OK.
tuned params: 200 200 200 196 108 36 2 4 
Flops / stencil call:  20
Stencil computations:  3764768000
Bytes transferred:     48000000000
Total Flops:           75295360000
Seconds elapsed:       2.833438
Performance in GFlop/s:     26.573852
Bandwidth utilization: 16.940551 GB/s
6234117072.000000
Validation OK.
