tuned params: 200 200 200 196 196 12 2 4 
Flops / stencil call:  20
Stencil computations:  3764768000
Bytes transferred:     48000000000
Total Flops:           75295360000
Seconds elapsed:       2.765300
Performance in GFlop/s:     27.228640
Bandwidth utilization: 17.357972 GB/s
6084204544.000000
Validation OK.
tuned params: 200 200 200 196 196 12 2 4 
Flops / stencil call:  20
Stencil computations:  3764768000
Bytes transferred:     48000000000
Total Flops:           75295360000
Seconds elapsed:       2.909363
Performance in GFlop/s:     25.880359
Bandwidth utilization: 16.498457 GB/s
6401168053.000000
Validation OK.
tuned params: 200 200 200 196 196 12 2 4 
Flops / stencil call:  20
Stencil computations:  3764768000
Bytes transferred:     48000000000
Total Flops:           75295360000
Seconds elapsed:       2.892009
Performance in GFlop/s:     26.035659
Bandwidth utilization: 16.597459 GB/s
6362988616.000000
Validation OK.
tuned params: 200 200 200 196 196 12 2 4 
Flops / stencil call:  20
Stencil computations:  3764768000
Bytes transferred:     48000000000
Total Flops:           75295360000
Seconds elapsed:       2.954046
Performance in GFlop/s:     25.488894
Bandwidth utilization: 16.248902 GB/s
6499477873.000000
Validation OK.
tuned params: 200 200 200 196 196 12 2 4 
Flops / stencil call:  20
Stencil computations:  3764768000
Bytes transferred:     48000000000
Total Flops:           75295360000
Seconds elapsed:       3.021723
Performance in GFlop/s:     24.918024
Bandwidth utilization: 15.884978 GB/s
6648383380.000000
Validation OK.
