tuned params: 200 200 200 196 16 20 4 4 
Flops / stencil call:  20
Stencil computations:  3764768000
Bytes transferred:     48000000000
Total Flops:           75295360000
Seconds elapsed:       2.416866
Performance in GFlop/s:     31.154130
Bandwidth utilization: 19.860430 GB/s
5317578188.000000
Validation OK.
tuned params: 200 200 200 196 16 20 4 4 
Flops / stencil call:  20
Stencil computations:  3764768000
Bytes transferred:     48000000000
Total Flops:           75295360000
Seconds elapsed:       2.531160
Performance in GFlop/s:     29.747374
Bandwidth utilization: 18.963638 GB/s
5569045896.000000
Validation OK.
tuned params: 200 200 200 196 16 20 4 4 
Flops / stencil call:  20
Stencil computations:  3764768000
Bytes transferred:     48000000000
Total Flops:           75295360000
Seconds elapsed:       2.315178
Performance in GFlop/s:     32.522494
Bandwidth utilization: 20.732748 GB/s
5093843411.000000
Validation OK.
tuned params: 200 200 200 196 16 20 4 4 
Flops / stencil call:  20
Stencil computations:  3764768000
Bytes transferred:     48000000000
Total Flops:           75295360000
Seconds elapsed:       2.341489
Performance in GFlop/s:     32.157044
Bandwidth utilization: 20.499777 GB/s
5151731642.000000
Validation OK.
tuned params: 200 200 200 196 16 20 4 4 
Flops / stencil call:  20
Stencil computations:  3764768000
Bytes transferred:     48000000000
Total Flops:           75295360000
Seconds elapsed:       2.761922
Performance in GFlop/s:     27.261942
Bandwidth utilization: 17.379201 GB/s
6076769031.000000
Validation OK.
