tuned params: 200 200 200 196 28 32 2 5 
Flops / stencil call:  20
Stencil computations:  3764768000
Bytes transferred:     48000000000
Total Flops:           75295360000
Seconds elapsed:       2.399017
Performance in GFlop/s:     31.385921
Bandwidth utilization: 20.008194 GB/s
5278304109.000000
Validation OK.
tuned params: 200 200 200 196 28 32 2 5 
Flops / stencil call:  20
Stencil computations:  3764768000
Bytes transferred:     48000000000
Total Flops:           75295360000
Seconds elapsed:       2.679003
Performance in GFlop/s:     28.105739
Bandwidth utilization: 17.917113 GB/s
5894330876.000000
Validation OK.
tuned params: 200 200 200 196 28 32 2 5 
Flops / stencil call:  20
Stencil computations:  3764768000
Bytes transferred:     48000000000
Total Flops:           75295360000
Seconds elapsed:       2.422283
Performance in GFlop/s:     31.084461
Bandwidth utilization: 19.816017 GB/s
5329498667.000000
Validation OK.
tuned params: 200 200 200 196 28 32 2 5 
Flops / stencil call:  20
Stencil computations:  3764768000
Bytes transferred:     48000000000
Total Flops:           75295360000
Seconds elapsed:       2.223786
Performance in GFlop/s:     33.859084
Bandwidth utilization: 21.584810 GB/s
4892761703.000000
Validation OK.
tuned params: 200 200 200 196 28 32 2 5 
Flops / stencil call:  20
Stencil computations:  3764768000
Bytes transferred:     48000000000
Total Flops:           75295360000
Seconds elapsed:       2.472037
Performance in GFlop/s:     30.458834
Bandwidth utilization: 19.417186 GB/s
5438963879.000000
Validation OK.
