tuned params: 200 200 200 196 12 84 2 4 
Flops / stencil call:  20
Stencil computations:  3764768000
Bytes transferred:     48000000000
Total Flops:           75295360000
Seconds elapsed:       2.961760
Performance in GFlop/s:     25.422505
Bandwidth utilization: 16.206580 GB/s
6516452844.000000
Validation OK.
tuned params: 200 200 200 196 12 84 2 4 
Flops / stencil call:  20
Stencil computations:  3764768000
Bytes transferred:     48000000000
Total Flops:           75295360000
Seconds elapsed:       2.723766
Performance in GFlop/s:     27.643842
Bandwidth utilization: 17.622659 GB/s
5992819911.000000
Validation OK.
tuned params: 200 200 200 196 12 84 2 4 
Flops / stencil call:  20
Stencil computations:  3764768000
Bytes transferred:     48000000000
Total Flops:           75295360000
Seconds elapsed:       3.082857
Performance in GFlop/s:     24.423891
Bandwidth utilization: 15.569973 GB/s
6782890414.000000
Validation OK.
tuned params: 200 200 200 196 12 84 2 4 
Flops / stencil call:  20
Stencil computations:  3764768000
Bytes transferred:     48000000000
Total Flops:           75295360000
Seconds elapsed:       2.737881
Performance in GFlop/s:     27.501327
Bandwidth utilization: 17.531807 GB/s
6023873556.000000
Validation OK.
tuned params: 200 200 200 196 12 84 2 4 
Flops / stencil call:  20
Stencil computations:  3764768000
Bytes transferred:     48000000000
Total Flops:           75295360000
Seconds elapsed:       3.459689
Performance in GFlop/s:     21.763622
Bandwidth utilization: 13.874080 GB/s
7611995452.000000
Validation OK.
