tuned params: 200 200 200 196 104 56 2 0 
Flops / stencil call:  20
Stencil computations:  3764768000
Bytes transferred:     48000000000
Total Flops:           75295360000
Seconds elapsed:       3.528912
Performance in GFlop/s:     21.336706
Bandwidth utilization: 13.601926 GB/s
7764303342.000000
Validation OK.
tuned params: 200 200 200 196 104 56 2 0 
Flops / stencil call:  20
Stencil computations:  3764768000
Bytes transferred:     48000000000
Total Flops:           75295360000
Seconds elapsed:       3.319013
Performance in GFlop/s:     22.686069
Bandwidth utilization: 14.462130 GB/s
7302481063.000000
Validation OK.
tuned params: 200 200 200 196 104 56 2 0 
Flops / stencil call:  20
Stencil computations:  3764768000
Bytes transferred:     48000000000
Total Flops:           75295360000
Seconds elapsed:       3.423198
Performance in GFlop/s:     21.995619
Bandwidth utilization: 14.021976 GB/s
7531711787.000000
Validation OK.
tuned params: 200 200 200 196 104 56 2 0 
Flops / stencil call:  20
Stencil computations:  3764768000
Bytes transferred:     48000000000
Total Flops:           75295360000
Seconds elapsed:       4.029448
Performance in GFlop/s:     18.686272
Bandwidth utilization: 11.912302 GB/s
8865580575.000000
Validation OK.
tuned params: 200 200 200 196 104 56 2 0 
Flops / stencil call:  20
Stencil computations:  3764768000
Bytes transferred:     48000000000
Total Flops:           75295360000
Seconds elapsed:       3.424256
Performance in GFlop/s:     21.988823
Bandwidth utilization: 14.017643 GB/s
7534033348.000000
Validation OK.
