tuned params: 200 200 200 196 12 84 2 4 
Flops / stencil call:  20
Stencil computations:  3764768000
Bytes transferred:     48000000000
Total Flops:           75295360000
Seconds elapsed:       2.766279
Performance in GFlop/s:     27.219004
Bandwidth utilization: 17.351829 GB/s
6086356008.000000
Validation OK.
tuned params: 200 200 200 196 12 84 2 4 
Flops / stencil call:  20
Stencil computations:  3764768000
Bytes transferred:     48000000000
Total Flops:           75295360000
Seconds elapsed:       2.640476
Performance in GFlop/s:     28.515828
Bandwidth utilization: 18.178541 GB/s
5809562605.000000
Validation OK.
tuned params: 200 200 200 196 12 84 2 4 
Flops / stencil call:  20
Stencil computations:  3764768000
Bytes transferred:     48000000000
Total Flops:           75295360000
Seconds elapsed:       3.089094
Performance in GFlop/s:     24.374576
Bandwidth utilization: 15.538536 GB/s
6796611959.000000
Validation OK.
tuned params: 200 200 200 196 12 84 2 4 
Flops / stencil call:  20
Stencil computations:  3764768000
Bytes transferred:     48000000000
Total Flops:           75295360000
Seconds elapsed:       3.027458
Performance in GFlop/s:     24.870819
Bandwidth utilization: 15.854886 GB/s
6660998287.000000
Validation OK.
tuned params: 200 200 200 196 12 84 2 4 
Flops / stencil call:  20
Stencil computations:  3764768000
Bytes transferred:     48000000000
Total Flops:           75295360000
Seconds elapsed:       2.613435
Performance in GFlop/s:     28.810879
Bandwidth utilization: 18.366632 GB/s
5750069601.000000
Validation OK.
