tuned params: 200 200 200 196 196 12 2 4 
Flops / stencil call:  20
Stencil computations:  3764768000
Bytes transferred:     48000000000
Total Flops:           75295360000
Seconds elapsed:       3.017841
Performance in GFlop/s:     24.950076
Bandwidth utilization: 15.905411 GB/s
6639842902.000000
Validation OK.
tuned params: 200 200 200 196 196 12 2 4 
Flops / stencil call:  20
Stencil computations:  3764768000
Bytes transferred:     48000000000
Total Flops:           75295360000
Seconds elapsed:       3.033553
Performance in GFlop/s:     24.820850
Bandwidth utilization: 15.823031 GB/s
6674410499.000000
Validation OK.
tuned params: 200 200 200 196 196 12 2 4 
Flops / stencil call:  20
Stencil computations:  3764768000
Bytes transferred:     48000000000
Total Flops:           75295360000
Seconds elapsed:       2.816085
Performance in GFlop/s:     26.737603
Bandwidth utilization: 17.044941 GB/s
6195941760.000000
Validation OK.
tuned params: 200 200 200 196 196 12 2 4 
Flops / stencil call:  20
Stencil computations:  3764768000
Bytes transferred:     48000000000
Total Flops:           75295360000
Seconds elapsed:       3.040623
Performance in GFlop/s:     24.763136
Bandwidth utilization: 15.786239 GB/s
6689967137.000000
Validation OK.
tuned params: 200 200 200 196 196 12 2 4 
Flops / stencil call:  20
Stencil computations:  3764768000
Bytes transferred:     48000000000
Total Flops:           75295360000
Seconds elapsed:       2.806356
Performance in GFlop/s:     26.830293
Bandwidth utilization: 17.104030 GB/s
6174526937.000000
Validation OK.
