tuned params: 200 200 200 196 72 108 1 4 
Flops / stencil call:  20
Stencil computations:  3764768000
Bytes transferred:     48000000000
Total Flops:           75295360000
Seconds elapsed:       7.234306
Performance in GFlop/s:     10.408097
Bandwidth utilization: 6.635052 GB/s
15916909220.000000
Validation OK.
tuned params: 200 200 200 196 72 108 1 4 
Flops / stencil call:  20
Stencil computations:  3764768000
Bytes transferred:     48000000000
Total Flops:           75295360000
Seconds elapsed:       7.258684
Performance in GFlop/s:     10.373142
Bandwidth utilization: 6.612769 GB/s
15970546071.000000
Validation OK.
tuned params: 200 200 200 196 72 108 1 4 
Flops / stencil call:  20
Stencil computations:  3764768000
Bytes transferred:     48000000000
Total Flops:           75295360000
Seconds elapsed:       7.603249
Performance in GFlop/s:     9.903051
Bandwidth utilization: 6.313091 GB/s
16728654725.000000
Validation OK.
tuned params: 200 200 200 196 72 108 1 4 
Flops / stencil call:  20
Stencil computations:  3764768000
Bytes transferred:     48000000000
Total Flops:           75295360000
Seconds elapsed:       6.983317
Performance in GFlop/s:     10.782177
Bandwidth utilization: 6.873525 GB/s
15364682257.000000
Validation OK.
tuned params: 200 200 200 196 72 108 1 4 
Flops / stencil call:  20
Stencil computations:  3764768000
Bytes transferred:     48000000000
Total Flops:           75295360000
Seconds elapsed:       7.510472
Performance in GFlop/s:     10.025383
Bandwidth utilization: 6.391076 GB/s
16524529420.000000
Validation OK.
