tuned params: 200 200 200 196 16 20 4 4 
Flops / stencil call:  20
Stencil computations:  3764768000
Bytes transferred:     48000000000
Total Flops:           75295360000
Seconds elapsed:       2.337586
Performance in GFlop/s:     32.210735
Bandwidth utilization: 20.534005 GB/s
5143143416.000000
Validation OK.
tuned params: 200 200 200 196 16 20 4 4 
Flops / stencil call:  20
Stencil computations:  3764768000
Bytes transferred:     48000000000
Total Flops:           75295360000
Seconds elapsed:       2.280745
Performance in GFlop/s:     33.013496
Bandwidth utilization: 21.045757 GB/s
5018084006.000000
Validation OK.
tuned params: 200 200 200 196 16 20 4 4 
Flops / stencil call:  20
Stencil computations:  3764768000
Bytes transferred:     48000000000
Total Flops:           75295360000
Seconds elapsed:       2.097024
Performance in GFlop/s:     35.905814
Bandwidth utilization: 22.889578 GB/s
4613860962.000000
Validation OK.
tuned params: 200 200 200 196 16 20 4 4 
Flops / stencil call:  20
Stencil computations:  3764768000
Bytes transferred:     48000000000
Total Flops:           75295360000
Seconds elapsed:       2.102772
Performance in GFlop/s:     35.807667
Bandwidth utilization: 22.827011 GB/s
4626508815.000000
Validation OK.
tuned params: 200 200 200 196 16 20 4 4 
Flops / stencil call:  20
Stencil computations:  3764768000
Bytes transferred:     48000000000
Total Flops:           75295360000
Seconds elapsed:       1.985923
Performance in GFlop/s:     37.914541
Bandwidth utilization: 24.170121 GB/s
4369412894.000000
Validation OK.
