tuned params: 200 200 200 196 28 32 2 5 
Flops / stencil call:  20
Stencil computations:  3764768000
Bytes transferred:     48000000000
Total Flops:           75295360000
Seconds elapsed:       2.296618
Performance in GFlop/s:     32.785322
Bandwidth utilization: 20.900298 GB/s
5053008318.000000
Validation OK.
tuned params: 200 200 200 196 28 32 2 5 
Flops / stencil call:  20
Stencil computations:  3764768000
Bytes transferred:     48000000000
Total Flops:           75295360000
Seconds elapsed:       2.355383
Performance in GFlop/s:     31.967354
Bandwidth utilization: 20.378852 GB/s
5182303657.000000
Validation OK.
tuned params: 200 200 200 196 28 32 2 5 
Flops / stencil call:  20
Stencil computations:  3764768000
Bytes transferred:     48000000000
Total Flops:           75295360000
Seconds elapsed:       2.382443
Performance in GFlop/s:     31.604266
Bandwidth utilization: 20.147387 GB/s
5241840164.000000
Validation OK.
tuned params: 200 200 200 196 28 32 2 5 
Flops / stencil call:  20
Stencil computations:  3764768000
Bytes transferred:     48000000000
Total Flops:           75295360000
Seconds elapsed:       2.596186
Performance in GFlop/s:     29.002296
Bandwidth utilization: 18.488659 GB/s
5712118559.000000
Validation OK.
tuned params: 200 200 200 196 28 32 2 5 
Flops / stencil call:  20
Stencil computations:  3764768000
Bytes transferred:     48000000000
Total Flops:           75295360000
Seconds elapsed:       2.489443
Performance in GFlop/s:     30.245865
Bandwidth utilization: 19.281421 GB/s
5477259222.000000
Validation OK.
