tuned params: 200 200 200 196 28 32 2 5 
Flops / stencil call:  20
Stencil computations:  3764768000
Bytes transferred:     48000000000
Total Flops:           75295360000
Seconds elapsed:       2.499574
Performance in GFlop/s:     30.123278
Bandwidth utilization: 19.203273 GB/s
5499551864.000000
Validation OK.
tuned params: 200 200 200 196 28 32 2 5 
Flops / stencil call:  20
Stencil computations:  3764768000
Bytes transferred:     48000000000
Total Flops:           75295360000
Seconds elapsed:       2.331245
Performance in GFlop/s:     32.298348
Bandwidth utilization: 20.589857 GB/s
5129193527.000000
Validation OK.
tuned params: 200 200 200 196 28 32 2 5 
Flops / stencil call:  20
Stencil computations:  3764768000
Bytes transferred:     48000000000
Total Flops:           75295360000
Seconds elapsed:       2.500699
Performance in GFlop/s:     30.109725
Bandwidth utilization: 19.194633 GB/s
5502026381.000000
Validation OK.
tuned params: 200 200 200 196 28 32 2 5 
Flops / stencil call:  20
Stencil computations:  3764768000
Bytes transferred:     48000000000
Total Flops:           75295360000
Seconds elapsed:       2.242134
Performance in GFlop/s:     33.582009
Bandwidth utilization: 21.408178 GB/s
4933134017.000000
Validation OK.
tuned params: 200 200 200 196 28 32 2 5 
Flops / stencil call:  20
Stencil computations:  3764768000
Bytes transferred:     48000000000
Total Flops:           75295360000
Seconds elapsed:       2.278966
Performance in GFlop/s:     33.039262
Bandwidth utilization: 21.062182 GB/s
5014173189.000000
Validation OK.
