tuned params: 200 200 200 196 196 152 1 0 
Flops / stencil call:  20
Stencil computations:  3764768000
Bytes transferred:     48000000000
Total Flops:           75295360000
Seconds elapsed:       11.224149
Performance in GFlop/s:     6.708336
Bandwidth utilization: 4.276493 GB/s
24695358568.000000
Validation OK.
tuned params: 200 200 200 196 196 152 1 0 
Flops / stencil call:  20
Stencil computations:  3764768000
Bytes transferred:     48000000000
Total Flops:           75295360000
Seconds elapsed:       11.215125
Performance in GFlop/s:     6.713733
Bandwidth utilization: 4.279934 GB/s
24675505814.000000
Validation OK.
tuned params: 200 200 200 196 196 152 1 0 
Flops / stencil call:  20
Stencil computations:  3764768000
Bytes transferred:     48000000000
Total Flops:           75295360000
Seconds elapsed:       11.377651
Performance in GFlop/s:     6.617830
Bandwidth utilization: 4.218797 GB/s
25033091170.000000
Validation OK.
tuned params: 200 200 200 196 196 152 1 0 
Flops / stencil call:  20
Stencil computations:  3764768000
Bytes transferred:     48000000000
Total Flops:           75295360000
Seconds elapsed:       11.267945
Performance in GFlop/s:     6.682262
Bandwidth utilization: 4.259872 GB/s
24791718548.000000
Validation OK.
tuned params: 200 200 200 196 196 152 1 0 
Flops / stencil call:  20
Stencil computations:  3764768000
Bytes transferred:     48000000000
Total Flops:           75295360000
Seconds elapsed:       11.156133
Performance in GFlop/s:     6.749235
Bandwidth utilization: 4.302566 GB/s
24545710873.000000
Validation OK.
