tuned params: 200 200 200 196 16 20 4 4 
Flops / stencil call:  20
Stencil computations:  3764768000
Bytes transferred:     48000000000
Total Flops:           75295360000
Seconds elapsed:       2.419149
Performance in GFlop/s:     31.124728
Bandwidth utilization: 19.841687 GB/s
5322597477.000000
Validation OK.
tuned params: 200 200 200 196 16 20 4 4 
Flops / stencil call:  20
Stencil computations:  3764768000
Bytes transferred:     48000000000
Total Flops:           75295360000
Seconds elapsed:       2.306962
Performance in GFlop/s:     32.638318
Bandwidth utilization: 20.806584 GB/s
5075765732.000000
Validation OK.
tuned params: 200 200 200 196 16 20 4 4 
Flops / stencil call:  20
Stencil computations:  3764768000
Bytes transferred:     48000000000
Total Flops:           75295360000
Seconds elapsed:       2.460564
Performance in GFlop/s:     30.600852
Bandwidth utilization: 19.507722 GB/s
5413722380.000000
Validation OK.
tuned params: 200 200 200 196 16 20 4 4 
Flops / stencil call:  20
Stencil computations:  3764768000
Bytes transferred:     48000000000
Total Flops:           75295360000
Seconds elapsed:       2.153761
Performance in GFlop/s:     34.959944
Bandwidth utilization: 22.286596 GB/s
4738693271.000000
Validation OK.
tuned params: 200 200 200 196 16 20 4 4 
Flops / stencil call:  20
Stencil computations:  3764768000
Bytes transferred:     48000000000
Total Flops:           75295360000
Seconds elapsed:       2.174981
Performance in GFlop/s:     34.618857
Bandwidth utilization: 22.069157 GB/s
4785379036.000000
Validation OK.
