tuned params: 200 200 200 196 28 32 2 5 
Flops / stencil call:  20
Stencil computations:  3764768000
Bytes transferred:     48000000000
Total Flops:           75295360000
Seconds elapsed:       2.282812
Performance in GFlop/s:     32.983599
Bandwidth utilization: 21.026698 GB/s
5022629174.000000
Validation OK.
tuned params: 200 200 200 196 28 32 2 5 
Flops / stencil call:  20
Stencil computations:  3764768000
Bytes transferred:     48000000000
Total Flops:           75295360000
Seconds elapsed:       2.316385
Performance in GFlop/s:     32.505549
Bandwidth utilization: 20.721946 GB/s
5096499309.000000
Validation OK.
tuned params: 200 200 200 196 28 32 2 5 
Flops / stencil call:  20
Stencil computations:  3764768000
Bytes transferred:     48000000000
Total Flops:           75295360000
Seconds elapsed:       2.202431
Performance in GFlop/s:     34.187387
Bandwidth utilization: 21.794100 GB/s
4845775919.000000
Validation OK.
tuned params: 200 200 200 196 28 32 2 5 
Flops / stencil call:  20
Stencil computations:  3764768000
Bytes transferred:     48000000000
Total Flops:           75295360000
Seconds elapsed:       2.511374
Performance in GFlop/s:     29.981739
Bandwidth utilization: 19.113043 GB/s
5525511547.000000
Validation OK.
tuned params: 200 200 200 196 28 32 2 5 
Flops / stencil call:  20
Stencil computations:  3764768000
Bytes transferred:     48000000000
Total Flops:           75295360000
Seconds elapsed:       2.236454
Performance in GFlop/s:     33.667296
Bandwidth utilization: 21.462547 GB/s
4920635850.000000
Validation OK.
