tuned params: 200 200 200 196 72 108 1 4 
Flops / stencil call:  20
Stencil computations:  3764768000
Bytes transferred:     48000000000
Total Flops:           75295360000
Seconds elapsed:       7.198399
Performance in GFlop/s:     10.460015
Bandwidth utilization: 6.668149 GB/s
15837904785.000000
Validation OK.
tuned params: 200 200 200 196 72 108 1 4 
Flops / stencil call:  20
Stencil computations:  3764768000
Bytes transferred:     48000000000
Total Flops:           75295360000
Seconds elapsed:       6.960117
Performance in GFlop/s:     10.818117
Bandwidth utilization: 6.896436 GB/s
15313637481.000000
Validation OK.
tuned params: 200 200 200 196 72 108 1 4 
Flops / stencil call:  20
Stencil computations:  3764768000
Bytes transferred:     48000000000
Total Flops:           75295360000
Seconds elapsed:       6.974531
Performance in GFlop/s:     10.795760
Bandwidth utilization: 6.882183 GB/s
15345348474.000000
Validation OK.
tuned params: 200 200 200 196 72 108 1 4 
Flops / stencil call:  20
Stencil computations:  3764768000
Bytes transferred:     48000000000
Total Flops:           75295360000
Seconds elapsed:       7.095632
Performance in GFlop/s:     10.611508
Bandwidth utilization: 6.764725 GB/s
15611799505.000000
Validation OK.
tuned params: 200 200 200 196 72 108 1 4 
Flops / stencil call:  20
Stencil computations:  3764768000
Bytes transferred:     48000000000
Total Flops:           75295360000
Seconds elapsed:       7.085948
Performance in GFlop/s:     10.626011
Bandwidth utilization: 6.773970 GB/s
15590492575.000000
Validation OK.
