tuned params: 200 200 200 196 72 108 1 4 
Flops / stencil call:  20
Stencil computations:  3764768000
Bytes transferred:     48000000000
Total Flops:           75295360000
Seconds elapsed:       6.924365
Performance in GFlop/s:     10.873973
Bandwidth utilization: 6.932044 GB/s
15234974514.000000
Validation OK.
tuned params: 200 200 200 196 72 108 1 4 
Flops / stencil call:  20
Stencil computations:  3764768000
Bytes transferred:     48000000000
Total Flops:           75295360000
Seconds elapsed:       7.106527
Performance in GFlop/s:     10.595240
Bandwidth utilization: 6.754354 GB/s
15635763495.000000
Validation OK.
tuned params: 200 200 200 196 72 108 1 4 
Flops / stencil call:  20
Stencil computations:  3764768000
Bytes transferred:     48000000000
Total Flops:           75295360000
Seconds elapsed:       6.803164
Performance in GFlop/s:     11.067697
Bandwidth utilization: 7.055541 GB/s
14968312941.000000
Validation OK.
tuned params: 200 200 200 196 72 108 1 4 
Flops / stencil call:  20
Stencil computations:  3764768000
Bytes transferred:     48000000000
Total Flops:           75295360000
Seconds elapsed:       7.787496
Performance in GFlop/s:     9.668751
Bandwidth utilization: 6.163727 GB/s
17134033234.000000
Validation OK.
tuned params: 200 200 200 196 72 108 1 4 
Flops / stencil call:  20
Stencil computations:  3764768000
Bytes transferred:     48000000000
Total Flops:           75295360000
Seconds elapsed:       6.846963
Performance in GFlop/s:     10.996899
Bandwidth utilization: 7.010407 GB/s
15064678205.000000
Validation OK.
