tuned params: 200 200 200 196 72 108 1 4 
Flops / stencil call:  20
Stencil computations:  3764768000
Bytes transferred:     48000000000
Total Flops:           75295360000
Seconds elapsed:       6.892546
Performance in GFlop/s:     10.924172
Bandwidth utilization: 6.964045 GB/s
15164966581.000000
Validation OK.
tuned params: 200 200 200 196 72 108 1 4 
Flops / stencil call:  20
Stencil computations:  3764768000
Bytes transferred:     48000000000
Total Flops:           75295360000
Seconds elapsed:       7.489788
Performance in GFlop/s:     10.053070
Bandwidth utilization: 6.408726 GB/s
16479018119.000000
Validation OK.
tuned params: 200 200 200 196 72 108 1 4 
Flops / stencil call:  20
Stencil computations:  3764768000
Bytes transferred:     48000000000
Total Flops:           75295360000
Seconds elapsed:       7.340315
Performance in GFlop/s:     10.257783
Bandwidth utilization: 6.539229 GB/s
16150147071.000000
Validation OK.
tuned params: 200 200 200 196 72 108 1 4 
Flops / stencil call:  20
Stencil computations:  3764768000
Bytes transferred:     48000000000
Total Flops:           75295360000
Seconds elapsed:       7.113500
Performance in GFlop/s:     10.584854
Bandwidth utilization: 6.747733 GB/s
15651110970.000000
Validation OK.
tuned params: 200 200 200 196 72 108 1 4 
Flops / stencil call:  20
Stencil computations:  3764768000
Bytes transferred:     48000000000
Total Flops:           75295360000
Seconds elapsed:       7.309510
Performance in GFlop/s:     10.301013
Bandwidth utilization: 6.566788 GB/s
16082370132.000000
Validation OK.
