tuned params: 200 200 200 196 196 12 2 4 
Flops / stencil call:  20
Stencil computations:  3764768000
Bytes transferred:     48000000000
Total Flops:           75295360000
Seconds elapsed:       3.531191
Performance in GFlop/s:     21.322935
Bandwidth utilization: 13.593147 GB/s
7769318794.000000
Validation OK.
tuned params: 200 200 200 196 196 12 2 4 
Flops / stencil call:  20
Stencil computations:  3764768000
Bytes transferred:     48000000000
Total Flops:           75295360000
Seconds elapsed:       4.019876
Performance in GFlop/s:     18.730767
Bandwidth utilization: 11.940667 GB/s
8844518290.000000
Validation OK.
tuned params: 200 200 200 196 196 12 2 4 
Flops / stencil call:  20
Stencil computations:  3764768000
Bytes transferred:     48000000000
Total Flops:           75295360000
Seconds elapsed:       4.284144
Performance in GFlop/s:     17.575357
Bandwidth utilization: 11.204105 GB/s
9425962878.000000
Validation OK.
tuned params: 200 200 200 196 196 12 2 4 
Flops / stencil call:  20
Stencil computations:  3764768000
Bytes transferred:     48000000000
Total Flops:           75295360000
Seconds elapsed:       2.828197
Performance in GFlop/s:     26.623096
Bandwidth utilization: 16.971944 GB/s
6222585844.000000
Validation OK.
tuned params: 200 200 200 196 196 12 2 4 
Flops / stencil call:  20
Stencil computations:  3764768000
Bytes transferred:     48000000000
Total Flops:           75295360000
Seconds elapsed:       2.771854
Performance in GFlop/s:     27.164257
Bandwidth utilization: 17.316928 GB/s
6098621709.000000
Validation OK.
