tuned params: 200 200 200 196 12 84 2 4 
Flops / stencil call:  20
Stencil computations:  3764768000
Bytes transferred:     48000000000
Total Flops:           75295360000
Seconds elapsed:       2.805455
Performance in GFlop/s:     26.838912
Bandwidth utilization: 17.109524 GB/s
6172552097.000000
Validation OK.
tuned params: 200 200 200 196 12 84 2 4 
Flops / stencil call:  20
Stencil computations:  3764768000
Bytes transferred:     48000000000
Total Flops:           75295360000
Seconds elapsed:       2.644103
Performance in GFlop/s:     28.476714
Bandwidth utilization: 18.153606 GB/s
5817542154.000000
Validation OK.
tuned params: 200 200 200 196 12 84 2 4 
Flops / stencil call:  20
Stencil computations:  3764768000
Bytes transferred:     48000000000
Total Flops:           75295360000
Seconds elapsed:       2.920027
Performance in GFlop/s:     25.785844
Bandwidth utilization: 16.438204 GB/s
6424631074.000000
Validation OK.
tuned params: 200 200 200 196 12 84 2 4 
Flops / stencil call:  20
Stencil computations:  3764768000
Bytes transferred:     48000000000
Total Flops:           75295360000
Seconds elapsed:       2.729045
Performance in GFlop/s:     27.590368
Bandwidth utilization: 17.588569 GB/s
6004435244.000000
Validation OK.
tuned params: 200 200 200 196 12 84 2 4 
Flops / stencil call:  20
Stencil computations:  3764768000
Bytes transferred:     48000000000
Total Flops:           75295360000
Seconds elapsed:       4.038624
Performance in GFlop/s:     18.643815
Bandwidth utilization: 11.885236 GB/s
8885769474.000000
Validation OK.
