tuned params: 200 200 200 196 108 36 2 4 
Flops / stencil call:  20
Stencil computations:  3764768000
Bytes transferred:     48000000000
Total Flops:           75295360000
Seconds elapsed:       2.849582
Performance in GFlop/s:     26.423300
Bandwidth utilization: 16.844576 GB/s
6269635820.000000
Validation OK.
tuned params: 200 200 200 196 108 36 2 4 
Flops / stencil call:  20
Stencil computations:  3764768000
Bytes transferred:     48000000000
Total Flops:           75295360000
Seconds elapsed:       2.803171
Performance in GFlop/s:     26.860779
Bandwidth utilization: 17.123464 GB/s
6167525069.000000
Validation OK.
tuned params: 200 200 200 196 108 36 2 4 
Flops / stencil call:  20
Stencil computations:  3764768000
Bytes transferred:     48000000000
Total Flops:           75295360000
Seconds elapsed:       2.805251
Performance in GFlop/s:     26.840865
Bandwidth utilization: 17.110769 GB/s
6172103514.000000
Validation OK.
tuned params: 200 200 200 196 108 36 2 4 
Flops / stencil call:  20
Stencil computations:  3764768000
Bytes transferred:     48000000000
Total Flops:           75295360000
Seconds elapsed:       2.582283
Performance in GFlop/s:     29.158446
Bandwidth utilization: 18.588203 GB/s
5681528651.000000
Validation OK.
tuned params: 200 200 200 196 108 36 2 4 
Flops / stencil call:  20
Stencil computations:  3764768000
Bytes transferred:     48000000000
Total Flops:           75295360000
Seconds elapsed:       3.131030
Performance in GFlop/s:     24.048111
Bandwidth utilization: 15.330418 GB/s
6888881638.000000
Validation OK.
