tuned params: 200 200 200 196 108 36 2 4 
Flops / stencil call:  20
Stencil computations:  3764768000
Bytes transferred:     48000000000
Total Flops:           75295360000
Seconds elapsed:       2.793083
Performance in GFlop/s:     26.957796
Bandwidth utilization: 17.185311 GB/s
6145335399.000000
Validation OK.
tuned params: 200 200 200 196 108 36 2 4 
Flops / stencil call:  20
Stencil computations:  3764768000
Bytes transferred:     48000000000
Total Flops:           75295360000
Seconds elapsed:       3.082159
Performance in GFlop/s:     24.429421
Bandwidth utilization: 15.573499 GB/s
6781358724.000000
Validation OK.
tuned params: 200 200 200 196 108 36 2 4 
Flops / stencil call:  20
Stencil computations:  3764768000
Bytes transferred:     48000000000
Total Flops:           75295360000
Seconds elapsed:       3.502570
Performance in GFlop/s:     21.497175
Bandwidth utilization: 13.704223 GB/s
7706343058.000000
Validation OK.
tuned params: 200 200 200 196 108 36 2 4 
Flops / stencil call:  20
Stencil computations:  3764768000
Bytes transferred:     48000000000
Total Flops:           75295360000
Seconds elapsed:       2.731363
Performance in GFlop/s:     27.566954
Bandwidth utilization: 17.573643 GB/s
6009537330.000000
Validation OK.
tuned params: 200 200 200 196 108 36 2 4 
Flops / stencil call:  20
Stencil computations:  3764768000
Bytes transferred:     48000000000
Total Flops:           75295360000
Seconds elapsed:       2.643241
Performance in GFlop/s:     28.486000
Bandwidth utilization: 18.159525 GB/s
5815650230.000000
Validation OK.
