tuned params: 200 200 200 196 104 56 2 0 
Flops / stencil call:  20
Stencil computations:  3764768000
Bytes transferred:     48000000000
Total Flops:           75295360000
Seconds elapsed:       3.319419
Performance in GFlop/s:     22.683294
Bandwidth utilization: 14.460361 GB/s
7303377164.000000
Validation OK.
tuned params: 200 200 200 196 104 56 2 0 
Flops / stencil call:  20
Stencil computations:  3764768000
Bytes transferred:     48000000000
Total Flops:           75295360000
Seconds elapsed:       3.412416
Performance in GFlop/s:     22.065118
Bandwidth utilization: 14.066280 GB/s
7507984659.000000
Validation OK.
tuned params: 200 200 200 196 104 56 2 0 
Flops / stencil call:  20
Stencil computations:  3764768000
Bytes transferred:     48000000000
Total Flops:           75295360000
Seconds elapsed:       3.433758
Performance in GFlop/s:     21.927975
Bandwidth utilization: 13.978853 GB/s
7554944510.000000
Validation OK.
tuned params: 200 200 200 196 104 56 2 0 
Flops / stencil call:  20
Stencil computations:  3764768000
Bytes transferred:     48000000000
Total Flops:           75295360000
Seconds elapsed:       3.548591
Performance in GFlop/s:     21.218383
Bandwidth utilization: 13.526496 GB/s
7807600752.000000
Validation OK.
tuned params: 200 200 200 196 104 56 2 0 
Flops / stencil call:  20
Stencil computations:  3764768000
Bytes transferred:     48000000000
Total Flops:           75295360000
Seconds elapsed:       3.468267
Performance in GFlop/s:     21.709794
Bandwidth utilization: 13.839765 GB/s
7630871177.000000
Validation OK.
