tuned params: 200 200 200 196 196 152 1 0 
Flops / stencil call:  20
Stencil computations:  3764768000
Bytes transferred:     48000000000
Total Flops:           75295360000
Seconds elapsed:       11.314464
Performance in GFlop/s:     6.654788
Bandwidth utilization: 4.242357 GB/s
24894067256.000000
Validation OK.
tuned params: 200 200 200 196 196 152 1 0 
Flops / stencil call:  20
Stencil computations:  3764768000
Bytes transferred:     48000000000
Total Flops:           75295360000
Seconds elapsed:       11.233493
Performance in GFlop/s:     6.702756
Bandwidth utilization: 4.272936 GB/s
24715917007.000000
Validation OK.
tuned params: 200 200 200 196 196 152 1 0 
Flops / stencil call:  20
Stencil computations:  3764768000
Bytes transferred:     48000000000
Total Flops:           75295360000
Seconds elapsed:       11.319785
Performance in GFlop/s:     6.651660
Bandwidth utilization: 4.240363 GB/s
24905775754.000000
Validation OK.
tuned params: 200 200 200 196 196 152 1 0 
Flops / stencil call:  20
Stencil computations:  3764768000
Bytes transferred:     48000000000
Total Flops:           75295360000
Seconds elapsed:       11.363181
Performance in GFlop/s:     6.626257
Bandwidth utilization: 4.224169 GB/s
25001253109.000000
Validation OK.
tuned params: 200 200 200 196 196 152 1 0 
Flops / stencil call:  20
Stencil computations:  3764768000
Bytes transferred:     48000000000
Total Flops:           75295360000
Seconds elapsed:       11.189656
Performance in GFlop/s:     6.729015
Bandwidth utilization: 4.289676 GB/s
24619468034.000000
Validation OK.
