tuned params: 200 200 200 196 132 20 2 1 
Flops / stencil call:  20
Stencil computations:  3764768000
Bytes transferred:     48000000000
Total Flops:           75295360000
Seconds elapsed:       3.097659
Performance in GFlop/s:     24.307181
Bandwidth utilization: 15.495572 GB/s
6815459714.000000
Validation OK.
tuned params: 200 200 200 196 132 20 2 1 
Flops / stencil call:  20
Stencil computations:  3764768000
Bytes transferred:     48000000000
Total Flops:           75295360000
Seconds elapsed:       3.171295
Performance in GFlop/s:     23.742781
Bandwidth utilization: 15.135773 GB/s
6977469275.000000
Validation OK.
tuned params: 200 200 200 196 132 20 2 1 
Flops / stencil call:  20
Stencil computations:  3764768000
Bytes transferred:     48000000000
Total Flops:           75295360000
Seconds elapsed:       3.504353
Performance in GFlop/s:     21.486237
Bandwidth utilization: 13.697250 GB/s
7710265850.000000
Validation OK.
tuned params: 200 200 200 196 132 20 2 1 
Flops / stencil call:  20
Stencil computations:  3764768000
Bytes transferred:     48000000000
Total Flops:           75295360000
Seconds elapsed:       2.988319
Performance in GFlop/s:     25.196561
Bandwidth utilization: 16.062543 GB/s
6574889504.000000
Validation OK.
tuned params: 200 200 200 196 132 20 2 1 
Flops / stencil call:  20
Stencil computations:  3764768000
Bytes transferred:     48000000000
Total Flops:           75295360000
Seconds elapsed:       3.097802
Performance in GFlop/s:     24.306058
Bandwidth utilization: 15.494857 GB/s
6815775826.000000
Validation OK.
