tuned params: 200 200 200 196 196 152 1 0 
Flops / stencil call:  20
Stencil computations:  3764768000
Bytes transferred:     48000000000
Total Flops:           75295360000
Seconds elapsed:       11.216734
Performance in GFlop/s:     6.712770
Bandwidth utilization: 4.279321 GB/s
24679043211.000000
Validation OK.
tuned params: 200 200 200 196 196 152 1 0 
Flops / stencil call:  20
Stencil computations:  3764768000
Bytes transferred:     48000000000
Total Flops:           75295360000
Seconds elapsed:       11.359192
Performance in GFlop/s:     6.628584
Bandwidth utilization: 4.225653 GB/s
24992476554.000000
Validation OK.
tuned params: 200 200 200 196 196 152 1 0 
Flops / stencil call:  20
Stencil computations:  3764768000
Bytes transferred:     48000000000
Total Flops:           75295360000
Seconds elapsed:       11.177767
Performance in GFlop/s:     6.736172
Bandwidth utilization: 4.294239 GB/s
24593309935.000000
Validation OK.
tuned params: 200 200 200 196 196 152 1 0 
Flops / stencil call:  20
Stencil computations:  3764768000
Bytes transferred:     48000000000
Total Flops:           75295360000
Seconds elapsed:       11.157659
Performance in GFlop/s:     6.748312
Bandwidth utilization: 4.301978 GB/s
24549065157.000000
Validation OK.
tuned params: 200 200 200 196 196 152 1 0 
Flops / stencil call:  20
Stencil computations:  3764768000
Bytes transferred:     48000000000
Total Flops:           75295360000
Seconds elapsed:       11.296688
Performance in GFlop/s:     6.665260
Bandwidth utilization: 4.249033 GB/s
24854956669.000000
Validation OK.
