tuned params: 200 200 200 196 108 36 2 4 
Flops / stencil call:  20
Stencil computations:  3764768000
Bytes transferred:     48000000000
Total Flops:           75295360000
Seconds elapsed:       2.690413
Performance in GFlop/s:     27.986543
Bandwidth utilization: 17.841127 GB/s
5919435118.000000
Validation OK.
tuned params: 200 200 200 196 108 36 2 4 
Flops / stencil call:  20
Stencil computations:  3764768000
Bytes transferred:     48000000000
Total Flops:           75295360000
Seconds elapsed:       2.907938
Performance in GFlop/s:     25.893042
Bandwidth utilization: 16.506542 GB/s
6398034195.000000
Validation OK.
tuned params: 200 200 200 196 108 36 2 4 
Flops / stencil call:  20
Stencil computations:  3764768000
Bytes transferred:     48000000000
Total Flops:           75295360000
Seconds elapsed:       3.405137
Performance in GFlop/s:     22.112286
Bandwidth utilization: 14.096350 GB/s
7491972258.000000
Validation OK.
tuned params: 200 200 200 196 108 36 2 4 
Flops / stencil call:  20
Stencil computations:  3764768000
Bytes transferred:     48000000000
Total Flops:           75295360000
Seconds elapsed:       3.562236
Performance in GFlop/s:     21.137107
Bandwidth utilization: 13.474683 GB/s
7837619550.000000
Validation OK.
tuned params: 200 200 200 196 108 36 2 4 
Flops / stencil call:  20
Stencil computations:  3764768000
Bytes transferred:     48000000000
Total Flops:           75295360000
Seconds elapsed:       2.671346
Performance in GFlop/s:     28.186298
Bandwidth utilization: 17.968469 GB/s
5877483749.000000
Validation OK.
