tuned params: 200 200 200 196 132 20 2 1 
Flops / stencil call:  20
Stencil computations:  3764768000
Bytes transferred:     48000000000
Total Flops:           75295360000
Seconds elapsed:       2.974494
Performance in GFlop/s:     25.313670
Bandwidth utilization: 16.137199 GB/s
6544471555.000000
Validation OK.
tuned params: 200 200 200 196 132 20 2 1 
Flops / stencil call:  20
Stencil computations:  3764768000
Bytes transferred:     48000000000
Total Flops:           75295360000
Seconds elapsed:       2.672884
Performance in GFlop/s:     28.170082
Bandwidth utilization: 17.958131 GB/s
5880866188.000000
Validation OK.
tuned params: 200 200 200 196 132 20 2 1 
Flops / stencil call:  20
Stencil computations:  3764768000
Bytes transferred:     48000000000
Total Flops:           75295360000
Seconds elapsed:       3.552867
Performance in GFlop/s:     21.192845
Bandwidth utilization: 13.510216 GB/s
7817005894.000000
Validation OK.
tuned params: 200 200 200 196 132 20 2 1 
Flops / stencil call:  20
Stencil computations:  3764768000
Bytes transferred:     48000000000
Total Flops:           75295360000
Seconds elapsed:       2.792221
Performance in GFlop/s:     26.966117
Bandwidth utilization: 17.190616 GB/s
6143432887.000000
Validation OK.
tuned params: 200 200 200 196 132 20 2 1 
Flops / stencil call:  20
Stencil computations:  3764768000
Bytes transferred:     48000000000
Total Flops:           75295360000
Seconds elapsed:       3.106253
Performance in GFlop/s:     24.239932
Bandwidth utilization: 15.452702 GB/s
6834367118.000000
Validation OK.
