tuned params: 200 200 200 196 12 84 2 4 
Flops / stencil call:  20
Stencil computations:  3764768000
Bytes transferred:     48000000000
Total Flops:           75295360000
Seconds elapsed:       2.813306
Performance in GFlop/s:     26.764015
Bandwidth utilization: 17.061778 GB/s
6189822582.000000
Validation OK.
tuned params: 200 200 200 196 12 84 2 4 
Flops / stencil call:  20
Stencil computations:  3764768000
Bytes transferred:     48000000000
Total Flops:           75295360000
Seconds elapsed:       2.809367
Performance in GFlop/s:     26.801540
Bandwidth utilization: 17.085700 GB/s
6181158867.000000
Validation OK.
tuned params: 200 200 200 196 12 84 2 4 
Flops / stencil call:  20
Stencil computations:  3764768000
Bytes transferred:     48000000000
Total Flops:           75295360000
Seconds elapsed:       3.260811
Performance in GFlop/s:     23.090991
Bandwidth utilization: 14.720264 GB/s
7174421492.000000
Validation OK.
tuned params: 200 200 200 196 12 84 2 4 
Flops / stencil call:  20
Stencil computations:  3764768000
Bytes transferred:     48000000000
Total Flops:           75295360000
Seconds elapsed:       2.925426
Performance in GFlop/s:     25.738255
Bandwidth utilization: 16.407867 GB/s
6436509185.000000
Validation OK.
tuned params: 200 200 200 196 12 84 2 4 
Flops / stencil call:  20
Stencil computations:  3764768000
Bytes transferred:     48000000000
Total Flops:           75295360000
Seconds elapsed:       2.920713
Performance in GFlop/s:     25.779786
Bandwidth utilization: 16.434342 GB/s
6426141067.000000
Validation OK.
