tuned params: 200 200 200 196 196 152 1 0 
Flops / stencil call:  20
Stencil computations:  3764768000
Bytes transferred:     48000000000
Total Flops:           75295360000
Seconds elapsed:       11.129911
Performance in GFlop/s:     6.765136
Bandwidth utilization: 4.312703 GB/s
24488016738.000000
Validation OK.
tuned params: 200 200 200 196 196 152 1 0 
Flops / stencil call:  20
Stencil computations:  3764768000
Bytes transferred:     48000000000
Total Flops:           75295360000
Seconds elapsed:       11.291075
Performance in GFlop/s:     6.668573
Bandwidth utilization: 4.251145 GB/s
24842610359.000000
Validation OK.
tuned params: 200 200 200 196 196 152 1 0 
Flops / stencil call:  20
Stencil computations:  3764768000
Bytes transferred:     48000000000
Total Flops:           75295360000
Seconds elapsed:       11.271483
Performance in GFlop/s:     6.680164
Bandwidth utilization: 4.258535 GB/s
24799503442.000000
Validation OK.
tuned params: 200 200 200 196 196 152 1 0 
Flops / stencil call:  20
Stencil computations:  3764768000
Bytes transferred:     48000000000
Total Flops:           75295360000
Seconds elapsed:       11.183284
Performance in GFlop/s:     6.732849
Bandwidth utilization: 4.292120 GB/s
24605449500.000000
Validation OK.
tuned params: 200 200 200 196 196 152 1 0 
Flops / stencil call:  20
Stencil computations:  3764768000
Bytes transferred:     48000000000
Total Flops:           75295360000
Seconds elapsed:       11.205012
Performance in GFlop/s:     6.719793
Bandwidth utilization: 4.283797 GB/s
24653255926.000000
Validation OK.
