[1;34m[pthread wrapper] 
[0m[1;34m[pthread wrapper] MAIN -> 0
[0m[1;34m[pthread wrapper] PIN_MASK: [0m[1;34m0->1  [0m[1;34m1->2  [0m[1;34m2->3  [0m[1;34m
[pthread wrapper] SKIP MASK: 0x0
[0m[1;34m	threadid 140256686089984 -> core 1 - OK[0m[1;34m
[0m[1;34m	threadid 140256677697280 -> core 2 - OK[0m[1;34m
[0m[1;34m	threadid 140256669304576 -> core 3 - OK[0m[1;34m
[0mFLOPs in stencil code:      1.204726e+10
Time spent in stencil code: 1.306187
Performance in GFlop/s:     9.223226
[1;34m[pthread wrapper] 
[0m[1;34m[pthread wrapper] MAIN -> 0
[0m[1;34m[pthread wrapper] PIN_MASK: [0m[1;34m0->1  [0m[1;34m1->2  [0m[1;34m2->3  [0m[1;34m
[pthread wrapper] SKIP MASK: 0x0
[0m[1;34m	threadid 140576504022784 -> core 1 - OK[0m[1;34m
[0m[1;34m	threadid 140576495630080 -> core 2 - OK[0m[1;34m
[0m[1;34m	threadid 140576487237376 -> core 3 - OK[0m[1;34m
[0mFLOPs in stencil code:      1.204726e+10
Time spent in stencil code: 1.308535
Performance in GFlop/s:     9.206677
[1;34m[pthread wrapper] 
[0m[1;34m[pthread wrapper] MAIN -> 0
[0m[1;34m[pthread wrapper] PIN_MASK: [0m[1;34m0->1  [0m[1;34m1->2  [0m[1;34m2->3  [0m[1;34m
[pthread wrapper] SKIP MASK: 0x0
[0m[1;34m	threadid 139989138736896 -> core 1 - OK[0m[1;34m
[0m[1;34m	threadid 139989130344192 -> core 2 - OK[0m[1;34m
[0m[1;34m	threadid 139989121951488 -> core 3 - OK[0m[1;34m
[0mFLOPs in stencil code:      1.204726e+10
Time spent in stencil code: 1.308604
Performance in GFlop/s:     9.206190
[1;34m[pthread wrapper] 
[0m[1;34m[pthread wrapper] MAIN -> 0
[0m[1;34m[pthread wrapper] PIN_MASK: [0m[1;34m0->1  [0m[1;34m1->2  [0m[1;34m2->3  [0m[1;34m
[pthread wrapper] SKIP MASK: 0x0
[0m[1;34m	threadid 140719965787904 -> core 1 - OK[0m[1;34m
[0m[1;34m	threadid 140719957395200 -> core 2 - OK[0m[1;34m
[0m[1;34m	threadid 140719949002496 -> core 3 - OK[0m[1;34m
[0mFLOPs in stencil code:      1.204726e+10
Time spent in stencil code: 1.307503
Performance in GFlop/s:     9.213943
[1;34m[pthread wrapper] 
[0m[1;34m[pthread wrapper] MAIN -> 0
[0m[1;34m[pthread wrapper] PIN_MASK: [0m[1;34m0->1  [0m[1;34m1->2  [0m[1;34m2->3  [0m[1;34m
[pthread wrapper] SKIP MASK: 0x0
[0m[1;34m	threadid 139625815222016 -> core 1 - OK[0m[1;34m
[0m[1;34m	threadid 139625806829312 -> core 2 - OK[0m[1;34m
[0m[1;34m	threadid 139625798436608 -> core 3 - OK[0m[1;34m
[0mFLOPs in stencil code:      1.204726e+10
Time spent in stencil code: 1.310404
Performance in GFlop/s:     9.193544
