[1;34m[pthread wrapper] 
[0m[1;34m[pthread wrapper] MAIN -> 0
[0m[1;34m[pthread wrapper] PIN_MASK: [0m[1;34m0->1  [0m[1;34m1->2  [0m[1;34m2->3  [0m[1;34m3->4  [0m[1;34m4->5  [0m[1;34m5->6  [0m[1;34m6->7  [0m[1;34m7->8  [0m[1;34m8->9  [0m[1;34m9->10  [0m[1;34m10->11  [0m[1;34m
[pthread wrapper] SKIP MASK: 0x0
[0m[1;34m	threadid 139948607874816 -> core 1 - OK[0m[1;34m
[0m[1;34m	threadid 139948599482112 -> core 2 - OK[0m[1;34m
[0m[1;34m	threadid 139948591089408 -> core 3 - OK[0m[1;34m
[0m[1;34m	threadid 139948582696704 -> core 4 - OK[0m[1;34m
[0m[1;34m	threadid 139948574304000 -> core 5 - OK[0m[1;34m
[0m[1;34m	threadid 139948565911296 -> core 6 - OK[0m[1;34m
[0m[1;34m	threadid 139948557518592 -> core 7 - OK[0m[1;34m
[0m[1;34m	threadid 139948549125888 -> core 8 - OK[0m[1;34m
[0m[1;34m	threadid 139948540733184 -> core 9 - OK[0m[1;34m
[0m[1;34m	threadid 139948532340480 -> core 10 - OK[0m[1;34m
[0m[1;34m	threadid 139948523947776 -> core 11 - OK[0m[1;34m
[0mFLOPs in stencil code:      1.204726e+10
Time spent in stencil code: 0.633290
Performance in GFlop/s:     19.023286
[1;34m[pthread wrapper] 
[0m[1;34m[pthread wrapper] MAIN -> 0
[0m[1;34m[pthread wrapper] PIN_MASK: [0m[1;34m0->1  [0m[1;34m1->2  [0m[1;34m2->3  [0m[1;34m3->4  [0m[1;34m4->5  [0m[1;34m5->6  [0m[1;34m6->7  [0m[1;34m7->8  [0m[1;34m8->9  [0m[1;34m9->10  [0m[1;34m10->11  [0m[1;34m
[pthread wrapper] SKIP MASK: 0x0
[0m[1;34m	threadid 140695468193536 -> core 1 - OK[0m[1;34m
[0m[1;34m	threadid 140695459800832 -> core 2 - OK[0m[1;34m
[0m[1;34m	threadid 140695451408128 -> core 3 - OK[0m[1;34m
[0m[1;34m	threadid 140695443015424 -> core 4 - OK[0m[1;34m
[0m[1;34m	threadid 140695434622720 -> core 5 - OK[0m[1;34m
[0m[1;34m	threadid 140695426230016 -> core 6 - OK[0m[1;34m
[0m[1;34m	threadid 140695417837312 -> core 7 - OK[0m[1;34m
[0m[1;34m	threadid 140695409444608 -> core 8 - OK[0m[1;34m
[0m[1;34m	threadid 140695401051904 -> core 9 - OK[0m[1;34m
[0m[1;34m	threadid 140695392659200 -> core 10 - OK[0m[1;34m
[0m[1;34m	threadid 140695384266496 -> core 11 - OK[0m[1;34m
[0mFLOPs in stencil code:      1.204726e+10
Time spent in stencil code: 0.634959
Performance in GFlop/s:     18.973285
[1;34m[pthread wrapper] 
[0m[1;34m[pthread wrapper] MAIN -> 0
[0m[1;34m[pthread wrapper] PIN_MASK: [0m[1;34m0->1  [0m[1;34m1->2  [0m[1;34m2->3  [0m[1;34m3->4  [0m[1;34m4->5  [0m[1;34m5->6  [0m[1;34m6->7  [0m[1;34m7->8  [0m[1;34m8->9  [0m[1;34m9->10  [0m[1;34m10->11  [0m[1;34m
[pthread wrapper] SKIP MASK: 0x0
[0m[1;34m	threadid 140438206314240 -> core 1 - OK[0m[1;34m
[0m[1;34m	threadid 140438197921536 -> core 2 - OK[0m[1;34m
[0m[1;34m	threadid 140438189528832 -> core 3 - OK[0m[1;34m
[0m[1;34m	threadid 140438181136128 -> core 4 - OK[0m[1;34m
[0m[1;34m	threadid 140438172743424 -> core 5 - OK[0m[1;34m
[0m[1;34m	threadid 140438164350720 -> core 6 - OK[0m[1;34m
[0m[1;34m	threadid 140438155958016 -> core 7 - OK[0m[1;34m
[0m[1;34m	threadid 140438147565312 -> core 8 - OK[0m[1;34m
[0m[1;34m	threadid 140438139172608 -> core 9 - OK[0m[1;34m
[0m[1;34m	threadid 140438130779904 -> core 10 - OK[0m[1;34m
[0m[1;34m	threadid 140438122387200 -> core 11 - OK[0m[1;34m
[0mFLOPs in stencil code:      1.204726e+10
Time spent in stencil code: 0.633409
Performance in GFlop/s:     19.019713
[1;34m[pthread wrapper] 
[0m[1;34m[pthread wrapper] MAIN -> 0
[0m[1;34m[pthread wrapper] PIN_MASK: [0m[1;34m0->1  [0m[1;34m1->2  [0m[1;34m2->3  [0m[1;34m3->4  [0m[1;34m4->5  [0m[1;34m5->6  [0m[1;34m6->7  [0m[1;34m7->8  [0m[1;34m8->9  [0m[1;34m9->10  [0m[1;34m10->11  [0m[1;34m
[pthread wrapper] SKIP MASK: 0x0
[0m[1;34m	threadid 140205730768640 -> core 1 - OK[0m[1;34m
[0m[1;34m	threadid 140205722375936 -> core 2 - OK[0m[1;34m
[0m[1;34m	threadid 140205713983232 -> core 3 - OK[0m[1;34m
[0m[1;34m	threadid 140205705590528 -> core 4 - OK[0m[1;34m
[0m[1;34m	threadid 140205697197824 -> core 5 - OK[0m[1;34m
[0m[1;34m	threadid 140205688805120 -> core 6 - OK[0m[1;34m
[0m[1;34m	threadid 140205680412416 -> core 7 - OK[0m[1;34m
[0m[1;34m	threadid 140205672019712 -> core 8 - OK[0m[1;34m
[0m[1;34m	threadid 140205663627008 -> core 9 - OK[0m[1;34m
[0m[1;34m	threadid 140205655234304 -> core 10 - OK[0m[1;34m
[0m[1;34m	threadid 140205646841600 -> core 11 - OK[0m[1;34m
[0mFLOPs in stencil code:      1.204726e+10
Time spent in stencil code: 0.633145
Performance in GFlop/s:     19.027641
[1;34m[pthread wrapper] 
[0m[1;34m[pthread wrapper] MAIN -> 0
[0m[1;34m[pthread wrapper] PIN_MASK: [0m[1;34m0->1  [0m[1;34m1->2  [0m[1;34m2->3  [0m[1;34m3->4  [0m[1;34m4->5  [0m[1;34m5->6  [0m[1;34m6->7  [0m[1;34m7->8  [0m[1;34m8->9  [0m[1;34m9->10  [0m[1;34m10->11  [0m[1;34m
[pthread wrapper] SKIP MASK: 0x0
[0m[1;34m	threadid 139837164644096 -> core 1 - OK[0m[1;34m
[0m[1;34m	threadid 139837156251392 -> core 2 - OK[0m[1;34m
[0m[1;34m	threadid 139837147858688 -> core 3 - OK[0m[1;34m
[0m[1;34m	threadid 139837139465984 -> core 4 - OK[0m[1;34m
[0m[1;34m	threadid 139837131073280 -> core 5 - OK[0m[1;34m
[0m[1;34m	threadid 139837122680576 -> core 6 - OK[0m[1;34m
[0m[1;34m	threadid 139837114287872 -> core 7 - OK[0m[1;34m
[0m[1;34m	threadid 139837105895168 -> core 8 - OK[0m[1;34m
[0m[1;34m	threadid 139837097502464 -> core 9 - OK[0m[1;34m
[0m[1;34m	threadid 139837089109760 -> core 10 - OK[0m[1;34m
[0m[1;34m	threadid 139837080717056 -> core 11 - OK[0m[1;34m
[0mFLOPs in stencil code:      1.204726e+10
Time spent in stencil code: 0.632967
Performance in GFlop/s:     19.032995
