[1;34m[pthread wrapper] 
[0m[1;34m[pthread wrapper] MAIN -> 0
[0m[1;34m[pthread wrapper] PIN_MASK: [0m[1;34m0->1  [0m[1;34m1->2  [0m[1;34m2->3  [0m[1;34m3->4  [0m[1;34m4->5  [0m[1;34m5->12  [0m[1;34m6->13  [0m[1;34m
[pthread wrapper] SKIP MASK: 0x0
[0m[1;34m	threadid 139672274138880 -> core 1 - OK[0m[1;34m
[0m[1;34m	threadid 139672265746176 -> core 2 - OK[0m[1;34m
[0m[1;34m	threadid 139672257353472 -> core 3 - OK[0m[1;34m
[0m[1;34m	threadid 139672248960768 -> core 4 - OK[0m[1;34m
[0m[1;34m	threadid 139672240568064 -> core 5 - OK[0m[1;34m
[0m[1;34m	threadid 139672232175360 -> core 12 - OK[0m[1;34m
[0m[1;34m	threadid 139672223782656 -> core 13 - OK[0m[1;34m
[0mFLOPs in stencil code:      1.204726e+10
Time spent in stencil code: 1.079057
Performance in GFlop/s:     11.164617
[1;34m[pthread wrapper] 
[0m[1;34m[pthread wrapper] MAIN -> 0
[0m[1;34m[pthread wrapper] PIN_MASK: [0m[1;34m0->1  [0m[1;34m1->2  [0m[1;34m2->3  [0m[1;34m3->4  [0m[1;34m4->5  [0m[1;34m5->12  [0m[1;34m6->13  [0m[1;34m
[pthread wrapper] SKIP MASK: 0x0
[0m[1;34m	threadid 139825828017920 -> core 1 - OK[0m[1;34m
[0m[1;34m	threadid 139825819625216 -> core 2 - OK[0m[1;34m
[0m[1;34m	threadid 139825811232512 -> core 3 - OK[0m[1;34m
[0m[1;34m	threadid 139825802839808 -> core 4 - OK[0m[1;34m
[0m[1;34m	threadid 139825794447104 -> core 5 - OK[0m[1;34m
[0m[1;34m	threadid 139825786054400 -> core 12 - OK[0m[1;34m
[0m[1;34m	threadid 139825777661696 -> core 13 - OK[0m[1;34m
[0mFLOPs in stencil code:      1.204726e+10
Time spent in stencil code: 1.079180
Performance in GFlop/s:     11.163344
[1;34m[pthread wrapper] 
[0m[1;34m[pthread wrapper] MAIN -> 0
[0m[1;34m[pthread wrapper] PIN_MASK: [0m[1;34m0->1  [0m[1;34m1->2  [0m[1;34m2->3  [0m[1;34m3->4  [0m[1;34m4->5  [0m[1;34m5->12  [0m[1;34m6->13  [0m[1;34m
[pthread wrapper] SKIP MASK: 0x0
[0m[1;34m	threadid 140661172500224 -> core 1 - OK[0m[1;34m
[0m[1;34m	threadid 140661164107520 -> core 2 - OK[0m[1;34m
[0m[1;34m	threadid 140661155714816 -> core 3 - OK[0m[1;34m
[0m[1;34m	threadid 140661147322112 -> core 4 - OK[0m[1;34m
[0m[1;34m	threadid 140661138929408 -> core 5 - OK[0m[1;34m
[0m[1;34m	threadid 140661130536704 -> core 12 - OK[0m[1;34m
[0m[1;34m	threadid 140661122144000 -> core 13 - OK[0m[1;34m
[0mFLOPs in stencil code:      1.204726e+10
Time spent in stencil code: 1.078933
Performance in GFlop/s:     11.165900
[1;34m[pthread wrapper] 
[0m[1;34m[pthread wrapper] MAIN -> 0
[0m[1;34m[pthread wrapper] PIN_MASK: [0m[1;34m0->1  [0m[1;34m1->2  [0m[1;34m2->3  [0m[1;34m3->4  [0m[1;34m4->5  [0m[1;34m5->12  [0m[1;34m6->13  [0m[1;34m
[pthread wrapper] SKIP MASK: 0x0
[0m[1;34m	threadid 140496501647104 -> core 1 - OK[0m[1;34m
[0m[1;34m	threadid 140496493254400 -> core 2 - OK[0m[1;34m
[0m[1;34m	threadid 140496484861696 -> core 3 - OK[0m[1;34m
[0m[1;34m	threadid 140496476468992 -> core 4 - OK[0m[1;34m
[0m[1;34m	threadid 140496468076288 -> core 5 - OK[0m[1;34m
[0m[1;34m	threadid 140496459683584 -> core 12 - OK[0m[1;34m
[0m[1;34m	threadid 140496451290880 -> core 13 - OK[0m[1;34m
[0mFLOPs in stencil code:      1.204726e+10
Time spent in stencil code: 1.076639
Performance in GFlop/s:     11.189692
[1;34m[pthread wrapper] 
[0m[1;34m[pthread wrapper] MAIN -> 0
[0m[1;34m[pthread wrapper] PIN_MASK: [0m[1;34m0->1  [0m[1;34m1->2  [0m[1;34m2->3  [0m[1;34m3->4  [0m[1;34m4->5  [0m[1;34m5->12  [0m[1;34m6->13  [0m[1;34m
[pthread wrapper] SKIP MASK: 0x0
[0m[1;34m	threadid 140157470222080 -> core 1 - OK[0m[1;34m
[0m[1;34m	threadid 140157461829376 -> core 2 - OK[0m[1;34m
[0m[1;34m	threadid 140157453436672 -> core 3 - OK[0m[1;34m
[0m[1;34m	threadid 140157445043968 -> core 4 - OK[0m[1;34m
[0m[1;34m	threadid 140157436651264 -> core 5 - OK[0m[1;34m
[0m[1;34m	threadid 140157428258560 -> core 12 - OK[0m[1;34m
[0m[1;34m	threadid 140157419865856 -> core 13 - OK[0m[1;34m
[0mFLOPs in stencil code:      1.204726e+10
Time spent in stencil code: 1.078983
Performance in GFlop/s:     11.165382
