[1;34m[pthread wrapper] 
[0m[1;34m[pthread wrapper] MAIN -> 0
[0m[1;34m[pthread wrapper] PIN_MASK: [0m[1;34m0->1  [0m[1;34m1->2  [0m[1;34m2->3  [0m[1;34m3->4  [0m[1;34m4->5  [0m[1;34m5->12  [0m[1;34m6->13  [0m[1;34m7->14  [0m[1;34m8->15  [0m[1;34m9->16  [0m[1;34m10->17  [0m[1;34m11->6  [0m[1;34m12->7  [0m[1;34m13->8  [0m[1;34m14->9  [0m[1;34m15->10  [0m[1;34m16->11  [0m[1;34m17->18  [0m[1;34m18->19  [0m[1;34m19->20  [0m[1;34m20->21  [0m[1;34m21->22  [0m[1;34m22->23  [0m[1;34m
[pthread wrapper] SKIP MASK: 0x0
[0m[1;34m	threadid 140590774802176 -> core 1 - OK[0m[1;34m
[0m[1;34m	threadid 140590766409472 -> core 2 - OK[0m[1;34m
[0m[1;34m	threadid 140590758016768 -> core 3 - OK[0m[1;34m
[0m[1;34m	threadid 140590749624064 -> core 4 - OK[0m[1;34m
[0m[1;34m	threadid 140590741231360 -> core 5 - OK[0m[1;34m
[0m[1;34m	threadid 140590732838656 -> core 12 - OK[0m[1;34m
[0m[1;34m	threadid 140590724445952 -> core 13 - OK[0m[1;34m
[0m[1;34m	threadid 140590716053248 -> core 14 - OK[0m[1;34m
[0m[1;34m	threadid 140590707660544 -> core 15 - OK[0m[1;34m
[0m[1;34m	threadid 140590699267840 -> core 16 - OK[0m[1;34m
[0m[1;34m	threadid 140590690875136 -> core 17 - OK[0m[1;34m
[0m[1;34m	threadid 140590682482432 -> core 6 - OK[0m[1;34m
[0m[1;34m	threadid 140590674089728 -> core 7 - OK[0m[1;34m
[0m[1;34m	threadid 140590665697024 -> core 8 - OK[0m[1;34m
[0m[1;34m	threadid 140590657304320 -> core 9 - OK[0m[1;34m
[0m[1;34m	threadid 140590648911616 -> core 10 - OK[0m[1;34m
[0m[1;34m	threadid 140590640518912 -> core 11 - OK[0m[1;34m
[0m[1;34m	threadid 140590632126208 -> core 18 - OK[0m[1;34m
[0m[1;34m	threadid 140590623733504 -> core 19 - OK[0m[1;34m
[0m[1;34m	threadid 140590615340800 -> core 20 - OK[0m[1;34m
[0m[1;34m	threadid 140590606948096 -> core 21 - OK[0m[1;34m
[0m[1;34m	threadid 140590598555392 -> core 22 - OK[0m[1;34m
[0m[1;34m	threadid 140590590162688 -> core 23 - OK[0m[1;34m
[0mFLOPs in stencil code:      1.204726e+10
Time spent in stencil code: 0.741537
Performance in GFlop/s:     16.246337
[1;34m[pthread wrapper] 
[0m[1;34m[pthread wrapper] MAIN -> 0
[0m[1;34m[pthread wrapper] PIN_MASK: [0m[1;34m0->1  [0m[1;34m1->2  [0m[1;34m2->3  [0m[1;34m3->4  [0m[1;34m4->5  [0m[1;34m5->12  [0m[1;34m6->13  [0m[1;34m7->14  [0m[1;34m8->15  [0m[1;34m9->16  [0m[1;34m10->17  [0m[1;34m11->6  [0m[1;34m12->7  [0m[1;34m13->8  [0m[1;34m14->9  [0m[1;34m15->10  [0m[1;34m16->11  [0m[1;34m17->18  [0m[1;34m18->19  [0m[1;34m19->20  [0m[1;34m20->21  [0m[1;34m21->22  [0m[1;34m22->23  [0m[1;34m
[pthread wrapper] SKIP MASK: 0x0
[0m[1;34m	threadid 139662775662336 -> core 1 - OK[0m[1;34m
[0m[1;34m	threadid 139662767269632 -> core 2 - OK[0m[1;34m
[0m[1;34m	threadid 139662758876928 -> core 3 - OK[0m[1;34m
[0m[1;34m	threadid 139662750484224 -> core 4 - OK[0m[1;34m
[0m[1;34m	threadid 139662742091520 -> core 5 - OK[0m[1;34m
[0m[1;34m	threadid 139662733698816 -> core 12 - OK[0m[1;34m
[0m[1;34m	threadid 139662725306112 -> core 13 - OK[0m[1;34m
[0m[1;34m	threadid 139662716913408 -> core 14 - OK[0m[1;34m
[0m[1;34m	threadid 139662708520704 -> core 15 - OK[0m[1;34m
[0m[1;34m	threadid 139662700128000 -> core 16 - OK[0m[1;34m
[0m[1;34m	threadid 139662691735296 -> core 17 - OK[0m[1;34m
[0m[1;34m	threadid 139662683342592 -> core 6 - OK[0m[1;34m
[0m[1;34m	threadid 139662674949888 -> core 7 - OK[0m[1;34m
[0m[1;34m	threadid 139662666557184 -> core 8 - OK[0m[1;34m
[0m[1;34m	threadid 139662658164480 -> core 9 - OK[0m[1;34m
[0m[1;34m	threadid 139662649771776 -> core 10 - OK[0m[1;34m
[0m[1;34m	threadid 139662641379072 -> core 11 - OK[0m[1;34m
[0m[1;34m	threadid 139662632986368 -> core 18 - OK[0m[1;34m
[0m[1;34m	threadid 139662624593664 -> core 19 - OK[0m[1;34m
[0m[1;34m	threadid 139662616200960 -> core 20 - OK[0m[1;34m
[0m[1;34m	threadid 139662607808256 -> core 21 - OK[0m[1;34m
[0m[1;34m	threadid 139662599415552 -> core 22 - OK[0m[1;34m
[0m[1;34m	threadid 139662591022848 -> core 23 - OK[0m[1;34m
[0mFLOPs in stencil code:      1.204726e+10
Time spent in stencil code: 0.740613
Performance in GFlop/s:     16.266603
[1;34m[pthread wrapper] 
[0m[1;34m[pthread wrapper] MAIN -> 0
[0m[1;34m[pthread wrapper] PIN_MASK: [0m[1;34m0->1  [0m[1;34m1->2  [0m[1;34m2->3  [0m[1;34m3->4  [0m[1;34m4->5  [0m[1;34m5->12  [0m[1;34m6->13  [0m[1;34m7->14  [0m[1;34m8->15  [0m[1;34m9->16  [0m[1;34m10->17  [0m[1;34m11->6  [0m[1;34m12->7  [0m[1;34m13->8  [0m[1;34m14->9  [0m[1;34m15->10  [0m[1;34m16->11  [0m[1;34m17->18  [0m[1;34m18->19  [0m[1;34m19->20  [0m[1;34m20->21  [0m[1;34m21->22  [0m[1;34m22->23  [0m[1;34m
[pthread wrapper] SKIP MASK: 0x0
[0m[1;34m	threadid 140361548031744 -> core 1 - OK[0m[1;34m
[0m[1;34m	threadid 140361539639040 -> core 2 - OK[0m[1;34m
[0m[1;34m	threadid 140361531246336 -> core 3 - OK[0m[1;34m
[0m[1;34m	threadid 140361522853632 -> core 4 - OK[0m[1;34m
[0m[1;34m	threadid 140361514460928 -> core 5 - OK[0m[1;34m
[0m[1;34m	threadid 140361506068224 -> core 12 - OK[0m[1;34m
[0m[1;34m	threadid 140361497675520 -> core 13 - OK[0m[1;34m
[0m[1;34m	threadid 140361489282816 -> core 14 - OK[0m[1;34m
[0m[1;34m	threadid 140361480890112 -> core 15 - OK[0m[1;34m
[0m[1;34m	threadid 140361472497408 -> core 16 - OK[0m[1;34m
[0m[1;34m	threadid 140361464104704 -> core 17 - OK[0m[1;34m
[0m[1;34m	threadid 140361455712000 -> core 6 - OK[0m[1;34m
[0m[1;34m	threadid 140361447319296 -> core 7 - OK[0m[1;34m
[0m[1;34m	threadid 140361438926592 -> core 8 - OK[0m[1;34m
[0m[1;34m	threadid 140361430533888 -> core 9 - OK[0m[1;34m
[0m[1;34m	threadid 140361422141184 -> core 10 - OK[0m[1;34m
[0m[1;34m	threadid 140361413748480 -> core 11 - OK[0m[1;34m
[0m[1;34m	threadid 140361405355776 -> core 18 - OK[0m[1;34m
[0m[1;34m	threadid 140361396963072 -> core 19 - OK[0m[1;34m
[0m[1;34m	threadid 140361388570368 -> core 20 - OK[0m[1;34m
[0m[1;34m	threadid 140361380177664 -> core 21 - OK[0m[1;34m
[0m[1;34m	threadid 140361371784960 -> core 22 - OK[0m[1;34m
[0m[1;34m	threadid 140361363392256 -> core 23 - OK[0m[1;34m
[0mFLOPs in stencil code:      1.204726e+10
Time spent in stencil code: 0.741076
Performance in GFlop/s:     16.256440
[1;34m[pthread wrapper] 
[0m[1;34m[pthread wrapper] MAIN -> 0
[0m[1;34m[pthread wrapper] PIN_MASK: [0m[1;34m0->1  [0m[1;34m1->2  [0m[1;34m2->3  [0m[1;34m3->4  [0m[1;34m4->5  [0m[1;34m5->12  [0m[1;34m6->13  [0m[1;34m7->14  [0m[1;34m8->15  [0m[1;34m9->16  [0m[1;34m10->17  [0m[1;34m11->6  [0m[1;34m12->7  [0m[1;34m13->8  [0m[1;34m14->9  [0m[1;34m15->10  [0m[1;34m16->11  [0m[1;34m17->18  [0m[1;34m18->19  [0m[1;34m19->20  [0m[1;34m20->21  [0m[1;34m21->22  [0m[1;34m22->23  [0m[1;34m
[pthread wrapper] SKIP MASK: 0x0
[0m[1;34m	threadid 139941993531136 -> core 1 - OK[0m[1;34m
[0m[1;34m	threadid 139941985138432 -> core 2 - OK[0m[1;34m
[0m[1;34m	threadid 139941976745728 -> core 3 - OK[0m[1;34m
[0m[1;34m	threadid 139941968353024 -> core 4 - OK[0m[1;34m
[0m[1;34m	threadid 139941959960320 -> core 5 - OK[0m[1;34m
[0m[1;34m	threadid 139941951567616 -> core 12 - OK[0m[1;34m
[0m[1;34m	threadid 139941943174912 -> core 13 - OK[0m[1;34m
[0m[1;34m	threadid 139941934782208 -> core 14 - OK[0m[1;34m
[0m[1;34m	threadid 139941926389504 -> core 15 - OK[0m[1;34m
[0m[1;34m	threadid 139941917996800 -> core 16 - OK[0m[1;34m
[0m[1;34m	threadid 139941909604096 -> core 17 - OK[0m[1;34m
[0m[1;34m	threadid 139941901211392 -> core 6 - OK[0m[1;34m
[0m[1;34m	threadid 139941892818688 -> core 7 - OK[0m[1;34m
[0m[1;34m	threadid 139941884425984 -> core 8 - OK[0m[1;34m
[0m[1;34m	threadid 139941876033280 -> core 9 - OK[0m[1;34m
[0m[1;34m	threadid 139941867640576 -> core 10 - OK[0m[1;34m
[0m[1;34m	threadid 139941859247872 -> core 11 - OK[0m[1;34m
[0m[1;34m	threadid 139941850855168 -> core 18 - OK[0m[1;34m
[0m[1;34m	threadid 139941842462464 -> core 19 - OK[0m[1;34m
[0m[1;34m	threadid 139941834069760 -> core 20 - OK[0m[1;34m
[0m[1;34m	threadid 139941825677056 -> core 21 - OK[0m[1;34m
[0m[1;34m	threadid 139941817284352 -> core 22 - OK[0m[1;34m
[0m[1;34m	threadid 139941808891648 -> core 23 - OK[0m[1;34m
[0mFLOPs in stencil code:      1.204726e+10
Time spent in stencil code: 0.740516
Performance in GFlop/s:     16.268735
[1;34m[pthread wrapper] 
[0m[1;34m[pthread wrapper] MAIN -> 0
[0m[1;34m[pthread wrapper] PIN_MASK: [0m[1;34m0->1  [0m[1;34m1->2  [0m[1;34m2->3  [0m[1;34m3->4  [0m[1;34m4->5  [0m[1;34m5->12  [0m[1;34m6->13  [0m[1;34m7->14  [0m[1;34m8->15  [0m[1;34m9->16  [0m[1;34m10->17  [0m[1;34m11->6  [0m[1;34m12->7  [0m[1;34m13->8  [0m[1;34m14->9  [0m[1;34m15->10  [0m[1;34m16->11  [0m[1;34m17->18  [0m[1;34m18->19  [0m[1;34m19->20  [0m[1;34m20->21  [0m[1;34m21->22  [0m[1;34m22->23  [0m[1;34m
[pthread wrapper] SKIP MASK: 0x0
[0m[1;34m	threadid 140597029701376 -> core 1 - OK[0m[1;34m
[0m[1;34m	threadid 140597021308672 -> core 2 - OK[0m[1;34m
[0m[1;34m	threadid 140597012915968 -> core 3 - OK[0m[1;34m
[0m[1;34m	threadid 140597004523264 -> core 4 - OK[0m[1;34m
[0m[1;34m	threadid 140596996130560 -> core 5 - OK[0m[1;34m
[0m[1;34m	threadid 140596987737856 -> core 12 - OK[0m[1;34m
[0m[1;34m	threadid 140596979345152 -> core 13 - OK[0m[1;34m
[0m[1;34m	threadid 140596970952448 -> core 14 - OK[0m[1;34m
[0m[1;34m	threadid 140596962559744 -> core 15 - OK[0m[1;34m
[0m[1;34m	threadid 140596954167040 -> core 16 - OK[0m[1;34m
[0m[1;34m	threadid 140596945774336 -> core 17 - OK[0m[1;34m
[0m[1;34m	threadid 140596937381632 -> core 6 - OK[0m[1;34m
[0m[1;34m	threadid 140596928988928 -> core 7 - OK[0m[1;34m
[0m[1;34m	threadid 140596920596224 -> core 8 - OK[0m[1;34m
[0m[1;34m	threadid 140596912203520 -> core 9 - OK[0m[1;34m
[0m[1;34m	threadid 140596903810816 -> core 10 - OK[0m[1;34m
[0m[1;34m	threadid 140596895418112 -> core 11 - OK[0m[1;34m
[0m[1;34m	threadid 140596887025408 -> core 18 - OK[0m[1;34m
[0m[1;34m	threadid 140596878632704 -> core 19 - OK[0m[1;34m
[0m[1;34m	threadid 140596870240000 -> core 20 - OK[0m[1;34m
[0m[1;34m	threadid 140596861847296 -> core 21 - OK[0m[1;34m
[0m[1;34m	threadid 140596853454592 -> core 22 - OK[0m[1;34m
[0m[1;34m	threadid 140596845061888 -> core 23 - OK[0m[1;34m
[0mFLOPs in stencil code:      1.204726e+10
Time spent in stencil code: 0.740915
Performance in GFlop/s:     16.259971
