[1;34m[pthread wrapper] 
[0m[1;34m[pthread wrapper] MAIN -> 0
[0m[1;34m[pthread wrapper] PIN_MASK: [0m[1;34m0->1  [0m[1;34m1->2  [0m[1;34m2->3  [0m[1;34m3->4  [0m[1;34m4->5  [0m[1;34m5->6  [0m[1;34m6->7  [0m[1;34m7->8  [0m[1;34m8->9  [0m[1;34m9->10  [0m[1;34m10->11  [0m[1;34m11->12  [0m[1;34m12->13  [0m[1;34m13->14  [0m[1;34m14->15  [0m[1;34m15->16  [0m[1;34m16->17  [0m[1;34m17->18  [0m[1;34m18->19  [0m[1;34m19->20  [0m[1;34m20->21  [0m[1;34m21->22  [0m[1;34m22->23  [0m[1;34m
[pthread wrapper] SKIP MASK: 0x0
[0m[1;34m	threadid 139701221066496 -> core 1 - OK[0m[1;34m
[0m[1;34m	threadid 139701212673792 -> core 2 - OK[0m[1;34m
[0m[1;34m	threadid 139701204281088 -> core 3 - OK[0m[1;34m
[0m[1;34m	threadid 139701195888384 -> core 4 - OK[0m[1;34m
[0m[1;34m	threadid 139701187495680 -> core 5 - OK[0m[1;34m
[0m[1;34m	threadid 139701179102976 -> core 6 - OK[0m[1;34m
[0m[1;34m	threadid 139701170710272 -> core 7 - OK[0m[1;34m
[0m[1;34m	threadid 139701162317568 -> core 8 - OK[0m[1;34m
[0m[1;34m	threadid 139701153924864 -> core 9 - OK[0m[1;34m
[0m[1;34m	threadid 139701145532160 -> core 10 - OK[0m[1;34m
[0m[1;34m	threadid 139701137139456 -> core 11 - OK[0m[1;34m
[0m[1;34m	threadid 139701128746752 -> core 12 - OK[0m[1;34m
[0m[1;34m	threadid 139701120354048 -> core 13 - OK[0m[1;34m
[0m[1;34m	threadid 139701111961344 -> core 14 - OK[0m[1;34m
[0m[1;34m	threadid 139701103568640 -> core 15 - OK[0m[1;34m
[0m[1;34m	threadid 139701095175936 -> core 16 - OK[0m[1;34m
[0m[1;34m	threadid 139701086783232 -> core 17 - OK[0m[1;34m
[0m[1;34m	threadid 139701078390528 -> core 18 - OK[0m[1;34m
[0m[1;34m	threadid 139701069997824 -> core 19 - OK[0m[1;34m
[0m[1;34m	threadid 139701061605120 -> core 20 - OK[0m[1;34m
[0m[1;34m	threadid 139701053212416 -> core 21 - OK[0m[1;34m
[0m[1;34m	threadid 139701044819712 -> core 22 - OK[0m[1;34m
[0m[1;34m	threadid 139701036427008 -> core 23 - OK[0m[1;34m
[0mFLOPs in stencil code:      1.204726e+10
Time spent in stencil code: 0.477533
Performance in GFlop/s:     25.228110
[1;34m[pthread wrapper] 
[0m[1;34m[pthread wrapper] MAIN -> 0
[0m[1;34m[pthread wrapper] PIN_MASK: [0m[1;34m0->1  [0m[1;34m1->2  [0m[1;34m2->3  [0m[1;34m3->4  [0m[1;34m4->5  [0m[1;34m5->6  [0m[1;34m6->7  [0m[1;34m7->8  [0m[1;34m8->9  [0m[1;34m9->10  [0m[1;34m10->11  [0m[1;34m11->12  [0m[1;34m12->13  [0m[1;34m13->14  [0m[1;34m14->15  [0m[1;34m15->16  [0m[1;34m16->17  [0m[1;34m17->18  [0m[1;34m18->19  [0m[1;34m19->20  [0m[1;34m20->21  [0m[1;34m21->22  [0m[1;34m22->23  [0m[1;34m
[pthread wrapper] SKIP MASK: 0x0
[0m[1;34m	threadid 140425938650880 -> core 1 - OK[0m[1;34m
[0m[1;34m	threadid 140425930258176 -> core 2 - OK[0m[1;34m
[0m[1;34m	threadid 140425921865472 -> core 3 - OK[0m[1;34m
[0m[1;34m	threadid 140425913472768 -> core 4 - OK[0m[1;34m
[0m[1;34m	threadid 140425905080064 -> core 5 - OK[0m[1;34m
[0m[1;34m	threadid 140425896687360 -> core 6 - OK[0m[1;34m
[0m[1;34m	threadid 140425888294656 -> core 7 - OK[0m[1;34m
[0m[1;34m	threadid 140425879901952 -> core 8 - OK[0m[1;34m
[0m[1;34m	threadid 140425871509248 -> core 9 - OK[0m[1;34m
[0m[1;34m	threadid 140425863116544 -> core 10 - OK[0m[1;34m
[0m[1;34m	threadid 140425854723840 -> core 11 - OK[0m[1;34m
[0m[1;34m	threadid 140425846331136 -> core 12 - OK[0m[1;34m
[0m[1;34m	threadid 140425837938432 -> core 13 - OK[0m[1;34m
[0m[1;34m	threadid 140425829545728 -> core 14 - OK[0m[1;34m
[0m[1;34m	threadid 140425821153024 -> core 15 - OK[0m[1;34m
[0m[1;34m	threadid 140425812760320 -> core 16 - OK[0m[1;34m
[0m[1;34m	threadid 140425804367616 -> core 17 - OK[0m[1;34m
[0m[1;34m	threadid 140425795974912 -> core 18 - OK[0m[1;34m
[0m[1;34m	threadid 140425787582208 -> core 19 - OK[0m[1;34m
[0m[1;34m	threadid 140425779189504 -> core 20 - OK[0m[1;34m
[0m[1;34m	threadid 140425770796800 -> core 21 - OK[0m[1;34m
[0m[1;34m	threadid 140425762404096 -> core 22 - OK[0m[1;34m
[0m[1;34m	threadid 140425754011392 -> core 23 - OK[0m[1;34m
[0mFLOPs in stencil code:      1.204726e+10
Time spent in stencil code: 0.472062
Performance in GFlop/s:     25.520505
[1;34m[pthread wrapper] 
[0m[1;34m[pthread wrapper] MAIN -> 0
[0m[1;34m[pthread wrapper] PIN_MASK: [0m[1;34m0->1  [0m[1;34m1->2  [0m[1;34m2->3  [0m[1;34m3->4  [0m[1;34m4->5  [0m[1;34m5->6  [0m[1;34m6->7  [0m[1;34m7->8  [0m[1;34m8->9  [0m[1;34m9->10  [0m[1;34m10->11  [0m[1;34m11->12  [0m[1;34m12->13  [0m[1;34m13->14  [0m[1;34m14->15  [0m[1;34m15->16  [0m[1;34m16->17  [0m[1;34m17->18  [0m[1;34m18->19  [0m[1;34m19->20  [0m[1;34m20->21  [0m[1;34m21->22  [0m[1;34m22->23  [0m[1;34m
[pthread wrapper] SKIP MASK: 0x0
[0m[1;34m	threadid 140579358959360 -> core 1 - OK[0m[1;34m
[0m[1;34m	threadid 140579350566656 -> core 2 - OK[0m[1;34m
[0m[1;34m	threadid 140579342173952 -> core 3 - OK[0m[1;34m
[0m[1;34m	threadid 140579333781248 -> core 4 - OK[0m[1;34m
[0m[1;34m	threadid 140579325388544 -> core 5 - OK[0m[1;34m
[0m[1;34m	threadid 140579316995840 -> core 6 - OK[0m[1;34m
[0m[1;34m	threadid 140579308603136 -> core 7 - OK[0m[1;34m
[0m[1;34m	threadid 140579300210432 -> core 8 - OK[0m[1;34m
[0m[1;34m	threadid 140579291817728 -> core 9 - OK[0m[1;34m
[0m[1;34m	threadid 140579283425024 -> core 10 - OK[0m[1;34m
[0m[1;34m	threadid 140579275032320 -> core 11 - OK[0m[1;34m
[0m[1;34m	threadid 140579266639616 -> core 12 - OK[0m[1;34m
[0m[1;34m	threadid 140579258246912 -> core 13 - OK[0m[1;34m
[0m[1;34m	threadid 140579249854208 -> core 14 - OK[0m[1;34m
[0m[1;34m	threadid 140579241461504 -> core 15 - OK[0m[1;34m
[0m[1;34m	threadid 140579233068800 -> core 16 - OK[0m[1;34m
[0m[1;34m	threadid 140579224676096 -> core 17 - OK[0m[1;34m
[0m[1;34m	threadid 140579216283392 -> core 18 - OK[0m[1;34m
[0m[1;34m	threadid 140579207890688 -> core 19 - OK[0m[1;34m
[0m[1;34m	threadid 140579199497984 -> core 20 - OK[0m[1;34m
[0m[1;34m	threadid 140579191105280 -> core 21 - OK[0m[1;34m
[0m[1;34m	threadid 140579182712576 -> core 22 - OK[0m[1;34m
[0m[1;34m	threadid 140579174319872 -> core 23 - OK[0m[1;34m
[0mFLOPs in stencil code:      1.204726e+10
Time spent in stencil code: 0.474892
Performance in GFlop/s:     25.368408
[1;34m[pthread wrapper] 
[0m[1;34m[pthread wrapper] MAIN -> 0
[0m[1;34m[pthread wrapper] PIN_MASK: [0m[1;34m0->1  [0m[1;34m1->2  [0m[1;34m2->3  [0m[1;34m3->4  [0m[1;34m4->5  [0m[1;34m5->6  [0m[1;34m6->7  [0m[1;34m7->8  [0m[1;34m8->9  [0m[1;34m9->10  [0m[1;34m10->11  [0m[1;34m11->12  [0m[1;34m12->13  [0m[1;34m13->14  [0m[1;34m14->15  [0m[1;34m15->16  [0m[1;34m16->17  [0m[1;34m17->18  [0m[1;34m18->19  [0m[1;34m19->20  [0m[1;34m20->21  [0m[1;34m21->22  [0m[1;34m22->23  [0m[1;34m
[pthread wrapper] SKIP MASK: 0x0
[0m[1;34m	threadid 140100468885248 -> core 1 - OK[0m[1;34m
[0m[1;34m	threadid 140100460492544 -> core 2 - OK[0m[1;34m
[0m[1;34m	threadid 140100452099840 -> core 3 - OK[0m[1;34m
[0m[1;34m	threadid 140100443707136 -> core 4 - OK[0m[1;34m
[0m[1;34m	threadid 140100435314432 -> core 5 - OK[0m[1;34m
[0m[1;34m	threadid 140100426921728 -> core 6 - OK[0m[1;34m
[0m[1;34m	threadid 140100418529024 -> core 7 - OK[0m[1;34m
[0m[1;34m	threadid 140100410136320 -> core 8 - OK[0m[1;34m
[0m[1;34m	threadid 140100401743616 -> core 9 - OK[0m[1;34m
[0m[1;34m	threadid 140100393350912 -> core 10 - OK[0m[1;34m
[0m[1;34m	threadid 140100384958208 -> core 11 - OK[0m[1;34m
[0m[1;34m	threadid 140100376565504 -> core 12 - OK[0m[1;34m
[0m[1;34m	threadid 140100368172800 -> core 13 - OK[0m[1;34m
[0m[1;34m	threadid 140100359780096 -> core 14 - OK[0m[1;34m
[0m[1;34m	threadid 140100351387392 -> core 15 - OK[0m[1;34m
[0m[1;34m	threadid 140100342994688 -> core 16 - OK[0m[1;34m
[0m[1;34m	threadid 140100334601984 -> core 17 - OK[0m[1;34m
[0m[1;34m	threadid 140100326209280 -> core 18 - OK[0m[1;34m
[0m[1;34m	threadid 140100317816576 -> core 19 - OK[0m[1;34m
[0m[1;34m	threadid 140100309423872 -> core 20 - OK[0m[1;34m
[0m[1;34m	threadid 140100301031168 -> core 21 - OK[0m[1;34m
[0m[1;34m	threadid 140100292638464 -> core 22 - OK[0m[1;34m
[0m[1;34m	threadid 140100284245760 -> core 23 - OK[0m[1;34m
[0mFLOPs in stencil code:      1.204726e+10
Time spent in stencil code: 0.472120
Performance in GFlop/s:     25.517361
[1;34m[pthread wrapper] 
[0m[1;34m[pthread wrapper] MAIN -> 0
[0m[1;34m[pthread wrapper] PIN_MASK: [0m[1;34m0->1  [0m[1;34m1->2  [0m[1;34m2->3  [0m[1;34m3->4  [0m[1;34m4->5  [0m[1;34m5->6  [0m[1;34m6->7  [0m[1;34m7->8  [0m[1;34m8->9  [0m[1;34m9->10  [0m[1;34m10->11  [0m[1;34m11->12  [0m[1;34m12->13  [0m[1;34m13->14  [0m[1;34m14->15  [0m[1;34m15->16  [0m[1;34m16->17  [0m[1;34m17->18  [0m[1;34m18->19  [0m[1;34m19->20  [0m[1;34m20->21  [0m[1;34m21->22  [0m[1;34m22->23  [0m[1;34m
[pthread wrapper] SKIP MASK: 0x0
[0m[1;34m	threadid 139657973442304 -> core 1 - OK[0m[1;34m
[0m[1;34m	threadid 139657965049600 -> core 2 - OK[0m[1;34m
[0m[1;34m	threadid 139657956656896 -> core 3 - OK[0m[1;34m
[0m[1;34m	threadid 139657948264192 -> core 4 - OK[0m[1;34m
[0m[1;34m	threadid 139657939871488 -> core 5 - OK[0m[1;34m
[0m[1;34m	threadid 139657931478784 -> core 6 - OK[0m[1;34m
[0m[1;34m	threadid 139657923086080 -> core 7 - OK[0m[1;34m
[0m[1;34m	threadid 139657914693376 -> core 8 - OK[0m[1;34m
[0m[1;34m	threadid 139657906300672 -> core 9 - OK[0m[1;34m
[0m[1;34m	threadid 139657897907968 -> core 10 - OK[0m[1;34m
[0m[1;34m	threadid 139657889515264 -> core 11 - OK[0m[1;34m
[0m[1;34m	threadid 139657881122560 -> core 12 - OK[0m[1;34m
[0m[1;34m	threadid 139657872729856 -> core 13 - OK[0m[1;34m
[0m[1;34m	threadid 139657864337152 -> core 14 - OK[0m[1;34m
[0m[1;34m	threadid 139657855944448 -> core 15 - OK[0m[1;34m
[0m[1;34m	threadid 139657847551744 -> core 16 - OK[0m[1;34m
[0m[1;34m	threadid 139657839159040 -> core 17 - OK[0m[1;34m
[0m[1;34m	threadid 139657830766336 -> core 18 - OK[0m[1;34m
[0m[1;34m	threadid 139657822373632 -> core 19 - OK[0m[1;34m
[0m[1;34m	threadid 139657813980928 -> core 20 - OK[0m[1;34m
[0m[1;34m	threadid 139657805588224 -> core 21 - OK[0m[1;34m
[0m[1;34m	threadid 139657797195520 -> core 22 - OK[0m[1;34m
[0m[1;34m	threadid 139657788802816 -> core 23 - OK[0m[1;34m
[0mFLOPs in stencil code:      1.204726e+10
Time spent in stencil code: 0.472089
Performance in GFlop/s:     25.519049
