[1;34m[pthread wrapper] 
[0m[1;34m[pthread wrapper] MAIN -> 0
[0m[1;34m[pthread wrapper] PIN_MASK: [0m[1;34m0->1  [0m[1;34m1->2  [0m[1;34m2->3  [0m[1;34m3->4  [0m[1;34m4->5  [0m[1;34m5->6  [0m[1;34m6->7  [0m[1;34m7->8  [0m[1;34m8->9  [0m[1;34m9->10  [0m[1;34m10->11  [0m[1;34m
[pthread wrapper] SKIP MASK: 0x0
[0m[1;34m	threadid 139782592345856 -> core 1 - OK[0m[1;34m
[0m[1;34m	threadid 139782583953152 -> core 2 - OK[0m[1;34m
[0m[1;34m	threadid 139782575560448 -> core 3 - OK[0m[1;34m
[0m[1;34m	threadid 139782567167744 -> core 4 - OK[0m[1;34m
[0m[1;34m	threadid 139782558775040 -> core 5 - OK[0m[1;34m
[0m[1;34m	threadid 139782550382336 -> core 6 - OK[0m[1;34m
[0m[1;34m	threadid 139782541989632 -> core 7 - OK[0m[1;34m
[0m[1;34m	threadid 139782533596928 -> core 8 - OK[0m[1;34m
[0m[1;34m	threadid 139782525204224 -> core 9 - OK[0m[1;34m
[0m[1;34m	threadid 139782516811520 -> core 10 - OK[0m[1;34m
[0m[1;34m	threadid 139782508418816 -> core 11 - OK[0m[1;34m
[0mFLOPs in stencil code:      1.204726e+10
Time spent in stencil code: 0.631869
Performance in GFlop/s:     19.066066
[1;34m[pthread wrapper] 
[0m[1;34m[pthread wrapper] MAIN -> 0
[0m[1;34m[pthread wrapper] PIN_MASK: [0m[1;34m0->1  [0m[1;34m1->2  [0m[1;34m2->3  [0m[1;34m3->4  [0m[1;34m4->5  [0m[1;34m5->6  [0m[1;34m6->7  [0m[1;34m7->8  [0m[1;34m8->9  [0m[1;34m9->10  [0m[1;34m10->11  [0m[1;34m
[pthread wrapper] SKIP MASK: 0x0
[0m[1;34m	threadid 140634291349248 -> core 1 - OK[0m[1;34m
[0m[1;34m	threadid 140634282956544 -> core 2 - OK[0m[1;34m
[0m[1;34m	threadid 140634274563840 -> core 3 - OK[0m[1;34m
[0m[1;34m	threadid 140634266171136 -> core 4 - OK[0m[1;34m
[0m[1;34m	threadid 140634257778432 -> core 5 - OK[0m[1;34m
[0m[1;34m	threadid 140634249385728 -> core 6 - OK[0m[1;34m
[0m[1;34m	threadid 140634240993024 -> core 7 - OK[0m[1;34m
[0m[1;34m	threadid 140634232600320 -> core 8 - OK[0m[1;34m
[0m[1;34m	threadid 140634224207616 -> core 9 - OK[0m[1;34m
[0m[1;34m	threadid 140634215814912 -> core 10 - OK[0m[1;34m
[0m[1;34m	threadid 140634207422208 -> core 11 - OK[0m[1;34m
[0mFLOPs in stencil code:      1.204726e+10
Time spent in stencil code: 0.631679
Performance in GFlop/s:     19.071809
[1;34m[pthread wrapper] 
[0m[1;34m[pthread wrapper] MAIN -> 0
[0m[1;34m[pthread wrapper] PIN_MASK: [0m[1;34m0->1  [0m[1;34m1->2  [0m[1;34m2->3  [0m[1;34m3->4  [0m[1;34m4->5  [0m[1;34m5->6  [0m[1;34m6->7  [0m[1;34m7->8  [0m[1;34m8->9  [0m[1;34m9->10  [0m[1;34m10->11  [0m[1;34m
[pthread wrapper] SKIP MASK: 0x0
[0m[1;34m	threadid 139654850496256 -> core 1 - OK[0m[1;34m
[0m[1;34m	threadid 139654842103552 -> core 2 - OK[0m[1;34m
[0m[1;34m	threadid 139654833710848 -> core 3 - OK[0m[1;34m
[0m[1;34m	threadid 139654825318144 -> core 4 - OK[0m[1;34m
[0m[1;34m	threadid 139654816925440 -> core 5 - OK[0m[1;34m
[0m[1;34m	threadid 139654808532736 -> core 6 - OK[0m[1;34m
[0m[1;34m	threadid 139654800140032 -> core 7 - OK[0m[1;34m
[0m[1;34m	threadid 139654791747328 -> core 8 - OK[0m[1;34m
[0m[1;34m	threadid 139654783354624 -> core 9 - OK[0m[1;34m
[0m[1;34m	threadid 139654774961920 -> core 10 - OK[0m[1;34m
[0m[1;34m	threadid 139654766569216 -> core 11 - OK[0m[1;34m
[0mFLOPs in stencil code:      1.204726e+10
Time spent in stencil code: 0.632483
Performance in GFlop/s:     19.047559
[1;34m[pthread wrapper] 
[0m[1;34m[pthread wrapper] MAIN -> 0
[0m[1;34m[pthread wrapper] PIN_MASK: [0m[1;34m0->1  [0m[1;34m1->2  [0m[1;34m2->3  [0m[1;34m3->4  [0m[1;34m4->5  [0m[1;34m5->6  [0m[1;34m6->7  [0m[1;34m7->8  [0m[1;34m8->9  [0m[1;34m9->10  [0m[1;34m10->11  [0m[1;34m
[pthread wrapper] SKIP MASK: 0x0
[0m[1;34m	threadid 139931818272512 -> core 1 - OK[0m[1;34m
[0m[1;34m	threadid 139931809879808 -> core 2 - OK[0m[1;34m
[0m[1;34m	threadid 139931801487104 -> core 3 - OK[0m[1;34m
[0m[1;34m	threadid 139931793094400 -> core 4 - OK[0m[1;34m
[0m[1;34m	threadid 139931784701696 -> core 5 - OK[0m[1;34m
[0m[1;34m	threadid 139931776308992 -> core 6 - OK[0m[1;34m
[0m[1;34m	threadid 139931767916288 -> core 7 - OK[0m[1;34m
[0m[1;34m	threadid 139931759523584 -> core 8 - OK[0m[1;34m
[0m[1;34m	threadid 139931751130880 -> core 9 - OK[0m[1;34m
[0m[1;34m	threadid 139931742738176 -> core 10 - OK[0m[1;34m
[0m[1;34m	threadid 139931734345472 -> core 11 - OK[0m[1;34m
[0mFLOPs in stencil code:      1.204726e+10
Time spent in stencil code: 0.631171
Performance in GFlop/s:     19.087154
[1;34m[pthread wrapper] 
[0m[1;34m[pthread wrapper] MAIN -> 0
[0m[1;34m[pthread wrapper] PIN_MASK: [0m[1;34m0->1  [0m[1;34m1->2  [0m[1;34m2->3  [0m[1;34m3->4  [0m[1;34m4->5  [0m[1;34m5->6  [0m[1;34m6->7  [0m[1;34m7->8  [0m[1;34m8->9  [0m[1;34m9->10  [0m[1;34m10->11  [0m[1;34m
[pthread wrapper] SKIP MASK: 0x0
[0m[1;34m	threadid 140480799090432 -> core 1 - OK[0m[1;34m
[0m[1;34m	threadid 140480790697728 -> core 2 - OK[0m[1;34m
[0m[1;34m	threadid 140480782305024 -> core 3 - OK[0m[1;34m
[0m[1;34m	threadid 140480773912320 -> core 4 - OK[0m[1;34m
[0m[1;34m	threadid 140480765519616 -> core 5 - OK[0m[1;34m
[0m[1;34m	threadid 140480757126912 -> core 6 - OK[0m[1;34m
[0m[1;34m	threadid 140480748734208 -> core 7 - OK[0m[1;34m
[0m[1;34m	threadid 140480740341504 -> core 8 - OK[0m[1;34m
[0m[1;34m	threadid 140480731948800 -> core 9 - OK[0m[1;34m
[0m[1;34m	threadid 140480723556096 -> core 10 - OK[0m[1;34m
[0m[1;34m	threadid 140480715163392 -> core 11 - OK[0m[1;34m
[0mFLOPs in stencil code:      1.204726e+10
Time spent in stencil code: 0.631595
Performance in GFlop/s:     19.074336
