[1;34m[pthread wrapper] 
[0m[1;34m[pthread wrapper] MAIN -> 0
[0m[1;34m[pthread wrapper] PIN_MASK: [0m[1;34m0->1  [0m[1;34m1->2  [0m[1;34m2->6  [0m[1;34m3->7  [0m[1;34m4->8  [0m[1;34m
[pthread wrapper] SKIP MASK: 0x0
[0m[1;34m	threadid 139845863765760 -> core 1 - OK[0m[1;34m
[0m[1;34m	threadid 139845855373056 -> core 2 - OK[0m[1;34m
[0m[1;34m	threadid 139845846980352 -> core 6 - OK[0m[1;34m
[0m[1;34m	threadid 139845838587648 -> core 7 - OK[0m[1;34m
[0m[1;34m	threadid 139845830194944 -> core 8 - OK[0m[1;34m
[0mFLOPs in stencil code:      1.204726e+10
Time spent in stencil code: 0.967355
Performance in GFlop/s:     12.453812
[1;34m[pthread wrapper] 
[0m[1;34m[pthread wrapper] MAIN -> 0
[0m[1;34m[pthread wrapper] PIN_MASK: [0m[1;34m0->1  [0m[1;34m1->2  [0m[1;34m2->6  [0m[1;34m3->7  [0m[1;34m4->8  [0m[1;34m
[pthread wrapper] SKIP MASK: 0x0
[0m[1;34m	threadid 139888241583872 -> core 1 - OK[0m[1;34m
[0m[1;34m	threadid 139888233191168 -> core 2 - OK[0m[1;34m
[0m[1;34m	threadid 139888224798464 -> core 6 - OK[0m[1;34m
[0m[1;34m	threadid 139888216405760 -> core 7 - OK[0m[1;34m
[0m[1;34m	threadid 139888208013056 -> core 8 - OK[0m[1;34m
[0mFLOPs in stencil code:      1.204726e+10
Time spent in stencil code: 0.970006
Performance in GFlop/s:     12.419777
[1;34m[pthread wrapper] 
[0m[1;34m[pthread wrapper] MAIN -> 0
[0m[1;34m[pthread wrapper] PIN_MASK: [0m[1;34m0->1  [0m[1;34m1->2  [0m[1;34m2->6  [0m[1;34m3->7  [0m[1;34m4->8  [0m[1;34m
[pthread wrapper] SKIP MASK: 0x0
[0m[1;34m	threadid 140401164572416 -> core 1 - OK[0m[1;34m
[0m[1;34m	threadid 140401156179712 -> core 2 - OK[0m[1;34m
[0m[1;34m	threadid 140401147787008 -> core 6 - OK[0m[1;34m
[0m[1;34m	threadid 140401139394304 -> core 7 - OK[0m[1;34m
[0m[1;34m	threadid 140401131001600 -> core 8 - OK[0m[1;34m
[0mFLOPs in stencil code:      1.204726e+10
Time spent in stencil code: 0.968674
Performance in GFlop/s:     12.436855
[1;34m[pthread wrapper] 
[0m[1;34m[pthread wrapper] MAIN -> 0
[0m[1;34m[pthread wrapper] PIN_MASK: [0m[1;34m0->1  [0m[1;34m1->2  [0m[1;34m2->6  [0m[1;34m3->7  [0m[1;34m4->8  [0m[1;34m
[pthread wrapper] SKIP MASK: 0x0
[0m[1;34m	threadid 140680190887680 -> core 1 - OK[0m[1;34m
[0m[1;34m	threadid 140680182494976 -> core 2 - OK[0m[1;34m
[0m[1;34m	threadid 140680174102272 -> core 6 - OK[0m[1;34m
[0m[1;34m	threadid 140680165709568 -> core 7 - OK[0m[1;34m
[0m[1;34m	threadid 140680157316864 -> core 8 - OK[0m[1;34m
[0mFLOPs in stencil code:      1.204726e+10
Time spent in stencil code: 0.971154
Performance in GFlop/s:     12.405095
[1;34m[pthread wrapper] 
[0m[1;34m[pthread wrapper] MAIN -> 0
[0m[1;34m[pthread wrapper] PIN_MASK: [0m[1;34m0->1  [0m[1;34m1->2  [0m[1;34m2->6  [0m[1;34m3->7  [0m[1;34m4->8  [0m[1;34m
[pthread wrapper] SKIP MASK: 0x0
[0m[1;34m	threadid 140623084222208 -> core 1 - OK[0m[1;34m
[0m[1;34m	threadid 140623075829504 -> core 2 - OK[0m[1;34m
[0m[1;34m	threadid 140623067436800 -> core 6 - OK[0m[1;34m
[0m[1;34m	threadid 140623059044096 -> core 7 - OK[0m[1;34m
[0m[1;34m	threadid 140623050651392 -> core 8 - OK[0m[1;34m
[0mFLOPs in stencil code:      1.204726e+10
Time spent in stencil code: 0.968329
Performance in GFlop/s:     12.441286
