[1;34m[pthread wrapper] 
[0m[1;34m[pthread wrapper] MAIN -> 0
[0m[1;34m[pthread wrapper] PIN_MASK: [0m[1;34m0->1  [0m[1;34m1->2  [0m[1;34m2->3  [0m[1;34m3->4  [0m[1;34m4->5  [0m[1;34m
[pthread wrapper] SKIP MASK: 0x0
[0m[1;34m	threadid 139621245015808 -> core 1 - OK[0m[1;34m
[0m[1;34m	threadid 139621236623104 -> core 2 - OK[0m[1;34m
[0m[1;34m	threadid 139621228230400 -> core 3 - OK[0m[1;34m
[0m[1;34m	threadid 139621219837696 -> core 4 - OK[0m[1;34m
[0m[1;34m	threadid 139621211444992 -> core 5 - OK[0m[1;34m
[0mFLOPs in stencil code:      1.204726e+10
Time spent in stencil code: 0.959042
Performance in GFlop/s:     12.561761
[1;34m[pthread wrapper] 
[0m[1;34m[pthread wrapper] MAIN -> 0
[0m[1;34m[pthread wrapper] PIN_MASK: [0m[1;34m0->1  [0m[1;34m1->2  [0m[1;34m2->3  [0m[1;34m3->4  [0m[1;34m4->5  [0m[1;34m
[pthread wrapper] SKIP MASK: 0x0
[0m[1;34m	threadid 140501508294400 -> core 1 - OK[0m[1;34m
[0m[1;34m	threadid 140501499901696 -> core 2 - OK[0m[1;34m
[0m[1;34m	threadid 140501491508992 -> core 3 - OK[0m[1;34m
[0m[1;34m	threadid 140501483116288 -> core 4 - OK[0m[1;34m
[0m[1;34m	threadid 140501474723584 -> core 5 - OK[0m[1;34m
[0mFLOPs in stencil code:      1.204726e+10
Time spent in stencil code: 1.000763
Performance in GFlop/s:     12.038073
[1;34m[pthread wrapper] 
[0m[1;34m[pthread wrapper] MAIN -> 0
[0m[1;34m[pthread wrapper] PIN_MASK: [0m[1;34m0->1  [0m[1;34m1->2  [0m[1;34m2->3  [0m[1;34m3->4  [0m[1;34m4->5  [0m[1;34m
[pthread wrapper] SKIP MASK: 0x0
[0m[1;34m	threadid 140399125628672 -> core 1 - OK[0m[1;34m
[0m[1;34m	threadid 140399117235968 -> core 2 - OK[0m[1;34m
[0m[1;34m	threadid 140399108843264 -> core 3 - OK[0m[1;34m
[0m[1;34m	threadid 140399100450560 -> core 4 - OK[0m[1;34m
[0m[1;34m	threadid 140399092057856 -> core 5 - OK[0m[1;34m
[0mFLOPs in stencil code:      1.204726e+10
Time spent in stencil code: 0.958499
Performance in GFlop/s:     12.568876
[1;34m[pthread wrapper] 
[0m[1;34m[pthread wrapper] MAIN -> 0
[0m[1;34m[pthread wrapper] PIN_MASK: [0m[1;34m0->1  [0m[1;34m1->2  [0m[1;34m2->3  [0m[1;34m3->4  [0m[1;34m4->5  [0m[1;34m
[pthread wrapper] SKIP MASK: 0x0
[0m[1;34m	threadid 140181909088000 -> core 1 - OK[0m[1;34m
[0m[1;34m	threadid 140181900695296 -> core 2 - OK[0m[1;34m
[0m[1;34m	threadid 140181892302592 -> core 3 - OK[0m[1;34m
[0m[1;34m	threadid 140181883909888 -> core 4 - OK[0m[1;34m
[0m[1;34m	threadid 140181875517184 -> core 5 - OK[0m[1;34m
[0mFLOPs in stencil code:      1.204726e+10
Time spent in stencil code: 0.959655
Performance in GFlop/s:     12.553738
[1;34m[pthread wrapper] 
[0m[1;34m[pthread wrapper] MAIN -> 0
[0m[1;34m[pthread wrapper] PIN_MASK: [0m[1;34m0->1  [0m[1;34m1->2  [0m[1;34m2->3  [0m[1;34m3->4  [0m[1;34m4->5  [0m[1;34m
[pthread wrapper] SKIP MASK: 0x0
[0m[1;34m	threadid 139972300855040 -> core 1 - OK[0m[1;34m
[0m[1;34m	threadid 139972292462336 -> core 2 - OK[0m[1;34m
[0m[1;34m	threadid 139972284069632 -> core 3 - OK[0m[1;34m
[0m[1;34m	threadid 139972275676928 -> core 4 - OK[0m[1;34m
[0m[1;34m	threadid 139972267284224 -> core 5 - OK[0m[1;34m
[0mFLOPs in stencil code:      1.204726e+10
Time spent in stencil code: 0.959461
Performance in GFlop/s:     12.556277
