[1;34m[pthread wrapper] 
[0m[1;34m[pthread wrapper] MAIN -> 0
[0m[1;34m[pthread wrapper] PIN_MASK: [0m[1;34m0->1  [0m[1;34m1->2  [0m[1;34m2->3  [0m[1;34m3->4  [0m[1;34m4->5  [0m[1;34m5->12  [0m[1;34m6->13  [0m[1;34m7->6  [0m[1;34m8->7  [0m[1;34m9->8  [0m[1;34m10->9  [0m[1;34m11->10  [0m[1;34m12->11  [0m[1;34m13->18  [0m[1;34m14->19  [0m[1;34m
[pthread wrapper] SKIP MASK: 0x0
[0m[1;34m	threadid 139860523104000 -> core 1 - OK[0m[1;34m
[0m[1;34m	threadid 139860514711296 -> core 2 - OK[0m[1;34m
[0m[1;34m	threadid 139860506318592 -> core 3 - OK[0m[1;34m
[0m[1;34m	threadid 139860497925888 -> core 4 - OK[0m[1;34m
[0m[1;34m	threadid 139860489533184 -> core 5 - OK[0m[1;34m
[0m[1;34m	threadid 139860481140480 -> core 12 - OK[0m[1;34m
[0m[1;34m	threadid 139860472747776 -> core 13 - OK[0m[1;34m
[0m[1;34m	threadid 139860464355072 -> core 6 - OK[0m[1;34m
[0m[1;34m	threadid 139860455962368 -> core 7 - OK[0m[1;34m
[0m[1;34m	threadid 139860447569664 -> core 8 - OK[0m[1;34m
[0m[1;34m	threadid 139860439176960 -> core 9 - OK[0m[1;34m
[0m[1;34m	threadid 139860430784256 -> core 10 - OK[0m[1;34m
[0m[1;34m	threadid 139860422391552 -> core 11 - OK[0m[1;34m
[0m[1;34m	threadid 139860413998848 -> core 18 - OK[0m[1;34m
[0m[1;34m	threadid 139860405606144 -> core 19 - OK[0m[1;34m
[0mFLOPs in stencil code:      1.204726e+10
Time spent in stencil code: 0.723504
Performance in GFlop/s:     16.651265
[1;34m[pthread wrapper] 
[0m[1;34m[pthread wrapper] MAIN -> 0
[0m[1;34m[pthread wrapper] PIN_MASK: [0m[1;34m0->1  [0m[1;34m1->2  [0m[1;34m2->3  [0m[1;34m3->4  [0m[1;34m4->5  [0m[1;34m5->12  [0m[1;34m6->13  [0m[1;34m7->6  [0m[1;34m8->7  [0m[1;34m9->8  [0m[1;34m10->9  [0m[1;34m11->10  [0m[1;34m12->11  [0m[1;34m13->18  [0m[1;34m14->19  [0m[1;34m
[pthread wrapper] SKIP MASK: 0x0
[0m[1;34m	threadid 140280188892928 -> core 1 - OK[0m[1;34m
[0m[1;34m	threadid 140280180500224 -> core 2 - OK[0m[1;34m
[0m[1;34m	threadid 140280172107520 -> core 3 - OK[0m[1;34m
[0m[1;34m	threadid 140280163714816 -> core 4 - OK[0m[1;34m
[0m[1;34m	threadid 140280155322112 -> core 5 - OK[0m[1;34m
[0m[1;34m	threadid 140280146929408 -> core 12 - OK[0m[1;34m
[0m[1;34m	threadid 140280138536704 -> core 13 - OK[0m[1;34m
[0m[1;34m	threadid 140280130144000 -> core 6 - OK[0m[1;34m
[0m[1;34m	threadid 140280121751296 -> core 7 - OK[0m[1;34m
[0m[1;34m	threadid 140280113358592 -> core 8 - OK[0m[1;34m
[0m[1;34m	threadid 140280104965888 -> core 9 - OK[0m[1;34m
[0m[1;34m	threadid 140280096573184 -> core 10 - OK[0m[1;34m
[0m[1;34m	threadid 140280088180480 -> core 11 - OK[0m[1;34m
[0m[1;34m	threadid 140280079787776 -> core 18 - OK[0m[1;34m
[0m[1;34m	threadid 140280071395072 -> core 19 - OK[0m[1;34m
[0mFLOPs in stencil code:      1.204726e+10
Time spent in stencil code: 0.723281
Performance in GFlop/s:     16.656402
[1;34m[pthread wrapper] 
[0m[1;34m[pthread wrapper] MAIN -> 0
[0m[1;34m[pthread wrapper] PIN_MASK: [0m[1;34m0->1  [0m[1;34m1->2  [0m[1;34m2->3  [0m[1;34m3->4  [0m[1;34m4->5  [0m[1;34m5->12  [0m[1;34m6->13  [0m[1;34m7->6  [0m[1;34m8->7  [0m[1;34m9->8  [0m[1;34m10->9  [0m[1;34m11->10  [0m[1;34m12->11  [0m[1;34m13->18  [0m[1;34m14->19  [0m[1;34m
[pthread wrapper] SKIP MASK: 0x0
[0m[1;34m	threadid 140461200471808 -> core 1 - OK[0m[1;34m
[0m[1;34m	threadid 140461192079104 -> core 2 - OK[0m[1;34m
[0m[1;34m	threadid 140461183686400 -> core 3 - OK[0m[1;34m
[0m[1;34m	threadid 140461175293696 -> core 4 - OK[0m[1;34m
[0m[1;34m	threadid 140461166900992 -> core 5 - OK[0m[1;34m
[0m[1;34m	threadid 140461158508288 -> core 12 - OK[0m[1;34m
[0m[1;34m	threadid 140461150115584 -> core 13 - OK[0m[1;34m
[0m[1;34m	threadid 140461141722880 -> core 6 - OK[0m[1;34m
[0m[1;34m	threadid 140461133330176 -> core 7 - OK[0m[1;34m
[0m[1;34m	threadid 140461124937472 -> core 8 - OK[0m[1;34m
[0m[1;34m	threadid 140461116544768 -> core 9 - OK[0m[1;34m
[0m[1;34m	threadid 140461108152064 -> core 10 - OK[0m[1;34m
[0m[1;34m	threadid 140461099759360 -> core 11 - OK[0m[1;34m
[0m[1;34m	threadid 140461091366656 -> core 18 - OK[0m[1;34m
[0m[1;34m	threadid 140461082973952 -> core 19 - OK[0m[1;34m
[0mFLOPs in stencil code:      1.204726e+10
Time spent in stencil code: 0.722323
Performance in GFlop/s:     16.678492
[1;34m[pthread wrapper] 
[0m[1;34m[pthread wrapper] MAIN -> 0
[0m[1;34m[pthread wrapper] PIN_MASK: [0m[1;34m0->1  [0m[1;34m1->2  [0m[1;34m2->3  [0m[1;34m3->4  [0m[1;34m4->5  [0m[1;34m5->12  [0m[1;34m6->13  [0m[1;34m7->6  [0m[1;34m8->7  [0m[1;34m9->8  [0m[1;34m10->9  [0m[1;34m11->10  [0m[1;34m12->11  [0m[1;34m13->18  [0m[1;34m14->19  [0m[1;34m
[pthread wrapper] SKIP MASK: 0x0
[0m[1;34m	threadid 139764214691584 -> core 1 - OK[0m[1;34m
[0m[1;34m	threadid 139764206298880 -> core 2 - OK[0m[1;34m
[0m[1;34m	threadid 139764197906176 -> core 3 - OK[0m[1;34m
[0m[1;34m	threadid 139764189513472 -> core 4 - OK[0m[1;34m
[0m[1;34m	threadid 139764181120768 -> core 5 - OK[0m[1;34m
[0m[1;34m	threadid 139764172728064 -> core 12 - OK[0m[1;34m
[0m[1;34m	threadid 139764164335360 -> core 13 - OK[0m[1;34m
[0m[1;34m	threadid 139764155942656 -> core 6 - OK[0m[1;34m
[0m[1;34m	threadid 139764147549952 -> core 7 - OK[0m[1;34m
[0m[1;34m	threadid 139764139157248 -> core 8 - OK[0m[1;34m
[0m[1;34m	threadid 139764130764544 -> core 9 - OK[0m[1;34m
[0m[1;34m	threadid 139764122371840 -> core 10 - OK[0m[1;34m
[0m[1;34m	threadid 139764113979136 -> core 11 - OK[0m[1;34m
[0m[1;34m	threadid 139764105586432 -> core 18 - OK[0m[1;34m
[0m[1;34m	threadid 139764097193728 -> core 19 - OK[0m[1;34m
[0mFLOPs in stencil code:      1.204726e+10
Time spent in stencil code: 0.723386
Performance in GFlop/s:     16.653981
[1;34m[pthread wrapper] 
[0m[1;34m[pthread wrapper] MAIN -> 0
[0m[1;34m[pthread wrapper] PIN_MASK: [0m[1;34m0->1  [0m[1;34m1->2  [0m[1;34m2->3  [0m[1;34m3->4  [0m[1;34m4->5  [0m[1;34m5->12  [0m[1;34m6->13  [0m[1;34m7->6  [0m[1;34m8->7  [0m[1;34m9->8  [0m[1;34m10->9  [0m[1;34m11->10  [0m[1;34m12->11  [0m[1;34m13->18  [0m[1;34m14->19  [0m[1;34m
[pthread wrapper] SKIP MASK: 0x0
[0m[1;34m	threadid 140707125376768 -> core 1 - OK[0m[1;34m
[0m[1;34m	threadid 140707116984064 -> core 2 - OK[0m[1;34m
[0m[1;34m	threadid 140707108591360 -> core 3 - OK[0m[1;34m
[0m[1;34m	threadid 140707100198656 -> core 4 - OK[0m[1;34m
[0m[1;34m	threadid 140707091805952 -> core 5 - OK[0m[1;34m
[0m[1;34m	threadid 140707083413248 -> core 12 - OK[0m[1;34m
[0m[1;34m	threadid 140707075020544 -> core 13 - OK[0m[1;34m
[0m[1;34m	threadid 140707066627840 -> core 6 - OK[0m[1;34m
[0m[1;34m	threadid 140707058235136 -> core 7 - OK[0m[1;34m
[0m[1;34m	threadid 140707049842432 -> core 8 - OK[0m[1;34m
[0m[1;34m	threadid 140707041449728 -> core 9 - OK[0m[1;34m
[0m[1;34m	threadid 140707033057024 -> core 10 - OK[0m[1;34m
[0m[1;34m	threadid 140707024664320 -> core 11 - OK[0m[1;34m
[0m[1;34m	threadid 140707016271616 -> core 18 - OK[0m[1;34m
[0m[1;34m	threadid 140707007878912 -> core 19 - OK[0m[1;34m
[0mFLOPs in stencil code:      1.204726e+10
Time spent in stencil code: 0.723816
Performance in GFlop/s:     16.644085
