[1;34m[pthread wrapper] 
[0m[1;34m[pthread wrapper] MAIN -> 0
[0m[1;34m[pthread wrapper] PIN_MASK: [0m[1;34m0->1  [0m[1;34m1->2  [0m[1;34m2->3  [0m[1;34m3->4  [0m[1;34m4->5  [0m[1;34m5->12  [0m[1;34m6->13  [0m[1;34m7->14  [0m[1;34m8->15  [0m[1;34m9->16  [0m[1;34m10->17  [0m[1;34m11->6  [0m[1;34m12->7  [0m[1;34m13->8  [0m[1;34m14->9  [0m[1;34m15->10  [0m[1;34m16->11  [0m[1;34m17->18  [0m[1;34m18->19  [0m[1;34m19->20  [0m[1;34m20->21  [0m[1;34m21->22  [0m[1;34m22->23  [0m[1;34m
[pthread wrapper] SKIP MASK: 0x0
[0m[1;34m	threadid 140438952761088 -> core 1 - OK[0m[1;34m
[0m[1;34m	threadid 140438944368384 -> core 2 - OK[0m[1;34m
[0m[1;34m	threadid 140438935975680 -> core 3 - OK[0m[1;34m
[0m[1;34m	threadid 140438927582976 -> core 4 - OK[0m[1;34m
[0m[1;34m	threadid 140438919190272 -> core 5 - OK[0m[1;34m
[0m[1;34m	threadid 140438910797568 -> core 12 - OK[0m[1;34m
[0m[1;34m	threadid 140438902404864 -> core 13 - OK[0m[1;34m
[0m[1;34m	threadid 140438894012160 -> core 14 - OK[0m[1;34m
[0m[1;34m	threadid 140438885619456 -> core 15 - OK[0m[1;34m
[0m[1;34m	threadid 140438877226752 -> core 16 - OK[0m[1;34m
[0m[1;34m	threadid 140438868834048 -> core 17 - OK[0m[1;34m
[0m[1;34m	threadid 140438860441344 -> core 6 - OK[0m[1;34m
[0m[1;34m	threadid 140438852048640 -> core 7 - OK[0m[1;34m
[0m[1;34m	threadid 140438843655936 -> core 8 - OK[0m[1;34m
[0m[1;34m	threadid 140438835263232 -> core 9 - OK[0m[1;34m
[0m[1;34m	threadid 140438826870528 -> core 10 - OK[0m[1;34m
[0m[1;34m	threadid 140438818477824 -> core 11 - OK[0m[1;34m
[0m[1;34m	threadid 140438810085120 -> core 18 - OK[0m[1;34m
[0m[1;34m	threadid 140438801692416 -> core 19 - OK[0m[1;34m
[0m[1;34m	threadid 140438793299712 -> core 20 - OK[0m[1;34m
[0m[1;34m	threadid 140438784907008 -> core 21 - OK[0m[1;34m
[0m[1;34m	threadid 140438776514304 -> core 22 - OK[0m[1;34m
[0m[1;34m	threadid 140438768121600 -> core 23 - OK[0m[1;34m
[0mFLOPs in stencil code:      1.204726e+10
Time spent in stencil code: 0.742319
Performance in GFlop/s:     16.229222
[1;34m[pthread wrapper] 
[0m[1;34m[pthread wrapper] MAIN -> 0
[0m[1;34m[pthread wrapper] PIN_MASK: [0m[1;34m0->1  [0m[1;34m1->2  [0m[1;34m2->3  [0m[1;34m3->4  [0m[1;34m4->5  [0m[1;34m5->12  [0m[1;34m6->13  [0m[1;34m7->14  [0m[1;34m8->15  [0m[1;34m9->16  [0m[1;34m10->17  [0m[1;34m11->6  [0m[1;34m12->7  [0m[1;34m13->8  [0m[1;34m14->9  [0m[1;34m15->10  [0m[1;34m16->11  [0m[1;34m17->18  [0m[1;34m18->19  [0m[1;34m19->20  [0m[1;34m20->21  [0m[1;34m21->22  [0m[1;34m22->23  [0m[1;34m
[pthread wrapper] SKIP MASK: 0x0
[0m[1;34m	threadid 140493809321728 -> core 1 - OK[0m[1;34m
[0m[1;34m	threadid 140493800929024 -> core 2 - OK[0m[1;34m
[0m[1;34m	threadid 140493792536320 -> core 3 - OK[0m[1;34m
[0m[1;34m	threadid 140493784143616 -> core 4 - OK[0m[1;34m
[0m[1;34m	threadid 140493775750912 -> core 5 - OK[0m[1;34m
[0m[1;34m	threadid 140493767358208 -> core 12 - OK[0m[1;34m
[0m[1;34m	threadid 140493758965504 -> core 13 - OK[0m[1;34m
[0m[1;34m	threadid 140493750572800 -> core 14 - OK[0m[1;34m
[0m[1;34m	threadid 140493742180096 -> core 15 - OK[0m[1;34m
[0m[1;34m	threadid 140493733787392 -> core 16 - OK[0m[1;34m
[0m[1;34m	threadid 140493725394688 -> core 17 - OK[0m[1;34m
[0m[1;34m	threadid 140493717001984 -> core 6 - OK[0m[1;34m
[0m[1;34m	threadid 140493708609280 -> core 7 - OK[0m[1;34m
[0m[1;34m	threadid 140493700216576 -> core 8 - OK[0m[1;34m
[0m[1;34m	threadid 140493691823872 -> core 9 - OK[0m[1;34m
[0m[1;34m	threadid 140493683431168 -> core 10 - OK[0m[1;34m
[0m[1;34m	threadid 140493675038464 -> core 11 - OK[0m[1;34m
[0m[1;34m	threadid 140493666645760 -> core 18 - OK[0m[1;34m
[0m[1;34m	threadid 140493658253056 -> core 19 - OK[0m[1;34m
[0m[1;34m	threadid 140493649860352 -> core 20 - OK[0m[1;34m
[0m[1;34m	threadid 140493641467648 -> core 21 - OK[0m[1;34m
[0m[1;34m	threadid 140493633074944 -> core 22 - OK[0m[1;34m
[0m[1;34m	threadid 140493624682240 -> core 23 - OK[0m[1;34m
[0mFLOPs in stencil code:      1.204726e+10
Time spent in stencil code: 0.741288
Performance in GFlop/s:     16.251792
[1;34m[pthread wrapper] 
[0m[1;34m[pthread wrapper] MAIN -> 0
[0m[1;34m[pthread wrapper] PIN_MASK: [0m[1;34m0->1  [0m[1;34m1->2  [0m[1;34m2->3  [0m[1;34m3->4  [0m[1;34m4->5  [0m[1;34m5->12  [0m[1;34m6->13  [0m[1;34m7->14  [0m[1;34m8->15  [0m[1;34m9->16  [0m[1;34m10->17  [0m[1;34m11->6  [0m[1;34m12->7  [0m[1;34m13->8  [0m[1;34m14->9  [0m[1;34m15->10  [0m[1;34m16->11  [0m[1;34m17->18  [0m[1;34m18->19  [0m[1;34m19->20  [0m[1;34m20->21  [0m[1;34m21->22  [0m[1;34m22->23  [0m[1;34m
[pthread wrapper] SKIP MASK: 0x0
[0m[1;34m	threadid 140032651396864 -> core 1 - OK[0m[1;34m
[0m[1;34m	threadid 140032643004160 -> core 2 - OK[0m[1;34m
[0m[1;34m	threadid 140032634611456 -> core 3 - OK[0m[1;34m
[0m[1;34m	threadid 140032626218752 -> core 4 - OK[0m[1;34m
[0m[1;34m	threadid 140032617826048 -> core 5 - OK[0m[1;34m
[0m[1;34m	threadid 140032609433344 -> core 12 - OK[0m[1;34m
[0m[1;34m	threadid 140032601040640 -> core 13 - OK[0m[1;34m
[0m[1;34m	threadid 140032592647936 -> core 14 - OK[0m[1;34m
[0m[1;34m	threadid 140032584255232 -> core 15 - OK[0m[1;34m
[0m[1;34m	threadid 140032575862528 -> core 16 - OK[0m[1;34m
[0m[1;34m	threadid 140032567469824 -> core 17 - OK[0m[1;34m
[0m[1;34m	threadid 140032559077120 -> core 6 - OK[0m[1;34m
[0m[1;34m	threadid 140032550684416 -> core 7 - OK[0m[1;34m
[0m[1;34m	threadid 140032542291712 -> core 8 - OK[0m[1;34m
[0m[1;34m	threadid 140032533899008 -> core 9 - OK[0m[1;34m
[0m[1;34m	threadid 140032525506304 -> core 10 - OK[0m[1;34m
[0m[1;34m	threadid 140032517113600 -> core 11 - OK[0m[1;34m
[0m[1;34m	threadid 140032508720896 -> core 18 - OK[0m[1;34m
[0m[1;34m	threadid 140032500328192 -> core 19 - OK[0m[1;34m
[0m[1;34m	threadid 140032491935488 -> core 20 - OK[0m[1;34m
[0m[1;34m	threadid 140032483542784 -> core 21 - OK[0m[1;34m
[0m[1;34m	threadid 140032475150080 -> core 22 - OK[0m[1;34m
[0m[1;34m	threadid 140032466757376 -> core 23 - OK[0m[1;34m
[0mFLOPs in stencil code:      1.204726e+10
Time spent in stencil code: 0.741716
Performance in GFlop/s:     16.242415
[1;34m[pthread wrapper] 
[0m[1;34m[pthread wrapper] MAIN -> 0
[0m[1;34m[pthread wrapper] PIN_MASK: [0m[1;34m0->1  [0m[1;34m1->2  [0m[1;34m2->3  [0m[1;34m3->4  [0m[1;34m4->5  [0m[1;34m5->12  [0m[1;34m6->13  [0m[1;34m7->14  [0m[1;34m8->15  [0m[1;34m9->16  [0m[1;34m10->17  [0m[1;34m11->6  [0m[1;34m12->7  [0m[1;34m13->8  [0m[1;34m14->9  [0m[1;34m15->10  [0m[1;34m16->11  [0m[1;34m17->18  [0m[1;34m18->19  [0m[1;34m19->20  [0m[1;34m20->21  [0m[1;34m21->22  [0m[1;34m22->23  [0m[1;34m
[pthread wrapper] SKIP MASK: 0x0
[0m[1;34m	threadid 140403913021184 -> core 1 - OK[0m[1;34m
[0m[1;34m	threadid 140403904628480 -> core 2 - OK[0m[1;34m
[0m[1;34m	threadid 140403896235776 -> core 3 - OK[0m[1;34m
[0m[1;34m	threadid 140403887843072 -> core 4 - OK[0m[1;34m
[0m[1;34m	threadid 140403879450368 -> core 5 - OK[0m[1;34m
[0m[1;34m	threadid 140403871057664 -> core 12 - OK[0m[1;34m
[0m[1;34m	threadid 140403862664960 -> core 13 - OK[0m[1;34m
[0m[1;34m	threadid 140403854272256 -> core 14 - OK[0m[1;34m
[0m[1;34m	threadid 140403845879552 -> core 15 - OK[0m[1;34m
[0m[1;34m	threadid 140403837486848 -> core 16 - OK[0m[1;34m
[0m[1;34m	threadid 140403829094144 -> core 17 - OK[0m[1;34m
[0m[1;34m	threadid 140403820701440 -> core 6 - OK[0m[1;34m
[0m[1;34m	threadid 140403812308736 -> core 7 - OK[0m[1;34m
[0m[1;34m	threadid 140403803916032 -> core 8 - OK[0m[1;34m
[0m[1;34m	threadid 140403795523328 -> core 9 - OK[0m[1;34m
[0m[1;34m	threadid 140403787130624 -> core 10 - OK[0m[1;34m
[0m[1;34m	threadid 140403778737920 -> core 11 - OK[0m[1;34m
[0m[1;34m	threadid 140403770345216 -> core 18 - OK[0m[1;34m
[0m[1;34m	threadid 140403761952512 -> core 19 - OK[0m[1;34m
[0m[1;34m	threadid 140403753559808 -> core 20 - OK[0m[1;34m
[0m[1;34m	threadid 140403745167104 -> core 21 - OK[0m[1;34m
[0m[1;34m	threadid 140403736774400 -> core 22 - OK[0m[1;34m
[0m[1;34m	threadid 140403728381696 -> core 23 - OK[0m[1;34m
[0mFLOPs in stencil code:      1.204726e+10
Time spent in stencil code: 0.741314
Performance in GFlop/s:     16.251222
[1;34m[pthread wrapper] 
[0m[1;34m[pthread wrapper] MAIN -> 0
[0m[1;34m[pthread wrapper] PIN_MASK: [0m[1;34m0->1  [0m[1;34m1->2  [0m[1;34m2->3  [0m[1;34m3->4  [0m[1;34m4->5  [0m[1;34m5->12  [0m[1;34m6->13  [0m[1;34m7->14  [0m[1;34m8->15  [0m[1;34m9->16  [0m[1;34m10->17  [0m[1;34m11->6  [0m[1;34m12->7  [0m[1;34m13->8  [0m[1;34m14->9  [0m[1;34m15->10  [0m[1;34m16->11  [0m[1;34m17->18  [0m[1;34m18->19  [0m[1;34m19->20  [0m[1;34m20->21  [0m[1;34m21->22  [0m[1;34m22->23  [0m[1;34m
[pthread wrapper] SKIP MASK: 0x0
[0m[1;34m	threadid 140614340450048 -> core 1 - OK[0m[1;34m
[0m[1;34m	threadid 140614332057344 -> core 2 - OK[0m[1;34m
[0m[1;34m	threadid 140614323664640 -> core 3 - OK[0m[1;34m
[0m[1;34m	threadid 140614315271936 -> core 4 - OK[0m[1;34m
[0m[1;34m	threadid 140614306879232 -> core 5 - OK[0m[1;34m
[0m[1;34m	threadid 140614298486528 -> core 12 - OK[0m[1;34m
[0m[1;34m	threadid 140614290093824 -> core 13 - OK[0m[1;34m
[0m[1;34m	threadid 140614281701120 -> core 14 - OK[0m[1;34m
[0m[1;34m	threadid 140614273308416 -> core 15 - OK[0m[1;34m
[0m[1;34m	threadid 140614264915712 -> core 16 - OK[0m[1;34m
[0m[1;34m	threadid 140614256523008 -> core 17 - OK[0m[1;34m
[0m[1;34m	threadid 140614248130304 -> core 6 - OK[0m[1;34m
[0m[1;34m	threadid 140614239737600 -> core 7 - OK[0m[1;34m
[0m[1;34m	threadid 140614231344896 -> core 8 - OK[0m[1;34m
[0m[1;34m	threadid 140614222952192 -> core 9 - OK[0m[1;34m
[0m[1;34m	threadid 140614214559488 -> core 10 - OK[0m[1;34m
[0m[1;34m	threadid 140614206166784 -> core 11 - OK[0m[1;34m
[0m[1;34m	threadid 140614197774080 -> core 18 - OK[0m[1;34m
[0m[1;34m	threadid 140614189381376 -> core 19 - OK[0m[1;34m
[0m[1;34m	threadid 140614180988672 -> core 20 - OK[0m[1;34m
[0m[1;34m	threadid 140614172595968 -> core 21 - OK[0m[1;34m
[0m[1;34m	threadid 140614164203264 -> core 22 - OK[0m[1;34m
[0m[1;34m	threadid 140614155810560 -> core 23 - OK[0m[1;34m
[0mFLOPs in stencil code:      1.204726e+10
Time spent in stencil code: 0.740923
Performance in GFlop/s:     16.259799
