[1;34m[pthread wrapper] 
[0m[1;34m[pthread wrapper] MAIN -> 0
[0m[1;34m[pthread wrapper] PIN_MASK: [0m[1;34m0->1  [0m[1;34m1->2  [0m[1;34m2->3  [0m[1;34m3->4  [0m[1;34m4->5  [0m[1;34m
[pthread wrapper] SKIP MASK: 0x0
[0m[1;34m	threadid 140630820841216 -> core 1 - OK[0m[1;34m
[0m[1;34m	threadid 140630812448512 -> core 2 - OK[0m[1;34m
[0m[1;34m	threadid 140630804055808 -> core 3 - OK[0m[1;34m
[0m[1;34m	threadid 140630795663104 -> core 4 - OK[0m[1;34m
[0m[1;34m	threadid 140630787270400 -> core 5 - OK[0m[1;34m
[0mFLOPs in stencil code:      1.204726e+10
Time spent in stencil code: 0.958406
Performance in GFlop/s:     12.570099
[1;34m[pthread wrapper] 
[0m[1;34m[pthread wrapper] MAIN -> 0
[0m[1;34m[pthread wrapper] PIN_MASK: [0m[1;34m0->1  [0m[1;34m1->2  [0m[1;34m2->3  [0m[1;34m3->4  [0m[1;34m4->5  [0m[1;34m
[pthread wrapper] SKIP MASK: 0x0
[0m[1;34m	threadid 140616849528576 -> core 1 - OK[0m[1;34m
[0m[1;34m	threadid 140616841135872 -> core 2 - OK[0m[1;34m
[0m[1;34m	threadid 140616832743168 -> core 3 - OK[0m[1;34m
[0m[1;34m	threadid 140616824350464 -> core 4 - OK[0m[1;34m
[0m[1;34m	threadid 140616815957760 -> core 5 - OK[0m[1;34m
[0mFLOPs in stencil code:      1.204726e+10
Time spent in stencil code: 0.957137
Performance in GFlop/s:     12.586763
[1;34m[pthread wrapper] 
[0m[1;34m[pthread wrapper] MAIN -> 0
[0m[1;34m[pthread wrapper] PIN_MASK: [0m[1;34m0->1  [0m[1;34m1->2  [0m[1;34m2->3  [0m[1;34m3->4  [0m[1;34m4->5  [0m[1;34m
[pthread wrapper] SKIP MASK: 0x0
[0m[1;34m	threadid 140631963596544 -> core 1 - OK[0m[1;34m
[0m[1;34m	threadid 140631955203840 -> core 2 - OK[0m[1;34m
[0m[1;34m	threadid 140631946811136 -> core 3 - OK[0m[1;34m
[0m[1;34m	threadid 140631938418432 -> core 4 - OK[0m[1;34m
[0m[1;34m	threadid 140631930025728 -> core 5 - OK[0m[1;34m
[0mFLOPs in stencil code:      1.204726e+10
Time spent in stencil code: 0.956382
Performance in GFlop/s:     12.596703
[1;34m[pthread wrapper] 
[0m[1;34m[pthread wrapper] MAIN -> 0
[0m[1;34m[pthread wrapper] PIN_MASK: [0m[1;34m0->1  [0m[1;34m1->2  [0m[1;34m2->3  [0m[1;34m3->4  [0m[1;34m4->5  [0m[1;34m
[pthread wrapper] SKIP MASK: 0x0
[0m[1;34m	threadid 140595481392896 -> core 1 - OK[0m[1;34m
[0m[1;34m	threadid 140595473000192 -> core 2 - OK[0m[1;34m
[0m[1;34m	threadid 140595464607488 -> core 3 - OK[0m[1;34m
[0m[1;34m	threadid 140595456214784 -> core 4 - OK[0m[1;34m
[0m[1;34m	threadid 140595447822080 -> core 5 - OK[0m[1;34m
[0mFLOPs in stencil code:      1.204726e+10
Time spent in stencil code: 0.957037
Performance in GFlop/s:     12.588076
[1;34m[pthread wrapper] 
[0m[1;34m[pthread wrapper] MAIN -> 0
[0m[1;34m[pthread wrapper] PIN_MASK: [0m[1;34m0->1  [0m[1;34m1->2  [0m[1;34m2->3  [0m[1;34m3->4  [0m[1;34m4->5  [0m[1;34m
[pthread wrapper] SKIP MASK: 0x0
[0m[1;34m	threadid 140576395572992 -> core 1 - OK[0m[1;34m
[0m[1;34m	threadid 140576387180288 -> core 2 - OK[0m[1;34m
[0m[1;34m	threadid 140576378787584 -> core 3 - OK[0m[1;34m
[0m[1;34m	threadid 140576370394880 -> core 4 - OK[0m[1;34m
[0m[1;34m	threadid 140576362002176 -> core 5 - OK[0m[1;34m
[0mFLOPs in stencil code:      1.204726e+10
Time spent in stencil code: 0.961826
Performance in GFlop/s:     12.525401
