[1;34m[pthread wrapper] 
[0m[1;34m[pthread wrapper] MAIN -> 0
[0m[1;34m[pthread wrapper] PIN_MASK: [0m[1;34m0->1  [0m[1;34m1->2  [0m[1;34m2->3  [0m[1;34m
[pthread wrapper] SKIP MASK: 0x0
[0m[1;34m	threadid 140423723345664 -> core 1 - OK[0m[1;34m
[0m[1;34m	threadid 140423714952960 -> core 2 - OK[0m[1;34m
[0m[1;34m	threadid 140423706560256 -> core 3 - OK[0m[1;34m
[0mFLOPs in stencil code:      1.204726e+10
Time spent in stencil code: 1.308681
Performance in GFlop/s:     9.205649
[1;34m[pthread wrapper] 
[0m[1;34m[pthread wrapper] MAIN -> 0
[0m[1;34m[pthread wrapper] PIN_MASK: [0m[1;34m0->1  [0m[1;34m1->2  [0m[1;34m2->3  [0m[1;34m
[pthread wrapper] SKIP MASK: 0x0
[0m[1;34m	threadid 140549749798656 -> core 1 - OK[0m[1;34m
[0m[1;34m	threadid 140549741405952 -> core 2 - OK[0m[1;34m
[0m[1;34m	threadid 140549733013248 -> core 3 - OK[0m[1;34m
[0mFLOPs in stencil code:      1.204726e+10
Time spent in stencil code: 1.307414
Performance in GFlop/s:     9.214571
[1;34m[pthread wrapper] 
[0m[1;34m[pthread wrapper] MAIN -> 0
[0m[1;34m[pthread wrapper] PIN_MASK: [0m[1;34m0->1  [0m[1;34m1->2  [0m[1;34m2->3  [0m[1;34m
[pthread wrapper] SKIP MASK: 0x0
[0m[1;34m	threadid 140559536215808 -> core 1 - OK[0m[1;34m
[0m[1;34m	threadid 140559527823104 -> core 2 - OK[0m[1;34m
[0m[1;34m	threadid 140559519430400 -> core 3 - OK[0m[1;34m
[0mFLOPs in stencil code:      1.204726e+10
Time spent in stencil code: 1.307976
Performance in GFlop/s:     9.210611
[1;34m[pthread wrapper] 
[0m[1;34m[pthread wrapper] MAIN -> 0
[0m[1;34m[pthread wrapper] PIN_MASK: [0m[1;34m0->1  [0m[1;34m1->2  [0m[1;34m2->3  [0m[1;34m
[pthread wrapper] SKIP MASK: 0x0
[0m[1;34m	threadid 140169686157056 -> core 1 - OK[0m[1;34m
[0m[1;34m	threadid 140169677764352 -> core 2 - OK[0m[1;34m
[0m[1;34m	threadid 140169669371648 -> core 3 - OK[0m[1;34m
[0mFLOPs in stencil code:      1.204726e+10
Time spent in stencil code: 1.309800
Performance in GFlop/s:     9.197785
[1;34m[pthread wrapper] 
[0m[1;34m[pthread wrapper] MAIN -> 0
[0m[1;34m[pthread wrapper] PIN_MASK: [0m[1;34m0->1  [0m[1;34m1->2  [0m[1;34m2->3  [0m[1;34m
[pthread wrapper] SKIP MASK: 0x0
[0m[1;34m	threadid 140134114158336 -> core 1 - OK[0m[1;34m
[0m[1;34m	threadid 140134105765632 -> core 2 - OK[0m[1;34m
[0m[1;34m	threadid 140134097372928 -> core 3 - OK[0m[1;34m
[0mFLOPs in stencil code:      1.204726e+10
Time spent in stencil code: 1.310292
Performance in GFlop/s:     9.194330
