[1;34m[pthread wrapper] 
[0m[1;34m[pthread wrapper] MAIN -> 0
[0m[1;34m[pthread wrapper] PIN_MASK: [0m[1;34m0->1  [0m[1;34m1->2  [0m[1;34m2->3  [0m[1;34m3->4  [0m[1;34m4->5  [0m[1;34m5->6  [0m[1;34m6->7  [0m[1;34m
[pthread wrapper] SKIP MASK: 0x0
[0m[1;34m	threadid 140266675902208 -> core 1 - OK[0m[1;34m
[0m[1;34m	threadid 140266667509504 -> core 2 - OK[0m[1;34m
[0m[1;34m	threadid 140266659116800 -> core 3 - OK[0m[1;34m
[0m[1;34m	threadid 140266650724096 -> core 4 - OK[0m[1;34m
[0m[1;34m	threadid 140266642331392 -> core 5 - OK[0m[1;34m
[0m[1;34m	threadid 140266633938688 -> core 6 - OK[0m[1;34m
[0m[1;34m	threadid 140266625545984 -> core 7 - OK[0m[1;34m
[0mFLOPs in stencil code:      1.204726e+10
Time spent in stencil code: 0.767706
Performance in GFlop/s:     15.692542
[1;34m[pthread wrapper] 
[0m[1;34m[pthread wrapper] MAIN -> 0
[0m[1;34m[pthread wrapper] PIN_MASK: [0m[1;34m0->1  [0m[1;34m1->2  [0m[1;34m2->3  [0m[1;34m3->4  [0m[1;34m4->5  [0m[1;34m5->6  [0m[1;34m6->7  [0m[1;34m
[pthread wrapper] SKIP MASK: 0x0
[0m[1;34m	threadid 140075822544640 -> core 1 - OK[0m[1;34m
[0m[1;34m	threadid 140075814151936 -> core 2 - OK[0m[1;34m
[0m[1;34m	threadid 140075805759232 -> core 3 - OK[0m[1;34m
[0m[1;34m	threadid 140075797366528 -> core 4 - OK[0m[1;34m
[0m[1;34m	threadid 140075788973824 -> core 5 - OK[0m[1;34m
[0m[1;34m	threadid 140075780581120 -> core 6 - OK[0m[1;34m
[0m[1;34m	threadid 140075772188416 -> core 7 - OK[0m[1;34m
[0mFLOPs in stencil code:      1.204726e+10
Time spent in stencil code: 0.765885
Performance in GFlop/s:     15.729854
[1;34m[pthread wrapper] 
[0m[1;34m[pthread wrapper] MAIN -> 0
[0m[1;34m[pthread wrapper] PIN_MASK: [0m[1;34m0->1  [0m[1;34m1->2  [0m[1;34m2->3  [0m[1;34m3->4  [0m[1;34m4->5  [0m[1;34m5->6  [0m[1;34m6->7  [0m[1;34m
[pthread wrapper] SKIP MASK: 0x0
[0m[1;34m	threadid 140159790360320 -> core 1 - OK[0m[1;34m
[0m[1;34m	threadid 140159781967616 -> core 2 - OK[0m[1;34m
[0m[1;34m	threadid 140159773574912 -> core 3 - OK[0m[1;34m
[0m[1;34m	threadid 140159765182208 -> core 4 - OK[0m[1;34m
[0m[1;34m	threadid 140159756789504 -> core 5 - OK[0m[1;34m
[0m[1;34m	threadid 140159748396800 -> core 6 - OK[0m[1;34m
[0m[1;34m	threadid 140159740004096 -> core 7 - OK[0m[1;34m
[0mFLOPs in stencil code:      1.204726e+10
Time spent in stencil code: 0.767571
Performance in GFlop/s:     15.695301
[1;34m[pthread wrapper] 
[0m[1;34m[pthread wrapper] MAIN -> 0
[0m[1;34m[pthread wrapper] PIN_MASK: [0m[1;34m0->1  [0m[1;34m1->2  [0m[1;34m2->3  [0m[1;34m3->4  [0m[1;34m4->5  [0m[1;34m5->6  [0m[1;34m6->7  [0m[1;34m
[pthread wrapper] SKIP MASK: 0x0
[0m[1;34m	threadid 140617935312640 -> core 1 - OK[0m[1;34m
[0m[1;34m	threadid 140617926919936 -> core 2 - OK[0m[1;34m
[0m[1;34m	threadid 140617918527232 -> core 3 - OK[0m[1;34m
[0m[1;34m	threadid 140617910134528 -> core 4 - OK[0m[1;34m
[0m[1;34m	threadid 140617901741824 -> core 5 - OK[0m[1;34m
[0m[1;34m	threadid 140617893349120 -> core 6 - OK[0m[1;34m
[0m[1;34m	threadid 140617884956416 -> core 7 - OK[0m[1;34m
[0mFLOPs in stencil code:      1.204726e+10
Time spent in stencil code: 0.766137
Performance in GFlop/s:     15.724680
[1;34m[pthread wrapper] 
[0m[1;34m[pthread wrapper] MAIN -> 0
[0m[1;34m[pthread wrapper] PIN_MASK: [0m[1;34m0->1  [0m[1;34m1->2  [0m[1;34m2->3  [0m[1;34m3->4  [0m[1;34m4->5  [0m[1;34m5->6  [0m[1;34m6->7  [0m[1;34m
[pthread wrapper] SKIP MASK: 0x0
[0m[1;34m	threadid 139650921936640 -> core 1 - OK[0m[1;34m
[0m[1;34m	threadid 139650913543936 -> core 2 - OK[0m[1;34m
[0m[1;34m	threadid 139650905151232 -> core 3 - OK[0m[1;34m
[0m[1;34m	threadid 139650896758528 -> core 4 - OK[0m[1;34m
[0m[1;34m	threadid 139650888365824 -> core 5 - OK[0m[1;34m
[0m[1;34m	threadid 139650879973120 -> core 6 - OK[0m[1;34m
[0m[1;34m	threadid 139650871580416 -> core 7 - OK[0m[1;34m
[0mFLOPs in stencil code:      1.204726e+10
Time spent in stencil code: 0.769459
Performance in GFlop/s:     15.656789
