[1;34m[pthread wrapper] 
[0m[1;34m[pthread wrapper] MAIN -> 0
[0m[1;34m[pthread wrapper] PIN_MASK: [0m[1;34m0->1  [0m[1;34m1->6  [0m[1;34m2->7  [0m[1;34m
[pthread wrapper] SKIP MASK: 0x0
[0m[1;34m	threadid 140465284130560 -> core 1 - OK[0m[1;34m
[0m[1;34m	threadid 140465275737856 -> core 6 - OK[0m[1;34m
[0m[1;34m	threadid 140465267345152 -> core 7 - OK[0m[1;34m
[0mFLOPs in stencil code:      1.204726e+10
Time spent in stencil code: 1.366558
Performance in GFlop/s:     8.815767
[1;34m[pthread wrapper] 
[0m[1;34m[pthread wrapper] MAIN -> 0
[0m[1;34m[pthread wrapper] PIN_MASK: [0m[1;34m0->1  [0m[1;34m1->6  [0m[1;34m2->7  [0m[1;34m
[pthread wrapper] SKIP MASK: 0x0
[0m[1;34m	threadid 140541642716928 -> core 1 - OK[0m[1;34m
[0m[1;34m	threadid 140541634324224 -> core 6 - OK[0m[1;34m
[0m[1;34m	threadid 140541625931520 -> core 7 - OK[0m[1;34m
[0mFLOPs in stencil code:      1.204726e+10
Time spent in stencil code: 1.343676
Performance in GFlop/s:     8.965894
[1;34m[pthread wrapper] 
[0m[1;34m[pthread wrapper] MAIN -> 0
[0m[1;34m[pthread wrapper] PIN_MASK: [0m[1;34m0->1  [0m[1;34m1->6  [0m[1;34m2->7  [0m[1;34m
[pthread wrapper] SKIP MASK: 0x0
[0m[1;34m	threadid 139679887681280 -> core 1 - OK[0m[1;34m
[0m[1;34m	threadid 139679879288576 -> core 6 - OK[0m[1;34m
[0m[1;34m	threadid 139679870895872 -> core 7 - OK[0m[1;34m
[0mFLOPs in stencil code:      1.204726e+10
Time spent in stencil code: 1.366121
Performance in GFlop/s:     8.818587
[1;34m[pthread wrapper] 
[0m[1;34m[pthread wrapper] MAIN -> 0
[0m[1;34m[pthread wrapper] PIN_MASK: [0m[1;34m0->1  [0m[1;34m1->6  [0m[1;34m2->7  [0m[1;34m
[pthread wrapper] SKIP MASK: 0x0
[0m[1;34m	threadid 140607784863488 -> core 1 - OK[0m[1;34m
[0m[1;34m	threadid 140607776470784 -> core 6 - OK[0m[1;34m
[0m[1;34m	threadid 140607768078080 -> core 7 - OK[0m[1;34m
[0mFLOPs in stencil code:      1.204726e+10
Time spent in stencil code: 1.366189
Performance in GFlop/s:     8.818149
[1;34m[pthread wrapper] 
[0m[1;34m[pthread wrapper] MAIN -> 0
[0m[1;34m[pthread wrapper] PIN_MASK: [0m[1;34m0->1  [0m[1;34m1->6  [0m[1;34m2->7  [0m[1;34m
[pthread wrapper] SKIP MASK: 0x0
[0m[1;34m	threadid 139817764255488 -> core 1 - OK[0m[1;34m
[0m[1;34m	threadid 139817755862784 -> core 6 - OK[0m[1;34m
[0m[1;34m	threadid 139817747470080 -> core 7 - OK[0m[1;34m
[0mFLOPs in stencil code:      1.204726e+10
Time spent in stencil code: 1.365223
Performance in GFlop/s:     8.824389
