[1;34m[pthread wrapper] 
[0m[1;34m[pthread wrapper] MAIN -> 0
[0m[1;34m[pthread wrapper] PIN_MASK: [0m[1;34m0->1  [0m[1;34m1->2  [0m[1;34m2->3  [0m[1;34m3->4  [0m[1;34m4->5  [0m[1;34m5->6  [0m[1;34m6->7  [0m[1;34m7->8  [0m[1;34m8->9  [0m[1;34m9->10  [0m[1;34m10->11  [0m[1;34m11->12  [0m[1;34m12->13  [0m[1;34m13->14  [0m[1;34m14->15  [0m[1;34m
[pthread wrapper] SKIP MASK: 0x0
[0m[1;34m	threadid 139808605775616 -> core 1 - OK[0m[1;34m
[0m[1;34m	threadid 139808597382912 -> core 2 - OK[0m[1;34m
[0m[1;34m	threadid 139808588990208 -> core 3 - OK[0m[1;34m
[0m[1;34m	threadid 139808580597504 -> core 4 - OK[0m[1;34m
[0m[1;34m	threadid 139808572204800 -> core 5 - OK[0m[1;34m
[0m[1;34m	threadid 139808563812096 -> core 6 - OK[0m[1;34m
[0m[1;34m	threadid 139808555419392 -> core 7 - OK[0m[1;34m
[0m[1;34m	threadid 139808547026688 -> core 8 - OK[0m[1;34m
[0m[1;34m	threadid 139808538633984 -> core 9 - OK[0m[1;34m
[0m[1;34m	threadid 139808530241280 -> core 10 - OK[0m[1;34m
[0m[1;34m	threadid 139808521848576 -> core 11 - OK[0m[1;34m
[0m[1;34m	threadid 139808513455872 -> core 12 - OK[0m[1;34m
[0m[1;34m	threadid 139808505063168 -> core 13 - OK[0m[1;34m
[0m[1;34m	threadid 139808496670464 -> core 14 - OK[0m[1;34m
[0m[1;34m	threadid 139808488277760 -> core 15 - OK[0m[1;34m
[0mFLOPs in stencil code:      1.204726e+10
Time spent in stencil code: 0.486000
Performance in GFlop/s:     24.788605
[1;34m[pthread wrapper] 
[0m[1;34m[pthread wrapper] MAIN -> 0
[0m[1;34m[pthread wrapper] PIN_MASK: [0m[1;34m0->1  [0m[1;34m1->2  [0m[1;34m2->3  [0m[1;34m3->4  [0m[1;34m4->5  [0m[1;34m5->6  [0m[1;34m6->7  [0m[1;34m7->8  [0m[1;34m8->9  [0m[1;34m9->10  [0m[1;34m10->11  [0m[1;34m11->12  [0m[1;34m12->13  [0m[1;34m13->14  [0m[1;34m14->15  [0m[1;34m
[pthread wrapper] SKIP MASK: 0x0
[0m[1;34m	threadid 140569780754176 -> core 1 - OK[0m[1;34m
[0m[1;34m	threadid 140569772361472 -> core 2 - OK[0m[1;34m
[0m[1;34m	threadid 140569763968768 -> core 3 - OK[0m[1;34m
[0m[1;34m	threadid 140569755576064 -> core 4 - OK[0m[1;34m
[0m[1;34m	threadid 140569747183360 -> core 5 - OK[0m[1;34m
[0m[1;34m	threadid 140569738790656 -> core 6 - OK[0m[1;34m
[0m[1;34m	threadid 140569730397952 -> core 7 - OK[0m[1;34m
[0m[1;34m	threadid 140569722005248 -> core 8 - OK[0m[1;34m
[0m[1;34m	threadid 140569713612544 -> core 9 - OK[0m[1;34m
[0m[1;34m	threadid 140569705219840 -> core 10 - OK[0m[1;34m
[0m[1;34m	threadid 140569696827136 -> core 11 - OK[0m[1;34m
[0m[1;34m	threadid 140569688434432 -> core 12 - OK[0m[1;34m
[0m[1;34m	threadid 140569680041728 -> core 13 - OK[0m[1;34m
[0m[1;34m	threadid 140569671649024 -> core 14 - OK[0m[1;34m
[0m[1;34m	threadid 140569663256320 -> core 15 - OK[0m[1;34m
[0mFLOPs in stencil code:      1.204726e+10
Time spent in stencil code: 0.485659
Performance in GFlop/s:     24.805995
[1;34m[pthread wrapper] 
[0m[1;34m[pthread wrapper] MAIN -> 0
[0m[1;34m[pthread wrapper] PIN_MASK: [0m[1;34m0->1  [0m[1;34m1->2  [0m[1;34m2->3  [0m[1;34m3->4  [0m[1;34m4->5  [0m[1;34m5->6  [0m[1;34m6->7  [0m[1;34m7->8  [0m[1;34m8->9  [0m[1;34m9->10  [0m[1;34m10->11  [0m[1;34m11->12  [0m[1;34m12->13  [0m[1;34m13->14  [0m[1;34m14->15  [0m[1;34m
[pthread wrapper] SKIP MASK: 0x0
[0m[1;34m	threadid 139756741355264 -> core 1 - OK[0m[1;34m
[0m[1;34m	threadid 139756732962560 -> core 2 - OK[0m[1;34m
[0m[1;34m	threadid 139756724569856 -> core 3 - OK[0m[1;34m
[0m[1;34m	threadid 139756716177152 -> core 4 - OK[0m[1;34m
[0m[1;34m	threadid 139756707784448 -> core 5 - OK[0m[1;34m
[0m[1;34m	threadid 139756699391744 -> core 6 - OK[0m[1;34m
[0m[1;34m	threadid 139756690999040 -> core 7 - OK[0m[1;34m
[0m[1;34m	threadid 139756682606336 -> core 8 - OK[0m[1;34m
[0m[1;34m	threadid 139756674213632 -> core 9 - OK[0m[1;34m
[0m[1;34m	threadid 139756665820928 -> core 10 - OK[0m[1;34m
[0m[1;34m	threadid 139756657428224 -> core 11 - OK[0m[1;34m
[0m[1;34m	threadid 139756649035520 -> core 12 - OK[0m[1;34m
[0m[1;34m	threadid 139756640642816 -> core 13 - OK[0m[1;34m
[0m[1;34m	threadid 139756632250112 -> core 14 - OK[0m[1;34m
[0m[1;34m	threadid 139756623857408 -> core 15 - OK[0m[1;34m
[0mFLOPs in stencil code:      1.204726e+10
Time spent in stencil code: 0.485960
Performance in GFlop/s:     24.790636
[1;34m[pthread wrapper] 
[0m[1;34m[pthread wrapper] MAIN -> 0
[0m[1;34m[pthread wrapper] PIN_MASK: [0m[1;34m0->1  [0m[1;34m1->2  [0m[1;34m2->3  [0m[1;34m3->4  [0m[1;34m4->5  [0m[1;34m5->6  [0m[1;34m6->7  [0m[1;34m7->8  [0m[1;34m8->9  [0m[1;34m9->10  [0m[1;34m10->11  [0m[1;34m11->12  [0m[1;34m12->13  [0m[1;34m13->14  [0m[1;34m14->15  [0m[1;34m
[pthread wrapper] SKIP MASK: 0x0
[0m[1;34m	threadid 140674930874112 -> core 1 - OK[0m[1;34m
[0m[1;34m	threadid 140674922481408 -> core 2 - OK[0m[1;34m
[0m[1;34m	threadid 140674914088704 -> core 3 - OK[0m[1;34m
[0m[1;34m	threadid 140674905696000 -> core 4 - OK[0m[1;34m
[0m[1;34m	threadid 140674897303296 -> core 5 - OK[0m[1;34m
[0m[1;34m	threadid 140674888910592 -> core 6 - OK[0m[1;34m
[0m[1;34m	threadid 140674880517888 -> core 7 - OK[0m[1;34m
[0m[1;34m	threadid 140674872125184 -> core 8 - OK[0m[1;34m
[0m[1;34m	threadid 140674863732480 -> core 9 - OK[0m[1;34m
[0m[1;34m	threadid 140674855339776 -> core 10 - OK[0m[1;34m
[0m[1;34m	threadid 140674846947072 -> core 11 - OK[0m[1;34m
[0m[1;34m	threadid 140674838554368 -> core 12 - OK[0m[1;34m
[0m[1;34m	threadid 140674830161664 -> core 13 - OK[0m[1;34m
[0m[1;34m	threadid 140674821768960 -> core 14 - OK[0m[1;34m
[0m[1;34m	threadid 140674813376256 -> core 15 - OK[0m[1;34m
[0mFLOPs in stencil code:      1.204726e+10
Time spent in stencil code: 0.488563
Performance in GFlop/s:     24.658564
[1;34m[pthread wrapper] 
[0m[1;34m[pthread wrapper] MAIN -> 0
[0m[1;34m[pthread wrapper] PIN_MASK: [0m[1;34m0->1  [0m[1;34m1->2  [0m[1;34m2->3  [0m[1;34m3->4  [0m[1;34m4->5  [0m[1;34m5->6  [0m[1;34m6->7  [0m[1;34m7->8  [0m[1;34m8->9  [0m[1;34m9->10  [0m[1;34m10->11  [0m[1;34m11->12  [0m[1;34m12->13  [0m[1;34m13->14  [0m[1;34m14->15  [0m[1;34m
[pthread wrapper] SKIP MASK: 0x0
[0m[1;34m	threadid 139812352784128 -> core 1 - OK[0m[1;34m
[0m[1;34m	threadid 139812344391424 -> core 2 - OK[0m[1;34m
[0m[1;34m	threadid 139812335998720 -> core 3 - OK[0m[1;34m
[0m[1;34m	threadid 139812327606016 -> core 4 - OK[0m[1;34m
[0m[1;34m	threadid 139812319213312 -> core 5 - OK[0m[1;34m
[0m[1;34m	threadid 139812310820608 -> core 6 - OK[0m[1;34m
[0m[1;34m	threadid 139812302427904 -> core 7 - OK[0m[1;34m
[0m[1;34m	threadid 139812294035200 -> core 8 - OK[0m[1;34m
[0m[1;34m	threadid 139812285642496 -> core 9 - OK[0m[1;34m
[0m[1;34m	threadid 139812277249792 -> core 10 - OK[0m[1;34m
[0m[1;34m	threadid 139812268857088 -> core 11 - OK[0m[1;34m
[0m[1;34m	threadid 139812260464384 -> core 12 - OK[0m[1;34m
[0m[1;34m	threadid 139812252071680 -> core 13 - OK[0m[1;34m
[0m[1;34m	threadid 139812243678976 -> core 14 - OK[0m[1;34m
[0m[1;34m	threadid 139812235286272 -> core 15 - OK[0m[1;34m
[0mFLOPs in stencil code:      1.204726e+10
Time spent in stencil code: 0.484240
Performance in GFlop/s:     24.878689
