[1;34m[pthread wrapper] 
[0m[1;34m[pthread wrapper] MAIN -> 0
[0m[1;34m[pthread wrapper] PIN_MASK: [0m[1;34m0->1  [0m[1;34m1->2  [0m[1;34m2->3  [0m[1;34m3->4  [0m[1;34m4->5  [0m[1;34m5->12  [0m[1;34m6->13  [0m[1;34m7->14  [0m[1;34m8->15  [0m[1;34m9->16  [0m[1;34m10->17  [0m[1;34m11->6  [0m[1;34m12->7  [0m[1;34m13->8  [0m[1;34m14->9  [0m[1;34m
[pthread wrapper] SKIP MASK: 0x0
[0m[1;34m	threadid 140516813620992 -> core 1 - OK[0m[1;34m
[0m[1;34m	threadid 140516805228288 -> core 2 - OK[0m[1;34m
[0m[1;34m	threadid 140516796835584 -> core 3 - OK[0m[1;34m
[0m[1;34m	threadid 140516788442880 -> core 4 - OK[0m[1;34m
[0m[1;34m	threadid 140516780050176 -> core 5 - OK[0m[1;34m
[0m[1;34m	threadid 140516771657472 -> core 12 - OK[0m[1;34m
[0m[1;34m	threadid 140516763264768 -> core 13 - OK[0m[1;34m
[0m[1;34m	threadid 140516754872064 -> core 14 - OK[0m[1;34m
[0m[1;34m	threadid 140516746479360 -> core 15 - OK[0m[1;34m
[0m[1;34m	threadid 140516738086656 -> core 16 - OK[0m[1;34m
[0m[1;34m	threadid 140516729693952 -> core 17 - OK[0m[1;34m
[0m[1;34m	threadid 140516721301248 -> core 6 - OK[0m[1;34m
[0m[1;34m	threadid 140516712908544 -> core 7 - OK[0m[1;34m
[0m[1;34m	threadid 140516704515840 -> core 8 - OK[0m[1;34m
[0m[1;34m	threadid 140516696123136 -> core 9 - OK[0m[1;34m
[0mFLOPs in stencil code:      1.204726e+10
Time spent in stencil code: 0.774260
Performance in GFlop/s:     15.559705
[1;34m[pthread wrapper] 
[0m[1;34m[pthread wrapper] MAIN -> 0
[0m[1;34m[pthread wrapper] PIN_MASK: [0m[1;34m0->1  [0m[1;34m1->2  [0m[1;34m2->3  [0m[1;34m3->4  [0m[1;34m4->5  [0m[1;34m5->12  [0m[1;34m6->13  [0m[1;34m7->14  [0m[1;34m8->15  [0m[1;34m9->16  [0m[1;34m10->17  [0m[1;34m11->6  [0m[1;34m12->7  [0m[1;34m13->8  [0m[1;34m14->9  [0m[1;34m
[pthread wrapper] SKIP MASK: 0x0
[0m[1;34m	threadid 139926884902656 -> core 1 - OK[0m[1;34m
[0m[1;34m	threadid 139926876509952 -> core 2 - OK[0m[1;34m
[0m[1;34m	threadid 139926868117248 -> core 3 - OK[0m[1;34m
[0m[1;34m	threadid 139926859724544 -> core 4 - OK[0m[1;34m
[0m[1;34m	threadid 139926851331840 -> core 5 - OK[0m[1;34m
[0m[1;34m	threadid 139926842939136 -> core 12 - OK[0m[1;34m
[0m[1;34m	threadid 139926834546432 -> core 13 - OK[0m[1;34m
[0m[1;34m	threadid 139926826153728 -> core 14 - OK[0m[1;34m
[0m[1;34m	threadid 139926817761024 -> core 15 - OK[0m[1;34m
[0m[1;34m	threadid 139926809368320 -> core 16 - OK[0m[1;34m
[0m[1;34m	threadid 139926800975616 -> core 17 - OK[0m[1;34m
[0m[1;34m	threadid 139926792582912 -> core 6 - OK[0m[1;34m
[0m[1;34m	threadid 139926784190208 -> core 7 - OK[0m[1;34m
[0m[1;34m	threadid 139926775797504 -> core 8 - OK[0m[1;34m
[0m[1;34m	threadid 139926767404800 -> core 9 - OK[0m[1;34m
[0mFLOPs in stencil code:      1.204726e+10
Time spent in stencil code: 0.773785
Performance in GFlop/s:     15.569260
[1;34m[pthread wrapper] 
[0m[1;34m[pthread wrapper] MAIN -> 0
[0m[1;34m[pthread wrapper] PIN_MASK: [0m[1;34m0->1  [0m[1;34m1->2  [0m[1;34m2->3  [0m[1;34m3->4  [0m[1;34m4->5  [0m[1;34m5->12  [0m[1;34m6->13  [0m[1;34m7->14  [0m[1;34m8->15  [0m[1;34m9->16  [0m[1;34m10->17  [0m[1;34m11->6  [0m[1;34m12->7  [0m[1;34m13->8  [0m[1;34m14->9  [0m[1;34m
[pthread wrapper] SKIP MASK: 0x0
[0m[1;34m	threadid 140520491341568 -> core 1 - OK[0m[1;34m
[0m[1;34m	threadid 140520482948864 -> core 2 - OK[0m[1;34m
[0m[1;34m	threadid 140520474556160 -> core 3 - OK[0m[1;34m
[0m[1;34m	threadid 140520466163456 -> core 4 - OK[0m[1;34m
[0m[1;34m	threadid 140520457770752 -> core 5 - OK[0m[1;34m
[0m[1;34m	threadid 140520449378048 -> core 12 - OK[0m[1;34m
[0m[1;34m	threadid 140520440985344 -> core 13 - OK[0m[1;34m
[0m[1;34m	threadid 140520432592640 -> core 14 - OK[0m[1;34m
[0m[1;34m	threadid 140520424199936 -> core 15 - OK[0m[1;34m
[0m[1;34m	threadid 140520415807232 -> core 16 - OK[0m[1;34m
[0m[1;34m	threadid 140520407414528 -> core 17 - OK[0m[1;34m
[0m[1;34m	threadid 140520399021824 -> core 6 - OK[0m[1;34m
[0m[1;34m	threadid 140520390629120 -> core 7 - OK[0m[1;34m
[0m[1;34m	threadid 140520382236416 -> core 8 - OK[0m[1;34m
[0m[1;34m	threadid 140520373843712 -> core 9 - OK[0m[1;34m
[0mFLOPs in stencil code:      1.204726e+10
Time spent in stencil code: 0.773760
Performance in GFlop/s:     15.569759
[1;34m[pthread wrapper] 
[0m[1;34m[pthread wrapper] MAIN -> 0
[0m[1;34m[pthread wrapper] PIN_MASK: [0m[1;34m0->1  [0m[1;34m1->2  [0m[1;34m2->3  [0m[1;34m3->4  [0m[1;34m4->5  [0m[1;34m5->12  [0m[1;34m6->13  [0m[1;34m7->14  [0m[1;34m8->15  [0m[1;34m9->16  [0m[1;34m10->17  [0m[1;34m11->6  [0m[1;34m12->7  [0m[1;34m13->8  [0m[1;34m14->9  [0m[1;34m
[pthread wrapper] SKIP MASK: 0x0
[0m[1;34m	threadid 140482083768064 -> core 1 - OK[0m[1;34m
[0m[1;34m	threadid 140482075375360 -> core 2 - OK[0m[1;34m
[0m[1;34m	threadid 140482066982656 -> core 3 - OK[0m[1;34m
[0m[1;34m	threadid 140482058589952 -> core 4 - OK[0m[1;34m
[0m[1;34m	threadid 140482050197248 -> core 5 - OK[0m[1;34m
[0m[1;34m	threadid 140482041804544 -> core 12 - OK[0m[1;34m
[0m[1;34m	threadid 140482033411840 -> core 13 - OK[0m[1;34m
[0m[1;34m	threadid 140482025019136 -> core 14 - OK[0m[1;34m
[0m[1;34m	threadid 140482016626432 -> core 15 - OK[0m[1;34m
[0m[1;34m	threadid 140482008233728 -> core 16 - OK[0m[1;34m
[0m[1;34m	threadid 140481999841024 -> core 17 - OK[0m[1;34m
[0m[1;34m	threadid 140481991448320 -> core 6 - OK[0m[1;34m
[0m[1;34m	threadid 140481983055616 -> core 7 - OK[0m[1;34m
[0m[1;34m	threadid 140481974662912 -> core 8 - OK[0m[1;34m
[0m[1;34m	threadid 140481966270208 -> core 9 - OK[0m[1;34m
[0mFLOPs in stencil code:      1.204726e+10
Time spent in stencil code: 0.774730
Performance in GFlop/s:     15.550267
[1;34m[pthread wrapper] 
[0m[1;34m[pthread wrapper] MAIN -> 0
[0m[1;34m[pthread wrapper] PIN_MASK: [0m[1;34m0->1  [0m[1;34m1->2  [0m[1;34m2->3  [0m[1;34m3->4  [0m[1;34m4->5  [0m[1;34m5->12  [0m[1;34m6->13  [0m[1;34m7->14  [0m[1;34m8->15  [0m[1;34m9->16  [0m[1;34m10->17  [0m[1;34m11->6  [0m[1;34m12->7  [0m[1;34m13->8  [0m[1;34m14->9  [0m[1;34m
[pthread wrapper] SKIP MASK: 0x0
[0m[1;34m	threadid 139899873822464 -> core 1 - OK[0m[1;34m
[0m[1;34m	threadid 139899865429760 -> core 2 - OK[0m[1;34m
[0m[1;34m	threadid 139899857037056 -> core 3 - OK[0m[1;34m
[0m[1;34m	threadid 139899848644352 -> core 4 - OK[0m[1;34m
[0m[1;34m	threadid 139899840251648 -> core 5 - OK[0m[1;34m
[0m[1;34m	threadid 139899831858944 -> core 12 - OK[0m[1;34m
[0m[1;34m	threadid 139899823466240 -> core 13 - OK[0m[1;34m
[0m[1;34m	threadid 139899815073536 -> core 14 - OK[0m[1;34m
[0m[1;34m	threadid 139899806680832 -> core 15 - OK[0m[1;34m
[0m[1;34m	threadid 139899798288128 -> core 16 - OK[0m[1;34m
[0m[1;34m	threadid 139899789895424 -> core 17 - OK[0m[1;34m
[0m[1;34m	threadid 139899781502720 -> core 6 - OK[0m[1;34m
[0m[1;34m	threadid 139899773110016 -> core 7 - OK[0m[1;34m
[0m[1;34m	threadid 139899764717312 -> core 8 - OK[0m[1;34m
[0m[1;34m	threadid 139899756324608 -> core 9 - OK[0m[1;34m
[0mFLOPs in stencil code:      1.204726e+10
Time spent in stencil code: 0.773558
Performance in GFlop/s:     15.573828
