[1;34m[pthread wrapper] 
[0m[1;34m[pthread wrapper] MAIN -> 0
[0m[1;34m[pthread wrapper] PIN_MASK: [0m[1;34m0->1  [0m[1;34m1->2  [0m[1;34m2->3  [0m[1;34m3->6  [0m[1;34m4->7  [0m[1;34m5->8  [0m[1;34m6->9  [0m[1;34m
[pthread wrapper] SKIP MASK: 0x0
[0m[1;34m	threadid 140598302721792 -> core 1 - OK[0m[1;34m
[0m[1;34m	threadid 140598294329088 -> core 2 - OK[0m[1;34m
[0m[1;34m	threadid 140598285936384 -> core 3 - OK[0m[1;34m
[0m[1;34m	threadid 140598277543680 -> core 6 - OK[0m[1;34m
[0m[1;34m	threadid 140598269150976 -> core 7 - OK[0m[1;34m
[0m[1;34m	threadid 140598260758272 -> core 8 - OK[0m[1;34m
[0m[1;34m	threadid 140598252365568 -> core 9 - OK[0m[1;34m
[0mFLOPs in stencil code:      1.204726e+10
Time spent in stencil code: 0.744927
Performance in GFlop/s:     16.172402
[1;34m[pthread wrapper] 
[0m[1;34m[pthread wrapper] MAIN -> 0
[0m[1;34m[pthread wrapper] PIN_MASK: [0m[1;34m0->1  [0m[1;34m1->2  [0m[1;34m2->3  [0m[1;34m3->6  [0m[1;34m4->7  [0m[1;34m5->8  [0m[1;34m6->9  [0m[1;34m
[pthread wrapper] SKIP MASK: 0x0
[0m[1;34m	threadid 140497884997376 -> core 1 - OK[0m[1;34m
[0m[1;34m	threadid 140497876604672 -> core 2 - OK[0m[1;34m
[0m[1;34m	threadid 140497868211968 -> core 3 - OK[0m[1;34m
[0m[1;34m	threadid 140497859819264 -> core 6 - OK[0m[1;34m
[0m[1;34m	threadid 140497851426560 -> core 7 - OK[0m[1;34m
[0m[1;34m	threadid 140497843033856 -> core 8 - OK[0m[1;34m
[0m[1;34m	threadid 140497834641152 -> core 9 - OK[0m[1;34m
[0mFLOPs in stencil code:      1.204726e+10
Time spent in stencil code: 0.745383
Performance in GFlop/s:     16.162506
[1;34m[pthread wrapper] 
[0m[1;34m[pthread wrapper] MAIN -> 0
[0m[1;34m[pthread wrapper] PIN_MASK: [0m[1;34m0->1  [0m[1;34m1->2  [0m[1;34m2->3  [0m[1;34m3->6  [0m[1;34m4->7  [0m[1;34m5->8  [0m[1;34m6->9  [0m[1;34m
[pthread wrapper] SKIP MASK: 0x0
[0m[1;34m	threadid 140518755104512 -> core 1 - OK[0m[1;34m
[0m[1;34m	threadid 140518746711808 -> core 2 - OK[0m[1;34m
[0m[1;34m	threadid 140518738319104 -> core 3 - OK[0m[1;34m
[0m[1;34m	threadid 140518729926400 -> core 6 - OK[0m[1;34m
[0m[1;34m	threadid 140518721533696 -> core 7 - OK[0m[1;34m
[0m[1;34m	threadid 140518713140992 -> core 8 - OK[0m[1;34m
[0m[1;34m	threadid 140518704748288 -> core 9 - OK[0m[1;34m
[0mFLOPs in stencil code:      1.204726e+10
Time spent in stencil code: 0.746084
Performance in GFlop/s:     16.147316
[1;34m[pthread wrapper] 
[0m[1;34m[pthread wrapper] MAIN -> 0
[0m[1;34m[pthread wrapper] PIN_MASK: [0m[1;34m0->1  [0m[1;34m1->2  [0m[1;34m2->3  [0m[1;34m3->6  [0m[1;34m4->7  [0m[1;34m5->8  [0m[1;34m6->9  [0m[1;34m
[pthread wrapper] SKIP MASK: 0x0
[0m[1;34m	threadid 140011826235136 -> core 1 - OK[0m[1;34m
[0m[1;34m	threadid 140011817842432 -> core 2 - OK[0m[1;34m
[0m[1;34m	threadid 140011809449728 -> core 3 - OK[0m[1;34m
[0m[1;34m	threadid 140011801057024 -> core 6 - OK[0m[1;34m
[0m[1;34m	threadid 140011792664320 -> core 7 - OK[0m[1;34m
[0m[1;34m	threadid 140011784271616 -> core 8 - OK[0m[1;34m
[0m[1;34m	threadid 140011775878912 -> core 9 - OK[0m[1;34m
[0mFLOPs in stencil code:      1.204726e+10
Time spent in stencil code: 0.745437
Performance in GFlop/s:     16.161338
[1;34m[pthread wrapper] 
[0m[1;34m[pthread wrapper] MAIN -> 0
[0m[1;34m[pthread wrapper] PIN_MASK: [0m[1;34m0->1  [0m[1;34m1->2  [0m[1;34m2->3  [0m[1;34m3->6  [0m[1;34m4->7  [0m[1;34m5->8  [0m[1;34m6->9  [0m[1;34m
[pthread wrapper] SKIP MASK: 0x0
[0m[1;34m	threadid 140290737166080 -> core 1 - OK[0m[1;34m
[0m[1;34m	threadid 140290728773376 -> core 2 - OK[0m[1;34m
[0m[1;34m	threadid 140290720380672 -> core 3 - OK[0m[1;34m
[0m[1;34m	threadid 140290711987968 -> core 6 - OK[0m[1;34m
[0m[1;34m	threadid 140290703595264 -> core 7 - OK[0m[1;34m
[0m[1;34m	threadid 140290695202560 -> core 8 - OK[0m[1;34m
[0m[1;34m	threadid 140290686809856 -> core 9 - OK[0m[1;34m
[0mFLOPs in stencil code:      1.204726e+10
Time spent in stencil code: 0.745895
Performance in GFlop/s:     16.151409
