[1;34m[pthread wrapper] 
[0m[1;34m[pthread wrapper] MAIN -> 0
[0m[1;34m[pthread wrapper] PIN_MASK: [0m[1;34m0->1  [0m[1;34m1->2  [0m[1;34m2->3  [0m[1;34m3->4  [0m[1;34m4->5  [0m[1;34m5->12  [0m[1;34m6->13  [0m[1;34m7->14  [0m[1;34m8->15  [0m[1;34m9->16  [0m[1;34m10->17  [0m[1;34m
[pthread wrapper] SKIP MASK: 0x0
[0m[1;34m	threadid 139702484678400 -> core 1 - OK[0m[1;34m
[0m[1;34m	threadid 139702476285696 -> core 2 - OK[0m[1;34m
[0m[1;34m	threadid 139702467892992 -> core 3 - OK[0m[1;34m
[0m[1;34m	threadid 139702459500288 -> core 4 - OK[0m[1;34m
[0m[1;34m	threadid 139702451107584 -> core 5 - OK[0m[1;34m
[0m[1;34m	threadid 139702442714880 -> core 12 - OK[0m[1;34m
[0m[1;34m	threadid 139702434322176 -> core 13 - OK[0m[1;34m
[0m[1;34m	threadid 139702425929472 -> core 14 - OK[0m[1;34m
[0m[1;34m	threadid 139702417536768 -> core 15 - OK[0m[1;34m
[0m[1;34m	threadid 139702409144064 -> core 16 - OK[0m[1;34m
[0m[1;34m	threadid 139702400751360 -> core 17 - OK[0m[1;34m
[0mFLOPs in stencil code:      1.204726e+10
Time spent in stencil code: 0.973674
Performance in GFlop/s:     12.372988
[1;34m[pthread wrapper] 
[0m[1;34m[pthread wrapper] MAIN -> 0
[0m[1;34m[pthread wrapper] PIN_MASK: [0m[1;34m0->1  [0m[1;34m1->2  [0m[1;34m2->3  [0m[1;34m3->4  [0m[1;34m4->5  [0m[1;34m5->12  [0m[1;34m6->13  [0m[1;34m7->14  [0m[1;34m8->15  [0m[1;34m9->16  [0m[1;34m10->17  [0m[1;34m
[pthread wrapper] SKIP MASK: 0x0
[0m[1;34m	threadid 139641391097600 -> core 1 - OK[0m[1;34m
[0m[1;34m	threadid 139641382704896 -> core 2 - OK[0m[1;34m
[0m[1;34m	threadid 139641374312192 -> core 3 - OK[0m[1;34m
[0m[1;34m	threadid 139641365919488 -> core 4 - OK[0m[1;34m
[0m[1;34m	threadid 139641357526784 -> core 5 - OK[0m[1;34m
[0m[1;34m	threadid 139641349134080 -> core 12 - OK[0m[1;34m
[0m[1;34m	threadid 139641340741376 -> core 13 - OK[0m[1;34m
[0m[1;34m	threadid 139641332348672 -> core 14 - OK[0m[1;34m
[0m[1;34m	threadid 139641323955968 -> core 15 - OK[0m[1;34m
[0m[1;34m	threadid 139641315563264 -> core 16 - OK[0m[1;34m
[0m[1;34m	threadid 139641307170560 -> core 17 - OK[0m[1;34m
[0mFLOPs in stencil code:      1.204726e+10
Time spent in stencil code: 0.973545
Performance in GFlop/s:     12.374627
[1;34m[pthread wrapper] 
[0m[1;34m[pthread wrapper] MAIN -> 0
[0m[1;34m[pthread wrapper] PIN_MASK: [0m[1;34m0->1  [0m[1;34m1->2  [0m[1;34m2->3  [0m[1;34m3->4  [0m[1;34m4->5  [0m[1;34m5->12  [0m[1;34m6->13  [0m[1;34m7->14  [0m[1;34m8->15  [0m[1;34m9->16  [0m[1;34m10->17  [0m[1;34m
[pthread wrapper] SKIP MASK: 0x0
[0m[1;34m	threadid 140063220811520 -> core 1 - OK[0m[1;34m
[0m[1;34m	threadid 140063212418816 -> core 2 - OK[0m[1;34m
[0m[1;34m	threadid 140063204026112 -> core 3 - OK[0m[1;34m
[0m[1;34m	threadid 140063195633408 -> core 4 - OK[0m[1;34m
[0m[1;34m	threadid 140063187240704 -> core 5 - OK[0m[1;34m
[0m[1;34m	threadid 140063178848000 -> core 12 - OK[0m[1;34m
[0m[1;34m	threadid 140063170455296 -> core 13 - OK[0m[1;34m
[0m[1;34m	threadid 140063162062592 -> core 14 - OK[0m[1;34m
[0m[1;34m	threadid 140063153669888 -> core 15 - OK[0m[1;34m
[0m[1;34m	threadid 140063145277184 -> core 16 - OK[0m[1;34m
[0m[1;34m	threadid 140063136884480 -> core 17 - OK[0m[1;34m
[0mFLOPs in stencil code:      1.204726e+10
Time spent in stencil code: 0.976012
Performance in GFlop/s:     12.343350
[1;34m[pthread wrapper] 
[0m[1;34m[pthread wrapper] MAIN -> 0
[0m[1;34m[pthread wrapper] PIN_MASK: [0m[1;34m0->1  [0m[1;34m1->2  [0m[1;34m2->3  [0m[1;34m3->4  [0m[1;34m4->5  [0m[1;34m5->12  [0m[1;34m6->13  [0m[1;34m7->14  [0m[1;34m8->15  [0m[1;34m9->16  [0m[1;34m10->17  [0m[1;34m
[pthread wrapper] SKIP MASK: 0x0
[0m[1;34m	threadid 139631398405888 -> core 1 - OK[0m[1;34m
[0m[1;34m	threadid 139631390013184 -> core 2 - OK[0m[1;34m
[0m[1;34m	threadid 139631381620480 -> core 3 - OK[0m[1;34m
[0m[1;34m	threadid 139631373227776 -> core 4 - OK[0m[1;34m
[0m[1;34m	threadid 139631364835072 -> core 5 - OK[0m[1;34m
[0m[1;34m	threadid 139631356442368 -> core 12 - OK[0m[1;34m
[0m[1;34m	threadid 139631348049664 -> core 13 - OK[0m[1;34m
[0m[1;34m	threadid 139631339656960 -> core 14 - OK[0m[1;34m
[0m[1;34m	threadid 139631331264256 -> core 15 - OK[0m[1;34m
[0m[1;34m	threadid 139631322871552 -> core 16 - OK[0m[1;34m
[0m[1;34m	threadid 139631314478848 -> core 17 - OK[0m[1;34m
[0mFLOPs in stencil code:      1.204726e+10
Time spent in stencil code: 0.977642
Performance in GFlop/s:     12.322769
[1;34m[pthread wrapper] 
[0m[1;34m[pthread wrapper] MAIN -> 0
[0m[1;34m[pthread wrapper] PIN_MASK: [0m[1;34m0->1  [0m[1;34m1->2  [0m[1;34m2->3  [0m[1;34m3->4  [0m[1;34m4->5  [0m[1;34m5->12  [0m[1;34m6->13  [0m[1;34m7->14  [0m[1;34m8->15  [0m[1;34m9->16  [0m[1;34m10->17  [0m[1;34m
[pthread wrapper] SKIP MASK: 0x0
[0m[1;34m	threadid 140706599868160 -> core 1 - OK[0m[1;34m
[0m[1;34m	threadid 140706591475456 -> core 2 - OK[0m[1;34m
[0m[1;34m	threadid 140706583082752 -> core 3 - OK[0m[1;34m
[0m[1;34m	threadid 140706574690048 -> core 4 - OK[0m[1;34m
[0m[1;34m	threadid 140706566297344 -> core 5 - OK[0m[1;34m
[0m[1;34m	threadid 140706557904640 -> core 12 - OK[0m[1;34m
[0m[1;34m	threadid 140706549511936 -> core 13 - OK[0m[1;34m
[0m[1;34m	threadid 140706541119232 -> core 14 - OK[0m[1;34m
[0m[1;34m	threadid 140706532726528 -> core 15 - OK[0m[1;34m
[0m[1;34m	threadid 140706524333824 -> core 16 - OK[0m[1;34m
[0m[1;34m	threadid 140706515941120 -> core 17 - OK[0m[1;34m
[0mFLOPs in stencil code:      1.204726e+10
Time spent in stencil code: 0.974035
Performance in GFlop/s:     12.368403
