x_max: 200
[1;34m[pthread wrapper] 
[0m[1;34m[pthread wrapper] MAIN -> 0
[0m[1;34m[pthread wrapper] PIN_MASK: [0m[1;34m0->34  [0m[1;34m1->1  [0m[1;34m2->2  [0m[1;34m
[pthread wrapper] SKIP MASK: 0x0
[0m[1;34m	threadid 47236066682624 -> core 34 - OK[0m[1;34m
[0m[1;34m	threadid 47236068783872 -> core 1 - OK[0m[1;34m
[0m[1;34m	threadid 47236070885120 -> core 2 - OK[0m[1;34m
[0mFLOPs in stencil code:      12047257600
Time spent in stencil code: 2.921596
Performance in GFlop/s:     4.123519
x_max: 200
[1;34m[pthread wrapper] 
[0m[1;34m[pthread wrapper] MAIN -> 0
[0m[1;34m[pthread wrapper] PIN_MASK: [0m[1;34m0->34  [0m[1;34m1->1  [0m[1;34m2->2  [0m[1;34m
[pthread wrapper] SKIP MASK: 0x0
[0m[1;34m	threadid 47796438136576 -> core 34 - OK[0m[1;34m
[0m[1;34m	threadid 47796440237824 -> core 1 - OK[0m[1;34m
[0m[1;34m	threadid 47796442339072 -> core 2 - OK[0m[1;34m
[0mFLOPs in stencil code:      12047257600
Time spent in stencil code: 2.917637
Performance in GFlop/s:     4.129115
x_max: 200
[1;34m[pthread wrapper] 
[0m[1;34m[pthread wrapper] MAIN -> 0
[0m[1;34m[pthread wrapper] PIN_MASK: [0m[1;34m0->34  [0m[1;34m1->1  [0m[1;34m2->2  [0m[1;34m
[pthread wrapper] SKIP MASK: 0x0
[0m[1;34m	threadid 47395914622720 -> core 34 - OK[0m[1;34m
[0m[1;34m	threadid 47395916723968 -> core 1 - OK[0m[1;34m
[0m[1;34m	threadid 47395918825216 -> core 2 - OK[0m[1;34m
[0mFLOPs in stencil code:      12047257600
Time spent in stencil code: 2.916036
Performance in GFlop/s:     4.131382
x_max: 200
[1;34m[pthread wrapper] 
[0m[1;34m[pthread wrapper] MAIN -> 0
[0m[1;34m[pthread wrapper] PIN_MASK: [0m[1;34m0->34  [0m[1;34m1->1  [0m[1;34m2->2  [0m[1;34m
[pthread wrapper] SKIP MASK: 0x0
[0m[1;34m	threadid 47014211368704 -> core 34 - OK[0m[1;34m
[0m[1;34m	threadid 47014213469952 -> core 1 - OK[0m[1;34m
[0m[1;34m	threadid 47014215571200 -> core 2 - OK[0m[1;34m
[0mFLOPs in stencil code:      12047257600
Time spent in stencil code: 2.920211
Performance in GFlop/s:     4.125475
x_max: 200
[1;34m[pthread wrapper] 
[0m[1;34m[pthread wrapper] MAIN -> 0
[0m[1;34m[pthread wrapper] PIN_MASK: [0m[1;34m0->34  [0m[1;34m1->1  [0m[1;34m2->2  [0m[1;34m
[pthread wrapper] SKIP MASK: 0x0
[0m[1;34m	threadid 47161813817088 -> core 34 - OK[0m[1;34m
[0m[1;34m	threadid 47161815918336 -> core 1 - OK[0m[1;34m
[0m[1;34m	threadid 47161818019584 -> core 2 - OK[0m[1;34m
[0mFLOPs in stencil code:      12047257600
Time spent in stencil code: 2.914609
Performance in GFlop/s:     4.133404
