x_max: 200
[1;34m[pthread wrapper] 
[0m[1;34m[pthread wrapper] MAIN -> 0
[0m[1;34m[pthread wrapper] PIN_MASK: [0m[1;34m0->34  [0m[1;34m1->1  [0m[1;34m2->2  [0m[1;34m3->3  [0m[1;34m4->4  [0m[1;34m5->5  [0m[1;34m6->6  [0m[1;34m7->7  [0m[1;34m8->8  [0m[1;34m9->25  [0m[1;34m10->87  [0m[1;34m11->35  [0m[1;34m12->36  [0m[1;34m13->37  [0m[1;34m14->38  [0m[1;34m
[pthread wrapper] SKIP MASK: 0x0
[0m[1;34m	threadid 47526260578048 -> core 34 - OK[0m[1;34m
[0m[1;34m	threadid 47526262679296 -> core 1 - OK[0m[1;34m
[0m[1;34m	threadid 47526264780544 -> core 2 - OK[0m[1;34m
[0m[1;34m	threadid 47526266881792 -> core 3 - OK[0m[1;34m
[0m[1;34m	threadid 47526268983040 -> core 4 - OK[0m[1;34m
[0m[1;34m	threadid 47526271084288 -> core 5 - OK[0m[1;34m
[0m[1;34m	threadid 47526273185536 -> core 6 - OK[0m[1;34m
[0m[1;34m	threadid 47526275286784 -> core 7 - OK[0m[1;34m
[0m[1;34m	threadid 47526277388032 -> core 8 - OK[0m[1;34m
[0m[1;34m	threadid 47526279489280 -> core 25 - OK[0m[1;34m
[0m[1;34m	threadid 47526281590528 -> core 87 - OK[0m[1;34m
[0m[1;34m	threadid 47526283691776 -> core 35 - OK[0m[1;34m
[0m[1;34m	threadid 47526285793024 -> core 36 - OK[0m[1;34m
[0m[1;34m	threadid 47526287894272 -> core 37 - OK[0m[1;34m
[0m[1;34m	threadid 47526289995520 -> core 38 - OK[0m[1;34m
[0mFLOPs in stencil code:      12047257600
Time spent in stencil code: 0.791726
Performance in GFlop/s:     15.216451
x_max: 200
[1;34m[pthread wrapper] 
[0m[1;34m[pthread wrapper] MAIN -> 0
[0m[1;34m[pthread wrapper] PIN_MASK: [0m[1;34m0->34  [0m[1;34m1->1  [0m[1;34m2->2  [0m[1;34m3->3  [0m[1;34m4->4  [0m[1;34m5->5  [0m[1;34m6->6  [0m[1;34m7->7  [0m[1;34m8->8  [0m[1;34m9->25  [0m[1;34m10->87  [0m[1;34m11->35  [0m[1;34m12->36  [0m[1;34m13->37  [0m[1;34m14->38  [0m[1;34m
[pthread wrapper] SKIP MASK: 0x0
[0m[1;34m	threadid 47341153109760 -> core 34 - OK[0m[1;34m
[0m[1;34m	threadid 47341155211008 -> core 1 - OK[0m[1;34m
[0m[1;34m	threadid 47341157312256 -> core 2 - OK[0m[1;34m
[0m[1;34m	threadid 47341159413504 -> core 3 - OK[0m[1;34m
[0m[1;34m	threadid 47341161514752 -> core 4 - OK[0m[1;34m
[0m[1;34m	threadid 47341163616000 -> core 5 - OK[0m[1;34m
[0m[1;34m	threadid 47341165717248 -> core 6 - OK[0m[1;34m
[0m[1;34m	threadid 47341167818496 -> core 7 - OK[0m[1;34m
[0m[1;34m	threadid 47341169919744 -> core 8 - OK[0m[1;34m
[0m[1;34m	threadid 47341172020992 -> core 25 - OK[0m[1;34m
[0m[1;34m	threadid 47341174122240 -> core 87 - OK[0m[1;34m
[0m[1;34m	threadid 47341176223488 -> core 35 - OK[0m[1;34m
[0m[1;34m	threadid 47341178324736 -> core 36 - OK[0m[1;34m
[0m[1;34m	threadid 47341180425984 -> core 37 - OK[0m[1;34m
[0m[1;34m	threadid 47341182527232 -> core 38 - OK[0m[1;34m
[0mFLOPs in stencil code:      12047257600
Time spent in stencil code: 0.786025
Performance in GFlop/s:     15.326811
x_max: 200
[1;34m[pthread wrapper] 
[0m[1;34m[pthread wrapper] MAIN -> 0
[0m[1;34m[pthread wrapper] PIN_MASK: [0m[1;34m0->34  [0m[1;34m1->1  [0m[1;34m2->2  [0m[1;34m3->3  [0m[1;34m4->4  [0m[1;34m5->5  [0m[1;34m6->6  [0m[1;34m7->7  [0m[1;34m8->8  [0m[1;34m9->25  [0m[1;34m10->87  [0m[1;34m11->35  [0m[1;34m12->36  [0m[1;34m13->37  [0m[1;34m14->38  [0m[1;34m
[pthread wrapper] SKIP MASK: 0x0
[0m[1;34m	threadid 47365659625216 -> core 34 - OK[0m[1;34m
[0m[1;34m	threadid 47365661726464 -> core 1 - OK[0m[1;34m
[0m[1;34m	threadid 47365663827712 -> core 2 - OK[0m[1;34m
[0m[1;34m	threadid 47365665928960 -> core 3 - OK[0m[1;34m
[0m[1;34m	threadid 47365668030208 -> core 4 - OK[0m[1;34m
[0m[1;34m	threadid 47365670131456 -> core 5 - OK[0m[1;34m
[0m[1;34m	threadid 47365672232704 -> core 6 - OK[0m[1;34m
[0m[1;34m	threadid 47365674333952 -> core 7 - OK[0m[1;34m
[0m[1;34m	threadid 47365676435200 -> core 8 - OK[0m[1;34m
[0m[1;34m	threadid 47365678536448 -> core 25 - OK[0m[1;34m
[0m[1;34m	threadid 47365680637696 -> core 87 - OK[0m[1;34m
[0m[1;34m	threadid 47365682738944 -> core 35 - OK[0m[1;34m
[0m[1;34m	threadid 47365684840192 -> core 36 - OK[0m[1;34m
[0m[1;34m	threadid 47365686941440 -> core 37 - OK[0m[1;34m
[0m[1;34m	threadid 47365689042688 -> core 38 - OK[0m[1;34m
[0mFLOPs in stencil code:      12047257600
Time spent in stencil code: 0.785380
Performance in GFlop/s:     15.339397
x_max: 200
[1;34m[pthread wrapper] 
[0m[1;34m[pthread wrapper] MAIN -> 0
[0m[1;34m[pthread wrapper] PIN_MASK: [0m[1;34m0->34  [0m[1;34m1->1  [0m[1;34m2->2  [0m[1;34m3->3  [0m[1;34m4->4  [0m[1;34m5->5  [0m[1;34m6->6  [0m[1;34m7->7  [0m[1;34m8->8  [0m[1;34m9->25  [0m[1;34m10->87  [0m[1;34m11->35  [0m[1;34m12->36  [0m[1;34m13->37  [0m[1;34m14->38  [0m[1;34m
[pthread wrapper] SKIP MASK: 0x0
[0m[1;34m	threadid 47188780918528 -> core 34 - OK[0m[1;34m
[0m[1;34m	threadid 47188783019776 -> core 1 - OK[0m[1;34m
[0m[1;34m	threadid 47188785121024 -> core 2 - OK[0m[1;34m
[0m[1;34m	threadid 47188787222272 -> core 3 - OK[0m[1;34m
[0m[1;34m	threadid 47188789323520 -> core 4 - OK[0m[1;34m
[0m[1;34m	threadid 47188791424768 -> core 5 - OK[0m[1;34m
[0m[1;34m	threadid 47188793526016 -> core 6 - OK[0m[1;34m
[0m[1;34m	threadid 47188795627264 -> core 7 - OK[0m[1;34m
[0m[1;34m	threadid 47188797728512 -> core 8 - OK[0m[1;34m
[0m[1;34m	threadid 47188799829760 -> core 25 - OK[0m[1;34m
[0m[1;34m	threadid 47188801931008 -> core 87 - OK[0m[1;34m
[0m[1;34m	threadid 47188804032256 -> core 35 - OK[0m[1;34m
[0m[1;34m	threadid 47188806133504 -> core 36 - OK[0m[1;34m
[0m[1;34m	threadid 47188808234752 -> core 37 - OK[0m[1;34m
[0m[1;34m	threadid 47188810336000 -> core 38 - OK[0m[1;34m
[0mFLOPs in stencil code:      12047257600
Time spent in stencil code: 0.782672
Performance in GFlop/s:     15.392474
x_max: 200
[1;34m[pthread wrapper] 
[0m[1;34m[pthread wrapper] MAIN -> 0
[0m[1;34m[pthread wrapper] PIN_MASK: [0m[1;34m0->34  [0m[1;34m1->1  [0m[1;34m2->2  [0m[1;34m3->3  [0m[1;34m4->4  [0m[1;34m5->5  [0m[1;34m6->6  [0m[1;34m7->7  [0m[1;34m8->8  [0m[1;34m9->25  [0m[1;34m10->87  [0m[1;34m11->35  [0m[1;34m12->36  [0m[1;34m13->37  [0m[1;34m14->38  [0m[1;34m
[pthread wrapper] SKIP MASK: 0x0
[0m[1;34m	threadid 47795322590976 -> core 34 - OK[0m[1;34m
[0m[1;34m	threadid 47795324692224 -> core 1 - OK[0m[1;34m
[0m[1;34m	threadid 47795326793472 -> core 2 - OK[0m[1;34m
[0m[1;34m	threadid 47795328894720 -> core 3 - OK[0m[1;34m
[0m[1;34m	threadid 47795330995968 -> core 4 - OK[0m[1;34m
[0m[1;34m	threadid 47795333097216 -> core 5 - OK[0m[1;34m
[0m[1;34m	threadid 47795335198464 -> core 6 - OK[0m[1;34m
[0m[1;34m	threadid 47795337299712 -> core 7 - OK[0m[1;34m
[0m[1;34m	threadid 47795339400960 -> core 8 - OK[0m[1;34m
[0m[1;34m	threadid 47795341502208 -> core 25 - OK[0m[1;34m
[0m[1;34m	threadid 47795343603456 -> core 87 - OK[0m[1;34m
[0m[1;34m	threadid 47795345704704 -> core 35 - OK[0m[1;34m
[0m[1;34m	threadid 47795347805952 -> core 36 - OK[0m[1;34m
[0m[1;34m	threadid 47795349907200 -> core 37 - OK[0m[1;34m
[0m[1;34m	threadid 47795352008448 -> core 38 - OK[0m[1;34m
[0mFLOPs in stencil code:      12047257600
Time spent in stencil code: 0.787204
Performance in GFlop/s:     15.303857
