x_max: 200
[1;34m[pthread wrapper] 
[0m[1;34m[pthread wrapper] MAIN -> 0
[0m[1;34m[pthread wrapper] PIN_MASK: [0m[1;34m0->34  [0m[1;34m1->1  [0m[1;34m2->2  [0m[1;34m3->3  [0m[1;34m4->4  [0m[1;34m5->5  [0m[1;34m6->6  [0m[1;34m7->7  [0m[1;34m8->8  [0m[1;34m9->25  [0m[1;34m10->87  [0m[1;34m11->35  [0m[1;34m12->36  [0m[1;34m13->37  [0m[1;34m14->38  [0m[1;34m15->39  [0m[1;34m16->40  [0m[1;34m17->41  [0m[1;34m18->42  [0m[1;34m19->43  [0m[1;34m20->44  [0m[1;34m21->45  [0m[1;34m22->46  [0m[1;34m23->47  [0m[1;34m24->48  [0m[1;34m25->49  [0m[1;34m26->50  [0m[1;34m27->51  [0m[1;34m28->52  [0m[1;34m29->53  [0m[1;34m30->54  [0m[1;34m31->55  [0m[1;34m32->56  [0m[1;34m33->57  [0m[1;34m34->58  [0m[1;34m35->59  [0m[1;34m36->60  [0m[1;34m37->61  [0m[1;34m38->62  [0m[1;34m39->63  [0m[1;34m40->64  [0m[1;34m41->65  [0m[1;34m42->66  [0m[1;34m43->67  [0m[1;34m44->68  [0m[1;34m45->69  [0m[1;34m46->70  [0m[1;34m47->71  [0m[1;34m48->72  [0m[1;34m49->73  [0m[1;34m50->74  [0m[1;34m51->75  [0m[1;34m52->76  [0m[1;34m53->77  [0m[1;34m54->78  [0m[1;34m55->79  [0m[1;34m56->80  [0m[1;34m57->81  [0m[1;34m58->82  [0m[1;34m59->83  [0m[1;34m60->84  [0m[1;34m61->85  [0m[1;34m62->86  [0m[1;34m
[pthread wrapper] SKIP MASK: 0x0
[0m[1;34m	threadid 47009739654912 -> core 34 - OK[0m[1;34m
[0m[1;34m	threadid 47009741756160 -> core 1 - OK[0m[1;34m
[0m[1;34m	threadid 47009743857408 -> core 2 - OK[0m[1;34m
[0m[1;34m	threadid 47009745958656 -> core 3 - OK[0m[1;34m
[0m[1;34m	threadid 47009748059904 -> core 4 - OK[0m[1;34m
[0m[1;34m	threadid 47009750161152 -> core 5 - OK[0m[1;34m
[0m[1;34m	threadid 47009752262400 -> core 6 - OK[0m[1;34m
[0m[1;34m	threadid 47009754363648 -> core 7 - OK[0m[1;34m
[0m[1;34m	threadid 47009756464896 -> core 8 - OK[0m[1;34m
[0m[1;34m	threadid 47009758566144 -> core 25 - OK[0m[1;34m
[0m[1;34m	threadid 47009760667392 -> core 87 - OK[0m[1;34m
[0m[1;34m	threadid 47009762768640 -> core 35 - OK[0m[1;34m
[0m[1;34m	threadid 47009764869888 -> core 36 - OK[0m[1;34m
[0m[1;34m	threadid 47009766971136 -> core 37 - OK[0m[1;34m
[0m[1;34m	threadid 47009769072384 -> core 38 - OK[0m[1;34m
[0m[1;34m	threadid 47009771173632 -> core 39 - OK[0m[1;34m
[0m[1;34m	threadid 47009773274880 -> core 40 - OK[0m[1;34m
[0m[1;34m	threadid 47009775376128 -> core 41 - OK[0m[1;34m
[0m[1;34m	threadid 47009777477376 -> core 42 - OK[0m[1;34m
[0m[1;34m	threadid 47009779578624 -> core 43 - OK[0m[1;34m
[0m[1;34m	threadid 47009781679872 -> core 44 - OK[0m[1;34m
[0m[1;34m	threadid 47009783781120 -> core 45 - OK[0m[1;34m
[0m[1;34m	threadid 47009785882368 -> core 46 - OK[0m[1;34m
[0m[1;34m	threadid 47009787983616 -> core 47 - OK[0m[1;34m
[0m[1;34m	threadid 47009790084864 -> core 48 - OK[0m[1;34m
[0m[1;34m	threadid 47009792186112 -> core 49 - OK[0m[1;34m
[0m[1;34m	threadid 47009794287360 -> core 50 - OK[0m[1;34m
[0m[1;34m	threadid 47009796388608 -> core 51 - OK[0m[1;34m
[0m[1;34m	threadid 47009798489856 -> core 52 - OK[0m[1;34m
[0m[1;34m	threadid 47009800591104 -> core 53 - OK[0m[1;34m
[0m[1;34m	threadid 47009802692352 -> core 54 - OK[0m[1;34m
[0m[1;34m	threadid 47009804793600 -> core 55 - OK[0m[1;34m
[0m[1;34m	threadid 47009806894848 -> core 56 - OK[0m[1;34m
[0m[1;34m	threadid 47009808996096 -> core 57 - OK[0m[1;34m
[0m[1;34m	threadid 47009811097344 -> core 58 - OK[0m[1;34m
[0m[1;34m	threadid 47009813198592 -> core 59 - OK[0m[1;34m
[0m[1;34m	threadid 47009815299840 -> core 60 - OK[0m[1;34m
[0m[1;34m	threadid 47009817401088 -> core 61 - OK[0m[1;34m
[0m[1;34m	threadid 47009819502336 -> core 62 - OK[0m[1;34m
[0m[1;34m	threadid 47009821603584 -> core 63 - OK[0m[1;34m
[0m[1;34m	threadid 47009823704832 -> core 64 - OK[0m[1;34m
[0m[1;34m	threadid 47009825806080 -> core 65 - OK[0m[1;34m
[0m[1;34m	threadid 47009827907328 -> core 66 - OK[0m[1;34m
[0m[1;34m	threadid 47009830008576 -> core 67 - OK[0m[1;34m
[0m[1;34m	threadid 47009832109824 -> core 68 - OK[0m[1;34m
[0m[1;34m	threadid 47009834211072 -> core 69 - OK[0m[1;34m
[0m[1;34m	threadid 47009836312320 -> core 70 - OK[0m[1;34m
[0m[1;34m	threadid 47009838413568 -> core 71 - OK[0m[1;34m
[0m[1;34m	threadid 47009840514816 -> core 72 - OK[0m[1;34m
[0m[1;34m	threadid 47009842616064 -> core 73 - OK[0m[1;34m
[0m[1;34m	threadid 47009844717312 -> core 74 - OK[0m[1;34m
[0m[1;34m	threadid 47009846818560 -> core 75 - OK[0m[1;34m
[0m[1;34m	threadid 47009848919808 -> core 76 - OK[0m[1;34m
[0m[1;34m	threadid 47009851021056 -> core 77 - OK[0m[1;34m
[0m[1;34m	threadid 47009853122304 -> core 78 - OK[0m[1;34m
[0m[1;34m	threadid 47009855223552 -> core 79 - OK[0m[1;34m
[0m[1;34m	threadid 47009857324800 -> core 80 - OK[0m[1;34m
[0m[1;34m	threadid 47009859426048 -> core 81 - OK[0m[1;34m
[0m[1;34m	threadid 47009861527296 -> core 82 - OK[0m[1;34m
[0m[1;34m	threadid 47009863628544 -> core 83 - OK[0m[1;34m
[0m[1;34m	threadid 47009865729792 -> core 84 - OK[0m[1;34m
[0m[1;34m	threadid 47009867831040 -> core 85 - OK[0m[1;34m
[0m[1;34m	threadid 47009869932288 -> core 86 - OK[0m[1;34m
[0mFLOPs in stencil code:      12047257600
Time spent in stencil code: 0.290153
Performance in GFlop/s:     41.520358
x_max: 200
[1;34m[pthread wrapper] 
[0m[1;34m[pthread wrapper] MAIN -> 0
[0m[1;34m[pthread wrapper] PIN_MASK: [0m[1;34m0->34  [0m[1;34m1->1  [0m[1;34m2->2  [0m[1;34m3->3  [0m[1;34m4->4  [0m[1;34m5->5  [0m[1;34m6->6  [0m[1;34m7->7  [0m[1;34m8->8  [0m[1;34m9->25  [0m[1;34m10->87  [0m[1;34m11->35  [0m[1;34m12->36  [0m[1;34m13->37  [0m[1;34m14->38  [0m[1;34m15->39  [0m[1;34m16->40  [0m[1;34m17->41  [0m[1;34m18->42  [0m[1;34m19->43  [0m[1;34m20->44  [0m[1;34m21->45  [0m[1;34m22->46  [0m[1;34m23->47  [0m[1;34m24->48  [0m[1;34m25->49  [0m[1;34m26->50  [0m[1;34m27->51  [0m[1;34m28->52  [0m[1;34m29->53  [0m[1;34m30->54  [0m[1;34m31->55  [0m[1;34m32->56  [0m[1;34m33->57  [0m[1;34m34->58  [0m[1;34m35->59  [0m[1;34m36->60  [0m[1;34m37->61  [0m[1;34m38->62  [0m[1;34m39->63  [0m[1;34m40->64  [0m[1;34m41->65  [0m[1;34m42->66  [0m[1;34m43->67  [0m[1;34m44->68  [0m[1;34m45->69  [0m[1;34m46->70  [0m[1;34m47->71  [0m[1;34m48->72  [0m[1;34m49->73  [0m[1;34m50->74  [0m[1;34m51->75  [0m[1;34m52->76  [0m[1;34m53->77  [0m[1;34m54->78  [0m[1;34m55->79  [0m[1;34m56->80  [0m[1;34m57->81  [0m[1;34m58->82  [0m[1;34m59->83  [0m[1;34m60->84  [0m[1;34m61->85  [0m[1;34m62->86  [0m[1;34m
[pthread wrapper] SKIP MASK: 0x0
[0m[1;34m	threadid 46987072403200 -> core 34 - OK[0m[1;34m
[0m[1;34m	threadid 46987074504448 -> core 1 - OK[0m[1;34m
[0m[1;34m	threadid 46987076605696 -> core 2 - OK[0m[1;34m
[0m[1;34m	threadid 46987078706944 -> core 3 - OK[0m[1;34m
[0m[1;34m	threadid 46987080808192 -> core 4 - OK[0m[1;34m
[0m[1;34m	threadid 46987082909440 -> core 5 - OK[0m[1;34m
[0m[1;34m	threadid 46987085010688 -> core 6 - OK[0m[1;34m
[0m[1;34m	threadid 46987087111936 -> core 7 - OK[0m[1;34m
[0m[1;34m	threadid 46987089213184 -> core 8 - OK[0m[1;34m
[0m[1;34m	threadid 46987091314432 -> core 25 - OK[0m[1;34m
[0m[1;34m	threadid 46987093415680 -> core 87 - OK[0m[1;34m
[0m[1;34m	threadid 46987095516928 -> core 35 - OK[0m[1;34m
[0m[1;34m	threadid 46987097618176 -> core 36 - OK[0m[1;34m
[0m[1;34m	threadid 46987099719424 -> core 37 - OK[0m[1;34m
[0m[1;34m	threadid 46987101820672 -> core 38 - OK[0m[1;34m
[0m[1;34m	threadid 46987103921920 -> core 39 - OK[0m[1;34m
[0m[1;34m	threadid 46987106023168 -> core 40 - OK[0m[1;34m
[0m[1;34m	threadid 46987108124416 -> core 41 - OK[0m[1;34m
[0m[1;34m	threadid 46987110225664 -> core 42 - OK[0m[1;34m
[0m[1;34m	threadid 46987112326912 -> core 43 - OK[0m[1;34m
[0m[1;34m	threadid 46987114428160 -> core 44 - OK[0m[1;34m
[0m[1;34m	threadid 46987116529408 -> core 45 - OK[0m[1;34m
[0m[1;34m	threadid 46987118630656 -> core 46 - OK[0m[1;34m
[0m[1;34m	threadid 46987120731904 -> core 47 - OK[0m[1;34m
[0m[1;34m	threadid 46987122833152 -> core 48 - OK[0m[1;34m
[0m[1;34m	threadid 46987124934400 -> core 49 - OK[0m[1;34m
[0m[1;34m	threadid 46987127035648 -> core 50 - OK[0m[1;34m
[0m[1;34m	threadid 46987129136896 -> core 51 - OK[0m[1;34m
[0m[1;34m	threadid 46987131238144 -> core 52 - OK[0m[1;34m
[0m[1;34m	threadid 46987133339392 -> core 53 - OK[0m[1;34m
[0m[1;34m	threadid 46987135440640 -> core 54 - OK[0m[1;34m
[0m[1;34m	threadid 46987137541888 -> core 55 - OK[0m[1;34m
[0m[1;34m	threadid 46987139643136 -> core 56 - OK[0m[1;34m
[0m[1;34m	threadid 46987141744384 -> core 57 - OK[0m[1;34m
[0m[1;34m	threadid 46987143845632 -> core 58 - OK[0m[1;34m
[0m[1;34m	threadid 46987145946880 -> core 59 - OK[0m[1;34m
[0m[1;34m	threadid 46987148048128 -> core 60 - OK[0m[1;34m
[0m[1;34m	threadid 46987150149376 -> core 61 - OK[0m[1;34m
[0m[1;34m	threadid 46987152250624 -> core 62 - OK[0m[1;34m
[0m[1;34m	threadid 46987154351872 -> core 63 - OK[0m[1;34m
[0m[1;34m	threadid 46987156453120 -> core 64 - OK[0m[1;34m
[0m[1;34m	threadid 46987158554368 -> core 65 - OK[0m[1;34m
[0m[1;34m	threadid 46987160655616 -> core 66 - OK[0m[1;34m
[0m[1;34m	threadid 46987162756864 -> core 67 - OK[0m[1;34m
[0m[1;34m	threadid 46987164858112 -> core 68 - OK[0m[1;34m
[0m[1;34m	threadid 46987166959360 -> core 69 - OK[0m[1;34m
[0m[1;34m	threadid 46987169060608 -> core 70 - OK[0m[1;34m
[0m[1;34m	threadid 46987171161856 -> core 71 - OK[0m[1;34m
[0m[1;34m	threadid 46987173263104 -> core 72 - OK[0m[1;34m
[0m[1;34m	threadid 46987175364352 -> core 73 - OK[0m[1;34m
[0m[1;34m	threadid 46987177465600 -> core 74 - OK[0m[1;34m
[0m[1;34m	threadid 46987179566848 -> core 75 - OK[0m[1;34m
[0m[1;34m	threadid 46987181668096 -> core 76 - OK[0m[1;34m
[0m[1;34m	threadid 46987183769344 -> core 77 - OK[0m[1;34m
[0m[1;34m	threadid 46987185870592 -> core 78 - OK[0m[1;34m
[0m[1;34m	threadid 46987187971840 -> core 79 - OK[0m[1;34m
[0m[1;34m	threadid 46987190073088 -> core 80 - OK[0m[1;34m
[0m[1;34m	threadid 46987192174336 -> core 81 - OK[0m[1;34m
[0m[1;34m	threadid 46987194275584 -> core 82 - OK[0m[1;34m
[0m[1;34m	threadid 46987196376832 -> core 83 - OK[0m[1;34m
[0m[1;34m	threadid 46987198478080 -> core 84 - OK[0m[1;34m
[0m[1;34m	threadid 46987200579328 -> core 85 - OK[0m[1;34m
[0m[1;34m	threadid 46987202680576 -> core 86 - OK[0m[1;34m
[0mFLOPs in stencil code:      12047257600
Time spent in stencil code: 0.296092
Performance in GFlop/s:     40.687544
x_max: 200
[1;34m[pthread wrapper] 
[0m[1;34m[pthread wrapper] MAIN -> 0
[0m[1;34m[pthread wrapper] PIN_MASK: [0m[1;34m0->34  [0m[1;34m1->1  [0m[1;34m2->2  [0m[1;34m3->3  [0m[1;34m4->4  [0m[1;34m5->5  [0m[1;34m6->6  [0m[1;34m7->7  [0m[1;34m8->8  [0m[1;34m9->25  [0m[1;34m10->87  [0m[1;34m11->35  [0m[1;34m12->36  [0m[1;34m13->37  [0m[1;34m14->38  [0m[1;34m15->39  [0m[1;34m16->40  [0m[1;34m17->41  [0m[1;34m18->42  [0m[1;34m19->43  [0m[1;34m20->44  [0m[1;34m21->45  [0m[1;34m22->46  [0m[1;34m23->47  [0m[1;34m24->48  [0m[1;34m25->49  [0m[1;34m26->50  [0m[1;34m27->51  [0m[1;34m28->52  [0m[1;34m29->53  [0m[1;34m30->54  [0m[1;34m31->55  [0m[1;34m32->56  [0m[1;34m33->57  [0m[1;34m34->58  [0m[1;34m35->59  [0m[1;34m36->60  [0m[1;34m37->61  [0m[1;34m38->62  [0m[1;34m39->63  [0m[1;34m40->64  [0m[1;34m41->65  [0m[1;34m42->66  [0m[1;34m43->67  [0m[1;34m44->68  [0m[1;34m45->69  [0m[1;34m46->70  [0m[1;34m47->71  [0m[1;34m48->72  [0m[1;34m49->73  [0m[1;34m50->74  [0m[1;34m51->75  [0m[1;34m52->76  [0m[1;34m53->77  [0m[1;34m54->78  [0m[1;34m55->79  [0m[1;34m56->80  [0m[1;34m57->81  [0m[1;34m58->82  [0m[1;34m59->83  [0m[1;34m60->84  [0m[1;34m61->85  [0m[1;34m62->86  [0m[1;34m
[pthread wrapper] SKIP MASK: 0x0
[0m[1;34m	threadid 47789599377152 -> core 34 - OK[0m[1;34m
[0m[1;34m	threadid 47789601478400 -> core 1 - OK[0m[1;34m
[0m[1;34m	threadid 47789603579648 -> core 2 - OK[0m[1;34m
[0m[1;34m	threadid 47789605680896 -> core 3 - OK[0m[1;34m
[0m[1;34m	threadid 47789607782144 -> core 4 - OK[0m[1;34m
[0m[1;34m	threadid 47789609883392 -> core 5 - OK[0m[1;34m
[0m[1;34m	threadid 47789611984640 -> core 6 - OK[0m[1;34m
[0m[1;34m	threadid 47789614085888 -> core 7 - OK[0m[1;34m
[0m[1;34m	threadid 47789616187136 -> core 8 - OK[0m[1;34m
[0m[1;34m	threadid 47789618288384 -> core 25 - OK[0m[1;34m
[0m[1;34m	threadid 47789620389632 -> core 87 - OK[0m[1;34m
[0m[1;34m	threadid 47789622490880 -> core 35 - OK[0m[1;34m
[0m[1;34m	threadid 47789624592128 -> core 36 - OK[0m[1;34m
[0m[1;34m	threadid 47789626693376 -> core 37 - OK[0m[1;34m
[0m[1;34m	threadid 47789628794624 -> core 38 - OK[0m[1;34m
[0m[1;34m	threadid 47789630895872 -> core 39 - OK[0m[1;34m
[0m[1;34m	threadid 47789632997120 -> core 40 - OK[0m[1;34m
[0m[1;34m	threadid 47789635098368 -> core 41 - OK[0m[1;34m
[0m[1;34m	threadid 47789637199616 -> core 42 - OK[0m[1;34m
[0m[1;34m	threadid 47789639300864 -> core 43 - OK[0m[1;34m
[0m[1;34m	threadid 47789641402112 -> core 44 - OK[0m[1;34m
[0m[1;34m	threadid 47789643503360 -> core 45 - OK[0m[1;34m
[0m[1;34m	threadid 47789645604608 -> core 46 - OK[0m[1;34m
[0m[1;34m	threadid 47789647705856 -> core 47 - OK[0m[1;34m
[0m[1;34m	threadid 47789649807104 -> core 48 - OK[0m[1;34m
[0m[1;34m	threadid 47789651908352 -> core 49 - OK[0m[1;34m
[0m[1;34m	threadid 47789654009600 -> core 50 - OK[0m[1;34m
[0m[1;34m	threadid 47789656110848 -> core 51 - OK[0m[1;34m
[0m[1;34m	threadid 47789658212096 -> core 52 - OK[0m[1;34m
[0m[1;34m	threadid 47789660313344 -> core 53 - OK[0m[1;34m
[0m[1;34m	threadid 47789662414592 -> core 54 - OK[0m[1;34m
[0m[1;34m	threadid 47789664515840 -> core 55 - OK[0m[1;34m
[0m[1;34m	threadid 47789666617088 -> core 56 - OK[0m[1;34m
[0m[1;34m	threadid 47789668718336 -> core 57 - OK[0m[1;34m
[0m[1;34m	threadid 47789670819584 -> core 58 - OK[0m[1;34m
[0m[1;34m	threadid 47789672920832 -> core 59 - OK[0m[1;34m
[0m[1;34m	threadid 47789675022080 -> core 60 - OK[0m[1;34m
[0m[1;34m	threadid 47789677123328 -> core 61 - OK[0m[1;34m
[0m[1;34m	threadid 47789679224576 -> core 62 - OK[0m[1;34m
[0m[1;34m	threadid 47789681325824 -> core 63 - OK[0m[1;34m
[0m[1;34m	threadid 47789683427072 -> core 64 - OK[0m[1;34m
[0m[1;34m	threadid 47789685528320 -> core 65 - OK[0m[1;34m
[0m[1;34m	threadid 47789687629568 -> core 66 - OK[0m[1;34m
[0m[1;34m	threadid 47789689730816 -> core 67 - OK[0m[1;34m
[0m[1;34m	threadid 47789691832064 -> core 68 - OK[0m[1;34m
[0m[1;34m	threadid 47789693933312 -> core 69 - OK[0m[1;34m
[0m[1;34m	threadid 47789696034560 -> core 70 - OK[0m[1;34m
[0m[1;34m	threadid 47789698135808 -> core 71 - OK[0m[1;34m
[0m[1;34m	threadid 47789700237056 -> core 72 - OK[0m[1;34m
[0m[1;34m	threadid 47789702338304 -> core 73 - OK[0m[1;34m
[0m[1;34m	threadid 47789704439552 -> core 74 - OK[0m[1;34m
[0m[1;34m	threadid 47789706540800 -> core 75 - OK[0m[1;34m
[0m[1;34m	threadid 47789708642048 -> core 76 - OK[0m[1;34m
[0m[1;34m	threadid 47789710743296 -> core 77 - OK[0m[1;34m
[0m[1;34m	threadid 47789712844544 -> core 78 - OK[0m[1;34m
[0m[1;34m	threadid 47789714945792 -> core 79 - OK[0m[1;34m
[0m[1;34m	threadid 47789717047040 -> core 80 - OK[0m[1;34m
[0m[1;34m	threadid 47789719148288 -> core 81 - OK[0m[1;34m
[0m[1;34m	threadid 47789721249536 -> core 82 - OK[0m[1;34m
[0m[1;34m	threadid 47789723350784 -> core 83 - OK[0m[1;34m
[0m[1;34m	threadid 47789725452032 -> core 84 - OK[0m[1;34m
[0m[1;34m	threadid 47789727553280 -> core 85 - OK[0m[1;34m
[0m[1;34m	threadid 47789729654528 -> core 86 - OK[0m[1;34m
[0mFLOPs in stencil code:      12047257600
Time spent in stencil code: 0.291458
Performance in GFlop/s:     41.334470
x_max: 200
[1;34m[pthread wrapper] 
[0m[1;34m[pthread wrapper] MAIN -> 0
[0m[1;34m[pthread wrapper] PIN_MASK: [0m[1;34m0->34  [0m[1;34m1->1  [0m[1;34m2->2  [0m[1;34m3->3  [0m[1;34m4->4  [0m[1;34m5->5  [0m[1;34m6->6  [0m[1;34m7->7  [0m[1;34m8->8  [0m[1;34m9->25  [0m[1;34m10->87  [0m[1;34m11->35  [0m[1;34m12->36  [0m[1;34m13->37  [0m[1;34m14->38  [0m[1;34m15->39  [0m[1;34m16->40  [0m[1;34m17->41  [0m[1;34m18->42  [0m[1;34m19->43  [0m[1;34m20->44  [0m[1;34m21->45  [0m[1;34m22->46  [0m[1;34m23->47  [0m[1;34m24->48  [0m[1;34m25->49  [0m[1;34m26->50  [0m[1;34m27->51  [0m[1;34m28->52  [0m[1;34m29->53  [0m[1;34m30->54  [0m[1;34m31->55  [0m[1;34m32->56  [0m[1;34m33->57  [0m[1;34m34->58  [0m[1;34m35->59  [0m[1;34m36->60  [0m[1;34m37->61  [0m[1;34m38->62  [0m[1;34m39->63  [0m[1;34m40->64  [0m[1;34m41->65  [0m[1;34m42->66  [0m[1;34m43->67  [0m[1;34m44->68  [0m[1;34m45->69  [0m[1;34m46->70  [0m[1;34m47->71  [0m[1;34m48->72  [0m[1;34m49->73  [0m[1;34m50->74  [0m[1;34m51->75  [0m[1;34m52->76  [0m[1;34m53->77  [0m[1;34m54->78  [0m[1;34m55->79  [0m[1;34m56->80  [0m[1;34m57->81  [0m[1;34m58->82  [0m[1;34m59->83  [0m[1;34m60->84  [0m[1;34m61->85  [0m[1;34m62->86  [0m[1;34m
[pthread wrapper] SKIP MASK: 0x0
[0m[1;34m	threadid 47692714477312 -> core 34 - OK[0m[1;34m
[0m[1;34m	threadid 47692716578560 -> core 1 - OK[0m[1;34m
[0m[1;34m	threadid 47692718679808 -> core 2 - OK[0m[1;34m
[0m[1;34m	threadid 47692720781056 -> core 3 - OK[0m[1;34m
[0m[1;34m	threadid 47692722882304 -> core 4 - OK[0m[1;34m
[0m[1;34m	threadid 47692724983552 -> core 5 - OK[0m[1;34m
[0m[1;34m	threadid 47692727084800 -> core 6 - OK[0m[1;34m
[0m[1;34m	threadid 47692729186048 -> core 7 - OK[0m[1;34m
[0m[1;34m	threadid 47692731287296 -> core 8 - OK[0m[1;34m
[0m[1;34m	threadid 47692733388544 -> core 25 - OK[0m[1;34m
[0m[1;34m	threadid 47692735489792 -> core 87 - OK[0m[1;34m
[0m[1;34m	threadid 47692737591040 -> core 35 - OK[0m[1;34m
[0m[1;34m	threadid 47692739692288 -> core 36 - OK[0m[1;34m
[0m[1;34m	threadid 47692741793536 -> core 37 - OK[0m[1;34m
[0m[1;34m	threadid 47692743894784 -> core 38 - OK[0m[1;34m
[0m[1;34m	threadid 47692745996032 -> core 39 - OK[0m[1;34m
[0m[1;34m	threadid 47692748097280 -> core 40 - OK[0m[1;34m
[0m[1;34m	threadid 47692750198528 -> core 41 - OK[0m[1;34m
[0m[1;34m	threadid 47692752299776 -> core 42 - OK[0m[1;34m
[0m[1;34m	threadid 47692754401024 -> core 43 - OK[0m[1;34m
[0m[1;34m	threadid 47692756502272 -> core 44 - OK[0m[1;34m
[0m[1;34m	threadid 47692758603520 -> core 45 - OK[0m[1;34m
[0m[1;34m	threadid 47692760704768 -> core 46 - OK[0m[1;34m
[0m[1;34m	threadid 47692762806016 -> core 47 - OK[0m[1;34m
[0m[1;34m	threadid 47692764907264 -> core 48 - OK[0m[1;34m
[0m[1;34m	threadid 47692767008512 -> core 49 - OK[0m[1;34m
[0m[1;34m	threadid 47692769109760 -> core 50 - OK[0m[1;34m
[0m[1;34m	threadid 47692771211008 -> core 51 - OK[0m[1;34m
[0m[1;34m	threadid 47692773312256 -> core 52 - OK[0m[1;34m
[0m[1;34m	threadid 47692775413504 -> core 53 - OK[0m[1;34m
[0m[1;34m	threadid 47692777514752 -> core 54 - OK[0m[1;34m
[0m[1;34m	threadid 47692779616000 -> core 55 - OK[0m[1;34m
[0m[1;34m	threadid 47692781717248 -> core 56 - OK[0m[1;34m
[0m[1;34m	threadid 47692783818496 -> core 57 - OK[0m[1;34m
[0m[1;34m	threadid 47692785919744 -> core 58 - OK[0m[1;34m
[0m[1;34m	threadid 47692788020992 -> core 59 - OK[0m[1;34m
[0m[1;34m	threadid 47692790122240 -> core 60 - OK[0m[1;34m
[0m[1;34m	threadid 47692792223488 -> core 61 - OK[0m[1;34m
[0m[1;34m	threadid 47692794324736 -> core 62 - OK[0m[1;34m
[0m[1;34m	threadid 47692796425984 -> core 63 - OK[0m[1;34m
[0m[1;34m	threadid 47692798527232 -> core 64 - OK[0m[1;34m
[0m[1;34m	threadid 47692800628480 -> core 65 - OK[0m[1;34m
[0m[1;34m	threadid 47692802729728 -> core 66 - OK[0m[1;34m
[0m[1;34m	threadid 47692804830976 -> core 67 - OK[0m[1;34m
[0m[1;34m	threadid 47692806932224 -> core 68 - OK[0m[1;34m
[0m[1;34m	threadid 47692809033472 -> core 69 - OK[0m[1;34m
[0m[1;34m	threadid 47692811134720 -> core 70 - OK[0m[1;34m
[0m[1;34m	threadid 47692813235968 -> core 71 - OK[0m[1;34m
[0m[1;34m	threadid 47692815337216 -> core 72 - OK[0m[1;34m
[0m[1;34m	threadid 47692817438464 -> core 73 - OK[0m[1;34m
[0m[1;34m	threadid 47692819539712 -> core 74 - OK[0m[1;34m
[0m[1;34m	threadid 47692821640960 -> core 75 - OK[0m[1;34m
[0m[1;34m	threadid 47692823742208 -> core 76 - OK[0m[1;34m
[0m[1;34m	threadid 47692825843456 -> core 77 - OK[0m[1;34m
[0m[1;34m	threadid 47692827944704 -> core 78 - OK[0m[1;34m
[0m[1;34m	threadid 47692830045952 -> core 79 - OK[0m[1;34m
[0m[1;34m	threadid 47692832147200 -> core 80 - OK[0m[1;34m
[0m[1;34m	threadid 47692834248448 -> core 81 - OK[0m[1;34m
[0m[1;34m	threadid 47692836349696 -> core 82 - OK[0m[1;34m
[0m[1;34m	threadid 47692838450944 -> core 83 - OK[0m[1;34m
[0m[1;34m	threadid 47692840552192 -> core 84 - OK[0m[1;34m
[0m[1;34m	threadid 47692842653440 -> core 85 - OK[0m[1;34m
[0m[1;34m	threadid 47692844754688 -> core 86 - OK[0m[1;34m
[0mFLOPs in stencil code:      12047257600
Time spent in stencil code: 0.303590
Performance in GFlop/s:     39.682648
x_max: 200
[1;34m[pthread wrapper] 
[0m[1;34m[pthread wrapper] MAIN -> 0
[0m[1;34m[pthread wrapper] PIN_MASK: [0m[1;34m0->34  [0m[1;34m1->1  [0m[1;34m2->2  [0m[1;34m3->3  [0m[1;34m4->4  [0m[1;34m5->5  [0m[1;34m6->6  [0m[1;34m7->7  [0m[1;34m8->8  [0m[1;34m9->25  [0m[1;34m10->87  [0m[1;34m11->35  [0m[1;34m12->36  [0m[1;34m13->37  [0m[1;34m14->38  [0m[1;34m15->39  [0m[1;34m16->40  [0m[1;34m17->41  [0m[1;34m18->42  [0m[1;34m19->43  [0m[1;34m20->44  [0m[1;34m21->45  [0m[1;34m22->46  [0m[1;34m23->47  [0m[1;34m24->48  [0m[1;34m25->49  [0m[1;34m26->50  [0m[1;34m27->51  [0m[1;34m28->52  [0m[1;34m29->53  [0m[1;34m30->54  [0m[1;34m31->55  [0m[1;34m32->56  [0m[1;34m33->57  [0m[1;34m34->58  [0m[1;34m35->59  [0m[1;34m36->60  [0m[1;34m37->61  [0m[1;34m38->62  [0m[1;34m39->63  [0m[1;34m40->64  [0m[1;34m41->65  [0m[1;34m42->66  [0m[1;34m43->67  [0m[1;34m44->68  [0m[1;34m45->69  [0m[1;34m46->70  [0m[1;34m47->71  [0m[1;34m48->72  [0m[1;34m49->73  [0m[1;34m50->74  [0m[1;34m51->75  [0m[1;34m52->76  [0m[1;34m53->77  [0m[1;34m54->78  [0m[1;34m55->79  [0m[1;34m56->80  [0m[1;34m57->81  [0m[1;34m58->82  [0m[1;34m59->83  [0m[1;34m60->84  [0m[1;34m61->85  [0m[1;34m62->86  [0m[1;34m
[pthread wrapper] SKIP MASK: 0x0
[0m[1;34m	threadid 47077260683008 -> core 34 - OK[0m[1;34m
[0m[1;34m	threadid 47077262784256 -> core 1 - OK[0m[1;34m
[0m[1;34m	threadid 47077264885504 -> core 2 - OK[0m[1;34m
[0m[1;34m	threadid 47077266986752 -> core 3 - OK[0m[1;34m
[0m[1;34m	threadid 47077269088000 -> core 4 - OK[0m[1;34m
[0m[1;34m	threadid 47077271189248 -> core 5 - OK[0m[1;34m
[0m[1;34m	threadid 47077273290496 -> core 6 - OK[0m[1;34m
[0m[1;34m	threadid 47077275391744 -> core 7 - OK[0m[1;34m
[0m[1;34m	threadid 47077277492992 -> core 8 - OK[0m[1;34m
[0m[1;34m	threadid 47077279594240 -> core 25 - OK[0m[1;34m
[0m[1;34m	threadid 47077281695488 -> core 87 - OK[0m[1;34m
[0m[1;34m	threadid 47077283796736 -> core 35 - OK[0m[1;34m
[0m[1;34m	threadid 47077285897984 -> core 36 - OK[0m[1;34m
[0m[1;34m	threadid 47077287999232 -> core 37 - OK[0m[1;34m
[0m[1;34m	threadid 47077290100480 -> core 38 - OK[0m[1;34m
[0m[1;34m	threadid 47077292201728 -> core 39 - OK[0m[1;34m
[0m[1;34m	threadid 47077294302976 -> core 40 - OK[0m[1;34m
[0m[1;34m	threadid 47077296404224 -> core 41 - OK[0m[1;34m
[0m[1;34m	threadid 47077298505472 -> core 42 - OK[0m[1;34m
[0m[1;34m	threadid 47077300606720 -> core 43 - OK[0m[1;34m
[0m[1;34m	threadid 47077302707968 -> core 44 - OK[0m[1;34m
[0m[1;34m	threadid 47077304809216 -> core 45 - OK[0m[1;34m
[0m[1;34m	threadid 47077306910464 -> core 46 - OK[0m[1;34m
[0m[1;34m	threadid 47077309011712 -> core 47 - OK[0m[1;34m
[0m[1;34m	threadid 47077311112960 -> core 48 - OK[0m[1;34m
[0m[1;34m	threadid 47077313214208 -> core 49 - OK[0m[1;34m
[0m[1;34m	threadid 47077315315456 -> core 50 - OK[0m[1;34m
[0m[1;34m	threadid 47077317416704 -> core 51 - OK[0m[1;34m
[0m[1;34m	threadid 47077319517952 -> core 52 - OK[0m[1;34m
[0m[1;34m	threadid 47077321619200 -> core 53 - OK[0m[1;34m
[0m[1;34m	threadid 47077323720448 -> core 54 - OK[0m[1;34m
[0m[1;34m	threadid 47077325821696 -> core 55 - OK[0m[1;34m
[0m[1;34m	threadid 47077327922944 -> core 56 - OK[0m[1;34m
[0m[1;34m	threadid 47077330024192 -> core 57 - OK[0m[1;34m
[0m[1;34m	threadid 47077332125440 -> core 58 - OK[0m[1;34m
[0m[1;34m	threadid 47077334226688 -> core 59 - OK[0m[1;34m
[0m[1;34m	threadid 47077336327936 -> core 60 - OK[0m[1;34m
[0m[1;34m	threadid 47077338429184 -> core 61 - OK[0m[1;34m
[0m[1;34m	threadid 47077340530432 -> core 62 - OK[0m[1;34m
[0m[1;34m	threadid 47077342631680 -> core 63 - OK[0m[1;34m
[0m[1;34m	threadid 47077344732928 -> core 64 - OK[0m[1;34m
[0m[1;34m	threadid 47077346834176 -> core 65 - OK[0m[1;34m
[0m[1;34m	threadid 47077348935424 -> core 66 - OK[0m[1;34m
[0m[1;34m	threadid 47077351036672 -> core 67 - OK[0m[1;34m
[0m[1;34m	threadid 47077353137920 -> core 68 - OK[0m[1;34m
[0m[1;34m	threadid 47077355239168 -> core 69 - OK[0m[1;34m
[0m[1;34m	threadid 47077357340416 -> core 70 - OK[0m[1;34m
[0m[1;34m	threadid 47077359441664 -> core 71 - OK[0m[1;34m
[0m[1;34m	threadid 47077361542912 -> core 72 - OK[0m[1;34m
[0m[1;34m	threadid 47077363644160 -> core 73 - OK[0m[1;34m
[0m[1;34m	threadid 47077365745408 -> core 74 - OK[0m[1;34m
[0m[1;34m	threadid 47077367846656 -> core 75 - OK[0m[1;34m
[0m[1;34m	threadid 47077369947904 -> core 76 - OK[0m[1;34m
[0m[1;34m	threadid 47077372049152 -> core 77 - OK[0m[1;34m
[0m[1;34m	threadid 47077374150400 -> core 78 - OK[0m[1;34m
[0m[1;34m	threadid 47077376251648 -> core 79 - OK[0m[1;34m
[0m[1;34m	threadid 47077378352896 -> core 80 - OK[0m[1;34m
[0m[1;34m	threadid 47077380454144 -> core 81 - OK[0m[1;34m
[0m[1;34m	threadid 47077382555392 -> core 82 - OK[0m[1;34m
[0m[1;34m	threadid 47077384656640 -> core 83 - OK[0m[1;34m
[0m[1;34m	threadid 47077386757888 -> core 84 - OK[0m[1;34m
[0m[1;34m	threadid 47077388859136 -> core 85 - OK[0m[1;34m
[0m[1;34m	threadid 47077390960384 -> core 86 - OK[0m[1;34m
[0mFLOPs in stencil code:      12047257600
Time spent in stencil code: 0.299240
Performance in GFlop/s:     40.259501
