x_max: 200
[1;34m[pthread wrapper] 
[0m[1;34m[pthread wrapper] MAIN -> 0
[0m[1;34m[pthread wrapper] PIN_MASK: [0m[1;34m0->34  [0m[1;34m1->1  [0m[1;34m2->2  [0m[1;34m3->3  [0m[1;34m4->4  [0m[1;34m5->5  [0m[1;34m6->6  [0m[1;34m7->7  [0m[1;34m8->8  [0m[1;34m9->25  [0m[1;34m10->87  [0m[1;34m11->35  [0m[1;34m12->36  [0m[1;34m13->37  [0m[1;34m14->38  [0m[1;34m15->39  [0m[1;34m16->40  [0m[1;34m17->41  [0m[1;34m18->42  [0m[1;34m19->43  [0m[1;34m20->44  [0m[1;34m21->45  [0m[1;34m22->46  [0m[1;34m23->47  [0m[1;34m24->48  [0m[1;34m25->49  [0m[1;34m26->50  [0m[1;34m27->51  [0m[1;34m28->52  [0m[1;34m29->53  [0m[1;34m30->54  [0m[1;34m31->55  [0m[1;34m32->56  [0m[1;34m33->57  [0m[1;34m34->58  [0m[1;34m35->59  [0m[1;34m36->60  [0m[1;34m37->61  [0m[1;34m38->62  [0m[1;34m39->63  [0m[1;34m40->64  [0m[1;34m41->65  [0m[1;34m42->66  [0m[1;34m43->67  [0m[1;34m44->68  [0m[1;34m45->69  [0m[1;34m46->70  [0m[1;34m47->71  [0m[1;34m48->72  [0m[1;34m49->73  [0m[1;34m50->74  [0m[1;34m51->75  [0m[1;34m52->76  [0m[1;34m53->77  [0m[1;34m54->78  [0m[1;34m55->79  [0m[1;34m56->80  [0m[1;34m57->81  [0m[1;34m58->82  [0m[1;34m59->83  [0m[1;34m60->84  [0m[1;34m61->85  [0m[1;34m62->86  [0m[1;34m63->89  [0m[1;34m64->90  [0m[1;34m65->9  [0m[1;34m66->10  [0m[1;34m67->11  [0m[1;34m68->12  [0m[1;34m69->13  [0m[1;34m70->14  [0m[1;34m71->15  [0m[1;34m72->16  [0m[1;34m73->88  [0m[1;34m74->143  [0m[1;34m75->91  [0m[1;34m76->92  [0m[1;34m77->93  [0m[1;34m78->94  [0m[1;34m79->95  [0m[1;34m80->96  [0m[1;34m81->97  [0m[1;34m82->98  [0m[1;34m83->99  [0m[1;34m84->100  [0m[1;34m85->101  [0m[1;34m86->102  [0m[1;34m87->103  [0m[1;34m88->104  [0m[1;34m89->105  [0m[1;34m90->106  [0m[1;34m91->107  [0m[1;34m92->108  [0m[1;34m93->109  [0m[1;34m94->110  [0m[1;34m95->111  [0m[1;34m96->112  [0m[1;34m97->113  [0m[1;34m98->114  [0m[1;34m99->115  [0m[1;34m100->116  [0m[1;34m101->117  [0m[1;34m102->118  [0m[1;34m103->119  [0m[1;34m104->120  [0m[1;34m105->121  [0m[1;34m106->122  [0m[1;34m107->123  [0m[1;34m108->124  [0m[1;34m109->125  [0m[1;34m110->126  [0m[1;34m111->127  [0m[1;34m112->128  [0m[1;34m113->129  [0m[1;34m114->130  [0m[1;34m115->131  [0m[1;34m116->132  [0m[1;34m117->133  [0m[1;34m118->134  [0m[1;34m119->135  [0m[1;34m120->136  [0m[1;34m121->137  [0m[1;34m122->138  [0m[1;34m123->139  [0m[1;34m124->140  [0m[1;34m125->141  [0m[1;34m126->142  [0m[1;34m
[pthread wrapper] SKIP MASK: 0x0
[0m[1;34m	threadid 47254894847744 -> core 34 - OK[0m[1;34m
[0m[1;34m	threadid 47254896948992 -> core 1 - OK[0m[1;34m
[0m[1;34m	threadid 47254899050240 -> core 2 - OK[0m[1;34m
[0m[1;34m	threadid 47254901151488 -> core 3 - OK[0m[1;34m
[0m[1;34m	threadid 47254903252736 -> core 4 - OK[0m[1;34m
[0m[1;34m	threadid 47254905353984 -> core 5 - OK[0m[1;34m
[0m[1;34m	threadid 47254907455232 -> core 6 - OK[0m[1;34m
[0m[1;34m	threadid 47254909556480 -> core 7 - OK[0m[1;34m
[0m[1;34m	threadid 47254911657728 -> core 8 - OK[0m[1;34m
[0m[1;34m	threadid 47254913758976 -> core 25 - OK[0m[1;34m
[0m[1;34m	threadid 47254915860224 -> core 87 - OK[0m[1;34m
[0m[1;34m	threadid 47254917961472 -> core 35 - OK[0m[1;34m
[0m[1;34m	threadid 47254920062720 -> core 36 - OK[0m[1;34m
[0m[1;34m	threadid 47254922163968 -> core 37 - OK[0m[1;34m
[0m[1;34m	threadid 47254924265216 -> core 38 - OK[0m[1;34m
[0m[1;34m	threadid 47254926366464 -> core 39 - OK[0m[1;34m
[0m[1;34m	threadid 47254928467712 -> core 40 - OK[0m[1;34m
[0m[1;34m	threadid 47254930568960 -> core 41 - OK[0m[1;34m
[0m[1;34m	threadid 47254932670208 -> core 42 - OK[0m[1;34m
[0m[1;34m	threadid 47254934771456 -> core 43 - OK[0m[1;34m
[0m[1;34m	threadid 47254936872704 -> core 44 - OK[0m[1;34m
[0m[1;34m	threadid 47254938973952 -> core 45 - OK[0m[1;34m
[0m[1;34m	threadid 47254941075200 -> core 46 - OK[0m[1;34m
[0m[1;34m	threadid 47254943176448 -> core 47 - OK[0m[1;34m
[0m[1;34m	threadid 47254945277696 -> core 48 - OK[0m[1;34m
[0m[1;34m	threadid 47254947378944 -> core 49 - OK[0m[1;34m
[0m[1;34m	threadid 47254949480192 -> core 50 - OK[0m[1;34m
[0m[1;34m	threadid 47254951581440 -> core 51 - OK[0m[1;34m
[0m[1;34m	threadid 47254953682688 -> core 52 - OK[0m[1;34m
[0m[1;34m	threadid 47254955783936 -> core 53 - OK[0m[1;34m
[0m[1;34m	threadid 47254957885184 -> core 54 - OK[0m[1;34m
[0m[1;34m	threadid 47254959986432 -> core 55 - OK[0m[1;34m
[0m[1;34m	threadid 47254962087680 -> core 56 - OK[0m[1;34m
[0m[1;34m	threadid 47254964188928 -> core 57 - OK[0m[1;34m
[0m[1;34m	threadid 47254966290176 -> core 58 - OK[0m[1;34m
[0m[1;34m	threadid 47254968391424 -> core 59 - OK[0m[1;34m
[0m[1;34m	threadid 47254970492672 -> core 60 - OK[0m[1;34m
[0m[1;34m	threadid 47254972593920 -> core 61 - OK[0m[1;34m
[0m[1;34m	threadid 47254974695168 -> core 62 - OK[0m[1;34m
[0m[1;34m	threadid 47254976796416 -> core 63 - OK[0m[1;34m
[0m[1;34m	threadid 47254978897664 -> core 64 - OK[0m[1;34m
[0m[1;34m	threadid 47254980998912 -> core 65 - OK[0m[1;34m
[0m[1;34m	threadid 47254983100160 -> core 66 - OK[0m[1;34m
[0m[1;34m	threadid 47254985201408 -> core 67 - OK[0m[1;34m
[0m[1;34m	threadid 47254987302656 -> core 68 - OK[0m[1;34m
[0m[1;34m	threadid 47254989403904 -> core 69 - OK[0m[1;34m
[0m[1;34m	threadid 47254991505152 -> core 70 - OK[0m[1;34m
[0m[1;34m	threadid 47254993606400 -> core 71 - OK[0m[1;34m
[0m[1;34m	threadid 47254995707648 -> core 72 - OK[0m[1;34m
[0m[1;34m	threadid 47254997808896 -> core 73 - OK[0m[1;34m
[0m[1;34m	threadid 47254999910144 -> core 74 - OK[0m[1;34m
[0m[1;34m	threadid 47255002011392 -> core 75 - OK[0m[1;34m
[0m[1;34m	threadid 47255004112640 -> core 76 - OK[0m[1;34m
[0m[1;34m	threadid 47255006213888 -> core 77 - OK[0m[1;34m
[0m[1;34m	threadid 47255008315136 -> core 78 - OK[0m[1;34m
[0m[1;34m	threadid 47255010416384 -> core 79 - OK[0m[1;34m
[0m[1;34m	threadid 47255012517632 -> core 80 - OK[0m[1;34m
[0m[1;34m	threadid 47255014618880 -> core 81 - OK[0m[1;34m
[0m[1;34m	threadid 47255016720128 -> core 82 - OK[0m[1;34m
[0m[1;34m	threadid 47255018821376 -> core 83 - OK[0m[1;34m
[0m[1;34m	threadid 47255020922624 -> core 84 - OK[0m[1;34m
[0m[1;34m	threadid 47255023023872 -> core 85 - OK[0m[1;34m
[0m[1;34m	threadid 47255025125120 -> core 86 - OK[0m[1;34m
[0m[1;34m	threadid 47255027226368 -> core 89 - OK[0m[1;34m
[0m[1;34m	threadid 47255029327616 -> core 90 - OK[0m[1;34m
[0m[1;34m	threadid 47255031428864 -> core 9 - OK[0m[1;34m
[0m[1;34m	threadid 47255033530112 -> core 10 - OK[0m[1;34m
[0m[1;34m	threadid 47255035631360 -> core 11 - OK[0m[1;34m
[0m[1;34m	threadid 47255037732608 -> core 12 - OK[0m[1;34m
[0m[1;34m	threadid 47255039833856 -> core 13 - OK[0m[1;34m
[0m[1;34m	threadid 47255041935104 -> core 14 - OK[0m[1;34m
[0m[1;34m	threadid 47255044036352 -> core 15 - OK[0m[1;34m
[0m[1;34m	threadid 47255046137600 -> core 16 - OK[0m[1;34m
[0m[1;34m	threadid 47255048238848 -> core 88 - OK[0m[1;34m
[0m[1;34m	threadid 47255050340096 -> core 143 - OK[0m[1;34m
[0m[1;34m	threadid 47255052441344 -> core 91 - OK[0m[1;34m
[0m[1;34m	threadid 47255054542592 -> core 92 - OK[0m[1;34m
[0m[1;34m	threadid 47255056643840 -> core 93 - OK[0m[1;34m
[0m[1;34m	threadid 47255058745088 -> core 94 - OK[0m[1;34m
[0m[1;34m	threadid 47255060846336 -> core 95 - OK[0m[1;34m
[0m[1;34m	threadid 47255062947584 -> core 96 - OK[0m[1;34m
[0m[1;34m	threadid 47255065048832 -> core 97 - OK[0m[1;34m
[0m[1;34m	threadid 47255067150080 -> core 98 - OK[0m[1;34m
[0m[1;34m	threadid 47255069251328 -> core 99 - OK[0m[1;34m
[0m[1;34m	threadid 47255071352576 -> core 100 - OK[0m[1;34m
[0m[1;34m	threadid 47255073453824 -> core 101 - OK[0m[1;34m
[0m[1;34m	threadid 47255075555072 -> core 102 - OK[0m[1;34m
[0m[1;34m	threadid 47255077656320 -> core 103 - OK[0m[1;34m
[0m[1;34m	threadid 47255079757568 -> core 104 - OK[0m[1;34m
[0m[1;34m	threadid 47255081858816 -> core 105 - OK[0m[1;34m
[0m[1;34m	threadid 47255083960064 -> core 106 - OK[0m[1;34m
[0m[1;34m	threadid 47255086061312 -> core 107 - OK[0m[1;34m
[0m[1;34m	threadid 47255088162560 -> core 108 - OK[0m[1;34m
[0m[1;34m	threadid 47255090263808 -> core 109 - OK[0m[1;34m
[0m[1;34m	threadid 47255092365056 -> core 110 - OK[0m[1;34m
[0m[1;34m	threadid 47255094466304 -> core 111 - OK[0m[1;34m
[0m[1;34m	threadid 47255096567552 -> core 112 - OK[0m[1;34m
[0m[1;34m	threadid 47255098668800 -> core 113 - OK[0m[1;34m
[0m[1;34m	threadid 47255100770048 -> core 114 - OK[0m[1;34m
[0m[1;34m	threadid 47255102871296 -> core 115 - OK[0m[1;34m
[0m[1;34m	threadid 47255104972544 -> core 116 - OK[0m[1;34m
[0m[1;34m	threadid 47255107073792 -> core 117 - OK[0m[1;34m
[0m[1;34m	threadid 47255109175040 -> core 118 - OK[0m[1;34m
[0m[1;34m	threadid 47255111276288 -> core 119 - OK[0m[1;34m
[0m[1;34m	threadid 47255113377536 -> core 120 - OK[0m[1;34m
[0m[1;34m	threadid 47255115478784 -> core 121 - OK[0m[1;34m
[0m[1;34m	threadid 47255117580032 -> core 122 - OK[0m[1;34m
[0m[1;34m	threadid 47255119681280 -> core 123 - OK[0m[1;34m
[0m[1;34m	threadid 47255121782528 -> core 124 - OK[0m[1;34m
[0m[1;34m	threadid 47255123883776 -> core 125 - OK[0m[1;34m
[0m[1;34m	threadid 47255125985024 -> core 126 - OK[0m[1;34m
[0m[1;34m	threadid 47255128086272 -> core 127 - OK[0m[1;34m
[0m[1;34m	threadid 47255130187520 -> core 128 - OK[0m[1;34m
[0m[1;34m	threadid 47255132288768 -> core 129 - OK[0m[1;34m
[0m[1;34m	threadid 47255134390016 -> core 130 - OK[0m[1;34m
[0m[1;34m	threadid 47255136491264 -> core 131 - OK[0m[1;34m
[0m[1;34m	threadid 47255138592512 -> core 132 - OK[0m[1;34m
[0m[1;34m	threadid 47255140693760 -> core 133 - OK[0m[1;34m
[0m[1;34m	threadid 47255142795008 -> core 134 - OK[0m[1;34m
[0m[1;34m	threadid 47255144896256 -> core 135 - OK[0m[1;34m
[0m[1;34m	threadid 47255146997504 -> core 136 - OK[0m[1;34m
[0m[1;34m	threadid 47255149098752 -> core 137 - OK[0m[1;34m
[0m[1;34m	threadid 47255151200000 -> core 138 - OK[0m[1;34m
[0m[1;34m	threadid 47255153301248 -> core 139 - OK[0m[1;34m
[0m[1;34m	threadid 47255155402496 -> core 140 - OK[0m[1;34m
[0m[1;34m	threadid 47255157503744 -> core 141 - OK[0m[1;34m
[0m[1;34m	threadid 47255159604992 -> core 142 - OK[0m[1;34m
[0mFLOPs in stencil code:      12047257600
Time spent in stencil code: 0.250770
Performance in GFlop/s:     48.041046
x_max: 200
[1;34m[pthread wrapper] 
[0m[1;34m[pthread wrapper] MAIN -> 0
[0m[1;34m[pthread wrapper] PIN_MASK: [0m[1;34m0->34  [0m[1;34m1->1  [0m[1;34m2->2  [0m[1;34m3->3  [0m[1;34m4->4  [0m[1;34m5->5  [0m[1;34m6->6  [0m[1;34m7->7  [0m[1;34m8->8  [0m[1;34m9->25  [0m[1;34m10->87  [0m[1;34m11->35  [0m[1;34m12->36  [0m[1;34m13->37  [0m[1;34m14->38  [0m[1;34m15->39  [0m[1;34m16->40  [0m[1;34m17->41  [0m[1;34m18->42  [0m[1;34m19->43  [0m[1;34m20->44  [0m[1;34m21->45  [0m[1;34m22->46  [0m[1;34m23->47  [0m[1;34m24->48  [0m[1;34m25->49  [0m[1;34m26->50  [0m[1;34m27->51  [0m[1;34m28->52  [0m[1;34m29->53  [0m[1;34m30->54  [0m[1;34m31->55  [0m[1;34m32->56  [0m[1;34m33->57  [0m[1;34m34->58  [0m[1;34m35->59  [0m[1;34m36->60  [0m[1;34m37->61  [0m[1;34m38->62  [0m[1;34m39->63  [0m[1;34m40->64  [0m[1;34m41->65  [0m[1;34m42->66  [0m[1;34m43->67  [0m[1;34m44->68  [0m[1;34m45->69  [0m[1;34m46->70  [0m[1;34m47->71  [0m[1;34m48->72  [0m[1;34m49->73  [0m[1;34m50->74  [0m[1;34m51->75  [0m[1;34m52->76  [0m[1;34m53->77  [0m[1;34m54->78  [0m[1;34m55->79  [0m[1;34m56->80  [0m[1;34m57->81  [0m[1;34m58->82  [0m[1;34m59->83  [0m[1;34m60->84  [0m[1;34m61->85  [0m[1;34m62->86  [0m[1;34m63->89  [0m[1;34m64->90  [0m[1;34m65->9  [0m[1;34m66->10  [0m[1;34m67->11  [0m[1;34m68->12  [0m[1;34m69->13  [0m[1;34m70->14  [0m[1;34m71->15  [0m[1;34m72->16  [0m[1;34m73->88  [0m[1;34m74->143  [0m[1;34m75->91  [0m[1;34m76->92  [0m[1;34m77->93  [0m[1;34m78->94  [0m[1;34m79->95  [0m[1;34m80->96  [0m[1;34m81->97  [0m[1;34m82->98  [0m[1;34m83->99  [0m[1;34m84->100  [0m[1;34m85->101  [0m[1;34m86->102  [0m[1;34m87->103  [0m[1;34m88->104  [0m[1;34m89->105  [0m[1;34m90->106  [0m[1;34m91->107  [0m[1;34m92->108  [0m[1;34m93->109  [0m[1;34m94->110  [0m[1;34m95->111  [0m[1;34m96->112  [0m[1;34m97->113  [0m[1;34m98->114  [0m[1;34m99->115  [0m[1;34m100->116  [0m[1;34m101->117  [0m[1;34m102->118  [0m[1;34m103->119  [0m[1;34m104->120  [0m[1;34m105->121  [0m[1;34m106->122  [0m[1;34m107->123  [0m[1;34m108->124  [0m[1;34m109->125  [0m[1;34m110->126  [0m[1;34m111->127  [0m[1;34m112->128  [0m[1;34m113->129  [0m[1;34m114->130  [0m[1;34m115->131  [0m[1;34m116->132  [0m[1;34m117->133  [0m[1;34m118->134  [0m[1;34m119->135  [0m[1;34m120->136  [0m[1;34m121->137  [0m[1;34m122->138  [0m[1;34m123->139  [0m[1;34m124->140  [0m[1;34m125->141  [0m[1;34m126->142  [0m[1;34m
[pthread wrapper] SKIP MASK: 0x0
[0m[1;34m	threadid 47726090540800 -> core 34 - OK[0m[1;34m
[0m[1;34m	threadid 47726092642048 -> core 1 - OK[0m[1;34m
[0m[1;34m	threadid 47726094743296 -> core 2 - OK[0m[1;34m
[0m[1;34m	threadid 47726096844544 -> core 3 - OK[0m[1;34m
[0m[1;34m	threadid 47726098945792 -> core 4 - OK[0m[1;34m
[0m[1;34m	threadid 47726101047040 -> core 5 - OK[0m[1;34m
[0m[1;34m	threadid 47726103148288 -> core 6 - OK[0m[1;34m
[0m[1;34m	threadid 47726105249536 -> core 7 - OK[0m[1;34m
[0m[1;34m	threadid 47726107350784 -> core 8 - OK[0m[1;34m
[0m[1;34m	threadid 47726109452032 -> core 25 - OK[0m[1;34m
[0m[1;34m	threadid 47726111553280 -> core 87 - OK[0m[1;34m
[0m[1;34m	threadid 47726113654528 -> core 35 - OK[0m[1;34m
[0m[1;34m	threadid 47726115755776 -> core 36 - OK[0m[1;34m
[0m[1;34m	threadid 47726117857024 -> core 37 - OK[0m[1;34m
[0m[1;34m	threadid 47726119958272 -> core 38 - OK[0m[1;34m
[0m[1;34m	threadid 47726122059520 -> core 39 - OK[0m[1;34m
[0m[1;34m	threadid 47726124160768 -> core 40 - OK[0m[1;34m
[0m[1;34m	threadid 47726126262016 -> core 41 - OK[0m[1;34m
[0m[1;34m	threadid 47726128363264 -> core 42 - OK[0m[1;34m
[0m[1;34m	threadid 47726130464512 -> core 43 - OK[0m[1;34m
[0m[1;34m	threadid 47726132565760 -> core 44 - OK[0m[1;34m
[0m[1;34m	threadid 47726134667008 -> core 45 - OK[0m[1;34m
[0m[1;34m	threadid 47726136768256 -> core 46 - OK[0m[1;34m
[0m[1;34m	threadid 47726138869504 -> core 47 - OK[0m[1;34m
[0m[1;34m	threadid 47726140970752 -> core 48 - OK[0m[1;34m
[0m[1;34m	threadid 47726143072000 -> core 49 - OK[0m[1;34m
[0m[1;34m	threadid 47726145173248 -> core 50 - OK[0m[1;34m
[0m[1;34m	threadid 47726147274496 -> core 51 - OK[0m[1;34m
[0m[1;34m	threadid 47726149375744 -> core 52 - OK[0m[1;34m
[0m[1;34m	threadid 47726151476992 -> core 53 - OK[0m[1;34m
[0m[1;34m	threadid 47726153578240 -> core 54 - OK[0m[1;34m
[0m[1;34m	threadid 47726155679488 -> core 55 - OK[0m[1;34m
[0m[1;34m	threadid 47726157780736 -> core 56 - OK[0m[1;34m
[0m[1;34m	threadid 47726159881984 -> core 57 - OK[0m[1;34m
[0m[1;34m	threadid 47726161983232 -> core 58 - OK[0m[1;34m
[0m[1;34m	threadid 47726164084480 -> core 59 - OK[0m[1;34m
[0m[1;34m	threadid 47726166185728 -> core 60 - OK[0m[1;34m
[0m[1;34m	threadid 47726168286976 -> core 61 - OK[0m[1;34m
[0m[1;34m	threadid 47726170388224 -> core 62 - OK[0m[1;34m
[0m[1;34m	threadid 47726172489472 -> core 63 - OK[0m[1;34m
[0m[1;34m	threadid 47726174590720 -> core 64 - OK[0m[1;34m
[0m[1;34m	threadid 47726176691968 -> core 65 - OK[0m[1;34m
[0m[1;34m	threadid 47726178793216 -> core 66 - OK[0m[1;34m
[0m[1;34m	threadid 47726180894464 -> core 67 - OK[0m[1;34m
[0m[1;34m	threadid 47726182995712 -> core 68 - OK[0m[1;34m
[0m[1;34m	threadid 47726185096960 -> core 69 - OK[0m[1;34m
[0m[1;34m	threadid 47726187198208 -> core 70 - OK[0m[1;34m
[0m[1;34m	threadid 47726189299456 -> core 71 - OK[0m[1;34m
[0m[1;34m	threadid 47726191400704 -> core 72 - OK[0m[1;34m
[0m[1;34m	threadid 47726193501952 -> core 73 - OK[0m[1;34m
[0m[1;34m	threadid 47726195603200 -> core 74 - OK[0m[1;34m
[0m[1;34m	threadid 47726197704448 -> core 75 - OK[0m[1;34m
[0m[1;34m	threadid 47726199805696 -> core 76 - OK[0m[1;34m
[0m[1;34m	threadid 47726201906944 -> core 77 - OK[0m[1;34m
[0m[1;34m	threadid 47726204008192 -> core 78 - OK[0m[1;34m
[0m[1;34m	threadid 47726206109440 -> core 79 - OK[0m[1;34m
[0m[1;34m	threadid 47726208210688 -> core 80 - OK[0m[1;34m
[0m[1;34m	threadid 47726210311936 -> core 81 - OK[0m[1;34m
[0m[1;34m	threadid 47726212413184 -> core 82 - OK[0m[1;34m
[0m[1;34m	threadid 47726214514432 -> core 83 - OK[0m[1;34m
[0m[1;34m	threadid 47726216615680 -> core 84 - OK[0m[1;34m
[0m[1;34m	threadid 47726218716928 -> core 85 - OK[0m[1;34m
[0m[1;34m	threadid 47726220818176 -> core 86 - OK[0m[1;34m
[0m[1;34m	threadid 47726222919424 -> core 89 - OK[0m[1;34m
[0m[1;34m	threadid 47726225020672 -> core 90 - OK[0m[1;34m
[0m[1;34m	threadid 47726227121920 -> core 9 - OK[0m[1;34m
[0m[1;34m	threadid 47726229223168 -> core 10 - OK[0m[1;34m
[0m[1;34m	threadid 47726231324416 -> core 11 - OK[0m[1;34m
[0m[1;34m	threadid 47726233425664 -> core 12 - OK[0m[1;34m
[0m[1;34m	threadid 47726235526912 -> core 13 - OK[0m[1;34m
[0m[1;34m	threadid 47726237628160 -> core 14 - OK[0m[1;34m
[0m[1;34m	threadid 47726239729408 -> core 15 - OK[0m[1;34m
[0m[1;34m	threadid 47726241830656 -> core 16 - OK[0m[1;34m
[0m[1;34m	threadid 47726243931904 -> core 88 - OK[0m[1;34m
[0m[1;34m	threadid 47726246033152 -> core 143 - OK[0m[1;34m
[0m[1;34m	threadid 47726248134400 -> core 91 - OK[0m[1;34m
[0m[1;34m	threadid 47726250235648 -> core 92 - OK[0m[1;34m
[0m[1;34m	threadid 47726252336896 -> core 93 - OK[0m[1;34m
[0m[1;34m	threadid 47726254438144 -> core 94 - OK[0m[1;34m
[0m[1;34m	threadid 47726256539392 -> core 95 - OK[0m[1;34m
[0m[1;34m	threadid 47726258640640 -> core 96 - OK[0m[1;34m
[0m[1;34m	threadid 47726260741888 -> core 97 - OK[0m[1;34m
[0m[1;34m	threadid 47726262843136 -> core 98 - OK[0m[1;34m
[0m[1;34m	threadid 47726264944384 -> core 99 - OK[0m[1;34m
[0m[1;34m	threadid 47726267045632 -> core 100 - OK[0m[1;34m
[0m[1;34m	threadid 47726269146880 -> core 101 - OK[0m[1;34m
[0m[1;34m	threadid 47726271248128 -> core 102 - OK[0m[1;34m
[0m[1;34m	threadid 47726273349376 -> core 103 - OK[0m[1;34m
[0m[1;34m	threadid 47726275450624 -> core 104 - OK[0m[1;34m
[0m[1;34m	threadid 47726277551872 -> core 105 - OK[0m[1;34m
[0m[1;34m	threadid 47726279653120 -> core 106 - OK[0m[1;34m
[0m[1;34m	threadid 47726281754368 -> core 107 - OK[0m[1;34m
[0m[1;34m	threadid 47726283855616 -> core 108 - OK[0m[1;34m
[0m[1;34m	threadid 47726285956864 -> core 109 - OK[0m[1;34m
[0m[1;34m	threadid 47726288058112 -> core 110 - OK[0m[1;34m
[0m[1;34m	threadid 47726290159360 -> core 111 - OK[0m[1;34m
[0m[1;34m	threadid 47726292260608 -> core 112 - OK[0m[1;34m
[0m[1;34m	threadid 47726294361856 -> core 113 - OK[0m[1;34m
[0m[1;34m	threadid 47726296463104 -> core 114 - OK[0m[1;34m
[0m[1;34m	threadid 47726298564352 -> core 115 - OK[0m[1;34m
[0m[1;34m	threadid 47726300665600 -> core 116 - OK[0m[1;34m
[0m[1;34m	threadid 47726302766848 -> core 117 - OK[0m[1;34m
[0m[1;34m	threadid 47726304868096 -> core 118 - OK[0m[1;34m
[0m[1;34m	threadid 47726306969344 -> core 119 - OK[0m[1;34m
[0m[1;34m	threadid 47726309070592 -> core 120 - OK[0m[1;34m
[0m[1;34m	threadid 47726311171840 -> core 121 - OK[0m[1;34m
[0m[1;34m	threadid 47726313273088 -> core 122 - OK[0m[1;34m
[0m[1;34m	threadid 47726315374336 -> core 123 - OK[0m[1;34m
[0m[1;34m	threadid 47726317475584 -> core 124 - OK[0m[1;34m
[0m[1;34m	threadid 47726319576832 -> core 125 - OK[0m[1;34m
[0m[1;34m	threadid 47726321678080 -> core 126 - OK[0m[1;34m
[0m[1;34m	threadid 47726323779328 -> core 127 - OK[0m[1;34m
[0m[1;34m	threadid 47726325880576 -> core 128 - OK[0m[1;34m
[0m[1;34m	threadid 47726327981824 -> core 129 - OK[0m[1;34m
[0m[1;34m	threadid 47726330083072 -> core 130 - OK[0m[1;34m
[0m[1;34m	threadid 47726332184320 -> core 131 - OK[0m[1;34m
[0m[1;34m	threadid 47726334285568 -> core 132 - OK[0m[1;34m
[0m[1;34m	threadid 47726336386816 -> core 133 - OK[0m[1;34m
[0m[1;34m	threadid 47726338488064 -> core 134 - OK[0m[1;34m
[0m[1;34m	threadid 47726340589312 -> core 135 - OK[0m[1;34m
[0m[1;34m	threadid 47726342690560 -> core 136 - OK[0m[1;34m
[0m[1;34m	threadid 47726344791808 -> core 137 - OK[0m[1;34m
[0m[1;34m	threadid 47726346893056 -> core 138 - OK[0m[1;34m
[0m[1;34m	threadid 47726348994304 -> core 139 - OK[0m[1;34m
[0m[1;34m	threadid 47726351095552 -> core 140 - OK[0m[1;34m
[0m[1;34m	threadid 47726353196800 -> core 141 - OK[0m[1;34m
[0m[1;34m	threadid 47726355298048 -> core 142 - OK[0m[1;34m
[0mFLOPs in stencil code:      12047257600
Time spent in stencil code: 0.249590
Performance in GFlop/s:     48.268206
x_max: 200
[1;34m[pthread wrapper] 
[0m[1;34m[pthread wrapper] MAIN -> 0
[0m[1;34m[pthread wrapper] PIN_MASK: [0m[1;34m0->34  [0m[1;34m1->1  [0m[1;34m2->2  [0m[1;34m3->3  [0m[1;34m4->4  [0m[1;34m5->5  [0m[1;34m6->6  [0m[1;34m7->7  [0m[1;34m8->8  [0m[1;34m9->25  [0m[1;34m10->87  [0m[1;34m11->35  [0m[1;34m12->36  [0m[1;34m13->37  [0m[1;34m14->38  [0m[1;34m15->39  [0m[1;34m16->40  [0m[1;34m17->41  [0m[1;34m18->42  [0m[1;34m19->43  [0m[1;34m20->44  [0m[1;34m21->45  [0m[1;34m22->46  [0m[1;34m23->47  [0m[1;34m24->48  [0m[1;34m25->49  [0m[1;34m26->50  [0m[1;34m27->51  [0m[1;34m28->52  [0m[1;34m29->53  [0m[1;34m30->54  [0m[1;34m31->55  [0m[1;34m32->56  [0m[1;34m33->57  [0m[1;34m34->58  [0m[1;34m35->59  [0m[1;34m36->60  [0m[1;34m37->61  [0m[1;34m38->62  [0m[1;34m39->63  [0m[1;34m40->64  [0m[1;34m41->65  [0m[1;34m42->66  [0m[1;34m43->67  [0m[1;34m44->68  [0m[1;34m45->69  [0m[1;34m46->70  [0m[1;34m47->71  [0m[1;34m48->72  [0m[1;34m49->73  [0m[1;34m50->74  [0m[1;34m51->75  [0m[1;34m52->76  [0m[1;34m53->77  [0m[1;34m54->78  [0m[1;34m55->79  [0m[1;34m56->80  [0m[1;34m57->81  [0m[1;34m58->82  [0m[1;34m59->83  [0m[1;34m60->84  [0m[1;34m61->85  [0m[1;34m62->86  [0m[1;34m63->89  [0m[1;34m64->90  [0m[1;34m65->9  [0m[1;34m66->10  [0m[1;34m67->11  [0m[1;34m68->12  [0m[1;34m69->13  [0m[1;34m70->14  [0m[1;34m71->15  [0m[1;34m72->16  [0m[1;34m73->88  [0m[1;34m74->143  [0m[1;34m75->91  [0m[1;34m76->92  [0m[1;34m77->93  [0m[1;34m78->94  [0m[1;34m79->95  [0m[1;34m80->96  [0m[1;34m81->97  [0m[1;34m82->98  [0m[1;34m83->99  [0m[1;34m84->100  [0m[1;34m85->101  [0m[1;34m86->102  [0m[1;34m87->103  [0m[1;34m88->104  [0m[1;34m89->105  [0m[1;34m90->106  [0m[1;34m91->107  [0m[1;34m92->108  [0m[1;34m93->109  [0m[1;34m94->110  [0m[1;34m95->111  [0m[1;34m96->112  [0m[1;34m97->113  [0m[1;34m98->114  [0m[1;34m99->115  [0m[1;34m100->116  [0m[1;34m101->117  [0m[1;34m102->118  [0m[1;34m103->119  [0m[1;34m104->120  [0m[1;34m105->121  [0m[1;34m106->122  [0m[1;34m107->123  [0m[1;34m108->124  [0m[1;34m109->125  [0m[1;34m110->126  [0m[1;34m111->127  [0m[1;34m112->128  [0m[1;34m113->129  [0m[1;34m114->130  [0m[1;34m115->131  [0m[1;34m116->132  [0m[1;34m117->133  [0m[1;34m118->134  [0m[1;34m119->135  [0m[1;34m120->136  [0m[1;34m121->137  [0m[1;34m122->138  [0m[1;34m123->139  [0m[1;34m124->140  [0m[1;34m125->141  [0m[1;34m126->142  [0m[1;34m
[pthread wrapper] SKIP MASK: 0x0
[0m[1;34m	threadid 47156110046976 -> core 34 - OK[0m[1;34m
[0m[1;34m	threadid 47156112148224 -> core 1 - OK[0m[1;34m
[0m[1;34m	threadid 47156114249472 -> core 2 - OK[0m[1;34m
[0m[1;34m	threadid 47156116350720 -> core 3 - OK[0m[1;34m
[0m[1;34m	threadid 47156118451968 -> core 4 - OK[0m[1;34m
[0m[1;34m	threadid 47156120553216 -> core 5 - OK[0m[1;34m
[0m[1;34m	threadid 47156122654464 -> core 6 - OK[0m[1;34m
[0m[1;34m	threadid 47156124755712 -> core 7 - OK[0m[1;34m
[0m[1;34m	threadid 47156126856960 -> core 8 - OK[0m[1;34m
[0m[1;34m	threadid 47156128958208 -> core 25 - OK[0m[1;34m
[0m[1;34m	threadid 47156131059456 -> core 87 - OK[0m[1;34m
[0m[1;34m	threadid 47156133160704 -> core 35 - OK[0m[1;34m
[0m[1;34m	threadid 47156135261952 -> core 36 - OK[0m[1;34m
[0m[1;34m	threadid 47156137363200 -> core 37 - OK[0m[1;34m
[0m[1;34m	threadid 47156139464448 -> core 38 - OK[0m[1;34m
[0m[1;34m	threadid 47156141565696 -> core 39 - OK[0m[1;34m
[0m[1;34m	threadid 47156143666944 -> core 40 - OK[0m[1;34m
[0m[1;34m	threadid 47156145768192 -> core 41 - OK[0m[1;34m
[0m[1;34m	threadid 47156147869440 -> core 42 - OK[0m[1;34m
[0m[1;34m	threadid 47156149970688 -> core 43 - OK[0m[1;34m
[0m[1;34m	threadid 47156152071936 -> core 44 - OK[0m[1;34m
[0m[1;34m	threadid 47156154173184 -> core 45 - OK[0m[1;34m
[0m[1;34m	threadid 47156156274432 -> core 46 - OK[0m[1;34m
[0m[1;34m	threadid 47156158375680 -> core 47 - OK[0m[1;34m
[0m[1;34m	threadid 47156160476928 -> core 48 - OK[0m[1;34m
[0m[1;34m	threadid 47156162578176 -> core 49 - OK[0m[1;34m
[0m[1;34m	threadid 47156164679424 -> core 50 - OK[0m[1;34m
[0m[1;34m	threadid 47156166780672 -> core 51 - OK[0m[1;34m
[0m[1;34m	threadid 47156168881920 -> core 52 - OK[0m[1;34m
[0m[1;34m	threadid 47156170983168 -> core 53 - OK[0m[1;34m
[0m[1;34m	threadid 47156173084416 -> core 54 - OK[0m[1;34m
[0m[1;34m	threadid 47156175185664 -> core 55 - OK[0m[1;34m
[0m[1;34m	threadid 47156177286912 -> core 56 - OK[0m[1;34m
[0m[1;34m	threadid 47156179388160 -> core 57 - OK[0m[1;34m
[0m[1;34m	threadid 47156181489408 -> core 58 - OK[0m[1;34m
[0m[1;34m	threadid 47156183590656 -> core 59 - OK[0m[1;34m
[0m[1;34m	threadid 47156185691904 -> core 60 - OK[0m[1;34m
[0m[1;34m	threadid 47156187793152 -> core 61 - OK[0m[1;34m
[0m[1;34m	threadid 47156189894400 -> core 62 - OK[0m[1;34m
[0m[1;34m	threadid 47156191995648 -> core 63 - OK[0m[1;34m
[0m[1;34m	threadid 47156194096896 -> core 64 - OK[0m[1;34m
[0m[1;34m	threadid 47156196198144 -> core 65 - OK[0m[1;34m
[0m[1;34m	threadid 47156198299392 -> core 66 - OK[0m[1;34m
[0m[1;34m	threadid 47156200400640 -> core 67 - OK[0m[1;34m
[0m[1;34m	threadid 47156202501888 -> core 68 - OK[0m[1;34m
[0m[1;34m	threadid 47156204603136 -> core 69 - OK[0m[1;34m
[0m[1;34m	threadid 47156206704384 -> core 70 - OK[0m[1;34m
[0m[1;34m	threadid 47156208805632 -> core 71 - OK[0m[1;34m
[0m[1;34m	threadid 47156210906880 -> core 72 - OK[0m[1;34m
[0m[1;34m	threadid 47156213008128 -> core 73 - OK[0m[1;34m
[0m[1;34m	threadid 47156215109376 -> core 74 - OK[0m[1;34m
[0m[1;34m	threadid 47156217210624 -> core 75 - OK[0m[1;34m
[0m[1;34m	threadid 47156219311872 -> core 76 - OK[0m[1;34m
[0m[1;34m	threadid 47156221413120 -> core 77 - OK[0m[1;34m
[0m[1;34m	threadid 47156223514368 -> core 78 - OK[0m[1;34m
[0m[1;34m	threadid 47156225615616 -> core 79 - OK[0m[1;34m
[0m[1;34m	threadid 47156227716864 -> core 80 - OK[0m[1;34m
[0m[1;34m	threadid 47156229818112 -> core 81 - OK[0m[1;34m
[0m[1;34m	threadid 47156231919360 -> core 82 - OK[0m[1;34m
[0m[1;34m	threadid 47156234020608 -> core 83 - OK[0m[1;34m
[0m[1;34m	threadid 47156236121856 -> core 84 - OK[0m[1;34m
[0m[1;34m	threadid 47156238223104 -> core 85 - OK[0m[1;34m
[0m[1;34m	threadid 47156240324352 -> core 86 - OK[0m[1;34m
[0m[1;34m	threadid 47156242425600 -> core 89 - OK[0m[1;34m
[0m[1;34m	threadid 47156244526848 -> core 90 - OK[0m[1;34m
[0m[1;34m	threadid 47156246628096 -> core 9 - OK[0m[1;34m
[0m[1;34m	threadid 47156248729344 -> core 10 - OK[0m[1;34m
[0m[1;34m	threadid 47156250830592 -> core 11 - OK[0m[1;34m
[0m[1;34m	threadid 47156252931840 -> core 12 - OK[0m[1;34m
[0m[1;34m	threadid 47156255033088 -> core 13 - OK[0m[1;34m
[0m[1;34m	threadid 47156257134336 -> core 14 - OK[0m[1;34m
[0m[1;34m	threadid 47156259235584 -> core 15 - OK[0m[1;34m
[0m[1;34m	threadid 47156261336832 -> core 16 - OK[0m[1;34m
[0m[1;34m	threadid 47156263438080 -> core 88 - OK[0m[1;34m
[0m[1;34m	threadid 47156265539328 -> core 143 - OK[0m[1;34m
[0m[1;34m	threadid 47156267640576 -> core 91 - OK[0m[1;34m
[0m[1;34m	threadid 47156269741824 -> core 92 - OK[0m[1;34m
[0m[1;34m	threadid 47156271843072 -> core 93 - OK[0m[1;34m
[0m[1;34m	threadid 47156273944320 -> core 94 - OK[0m[1;34m
[0m[1;34m	threadid 47156276045568 -> core 95 - OK[0m[1;34m
[0m[1;34m	threadid 47156278146816 -> core 96 - OK[0m[1;34m
[0m[1;34m	threadid 47156280248064 -> core 97 - OK[0m[1;34m
[0m[1;34m	threadid 47156282349312 -> core 98 - OK[0m[1;34m
[0m[1;34m	threadid 47156284450560 -> core 99 - OK[0m[1;34m
[0m[1;34m	threadid 47156286551808 -> core 100 - OK[0m[1;34m
[0m[1;34m	threadid 47156288653056 -> core 101 - OK[0m[1;34m
[0m[1;34m	threadid 47156290754304 -> core 102 - OK[0m[1;34m
[0m[1;34m	threadid 47156292855552 -> core 103 - OK[0m[1;34m
[0m[1;34m	threadid 47156294956800 -> core 104 - OK[0m[1;34m
[0m[1;34m	threadid 47156297058048 -> core 105 - OK[0m[1;34m
[0m[1;34m	threadid 47156299159296 -> core 106 - OK[0m[1;34m
[0m[1;34m	threadid 47156301260544 -> core 107 - OK[0m[1;34m
[0m[1;34m	threadid 47156303361792 -> core 108 - OK[0m[1;34m
[0m[1;34m	threadid 47156305463040 -> core 109 - OK[0m[1;34m
[0m[1;34m	threadid 47156307564288 -> core 110 - OK[0m[1;34m
[0m[1;34m	threadid 47156309665536 -> core 111 - OK[0m[1;34m
[0m[1;34m	threadid 47156311766784 -> core 112 - OK[0m[1;34m
[0m[1;34m	threadid 47156313868032 -> core 113 - OK[0m[1;34m
[0m[1;34m	threadid 47156315969280 -> core 114 - OK[0m[1;34m
[0m[1;34m	threadid 47156318070528 -> core 115 - OK[0m[1;34m
[0m[1;34m	threadid 47156320171776 -> core 116 - OK[0m[1;34m
[0m[1;34m	threadid 47156322273024 -> core 117 - OK[0m[1;34m
[0m[1;34m	threadid 47156324374272 -> core 118 - OK[0m[1;34m
[0m[1;34m	threadid 47156326475520 -> core 119 - OK[0m[1;34m
[0m[1;34m	threadid 47156328576768 -> core 120 - OK[0m[1;34m
[0m[1;34m	threadid 47156330678016 -> core 121 - OK[0m[1;34m
[0m[1;34m	threadid 47156332779264 -> core 122 - OK[0m[1;34m
[0m[1;34m	threadid 47156334880512 -> core 123 - OK[0m[1;34m
[0m[1;34m	threadid 47156336981760 -> core 124 - OK[0m[1;34m
[0m[1;34m	threadid 47156339083008 -> core 125 - OK[0m[1;34m
[0m[1;34m	threadid 47156341184256 -> core 126 - OK[0m[1;34m
[0m[1;34m	threadid 47156343285504 -> core 127 - OK[0m[1;34m
[0m[1;34m	threadid 47156345386752 -> core 128 - OK[0m[1;34m
[0m[1;34m	threadid 47156347488000 -> core 129 - OK[0m[1;34m
[0m[1;34m	threadid 47156349589248 -> core 130 - OK[0m[1;34m
[0m[1;34m	threadid 47156351690496 -> core 131 - OK[0m[1;34m
[0m[1;34m	threadid 47156353791744 -> core 132 - OK[0m[1;34m
[0m[1;34m	threadid 47156355892992 -> core 133 - OK[0m[1;34m
[0m[1;34m	threadid 47156357994240 -> core 134 - OK[0m[1;34m
[0m[1;34m	threadid 47156360095488 -> core 135 - OK[0m[1;34m
[0m[1;34m	threadid 47156362196736 -> core 136 - OK[0m[1;34m
[0m[1;34m	threadid 47156364297984 -> core 137 - OK[0m[1;34m
[0m[1;34m	threadid 47156366399232 -> core 138 - OK[0m[1;34m
[0m[1;34m	threadid 47156368500480 -> core 139 - OK[0m[1;34m
[0m[1;34m	threadid 47156370601728 -> core 140 - OK[0m[1;34m
[0m[1;34m	threadid 47156372702976 -> core 141 - OK[0m[1;34m
[0m[1;34m	threadid 47156374804224 -> core 142 - OK[0m[1;34m
[0mFLOPs in stencil code:      12047257600
Time spent in stencil code: 0.255846
Performance in GFlop/s:     47.087922
x_max: 200
[1;34m[pthread wrapper] 
[0m[1;34m[pthread wrapper] MAIN -> 0
[0m[1;34m[pthread wrapper] PIN_MASK: [0m[1;34m0->34  [0m[1;34m1->1  [0m[1;34m2->2  [0m[1;34m3->3  [0m[1;34m4->4  [0m[1;34m5->5  [0m[1;34m6->6  [0m[1;34m7->7  [0m[1;34m8->8  [0m[1;34m9->25  [0m[1;34m10->87  [0m[1;34m11->35  [0m[1;34m12->36  [0m[1;34m13->37  [0m[1;34m14->38  [0m[1;34m15->39  [0m[1;34m16->40  [0m[1;34m17->41  [0m[1;34m18->42  [0m[1;34m19->43  [0m[1;34m20->44  [0m[1;34m21->45  [0m[1;34m22->46  [0m[1;34m23->47  [0m[1;34m24->48  [0m[1;34m25->49  [0m[1;34m26->50  [0m[1;34m27->51  [0m[1;34m28->52  [0m[1;34m29->53  [0m[1;34m30->54  [0m[1;34m31->55  [0m[1;34m32->56  [0m[1;34m33->57  [0m[1;34m34->58  [0m[1;34m35->59  [0m[1;34m36->60  [0m[1;34m37->61  [0m[1;34m38->62  [0m[1;34m39->63  [0m[1;34m40->64  [0m[1;34m41->65  [0m[1;34m42->66  [0m[1;34m43->67  [0m[1;34m44->68  [0m[1;34m45->69  [0m[1;34m46->70  [0m[1;34m47->71  [0m[1;34m48->72  [0m[1;34m49->73  [0m[1;34m50->74  [0m[1;34m51->75  [0m[1;34m52->76  [0m[1;34m53->77  [0m[1;34m54->78  [0m[1;34m55->79  [0m[1;34m56->80  [0m[1;34m57->81  [0m[1;34m58->82  [0m[1;34m59->83  [0m[1;34m60->84  [0m[1;34m61->85  [0m[1;34m62->86  [0m[1;34m63->89  [0m[1;34m64->90  [0m[1;34m65->9  [0m[1;34m66->10  [0m[1;34m67->11  [0m[1;34m68->12  [0m[1;34m69->13  [0m[1;34m70->14  [0m[1;34m71->15  [0m[1;34m72->16  [0m[1;34m73->88  [0m[1;34m74->143  [0m[1;34m75->91  [0m[1;34m76->92  [0m[1;34m77->93  [0m[1;34m78->94  [0m[1;34m79->95  [0m[1;34m80->96  [0m[1;34m81->97  [0m[1;34m82->98  [0m[1;34m83->99  [0m[1;34m84->100  [0m[1;34m85->101  [0m[1;34m86->102  [0m[1;34m87->103  [0m[1;34m88->104  [0m[1;34m89->105  [0m[1;34m90->106  [0m[1;34m91->107  [0m[1;34m92->108  [0m[1;34m93->109  [0m[1;34m94->110  [0m[1;34m95->111  [0m[1;34m96->112  [0m[1;34m97->113  [0m[1;34m98->114  [0m[1;34m99->115  [0m[1;34m100->116  [0m[1;34m101->117  [0m[1;34m102->118  [0m[1;34m103->119  [0m[1;34m104->120  [0m[1;34m105->121  [0m[1;34m106->122  [0m[1;34m107->123  [0m[1;34m108->124  [0m[1;34m109->125  [0m[1;34m110->126  [0m[1;34m111->127  [0m[1;34m112->128  [0m[1;34m113->129  [0m[1;34m114->130  [0m[1;34m115->131  [0m[1;34m116->132  [0m[1;34m117->133  [0m[1;34m118->134  [0m[1;34m119->135  [0m[1;34m120->136  [0m[1;34m121->137  [0m[1;34m122->138  [0m[1;34m123->139  [0m[1;34m124->140  [0m[1;34m125->141  [0m[1;34m126->142  [0m[1;34m
[pthread wrapper] SKIP MASK: 0x0
[0m[1;34m	threadid 47591147423488 -> core 34 - OK[0m[1;34m
[0m[1;34m	threadid 47591149524736 -> core 1 - OK[0m[1;34m
[0m[1;34m	threadid 47591151625984 -> core 2 - OK[0m[1;34m
[0m[1;34m	threadid 47591153727232 -> core 3 - OK[0m[1;34m
[0m[1;34m	threadid 47591155828480 -> core 4 - OK[0m[1;34m
[0m[1;34m	threadid 47591157929728 -> core 5 - OK[0m[1;34m
[0m[1;34m	threadid 47591160030976 -> core 6 - OK[0m[1;34m
[0m[1;34m	threadid 47591162132224 -> core 7 - OK[0m[1;34m
[0m[1;34m	threadid 47591164233472 -> core 8 - OK[0m[1;34m
[0m[1;34m	threadid 47591166334720 -> core 25 - OK[0m[1;34m
[0m[1;34m	threadid 47591168435968 -> core 87 - OK[0m[1;34m
[0m[1;34m	threadid 47591170537216 -> core 35 - OK[0m[1;34m
[0m[1;34m	threadid 47591172638464 -> core 36 - OK[0m[1;34m
[0m[1;34m	threadid 47591174739712 -> core 37 - OK[0m[1;34m
[0m[1;34m	threadid 47591176840960 -> core 38 - OK[0m[1;34m
[0m[1;34m	threadid 47591178942208 -> core 39 - OK[0m[1;34m
[0m[1;34m	threadid 47591181043456 -> core 40 - OK[0m[1;34m
[0m[1;34m	threadid 47591183144704 -> core 41 - OK[0m[1;34m
[0m[1;34m	threadid 47591185245952 -> core 42 - OK[0m[1;34m
[0m[1;34m	threadid 47591187347200 -> core 43 - OK[0m[1;34m
[0m[1;34m	threadid 47591189448448 -> core 44 - OK[0m[1;34m
[0m[1;34m	threadid 47591191549696 -> core 45 - OK[0m[1;34m
[0m[1;34m	threadid 47591193650944 -> core 46 - OK[0m[1;34m
[0m[1;34m	threadid 47591195752192 -> core 47 - OK[0m[1;34m
[0m[1;34m	threadid 47591197853440 -> core 48 - OK[0m[1;34m
[0m[1;34m	threadid 47591199954688 -> core 49 - OK[0m[1;34m
[0m[1;34m	threadid 47591202055936 -> core 50 - OK[0m[1;34m
[0m[1;34m	threadid 47591204157184 -> core 51 - OK[0m[1;34m
[0m[1;34m	threadid 47591206258432 -> core 52 - OK[0m[1;34m
[0m[1;34m	threadid 47591208359680 -> core 53 - OK[0m[1;34m
[0m[1;34m	threadid 47591210460928 -> core 54 - OK[0m[1;34m
[0m[1;34m	threadid 47591212562176 -> core 55 - OK[0m[1;34m
[0m[1;34m	threadid 47591214663424 -> core 56 - OK[0m[1;34m
[0m[1;34m	threadid 47591216764672 -> core 57 - OK[0m[1;34m
[0m[1;34m	threadid 47591218865920 -> core 58 - OK[0m[1;34m
[0m[1;34m	threadid 47591220967168 -> core 59 - OK[0m[1;34m
[0m[1;34m	threadid 47591223068416 -> core 60 - OK[0m[1;34m
[0m[1;34m	threadid 47591225169664 -> core 61 - OK[0m[1;34m
[0m[1;34m	threadid 47591227270912 -> core 62 - OK[0m[1;34m
[0m[1;34m	threadid 47591229372160 -> core 63 - OK[0m[1;34m
[0m[1;34m	threadid 47591231473408 -> core 64 - OK[0m[1;34m
[0m[1;34m	threadid 47591233574656 -> core 65 - OK[0m[1;34m
[0m[1;34m	threadid 47591235675904 -> core 66 - OK[0m[1;34m
[0m[1;34m	threadid 47591237777152 -> core 67 - OK[0m[1;34m
[0m[1;34m	threadid 47591239878400 -> core 68 - OK[0m[1;34m
[0m[1;34m	threadid 47591241979648 -> core 69 - OK[0m[1;34m
[0m[1;34m	threadid 47591244080896 -> core 70 - OK[0m[1;34m
[0m[1;34m	threadid 47591246182144 -> core 71 - OK[0m[1;34m
[0m[1;34m	threadid 47591248283392 -> core 72 - OK[0m[1;34m
[0m[1;34m	threadid 47591250384640 -> core 73 - OK[0m[1;34m
[0m[1;34m	threadid 47591252485888 -> core 74 - OK[0m[1;34m
[0m[1;34m	threadid 47591254587136 -> core 75 - OK[0m[1;34m
[0m[1;34m	threadid 47591256688384 -> core 76 - OK[0m[1;34m
[0m[1;34m	threadid 47591258789632 -> core 77 - OK[0m[1;34m
[0m[1;34m	threadid 47591260890880 -> core 78 - OK[0m[1;34m
[0m[1;34m	threadid 47591262992128 -> core 79 - OK[0m[1;34m
[0m[1;34m	threadid 47591265093376 -> core 80 - OK[0m[1;34m
[0m[1;34m	threadid 47591267194624 -> core 81 - OK[0m[1;34m
[0m[1;34m	threadid 47591269295872 -> core 82 - OK[0m[1;34m
[0m[1;34m	threadid 47591271397120 -> core 83 - OK[0m[1;34m
[0m[1;34m	threadid 47591273498368 -> core 84 - OK[0m[1;34m
[0m[1;34m	threadid 47591275599616 -> core 85 - OK[0m[1;34m
[0m[1;34m	threadid 47591277700864 -> core 86 - OK[0m[1;34m
[0m[1;34m	threadid 47591279802112 -> core 89 - OK[0m[1;34m
[0m[1;34m	threadid 47591281903360 -> core 90 - OK[0m[1;34m
[0m[1;34m	threadid 47591284004608 -> core 9 - OK[0m[1;34m
[0m[1;34m	threadid 47591286105856 -> core 10 - OK[0m[1;34m
[0m[1;34m	threadid 47591288207104 -> core 11 - OK[0m[1;34m
[0m[1;34m	threadid 47591290308352 -> core 12 - OK[0m[1;34m
[0m[1;34m	threadid 47591292409600 -> core 13 - OK[0m[1;34m
[0m[1;34m	threadid 47591294510848 -> core 14 - OK[0m[1;34m
[0m[1;34m	threadid 47591296612096 -> core 15 - OK[0m[1;34m
[0m[1;34m	threadid 47591298713344 -> core 16 - OK[0m[1;34m
[0m[1;34m	threadid 47591300814592 -> core 88 - OK[0m[1;34m
[0m[1;34m	threadid 47591302915840 -> core 143 - OK[0m[1;34m
[0m[1;34m	threadid 47591305017088 -> core 91 - OK[0m[1;34m
[0m[1;34m	threadid 47591307118336 -> core 92 - OK[0m[1;34m
[0m[1;34m	threadid 47591309219584 -> core 93 - OK[0m[1;34m
[0m[1;34m	threadid 47591311320832 -> core 94 - OK[0m[1;34m
[0m[1;34m	threadid 47591313422080 -> core 95 - OK[0m[1;34m
[0m[1;34m	threadid 47591315523328 -> core 96 - OK[0m[1;34m
[0m[1;34m	threadid 47591317624576 -> core 97 - OK[0m[1;34m
[0m[1;34m	threadid 47591319725824 -> core 98 - OK[0m[1;34m
[0m[1;34m	threadid 47591321827072 -> core 99 - OK[0m[1;34m
[0m[1;34m	threadid 47591323928320 -> core 100 - OK[0m[1;34m
[0m[1;34m	threadid 47591326029568 -> core 101 - OK[0m[1;34m
[0m[1;34m	threadid 47591328130816 -> core 102 - OK[0m[1;34m
[0m[1;34m	threadid 47591330232064 -> core 103 - OK[0m[1;34m
[0m[1;34m	threadid 47591332333312 -> core 104 - OK[0m[1;34m
[0m[1;34m	threadid 47591334434560 -> core 105 - OK[0m[1;34m
[0m[1;34m	threadid 47591336535808 -> core 106 - OK[0m[1;34m
[0m[1;34m	threadid 47591338637056 -> core 107 - OK[0m[1;34m
[0m[1;34m	threadid 47591340738304 -> core 108 - OK[0m[1;34m
[0m[1;34m	threadid 47591342839552 -> core 109 - OK[0m[1;34m
[0m[1;34m	threadid 47591344940800 -> core 110 - OK[0m[1;34m
[0m[1;34m	threadid 47591347042048 -> core 111 - OK[0m[1;34m
[0m[1;34m	threadid 47591349143296 -> core 112 - OK[0m[1;34m
[0m[1;34m	threadid 47591351244544 -> core 113 - OK[0m[1;34m
[0m[1;34m	threadid 47591353345792 -> core 114 - OK[0m[1;34m
[0m[1;34m	threadid 47591355447040 -> core 115 - OK[0m[1;34m
[0m[1;34m	threadid 47591357548288 -> core 116 - OK[0m[1;34m
[0m[1;34m	threadid 47591359649536 -> core 117 - OK[0m[1;34m
[0m[1;34m	threadid 47591361750784 -> core 118 - OK[0m[1;34m
[0m[1;34m	threadid 47591363852032 -> core 119 - OK[0m[1;34m
[0m[1;34m	threadid 47591365953280 -> core 120 - OK[0m[1;34m
[0m[1;34m	threadid 47591368054528 -> core 121 - OK[0m[1;34m
[0m[1;34m	threadid 47591370155776 -> core 122 - OK[0m[1;34m
[0m[1;34m	threadid 47591372257024 -> core 123 - OK[0m[1;34m
[0m[1;34m	threadid 47591374358272 -> core 124 - OK[0m[1;34m
[0m[1;34m	threadid 47591376459520 -> core 125 - OK[0m[1;34m
[0m[1;34m	threadid 47591378560768 -> core 126 - OK[0m[1;34m
[0m[1;34m	threadid 47591380662016 -> core 127 - OK[0m[1;34m
[0m[1;34m	threadid 47591382763264 -> core 128 - OK[0m[1;34m
[0m[1;34m	threadid 47591384864512 -> core 129 - OK[0m[1;34m
[0m[1;34m	threadid 47591386965760 -> core 130 - OK[0m[1;34m
[0m[1;34m	threadid 47591389067008 -> core 131 - OK[0m[1;34m
[0m[1;34m	threadid 47591391168256 -> core 132 - OK[0m[1;34m
[0m[1;34m	threadid 47591393269504 -> core 133 - OK[0m[1;34m
[0m[1;34m	threadid 47591395370752 -> core 134 - OK[0m[1;34m
[0m[1;34m	threadid 47591397472000 -> core 135 - OK[0m[1;34m
[0m[1;34m	threadid 47591399573248 -> core 136 - OK[0m[1;34m
[0m[1;34m	threadid 47591401674496 -> core 137 - OK[0m[1;34m
[0m[1;34m	threadid 47591403775744 -> core 138 - OK[0m[1;34m
[0m[1;34m	threadid 47591405876992 -> core 139 - OK[0m[1;34m
[0m[1;34m	threadid 47591407978240 -> core 140 - OK[0m[1;34m
[0m[1;34m	threadid 47591410079488 -> core 141 - OK[0m[1;34m
[0m[1;34m	threadid 47591412180736 -> core 142 - OK[0m[1;34m
[0mFLOPs in stencil code:      12047257600
Time spent in stencil code: 0.252565
Performance in GFlop/s:     47.699650
x_max: 200
[1;34m[pthread wrapper] 
[0m[1;34m[pthread wrapper] MAIN -> 0
[0m[1;34m[pthread wrapper] PIN_MASK: [0m[1;34m0->34  [0m[1;34m1->1  [0m[1;34m2->2  [0m[1;34m3->3  [0m[1;34m4->4  [0m[1;34m5->5  [0m[1;34m6->6  [0m[1;34m7->7  [0m[1;34m8->8  [0m[1;34m9->25  [0m[1;34m10->87  [0m[1;34m11->35  [0m[1;34m12->36  [0m[1;34m13->37  [0m[1;34m14->38  [0m[1;34m15->39  [0m[1;34m16->40  [0m[1;34m17->41  [0m[1;34m18->42  [0m[1;34m19->43  [0m[1;34m20->44  [0m[1;34m21->45  [0m[1;34m22->46  [0m[1;34m23->47  [0m[1;34m24->48  [0m[1;34m25->49  [0m[1;34m26->50  [0m[1;34m27->51  [0m[1;34m28->52  [0m[1;34m29->53  [0m[1;34m30->54  [0m[1;34m31->55  [0m[1;34m32->56  [0m[1;34m33->57  [0m[1;34m34->58  [0m[1;34m35->59  [0m[1;34m36->60  [0m[1;34m37->61  [0m[1;34m38->62  [0m[1;34m39->63  [0m[1;34m40->64  [0m[1;34m41->65  [0m[1;34m42->66  [0m[1;34m43->67  [0m[1;34m44->68  [0m[1;34m45->69  [0m[1;34m46->70  [0m[1;34m47->71  [0m[1;34m48->72  [0m[1;34m49->73  [0m[1;34m50->74  [0m[1;34m51->75  [0m[1;34m52->76  [0m[1;34m53->77  [0m[1;34m54->78  [0m[1;34m55->79  [0m[1;34m56->80  [0m[1;34m57->81  [0m[1;34m58->82  [0m[1;34m59->83  [0m[1;34m60->84  [0m[1;34m61->85  [0m[1;34m62->86  [0m[1;34m63->89  [0m[1;34m64->90  [0m[1;34m65->9  [0m[1;34m66->10  [0m[1;34m67->11  [0m[1;34m68->12  [0m[1;34m69->13  [0m[1;34m70->14  [0m[1;34m71->15  [0m[1;34m72->16  [0m[1;34m73->88  [0m[1;34m74->143  [0m[1;34m75->91  [0m[1;34m76->92  [0m[1;34m77->93  [0m[1;34m78->94  [0m[1;34m79->95  [0m[1;34m80->96  [0m[1;34m81->97  [0m[1;34m82->98  [0m[1;34m83->99  [0m[1;34m84->100  [0m[1;34m85->101  [0m[1;34m86->102  [0m[1;34m87->103  [0m[1;34m88->104  [0m[1;34m89->105  [0m[1;34m90->106  [0m[1;34m91->107  [0m[1;34m92->108  [0m[1;34m93->109  [0m[1;34m94->110  [0m[1;34m95->111  [0m[1;34m96->112  [0m[1;34m97->113  [0m[1;34m98->114  [0m[1;34m99->115  [0m[1;34m100->116  [0m[1;34m101->117  [0m[1;34m102->118  [0m[1;34m103->119  [0m[1;34m104->120  [0m[1;34m105->121  [0m[1;34m106->122  [0m[1;34m107->123  [0m[1;34m108->124  [0m[1;34m109->125  [0m[1;34m110->126  [0m[1;34m111->127  [0m[1;34m112->128  [0m[1;34m113->129  [0m[1;34m114->130  [0m[1;34m115->131  [0m[1;34m116->132  [0m[1;34m117->133  [0m[1;34m118->134  [0m[1;34m119->135  [0m[1;34m120->136  [0m[1;34m121->137  [0m[1;34m122->138  [0m[1;34m123->139  [0m[1;34m124->140  [0m[1;34m125->141  [0m[1;34m126->142  [0m[1;34m
[pthread wrapper] SKIP MASK: 0x0
[0m[1;34m	threadid 47461582190336 -> core 34 - OK[0m[1;34m
[0m[1;34m	threadid 47461584291584 -> core 1 - OK[0m[1;34m
[0m[1;34m	threadid 47461586392832 -> core 2 - OK[0m[1;34m
[0m[1;34m	threadid 47461588494080 -> core 3 - OK[0m[1;34m
[0m[1;34m	threadid 47461590595328 -> core 4 - OK[0m[1;34m
[0m[1;34m	threadid 47461592696576 -> core 5 - OK[0m[1;34m
[0m[1;34m	threadid 47461594797824 -> core 6 - OK[0m[1;34m
[0m[1;34m	threadid 47461596899072 -> core 7 - OK[0m[1;34m
[0m[1;34m	threadid 47461599000320 -> core 8 - OK[0m[1;34m
[0m[1;34m	threadid 47461601101568 -> core 25 - OK[0m[1;34m
[0m[1;34m	threadid 47461603202816 -> core 87 - OK[0m[1;34m
[0m[1;34m	threadid 47461605304064 -> core 35 - OK[0m[1;34m
[0m[1;34m	threadid 47461607405312 -> core 36 - OK[0m[1;34m
[0m[1;34m	threadid 47461609506560 -> core 37 - OK[0m[1;34m
[0m[1;34m	threadid 47461611607808 -> core 38 - OK[0m[1;34m
[0m[1;34m	threadid 47461613709056 -> core 39 - OK[0m[1;34m
[0m[1;34m	threadid 47461615810304 -> core 40 - OK[0m[1;34m
[0m[1;34m	threadid 47461617911552 -> core 41 - OK[0m[1;34m
[0m[1;34m	threadid 47461620012800 -> core 42 - OK[0m[1;34m
[0m[1;34m	threadid 47461622114048 -> core 43 - OK[0m[1;34m
[0m[1;34m	threadid 47461624215296 -> core 44 - OK[0m[1;34m
[0m[1;34m	threadid 47461626316544 -> core 45 - OK[0m[1;34m
[0m[1;34m	threadid 47461628417792 -> core 46 - OK[0m[1;34m
[0m[1;34m	threadid 47461630519040 -> core 47 - OK[0m[1;34m
[0m[1;34m	threadid 47461632620288 -> core 48 - OK[0m[1;34m
[0m[1;34m	threadid 47461634721536 -> core 49 - OK[0m[1;34m
[0m[1;34m	threadid 47461636822784 -> core 50 - OK[0m[1;34m
[0m[1;34m	threadid 47461638924032 -> core 51 - OK[0m[1;34m
[0m[1;34m	threadid 47461641025280 -> core 52 - OK[0m[1;34m
[0m[1;34m	threadid 47461643126528 -> core 53 - OK[0m[1;34m
[0m[1;34m	threadid 47461645227776 -> core 54 - OK[0m[1;34m
[0m[1;34m	threadid 47461647329024 -> core 55 - OK[0m[1;34m
[0m[1;34m	threadid 47461649430272 -> core 56 - OK[0m[1;34m
[0m[1;34m	threadid 47461651531520 -> core 57 - OK[0m[1;34m
[0m[1;34m	threadid 47461653632768 -> core 58 - OK[0m[1;34m
[0m[1;34m	threadid 47461655734016 -> core 59 - OK[0m[1;34m
[0m[1;34m	threadid 47461657835264 -> core 60 - OK[0m[1;34m
[0m[1;34m	threadid 47461659936512 -> core 61 - OK[0m[1;34m
[0m[1;34m	threadid 47461662037760 -> core 62 - OK[0m[1;34m
[0m[1;34m	threadid 47461664139008 -> core 63 - OK[0m[1;34m
[0m[1;34m	threadid 47461666240256 -> core 64 - OK[0m[1;34m
[0m[1;34m	threadid 47461668341504 -> core 65 - OK[0m[1;34m
[0m[1;34m	threadid 47461670442752 -> core 66 - OK[0m[1;34m
[0m[1;34m	threadid 47461672544000 -> core 67 - OK[0m[1;34m
[0m[1;34m	threadid 47461674645248 -> core 68 - OK[0m[1;34m
[0m[1;34m	threadid 47461676746496 -> core 69 - OK[0m[1;34m
[0m[1;34m	threadid 47461678847744 -> core 70 - OK[0m[1;34m
[0m[1;34m	threadid 47461680948992 -> core 71 - OK[0m[1;34m
[0m[1;34m	threadid 47461683050240 -> core 72 - OK[0m[1;34m
[0m[1;34m	threadid 47461685151488 -> core 73 - OK[0m[1;34m
[0m[1;34m	threadid 47461687252736 -> core 74 - OK[0m[1;34m
[0m[1;34m	threadid 47461689353984 -> core 75 - OK[0m[1;34m
[0m[1;34m	threadid 47461691455232 -> core 76 - OK[0m[1;34m
[0m[1;34m	threadid 47461693556480 -> core 77 - OK[0m[1;34m
[0m[1;34m	threadid 47461695657728 -> core 78 - OK[0m[1;34m
[0m[1;34m	threadid 47461697758976 -> core 79 - OK[0m[1;34m
[0m[1;34m	threadid 47461699860224 -> core 80 - OK[0m[1;34m
[0m[1;34m	threadid 47461701961472 -> core 81 - OK[0m[1;34m
[0m[1;34m	threadid 47461704062720 -> core 82 - OK[0m[1;34m
[0m[1;34m	threadid 47461706163968 -> core 83 - OK[0m[1;34m
[0m[1;34m	threadid 47461708265216 -> core 84 - OK[0m[1;34m
[0m[1;34m	threadid 47461710366464 -> core 85 - OK[0m[1;34m
[0m[1;34m	threadid 47461712467712 -> core 86 - OK[0m[1;34m
[0m[1;34m	threadid 47461714568960 -> core 89 - OK[0m[1;34m
[0m[1;34m	threadid 47461716670208 -> core 90 - OK[0m[1;34m
[0m[1;34m	threadid 47461718771456 -> core 9 - OK[0m[1;34m
[0m[1;34m	threadid 47461720872704 -> core 10 - OK[0m[1;34m
[0m[1;34m	threadid 47461722973952 -> core 11 - OK[0m[1;34m
[0m[1;34m	threadid 47461725075200 -> core 12 - OK[0m[1;34m
[0m[1;34m	threadid 47461727176448 -> core 13 - OK[0m[1;34m
[0m[1;34m	threadid 47461729277696 -> core 14 - OK[0m[1;34m
[0m[1;34m	threadid 47461731378944 -> core 15 - OK[0m[1;34m
[0m[1;34m	threadid 47461733480192 -> core 16 - OK[0m[1;34m
[0m[1;34m	threadid 47461735581440 -> core 88 - OK[0m[1;34m
[0m[1;34m	threadid 47461737682688 -> core 143 - OK[0m[1;34m
[0m[1;34m	threadid 47461739783936 -> core 91 - OK[0m[1;34m
[0m[1;34m	threadid 47461741885184 -> core 92 - OK[0m[1;34m
[0m[1;34m	threadid 47461743986432 -> core 93 - OK[0m[1;34m
[0m[1;34m	threadid 47461746087680 -> core 94 - OK[0m[1;34m
[0m[1;34m	threadid 47461748188928 -> core 95 - OK[0m[1;34m
[0m[1;34m	threadid 47461750290176 -> core 96 - OK[0m[1;34m
[0m[1;34m	threadid 47461752391424 -> core 97 - OK[0m[1;34m
[0m[1;34m	threadid 47461754492672 -> core 98 - OK[0m[1;34m
[0m[1;34m	threadid 47461756593920 -> core 99 - OK[0m[1;34m
[0m[1;34m	threadid 47461758695168 -> core 100 - OK[0m[1;34m
[0m[1;34m	threadid 47461760796416 -> core 101 - OK[0m[1;34m
[0m[1;34m	threadid 47461762897664 -> core 102 - OK[0m[1;34m
[0m[1;34m	threadid 47461764998912 -> core 103 - OK[0m[1;34m
[0m[1;34m	threadid 47461767100160 -> core 104 - OK[0m[1;34m
[0m[1;34m	threadid 47461769201408 -> core 105 - OK[0m[1;34m
[0m[1;34m	threadid 47461771302656 -> core 106 - OK[0m[1;34m
[0m[1;34m	threadid 47461773403904 -> core 107 - OK[0m[1;34m
[0m[1;34m	threadid 47461775505152 -> core 108 - OK[0m[1;34m
[0m[1;34m	threadid 47461777606400 -> core 109 - OK[0m[1;34m
[0m[1;34m	threadid 47461779707648 -> core 110 - OK[0m[1;34m
[0m[1;34m	threadid 47461781808896 -> core 111 - OK[0m[1;34m
[0m[1;34m	threadid 47461783910144 -> core 112 - OK[0m[1;34m
[0m[1;34m	threadid 47461786011392 -> core 113 - OK[0m[1;34m
[0m[1;34m	threadid 47461788112640 -> core 114 - OK[0m[1;34m
[0m[1;34m	threadid 47461790213888 -> core 115 - OK[0m[1;34m
[0m[1;34m	threadid 47461792315136 -> core 116 - OK[0m[1;34m
[0m[1;34m	threadid 47461794416384 -> core 117 - OK[0m[1;34m
[0m[1;34m	threadid 47461796517632 -> core 118 - OK[0m[1;34m
[0m[1;34m	threadid 47461798618880 -> core 119 - OK[0m[1;34m
[0m[1;34m	threadid 47461800720128 -> core 120 - OK[0m[1;34m
[0m[1;34m	threadid 47461802821376 -> core 121 - OK[0m[1;34m
[0m[1;34m	threadid 47461804922624 -> core 122 - OK[0m[1;34m
[0m[1;34m	threadid 47461807023872 -> core 123 - OK[0m[1;34m
[0m[1;34m	threadid 47461809125120 -> core 124 - OK[0m[1;34m
[0m[1;34m	threadid 47461811226368 -> core 125 - OK[0m[1;34m
[0m[1;34m	threadid 47461813327616 -> core 126 - OK[0m[1;34m
[0m[1;34m	threadid 47461815428864 -> core 127 - OK[0m[1;34m
[0m[1;34m	threadid 47461817530112 -> core 128 - OK[0m[1;34m
[0m[1;34m	threadid 47461819631360 -> core 129 - OK[0m[1;34m
[0m[1;34m	threadid 47461821732608 -> core 130 - OK[0m[1;34m
[0m[1;34m	threadid 47461823833856 -> core 131 - OK[0m[1;34m
[0m[1;34m	threadid 47461825935104 -> core 132 - OK[0m[1;34m
[0m[1;34m	threadid 47461828036352 -> core 133 - OK[0m[1;34m
[0m[1;34m	threadid 47461830137600 -> core 134 - OK[0m[1;34m
[0m[1;34m	threadid 47461832238848 -> core 135 - OK[0m[1;34m
[0m[1;34m	threadid 47461834340096 -> core 136 - OK[0m[1;34m
[0m[1;34m	threadid 47461836441344 -> core 137 - OK[0m[1;34m
[0m[1;34m	threadid 47461838542592 -> core 138 - OK[0m[1;34m
[0m[1;34m	threadid 47461840643840 -> core 139 - OK[0m[1;34m
[0m[1;34m	threadid 47461842745088 -> core 140 - OK[0m[1;34m
[0m[1;34m	threadid 47461844846336 -> core 141 - OK[0m[1;34m
[0m[1;34m	threadid 47461846947584 -> core 142 - OK[0m[1;34m
[0mFLOPs in stencil code:      12047257600
Time spent in stencil code: 0.254898
Performance in GFlop/s:     47.263039
