x_max: 200
[1;34m[pthread wrapper] 
[0m[1;34m[pthread wrapper] MAIN -> 0
[0m[1;34m[pthread wrapper] PIN_MASK: [0m[1;34m0->1  [0m[1;34m1->2  [0m[1;34m2->3  [0m[1;34m3->16  [0m[1;34m4->17  [0m[1;34m5->18  [0m[1;34m6->19  [0m[1;34m
[pthread wrapper] SKIP MASK: 0x0
[0m[1;34m	threadid 139947257071360 -> core 1 - OK[0m[1;34m
[0m[1;34m	threadid 139947248678656 -> core 2 - OK[0m[1;34m
[0m[1;34m	threadid 139947240285952 -> core 3 - OK[0m[1;34m
[0m[1;34m	threadid 139947231893248 -> core 16 - OK[0m[1;34m
[0m[1;34m	threadid 139947223500544 -> core 17 - OK[0m[1;34m
[0m[1;34m	threadid 139947215107840 -> core 18 - OK[0m[1;34m
[0m[1;34m	threadid 139947206715136 -> core 19 - OK[0m[1;34m
[0mFLOPs in stencil code:      12047257600
Time spent in stencil code: 1.024068
Performance in GFlop/s:     11.764117
x_max: 200
[1;34m[pthread wrapper] 
[0m[1;34m[pthread wrapper] MAIN -> 0
[0m[1;34m[pthread wrapper] PIN_MASK: [0m[1;34m0->1  [0m[1;34m1->2  [0m[1;34m2->3  [0m[1;34m3->16  [0m[1;34m4->17  [0m[1;34m5->18  [0m[1;34m6->19  [0m[1;34m
[pthread wrapper] SKIP MASK: 0x0
[0m[1;34m	threadid 140082802657024 -> core 1 - OK[0m[1;34m
[0m[1;34m	threadid 140082794264320 -> core 2 - OK[0m[1;34m
[0m[1;34m	threadid 140082785871616 -> core 3 - OK[0m[1;34m
[0m[1;34m	threadid 140082777478912 -> core 16 - OK[0m[1;34m
[0m[1;34m	threadid 140082769086208 -> core 17 - OK[0m[1;34m
[0m[1;34m	threadid 140082760693504 -> core 18 - OK[0m[1;34m
[0m[1;34m	threadid 140082752300800 -> core 19 - OK[0m[1;34m
[0mFLOPs in stencil code:      12047257600
Time spent in stencil code: 1.029218
Performance in GFlop/s:     11.705254
x_max: 200
[1;34m[pthread wrapper] 
[0m[1;34m[pthread wrapper] MAIN -> 0
[0m[1;34m[pthread wrapper] PIN_MASK: [0m[1;34m0->1  [0m[1;34m1->2  [0m[1;34m2->3  [0m[1;34m3->16  [0m[1;34m4->17  [0m[1;34m5->18  [0m[1;34m6->19  [0m[1;34m
[pthread wrapper] SKIP MASK: 0x0
[0m[1;34m	threadid 140135803586304 -> core 1 - OK[0m[1;34m
[0m[1;34m	threadid 140135795193600 -> core 2 - OK[0m[1;34m
[0m[1;34m	threadid 140135786800896 -> core 3 - OK[0m[1;34m
[0m[1;34m	threadid 140135778408192 -> core 16 - OK[0m[1;34m
[0m[1;34m	threadid 140135770015488 -> core 17 - OK[0m[1;34m
[0m[1;34m	threadid 140135761622784 -> core 18 - OK[0m[1;34m
[0m[1;34m	threadid 140135753230080 -> core 19 - OK[0m[1;34m
[0mFLOPs in stencil code:      12047257600
Time spent in stencil code: 1.021958
Performance in GFlop/s:     11.788406
x_max: 200
[1;34m[pthread wrapper] 
[0m[1;34m[pthread wrapper] MAIN -> 0
[0m[1;34m[pthread wrapper] PIN_MASK: [0m[1;34m0->1  [0m[1;34m1->2  [0m[1;34m2->3  [0m[1;34m3->16  [0m[1;34m4->17  [0m[1;34m5->18  [0m[1;34m6->19  [0m[1;34m
[pthread wrapper] SKIP MASK: 0x0
[0m[1;34m	threadid 140470861104896 -> core 1 - OK[0m[1;34m
[0m[1;34m	threadid 140470852712192 -> core 2 - OK[0m[1;34m
[0m[1;34m	threadid 140470844319488 -> core 3 - OK[0m[1;34m
[0m[1;34m	threadid 140470835926784 -> core 16 - OK[0m[1;34m
[0m[1;34m	threadid 140470827534080 -> core 17 - OK[0m[1;34m
[0m[1;34m	threadid 140470819141376 -> core 18 - OK[0m[1;34m
[0m[1;34m	threadid 140470810748672 -> core 19 - OK[0m[1;34m
[0mFLOPs in stencil code:      12047257600
Time spent in stencil code: 1.022792
Performance in GFlop/s:     11.778794
x_max: 200
[1;34m[pthread wrapper] 
[0m[1;34m[pthread wrapper] MAIN -> 0
[0m[1;34m[pthread wrapper] PIN_MASK: [0m[1;34m0->1  [0m[1;34m1->2  [0m[1;34m2->3  [0m[1;34m3->16  [0m[1;34m4->17  [0m[1;34m5->18  [0m[1;34m6->19  [0m[1;34m
[pthread wrapper] SKIP MASK: 0x0
[0m[1;34m	threadid 140127276533504 -> core 1 - OK[0m[1;34m
[0m[1;34m	threadid 140127268140800 -> core 2 - OK[0m[1;34m
[0m[1;34m	threadid 140127259748096 -> core 3 - OK[0m[1;34m
[0m[1;34m	threadid 140127251355392 -> core 16 - OK[0m[1;34m
[0m[1;34m	threadid 140127242962688 -> core 17 - OK[0m[1;34m
[0m[1;34m	threadid 140127234569984 -> core 18 - OK[0m[1;34m
[0m[1;34m	threadid 140127226177280 -> core 19 - OK[0m[1;34m
[0mFLOPs in stencil code:      12047257600
Time spent in stencil code: 1.024565
Performance in GFlop/s:     11.758412
