x_max: 200
[1;34m[pthread wrapper] 
[0m[1;34m[pthread wrapper] MAIN -> 0
[0m[1;34m[pthread wrapper] PIN_MASK: [0m[1;34m0->1  [0m[1;34m1->2  [0m[1;34m2->3  [0m[1;34m3->4  [0m[1;34m4->5  [0m[1;34m
[pthread wrapper] SKIP MASK: 0x0
[0m[1;34m	threadid 140095532173056 -> core 1 - OK[0m[1;34m
[0m[1;34m	threadid 140095523780352 -> core 2 - OK[0m[1;34m
[0m[1;34m	threadid 140095515387648 -> core 3 - OK[0m[1;34m
[0m[1;34m	threadid 140095506994944 -> core 4 - OK[0m[1;34m
[0m[1;34m	threadid 140095498602240 -> core 5 - OK[0m[1;34m
[0mFLOPs in stencil code:      12047257600
Time spent in stencil code: 1.391819
Performance in GFlop/s:     8.655765
x_max: 200
[1;34m[pthread wrapper] 
[0m[1;34m[pthread wrapper] MAIN -> 0
[0m[1;34m[pthread wrapper] PIN_MASK: [0m[1;34m0->1  [0m[1;34m1->2  [0m[1;34m2->3  [0m[1;34m3->4  [0m[1;34m4->5  [0m[1;34m
[pthread wrapper] SKIP MASK: 0x0
[0m[1;34m	threadid 140581565040384 -> core 1 - OK[0m[1;34m
[0m[1;34m	threadid 140581556647680 -> core 2 - OK[0m[1;34m
[0m[1;34m	threadid 140581548254976 -> core 3 - OK[0m[1;34m
[0m[1;34m	threadid 140581539862272 -> core 4 - OK[0m[1;34m
[0m[1;34m	threadid 140581531469568 -> core 5 - OK[0m[1;34m
[0mFLOPs in stencil code:      12047257600
Time spent in stencil code: 1.397086
Performance in GFlop/s:     8.623133
x_max: 200
[1;34m[pthread wrapper] 
[0m[1;34m[pthread wrapper] MAIN -> 0
[0m[1;34m[pthread wrapper] PIN_MASK: [0m[1;34m0->1  [0m[1;34m1->2  [0m[1;34m2->3  [0m[1;34m3->4  [0m[1;34m4->5  [0m[1;34m
[pthread wrapper] SKIP MASK: 0x0
[0m[1;34m	threadid 139754286122752 -> core 1 - OK[0m[1;34m
[0m[1;34m	threadid 139754277730048 -> core 2 - OK[0m[1;34m
[0m[1;34m	threadid 139754269337344 -> core 3 - OK[0m[1;34m
[0m[1;34m	threadid 139754260944640 -> core 4 - OK[0m[1;34m
[0m[1;34m	threadid 139754252551936 -> core 5 - OK[0m[1;34m
[0mFLOPs in stencil code:      12047257600
Time spent in stencil code: 1.400020
Performance in GFlop/s:     8.605062
x_max: 200
[1;34m[pthread wrapper] 
[0m[1;34m[pthread wrapper] MAIN -> 0
[0m[1;34m[pthread wrapper] PIN_MASK: [0m[1;34m0->1  [0m[1;34m1->2  [0m[1;34m2->3  [0m[1;34m3->4  [0m[1;34m4->5  [0m[1;34m
[pthread wrapper] SKIP MASK: 0x0
[0m[1;34m	threadid 139747225732864 -> core 1 - OK[0m[1;34m
[0m[1;34m	threadid 139747217340160 -> core 2 - OK[0m[1;34m
[0m[1;34m	threadid 139747208947456 -> core 3 - OK[0m[1;34m
[0m[1;34m	threadid 139747200554752 -> core 4 - OK[0m[1;34m
[0m[1;34m	threadid 139747192162048 -> core 5 - OK[0m[1;34m
[0mFLOPs in stencil code:      12047257600
Time spent in stencil code: 1.391013
Performance in GFlop/s:     8.660781
x_max: 200
[1;34m[pthread wrapper] 
[0m[1;34m[pthread wrapper] MAIN -> 0
[0m[1;34m[pthread wrapper] PIN_MASK: [0m[1;34m0->1  [0m[1;34m1->2  [0m[1;34m2->3  [0m[1;34m3->4  [0m[1;34m4->5  [0m[1;34m
[pthread wrapper] SKIP MASK: 0x0
[0m[1;34m	threadid 140389419910912 -> core 1 - OK[0m[1;34m
[0m[1;34m	threadid 140389411518208 -> core 2 - OK[0m[1;34m
[0m[1;34m	threadid 140389403125504 -> core 3 - OK[0m[1;34m
[0m[1;34m	threadid 140389394732800 -> core 4 - OK[0m[1;34m
[0m[1;34m	threadid 140389386340096 -> core 5 - OK[0m[1;34m
[0mFLOPs in stencil code:      12047257600
Time spent in stencil code: 1.391581
Performance in GFlop/s:     8.657245
