x_max: 200
[1;34m[pthread wrapper] 
[0m[1;34m[pthread wrapper] MAIN -> 0
[0m[1;34m[pthread wrapper] PIN_MASK: [0m[1;34m0->1  [0m[1;34m
[pthread wrapper] SKIP MASK: 0x0
[0m[1;34m	threadid 139640166713088 -> core 1 - OK[0m[1;34m
[0mFLOPs in stencil code:      12047257600
Time spent in stencil code: 3.747322
Performance in GFlop/s:     3.214898
x_max: 200
[1;34m[pthread wrapper] 
[0m[1;34m[pthread wrapper] MAIN -> 0
[0m[1;34m[pthread wrapper] PIN_MASK: [0m[1;34m0->1  [0m[1;34m
[pthread wrapper] SKIP MASK: 0x0
[0m[1;34m	threadid 140407433070336 -> core 1 - OK[0m[1;34m
[0mFLOPs in stencil code:      12047257600
Time spent in stencil code: 3.744326
Performance in GFlop/s:     3.217470
x_max: 200
[1;34m[pthread wrapper] 
[0m[1;34m[pthread wrapper] MAIN -> 0
[0m[1;34m[pthread wrapper] PIN_MASK: [0m[1;34m0->1  [0m[1;34m
[pthread wrapper] SKIP MASK: 0x0
[0m[1;34m	threadid 139872619824896 -> core 1 - OK[0m[1;34m
[0mFLOPs in stencil code:      12047257600
Time spent in stencil code: 3.750717
Performance in GFlop/s:     3.211988
x_max: 200
[1;34m[pthread wrapper] 
[0m[1;34m[pthread wrapper] MAIN -> 0
[0m[1;34m[pthread wrapper] PIN_MASK: [0m[1;34m0->1  [0m[1;34m
[pthread wrapper] SKIP MASK: 0x0
[0m[1;34m	threadid 140326773720832 -> core 1 - OK[0m[1;34m
[0mFLOPs in stencil code:      12047257600
Time spent in stencil code: 3.755516
Performance in GFlop/s:     3.207884
x_max: 200
[1;34m[pthread wrapper] 
[0m[1;34m[pthread wrapper] MAIN -> 0
[0m[1;34m[pthread wrapper] PIN_MASK: [0m[1;34m0->1  [0m[1;34m
[pthread wrapper] SKIP MASK: 0x0
[0m[1;34m	threadid 140680579516160 -> core 1 - OK[0m[1;34m
[0mFLOPs in stencil code:      12047257600
Time spent in stencil code: 3.754026
Performance in GFlop/s:     3.209157
