x_max: 200
[1;34m[pthread wrapper] 
[0m[1;34m[pthread wrapper] MAIN -> 0
[0m[1;34m[pthread wrapper] PIN_MASK: [0m[1;34m0->1  [0m[1;34m1->16  [0m[1;34m2->17  [0m[1;34m
[pthread wrapper] SKIP MASK: 0x0
[0m[1;34m	threadid 140189946021632 -> core 1 - OK[0m[1;34m
[0m[1;34m	threadid 140189937628928 -> core 16 - OK[0m[1;34m
[0m[1;34m	threadid 140189929236224 -> core 17 - OK[0m[1;34m
[0mFLOPs in stencil code:      12047257600
Time spent in stencil code: 1.881793
Performance in GFlop/s:     6.402010
x_max: 200
[1;34m[pthread wrapper] 
[0m[1;34m[pthread wrapper] MAIN -> 0
[0m[1;34m[pthread wrapper] PIN_MASK: [0m[1;34m0->1  [0m[1;34m1->16  [0m[1;34m2->17  [0m[1;34m
[pthread wrapper] SKIP MASK: 0x0
[0m[1;34m	threadid 140517187618560 -> core 1 - OK[0m[1;34m
[0m[1;34m	threadid 140517179225856 -> core 16 - OK[0m[1;34m
[0m[1;34m	threadid 140517170833152 -> core 17 - OK[0m[1;34m
[0mFLOPs in stencil code:      12047257600
Time spent in stencil code: 1.879410
Performance in GFlop/s:     6.410127
x_max: 200
[1;34m[pthread wrapper] 
[0m[1;34m[pthread wrapper] MAIN -> 0
[0m[1;34m[pthread wrapper] PIN_MASK: [0m[1;34m0->1  [0m[1;34m1->16  [0m[1;34m2->17  [0m[1;34m
[pthread wrapper] SKIP MASK: 0x0
[0m[1;34m	threadid 140134716245760 -> core 1 - OK[0m[1;34m
[0m[1;34m	threadid 140134707853056 -> core 16 - OK[0m[1;34m
[0m[1;34m	threadid 140134699460352 -> core 17 - OK[0m[1;34m
[0mFLOPs in stencil code:      12047257600
Time spent in stencil code: 1.878593
Performance in GFlop/s:     6.412915
x_max: 200
[1;34m[pthread wrapper] 
[0m[1;34m[pthread wrapper] MAIN -> 0
[0m[1;34m[pthread wrapper] PIN_MASK: [0m[1;34m0->1  [0m[1;34m1->16  [0m[1;34m2->17  [0m[1;34m
[pthread wrapper] SKIP MASK: 0x0
[0m[1;34m	threadid 140019235751680 -> core 1 - OK[0m[1;34m
[0m[1;34m	threadid 140019227358976 -> core 16 - OK[0m[1;34m
[0m[1;34m	threadid 140019218966272 -> core 17 - OK[0m[1;34m
[0mFLOPs in stencil code:      12047257600
Time spent in stencil code: 1.885608
Performance in GFlop/s:     6.389057
x_max: 200
[1;34m[pthread wrapper] 
[0m[1;34m[pthread wrapper] MAIN -> 0
[0m[1;34m[pthread wrapper] PIN_MASK: [0m[1;34m0->1  [0m[1;34m1->16  [0m[1;34m2->17  [0m[1;34m
[pthread wrapper] SKIP MASK: 0x0
[0m[1;34m	threadid 140506793871104 -> core 1 - OK[0m[1;34m
[0m[1;34m	threadid 140506785478400 -> core 16 - OK[0m[1;34m
[0m[1;34m	threadid 140506777085696 -> core 17 - OK[0m[1;34m
[0mFLOPs in stencil code:      12047257600
Time spent in stencil code: 1.883352
Performance in GFlop/s:     6.396710
