x_max: 200
[1;34m[pthread wrapper] 
[0m[1;34m[pthread wrapper] MAIN -> 0
[0m[1;34m[pthread wrapper] PIN_MASK: [0m[1;34m0->1  [0m[1;34m1->2  [0m[1;34m2->16  [0m[1;34m3->17  [0m[1;34m4->18  [0m[1;34m
[pthread wrapper] SKIP MASK: 0x0
[0m[1;34m	threadid 139657514911488 -> core 1 - OK[0m[1;34m
[0m[1;34m	threadid 139657506518784 -> core 2 - OK[0m[1;34m
[0m[1;34m	threadid 139657498126080 -> core 16 - OK[0m[1;34m
[0m[1;34m	threadid 139657489733376 -> core 17 - OK[0m[1;34m
[0m[1;34m	threadid 139657481340672 -> core 18 - OK[0m[1;34m
[0mFLOPs in stencil code:      12047257600
Time spent in stencil code: 1.319470
Performance in GFlop/s:     9.130375
x_max: 200
[1;34m[pthread wrapper] 
[0m[1;34m[pthread wrapper] MAIN -> 0
[0m[1;34m[pthread wrapper] PIN_MASK: [0m[1;34m0->1  [0m[1;34m1->2  [0m[1;34m2->16  [0m[1;34m3->17  [0m[1;34m4->18  [0m[1;34m
[pthread wrapper] SKIP MASK: 0x0
[0m[1;34m	threadid 140373373257472 -> core 1 - OK[0m[1;34m
[0m[1;34m	threadid 140373364864768 -> core 2 - OK[0m[1;34m
[0m[1;34m	threadid 140373356472064 -> core 16 - OK[0m[1;34m
[0m[1;34m	threadid 140373348079360 -> core 17 - OK[0m[1;34m
[0m[1;34m	threadid 140373339686656 -> core 18 - OK[0m[1;34m
[0mFLOPs in stencil code:      12047257600
Time spent in stencil code: 1.323989
Performance in GFlop/s:     9.099213
x_max: 200
[1;34m[pthread wrapper] 
[0m[1;34m[pthread wrapper] MAIN -> 0
[0m[1;34m[pthread wrapper] PIN_MASK: [0m[1;34m0->1  [0m[1;34m1->2  [0m[1;34m2->16  [0m[1;34m3->17  [0m[1;34m4->18  [0m[1;34m
[pthread wrapper] SKIP MASK: 0x0
[0m[1;34m	threadid 140340849477376 -> core 1 - OK[0m[1;34m
[0m[1;34m	threadid 140340841084672 -> core 2 - OK[0m[1;34m
[0m[1;34m	threadid 140340832691968 -> core 16 - OK[0m[1;34m
[0m[1;34m	threadid 140340824299264 -> core 17 - OK[0m[1;34m
[0m[1;34m	threadid 140340815906560 -> core 18 - OK[0m[1;34m
[0mFLOPs in stencil code:      12047257600
Time spent in stencil code: 1.325431
Performance in GFlop/s:     9.089314
x_max: 200
[1;34m[pthread wrapper] 
[0m[1;34m[pthread wrapper] MAIN -> 0
[0m[1;34m[pthread wrapper] PIN_MASK: [0m[1;34m0->1  [0m[1;34m1->2  [0m[1;34m2->16  [0m[1;34m3->17  [0m[1;34m4->18  [0m[1;34m
[pthread wrapper] SKIP MASK: 0x0
[0m[1;34m	threadid 139904937101056 -> core 1 - OK[0m[1;34m
[0m[1;34m	threadid 139904928708352 -> core 2 - OK[0m[1;34m
[0m[1;34m	threadid 139904920315648 -> core 16 - OK[0m[1;34m
[0m[1;34m	threadid 139904911922944 -> core 17 - OK[0m[1;34m
[0m[1;34m	threadid 139904903530240 -> core 18 - OK[0m[1;34m
[0mFLOPs in stencil code:      12047257600
Time spent in stencil code: 1.322905
Performance in GFlop/s:     9.106668
x_max: 200
[1;34m[pthread wrapper] 
[0m[1;34m[pthread wrapper] MAIN -> 0
[0m[1;34m[pthread wrapper] PIN_MASK: [0m[1;34m0->1  [0m[1;34m1->2  [0m[1;34m2->16  [0m[1;34m3->17  [0m[1;34m4->18  [0m[1;34m
[pthread wrapper] SKIP MASK: 0x0
[0m[1;34m	threadid 140698466748160 -> core 1 - OK[0m[1;34m
[0m[1;34m	threadid 140698458355456 -> core 2 - OK[0m[1;34m
[0m[1;34m	threadid 140698449962752 -> core 16 - OK[0m[1;34m
[0m[1;34m	threadid 140698441570048 -> core 17 - OK[0m[1;34m
[0m[1;34m	threadid 140698433177344 -> core 18 - OK[0m[1;34m
[0mFLOPs in stencil code:      12047257600
Time spent in stencil code: 1.330561
Performance in GFlop/s:     9.054270
