x_max: 200
FLOPs in stencil code:      12047257600
Time spent in stencil code: 5.659818
Performance in GFlop/s:     2.128559
[1;34m[likwid-pin] Main PID -> core 0 - OK[0m
x_max: 200
FLOPs in stencil code:      12047257600
Time spent in stencil code: 5.649132
Performance in GFlop/s:     2.132586
[1;34m[likwid-pin] Main PID -> core 0 - OK[0m
x_max: 200
FLOPs in stencil code:      12047257600
Time spent in stencil code: 5.662998
Performance in GFlop/s:     2.127364
[1;34m[likwid-pin] Main PID -> core 0 - OK[0m
x_max: 200
FLOPs in stencil code:      12047257600
Time spent in stencil code: 5.662889
Performance in GFlop/s:     2.127405
[1;34m[likwid-pin] Main PID -> core 0 - OK[0m
x_max: 200
FLOPs in stencil code:      12047257600
Time spent in stencil code: 5.664595
Performance in GFlop/s:     2.126764
[1;34m[likwid-pin] Main PID -> core 0 - OK[0m
