x_max: 200
[1;34m[pthread wrapper] 
[0m[1;34m[pthread wrapper] MAIN -> 0
[0m[1;34m[pthread wrapper] PIN_MASK: [0m[1;34m0->1  [0m[1;34m1->2  [0m[1;34m2->3  [0m[1;34m3->4  [0m[1;34m4->5  [0m[1;34m5->6  [0m[1;34m6->7  [0m[1;34m7->8  [0m[1;34m8->9  [0m[1;34m9->10  [0m[1;34m10->11  [0m[1;34m11->12  [0m[1;34m12->13  [0m[1;34m13->14  [0m[1;34m14->15  [0m[1;34m15->16  [0m[1;34m16->17  [0m[1;34m17->18  [0m[1;34m18->19  [0m[1;34m19->20  [0m[1;34m20->21  [0m[1;34m21->22  [0m[1;34m22->23  [0m[1;34m
[pthread wrapper] SKIP MASK: 0x0
[0m[1;34m	threadid 140226869462784 -> core 1 - OK[0m[1;34m
[0m[1;34m	threadid 140226861070080 -> core 2 - OK[0m[1;34m
[0m[1;34m	threadid 140226852677376 -> core 3 - OK[0m[1;34m
[0m[1;34m	threadid 140226844284672 -> core 4 - OK[0m[1;34m
[0m[1;34m	threadid 140226835891968 -> core 5 - OK[0m[1;34m
[0m[1;34m	threadid 140226827499264 -> core 6 - OK[0m[1;34m
[0m[1;34m	threadid 140226819106560 -> core 7 - OK[0m[1;34m
[0m[1;34m	threadid 140226810713856 -> core 8 - OK[0m[1;34m
[0m[1;34m	threadid 140226802321152 -> core 9 - OK[0m[1;34m
[0m[1;34m	threadid 140226793928448 -> core 10 - OK[0m[1;34m
[0m[1;34m	threadid 140226785535744 -> core 11 - OK[0m[1;34m
[0m[1;34m	threadid 140226777143040 -> core 12 - OK[0m[1;34m
[0m[1;34m	threadid 140226768750336 -> core 13 - OK[0m[1;34m
[0m[1;34m	threadid 140226760357632 -> core 14 - OK[0m[1;34m
[0m[1;34m	threadid 140226751964928 -> core 15 - OK[0m[1;34m
[0m[1;34m	threadid 140226743572224 -> core 16 - OK[0m[1;34m
[0m[1;34m	threadid 140226735179520 -> core 17 - OK[0m[1;34m
[0m[1;34m	threadid 140226726786816 -> core 18 - OK[0m[1;34m
[0m[1;34m	threadid 140226718394112 -> core 19 - OK[0m[1;34m
[0m[1;34m	threadid 140226710001408 -> core 20 - OK[0m[1;34m
[0m[1;34m	threadid 140226701608704 -> core 21 - OK[0m[1;34m
[0m[1;34m	threadid 140226693216000 -> core 22 - OK[0m[1;34m
[0m[1;34m	threadid 140226684823296 -> core 23 - OK[0m[1;34m
[0mFLOPs in stencil code:      12047257600
Time spent in stencil code: 0.422456
Performance in GFlop/s:     28.517203
x_max: 200
[1;34m[pthread wrapper] 
[0m[1;34m[pthread wrapper] MAIN -> 0
[0m[1;34m[pthread wrapper] PIN_MASK: [0m[1;34m0->1  [0m[1;34m1->2  [0m[1;34m2->3  [0m[1;34m3->4  [0m[1;34m4->5  [0m[1;34m5->6  [0m[1;34m6->7  [0m[1;34m7->8  [0m[1;34m8->9  [0m[1;34m9->10  [0m[1;34m10->11  [0m[1;34m11->12  [0m[1;34m12->13  [0m[1;34m13->14  [0m[1;34m14->15  [0m[1;34m15->16  [0m[1;34m16->17  [0m[1;34m17->18  [0m[1;34m18->19  [0m[1;34m19->20  [0m[1;34m20->21  [0m[1;34m21->22  [0m[1;34m22->23  [0m[1;34m
[pthread wrapper] SKIP MASK: 0x0
[0m[1;34m	threadid 140272270051072 -> core 1 - OK[0m[1;34m
[0m[1;34m	threadid 140272261658368 -> core 2 - OK[0m[1;34m
[0m[1;34m	threadid 140272253265664 -> core 3 - OK[0m[1;34m
[0m[1;34m	threadid 140272244872960 -> core 4 - OK[0m[1;34m
[0m[1;34m	threadid 140272236480256 -> core 5 - OK[0m[1;34m
[0m[1;34m	threadid 140272228087552 -> core 6 - OK[0m[1;34m
[0m[1;34m	threadid 140272219694848 -> core 7 - OK[0m[1;34m
[0m[1;34m	threadid 140272211302144 -> core 8 - OK[0m[1;34m
[0m[1;34m	threadid 140272202909440 -> core 9 - OK[0m[1;34m
[0m[1;34m	threadid 140272194516736 -> core 10 - OK[0m[1;34m
[0m[1;34m	threadid 140272186124032 -> core 11 - OK[0m[1;34m
[0m[1;34m	threadid 140272177731328 -> core 12 - OK[0m[1;34m
[0m[1;34m	threadid 140272169338624 -> core 13 - OK[0m[1;34m
[0m[1;34m	threadid 140272160945920 -> core 14 - OK[0m[1;34m
[0m[1;34m	threadid 140272152553216 -> core 15 - OK[0m[1;34m
[0m[1;34m	threadid 140272144160512 -> core 16 - OK[0m[1;34m
[0m[1;34m	threadid 140272135767808 -> core 17 - OK[0m[1;34m
[0m[1;34m	threadid 140272127375104 -> core 18 - OK[0m[1;34m
[0m[1;34m	threadid 140272118982400 -> core 19 - OK[0m[1;34m
[0m[1;34m	threadid 140272110589696 -> core 20 - OK[0m[1;34m
[0m[1;34m	threadid 140272102196992 -> core 21 - OK[0m[1;34m
[0m[1;34m	threadid 140272093804288 -> core 22 - OK[0m[1;34m
[0m[1;34m	threadid 140272085411584 -> core 23 - OK[0m[1;34m
[0mFLOPs in stencil code:      12047257600
Time spent in stencil code: 0.425204
Performance in GFlop/s:     28.332902
x_max: 200
[1;34m[pthread wrapper] 
[0m[1;34m[pthread wrapper] MAIN -> 0
[0m[1;34m[pthread wrapper] PIN_MASK: [0m[1;34m0->1  [0m[1;34m1->2  [0m[1;34m2->3  [0m[1;34m3->4  [0m[1;34m4->5  [0m[1;34m5->6  [0m[1;34m6->7  [0m[1;34m7->8  [0m[1;34m8->9  [0m[1;34m9->10  [0m[1;34m10->11  [0m[1;34m11->12  [0m[1;34m12->13  [0m[1;34m13->14  [0m[1;34m14->15  [0m[1;34m15->16  [0m[1;34m16->17  [0m[1;34m17->18  [0m[1;34m18->19  [0m[1;34m19->20  [0m[1;34m20->21  [0m[1;34m21->22  [0m[1;34m22->23  [0m[1;34m
[pthread wrapper] SKIP MASK: 0x0
[0m[1;34m	threadid 140165447124736 -> core 1 - OK[0m[1;34m
[0m[1;34m	threadid 140165438732032 -> core 2 - OK[0m[1;34m
[0m[1;34m	threadid 140165430339328 -> core 3 - OK[0m[1;34m
[0m[1;34m	threadid 140165421946624 -> core 4 - OK[0m[1;34m
[0m[1;34m	threadid 140165413553920 -> core 5 - OK[0m[1;34m
[0m[1;34m	threadid 140165405161216 -> core 6 - OK[0m[1;34m
[0m[1;34m	threadid 140165396768512 -> core 7 - OK[0m[1;34m
[0m[1;34m	threadid 140165388375808 -> core 8 - OK[0m[1;34m
[0m[1;34m	threadid 140165379983104 -> core 9 - OK[0m[1;34m
[0m[1;34m	threadid 140165371590400 -> core 10 - OK[0m[1;34m
[0m[1;34m	threadid 140165363197696 -> core 11 - OK[0m[1;34m
[0m[1;34m	threadid 140165354804992 -> core 12 - OK[0m[1;34m
[0m[1;34m	threadid 140165346412288 -> core 13 - OK[0m[1;34m
[0m[1;34m	threadid 140165338019584 -> core 14 - OK[0m[1;34m
[0m[1;34m	threadid 140165329626880 -> core 15 - OK[0m[1;34m
[0m[1;34m	threadid 140165321234176 -> core 16 - OK[0m[1;34m
[0m[1;34m	threadid 140165312841472 -> core 17 - OK[0m[1;34m
[0m[1;34m	threadid 140165304448768 -> core 18 - OK[0m[1;34m
[0m[1;34m	threadid 140165296056064 -> core 19 - OK[0m[1;34m
[0m[1;34m	threadid 140165287663360 -> core 20 - OK[0m[1;34m
[0m[1;34m	threadid 140165279270656 -> core 21 - OK[0m[1;34m
[0m[1;34m	threadid 140165270877952 -> core 22 - OK[0m[1;34m
[0m[1;34m	threadid 140165262485248 -> core 23 - OK[0m[1;34m
[0mFLOPs in stencil code:      12047257600
Time spent in stencil code: 0.433063
Performance in GFlop/s:     27.818716
x_max: 200
[1;34m[pthread wrapper] 
[0m[1;34m[pthread wrapper] MAIN -> 0
[0m[1;34m[pthread wrapper] PIN_MASK: [0m[1;34m0->1  [0m[1;34m1->2  [0m[1;34m2->3  [0m[1;34m3->4  [0m[1;34m4->5  [0m[1;34m5->6  [0m[1;34m6->7  [0m[1;34m7->8  [0m[1;34m8->9  [0m[1;34m9->10  [0m[1;34m10->11  [0m[1;34m11->12  [0m[1;34m12->13  [0m[1;34m13->14  [0m[1;34m14->15  [0m[1;34m15->16  [0m[1;34m16->17  [0m[1;34m17->18  [0m[1;34m18->19  [0m[1;34m19->20  [0m[1;34m20->21  [0m[1;34m21->22  [0m[1;34m22->23  [0m[1;34m
[pthread wrapper] SKIP MASK: 0x0
[0m[1;34m	threadid 139815521060608 -> core 1 - OK[0m[1;34m
[0m[1;34m	threadid 139815512667904 -> core 2 - OK[0m[1;34m
[0m[1;34m	threadid 139815504275200 -> core 3 - OK[0m[1;34m
[0m[1;34m	threadid 139815495882496 -> core 4 - OK[0m[1;34m
[0m[1;34m	threadid 139815487489792 -> core 5 - OK[0m[1;34m
[0m[1;34m	threadid 139815479097088 -> core 6 - OK[0m[1;34m
[0m[1;34m	threadid 139815470704384 -> core 7 - OK[0m[1;34m
[0m[1;34m	threadid 139815462311680 -> core 8 - OK[0m[1;34m
[0m[1;34m	threadid 139815453918976 -> core 9 - OK[0m[1;34m
[0m[1;34m	threadid 139815445526272 -> core 10 - OK[0m[1;34m
[0m[1;34m	threadid 139815437133568 -> core 11 - OK[0m[1;34m
[0m[1;34m	threadid 139815428740864 -> core 12 - OK[0m[1;34m
[0m[1;34m	threadid 139815420348160 -> core 13 - OK[0m[1;34m
[0m[1;34m	threadid 139815411955456 -> core 14 - OK[0m[1;34m
[0m[1;34m	threadid 139815403562752 -> core 15 - OK[0m[1;34m
[0m[1;34m	threadid 139815395170048 -> core 16 - OK[0m[1;34m
[0m[1;34m	threadid 139815386777344 -> core 17 - OK[0m[1;34m
[0m[1;34m	threadid 139815378384640 -> core 18 - OK[0m[1;34m
[0m[1;34m	threadid 139815369991936 -> core 19 - OK[0m[1;34m
[0m[1;34m	threadid 139815361599232 -> core 20 - OK[0m[1;34m
[0m[1;34m	threadid 139815353206528 -> core 21 - OK[0m[1;34m
[0m[1;34m	threadid 139815344813824 -> core 22 - OK[0m[1;34m
[0m[1;34m	threadid 139815336421120 -> core 23 - OK[0m[1;34m
[0mFLOPs in stencil code:      12047257600
Time spent in stencil code: 0.428423
Performance in GFlop/s:     28.119996
x_max: 200
[1;34m[pthread wrapper] 
[0m[1;34m[pthread wrapper] MAIN -> 0
[0m[1;34m[pthread wrapper] PIN_MASK: [0m[1;34m0->1  [0m[1;34m1->2  [0m[1;34m2->3  [0m[1;34m3->4  [0m[1;34m4->5  [0m[1;34m5->6  [0m[1;34m6->7  [0m[1;34m7->8  [0m[1;34m8->9  [0m[1;34m9->10  [0m[1;34m10->11  [0m[1;34m11->12  [0m[1;34m12->13  [0m[1;34m13->14  [0m[1;34m14->15  [0m[1;34m15->16  [0m[1;34m16->17  [0m[1;34m17->18  [0m[1;34m18->19  [0m[1;34m19->20  [0m[1;34m20->21  [0m[1;34m21->22  [0m[1;34m22->23  [0m[1;34m
[pthread wrapper] SKIP MASK: 0x0
[0m[1;34m	threadid 139724180424448 -> core 1 - OK[0m[1;34m
[0m[1;34m	threadid 139724172031744 -> core 2 - OK[0m[1;34m
[0m[1;34m	threadid 139724163639040 -> core 3 - OK[0m[1;34m
[0m[1;34m	threadid 139724155246336 -> core 4 - OK[0m[1;34m
[0m[1;34m	threadid 139724146853632 -> core 5 - OK[0m[1;34m
[0m[1;34m	threadid 139724138460928 -> core 6 - OK[0m[1;34m
[0m[1;34m	threadid 139724130068224 -> core 7 - OK[0m[1;34m
[0m[1;34m	threadid 139724121675520 -> core 8 - OK[0m[1;34m
[0m[1;34m	threadid 139724113282816 -> core 9 - OK[0m[1;34m
[0m[1;34m	threadid 139724104890112 -> core 10 - OK[0m[1;34m
[0m[1;34m	threadid 139724096497408 -> core 11 - OK[0m[1;34m
[0m[1;34m	threadid 139724088104704 -> core 12 - OK[0m[1;34m
[0m[1;34m	threadid 139724079712000 -> core 13 - OK[0m[1;34m
[0m[1;34m	threadid 139724071319296 -> core 14 - OK[0m[1;34m
[0m[1;34m	threadid 139724062926592 -> core 15 - OK[0m[1;34m
[0m[1;34m	threadid 139724054533888 -> core 16 - OK[0m[1;34m
[0m[1;34m	threadid 139724046141184 -> core 17 - OK[0m[1;34m
[0m[1;34m	threadid 139724037748480 -> core 18 - OK[0m[1;34m
[0m[1;34m	threadid 139724029355776 -> core 19 - OK[0m[1;34m
[0m[1;34m	threadid 139724020963072 -> core 20 - OK[0m[1;34m
[0m[1;34m	threadid 139724012570368 -> core 21 - OK[0m[1;34m
[0m[1;34m	threadid 139724004177664 -> core 22 - OK[0m[1;34m
[0m[1;34m	threadid 139723995784960 -> core 23 - OK[0m[1;34m
[0mFLOPs in stencil code:      12047257600
Time spent in stencil code: 0.425099
Performance in GFlop/s:     28.339894
