x_max: 200
FLOPs in stencil code:      12047257600
Time spent in stencil code: 5.617995
Performance in GFlop/s:     2.144405
[1;34m[likwid-pin] Main PID -> core 0 - OK[0m
x_max: 200
FLOPs in stencil code:      12047257600
Time spent in stencil code: 5.647143
Performance in GFlop/s:     2.133337
[1;34m[likwid-pin] Main PID -> core 0 - OK[0m
x_max: 200
FLOPs in stencil code:      12047257600
Time spent in stencil code: 5.641541
Performance in GFlop/s:     2.135455
[1;34m[likwid-pin] Main PID -> core 0 - OK[0m
x_max: 200
FLOPs in stencil code:      12047257600
Time spent in stencil code: 5.679627
Performance in GFlop/s:     2.121135
[1;34m[likwid-pin] Main PID -> core 0 - OK[0m
x_max: 200
FLOPs in stencil code:      12047257600
Time spent in stencil code: 5.653147
Performance in GFlop/s:     2.131071
[1;34m[likwid-pin] Main PID -> core 0 - OK[0m
