x_max: 200
[1;34m[pthread wrapper] 
[0m[1;34m[pthread wrapper] MAIN -> 0
[0m[1;34m[pthread wrapper] PIN_MASK: [0m[1;34m0->1  [0m[1;34m1->2  [0m[1;34m2->3  [0m[1;34m
[pthread wrapper] SKIP MASK: 0x0
[0m[1;34m	threadid 140050380130048 -> core 1 - OK[0m[1;34m
[0m[1;34m	threadid 140050371737344 -> core 2 - OK[0m[1;34m
[0m[1;34m	threadid 140050363344640 -> core 3 - OK[0m[1;34m
[0mFLOPs in stencil code:      12047257600
Time spent in stencil code: 1.996416
Performance in GFlop/s:     6.034443
x_max: 200
[1;34m[pthread wrapper] 
[0m[1;34m[pthread wrapper] MAIN -> 0
[0m[1;34m[pthread wrapper] PIN_MASK: [0m[1;34m0->1  [0m[1;34m1->2  [0m[1;34m2->3  [0m[1;34m
[pthread wrapper] SKIP MASK: 0x0
[0m[1;34m	threadid 140205131695872 -> core 1 - OK[0m[1;34m
[0m[1;34m	threadid 140205123303168 -> core 2 - OK[0m[1;34m
[0m[1;34m	threadid 140205114910464 -> core 3 - OK[0m[1;34m
[0mFLOPs in stencil code:      12047257600
Time spent in stencil code: 1.990139
Performance in GFlop/s:     6.053475
x_max: 200
[1;34m[pthread wrapper] 
[0m[1;34m[pthread wrapper] MAIN -> 0
[0m[1;34m[pthread wrapper] PIN_MASK: [0m[1;34m0->1  [0m[1;34m1->2  [0m[1;34m2->3  [0m[1;34m
[pthread wrapper] SKIP MASK: 0x0
[0m[1;34m	threadid 140574496229120 -> core 1 - OK[0m[1;34m
[0m[1;34m	threadid 140574487836416 -> core 2 - OK[0m[1;34m
[0m[1;34m	threadid 140574479443712 -> core 3 - OK[0m[1;34m
[0mFLOPs in stencil code:      12047257600
Time spent in stencil code: 1.989055
Performance in GFlop/s:     6.056775
x_max: 200
[1;34m[pthread wrapper] 
[0m[1;34m[pthread wrapper] MAIN -> 0
[0m[1;34m[pthread wrapper] PIN_MASK: [0m[1;34m0->1  [0m[1;34m1->2  [0m[1;34m2->3  [0m[1;34m
[pthread wrapper] SKIP MASK: 0x0
[0m[1;34m	threadid 139687085508352 -> core 1 - OK[0m[1;34m
[0m[1;34m	threadid 139687077115648 -> core 2 - OK[0m[1;34m
[0m[1;34m	threadid 139687068722944 -> core 3 - OK[0m[1;34m
[0mFLOPs in stencil code:      12047257600
Time spent in stencil code: 1.995194
Performance in GFlop/s:     6.038138
x_max: 200
[1;34m[pthread wrapper] 
[0m[1;34m[pthread wrapper] MAIN -> 0
[0m[1;34m[pthread wrapper] PIN_MASK: [0m[1;34m0->1  [0m[1;34m1->2  [0m[1;34m2->3  [0m[1;34m
[pthread wrapper] SKIP MASK: 0x0
[0m[1;34m	threadid 140716295751424 -> core 1 - OK[0m[1;34m
[0m[1;34m	threadid 140716287358720 -> core 2 - OK[0m[1;34m
[0m[1;34m	threadid 140716278966016 -> core 3 - OK[0m[1;34m
[0mFLOPs in stencil code:      12047257600
Time spent in stencil code: 1.993161
Performance in GFlop/s:     6.044297
