x_max: 200
[1;34m[pthread wrapper] 
[0m[1;34m[pthread wrapper] MAIN -> 0
[0m[1;34m[pthread wrapper] PIN_MASK: [0m[1;34m0->1  [0m[1;34m1->2  [0m[1;34m2->3  [0m[1;34m3->4  [0m[1;34m4->5  [0m[1;34m5->6  [0m[1;34m6->7  [0m[1;34m7->8  [0m[1;34m8->9  [0m[1;34m9->10  [0m[1;34m10->11  [0m[1;34m
[pthread wrapper] SKIP MASK: 0x0
[0m[1;34m	threadid 139723324524288 -> core 1 - OK[0m[1;34m
[0m[1;34m	threadid 139723316131584 -> core 2 - OK[0m[1;34m
[0m[1;34m	threadid 139723307738880 -> core 3 - OK[0m[1;34m
[0m[1;34m	threadid 139723299346176 -> core 4 - OK[0m[1;34m
[0m[1;34m	threadid 139723290953472 -> core 5 - OK[0m[1;34m
[0m[1;34m	threadid 139723282560768 -> core 6 - OK[0m[1;34m
[0m[1;34m	threadid 139723274168064 -> core 7 - OK[0m[1;34m
[0m[1;34m	threadid 139723265775360 -> core 8 - OK[0m[1;34m
[0m[1;34m	threadid 139723257382656 -> core 9 - OK[0m[1;34m
[0m[1;34m	threadid 139723248989952 -> core 10 - OK[0m[1;34m
[0m[1;34m	threadid 139723240597248 -> core 11 - OK[0m[1;34m
[0mFLOPs in stencil code:      12047257600
Time spent in stencil code: 0.795154
Performance in GFlop/s:     15.150846
x_max: 200
[1;34m[pthread wrapper] 
[0m[1;34m[pthread wrapper] MAIN -> 0
[0m[1;34m[pthread wrapper] PIN_MASK: [0m[1;34m0->1  [0m[1;34m1->2  [0m[1;34m2->3  [0m[1;34m3->4  [0m[1;34m4->5  [0m[1;34m5->6  [0m[1;34m6->7  [0m[1;34m7->8  [0m[1;34m8->9  [0m[1;34m9->10  [0m[1;34m10->11  [0m[1;34m
[pthread wrapper] SKIP MASK: 0x0
[0m[1;34m	threadid 140078451558144 -> core 1 - OK[0m[1;34m
[0m[1;34m	threadid 140078443165440 -> core 2 - OK[0m[1;34m
[0m[1;34m	threadid 140078434772736 -> core 3 - OK[0m[1;34m
[0m[1;34m	threadid 140078426380032 -> core 4 - OK[0m[1;34m
[0m[1;34m	threadid 140078417987328 -> core 5 - OK[0m[1;34m
[0m[1;34m	threadid 140078409594624 -> core 6 - OK[0m[1;34m
[0m[1;34m	threadid 140078401201920 -> core 7 - OK[0m[1;34m
[0m[1;34m	threadid 140078392809216 -> core 8 - OK[0m[1;34m
[0m[1;34m	threadid 140078384416512 -> core 9 - OK[0m[1;34m
[0m[1;34m	threadid 140078376023808 -> core 10 - OK[0m[1;34m
[0m[1;34m	threadid 140078367631104 -> core 11 - OK[0m[1;34m
[0mFLOPs in stencil code:      12047257600
Time spent in stencil code: 0.795484
Performance in GFlop/s:     15.144562
x_max: 200
[1;34m[pthread wrapper] 
[0m[1;34m[pthread wrapper] MAIN -> 0
[0m[1;34m[pthread wrapper] PIN_MASK: [0m[1;34m0->1  [0m[1;34m1->2  [0m[1;34m2->3  [0m[1;34m3->4  [0m[1;34m4->5  [0m[1;34m5->6  [0m[1;34m6->7  [0m[1;34m7->8  [0m[1;34m8->9  [0m[1;34m9->10  [0m[1;34m10->11  [0m[1;34m
[pthread wrapper] SKIP MASK: 0x0
[0m[1;34m	threadid 140491124049664 -> core 1 - OK[0m[1;34m
[0m[1;34m	threadid 140491115656960 -> core 2 - OK[0m[1;34m
[0m[1;34m	threadid 140491107264256 -> core 3 - OK[0m[1;34m
[0m[1;34m	threadid 140491098871552 -> core 4 - OK[0m[1;34m
[0m[1;34m	threadid 140491090478848 -> core 5 - OK[0m[1;34m
[0m[1;34m	threadid 140491082086144 -> core 6 - OK[0m[1;34m
[0m[1;34m	threadid 140491073693440 -> core 7 - OK[0m[1;34m
[0m[1;34m	threadid 140491065300736 -> core 8 - OK[0m[1;34m
[0m[1;34m	threadid 140491056908032 -> core 9 - OK[0m[1;34m
[0m[1;34m	threadid 140491048515328 -> core 10 - OK[0m[1;34m
[0m[1;34m	threadid 140491040122624 -> core 11 - OK[0m[1;34m
[0mFLOPs in stencil code:      12047257600
Time spent in stencil code: 0.793495
Performance in GFlop/s:     15.182526
x_max: 200
[1;34m[pthread wrapper] 
[0m[1;34m[pthread wrapper] MAIN -> 0
[0m[1;34m[pthread wrapper] PIN_MASK: [0m[1;34m0->1  [0m[1;34m1->2  [0m[1;34m2->3  [0m[1;34m3->4  [0m[1;34m4->5  [0m[1;34m5->6  [0m[1;34m6->7  [0m[1;34m7->8  [0m[1;34m8->9  [0m[1;34m9->10  [0m[1;34m10->11  [0m[1;34m
[pthread wrapper] SKIP MASK: 0x0
[0m[1;34m	threadid 140317033039616 -> core 1 - OK[0m[1;34m
[0m[1;34m	threadid 140317024646912 -> core 2 - OK[0m[1;34m
[0m[1;34m	threadid 140317016254208 -> core 3 - OK[0m[1;34m
[0m[1;34m	threadid 140317007861504 -> core 4 - OK[0m[1;34m
[0m[1;34m	threadid 140316999468800 -> core 5 - OK[0m[1;34m
[0m[1;34m	threadid 140316991076096 -> core 6 - OK[0m[1;34m
[0m[1;34m	threadid 140316982683392 -> core 7 - OK[0m[1;34m
[0m[1;34m	threadid 140316974290688 -> core 8 - OK[0m[1;34m
[0m[1;34m	threadid 140316965897984 -> core 9 - OK[0m[1;34m
[0m[1;34m	threadid 140316957505280 -> core 10 - OK[0m[1;34m
[0m[1;34m	threadid 140316949112576 -> core 11 - OK[0m[1;34m
[0mFLOPs in stencil code:      12047257600
Time spent in stencil code: 0.791178
Performance in GFlop/s:     15.226988
x_max: 200
[1;34m[pthread wrapper] 
[0m[1;34m[pthread wrapper] MAIN -> 0
[0m[1;34m[pthread wrapper] PIN_MASK: [0m[1;34m0->1  [0m[1;34m1->2  [0m[1;34m2->3  [0m[1;34m3->4  [0m[1;34m4->5  [0m[1;34m5->6  [0m[1;34m6->7  [0m[1;34m7->8  [0m[1;34m8->9  [0m[1;34m9->10  [0m[1;34m10->11  [0m[1;34m
[pthread wrapper] SKIP MASK: 0x0
[0m[1;34m	threadid 139992098375424 -> core 1 - OK[0m[1;34m
[0m[1;34m	threadid 139992089982720 -> core 2 - OK[0m[1;34m
[0m[1;34m	threadid 139992081590016 -> core 3 - OK[0m[1;34m
[0m[1;34m	threadid 139992073197312 -> core 4 - OK[0m[1;34m
[0m[1;34m	threadid 139992064804608 -> core 5 - OK[0m[1;34m
[0m[1;34m	threadid 139992056411904 -> core 6 - OK[0m[1;34m
[0m[1;34m	threadid 139992048019200 -> core 7 - OK[0m[1;34m
[0m[1;34m	threadid 139992039626496 -> core 8 - OK[0m[1;34m
[0m[1;34m	threadid 139992031233792 -> core 9 - OK[0m[1;34m
[0m[1;34m	threadid 139992022841088 -> core 10 - OK[0m[1;34m
[0m[1;34m	threadid 139992014448384 -> core 11 - OK[0m[1;34m
[0mFLOPs in stencil code:      12047257600
Time spent in stencil code: 0.790733
Performance in GFlop/s:     15.235555
