x_max: 200
[1;34m[pthread wrapper] 
[0m[1;34m[pthread wrapper] MAIN -> 0
[0m[1;34m[pthread wrapper] PIN_MASK: [0m[1;34m0->1  [0m[1;34m1->2  [0m[1;34m2->3  [0m[1;34m3->4  [0m[1;34m4->5  [0m[1;34m5->6  [0m[1;34m6->7  [0m[1;34m7->8  [0m[1;34m8->9  [0m[1;34m9->10  [0m[1;34m10->11  [0m[1;34m11->12  [0m[1;34m12->13  [0m[1;34m13->14  [0m[1;34m14->15  [0m[1;34m15->16  [0m[1;34m16->17  [0m[1;34m17->18  [0m[1;34m18->19  [0m[1;34m19->20  [0m[1;34m20->21  [0m[1;34m21->22  [0m[1;34m22->23  [0m[1;34m
[pthread wrapper] SKIP MASK: 0x0
[0m[1;34m	threadid 140232212645632 -> core 1 - OK[0m[1;34m
[0m[1;34m	threadid 140232204252928 -> core 2 - OK[0m[1;34m
[0m[1;34m	threadid 140232195860224 -> core 3 - OK[0m[1;34m
[0m[1;34m	threadid 140232187467520 -> core 4 - OK[0m[1;34m
[0m[1;34m	threadid 140232179074816 -> core 5 - OK[0m[1;34m
[0m[1;34m	threadid 140232170682112 -> core 6 - OK[0m[1;34m
[0m[1;34m	threadid 140232162289408 -> core 7 - OK[0m[1;34m
[0m[1;34m	threadid 140232153896704 -> core 8 - OK[0m[1;34m
[0m[1;34m	threadid 140232145504000 -> core 9 - OK[0m[1;34m
[0m[1;34m	threadid 140232137111296 -> core 10 - OK[0m[1;34m
[0m[1;34m	threadid 140232128718592 -> core 11 - OK[0m[1;34m
[0m[1;34m	threadid 140232120325888 -> core 12 - OK[0m[1;34m
[0m[1;34m	threadid 140232111933184 -> core 13 - OK[0m[1;34m
[0m[1;34m	threadid 140232103540480 -> core 14 - OK[0m[1;34m
[0m[1;34m	threadid 140232095147776 -> core 15 - OK[0m[1;34m
[0m[1;34m	threadid 140232086755072 -> core 16 - OK[0m[1;34m
[0m[1;34m	threadid 140232078362368 -> core 17 - OK[0m[1;34m
[0m[1;34m	threadid 140232069969664 -> core 18 - OK[0m[1;34m
[0m[1;34m	threadid 140232061576960 -> core 19 - OK[0m[1;34m
[0m[1;34m	threadid 140232053184256 -> core 20 - OK[0m[1;34m
[0m[1;34m	threadid 140232044791552 -> core 21 - OK[0m[1;34m
[0m[1;34m	threadid 140232036398848 -> core 22 - OK[0m[1;34m
[0m[1;34m	threadid 140232028006144 -> core 23 - OK[0m[1;34m
[0mFLOPs in stencil code:      12047257600
Time spent in stencil code: 0.428781
Performance in GFlop/s:     28.096526
x_max: 200
[1;34m[pthread wrapper] 
[0m[1;34m[pthread wrapper] MAIN -> 0
[0m[1;34m[pthread wrapper] PIN_MASK: [0m[1;34m0->1  [0m[1;34m1->2  [0m[1;34m2->3  [0m[1;34m3->4  [0m[1;34m4->5  [0m[1;34m5->6  [0m[1;34m6->7  [0m[1;34m7->8  [0m[1;34m8->9  [0m[1;34m9->10  [0m[1;34m10->11  [0m[1;34m11->12  [0m[1;34m12->13  [0m[1;34m13->14  [0m[1;34m14->15  [0m[1;34m15->16  [0m[1;34m16->17  [0m[1;34m17->18  [0m[1;34m18->19  [0m[1;34m19->20  [0m[1;34m20->21  [0m[1;34m21->22  [0m[1;34m22->23  [0m[1;34m
[pthread wrapper] SKIP MASK: 0x0
[0m[1;34m	threadid 140230973785856 -> core 1 - OK[0m[1;34m
[0m[1;34m	threadid 140230965393152 -> core 2 - OK[0m[1;34m
[0m[1;34m	threadid 140230957000448 -> core 3 - OK[0m[1;34m
[0m[1;34m	threadid 140230948607744 -> core 4 - OK[0m[1;34m
[0m[1;34m	threadid 140230940215040 -> core 5 - OK[0m[1;34m
[0m[1;34m	threadid 140230931822336 -> core 6 - OK[0m[1;34m
[0m[1;34m	threadid 140230923429632 -> core 7 - OK[0m[1;34m
[0m[1;34m	threadid 140230915036928 -> core 8 - OK[0m[1;34m
[0m[1;34m	threadid 140230906644224 -> core 9 - OK[0m[1;34m
[0m[1;34m	threadid 140230898251520 -> core 10 - OK[0m[1;34m
[0m[1;34m	threadid 140230889858816 -> core 11 - OK[0m[1;34m
[0m[1;34m	threadid 140230881466112 -> core 12 - OK[0m[1;34m
[0m[1;34m	threadid 140230873073408 -> core 13 - OK[0m[1;34m
[0m[1;34m	threadid 140230864680704 -> core 14 - OK[0m[1;34m
[0m[1;34m	threadid 140230856288000 -> core 15 - OK[0m[1;34m
[0m[1;34m	threadid 140230847895296 -> core 16 - OK[0m[1;34m
[0m[1;34m	threadid 140230839502592 -> core 17 - OK[0m[1;34m
[0m[1;34m	threadid 140230831109888 -> core 18 - OK[0m[1;34m
[0m[1;34m	threadid 140230822717184 -> core 19 - OK[0m[1;34m
[0m[1;34m	threadid 140230814324480 -> core 20 - OK[0m[1;34m
[0m[1;34m	threadid 140230805931776 -> core 21 - OK[0m[1;34m
[0m[1;34m	threadid 140230797539072 -> core 22 - OK[0m[1;34m
[0m[1;34m	threadid 140230789146368 -> core 23 - OK[0m[1;34m
[0mFLOPs in stencil code:      12047257600
Time spent in stencil code: 0.428272
Performance in GFlop/s:     28.129921
x_max: 200
[1;34m[pthread wrapper] 
[0m[1;34m[pthread wrapper] MAIN -> 0
[0m[1;34m[pthread wrapper] PIN_MASK: [0m[1;34m0->1  [0m[1;34m1->2  [0m[1;34m2->3  [0m[1;34m3->4  [0m[1;34m4->5  [0m[1;34m5->6  [0m[1;34m6->7  [0m[1;34m7->8  [0m[1;34m8->9  [0m[1;34m9->10  [0m[1;34m10->11  [0m[1;34m11->12  [0m[1;34m12->13  [0m[1;34m13->14  [0m[1;34m14->15  [0m[1;34m15->16  [0m[1;34m16->17  [0m[1;34m17->18  [0m[1;34m18->19  [0m[1;34m19->20  [0m[1;34m20->21  [0m[1;34m21->22  [0m[1;34m22->23  [0m[1;34m
[pthread wrapper] SKIP MASK: 0x0
[0m[1;34m	threadid 140649795323648 -> core 1 - OK[0m[1;34m
[0m[1;34m	threadid 140649786930944 -> core 2 - OK[0m[1;34m
[0m[1;34m	threadid 140649778538240 -> core 3 - OK[0m[1;34m
[0m[1;34m	threadid 140649770145536 -> core 4 - OK[0m[1;34m
[0m[1;34m	threadid 140649761752832 -> core 5 - OK[0m[1;34m
[0m[1;34m	threadid 140649753360128 -> core 6 - OK[0m[1;34m
[0m[1;34m	threadid 140649744967424 -> core 7 - OK[0m[1;34m
[0m[1;34m	threadid 140649736574720 -> core 8 - OK[0m[1;34m
[0m[1;34m	threadid 140649728182016 -> core 9 - OK[0m[1;34m
[0m[1;34m	threadid 140649719789312 -> core 10 - OK[0m[1;34m
[0m[1;34m	threadid 140649711396608 -> core 11 - OK[0m[1;34m
[0m[1;34m	threadid 140649703003904 -> core 12 - OK[0m[1;34m
[0m[1;34m	threadid 140649694611200 -> core 13 - OK[0m[1;34m
[0m[1;34m	threadid 140649686218496 -> core 14 - OK[0m[1;34m
[0m[1;34m	threadid 140649677825792 -> core 15 - OK[0m[1;34m
[0m[1;34m	threadid 140649669433088 -> core 16 - OK[0m[1;34m
[0m[1;34m	threadid 140649661040384 -> core 17 - OK[0m[1;34m
[0m[1;34m	threadid 140649652647680 -> core 18 - OK[0m[1;34m
[0m[1;34m	threadid 140649644254976 -> core 19 - OK[0m[1;34m
[0m[1;34m	threadid 140649635862272 -> core 20 - OK[0m[1;34m
[0m[1;34m	threadid 140649627469568 -> core 21 - OK[0m[1;34m
[0m[1;34m	threadid 140649619076864 -> core 22 - OK[0m[1;34m
[0m[1;34m	threadid 140649610684160 -> core 23 - OK[0m[1;34m
[0mFLOPs in stencil code:      12047257600
Time spent in stencil code: 0.421569
Performance in GFlop/s:     28.577183
x_max: 200
[1;34m[pthread wrapper] 
[0m[1;34m[pthread wrapper] MAIN -> 0
[0m[1;34m[pthread wrapper] PIN_MASK: [0m[1;34m0->1  [0m[1;34m1->2  [0m[1;34m2->3  [0m[1;34m3->4  [0m[1;34m4->5  [0m[1;34m5->6  [0m[1;34m6->7  [0m[1;34m7->8  [0m[1;34m8->9  [0m[1;34m9->10  [0m[1;34m10->11  [0m[1;34m11->12  [0m[1;34m12->13  [0m[1;34m13->14  [0m[1;34m14->15  [0m[1;34m15->16  [0m[1;34m16->17  [0m[1;34m17->18  [0m[1;34m18->19  [0m[1;34m19->20  [0m[1;34m20->21  [0m[1;34m21->22  [0m[1;34m22->23  [0m[1;34m
[pthread wrapper] SKIP MASK: 0x0
[0m[1;34m	threadid 139715435464448 -> core 1 - OK[0m[1;34m
[0m[1;34m	threadid 139715427071744 -> core 2 - OK[0m[1;34m
[0m[1;34m	threadid 139715418679040 -> core 3 - OK[0m[1;34m
[0m[1;34m	threadid 139715410286336 -> core 4 - OK[0m[1;34m
[0m[1;34m	threadid 139715401893632 -> core 5 - OK[0m[1;34m
[0m[1;34m	threadid 139715393500928 -> core 6 - OK[0m[1;34m
[0m[1;34m	threadid 139715385108224 -> core 7 - OK[0m[1;34m
[0m[1;34m	threadid 139715376715520 -> core 8 - OK[0m[1;34m
[0m[1;34m	threadid 139715368322816 -> core 9 - OK[0m[1;34m
[0m[1;34m	threadid 139715359930112 -> core 10 - OK[0m[1;34m
[0m[1;34m	threadid 139715351537408 -> core 11 - OK[0m[1;34m
[0m[1;34m	threadid 139715343144704 -> core 12 - OK[0m[1;34m
[0m[1;34m	threadid 139715334752000 -> core 13 - OK[0m[1;34m
[0m[1;34m	threadid 139715326359296 -> core 14 - OK[0m[1;34m
[0m[1;34m	threadid 139715317966592 -> core 15 - OK[0m[1;34m
[0m[1;34m	threadid 139715309573888 -> core 16 - OK[0m[1;34m
[0m[1;34m	threadid 139715301181184 -> core 17 - OK[0m[1;34m
[0m[1;34m	threadid 139715292788480 -> core 18 - OK[0m[1;34m
[0m[1;34m	threadid 139715284395776 -> core 19 - OK[0m[1;34m
[0m[1;34m	threadid 139715276003072 -> core 20 - OK[0m[1;34m
[0m[1;34m	threadid 139715267610368 -> core 21 - OK[0m[1;34m
[0m[1;34m	threadid 139715259217664 -> core 22 - OK[0m[1;34m
[0m[1;34m	threadid 139715250824960 -> core 23 - OK[0m[1;34m
[0mFLOPs in stencil code:      12047257600
Time spent in stencil code: 0.429975
Performance in GFlop/s:     28.018505
x_max: 200
[1;34m[pthread wrapper] 
[0m[1;34m[pthread wrapper] MAIN -> 0
[0m[1;34m[pthread wrapper] PIN_MASK: [0m[1;34m0->1  [0m[1;34m1->2  [0m[1;34m2->3  [0m[1;34m3->4  [0m[1;34m4->5  [0m[1;34m5->6  [0m[1;34m6->7  [0m[1;34m7->8  [0m[1;34m8->9  [0m[1;34m9->10  [0m[1;34m10->11  [0m[1;34m11->12  [0m[1;34m12->13  [0m[1;34m13->14  [0m[1;34m14->15  [0m[1;34m15->16  [0m[1;34m16->17  [0m[1;34m17->18  [0m[1;34m18->19  [0m[1;34m19->20  [0m[1;34m20->21  [0m[1;34m21->22  [0m[1;34m22->23  [0m[1;34m
[pthread wrapper] SKIP MASK: 0x0
[0m[1;34m	threadid 140093366798080 -> core 1 - OK[0m[1;34m
[0m[1;34m	threadid 140093358405376 -> core 2 - OK[0m[1;34m
[0m[1;34m	threadid 140093350012672 -> core 3 - OK[0m[1;34m
[0m[1;34m	threadid 140093341619968 -> core 4 - OK[0m[1;34m
[0m[1;34m	threadid 140093333227264 -> core 5 - OK[0m[1;34m
[0m[1;34m	threadid 140093324834560 -> core 6 - OK[0m[1;34m
[0m[1;34m	threadid 140093316441856 -> core 7 - OK[0m[1;34m
[0m[1;34m	threadid 140093308049152 -> core 8 - OK[0m[1;34m
[0m[1;34m	threadid 140093299656448 -> core 9 - OK[0m[1;34m
[0m[1;34m	threadid 140093291263744 -> core 10 - OK[0m[1;34m
[0m[1;34m	threadid 140093282871040 -> core 11 - OK[0m[1;34m
[0m[1;34m	threadid 140093274478336 -> core 12 - OK[0m[1;34m
[0m[1;34m	threadid 140093266085632 -> core 13 - OK[0m[1;34m
[0m[1;34m	threadid 140093257692928 -> core 14 - OK[0m[1;34m
[0m[1;34m	threadid 140093249300224 -> core 15 - OK[0m[1;34m
[0m[1;34m	threadid 140093240907520 -> core 16 - OK[0m[1;34m
[0m[1;34m	threadid 140093232514816 -> core 17 - OK[0m[1;34m
[0m[1;34m	threadid 140093224122112 -> core 18 - OK[0m[1;34m
[0m[1;34m	threadid 140093215729408 -> core 19 - OK[0m[1;34m
[0m[1;34m	threadid 140093207336704 -> core 20 - OK[0m[1;34m
[0m[1;34m	threadid 140093198944000 -> core 21 - OK[0m[1;34m
[0m[1;34m	threadid 140093190551296 -> core 22 - OK[0m[1;34m
[0m[1;34m	threadid 140093182158592 -> core 23 - OK[0m[1;34m
[0mFLOPs in stencil code:      12047257600
Time spent in stencil code: 0.425369
Performance in GFlop/s:     28.321897
