x_max: 200
[1;34m[pthread wrapper] 
[0m[1;34m[pthread wrapper] MAIN -> 0
[0m[1;34m[pthread wrapper] PIN_MASK: [0m[1;34m0->1  [0m[1;34m1->2  [0m[1;34m2->3  [0m[1;34m3->4  [0m[1;34m4->5  [0m[1;34m5->16  [0m[1;34m6->17  [0m[1;34m7->18  [0m[1;34m8->19  [0m[1;34m9->20  [0m[1;34m10->21  [0m[1;34m
[pthread wrapper] SKIP MASK: 0x0
[0m[1;34m	threadid 140233083258624 -> core 1 - OK[0m[1;34m
[0m[1;34m	threadid 140233074865920 -> core 2 - OK[0m[1;34m
[0m[1;34m	threadid 140233066473216 -> core 3 - OK[0m[1;34m
[0m[1;34m	threadid 140233058080512 -> core 4 - OK[0m[1;34m
[0m[1;34m	threadid 140233049687808 -> core 5 - OK[0m[1;34m
[0m[1;34m	threadid 140233041295104 -> core 16 - OK[0m[1;34m
[0m[1;34m	threadid 140233032902400 -> core 17 - OK[0m[1;34m
[0m[1;34m	threadid 140233024509696 -> core 18 - OK[0m[1;34m
[0m[1;34m	threadid 140233016116992 -> core 19 - OK[0m[1;34m
[0m[1;34m	threadid 140233007724288 -> core 20 - OK[0m[1;34m
[0m[1;34m	threadid 140232999331584 -> core 21 - OK[0m[1;34m
[0mFLOPs in stencil code:      12047257600
Time spent in stencil code: 0.716098
Performance in GFlop/s:     16.823474
x_max: 200
[1;34m[pthread wrapper] 
[0m[1;34m[pthread wrapper] MAIN -> 0
[0m[1;34m[pthread wrapper] PIN_MASK: [0m[1;34m0->1  [0m[1;34m1->2  [0m[1;34m2->3  [0m[1;34m3->4  [0m[1;34m4->5  [0m[1;34m5->16  [0m[1;34m6->17  [0m[1;34m7->18  [0m[1;34m8->19  [0m[1;34m9->20  [0m[1;34m10->21  [0m[1;34m
[pthread wrapper] SKIP MASK: 0x0
[0m[1;34m	threadid 140308209862400 -> core 1 - OK[0m[1;34m
[0m[1;34m	threadid 140308201469696 -> core 2 - OK[0m[1;34m
[0m[1;34m	threadid 140308193076992 -> core 3 - OK[0m[1;34m
[0m[1;34m	threadid 140308184684288 -> core 4 - OK[0m[1;34m
[0m[1;34m	threadid 140308176291584 -> core 5 - OK[0m[1;34m
[0m[1;34m	threadid 140308167898880 -> core 16 - OK[0m[1;34m
[0m[1;34m	threadid 140308159506176 -> core 17 - OK[0m[1;34m
[0m[1;34m	threadid 140308151113472 -> core 18 - OK[0m[1;34m
[0m[1;34m	threadid 140308142720768 -> core 19 - OK[0m[1;34m
[0m[1;34m	threadid 140308134328064 -> core 20 - OK[0m[1;34m
[0m[1;34m	threadid 140308125935360 -> core 21 - OK[0m[1;34m
[0mFLOPs in stencil code:      12047257600
Time spent in stencil code: 0.723261
Performance in GFlop/s:     16.656858
x_max: 200
[1;34m[pthread wrapper] 
[0m[1;34m[pthread wrapper] MAIN -> 0
[0m[1;34m[pthread wrapper] PIN_MASK: [0m[1;34m0->1  [0m[1;34m1->2  [0m[1;34m2->3  [0m[1;34m3->4  [0m[1;34m4->5  [0m[1;34m5->16  [0m[1;34m6->17  [0m[1;34m7->18  [0m[1;34m8->19  [0m[1;34m9->20  [0m[1;34m10->21  [0m[1;34m
[pthread wrapper] SKIP MASK: 0x0
[0m[1;34m	threadid 140320220743424 -> core 1 - OK[0m[1;34m
[0m[1;34m	threadid 140320212350720 -> core 2 - OK[0m[1;34m
[0m[1;34m	threadid 140320203958016 -> core 3 - OK[0m[1;34m
[0m[1;34m	threadid 140320195565312 -> core 4 - OK[0m[1;34m
[0m[1;34m	threadid 140320187172608 -> core 5 - OK[0m[1;34m
[0m[1;34m	threadid 140320178779904 -> core 16 - OK[0m[1;34m
[0m[1;34m	threadid 140320170387200 -> core 17 - OK[0m[1;34m
[0m[1;34m	threadid 140320161994496 -> core 18 - OK[0m[1;34m
[0m[1;34m	threadid 140320153601792 -> core 19 - OK[0m[1;34m
[0m[1;34m	threadid 140320145209088 -> core 20 - OK[0m[1;34m
[0m[1;34m	threadid 140320136816384 -> core 21 - OK[0m[1;34m
[0mFLOPs in stencil code:      12047257600
Time spent in stencil code: 0.722278
Performance in GFlop/s:     16.679533
x_max: 200
[1;34m[pthread wrapper] 
[0m[1;34m[pthread wrapper] MAIN -> 0
[0m[1;34m[pthread wrapper] PIN_MASK: [0m[1;34m0->1  [0m[1;34m1->2  [0m[1;34m2->3  [0m[1;34m3->4  [0m[1;34m4->5  [0m[1;34m5->16  [0m[1;34m6->17  [0m[1;34m7->18  [0m[1;34m8->19  [0m[1;34m9->20  [0m[1;34m10->21  [0m[1;34m
[pthread wrapper] SKIP MASK: 0x0
[0m[1;34m	threadid 140213711505152 -> core 1 - OK[0m[1;34m
[0m[1;34m	threadid 140213703112448 -> core 2 - OK[0m[1;34m
[0m[1;34m	threadid 140213694719744 -> core 3 - OK[0m[1;34m
[0m[1;34m	threadid 140213686327040 -> core 4 - OK[0m[1;34m
[0m[1;34m	threadid 140213677934336 -> core 5 - OK[0m[1;34m
[0m[1;34m	threadid 140213669541632 -> core 16 - OK[0m[1;34m
[0m[1;34m	threadid 140213661148928 -> core 17 - OK[0m[1;34m
[0m[1;34m	threadid 140213652756224 -> core 18 - OK[0m[1;34m
[0m[1;34m	threadid 140213644363520 -> core 19 - OK[0m[1;34m
[0m[1;34m	threadid 140213635970816 -> core 20 - OK[0m[1;34m
[0m[1;34m	threadid 140213627578112 -> core 21 - OK[0m[1;34m
[0mFLOPs in stencil code:      12047257600
Time spent in stencil code: 0.719002
Performance in GFlop/s:     16.755527
x_max: 200
[1;34m[pthread wrapper] 
[0m[1;34m[pthread wrapper] MAIN -> 0
[0m[1;34m[pthread wrapper] PIN_MASK: [0m[1;34m0->1  [0m[1;34m1->2  [0m[1;34m2->3  [0m[1;34m3->4  [0m[1;34m4->5  [0m[1;34m5->16  [0m[1;34m6->17  [0m[1;34m7->18  [0m[1;34m8->19  [0m[1;34m9->20  [0m[1;34m10->21  [0m[1;34m
[pthread wrapper] SKIP MASK: 0x0
[0m[1;34m	threadid 140254380525312 -> core 1 - OK[0m[1;34m
[0m[1;34m	threadid 140254372132608 -> core 2 - OK[0m[1;34m
[0m[1;34m	threadid 140254363739904 -> core 3 - OK[0m[1;34m
[0m[1;34m	threadid 140254355347200 -> core 4 - OK[0m[1;34m
[0m[1;34m	threadid 140254346954496 -> core 5 - OK[0m[1;34m
[0m[1;34m	threadid 140254338561792 -> core 16 - OK[0m[1;34m
[0m[1;34m	threadid 140254330169088 -> core 17 - OK[0m[1;34m
[0m[1;34m	threadid 140254321776384 -> core 18 - OK[0m[1;34m
[0m[1;34m	threadid 140254313383680 -> core 19 - OK[0m[1;34m
[0m[1;34m	threadid 140254304990976 -> core 20 - OK[0m[1;34m
[0m[1;34m	threadid 140254296598272 -> core 21 - OK[0m[1;34m
[0mFLOPs in stencil code:      12047257600
Time spent in stencil code: 0.722509
Performance in GFlop/s:     16.674194
