x_max: 200
[1;34m[pthread wrapper] 
[0m[1;34m[pthread wrapper] MAIN -> 0
[0m[1;34m[pthread wrapper] PIN_MASK: [0m[1;34m0->1  [0m[1;34m1->2  [0m[1;34m2->3  [0m[1;34m3->4  [0m[1;34m4->5  [0m[1;34m
[pthread wrapper] SKIP MASK: 0x0
[0m[1;34m	threadid 140132992222976 -> core 1 - OK[0m[1;34m
[0m[1;34m	threadid 140132983830272 -> core 2 - OK[0m[1;34m
[0m[1;34m	threadid 140132975437568 -> core 3 - OK[0m[1;34m
[0m[1;34m	threadid 140132967044864 -> core 4 - OK[0m[1;34m
[0m[1;34m	threadid 140132958652160 -> core 5 - OK[0m[1;34m
[0mFLOPs in stencil code:      12047257600
Time spent in stencil code: 1.397525
Performance in GFlop/s:     8.620423
x_max: 200
[1;34m[pthread wrapper] 
[0m[1;34m[pthread wrapper] MAIN -> 0
[0m[1;34m[pthread wrapper] PIN_MASK: [0m[1;34m0->1  [0m[1;34m1->2  [0m[1;34m2->3  [0m[1;34m3->4  [0m[1;34m4->5  [0m[1;34m
[pthread wrapper] SKIP MASK: 0x0
[0m[1;34m	threadid 139797967800064 -> core 1 - OK[0m[1;34m
[0m[1;34m	threadid 139797959407360 -> core 2 - OK[0m[1;34m
[0m[1;34m	threadid 139797951014656 -> core 3 - OK[0m[1;34m
[0m[1;34m	threadid 139797942621952 -> core 4 - OK[0m[1;34m
[0m[1;34m	threadid 139797934229248 -> core 5 - OK[0m[1;34m
[0mFLOPs in stencil code:      12047257600
Time spent in stencil code: 1.389496
Performance in GFlop/s:     8.670235
x_max: 200
[1;34m[pthread wrapper] 
[0m[1;34m[pthread wrapper] MAIN -> 0
[0m[1;34m[pthread wrapper] PIN_MASK: [0m[1;34m0->1  [0m[1;34m1->2  [0m[1;34m2->3  [0m[1;34m3->4  [0m[1;34m4->5  [0m[1;34m
[pthread wrapper] SKIP MASK: 0x0
[0m[1;34m	threadid 139648977340160 -> core 1 - OK[0m[1;34m
[0m[1;34m	threadid 139648968947456 -> core 2 - OK[0m[1;34m
[0m[1;34m	threadid 139648960554752 -> core 3 - OK[0m[1;34m
[0m[1;34m	threadid 139648952162048 -> core 4 - OK[0m[1;34m
[0m[1;34m	threadid 139648943769344 -> core 5 - OK[0m[1;34m
[0mFLOPs in stencil code:      12047257600
Time spent in stencil code: 1.396730
Performance in GFlop/s:     8.625331
x_max: 200
[1;34m[pthread wrapper] 
[0m[1;34m[pthread wrapper] MAIN -> 0
[0m[1;34m[pthread wrapper] PIN_MASK: [0m[1;34m0->1  [0m[1;34m1->2  [0m[1;34m2->3  [0m[1;34m3->4  [0m[1;34m4->5  [0m[1;34m
[pthread wrapper] SKIP MASK: 0x0
[0m[1;34m	threadid 140546288289536 -> core 1 - OK[0m[1;34m
[0m[1;34m	threadid 140546279896832 -> core 2 - OK[0m[1;34m
[0m[1;34m	threadid 140546271504128 -> core 3 - OK[0m[1;34m
[0m[1;34m	threadid 140546263111424 -> core 4 - OK[0m[1;34m
[0m[1;34m	threadid 140546254718720 -> core 5 - OK[0m[1;34m
[0mFLOPs in stencil code:      12047257600
Time spent in stencil code: 1.396866
Performance in GFlop/s:     8.624491
x_max: 200
[1;34m[pthread wrapper] 
[0m[1;34m[pthread wrapper] MAIN -> 0
[0m[1;34m[pthread wrapper] PIN_MASK: [0m[1;34m0->1  [0m[1;34m1->2  [0m[1;34m2->3  [0m[1;34m3->4  [0m[1;34m4->5  [0m[1;34m
[pthread wrapper] SKIP MASK: 0x0
[0m[1;34m	threadid 139654872532736 -> core 1 - OK[0m[1;34m
[0m[1;34m	threadid 139654864140032 -> core 2 - OK[0m[1;34m
[0m[1;34m	threadid 139654855747328 -> core 3 - OK[0m[1;34m
[0m[1;34m	threadid 139654847354624 -> core 4 - OK[0m[1;34m
[0m[1;34m	threadid 139654838961920 -> core 5 - OK[0m[1;34m
[0mFLOPs in stencil code:      12047257600
Time spent in stencil code: 1.386050
Performance in GFlop/s:     8.691792
