x_max: 200
[1;34m[pthread wrapper] 
[0m[1;34m[pthread wrapper] MAIN -> 0
[0m[1;34m[pthread wrapper] PIN_MASK: [0m[1;34m0->1  [0m[1;34m1->2  [0m[1;34m2->3  [0m[1;34m3->4  [0m[1;34m4->5  [0m[1;34m5->6  [0m[1;34m6->7  [0m[1;34m7->8  [0m[1;34m8->9  [0m[1;34m9->10  [0m[1;34m10->11  [0m[1;34m11->12  [0m[1;34m12->13  [0m[1;34m13->14  [0m[1;34m14->15  [0m[1;34m
[pthread wrapper] SKIP MASK: 0x0
[0m[1;34m	threadid 140331312056064 -> core 1 - OK[0m[1;34m
[0m[1;34m	threadid 140331303663360 -> core 2 - OK[0m[1;34m
[0m[1;34m	threadid 140331295270656 -> core 3 - OK[0m[1;34m
[0m[1;34m	threadid 140331286877952 -> core 4 - OK[0m[1;34m
[0m[1;34m	threadid 140331278485248 -> core 5 - OK[0m[1;34m
[0m[1;34m	threadid 140331270092544 -> core 6 - OK[0m[1;34m
[0m[1;34m	threadid 140331261699840 -> core 7 - OK[0m[1;34m
[0m[1;34m	threadid 140331253307136 -> core 8 - OK[0m[1;34m
[0m[1;34m	threadid 140331244914432 -> core 9 - OK[0m[1;34m
[0m[1;34m	threadid 140331236521728 -> core 10 - OK[0m[1;34m
[0m[1;34m	threadid 140331228129024 -> core 11 - OK[0m[1;34m
[0m[1;34m	threadid 140331219736320 -> core 12 - OK[0m[1;34m
[0m[1;34m	threadid 140331211343616 -> core 13 - OK[0m[1;34m
[0m[1;34m	threadid 140331202950912 -> core 14 - OK[0m[1;34m
[0m[1;34m	threadid 140331194558208 -> core 15 - OK[0m[1;34m
[0mFLOPs in stencil code:      12047257600
Time spent in stencil code: 0.612790
Performance in GFlop/s:     19.659688
x_max: 200
[1;34m[pthread wrapper] 
[0m[1;34m[pthread wrapper] MAIN -> 0
[0m[1;34m[pthread wrapper] PIN_MASK: [0m[1;34m0->1  [0m[1;34m1->2  [0m[1;34m2->3  [0m[1;34m3->4  [0m[1;34m4->5  [0m[1;34m5->6  [0m[1;34m6->7  [0m[1;34m7->8  [0m[1;34m8->9  [0m[1;34m9->10  [0m[1;34m10->11  [0m[1;34m11->12  [0m[1;34m12->13  [0m[1;34m13->14  [0m[1;34m14->15  [0m[1;34m
[pthread wrapper] SKIP MASK: 0x0
[0m[1;34m	threadid 140306951210752 -> core 1 - OK[0m[1;34m
[0m[1;34m	threadid 140306942818048 -> core 2 - OK[0m[1;34m
[0m[1;34m	threadid 140306934425344 -> core 3 - OK[0m[1;34m
[0m[1;34m	threadid 140306926032640 -> core 4 - OK[0m[1;34m
[0m[1;34m	threadid 140306917639936 -> core 5 - OK[0m[1;34m
[0m[1;34m	threadid 140306909247232 -> core 6 - OK[0m[1;34m
[0m[1;34m	threadid 140306900854528 -> core 7 - OK[0m[1;34m
[0m[1;34m	threadid 140306892461824 -> core 8 - OK[0m[1;34m
[0m[1;34m	threadid 140306884069120 -> core 9 - OK[0m[1;34m
[0m[1;34m	threadid 140306875676416 -> core 10 - OK[0m[1;34m
[0m[1;34m	threadid 140306867283712 -> core 11 - OK[0m[1;34m
[0m[1;34m	threadid 140306858891008 -> core 12 - OK[0m[1;34m
[0m[1;34m	threadid 140306850498304 -> core 13 - OK[0m[1;34m
[0m[1;34m	threadid 140306842105600 -> core 14 - OK[0m[1;34m
[0m[1;34m	threadid 140306833712896 -> core 15 - OK[0m[1;34m
[0mFLOPs in stencil code:      12047257600
Time spent in stencil code: 0.611517
Performance in GFlop/s:     19.700611
x_max: 200
[1;34m[pthread wrapper] 
[0m[1;34m[pthread wrapper] MAIN -> 0
[0m[1;34m[pthread wrapper] PIN_MASK: [0m[1;34m0->1  [0m[1;34m1->2  [0m[1;34m2->3  [0m[1;34m3->4  [0m[1;34m4->5  [0m[1;34m5->6  [0m[1;34m6->7  [0m[1;34m7->8  [0m[1;34m8->9  [0m[1;34m9->10  [0m[1;34m10->11  [0m[1;34m11->12  [0m[1;34m12->13  [0m[1;34m13->14  [0m[1;34m14->15  [0m[1;34m
[pthread wrapper] SKIP MASK: 0x0
[0m[1;34m	threadid 140377213110016 -> core 1 - OK[0m[1;34m
[0m[1;34m	threadid 140377204717312 -> core 2 - OK[0m[1;34m
[0m[1;34m	threadid 140377196324608 -> core 3 - OK[0m[1;34m
[0m[1;34m	threadid 140377187931904 -> core 4 - OK[0m[1;34m
[0m[1;34m	threadid 140377179539200 -> core 5 - OK[0m[1;34m
[0m[1;34m	threadid 140377171146496 -> core 6 - OK[0m[1;34m
[0m[1;34m	threadid 140377162753792 -> core 7 - OK[0m[1;34m
[0m[1;34m	threadid 140377154361088 -> core 8 - OK[0m[1;34m
[0m[1;34m	threadid 140377145968384 -> core 9 - OK[0m[1;34m
[0m[1;34m	threadid 140377137575680 -> core 10 - OK[0m[1;34m
[0m[1;34m	threadid 140377129182976 -> core 11 - OK[0m[1;34m
[0m[1;34m	threadid 140377120790272 -> core 12 - OK[0m[1;34m
[0m[1;34m	threadid 140377112397568 -> core 13 - OK[0m[1;34m
[0m[1;34m	threadid 140377104004864 -> core 14 - OK[0m[1;34m
[0m[1;34m	threadid 140377095612160 -> core 15 - OK[0m[1;34m
[0mFLOPs in stencil code:      12047257600
Time spent in stencil code: 0.603366
Performance in GFlop/s:     19.966753
x_max: 200
[1;34m[pthread wrapper] 
[0m[1;34m[pthread wrapper] MAIN -> 0
[0m[1;34m[pthread wrapper] PIN_MASK: [0m[1;34m0->1  [0m[1;34m1->2  [0m[1;34m2->3  [0m[1;34m3->4  [0m[1;34m4->5  [0m[1;34m5->6  [0m[1;34m6->7  [0m[1;34m7->8  [0m[1;34m8->9  [0m[1;34m9->10  [0m[1;34m10->11  [0m[1;34m11->12  [0m[1;34m12->13  [0m[1;34m13->14  [0m[1;34m14->15  [0m[1;34m
[pthread wrapper] SKIP MASK: 0x0
[0m[1;34m	threadid 140152367613696 -> core 1 - OK[0m[1;34m
[0m[1;34m	threadid 140152359220992 -> core 2 - OK[0m[1;34m
[0m[1;34m	threadid 140152350828288 -> core 3 - OK[0m[1;34m
[0m[1;34m	threadid 140152342435584 -> core 4 - OK[0m[1;34m
[0m[1;34m	threadid 140152334042880 -> core 5 - OK[0m[1;34m
[0m[1;34m	threadid 140152325650176 -> core 6 - OK[0m[1;34m
[0m[1;34m	threadid 140152317257472 -> core 7 - OK[0m[1;34m
[0m[1;34m	threadid 140152308864768 -> core 8 - OK[0m[1;34m
[0m[1;34m	threadid 140152300472064 -> core 9 - OK[0m[1;34m
[0m[1;34m	threadid 140152292079360 -> core 10 - OK[0m[1;34m
[0m[1;34m	threadid 140152283686656 -> core 11 - OK[0m[1;34m
[0m[1;34m	threadid 140152275293952 -> core 12 - OK[0m[1;34m
[0m[1;34m	threadid 140152266901248 -> core 13 - OK[0m[1;34m
[0m[1;34m	threadid 140152258508544 -> core 14 - OK[0m[1;34m
[0m[1;34m	threadid 140152250115840 -> core 15 - OK[0m[1;34m
[0mFLOPs in stencil code:      12047257600
Time spent in stencil code: 0.608432
Performance in GFlop/s:     19.800498
x_max: 200
[1;34m[pthread wrapper] 
[0m[1;34m[pthread wrapper] MAIN -> 0
[0m[1;34m[pthread wrapper] PIN_MASK: [0m[1;34m0->1  [0m[1;34m1->2  [0m[1;34m2->3  [0m[1;34m3->4  [0m[1;34m4->5  [0m[1;34m5->6  [0m[1;34m6->7  [0m[1;34m7->8  [0m[1;34m8->9  [0m[1;34m9->10  [0m[1;34m10->11  [0m[1;34m11->12  [0m[1;34m12->13  [0m[1;34m13->14  [0m[1;34m14->15  [0m[1;34m
[pthread wrapper] SKIP MASK: 0x0
[0m[1;34m	threadid 140205041583872 -> core 1 - OK[0m[1;34m
[0m[1;34m	threadid 140205033191168 -> core 2 - OK[0m[1;34m
[0m[1;34m	threadid 140205024798464 -> core 3 - OK[0m[1;34m
[0m[1;34m	threadid 140205016405760 -> core 4 - OK[0m[1;34m
[0m[1;34m	threadid 140205008013056 -> core 5 - OK[0m[1;34m
[0m[1;34m	threadid 140204999620352 -> core 6 - OK[0m[1;34m
[0m[1;34m	threadid 140204991227648 -> core 7 - OK[0m[1;34m
[0m[1;34m	threadid 140204982834944 -> core 8 - OK[0m[1;34m
[0m[1;34m	threadid 140204974442240 -> core 9 - OK[0m[1;34m
[0m[1;34m	threadid 140204966049536 -> core 10 - OK[0m[1;34m
[0m[1;34m	threadid 140204957656832 -> core 11 - OK[0m[1;34m
[0m[1;34m	threadid 140204949264128 -> core 12 - OK[0m[1;34m
[0m[1;34m	threadid 140204940871424 -> core 13 - OK[0m[1;34m
[0m[1;34m	threadid 140204932478720 -> core 14 - OK[0m[1;34m
[0m[1;34m	threadid 140204924086016 -> core 15 - OK[0m[1;34m
[0mFLOPs in stencil code:      12047257600
Time spent in stencil code: 0.609486
Performance in GFlop/s:     19.766255
