x_max: 200
[1;34m[pthread wrapper] 
[0m[1;34m[pthread wrapper] MAIN -> 0
[0m[1;34m[pthread wrapper] PIN_MASK: [0m[1;34m0->1  [0m[1;34m1->2  [0m[1;34m2->3  [0m[1;34m3->4  [0m[1;34m4->5  [0m[1;34m5->6  [0m[1;34m6->7  [0m[1;34m7->8  [0m[1;34m8->9  [0m[1;34m9->10  [0m[1;34m10->11  [0m[1;34m11->12  [0m[1;34m12->13  [0m[1;34m13->14  [0m[1;34m14->15  [0m[1;34m15->16  [0m[1;34m16->17  [0m[1;34m17->18  [0m[1;34m18->19  [0m[1;34m19->20  [0m[1;34m20->21  [0m[1;34m21->22  [0m[1;34m22->23  [0m[1;34m23->24  [0m[1;34m24->25  [0m[1;34m25->26  [0m[1;34m26->27  [0m[1;34m27->28  [0m[1;34m28->29  [0m[1;34m29->30  [0m[1;34m30->31  [0m[1;34m
[pthread wrapper] SKIP MASK: 0x0
[0m[1;34m	threadid 139791031797504 -> core 1 - OK[0m[1;34m
[0m[1;34m	threadid 139791023404800 -> core 2 - OK[0m[1;34m
[0m[1;34m	threadid 139791015012096 -> core 3 - OK[0m[1;34m
[0m[1;34m	threadid 139791006619392 -> core 4 - OK[0m[1;34m
[0m[1;34m	threadid 139790998226688 -> core 5 - OK[0m[1;34m
[0m[1;34m	threadid 139790989833984 -> core 6 - OK[0m[1;34m
[0m[1;34m	threadid 139790981441280 -> core 7 - OK[0m[1;34m
[0m[1;34m	threadid 139790973048576 -> core 8 - OK[0m[1;34m
[0m[1;34m	threadid 139790964655872 -> core 9 - OK[0m[1;34m
[0m[1;34m	threadid 139790956263168 -> core 10 - OK[0m[1;34m
[0m[1;34m	threadid 139790947870464 -> core 11 - OK[0m[1;34m
[0m[1;34m	threadid 139790939477760 -> core 12 - OK[0m[1;34m
[0m[1;34m	threadid 139790931085056 -> core 13 - OK[0m[1;34m
[0m[1;34m	threadid 139790922692352 -> core 14 - OK[0m[1;34m
[0m[1;34m	threadid 139790914299648 -> core 15 - OK[0m[1;34m
[0m[1;34m	threadid 139790905906944 -> core 16 - OK[0m[1;34m
[0m[1;34m	threadid 139790897514240 -> core 17 - OK[0m[1;34m
[0m[1;34m	threadid 139790889121536 -> core 18 - OK[0m[1;34m
[0m[1;34m	threadid 139790880728832 -> core 19 - OK[0m[1;34m
[0m[1;34m	threadid 139790872336128 -> core 20 - OK[0m[1;34m
[0m[1;34m	threadid 139790863943424 -> core 21 - OK[0m[1;34m
[0m[1;34m	threadid 139790855550720 -> core 22 - OK[0m[1;34m
[0m[1;34m	threadid 139790847158016 -> core 23 - OK[0m[1;34m
[0m[1;34m	threadid 139790838765312 -> core 24 - OK[0m[1;34m
[0m[1;34m	threadid 139790830372608 -> core 25 - OK[0m[1;34m
[0m[1;34m	threadid 139790821979904 -> core 26 - OK[0m[1;34m
[0m[1;34m	threadid 139790813587200 -> core 27 - OK[0m[1;34m
[0m[1;34m	threadid 139790805194496 -> core 28 - OK[0m[1;34m
[0m[1;34m	threadid 139790796801792 -> core 29 - OK[0m[1;34m
[0m[1;34m	threadid 139790788409088 -> core 30 - OK[0m[1;34m
[0m[1;34m	threadid 139790780016384 -> core 31 - OK[0m[1;34m
[0mFLOPs in stencil code:      12047257600
Time spent in stencil code: 0.337713
Performance in GFlop/s:     35.673064
x_max: 200
[1;34m[pthread wrapper] 
[0m[1;34m[pthread wrapper] MAIN -> 0
[0m[1;34m[pthread wrapper] PIN_MASK: [0m[1;34m0->1  [0m[1;34m1->2  [0m[1;34m2->3  [0m[1;34m3->4  [0m[1;34m4->5  [0m[1;34m5->6  [0m[1;34m6->7  [0m[1;34m7->8  [0m[1;34m8->9  [0m[1;34m9->10  [0m[1;34m10->11  [0m[1;34m11->12  [0m[1;34m12->13  [0m[1;34m13->14  [0m[1;34m14->15  [0m[1;34m15->16  [0m[1;34m16->17  [0m[1;34m17->18  [0m[1;34m18->19  [0m[1;34m19->20  [0m[1;34m20->21  [0m[1;34m21->22  [0m[1;34m22->23  [0m[1;34m23->24  [0m[1;34m24->25  [0m[1;34m25->26  [0m[1;34m26->27  [0m[1;34m27->28  [0m[1;34m28->29  [0m[1;34m29->30  [0m[1;34m30->31  [0m[1;34m
[pthread wrapper] SKIP MASK: 0x0
[0m[1;34m	threadid 139932134704896 -> core 1 - OK[0m[1;34m
[0m[1;34m	threadid 139932126312192 -> core 2 - OK[0m[1;34m
[0m[1;34m	threadid 139932117919488 -> core 3 - OK[0m[1;34m
[0m[1;34m	threadid 139932109526784 -> core 4 - OK[0m[1;34m
[0m[1;34m	threadid 139932101134080 -> core 5 - OK[0m[1;34m
[0m[1;34m	threadid 139932092741376 -> core 6 - OK[0m[1;34m
[0m[1;34m	threadid 139932084348672 -> core 7 - OK[0m[1;34m
[0m[1;34m	threadid 139932075955968 -> core 8 - OK[0m[1;34m
[0m[1;34m	threadid 139932067563264 -> core 9 - OK[0m[1;34m
[0m[1;34m	threadid 139932059170560 -> core 10 - OK[0m[1;34m
[0m[1;34m	threadid 139932050777856 -> core 11 - OK[0m[1;34m
[0m[1;34m	threadid 139932042385152 -> core 12 - OK[0m[1;34m
[0m[1;34m	threadid 139932033992448 -> core 13 - OK[0m[1;34m
[0m[1;34m	threadid 139932025599744 -> core 14 - OK[0m[1;34m
[0m[1;34m	threadid 139932017207040 -> core 15 - OK[0m[1;34m
[0m[1;34m	threadid 139932008814336 -> core 16 - OK[0m[1;34m
[0m[1;34m	threadid 139932000421632 -> core 17 - OK[0m[1;34m
[0m[1;34m	threadid 139931992028928 -> core 18 - OK[0m[1;34m
[0m[1;34m	threadid 139931983636224 -> core 19 - OK[0m[1;34m
[0m[1;34m	threadid 139931975243520 -> core 20 - OK[0m[1;34m
[0m[1;34m	threadid 139931966850816 -> core 21 - OK[0m[1;34m
[0m[1;34m	threadid 139931958458112 -> core 22 - OK[0m[1;34m
[0m[1;34m	threadid 139931950065408 -> core 23 - OK[0m[1;34m
[0m[1;34m	threadid 139931941672704 -> core 24 - OK[0m[1;34m
[0m[1;34m	threadid 139931933280000 -> core 25 - OK[0m[1;34m
[0m[1;34m	threadid 139931924887296 -> core 26 - OK[0m[1;34m
[0m[1;34m	threadid 139931916494592 -> core 27 - OK[0m[1;34m
[0m[1;34m	threadid 139931908101888 -> core 28 - OK[0m[1;34m
[0m[1;34m	threadid 139931899709184 -> core 29 - OK[0m[1;34m
[0m[1;34m	threadid 139931891316480 -> core 30 - OK[0m[1;34m
[0m[1;34m	threadid 139931882923776 -> core 31 - OK[0m[1;34m
[0mFLOPs in stencil code:      12047257600
Time spent in stencil code: 0.336595
Performance in GFlop/s:     35.791546
x_max: 200
[1;34m[pthread wrapper] 
[0m[1;34m[pthread wrapper] MAIN -> 0
[0m[1;34m[pthread wrapper] PIN_MASK: [0m[1;34m0->1  [0m[1;34m1->2  [0m[1;34m2->3  [0m[1;34m3->4  [0m[1;34m4->5  [0m[1;34m5->6  [0m[1;34m6->7  [0m[1;34m7->8  [0m[1;34m8->9  [0m[1;34m9->10  [0m[1;34m10->11  [0m[1;34m11->12  [0m[1;34m12->13  [0m[1;34m13->14  [0m[1;34m14->15  [0m[1;34m15->16  [0m[1;34m16->17  [0m[1;34m17->18  [0m[1;34m18->19  [0m[1;34m19->20  [0m[1;34m20->21  [0m[1;34m21->22  [0m[1;34m22->23  [0m[1;34m23->24  [0m[1;34m24->25  [0m[1;34m25->26  [0m[1;34m26->27  [0m[1;34m27->28  [0m[1;34m28->29  [0m[1;34m29->30  [0m[1;34m30->31  [0m[1;34m
[pthread wrapper] SKIP MASK: 0x0
[0m[1;34m	threadid 139736551851776 -> core 1 - OK[0m[1;34m
[0m[1;34m	threadid 139736543459072 -> core 2 - OK[0m[1;34m
[0m[1;34m	threadid 139736535066368 -> core 3 - OK[0m[1;34m
[0m[1;34m	threadid 139736526673664 -> core 4 - OK[0m[1;34m
[0m[1;34m	threadid 139736518280960 -> core 5 - OK[0m[1;34m
[0m[1;34m	threadid 139736509888256 -> core 6 - OK[0m[1;34m
[0m[1;34m	threadid 139736501495552 -> core 7 - OK[0m[1;34m
[0m[1;34m	threadid 139736493102848 -> core 8 - OK[0m[1;34m
[0m[1;34m	threadid 139736484710144 -> core 9 - OK[0m[1;34m
[0m[1;34m	threadid 139736476317440 -> core 10 - OK[0m[1;34m
[0m[1;34m	threadid 139736467924736 -> core 11 - OK[0m[1;34m
[0m[1;34m	threadid 139736459532032 -> core 12 - OK[0m[1;34m
[0m[1;34m	threadid 139736451139328 -> core 13 - OK[0m[1;34m
[0m[1;34m	threadid 139736442746624 -> core 14 - OK[0m[1;34m
[0m[1;34m	threadid 139736434353920 -> core 15 - OK[0m[1;34m
[0m[1;34m	threadid 139736425961216 -> core 16 - OK[0m[1;34m
[0m[1;34m	threadid 139736417568512 -> core 17 - OK[0m[1;34m
[0m[1;34m	threadid 139736409175808 -> core 18 - OK[0m[1;34m
[0m[1;34m	threadid 139736400783104 -> core 19 - OK[0m[1;34m
[0m[1;34m	threadid 139736392390400 -> core 20 - OK[0m[1;34m
[0m[1;34m	threadid 139736383997696 -> core 21 - OK[0m[1;34m
[0m[1;34m	threadid 139736375604992 -> core 22 - OK[0m[1;34m
[0m[1;34m	threadid 139736367212288 -> core 23 - OK[0m[1;34m
[0m[1;34m	threadid 139736358819584 -> core 24 - OK[0m[1;34m
[0m[1;34m	threadid 139736350426880 -> core 25 - OK[0m[1;34m
[0m[1;34m	threadid 139736342034176 -> core 26 - OK[0m[1;34m
[0m[1;34m	threadid 139736333641472 -> core 27 - OK[0m[1;34m
[0m[1;34m	threadid 139736325248768 -> core 28 - OK[0m[1;34m
[0m[1;34m	threadid 139736316856064 -> core 29 - OK[0m[1;34m
[0m[1;34m	threadid 139736308463360 -> core 30 - OK[0m[1;34m
[0m[1;34m	threadid 139736300070656 -> core 31 - OK[0m[1;34m
[0mFLOPs in stencil code:      12047257600
Time spent in stencil code: 0.336344
Performance in GFlop/s:     35.818262
x_max: 200
[1;34m[pthread wrapper] 
[0m[1;34m[pthread wrapper] MAIN -> 0
[0m[1;34m[pthread wrapper] PIN_MASK: [0m[1;34m0->1  [0m[1;34m1->2  [0m[1;34m2->3  [0m[1;34m3->4  [0m[1;34m4->5  [0m[1;34m5->6  [0m[1;34m6->7  [0m[1;34m7->8  [0m[1;34m8->9  [0m[1;34m9->10  [0m[1;34m10->11  [0m[1;34m11->12  [0m[1;34m12->13  [0m[1;34m13->14  [0m[1;34m14->15  [0m[1;34m15->16  [0m[1;34m16->17  [0m[1;34m17->18  [0m[1;34m18->19  [0m[1;34m19->20  [0m[1;34m20->21  [0m[1;34m21->22  [0m[1;34m22->23  [0m[1;34m23->24  [0m[1;34m24->25  [0m[1;34m25->26  [0m[1;34m26->27  [0m[1;34m27->28  [0m[1;34m28->29  [0m[1;34m29->30  [0m[1;34m30->31  [0m[1;34m
[pthread wrapper] SKIP MASK: 0x0
[0m[1;34m	threadid 139623103530752 -> core 1 - OK[0m[1;34m
[0m[1;34m	threadid 139623095138048 -> core 2 - OK[0m[1;34m
[0m[1;34m	threadid 139623086745344 -> core 3 - OK[0m[1;34m
[0m[1;34m	threadid 139623078352640 -> core 4 - OK[0m[1;34m
[0m[1;34m	threadid 139623069959936 -> core 5 - OK[0m[1;34m
[0m[1;34m	threadid 139623061567232 -> core 6 - OK[0m[1;34m
[0m[1;34m	threadid 139623053174528 -> core 7 - OK[0m[1;34m
[0m[1;34m	threadid 139623044781824 -> core 8 - OK[0m[1;34m
[0m[1;34m	threadid 139623036389120 -> core 9 - OK[0m[1;34m
[0m[1;34m	threadid 139623027996416 -> core 10 - OK[0m[1;34m
[0m[1;34m	threadid 139623019603712 -> core 11 - OK[0m[1;34m
[0m[1;34m	threadid 139623011211008 -> core 12 - OK[0m[1;34m
[0m[1;34m	threadid 139623002818304 -> core 13 - OK[0m[1;34m
[0m[1;34m	threadid 139622994425600 -> core 14 - OK[0m[1;34m
[0m[1;34m	threadid 139622986032896 -> core 15 - OK[0m[1;34m
[0m[1;34m	threadid 139622977640192 -> core 16 - OK[0m[1;34m
[0m[1;34m	threadid 139622969247488 -> core 17 - OK[0m[1;34m
[0m[1;34m	threadid 139622960854784 -> core 18 - OK[0m[1;34m
[0m[1;34m	threadid 139622952462080 -> core 19 - OK[0m[1;34m
[0m[1;34m	threadid 139622944069376 -> core 20 - OK[0m[1;34m
[0m[1;34m	threadid 139622935676672 -> core 21 - OK[0m[1;34m
[0m[1;34m	threadid 139622927283968 -> core 22 - OK[0m[1;34m
[0m[1;34m	threadid 139622918891264 -> core 23 - OK[0m[1;34m
[0m[1;34m	threadid 139622910498560 -> core 24 - OK[0m[1;34m
[0m[1;34m	threadid 139622902105856 -> core 25 - OK[0m[1;34m
[0m[1;34m	threadid 139622893713152 -> core 26 - OK[0m[1;34m
[0m[1;34m	threadid 139622885320448 -> core 27 - OK[0m[1;34m
[0m[1;34m	threadid 139622876927744 -> core 28 - OK[0m[1;34m
[0m[1;34m	threadid 139622868535040 -> core 29 - OK[0m[1;34m
[0m[1;34m	threadid 139622860142336 -> core 30 - OK[0m[1;34m
[0m[1;34m	threadid 139622851749632 -> core 31 - OK[0m[1;34m
[0mFLOPs in stencil code:      12047257600
Time spent in stencil code: 0.337250
Performance in GFlop/s:     35.722039
x_max: 200
[1;34m[pthread wrapper] 
[0m[1;34m[pthread wrapper] MAIN -> 0
[0m[1;34m[pthread wrapper] PIN_MASK: [0m[1;34m0->1  [0m[1;34m1->2  [0m[1;34m2->3  [0m[1;34m3->4  [0m[1;34m4->5  [0m[1;34m5->6  [0m[1;34m6->7  [0m[1;34m7->8  [0m[1;34m8->9  [0m[1;34m9->10  [0m[1;34m10->11  [0m[1;34m11->12  [0m[1;34m12->13  [0m[1;34m13->14  [0m[1;34m14->15  [0m[1;34m15->16  [0m[1;34m16->17  [0m[1;34m17->18  [0m[1;34m18->19  [0m[1;34m19->20  [0m[1;34m20->21  [0m[1;34m21->22  [0m[1;34m22->23  [0m[1;34m23->24  [0m[1;34m24->25  [0m[1;34m25->26  [0m[1;34m26->27  [0m[1;34m27->28  [0m[1;34m28->29  [0m[1;34m29->30  [0m[1;34m30->31  [0m[1;34m
[pthread wrapper] SKIP MASK: 0x0
[0m[1;34m	threadid 140090594821888 -> core 1 - OK[0m[1;34m
[0m[1;34m	threadid 140090586429184 -> core 2 - OK[0m[1;34m
[0m[1;34m	threadid 140090578036480 -> core 3 - OK[0m[1;34m
[0m[1;34m	threadid 140090569643776 -> core 4 - OK[0m[1;34m
[0m[1;34m	threadid 140090561251072 -> core 5 - OK[0m[1;34m
[0m[1;34m	threadid 140090552858368 -> core 6 - OK[0m[1;34m
[0m[1;34m	threadid 140090544465664 -> core 7 - OK[0m[1;34m
[0m[1;34m	threadid 140090536072960 -> core 8 - OK[0m[1;34m
[0m[1;34m	threadid 140090527680256 -> core 9 - OK[0m[1;34m
[0m[1;34m	threadid 140090519287552 -> core 10 - OK[0m[1;34m
[0m[1;34m	threadid 140090510894848 -> core 11 - OK[0m[1;34m
[0m[1;34m	threadid 140090502502144 -> core 12 - OK[0m[1;34m
[0m[1;34m	threadid 140090494109440 -> core 13 - OK[0m[1;34m
[0m[1;34m	threadid 140090485716736 -> core 14 - OK[0m[1;34m
[0m[1;34m	threadid 140090477324032 -> core 15 - OK[0m[1;34m
[0m[1;34m	threadid 140090468931328 -> core 16 - OK[0m[1;34m
[0m[1;34m	threadid 140090460538624 -> core 17 - OK[0m[1;34m
[0m[1;34m	threadid 140090452145920 -> core 18 - OK[0m[1;34m
[0m[1;34m	threadid 140090443753216 -> core 19 - OK[0m[1;34m
[0m[1;34m	threadid 140090435360512 -> core 20 - OK[0m[1;34m
[0m[1;34m	threadid 140090426967808 -> core 21 - OK[0m[1;34m
[0m[1;34m	threadid 140090418575104 -> core 22 - OK[0m[1;34m
[0m[1;34m	threadid 140090410182400 -> core 23 - OK[0m[1;34m
[0m[1;34m	threadid 140090401789696 -> core 24 - OK[0m[1;34m
[0m[1;34m	threadid 140090393396992 -> core 25 - OK[0m[1;34m
[0m[1;34m	threadid 140090385004288 -> core 26 - OK[0m[1;34m
[0m[1;34m	threadid 140090376611584 -> core 27 - OK[0m[1;34m
[0m[1;34m	threadid 140090368218880 -> core 28 - OK[0m[1;34m
[0m[1;34m	threadid 140090359826176 -> core 29 - OK[0m[1;34m
[0m[1;34m	threadid 140090351433472 -> core 30 - OK[0m[1;34m
[0m[1;34m	threadid 140090343040768 -> core 31 - OK[0m[1;34m
[0mFLOPs in stencil code:      12047257600
Time spent in stencil code: 0.334904
Performance in GFlop/s:     35.972276
