x_max: 200
[1;34m[pthread wrapper] 
[0m[1;34m[pthread wrapper] MAIN -> 0
[0m[1;34m[pthread wrapper] PIN_MASK: [0m[1;34m0->1  [0m[1;34m1->2  [0m[1;34m2->3  [0m[1;34m3->4  [0m[1;34m4->5  [0m[1;34m5->6  [0m[1;34m6->7  [0m[1;34m7->8  [0m[1;34m8->9  [0m[1;34m9->10  [0m[1;34m10->11  [0m[1;34m11->12  [0m[1;34m12->13  [0m[1;34m13->14  [0m[1;34m14->15  [0m[1;34m15->16  [0m[1;34m16->17  [0m[1;34m17->18  [0m[1;34m18->19  [0m[1;34m19->20  [0m[1;34m20->21  [0m[1;34m21->22  [0m[1;34m22->23  [0m[1;34m23->24  [0m[1;34m24->25  [0m[1;34m25->26  [0m[1;34m26->27  [0m[1;34m27->28  [0m[1;34m28->29  [0m[1;34m29->30  [0m[1;34m30->31  [0m[1;34m
[pthread wrapper] SKIP MASK: 0x0
[0m[1;34m	threadid 140653491881728 -> core 1 - OK[0m[1;34m
[0m[1;34m	threadid 140653483489024 -> core 2 - OK[0m[1;34m
[0m[1;34m	threadid 140653475096320 -> core 3 - OK[0m[1;34m
[0m[1;34m	threadid 140653466703616 -> core 4 - OK[0m[1;34m
[0m[1;34m	threadid 140653458310912 -> core 5 - OK[0m[1;34m
[0m[1;34m	threadid 140653449918208 -> core 6 - OK[0m[1;34m
[0m[1;34m	threadid 140653441525504 -> core 7 - OK[0m[1;34m
[0m[1;34m	threadid 140653433132800 -> core 8 - OK[0m[1;34m
[0m[1;34m	threadid 140653424740096 -> core 9 - OK[0m[1;34m
[0m[1;34m	threadid 140653416347392 -> core 10 - OK[0m[1;34m
[0m[1;34m	threadid 140653407954688 -> core 11 - OK[0m[1;34m
[0m[1;34m	threadid 140653399561984 -> core 12 - OK[0m[1;34m
[0m[1;34m	threadid 140653391169280 -> core 13 - OK[0m[1;34m
[0m[1;34m	threadid 140653382776576 -> core 14 - OK[0m[1;34m
[0m[1;34m	threadid 140653374383872 -> core 15 - OK[0m[1;34m
[0m[1;34m	threadid 140653365991168 -> core 16 - OK[0m[1;34m
[0m[1;34m	threadid 140653357598464 -> core 17 - OK[0m[1;34m
[0m[1;34m	threadid 140653349205760 -> core 18 - OK[0m[1;34m
[0m[1;34m	threadid 140653340813056 -> core 19 - OK[0m[1;34m
[0m[1;34m	threadid 140653332420352 -> core 20 - OK[0m[1;34m
[0m[1;34m	threadid 140653324027648 -> core 21 - OK[0m[1;34m
[0m[1;34m	threadid 140653315634944 -> core 22 - OK[0m[1;34m
[0m[1;34m	threadid 140653307242240 -> core 23 - OK[0m[1;34m
[0m[1;34m	threadid 140653298849536 -> core 24 - OK[0m[1;34m
[0m[1;34m	threadid 140653290456832 -> core 25 - OK[0m[1;34m
[0m[1;34m	threadid 140653282064128 -> core 26 - OK[0m[1;34m
[0m[1;34m	threadid 140653273671424 -> core 27 - OK[0m[1;34m
[0m[1;34m	threadid 140653265278720 -> core 28 - OK[0m[1;34m
[0m[1;34m	threadid 140653256886016 -> core 29 - OK[0m[1;34m
[0m[1;34m	threadid 140653248493312 -> core 30 - OK[0m[1;34m
[0m[1;34m	threadid 140653240100608 -> core 31 - OK[0m[1;34m
[0mFLOPs in stencil code:      12047257600
Time spent in stencil code: 0.336093
Performance in GFlop/s:     35.845017
x_max: 200
[1;34m[pthread wrapper] 
[0m[1;34m[pthread wrapper] MAIN -> 0
[0m[1;34m[pthread wrapper] PIN_MASK: [0m[1;34m0->1  [0m[1;34m1->2  [0m[1;34m2->3  [0m[1;34m3->4  [0m[1;34m4->5  [0m[1;34m5->6  [0m[1;34m6->7  [0m[1;34m7->8  [0m[1;34m8->9  [0m[1;34m9->10  [0m[1;34m10->11  [0m[1;34m11->12  [0m[1;34m12->13  [0m[1;34m13->14  [0m[1;34m14->15  [0m[1;34m15->16  [0m[1;34m16->17  [0m[1;34m17->18  [0m[1;34m18->19  [0m[1;34m19->20  [0m[1;34m20->21  [0m[1;34m21->22  [0m[1;34m22->23  [0m[1;34m23->24  [0m[1;34m24->25  [0m[1;34m25->26  [0m[1;34m26->27  [0m[1;34m27->28  [0m[1;34m28->29  [0m[1;34m29->30  [0m[1;34m30->31  [0m[1;34m
[pthread wrapper] SKIP MASK: 0x0
[0m[1;34m	threadid 140632181344000 -> core 1 - OK[0m[1;34m
[0m[1;34m	threadid 140632172951296 -> core 2 - OK[0m[1;34m
[0m[1;34m	threadid 140632164558592 -> core 3 - OK[0m[1;34m
[0m[1;34m	threadid 140632156165888 -> core 4 - OK[0m[1;34m
[0m[1;34m	threadid 140632147773184 -> core 5 - OK[0m[1;34m
[0m[1;34m	threadid 140632139380480 -> core 6 - OK[0m[1;34m
[0m[1;34m	threadid 140632130987776 -> core 7 - OK[0m[1;34m
[0m[1;34m	threadid 140632122595072 -> core 8 - OK[0m[1;34m
[0m[1;34m	threadid 140632114202368 -> core 9 - OK[0m[1;34m
[0m[1;34m	threadid 140632105809664 -> core 10 - OK[0m[1;34m
[0m[1;34m	threadid 140632097416960 -> core 11 - OK[0m[1;34m
[0m[1;34m	threadid 140632089024256 -> core 12 - OK[0m[1;34m
[0m[1;34m	threadid 140632080631552 -> core 13 - OK[0m[1;34m
[0m[1;34m	threadid 140632072238848 -> core 14 - OK[0m[1;34m
[0m[1;34m	threadid 140632063846144 -> core 15 - OK[0m[1;34m
[0m[1;34m	threadid 140632055453440 -> core 16 - OK[0m[1;34m
[0m[1;34m	threadid 140632047060736 -> core 17 - OK[0m[1;34m
[0m[1;34m	threadid 140632038668032 -> core 18 - OK[0m[1;34m
[0m[1;34m	threadid 140632030275328 -> core 19 - OK[0m[1;34m
[0m[1;34m	threadid 140632021882624 -> core 20 - OK[0m[1;34m
[0m[1;34m	threadid 140632013489920 -> core 21 - OK[0m[1;34m
[0m[1;34m	threadid 140632005097216 -> core 22 - OK[0m[1;34m
[0m[1;34m	threadid 140631996704512 -> core 23 - OK[0m[1;34m
[0m[1;34m	threadid 140631988311808 -> core 24 - OK[0m[1;34m
[0m[1;34m	threadid 140631979919104 -> core 25 - OK[0m[1;34m
[0m[1;34m	threadid 140631971526400 -> core 26 - OK[0m[1;34m
[0m[1;34m	threadid 140631963133696 -> core 27 - OK[0m[1;34m
[0m[1;34m	threadid 140631954740992 -> core 28 - OK[0m[1;34m
[0m[1;34m	threadid 140631946348288 -> core 29 - OK[0m[1;34m
[0m[1;34m	threadid 140631937955584 -> core 30 - OK[0m[1;34m
[0m[1;34m	threadid 140631929562880 -> core 31 - OK[0m[1;34m
[0mFLOPs in stencil code:      12047257600
Time spent in stencil code: 0.336720
Performance in GFlop/s:     35.778267
x_max: 200
[1;34m[pthread wrapper] 
[0m[1;34m[pthread wrapper] MAIN -> 0
[0m[1;34m[pthread wrapper] PIN_MASK: [0m[1;34m0->1  [0m[1;34m1->2  [0m[1;34m2->3  [0m[1;34m3->4  [0m[1;34m4->5  [0m[1;34m5->6  [0m[1;34m6->7  [0m[1;34m7->8  [0m[1;34m8->9  [0m[1;34m9->10  [0m[1;34m10->11  [0m[1;34m11->12  [0m[1;34m12->13  [0m[1;34m13->14  [0m[1;34m14->15  [0m[1;34m15->16  [0m[1;34m16->17  [0m[1;34m17->18  [0m[1;34m18->19  [0m[1;34m19->20  [0m[1;34m20->21  [0m[1;34m21->22  [0m[1;34m22->23  [0m[1;34m23->24  [0m[1;34m24->25  [0m[1;34m25->26  [0m[1;34m26->27  [0m[1;34m27->28  [0m[1;34m28->29  [0m[1;34m29->30  [0m[1;34m30->31  [0m[1;34m
[pthread wrapper] SKIP MASK: 0x0
[0m[1;34m	threadid 140148665091840 -> core 1 - OK[0m[1;34m
[0m[1;34m	threadid 140148656699136 -> core 2 - OK[0m[1;34m
[0m[1;34m	threadid 140148648306432 -> core 3 - OK[0m[1;34m
[0m[1;34m	threadid 140148639913728 -> core 4 - OK[0m[1;34m
[0m[1;34m	threadid 140148631521024 -> core 5 - OK[0m[1;34m
[0m[1;34m	threadid 140148623128320 -> core 6 - OK[0m[1;34m
[0m[1;34m	threadid 140148614735616 -> core 7 - OK[0m[1;34m
[0m[1;34m	threadid 140148606342912 -> core 8 - OK[0m[1;34m
[0m[1;34m	threadid 140148597950208 -> core 9 - OK[0m[1;34m
[0m[1;34m	threadid 140148589557504 -> core 10 - OK[0m[1;34m
[0m[1;34m	threadid 140148581164800 -> core 11 - OK[0m[1;34m
[0m[1;34m	threadid 140148572772096 -> core 12 - OK[0m[1;34m
[0m[1;34m	threadid 140148564379392 -> core 13 - OK[0m[1;34m
[0m[1;34m	threadid 140148555986688 -> core 14 - OK[0m[1;34m
[0m[1;34m	threadid 140148547593984 -> core 15 - OK[0m[1;34m
[0m[1;34m	threadid 140148539201280 -> core 16 - OK[0m[1;34m
[0m[1;34m	threadid 140148530808576 -> core 17 - OK[0m[1;34m
[0m[1;34m	threadid 140148522415872 -> core 18 - OK[0m[1;34m
[0m[1;34m	threadid 140148514023168 -> core 19 - OK[0m[1;34m
[0m[1;34m	threadid 140148505630464 -> core 20 - OK[0m[1;34m
[0m[1;34m	threadid 140148497237760 -> core 21 - OK[0m[1;34m
[0m[1;34m	threadid 140148488845056 -> core 22 - OK[0m[1;34m
[0m[1;34m	threadid 140148480452352 -> core 23 - OK[0m[1;34m
[0m[1;34m	threadid 140148472059648 -> core 24 - OK[0m[1;34m
[0m[1;34m	threadid 140148463666944 -> core 25 - OK[0m[1;34m
[0m[1;34m	threadid 140148455274240 -> core 26 - OK[0m[1;34m
[0m[1;34m	threadid 140148446881536 -> core 27 - OK[0m[1;34m
[0m[1;34m	threadid 140148438488832 -> core 28 - OK[0m[1;34m
[0m[1;34m	threadid 140148430096128 -> core 29 - OK[0m[1;34m
[0m[1;34m	threadid 140148421703424 -> core 30 - OK[0m[1;34m
[0m[1;34m	threadid 140148413310720 -> core 31 - OK[0m[1;34m
[0mFLOPs in stencil code:      12047257600
Time spent in stencil code: 0.337498
Performance in GFlop/s:     35.695795
x_max: 200
[1;34m[pthread wrapper] 
[0m[1;34m[pthread wrapper] MAIN -> 0
[0m[1;34m[pthread wrapper] PIN_MASK: [0m[1;34m0->1  [0m[1;34m1->2  [0m[1;34m2->3  [0m[1;34m3->4  [0m[1;34m4->5  [0m[1;34m5->6  [0m[1;34m6->7  [0m[1;34m7->8  [0m[1;34m8->9  [0m[1;34m9->10  [0m[1;34m10->11  [0m[1;34m11->12  [0m[1;34m12->13  [0m[1;34m13->14  [0m[1;34m14->15  [0m[1;34m15->16  [0m[1;34m16->17  [0m[1;34m17->18  [0m[1;34m18->19  [0m[1;34m19->20  [0m[1;34m20->21  [0m[1;34m21->22  [0m[1;34m22->23  [0m[1;34m23->24  [0m[1;34m24->25  [0m[1;34m25->26  [0m[1;34m26->27  [0m[1;34m27->28  [0m[1;34m28->29  [0m[1;34m29->30  [0m[1;34m30->31  [0m[1;34m
[pthread wrapper] SKIP MASK: 0x0
[0m[1;34m	threadid 139902878844672 -> core 1 - OK[0m[1;34m
[0m[1;34m	threadid 139902870451968 -> core 2 - OK[0m[1;34m
[0m[1;34m	threadid 139902862059264 -> core 3 - OK[0m[1;34m
[0m[1;34m	threadid 139902853666560 -> core 4 - OK[0m[1;34m
[0m[1;34m	threadid 139902845273856 -> core 5 - OK[0m[1;34m
[0m[1;34m	threadid 139902836881152 -> core 6 - OK[0m[1;34m
[0m[1;34m	threadid 139902828488448 -> core 7 - OK[0m[1;34m
[0m[1;34m	threadid 139902820095744 -> core 8 - OK[0m[1;34m
[0m[1;34m	threadid 139902811703040 -> core 9 - OK[0m[1;34m
[0m[1;34m	threadid 139902803310336 -> core 10 - OK[0m[1;34m
[0m[1;34m	threadid 139902794917632 -> core 11 - OK[0m[1;34m
[0m[1;34m	threadid 139902786524928 -> core 12 - OK[0m[1;34m
[0m[1;34m	threadid 139902778132224 -> core 13 - OK[0m[1;34m
[0m[1;34m	threadid 139902769739520 -> core 14 - OK[0m[1;34m
[0m[1;34m	threadid 139902761346816 -> core 15 - OK[0m[1;34m
[0m[1;34m	threadid 139902752954112 -> core 16 - OK[0m[1;34m
[0m[1;34m	threadid 139902744561408 -> core 17 - OK[0m[1;34m
[0m[1;34m	threadid 139902736168704 -> core 18 - OK[0m[1;34m
[0m[1;34m	threadid 139902727776000 -> core 19 - OK[0m[1;34m
[0m[1;34m	threadid 139902719383296 -> core 20 - OK[0m[1;34m
[0m[1;34m	threadid 139902710990592 -> core 21 - OK[0m[1;34m
[0m[1;34m	threadid 139902702597888 -> core 22 - OK[0m[1;34m
[0m[1;34m	threadid 139902694205184 -> core 23 - OK[0m[1;34m
[0m[1;34m	threadid 139902685812480 -> core 24 - OK[0m[1;34m
[0m[1;34m	threadid 139902677419776 -> core 25 - OK[0m[1;34m
[0m[1;34m	threadid 139902669027072 -> core 26 - OK[0m[1;34m
[0m[1;34m	threadid 139902660634368 -> core 27 - OK[0m[1;34m
[0m[1;34m	threadid 139902652241664 -> core 28 - OK[0m[1;34m
[0m[1;34m	threadid 139902643848960 -> core 29 - OK[0m[1;34m
[0m[1;34m	threadid 139902635456256 -> core 30 - OK[0m[1;34m
[0m[1;34m	threadid 139902627063552 -> core 31 - OK[0m[1;34m
[0mFLOPs in stencil code:      12047257600
Time spent in stencil code: 0.339884
Performance in GFlop/s:     35.445199
x_max: 200
[1;34m[pthread wrapper] 
[0m[1;34m[pthread wrapper] MAIN -> 0
[0m[1;34m[pthread wrapper] PIN_MASK: [0m[1;34m0->1  [0m[1;34m1->2  [0m[1;34m2->3  [0m[1;34m3->4  [0m[1;34m4->5  [0m[1;34m5->6  [0m[1;34m6->7  [0m[1;34m7->8  [0m[1;34m8->9  [0m[1;34m9->10  [0m[1;34m10->11  [0m[1;34m11->12  [0m[1;34m12->13  [0m[1;34m13->14  [0m[1;34m14->15  [0m[1;34m15->16  [0m[1;34m16->17  [0m[1;34m17->18  [0m[1;34m18->19  [0m[1;34m19->20  [0m[1;34m20->21  [0m[1;34m21->22  [0m[1;34m22->23  [0m[1;34m23->24  [0m[1;34m24->25  [0m[1;34m25->26  [0m[1;34m26->27  [0m[1;34m27->28  [0m[1;34m28->29  [0m[1;34m29->30  [0m[1;34m30->31  [0m[1;34m
[pthread wrapper] SKIP MASK: 0x0
[0m[1;34m	threadid 140165981570816 -> core 1 - OK[0m[1;34m
[0m[1;34m	threadid 140165973178112 -> core 2 - OK[0m[1;34m
[0m[1;34m	threadid 140165964785408 -> core 3 - OK[0m[1;34m
[0m[1;34m	threadid 140165956392704 -> core 4 - OK[0m[1;34m
[0m[1;34m	threadid 140165948000000 -> core 5 - OK[0m[1;34m
[0m[1;34m	threadid 140165939607296 -> core 6 - OK[0m[1;34m
[0m[1;34m	threadid 140165931214592 -> core 7 - OK[0m[1;34m
[0m[1;34m	threadid 140165922821888 -> core 8 - OK[0m[1;34m
[0m[1;34m	threadid 140165914429184 -> core 9 - OK[0m[1;34m
[0m[1;34m	threadid 140165906036480 -> core 10 - OK[0m[1;34m
[0m[1;34m	threadid 140165897643776 -> core 11 - OK[0m[1;34m
[0m[1;34m	threadid 140165889251072 -> core 12 - OK[0m[1;34m
[0m[1;34m	threadid 140165880858368 -> core 13 - OK[0m[1;34m
[0m[1;34m	threadid 140165872465664 -> core 14 - OK[0m[1;34m
[0m[1;34m	threadid 140165864072960 -> core 15 - OK[0m[1;34m
[0m[1;34m	threadid 140165855680256 -> core 16 - OK[0m[1;34m
[0m[1;34m	threadid 140165847287552 -> core 17 - OK[0m[1;34m
[0m[1;34m	threadid 140165838894848 -> core 18 - OK[0m[1;34m
[0m[1;34m	threadid 140165830502144 -> core 19 - OK[0m[1;34m
[0m[1;34m	threadid 140165822109440 -> core 20 - OK[0m[1;34m
[0m[1;34m	threadid 140165813716736 -> core 21 - OK[0m[1;34m
[0m[1;34m	threadid 140165805324032 -> core 22 - OK[0m[1;34m
[0m[1;34m	threadid 140165796931328 -> core 23 - OK[0m[1;34m
[0m[1;34m	threadid 140165788538624 -> core 24 - OK[0m[1;34m
[0m[1;34m	threadid 140165780145920 -> core 25 - OK[0m[1;34m
[0m[1;34m	threadid 140165771753216 -> core 26 - OK[0m[1;34m
[0m[1;34m	threadid 140165763360512 -> core 27 - OK[0m[1;34m
[0m[1;34m	threadid 140165754967808 -> core 28 - OK[0m[1;34m
[0m[1;34m	threadid 140165746575104 -> core 29 - OK[0m[1;34m
[0m[1;34m	threadid 140165738182400 -> core 30 - OK[0m[1;34m
[0m[1;34m	threadid 140165729789696 -> core 31 - OK[0m[1;34m
[0mFLOPs in stencil code:      12047257600
Time spent in stencil code: 0.332195
Performance in GFlop/s:     36.265615
