x_max: 200
[1;34m[pthread wrapper] 
[0m[1;34m[pthread wrapper] MAIN -> 0
[0m[1;34m[pthread wrapper] PIN_MASK: [0m[1;34m0->1  [0m[1;34m1->2  [0m[1;34m2->3  [0m[1;34m3->4  [0m[1;34m4->5  [0m[1;34m5->6  [0m[1;34m6->7  [0m[1;34m7->8  [0m[1;34m8->9  [0m[1;34m9->10  [0m[1;34m10->11  [0m[1;34m11->12  [0m[1;34m12->13  [0m[1;34m13->14  [0m[1;34m14->15  [0m[1;34m
[pthread wrapper] SKIP MASK: 0x0
[0m[1;34m	threadid 140652384945920 -> core 1 - OK[0m[1;34m
[0m[1;34m	threadid 140652376553216 -> core 2 - OK[0m[1;34m
[0m[1;34m	threadid 140652368160512 -> core 3 - OK[0m[1;34m
[0m[1;34m	threadid 140652359767808 -> core 4 - OK[0m[1;34m
[0m[1;34m	threadid 140652351375104 -> core 5 - OK[0m[1;34m
[0m[1;34m	threadid 140652342982400 -> core 6 - OK[0m[1;34m
[0m[1;34m	threadid 140652334589696 -> core 7 - OK[0m[1;34m
[0m[1;34m	threadid 140652326196992 -> core 8 - OK[0m[1;34m
[0m[1;34m	threadid 140652317804288 -> core 9 - OK[0m[1;34m
[0m[1;34m	threadid 140652309411584 -> core 10 - OK[0m[1;34m
[0m[1;34m	threadid 140652301018880 -> core 11 - OK[0m[1;34m
[0m[1;34m	threadid 140652292626176 -> core 12 - OK[0m[1;34m
[0m[1;34m	threadid 140652284233472 -> core 13 - OK[0m[1;34m
[0m[1;34m	threadid 140652275840768 -> core 14 - OK[0m[1;34m
[0m[1;34m	threadid 140652267448064 -> core 15 - OK[0m[1;34m
[0mFLOPs in stencil code:      12047257600
Time spent in stencil code: 0.610208
Performance in GFlop/s:     19.742870
x_max: 200
[1;34m[pthread wrapper] 
[0m[1;34m[pthread wrapper] MAIN -> 0
[0m[1;34m[pthread wrapper] PIN_MASK: [0m[1;34m0->1  [0m[1;34m1->2  [0m[1;34m2->3  [0m[1;34m3->4  [0m[1;34m4->5  [0m[1;34m5->6  [0m[1;34m6->7  [0m[1;34m7->8  [0m[1;34m8->9  [0m[1;34m9->10  [0m[1;34m10->11  [0m[1;34m11->12  [0m[1;34m12->13  [0m[1;34m13->14  [0m[1;34m14->15  [0m[1;34m
[pthread wrapper] SKIP MASK: 0x0
[0m[1;34m	threadid 140179093653248 -> core 1 - OK[0m[1;34m
[0m[1;34m	threadid 140179085260544 -> core 2 - OK[0m[1;34m
[0m[1;34m	threadid 140179076867840 -> core 3 - OK[0m[1;34m
[0m[1;34m	threadid 140179068475136 -> core 4 - OK[0m[1;34m
[0m[1;34m	threadid 140179060082432 -> core 5 - OK[0m[1;34m
[0m[1;34m	threadid 140179051689728 -> core 6 - OK[0m[1;34m
[0m[1;34m	threadid 140179043297024 -> core 7 - OK[0m[1;34m
[0m[1;34m	threadid 140179034904320 -> core 8 - OK[0m[1;34m
[0m[1;34m	threadid 140179026511616 -> core 9 - OK[0m[1;34m
[0m[1;34m	threadid 140179018118912 -> core 10 - OK[0m[1;34m
[0m[1;34m	threadid 140179009726208 -> core 11 - OK[0m[1;34m
[0m[1;34m	threadid 140179001333504 -> core 12 - OK[0m[1;34m
[0m[1;34m	threadid 140178992940800 -> core 13 - OK[0m[1;34m
[0m[1;34m	threadid 140178984548096 -> core 14 - OK[0m[1;34m
[0m[1;34m	threadid 140178976155392 -> core 15 - OK[0m[1;34m
[0mFLOPs in stencil code:      12047257600
Time spent in stencil code: 0.609540
Performance in GFlop/s:     19.764507
x_max: 200
[1;34m[pthread wrapper] 
[0m[1;34m[pthread wrapper] MAIN -> 0
[0m[1;34m[pthread wrapper] PIN_MASK: [0m[1;34m0->1  [0m[1;34m1->2  [0m[1;34m2->3  [0m[1;34m3->4  [0m[1;34m4->5  [0m[1;34m5->6  [0m[1;34m6->7  [0m[1;34m7->8  [0m[1;34m8->9  [0m[1;34m9->10  [0m[1;34m10->11  [0m[1;34m11->12  [0m[1;34m12->13  [0m[1;34m13->14  [0m[1;34m14->15  [0m[1;34m
[pthread wrapper] SKIP MASK: 0x0
[0m[1;34m	threadid 140468150011648 -> core 1 - OK[0m[1;34m
[0m[1;34m	threadid 140468141618944 -> core 2 - OK[0m[1;34m
[0m[1;34m	threadid 140468133226240 -> core 3 - OK[0m[1;34m
[0m[1;34m	threadid 140468124833536 -> core 4 - OK[0m[1;34m
[0m[1;34m	threadid 140468116440832 -> core 5 - OK[0m[1;34m
[0m[1;34m	threadid 140468108048128 -> core 6 - OK[0m[1;34m
[0m[1;34m	threadid 140468099655424 -> core 7 - OK[0m[1;34m
[0m[1;34m	threadid 140468091262720 -> core 8 - OK[0m[1;34m
[0m[1;34m	threadid 140468082870016 -> core 9 - OK[0m[1;34m
[0m[1;34m	threadid 140468074477312 -> core 10 - OK[0m[1;34m
[0m[1;34m	threadid 140468066084608 -> core 11 - OK[0m[1;34m
[0m[1;34m	threadid 140468057691904 -> core 12 - OK[0m[1;34m
[0m[1;34m	threadid 140468049299200 -> core 13 - OK[0m[1;34m
[0m[1;34m	threadid 140468040906496 -> core 14 - OK[0m[1;34m
[0m[1;34m	threadid 140468032513792 -> core 15 - OK[0m[1;34m
[0mFLOPs in stencil code:      12047257600
Time spent in stencil code: 0.610085
Performance in GFlop/s:     19.746851
x_max: 200
[1;34m[pthread wrapper] 
[0m[1;34m[pthread wrapper] MAIN -> 0
[0m[1;34m[pthread wrapper] PIN_MASK: [0m[1;34m0->1  [0m[1;34m1->2  [0m[1;34m2->3  [0m[1;34m3->4  [0m[1;34m4->5  [0m[1;34m5->6  [0m[1;34m6->7  [0m[1;34m7->8  [0m[1;34m8->9  [0m[1;34m9->10  [0m[1;34m10->11  [0m[1;34m11->12  [0m[1;34m12->13  [0m[1;34m13->14  [0m[1;34m14->15  [0m[1;34m
[pthread wrapper] SKIP MASK: 0x0
[0m[1;34m	threadid 139951828141824 -> core 1 - OK[0m[1;34m
[0m[1;34m	threadid 139951819749120 -> core 2 - OK[0m[1;34m
[0m[1;34m	threadid 139951811356416 -> core 3 - OK[0m[1;34m
[0m[1;34m	threadid 139951802963712 -> core 4 - OK[0m[1;34m
[0m[1;34m	threadid 139951794571008 -> core 5 - OK[0m[1;34m
[0m[1;34m	threadid 139951786178304 -> core 6 - OK[0m[1;34m
[0m[1;34m	threadid 139951777785600 -> core 7 - OK[0m[1;34m
[0m[1;34m	threadid 139951769392896 -> core 8 - OK[0m[1;34m
[0m[1;34m	threadid 139951761000192 -> core 9 - OK[0m[1;34m
[0m[1;34m	threadid 139951752607488 -> core 10 - OK[0m[1;34m
[0m[1;34m	threadid 139951744214784 -> core 11 - OK[0m[1;34m
[0m[1;34m	threadid 139951735822080 -> core 12 - OK[0m[1;34m
[0m[1;34m	threadid 139951727429376 -> core 13 - OK[0m[1;34m
[0m[1;34m	threadid 139951719036672 -> core 14 - OK[0m[1;34m
[0m[1;34m	threadid 139951710643968 -> core 15 - OK[0m[1;34m
[0mFLOPs in stencil code:      12047257600
Time spent in stencil code: 0.611994
Performance in GFlop/s:     19.685254
x_max: 200
[1;34m[pthread wrapper] 
[0m[1;34m[pthread wrapper] MAIN -> 0
[0m[1;34m[pthread wrapper] PIN_MASK: [0m[1;34m0->1  [0m[1;34m1->2  [0m[1;34m2->3  [0m[1;34m3->4  [0m[1;34m4->5  [0m[1;34m5->6  [0m[1;34m6->7  [0m[1;34m7->8  [0m[1;34m8->9  [0m[1;34m9->10  [0m[1;34m10->11  [0m[1;34m11->12  [0m[1;34m12->13  [0m[1;34m13->14  [0m[1;34m14->15  [0m[1;34m
[pthread wrapper] SKIP MASK: 0x0
[0m[1;34m	threadid 140068281026304 -> core 1 - OK[0m[1;34m
[0m[1;34m	threadid 140068272633600 -> core 2 - OK[0m[1;34m
[0m[1;34m	threadid 140068264240896 -> core 3 - OK[0m[1;34m
[0m[1;34m	threadid 140068255848192 -> core 4 - OK[0m[1;34m
[0m[1;34m	threadid 140068247455488 -> core 5 - OK[0m[1;34m
[0m[1;34m	threadid 140068239062784 -> core 6 - OK[0m[1;34m
[0m[1;34m	threadid 140068230670080 -> core 7 - OK[0m[1;34m
[0m[1;34m	threadid 140068222277376 -> core 8 - OK[0m[1;34m
[0m[1;34m	threadid 140068213884672 -> core 9 - OK[0m[1;34m
[0m[1;34m	threadid 140068205491968 -> core 10 - OK[0m[1;34m
[0m[1;34m	threadid 140068197099264 -> core 11 - OK[0m[1;34m
[0m[1;34m	threadid 140068188706560 -> core 12 - OK[0m[1;34m
[0m[1;34m	threadid 140068180313856 -> core 13 - OK[0m[1;34m
[0m[1;34m	threadid 140068171921152 -> core 14 - OK[0m[1;34m
[0m[1;34m	threadid 140068163528448 -> core 15 - OK[0m[1;34m
[0mFLOPs in stencil code:      12047257600
Time spent in stencil code: 0.603127
Performance in GFlop/s:     19.974661
