x_max: 200
[1;34m[pthread wrapper] 
[0m[1;34m[pthread wrapper] MAIN -> 0
[0m[1;34m[pthread wrapper] PIN_MASK: [0m[1;34m0->1  [0m[1;34m1->2  [0m[1;34m2->3  [0m[1;34m3->4  [0m[1;34m4->5  [0m[1;34m5->6  [0m[1;34m6->7  [0m[1;34m
[pthread wrapper] SKIP MASK: 0x0
[0m[1;34m	threadid 140198884837120 -> core 1 - OK[0m[1;34m
[0m[1;34m	threadid 140198876444416 -> core 2 - OK[0m[1;34m
[0m[1;34m	threadid 140198868051712 -> core 3 - OK[0m[1;34m
[0m[1;34m	threadid 140198859659008 -> core 4 - OK[0m[1;34m
[0m[1;34m	threadid 140198851266304 -> core 5 - OK[0m[1;34m
[0m[1;34m	threadid 140198842873600 -> core 6 - OK[0m[1;34m
[0m[1;34m	threadid 140198834480896 -> core 7 - OK[0m[1;34m
[0mFLOPs in stencil code:      12047257600
Time spent in stencil code: 1.170053
Performance in GFlop/s:     10.296335
x_max: 200
[1;34m[pthread wrapper] 
[0m[1;34m[pthread wrapper] MAIN -> 0
[0m[1;34m[pthread wrapper] PIN_MASK: [0m[1;34m0->1  [0m[1;34m1->2  [0m[1;34m2->3  [0m[1;34m3->4  [0m[1;34m4->5  [0m[1;34m5->6  [0m[1;34m6->7  [0m[1;34m
[pthread wrapper] SKIP MASK: 0x0
[0m[1;34m	threadid 140167874840320 -> core 1 - OK[0m[1;34m
[0m[1;34m	threadid 140167866447616 -> core 2 - OK[0m[1;34m
[0m[1;34m	threadid 140167858054912 -> core 3 - OK[0m[1;34m
[0m[1;34m	threadid 140167849662208 -> core 4 - OK[0m[1;34m
[0m[1;34m	threadid 140167841269504 -> core 5 - OK[0m[1;34m
[0m[1;34m	threadid 140167832876800 -> core 6 - OK[0m[1;34m
[0m[1;34m	threadid 140167824484096 -> core 7 - OK[0m[1;34m
[0mFLOPs in stencil code:      12047257600
Time spent in stencil code: 1.151931
Performance in GFlop/s:     10.458317
x_max: 200
[1;34m[pthread wrapper] 
[0m[1;34m[pthread wrapper] MAIN -> 0
[0m[1;34m[pthread wrapper] PIN_MASK: [0m[1;34m0->1  [0m[1;34m1->2  [0m[1;34m2->3  [0m[1;34m3->4  [0m[1;34m4->5  [0m[1;34m5->6  [0m[1;34m6->7  [0m[1;34m
[pthread wrapper] SKIP MASK: 0x0
[0m[1;34m	threadid 140455622641408 -> core 1 - OK[0m[1;34m
[0m[1;34m	threadid 140455614248704 -> core 2 - OK[0m[1;34m
[0m[1;34m	threadid 140455605856000 -> core 3 - OK[0m[1;34m
[0m[1;34m	threadid 140455597463296 -> core 4 - OK[0m[1;34m
[0m[1;34m	threadid 140455589070592 -> core 5 - OK[0m[1;34m
[0m[1;34m	threadid 140455580677888 -> core 6 - OK[0m[1;34m
[0m[1;34m	threadid 140455572285184 -> core 7 - OK[0m[1;34m
[0mFLOPs in stencil code:      12047257600
Time spent in stencil code: 1.169706
Performance in GFlop/s:     10.299388
x_max: 200
[1;34m[pthread wrapper] 
[0m[1;34m[pthread wrapper] MAIN -> 0
[0m[1;34m[pthread wrapper] PIN_MASK: [0m[1;34m0->1  [0m[1;34m1->2  [0m[1;34m2->3  [0m[1;34m3->4  [0m[1;34m4->5  [0m[1;34m5->6  [0m[1;34m6->7  [0m[1;34m
[pthread wrapper] SKIP MASK: 0x0
[0m[1;34m	threadid 139833462556416 -> core 1 - OK[0m[1;34m
[0m[1;34m	threadid 139833454163712 -> core 2 - OK[0m[1;34m
[0m[1;34m	threadid 139833445771008 -> core 3 - OK[0m[1;34m
[0m[1;34m	threadid 139833437378304 -> core 4 - OK[0m[1;34m
[0m[1;34m	threadid 139833428985600 -> core 5 - OK[0m[1;34m
[0m[1;34m	threadid 139833420592896 -> core 6 - OK[0m[1;34m
[0m[1;34m	threadid 139833412200192 -> core 7 - OK[0m[1;34m
[0mFLOPs in stencil code:      12047257600
Time spent in stencil code: 1.170313
Performance in GFlop/s:     10.294049
x_max: 200
[1;34m[pthread wrapper] 
[0m[1;34m[pthread wrapper] MAIN -> 0
[0m[1;34m[pthread wrapper] PIN_MASK: [0m[1;34m0->1  [0m[1;34m1->2  [0m[1;34m2->3  [0m[1;34m3->4  [0m[1;34m4->5  [0m[1;34m5->6  [0m[1;34m6->7  [0m[1;34m
[pthread wrapper] SKIP MASK: 0x0
[0m[1;34m	threadid 140245457372928 -> core 1 - OK[0m[1;34m
[0m[1;34m	threadid 140245448980224 -> core 2 - OK[0m[1;34m
[0m[1;34m	threadid 140245440587520 -> core 3 - OK[0m[1;34m
[0m[1;34m	threadid 140245432194816 -> core 4 - OK[0m[1;34m
[0m[1;34m	threadid 140245423802112 -> core 5 - OK[0m[1;34m
[0m[1;34m	threadid 140245415409408 -> core 6 - OK[0m[1;34m
[0m[1;34m	threadid 140245407016704 -> core 7 - OK[0m[1;34m
[0mFLOPs in stencil code:      12047257600
Time spent in stencil code: 1.161031
Performance in GFlop/s:     10.376344
