x_max: 200
[1;34m[pthread wrapper] 
[0m[1;34m[pthread wrapper] MAIN -> 0
[0m[1;34m[pthread wrapper] PIN_MASK: [0m[1;34m0->1  [0m[1;34m1->2  [0m[1;34m2->3  [0m[1;34m
[pthread wrapper] SKIP MASK: 0x0
[0m[1;34m	threadid 140411205453568 -> core 1 - OK[0m[1;34m
[0m[1;34m	threadid 140411197060864 -> core 2 - OK[0m[1;34m
[0m[1;34m	threadid 140411188668160 -> core 3 - OK[0m[1;34m
[0mFLOPs in stencil code:      12047257600
Time spent in stencil code: 1.994188
Performance in GFlop/s:     6.041184
x_max: 200
[1;34m[pthread wrapper] 
[0m[1;34m[pthread wrapper] MAIN -> 0
[0m[1;34m[pthread wrapper] PIN_MASK: [0m[1;34m0->1  [0m[1;34m1->2  [0m[1;34m2->3  [0m[1;34m
[pthread wrapper] SKIP MASK: 0x0
[0m[1;34m	threadid 140698193921792 -> core 1 - OK[0m[1;34m
[0m[1;34m	threadid 140698185529088 -> core 2 - OK[0m[1;34m
[0m[1;34m	threadid 140698177136384 -> core 3 - OK[0m[1;34m
[0mFLOPs in stencil code:      12047257600
Time spent in stencil code: 1.992583
Performance in GFlop/s:     6.046050
x_max: 200
[1;34m[pthread wrapper] 
[0m[1;34m[pthread wrapper] MAIN -> 0
[0m[1;34m[pthread wrapper] PIN_MASK: [0m[1;34m0->1  [0m[1;34m1->2  [0m[1;34m2->3  [0m[1;34m
[pthread wrapper] SKIP MASK: 0x0
[0m[1;34m	threadid 140679512557312 -> core 1 - OK[0m[1;34m
[0m[1;34m	threadid 140679504164608 -> core 2 - OK[0m[1;34m
[0m[1;34m	threadid 140679495771904 -> core 3 - OK[0m[1;34m
[0mFLOPs in stencil code:      12047257600
Time spent in stencil code: 1.994094
Performance in GFlop/s:     6.041470
x_max: 200
[1;34m[pthread wrapper] 
[0m[1;34m[pthread wrapper] MAIN -> 0
[0m[1;34m[pthread wrapper] PIN_MASK: [0m[1;34m0->1  [0m[1;34m1->2  [0m[1;34m2->3  [0m[1;34m
[pthread wrapper] SKIP MASK: 0x0
[0m[1;34m	threadid 140644138714880 -> core 1 - OK[0m[1;34m
[0m[1;34m	threadid 140644130322176 -> core 2 - OK[0m[1;34m
[0m[1;34m	threadid 140644121929472 -> core 3 - OK[0m[1;34m
[0mFLOPs in stencil code:      12047257600
Time spent in stencil code: 1.992966
Performance in GFlop/s:     6.044889
x_max: 200
[1;34m[pthread wrapper] 
[0m[1;34m[pthread wrapper] MAIN -> 0
[0m[1;34m[pthread wrapper] PIN_MASK: [0m[1;34m0->1  [0m[1;34m1->2  [0m[1;34m2->3  [0m[1;34m
[pthread wrapper] SKIP MASK: 0x0
[0m[1;34m	threadid 140300667258624 -> core 1 - OK[0m[1;34m
[0m[1;34m	threadid 140300658865920 -> core 2 - OK[0m[1;34m
[0m[1;34m	threadid 140300650473216 -> core 3 - OK[0m[1;34m
[0mFLOPs in stencil code:      12047257600
Time spent in stencil code: 1.993079
Performance in GFlop/s:     6.044546
