x_max: 200
[1;34m[pthread wrapper] 
[0m[1;34m[pthread wrapper] MAIN -> 0
[0m[1;34m[pthread wrapper] PIN_MASK: [0m[1;34m0->1  [0m[1;34m1->2  [0m[1;34m2->3  [0m[1;34m3->4  [0m[1;34m4->5  [0m[1;34m5->6  [0m[1;34m6->7  [0m[1;34m
[pthread wrapper] SKIP MASK: 0x0
[0m[1;34m	threadid 139630028457728 -> core 1 - OK[0m[1;34m
[0m[1;34m	threadid 139630020065024 -> core 2 - OK[0m[1;34m
[0m[1;34m	threadid 139630011672320 -> core 3 - OK[0m[1;34m
[0m[1;34m	threadid 139630003279616 -> core 4 - OK[0m[1;34m
[0m[1;34m	threadid 139629994886912 -> core 5 - OK[0m[1;34m
[0m[1;34m	threadid 139629986494208 -> core 6 - OK[0m[1;34m
[0m[1;34m	threadid 139629978101504 -> core 7 - OK[0m[1;34m
[0mFLOPs in stencil code:      12047257600
Time spent in stencil code: 1.171673
Performance in GFlop/s:     10.282098
x_max: 200
[1;34m[pthread wrapper] 
[0m[1;34m[pthread wrapper] MAIN -> 0
[0m[1;34m[pthread wrapper] PIN_MASK: [0m[1;34m0->1  [0m[1;34m1->2  [0m[1;34m2->3  [0m[1;34m3->4  [0m[1;34m4->5  [0m[1;34m5->6  [0m[1;34m6->7  [0m[1;34m
[pthread wrapper] SKIP MASK: 0x0
[0m[1;34m	threadid 140561980786432 -> core 1 - OK[0m[1;34m
[0m[1;34m	threadid 140561972393728 -> core 2 - OK[0m[1;34m
[0m[1;34m	threadid 140561964001024 -> core 3 - OK[0m[1;34m
[0m[1;34m	threadid 140561955608320 -> core 4 - OK[0m[1;34m
[0m[1;34m	threadid 140561947215616 -> core 5 - OK[0m[1;34m
[0m[1;34m	threadid 140561938822912 -> core 6 - OK[0m[1;34m
[0m[1;34m	threadid 140561930430208 -> core 7 - OK[0m[1;34m
[0mFLOPs in stencil code:      12047257600
Time spent in stencil code: 1.168831
Performance in GFlop/s:     10.307101
x_max: 200
[1;34m[pthread wrapper] 
[0m[1;34m[pthread wrapper] MAIN -> 0
[0m[1;34m[pthread wrapper] PIN_MASK: [0m[1;34m0->1  [0m[1;34m1->2  [0m[1;34m2->3  [0m[1;34m3->4  [0m[1;34m4->5  [0m[1;34m5->6  [0m[1;34m6->7  [0m[1;34m
[pthread wrapper] SKIP MASK: 0x0
[0m[1;34m	threadid 140643340650240 -> core 1 - OK[0m[1;34m
[0m[1;34m	threadid 140643332257536 -> core 2 - OK[0m[1;34m
[0m[1;34m	threadid 140643323864832 -> core 3 - OK[0m[1;34m
[0m[1;34m	threadid 140643315472128 -> core 4 - OK[0m[1;34m
[0m[1;34m	threadid 140643307079424 -> core 5 - OK[0m[1;34m
[0m[1;34m	threadid 140643298686720 -> core 6 - OK[0m[1;34m
[0m[1;34m	threadid 140643290294016 -> core 7 - OK[0m[1;34m
[0mFLOPs in stencil code:      12047257600
Time spent in stencil code: 1.158137
Performance in GFlop/s:     10.402275
x_max: 200
[1;34m[pthread wrapper] 
[0m[1;34m[pthread wrapper] MAIN -> 0
[0m[1;34m[pthread wrapper] PIN_MASK: [0m[1;34m0->1  [0m[1;34m1->2  [0m[1;34m2->3  [0m[1;34m3->4  [0m[1;34m4->5  [0m[1;34m5->6  [0m[1;34m6->7  [0m[1;34m
[pthread wrapper] SKIP MASK: 0x0
[0m[1;34m	threadid 140253347514112 -> core 1 - OK[0m[1;34m
[0m[1;34m	threadid 140253339121408 -> core 2 - OK[0m[1;34m
[0m[1;34m	threadid 140253330728704 -> core 3 - OK[0m[1;34m
[0m[1;34m	threadid 140253322336000 -> core 4 - OK[0m[1;34m
[0m[1;34m	threadid 140253313943296 -> core 5 - OK[0m[1;34m
[0m[1;34m	threadid 140253305550592 -> core 6 - OK[0m[1;34m
[0m[1;34m	threadid 140253297157888 -> core 7 - OK[0m[1;34m
[0mFLOPs in stencil code:      12047257600
Time spent in stencil code: 1.175573
Performance in GFlop/s:     10.247987
x_max: 200
[1;34m[pthread wrapper] 
[0m[1;34m[pthread wrapper] MAIN -> 0
[0m[1;34m[pthread wrapper] PIN_MASK: [0m[1;34m0->1  [0m[1;34m1->2  [0m[1;34m2->3  [0m[1;34m3->4  [0m[1;34m4->5  [0m[1;34m5->6  [0m[1;34m6->7  [0m[1;34m
[pthread wrapper] SKIP MASK: 0x0
[0m[1;34m	threadid 140487557056256 -> core 1 - OK[0m[1;34m
[0m[1;34m	threadid 140487548663552 -> core 2 - OK[0m[1;34m
[0m[1;34m	threadid 140487540270848 -> core 3 - OK[0m[1;34m
[0m[1;34m	threadid 140487531878144 -> core 4 - OK[0m[1;34m
[0m[1;34m	threadid 140487523485440 -> core 5 - OK[0m[1;34m
[0m[1;34m	threadid 140487515092736 -> core 6 - OK[0m[1;34m
[0m[1;34m	threadid 140487506700032 -> core 7 - OK[0m[1;34m
[0mFLOPs in stencil code:      12047257600
Time spent in stencil code: 1.163273
Performance in GFlop/s:     10.356345
