x_max: 200
[1;34m[pthread wrapper] 
[0m[1;34m[pthread wrapper] MAIN -> 0
[0m[1;34m[pthread wrapper] PIN_MASK: [0m[1;34m0->16  [0m[1;34m
[pthread wrapper] SKIP MASK: 0x0
[0m[1;34m	threadid 140324998645504 -> core 16 - OK[0m[1;34m
[0mFLOPs in stencil code:      12047257600
Time spent in stencil code: 2.830682
Performance in GFlop/s:     4.255956
x_max: 200
[1;34m[pthread wrapper] 
[0m[1;34m[pthread wrapper] MAIN -> 0
[0m[1;34m[pthread wrapper] PIN_MASK: [0m[1;34m0->16  [0m[1;34m
[pthread wrapper] SKIP MASK: 0x0
[0m[1;34m	threadid 140143182153472 -> core 16 - OK[0m[1;34m
[0mFLOPs in stencil code:      12047257600
Time spent in stencil code: 2.837788
Performance in GFlop/s:     4.245299
x_max: 200
[1;34m[pthread wrapper] 
[0m[1;34m[pthread wrapper] MAIN -> 0
[0m[1;34m[pthread wrapper] PIN_MASK: [0m[1;34m0->16  [0m[1;34m
[pthread wrapper] SKIP MASK: 0x0
[0m[1;34m	threadid 140589014189824 -> core 16 - OK[0m[1;34m
[0mFLOPs in stencil code:      12047257600
Time spent in stencil code: 2.840724
Performance in GFlop/s:     4.240911
x_max: 200
[1;34m[pthread wrapper] 
[0m[1;34m[pthread wrapper] MAIN -> 0
[0m[1;34m[pthread wrapper] PIN_MASK: [0m[1;34m0->16  [0m[1;34m
[pthread wrapper] SKIP MASK: 0x0
[0m[1;34m	threadid 140169964586752 -> core 16 - OK[0m[1;34m
[0mFLOPs in stencil code:      12047257600
Time spent in stencil code: 2.841962
Performance in GFlop/s:     4.239064
x_max: 200
[1;34m[pthread wrapper] 
[0m[1;34m[pthread wrapper] MAIN -> 0
[0m[1;34m[pthread wrapper] PIN_MASK: [0m[1;34m0->16  [0m[1;34m
[pthread wrapper] SKIP MASK: 0x0
[0m[1;34m	threadid 139838641473280 -> core 16 - OK[0m[1;34m
[0mFLOPs in stencil code:      12047257600
Time spent in stencil code: 2.837756
Performance in GFlop/s:     4.245346
