x_max: 200
[1;34m[pthread wrapper] 
[0m[1;34m[pthread wrapper] MAIN -> 0
[0m[1;34m[pthread wrapper] PIN_MASK: [0m[1;34m0->1  [0m[1;34m
[pthread wrapper] SKIP MASK: 0x0
[0m[1;34m	threadid 140707120842496 -> core 1 - OK[0m[1;34m
[0mFLOPs in stencil code:      12047257600
Time spent in stencil code: 3.730428
Performance in GFlop/s:     3.229457
x_max: 200
[1;34m[pthread wrapper] 
[0m[1;34m[pthread wrapper] MAIN -> 0
[0m[1;34m[pthread wrapper] PIN_MASK: [0m[1;34m0->1  [0m[1;34m
[pthread wrapper] SKIP MASK: 0x0
[0m[1;34m	threadid 140054951069440 -> core 1 - OK[0m[1;34m
[0mFLOPs in stencil code:      12047257600
Time spent in stencil code: 3.744866
Performance in GFlop/s:     3.217006
x_max: 200
[1;34m[pthread wrapper] 
[0m[1;34m[pthread wrapper] MAIN -> 0
[0m[1;34m[pthread wrapper] PIN_MASK: [0m[1;34m0->1  [0m[1;34m
[pthread wrapper] SKIP MASK: 0x0
[0m[1;34m	threadid 139675985151744 -> core 1 - OK[0m[1;34m
[0mFLOPs in stencil code:      12047257600
Time spent in stencil code: 3.744528
Performance in GFlop/s:     3.217297
x_max: 200
[1;34m[pthread wrapper] 
[0m[1;34m[pthread wrapper] MAIN -> 0
[0m[1;34m[pthread wrapper] PIN_MASK: [0m[1;34m0->1  [0m[1;34m
[pthread wrapper] SKIP MASK: 0x0
[0m[1;34m	threadid 140409916229376 -> core 1 - OK[0m[1;34m
[0mFLOPs in stencil code:      12047257600
Time spent in stencil code: 3.747174
Performance in GFlop/s:     3.215025
x_max: 200
[1;34m[pthread wrapper] 
[0m[1;34m[pthread wrapper] MAIN -> 0
[0m[1;34m[pthread wrapper] PIN_MASK: [0m[1;34m0->1  [0m[1;34m
[pthread wrapper] SKIP MASK: 0x0
[0m[1;34m	threadid 140186233833216 -> core 1 - OK[0m[1;34m
[0mFLOPs in stencil code:      12047257600
Time spent in stencil code: 3.739465
Performance in GFlop/s:     3.221653
