x_max: 200
[1;34m[pthread wrapper] 
[0m[1;34m[pthread wrapper] MAIN -> 0
[0m[1;34m[pthread wrapper] PIN_MASK: [0m[1;34m0->1  [0m[1;34m1->2  [0m[1;34m2->3  [0m[1;34m3->4  [0m[1;34m4->5  [0m[1;34m5->6  [0m[1;34m6->7  [0m[1;34m7->8  [0m[1;34m8->9  [0m[1;34m9->10  [0m[1;34m10->11  [0m[1;34m11->12  [0m[1;34m12->13  [0m[1;34m13->14  [0m[1;34m14->15  [0m[1;34m15->16  [0m[1;34m16->17  [0m[1;34m17->18  [0m[1;34m18->19  [0m[1;34m19->20  [0m[1;34m20->21  [0m[1;34m21->22  [0m[1;34m22->23  [0m[1;34m23->24  [0m[1;34m24->25  [0m[1;34m25->26  [0m[1;34m26->27  [0m[1;34m27->28  [0m[1;34m28->29  [0m[1;34m29->30  [0m[1;34m30->31  [0m[1;34m
[pthread wrapper] SKIP MASK: 0x0
[0m[1;34m	threadid 139899237533440 -> core 1 - OK[0m[1;34m
[0m[1;34m	threadid 139899229140736 -> core 2 - OK[0m[1;34m
[0m[1;34m	threadid 139899220748032 -> core 3 - OK[0m[1;34m
[0m[1;34m	threadid 139899212355328 -> core 4 - OK[0m[1;34m
[0m[1;34m	threadid 139899203962624 -> core 5 - OK[0m[1;34m
[0m[1;34m	threadid 139899195569920 -> core 6 - OK[0m[1;34m
[0m[1;34m	threadid 139899187177216 -> core 7 - OK[0m[1;34m
[0m[1;34m	threadid 139899178784512 -> core 8 - OK[0m[1;34m
[0m[1;34m	threadid 139899170391808 -> core 9 - OK[0m[1;34m
[0m[1;34m	threadid 139899161999104 -> core 10 - OK[0m[1;34m
[0m[1;34m	threadid 139899153606400 -> core 11 - OK[0m[1;34m
[0m[1;34m	threadid 139899145213696 -> core 12 - OK[0m[1;34m
[0m[1;34m	threadid 139899136820992 -> core 13 - OK[0m[1;34m
[0m[1;34m	threadid 139899128428288 -> core 14 - OK[0m[1;34m
[0m[1;34m	threadid 139899120035584 -> core 15 - OK[0m[1;34m
[0m[1;34m	threadid 139899111642880 -> core 16 - OK[0m[1;34m
[0m[1;34m	threadid 139899103250176 -> core 17 - OK[0m[1;34m
[0m[1;34m	threadid 139899094857472 -> core 18 - OK[0m[1;34m
[0m[1;34m	threadid 139899086464768 -> core 19 - OK[0m[1;34m
[0m[1;34m	threadid 139899078072064 -> core 20 - OK[0m[1;34m
[0m[1;34m	threadid 139899069679360 -> core 21 - OK[0m[1;34m
[0m[1;34m	threadid 139899061286656 -> core 22 - OK[0m[1;34m
[0m[1;34m	threadid 139899052893952 -> core 23 - OK[0m[1;34m
[0m[1;34m	threadid 139899044501248 -> core 24 - OK[0m[1;34m
[0m[1;34m	threadid 139899036108544 -> core 25 - OK[0m[1;34m
[0m[1;34m	threadid 139899027715840 -> core 26 - OK[0m[1;34m
[0m[1;34m	threadid 139899019323136 -> core 27 - OK[0m[1;34m
[0m[1;34m	threadid 139899010930432 -> core 28 - OK[0m[1;34m
[0m[1;34m	threadid 139899002537728 -> core 29 - OK[0m[1;34m
[0m[1;34m	threadid 139898994145024 -> core 30 - OK[0m[1;34m
[0m[1;34m	threadid 139898985752320 -> core 31 - OK[0m[1;34m
[0mFLOPs in stencil code:      12047257600
Time spent in stencil code: 0.332881
Performance in GFlop/s:     36.190887
x_max: 200
[1;34m[pthread wrapper] 
[0m[1;34m[pthread wrapper] MAIN -> 0
[0m[1;34m[pthread wrapper] PIN_MASK: [0m[1;34m0->1  [0m[1;34m1->2  [0m[1;34m2->3  [0m[1;34m3->4  [0m[1;34m4->5  [0m[1;34m5->6  [0m[1;34m6->7  [0m[1;34m7->8  [0m[1;34m8->9  [0m[1;34m9->10  [0m[1;34m10->11  [0m[1;34m11->12  [0m[1;34m12->13  [0m[1;34m13->14  [0m[1;34m14->15  [0m[1;34m15->16  [0m[1;34m16->17  [0m[1;34m17->18  [0m[1;34m18->19  [0m[1;34m19->20  [0m[1;34m20->21  [0m[1;34m21->22  [0m[1;34m22->23  [0m[1;34m23->24  [0m[1;34m24->25  [0m[1;34m25->26  [0m[1;34m26->27  [0m[1;34m27->28  [0m[1;34m28->29  [0m[1;34m29->30  [0m[1;34m30->31  [0m[1;34m
[pthread wrapper] SKIP MASK: 0x0
[0m[1;34m	threadid 140203053975296 -> core 1 - OK[0m[1;34m
[0m[1;34m	threadid 140203045582592 -> core 2 - OK[0m[1;34m
[0m[1;34m	threadid 140203037189888 -> core 3 - OK[0m[1;34m
[0m[1;34m	threadid 140203028797184 -> core 4 - OK[0m[1;34m
[0m[1;34m	threadid 140203020404480 -> core 5 - OK[0m[1;34m
[0m[1;34m	threadid 140203012011776 -> core 6 - OK[0m[1;34m
[0m[1;34m	threadid 140203003619072 -> core 7 - OK[0m[1;34m
[0m[1;34m	threadid 140202995226368 -> core 8 - OK[0m[1;34m
[0m[1;34m	threadid 140202986833664 -> core 9 - OK[0m[1;34m
[0m[1;34m	threadid 140202978440960 -> core 10 - OK[0m[1;34m
[0m[1;34m	threadid 140202970048256 -> core 11 - OK[0m[1;34m
[0m[1;34m	threadid 140202961655552 -> core 12 - OK[0m[1;34m
[0m[1;34m	threadid 140202953262848 -> core 13 - OK[0m[1;34m
[0m[1;34m	threadid 140202944870144 -> core 14 - OK[0m[1;34m
[0m[1;34m	threadid 140202936477440 -> core 15 - OK[0m[1;34m
[0m[1;34m	threadid 140202928084736 -> core 16 - OK[0m[1;34m
[0m[1;34m	threadid 140202919692032 -> core 17 - OK[0m[1;34m
[0m[1;34m	threadid 140202911299328 -> core 18 - OK[0m[1;34m
[0m[1;34m	threadid 140202902906624 -> core 19 - OK[0m[1;34m
[0m[1;34m	threadid 140202894513920 -> core 20 - OK[0m[1;34m
[0m[1;34m	threadid 140202886121216 -> core 21 - OK[0m[1;34m
[0m[1;34m	threadid 140202877728512 -> core 22 - OK[0m[1;34m
[0m[1;34m	threadid 140202869335808 -> core 23 - OK[0m[1;34m
[0m[1;34m	threadid 140202860943104 -> core 24 - OK[0m[1;34m
[0m[1;34m	threadid 140202852550400 -> core 25 - OK[0m[1;34m
[0m[1;34m	threadid 140202844157696 -> core 26 - OK[0m[1;34m
[0m[1;34m	threadid 140202835764992 -> core 27 - OK[0m[1;34m
[0m[1;34m	threadid 140202827372288 -> core 28 - OK[0m[1;34m
[0m[1;34m	threadid 140202818979584 -> core 29 - OK[0m[1;34m
[0m[1;34m	threadid 140202810586880 -> core 30 - OK[0m[1;34m
[0m[1;34m	threadid 140202802194176 -> core 31 - OK[0m[1;34m
[0mFLOPs in stencil code:      12047257600
Time spent in stencil code: 0.335645
Performance in GFlop/s:     35.892835
x_max: 200
[1;34m[pthread wrapper] 
[0m[1;34m[pthread wrapper] MAIN -> 0
[0m[1;34m[pthread wrapper] PIN_MASK: [0m[1;34m0->1  [0m[1;34m1->2  [0m[1;34m2->3  [0m[1;34m3->4  [0m[1;34m4->5  [0m[1;34m5->6  [0m[1;34m6->7  [0m[1;34m7->8  [0m[1;34m8->9  [0m[1;34m9->10  [0m[1;34m10->11  [0m[1;34m11->12  [0m[1;34m12->13  [0m[1;34m13->14  [0m[1;34m14->15  [0m[1;34m15->16  [0m[1;34m16->17  [0m[1;34m17->18  [0m[1;34m18->19  [0m[1;34m19->20  [0m[1;34m20->21  [0m[1;34m21->22  [0m[1;34m22->23  [0m[1;34m23->24  [0m[1;34m24->25  [0m[1;34m25->26  [0m[1;34m26->27  [0m[1;34m27->28  [0m[1;34m28->29  [0m[1;34m29->30  [0m[1;34m30->31  [0m[1;34m
[pthread wrapper] SKIP MASK: 0x0
[0m[1;34m	threadid 140526030194432 -> core 1 - OK[0m[1;34m
[0m[1;34m	threadid 140526021801728 -> core 2 - OK[0m[1;34m
[0m[1;34m	threadid 140526013409024 -> core 3 - OK[0m[1;34m
[0m[1;34m	threadid 140526005016320 -> core 4 - OK[0m[1;34m
[0m[1;34m	threadid 140525996623616 -> core 5 - OK[0m[1;34m
[0m[1;34m	threadid 140525988230912 -> core 6 - OK[0m[1;34m
[0m[1;34m	threadid 140525979838208 -> core 7 - OK[0m[1;34m
[0m[1;34m	threadid 140525971445504 -> core 8 - OK[0m[1;34m
[0m[1;34m	threadid 140525963052800 -> core 9 - OK[0m[1;34m
[0m[1;34m	threadid 140525954660096 -> core 10 - OK[0m[1;34m
[0m[1;34m	threadid 140525946267392 -> core 11 - OK[0m[1;34m
[0m[1;34m	threadid 140525937874688 -> core 12 - OK[0m[1;34m
[0m[1;34m	threadid 140525929481984 -> core 13 - OK[0m[1;34m
[0m[1;34m	threadid 140525921089280 -> core 14 - OK[0m[1;34m
[0m[1;34m	threadid 140525912696576 -> core 15 - OK[0m[1;34m
[0m[1;34m	threadid 140525904303872 -> core 16 - OK[0m[1;34m
[0m[1;34m	threadid 140525895911168 -> core 17 - OK[0m[1;34m
[0m[1;34m	threadid 140525887518464 -> core 18 - OK[0m[1;34m
[0m[1;34m	threadid 140525879125760 -> core 19 - OK[0m[1;34m
[0m[1;34m	threadid 140525870733056 -> core 20 - OK[0m[1;34m
[0m[1;34m	threadid 140525862340352 -> core 21 - OK[0m[1;34m
[0m[1;34m	threadid 140525853947648 -> core 22 - OK[0m[1;34m
[0m[1;34m	threadid 140525845554944 -> core 23 - OK[0m[1;34m
[0m[1;34m	threadid 140525837162240 -> core 24 - OK[0m[1;34m
[0m[1;34m	threadid 140525828769536 -> core 25 - OK[0m[1;34m
[0m[1;34m	threadid 140525820376832 -> core 26 - OK[0m[1;34m
[0m[1;34m	threadid 140525811984128 -> core 27 - OK[0m[1;34m
[0m[1;34m	threadid 140525803591424 -> core 28 - OK[0m[1;34m
[0m[1;34m	threadid 140525795198720 -> core 29 - OK[0m[1;34m
[0m[1;34m	threadid 140525786806016 -> core 30 - OK[0m[1;34m
[0m[1;34m	threadid 140525778413312 -> core 31 - OK[0m[1;34m
[0mFLOPs in stencil code:      12047257600
Time spent in stencil code: 0.337409
Performance in GFlop/s:     35.705203
x_max: 200
[1;34m[pthread wrapper] 
[0m[1;34m[pthread wrapper] MAIN -> 0
[0m[1;34m[pthread wrapper] PIN_MASK: [0m[1;34m0->1  [0m[1;34m1->2  [0m[1;34m2->3  [0m[1;34m3->4  [0m[1;34m4->5  [0m[1;34m5->6  [0m[1;34m6->7  [0m[1;34m7->8  [0m[1;34m8->9  [0m[1;34m9->10  [0m[1;34m10->11  [0m[1;34m11->12  [0m[1;34m12->13  [0m[1;34m13->14  [0m[1;34m14->15  [0m[1;34m15->16  [0m[1;34m16->17  [0m[1;34m17->18  [0m[1;34m18->19  [0m[1;34m19->20  [0m[1;34m20->21  [0m[1;34m21->22  [0m[1;34m22->23  [0m[1;34m23->24  [0m[1;34m24->25  [0m[1;34m25->26  [0m[1;34m26->27  [0m[1;34m27->28  [0m[1;34m28->29  [0m[1;34m29->30  [0m[1;34m30->31  [0m[1;34m
[pthread wrapper] SKIP MASK: 0x0
[0m[1;34m	threadid 140251871250176 -> core 1 - OK[0m[1;34m
[0m[1;34m	threadid 140251862857472 -> core 2 - OK[0m[1;34m
[0m[1;34m	threadid 140251854464768 -> core 3 - OK[0m[1;34m
[0m[1;34m	threadid 140251846072064 -> core 4 - OK[0m[1;34m
[0m[1;34m	threadid 140251837679360 -> core 5 - OK[0m[1;34m
[0m[1;34m	threadid 140251829286656 -> core 6 - OK[0m[1;34m
[0m[1;34m	threadid 140251820893952 -> core 7 - OK[0m[1;34m
[0m[1;34m	threadid 140251812501248 -> core 8 - OK[0m[1;34m
[0m[1;34m	threadid 140251804108544 -> core 9 - OK[0m[1;34m
[0m[1;34m	threadid 140251795715840 -> core 10 - OK[0m[1;34m
[0m[1;34m	threadid 140251787323136 -> core 11 - OK[0m[1;34m
[0m[1;34m	threadid 140251778930432 -> core 12 - OK[0m[1;34m
[0m[1;34m	threadid 140251770537728 -> core 13 - OK[0m[1;34m
[0m[1;34m	threadid 140251762145024 -> core 14 - OK[0m[1;34m
[0m[1;34m	threadid 140251753752320 -> core 15 - OK[0m[1;34m
[0m[1;34m	threadid 140251745359616 -> core 16 - OK[0m[1;34m
[0m[1;34m	threadid 140251736966912 -> core 17 - OK[0m[1;34m
[0m[1;34m	threadid 140251728574208 -> core 18 - OK[0m[1;34m
[0m[1;34m	threadid 140251720181504 -> core 19 - OK[0m[1;34m
[0m[1;34m	threadid 140251711788800 -> core 20 - OK[0m[1;34m
[0m[1;34m	threadid 140251703396096 -> core 21 - OK[0m[1;34m
[0m[1;34m	threadid 140251695003392 -> core 22 - OK[0m[1;34m
[0m[1;34m	threadid 140251686610688 -> core 23 - OK[0m[1;34m
[0m[1;34m	threadid 140251678217984 -> core 24 - OK[0m[1;34m
[0m[1;34m	threadid 140251669825280 -> core 25 - OK[0m[1;34m
[0m[1;34m	threadid 140251661432576 -> core 26 - OK[0m[1;34m
[0m[1;34m	threadid 140251653039872 -> core 27 - OK[0m[1;34m
[0m[1;34m	threadid 140251644647168 -> core 28 - OK[0m[1;34m
[0m[1;34m	threadid 140251636254464 -> core 29 - OK[0m[1;34m
[0m[1;34m	threadid 140251627861760 -> core 30 - OK[0m[1;34m
[0m[1;34m	threadid 140251619469056 -> core 31 - OK[0m[1;34m
[0mFLOPs in stencil code:      12047257600
Time spent in stencil code: 0.331387
Performance in GFlop/s:     36.354039
x_max: 200
[1;34m[pthread wrapper] 
[0m[1;34m[pthread wrapper] MAIN -> 0
[0m[1;34m[pthread wrapper] PIN_MASK: [0m[1;34m0->1  [0m[1;34m1->2  [0m[1;34m2->3  [0m[1;34m3->4  [0m[1;34m4->5  [0m[1;34m5->6  [0m[1;34m6->7  [0m[1;34m7->8  [0m[1;34m8->9  [0m[1;34m9->10  [0m[1;34m10->11  [0m[1;34m11->12  [0m[1;34m12->13  [0m[1;34m13->14  [0m[1;34m14->15  [0m[1;34m15->16  [0m[1;34m16->17  [0m[1;34m17->18  [0m[1;34m18->19  [0m[1;34m19->20  [0m[1;34m20->21  [0m[1;34m21->22  [0m[1;34m22->23  [0m[1;34m23->24  [0m[1;34m24->25  [0m[1;34m25->26  [0m[1;34m26->27  [0m[1;34m27->28  [0m[1;34m28->29  [0m[1;34m29->30  [0m[1;34m30->31  [0m[1;34m
[pthread wrapper] SKIP MASK: 0x0
[0m[1;34m	threadid 140630089697024 -> core 1 - OK[0m[1;34m
[0m[1;34m	threadid 140630081304320 -> core 2 - OK[0m[1;34m
[0m[1;34m	threadid 140630072911616 -> core 3 - OK[0m[1;34m
[0m[1;34m	threadid 140630064518912 -> core 4 - OK[0m[1;34m
[0m[1;34m	threadid 140630056126208 -> core 5 - OK[0m[1;34m
[0m[1;34m	threadid 140630047733504 -> core 6 - OK[0m[1;34m
[0m[1;34m	threadid 140630039340800 -> core 7 - OK[0m[1;34m
[0m[1;34m	threadid 140630030948096 -> core 8 - OK[0m[1;34m
[0m[1;34m	threadid 140630022555392 -> core 9 - OK[0m[1;34m
[0m[1;34m	threadid 140630014162688 -> core 10 - OK[0m[1;34m
[0m[1;34m	threadid 140630005769984 -> core 11 - OK[0m[1;34m
[0m[1;34m	threadid 140629997377280 -> core 12 - OK[0m[1;34m
[0m[1;34m	threadid 140629988984576 -> core 13 - OK[0m[1;34m
[0m[1;34m	threadid 140629980591872 -> core 14 - OK[0m[1;34m
[0m[1;34m	threadid 140629972199168 -> core 15 - OK[0m[1;34m
[0m[1;34m	threadid 140629963806464 -> core 16 - OK[0m[1;34m
[0m[1;34m	threadid 140629955413760 -> core 17 - OK[0m[1;34m
[0m[1;34m	threadid 140629947021056 -> core 18 - OK[0m[1;34m
[0m[1;34m	threadid 140629938628352 -> core 19 - OK[0m[1;34m
[0m[1;34m	threadid 140629930235648 -> core 20 - OK[0m[1;34m
[0m[1;34m	threadid 140629921842944 -> core 21 - OK[0m[1;34m
[0m[1;34m	threadid 140629913450240 -> core 22 - OK[0m[1;34m
[0m[1;34m	threadid 140629905057536 -> core 23 - OK[0m[1;34m
[0m[1;34m	threadid 140629896664832 -> core 24 - OK[0m[1;34m
[0m[1;34m	threadid 140629888272128 -> core 25 - OK[0m[1;34m
[0m[1;34m	threadid 140629879879424 -> core 26 - OK[0m[1;34m
[0m[1;34m	threadid 140629871486720 -> core 27 - OK[0m[1;34m
[0m[1;34m	threadid 140629863094016 -> core 28 - OK[0m[1;34m
[0m[1;34m	threadid 140629854701312 -> core 29 - OK[0m[1;34m
[0m[1;34m	threadid 140629846308608 -> core 30 - OK[0m[1;34m
[0m[1;34m	threadid 140629837915904 -> core 31 - OK[0m[1;34m
[0mFLOPs in stencil code:      12047257600
Time spent in stencil code: 0.334451
Performance in GFlop/s:     36.020999
