x_max: 200
[1;34m[pthread wrapper] 
[0m[1;34m[pthread wrapper] MAIN -> 0
[0m[1;34m[pthread wrapper] PIN_MASK: [0m[1;34m0->1  [0m[1;34m1->2  [0m[1;34m2->3  [0m[1;34m3->4  [0m[1;34m4->5  [0m[1;34m5->6  [0m[1;34m6->7  [0m[1;34m7->8  [0m[1;34m8->9  [0m[1;34m9->10  [0m[1;34m10->11  [0m[1;34m11->16  [0m[1;34m12->17  [0m[1;34m13->18  [0m[1;34m14->19  [0m[1;34m15->20  [0m[1;34m16->21  [0m[1;34m17->22  [0m[1;34m18->23  [0m[1;34m19->24  [0m[1;34m20->25  [0m[1;34m21->26  [0m[1;34m22->27  [0m[1;34m
[pthread wrapper] SKIP MASK: 0x0
[0m[1;34m	threadid 139771290650368 -> core 1 - OK[0m[1;34m
[0m[1;34m	threadid 139771282257664 -> core 2 - OK[0m[1;34m
[0m[1;34m	threadid 139771273864960 -> core 3 - OK[0m[1;34m
[0m[1;34m	threadid 139771265472256 -> core 4 - OK[0m[1;34m
[0m[1;34m	threadid 139771257079552 -> core 5 - OK[0m[1;34m
[0m[1;34m	threadid 139771248686848 -> core 6 - OK[0m[1;34m
[0m[1;34m	threadid 139771240294144 -> core 7 - OK[0m[1;34m
[0m[1;34m	threadid 139771231901440 -> core 8 - OK[0m[1;34m
[0m[1;34m	threadid 139771223508736 -> core 9 - OK[0m[1;34m
[0m[1;34m	threadid 139771215116032 -> core 10 - OK[0m[1;34m
[0m[1;34m	threadid 139771206723328 -> core 11 - OK[0m[1;34m
[0m[1;34m	threadid 139771198330624 -> core 16 - OK[0m[1;34m
[0m[1;34m	threadid 139771189937920 -> core 17 - OK[0m[1;34m
[0m[1;34m	threadid 139771181545216 -> core 18 - OK[0m[1;34m
[0m[1;34m	threadid 139771173152512 -> core 19 - OK[0m[1;34m
[0m[1;34m	threadid 139771164759808 -> core 20 - OK[0m[1;34m
[0m[1;34m	threadid 139771156367104 -> core 21 - OK[0m[1;34m
[0m[1;34m	threadid 139771147974400 -> core 22 - OK[0m[1;34m
[0m[1;34m	threadid 139771139581696 -> core 23 - OK[0m[1;34m
[0m[1;34m	threadid 139771131188992 -> core 24 - OK[0m[1;34m
[0m[1;34m	threadid 139771122796288 -> core 25 - OK[0m[1;34m
[0m[1;34m	threadid 139771114403584 -> core 26 - OK[0m[1;34m
[0m[1;34m	threadid 139771106010880 -> core 27 - OK[0m[1;34m
[0mFLOPs in stencil code:      12047257600
Time spent in stencil code: 0.426745
Performance in GFlop/s:     28.230565
x_max: 200
[1;34m[pthread wrapper] 
[0m[1;34m[pthread wrapper] MAIN -> 0
[0m[1;34m[pthread wrapper] PIN_MASK: [0m[1;34m0->1  [0m[1;34m1->2  [0m[1;34m2->3  [0m[1;34m3->4  [0m[1;34m4->5  [0m[1;34m5->6  [0m[1;34m6->7  [0m[1;34m7->8  [0m[1;34m8->9  [0m[1;34m9->10  [0m[1;34m10->11  [0m[1;34m11->16  [0m[1;34m12->17  [0m[1;34m13->18  [0m[1;34m14->19  [0m[1;34m15->20  [0m[1;34m16->21  [0m[1;34m17->22  [0m[1;34m18->23  [0m[1;34m19->24  [0m[1;34m20->25  [0m[1;34m21->26  [0m[1;34m22->27  [0m[1;34m
[pthread wrapper] SKIP MASK: 0x0
[0m[1;34m	threadid 140214932506368 -> core 1 - OK[0m[1;34m
[0m[1;34m	threadid 140214924113664 -> core 2 - OK[0m[1;34m
[0m[1;34m	threadid 140214915720960 -> core 3 - OK[0m[1;34m
[0m[1;34m	threadid 140214907328256 -> core 4 - OK[0m[1;34m
[0m[1;34m	threadid 140214898935552 -> core 5 - OK[0m[1;34m
[0m[1;34m	threadid 140214890542848 -> core 6 - OK[0m[1;34m
[0m[1;34m	threadid 140214882150144 -> core 7 - OK[0m[1;34m
[0m[1;34m	threadid 140214873757440 -> core 8 - OK[0m[1;34m
[0m[1;34m	threadid 140214865364736 -> core 9 - OK[0m[1;34m
[0m[1;34m	threadid 140214856972032 -> core 10 - OK[0m[1;34m
[0m[1;34m	threadid 140214848579328 -> core 11 - OK[0m[1;34m
[0m[1;34m	threadid 140214840186624 -> core 16 - OK[0m[1;34m
[0m[1;34m	threadid 140214831793920 -> core 17 - OK[0m[1;34m
[0m[1;34m	threadid 140214823401216 -> core 18 - OK[0m[1;34m
[0m[1;34m	threadid 140214815008512 -> core 19 - OK[0m[1;34m
[0m[1;34m	threadid 140214806615808 -> core 20 - OK[0m[1;34m
[0m[1;34m	threadid 140214798223104 -> core 21 - OK[0m[1;34m
[0m[1;34m	threadid 140214789830400 -> core 22 - OK[0m[1;34m
[0m[1;34m	threadid 140214781437696 -> core 23 - OK[0m[1;34m
[0m[1;34m	threadid 140214773044992 -> core 24 - OK[0m[1;34m
[0m[1;34m	threadid 140214764652288 -> core 25 - OK[0m[1;34m
[0m[1;34m	threadid 140214756259584 -> core 26 - OK[0m[1;34m
[0m[1;34m	threadid 140214747866880 -> core 27 - OK[0m[1;34m
[0mFLOPs in stencil code:      12047257600
Time spent in stencil code: 0.423076
Performance in GFlop/s:     28.475404
x_max: 200
[1;34m[pthread wrapper] 
[0m[1;34m[pthread wrapper] MAIN -> 0
[0m[1;34m[pthread wrapper] PIN_MASK: [0m[1;34m0->1  [0m[1;34m1->2  [0m[1;34m2->3  [0m[1;34m3->4  [0m[1;34m4->5  [0m[1;34m5->6  [0m[1;34m6->7  [0m[1;34m7->8  [0m[1;34m8->9  [0m[1;34m9->10  [0m[1;34m10->11  [0m[1;34m11->16  [0m[1;34m12->17  [0m[1;34m13->18  [0m[1;34m14->19  [0m[1;34m15->20  [0m[1;34m16->21  [0m[1;34m17->22  [0m[1;34m18->23  [0m[1;34m19->24  [0m[1;34m20->25  [0m[1;34m21->26  [0m[1;34m22->27  [0m[1;34m
[pthread wrapper] SKIP MASK: 0x0
[0m[1;34m	threadid 140461928679168 -> core 1 - OK[0m[1;34m
[0m[1;34m	threadid 140461920286464 -> core 2 - OK[0m[1;34m
[0m[1;34m	threadid 140461911893760 -> core 3 - OK[0m[1;34m
[0m[1;34m	threadid 140461903501056 -> core 4 - OK[0m[1;34m
[0m[1;34m	threadid 140461895108352 -> core 5 - OK[0m[1;34m
[0m[1;34m	threadid 140461886715648 -> core 6 - OK[0m[1;34m
[0m[1;34m	threadid 140461878322944 -> core 7 - OK[0m[1;34m
[0m[1;34m	threadid 140461869930240 -> core 8 - OK[0m[1;34m
[0m[1;34m	threadid 140461861537536 -> core 9 - OK[0m[1;34m
[0m[1;34m	threadid 140461853144832 -> core 10 - OK[0m[1;34m
[0m[1;34m	threadid 140461844752128 -> core 11 - OK[0m[1;34m
[0m[1;34m	threadid 140461836359424 -> core 16 - OK[0m[1;34m
[0m[1;34m	threadid 140461827966720 -> core 17 - OK[0m[1;34m
[0m[1;34m	threadid 140461819574016 -> core 18 - OK[0m[1;34m
[0m[1;34m	threadid 140461811181312 -> core 19 - OK[0m[1;34m
[0m[1;34m	threadid 140461802788608 -> core 20 - OK[0m[1;34m
[0m[1;34m	threadid 140461794395904 -> core 21 - OK[0m[1;34m
[0m[1;34m	threadid 140461786003200 -> core 22 - OK[0m[1;34m
[0m[1;34m	threadid 140461777610496 -> core 23 - OK[0m[1;34m
[0m[1;34m	threadid 140461769217792 -> core 24 - OK[0m[1;34m
[0m[1;34m	threadid 140461760825088 -> core 25 - OK[0m[1;34m
[0m[1;34m	threadid 140461752432384 -> core 26 - OK[0m[1;34m
[0m[1;34m	threadid 140461744039680 -> core 27 - OK[0m[1;34m
[0mFLOPs in stencil code:      12047257600
Time spent in stencil code: 0.426127
Performance in GFlop/s:     28.271522
x_max: 200
[1;34m[pthread wrapper] 
[0m[1;34m[pthread wrapper] MAIN -> 0
[0m[1;34m[pthread wrapper] PIN_MASK: [0m[1;34m0->1  [0m[1;34m1->2  [0m[1;34m2->3  [0m[1;34m3->4  [0m[1;34m4->5  [0m[1;34m5->6  [0m[1;34m6->7  [0m[1;34m7->8  [0m[1;34m8->9  [0m[1;34m9->10  [0m[1;34m10->11  [0m[1;34m11->16  [0m[1;34m12->17  [0m[1;34m13->18  [0m[1;34m14->19  [0m[1;34m15->20  [0m[1;34m16->21  [0m[1;34m17->22  [0m[1;34m18->23  [0m[1;34m19->24  [0m[1;34m20->25  [0m[1;34m21->26  [0m[1;34m22->27  [0m[1;34m
[pthread wrapper] SKIP MASK: 0x0
[0m[1;34m	threadid 140474947733248 -> core 1 - OK[0m[1;34m
[0m[1;34m	threadid 140474939340544 -> core 2 - OK[0m[1;34m
[0m[1;34m	threadid 140474930947840 -> core 3 - OK[0m[1;34m
[0m[1;34m	threadid 140474922555136 -> core 4 - OK[0m[1;34m
[0m[1;34m	threadid 140474914162432 -> core 5 - OK[0m[1;34m
[0m[1;34m	threadid 140474905769728 -> core 6 - OK[0m[1;34m
[0m[1;34m	threadid 140474897377024 -> core 7 - OK[0m[1;34m
[0m[1;34m	threadid 140474888984320 -> core 8 - OK[0m[1;34m
[0m[1;34m	threadid 140474880591616 -> core 9 - OK[0m[1;34m
[0m[1;34m	threadid 140474872198912 -> core 10 - OK[0m[1;34m
[0m[1;34m	threadid 140474863806208 -> core 11 - OK[0m[1;34m
[0m[1;34m	threadid 140474855413504 -> core 16 - OK[0m[1;34m
[0m[1;34m	threadid 140474847020800 -> core 17 - OK[0m[1;34m
[0m[1;34m	threadid 140474838628096 -> core 18 - OK[0m[1;34m
[0m[1;34m	threadid 140474830235392 -> core 19 - OK[0m[1;34m
[0m[1;34m	threadid 140474821842688 -> core 20 - OK[0m[1;34m
[0m[1;34m	threadid 140474813449984 -> core 21 - OK[0m[1;34m
[0m[1;34m	threadid 140474805057280 -> core 22 - OK[0m[1;34m
[0m[1;34m	threadid 140474796664576 -> core 23 - OK[0m[1;34m
[0m[1;34m	threadid 140474788271872 -> core 24 - OK[0m[1;34m
[0m[1;34m	threadid 140474779879168 -> core 25 - OK[0m[1;34m
[0m[1;34m	threadid 140474771486464 -> core 26 - OK[0m[1;34m
[0m[1;34m	threadid 140474763093760 -> core 27 - OK[0m[1;34m
[0mFLOPs in stencil code:      12047257600
Time spent in stencil code: 0.424337
Performance in GFlop/s:     28.390784
x_max: 200
[1;34m[pthread wrapper] 
[0m[1;34m[pthread wrapper] MAIN -> 0
[0m[1;34m[pthread wrapper] PIN_MASK: [0m[1;34m0->1  [0m[1;34m1->2  [0m[1;34m2->3  [0m[1;34m3->4  [0m[1;34m4->5  [0m[1;34m5->6  [0m[1;34m6->7  [0m[1;34m7->8  [0m[1;34m8->9  [0m[1;34m9->10  [0m[1;34m10->11  [0m[1;34m11->16  [0m[1;34m12->17  [0m[1;34m13->18  [0m[1;34m14->19  [0m[1;34m15->20  [0m[1;34m16->21  [0m[1;34m17->22  [0m[1;34m18->23  [0m[1;34m19->24  [0m[1;34m20->25  [0m[1;34m21->26  [0m[1;34m22->27  [0m[1;34m
[pthread wrapper] SKIP MASK: 0x0
[0m[1;34m	threadid 140131920054016 -> core 1 - OK[0m[1;34m
[0m[1;34m	threadid 140131911661312 -> core 2 - OK[0m[1;34m
[0m[1;34m	threadid 140131903268608 -> core 3 - OK[0m[1;34m
[0m[1;34m	threadid 140131894875904 -> core 4 - OK[0m[1;34m
[0m[1;34m	threadid 140131886483200 -> core 5 - OK[0m[1;34m
[0m[1;34m	threadid 140131878090496 -> core 6 - OK[0m[1;34m
[0m[1;34m	threadid 140131869697792 -> core 7 - OK[0m[1;34m
[0m[1;34m	threadid 140131861305088 -> core 8 - OK[0m[1;34m
[0m[1;34m	threadid 140131852912384 -> core 9 - OK[0m[1;34m
[0m[1;34m	threadid 140131844519680 -> core 10 - OK[0m[1;34m
[0m[1;34m	threadid 140131836126976 -> core 11 - OK[0m[1;34m
[0m[1;34m	threadid 140131827734272 -> core 16 - OK[0m[1;34m
[0m[1;34m	threadid 140131819341568 -> core 17 - OK[0m[1;34m
[0m[1;34m	threadid 140131810948864 -> core 18 - OK[0m[1;34m
[0m[1;34m	threadid 140131802556160 -> core 19 - OK[0m[1;34m
[0m[1;34m	threadid 140131794163456 -> core 20 - OK[0m[1;34m
[0m[1;34m	threadid 140131785770752 -> core 21 - OK[0m[1;34m
[0m[1;34m	threadid 140131777378048 -> core 22 - OK[0m[1;34m
[0m[1;34m	threadid 140131768985344 -> core 23 - OK[0m[1;34m
[0m[1;34m	threadid 140131760592640 -> core 24 - OK[0m[1;34m
[0m[1;34m	threadid 140131752199936 -> core 25 - OK[0m[1;34m
[0m[1;34m	threadid 140131743807232 -> core 26 - OK[0m[1;34m
[0m[1;34m	threadid 140131735414528 -> core 27 - OK[0m[1;34m
[0mFLOPs in stencil code:      12047257600
Time spent in stencil code: 0.422583
Performance in GFlop/s:     28.508612
