x_max: 200
[1;34m[pthread wrapper] 
[0m[1;34m[pthread wrapper] MAIN -> 0
[0m[1;34m[pthread wrapper] PIN_MASK: [0m[1;34m0->1  [0m[1;34m1->2  [0m[1;34m2->3  [0m[1;34m3->4  [0m[1;34m4->5  [0m[1;34m5->6  [0m[1;34m6->7  [0m[1;34m7->8  [0m[1;34m8->9  [0m[1;34m9->10  [0m[1;34m10->11  [0m[1;34m
[pthread wrapper] SKIP MASK: 0x0
[0m[1;34m	threadid 140469348304640 -> core 1 - OK[0m[1;34m
[0m[1;34m	threadid 140469339911936 -> core 2 - OK[0m[1;34m
[0m[1;34m	threadid 140469331519232 -> core 3 - OK[0m[1;34m
[0m[1;34m	threadid 140469323126528 -> core 4 - OK[0m[1;34m
[0m[1;34m	threadid 140469314733824 -> core 5 - OK[0m[1;34m
[0m[1;34m	threadid 140469306341120 -> core 6 - OK[0m[1;34m
[0m[1;34m	threadid 140469297948416 -> core 7 - OK[0m[1;34m
[0m[1;34m	threadid 140469289555712 -> core 8 - OK[0m[1;34m
[0m[1;34m	threadid 140469281163008 -> core 9 - OK[0m[1;34m
[0m[1;34m	threadid 140469272770304 -> core 10 - OK[0m[1;34m
[0m[1;34m	threadid 140469264377600 -> core 11 - OK[0m[1;34m
[0mFLOPs in stencil code:      12047257600
Time spent in stencil code: 0.795904
Performance in GFlop/s:     15.136573
x_max: 200
[1;34m[pthread wrapper] 
[0m[1;34m[pthread wrapper] MAIN -> 0
[0m[1;34m[pthread wrapper] PIN_MASK: [0m[1;34m0->1  [0m[1;34m1->2  [0m[1;34m2->3  [0m[1;34m3->4  [0m[1;34m4->5  [0m[1;34m5->6  [0m[1;34m6->7  [0m[1;34m7->8  [0m[1;34m8->9  [0m[1;34m9->10  [0m[1;34m10->11  [0m[1;34m
[pthread wrapper] SKIP MASK: 0x0
[0m[1;34m	threadid 140643814508288 -> core 1 - OK[0m[1;34m
[0m[1;34m	threadid 140643806115584 -> core 2 - OK[0m[1;34m
[0m[1;34m	threadid 140643797722880 -> core 3 - OK[0m[1;34m
[0m[1;34m	threadid 140643789330176 -> core 4 - OK[0m[1;34m
[0m[1;34m	threadid 140643780937472 -> core 5 - OK[0m[1;34m
[0m[1;34m	threadid 140643772544768 -> core 6 - OK[0m[1;34m
[0m[1;34m	threadid 140643764152064 -> core 7 - OK[0m[1;34m
[0m[1;34m	threadid 140643755759360 -> core 8 - OK[0m[1;34m
[0m[1;34m	threadid 140643747366656 -> core 9 - OK[0m[1;34m
[0m[1;34m	threadid 140643738973952 -> core 10 - OK[0m[1;34m
[0m[1;34m	threadid 140643730581248 -> core 11 - OK[0m[1;34m
[0mFLOPs in stencil code:      12047257600
Time spent in stencil code: 0.789087
Performance in GFlop/s:     15.267341
x_max: 200
[1;34m[pthread wrapper] 
[0m[1;34m[pthread wrapper] MAIN -> 0
[0m[1;34m[pthread wrapper] PIN_MASK: [0m[1;34m0->1  [0m[1;34m1->2  [0m[1;34m2->3  [0m[1;34m3->4  [0m[1;34m4->5  [0m[1;34m5->6  [0m[1;34m6->7  [0m[1;34m7->8  [0m[1;34m8->9  [0m[1;34m9->10  [0m[1;34m10->11  [0m[1;34m
[pthread wrapper] SKIP MASK: 0x0
[0m[1;34m	threadid 139703610574592 -> core 1 - OK[0m[1;34m
[0m[1;34m	threadid 139703602181888 -> core 2 - OK[0m[1;34m
[0m[1;34m	threadid 139703593789184 -> core 3 - OK[0m[1;34m
[0m[1;34m	threadid 139703585396480 -> core 4 - OK[0m[1;34m
[0m[1;34m	threadid 139703577003776 -> core 5 - OK[0m[1;34m
[0m[1;34m	threadid 139703568611072 -> core 6 - OK[0m[1;34m
[0m[1;34m	threadid 139703560218368 -> core 7 - OK[0m[1;34m
[0m[1;34m	threadid 139703551825664 -> core 8 - OK[0m[1;34m
[0m[1;34m	threadid 139703543432960 -> core 9 - OK[0m[1;34m
[0m[1;34m	threadid 139703535040256 -> core 10 - OK[0m[1;34m
[0m[1;34m	threadid 139703526647552 -> core 11 - OK[0m[1;34m
[0mFLOPs in stencil code:      12047257600
Time spent in stencil code: 0.793849
Performance in GFlop/s:     15.175755
x_max: 200
[1;34m[pthread wrapper] 
[0m[1;34m[pthread wrapper] MAIN -> 0
[0m[1;34m[pthread wrapper] PIN_MASK: [0m[1;34m0->1  [0m[1;34m1->2  [0m[1;34m2->3  [0m[1;34m3->4  [0m[1;34m4->5  [0m[1;34m5->6  [0m[1;34m6->7  [0m[1;34m7->8  [0m[1;34m8->9  [0m[1;34m9->10  [0m[1;34m10->11  [0m[1;34m
[pthread wrapper] SKIP MASK: 0x0
[0m[1;34m	threadid 139620966369024 -> core 1 - OK[0m[1;34m
[0m[1;34m	threadid 139620957976320 -> core 2 - OK[0m[1;34m
[0m[1;34m	threadid 139620949583616 -> core 3 - OK[0m[1;34m
[0m[1;34m	threadid 139620941190912 -> core 4 - OK[0m[1;34m
[0m[1;34m	threadid 139620932798208 -> core 5 - OK[0m[1;34m
[0m[1;34m	threadid 139620924405504 -> core 6 - OK[0m[1;34m
[0m[1;34m	threadid 139620916012800 -> core 7 - OK[0m[1;34m
[0m[1;34m	threadid 139620907620096 -> core 8 - OK[0m[1;34m
[0m[1;34m	threadid 139620899227392 -> core 9 - OK[0m[1;34m
[0m[1;34m	threadid 139620890834688 -> core 10 - OK[0m[1;34m
[0m[1;34m	threadid 139620882441984 -> core 11 - OK[0m[1;34m
[0mFLOPs in stencil code:      12047257600
Time spent in stencil code: 0.792248
Performance in GFlop/s:     15.206422
x_max: 200
[1;34m[pthread wrapper] 
[0m[1;34m[pthread wrapper] MAIN -> 0
[0m[1;34m[pthread wrapper] PIN_MASK: [0m[1;34m0->1  [0m[1;34m1->2  [0m[1;34m2->3  [0m[1;34m3->4  [0m[1;34m4->5  [0m[1;34m5->6  [0m[1;34m6->7  [0m[1;34m7->8  [0m[1;34m8->9  [0m[1;34m9->10  [0m[1;34m10->11  [0m[1;34m
[pthread wrapper] SKIP MASK: 0x0
[0m[1;34m	threadid 140587234002688 -> core 1 - OK[0m[1;34m
[0m[1;34m	threadid 140587225609984 -> core 2 - OK[0m[1;34m
[0m[1;34m	threadid 140587217217280 -> core 3 - OK[0m[1;34m
[0m[1;34m	threadid 140587208824576 -> core 4 - OK[0m[1;34m
[0m[1;34m	threadid 140587200431872 -> core 5 - OK[0m[1;34m
[0m[1;34m	threadid 140587192039168 -> core 6 - OK[0m[1;34m
[0m[1;34m	threadid 140587183646464 -> core 7 - OK[0m[1;34m
[0m[1;34m	threadid 140587175253760 -> core 8 - OK[0m[1;34m
[0m[1;34m	threadid 140587166861056 -> core 9 - OK[0m[1;34m
[0m[1;34m	threadid 140587158468352 -> core 10 - OK[0m[1;34m
[0m[1;34m	threadid 140587150075648 -> core 11 - OK[0m[1;34m
[0mFLOPs in stencil code:      12047257600
Time spent in stencil code: 0.789035
Performance in GFlop/s:     15.268347
