x_max: 200
FLOPs in stencil code:      12047257600
Time spent in stencil code: 5.657537
Performance in GFlop/s:     2.129417
[1;34m[likwid-pin] Main PID -> core 0 - OK[0m
x_max: 200
FLOPs in stencil code:      12047257600
Time spent in stencil code: 5.668321
Performance in GFlop/s:     2.125366
[1;34m[likwid-pin] Main PID -> core 0 - OK[0m
x_max: 200
FLOPs in stencil code:      12047257600
Time spent in stencil code: 5.655294
Performance in GFlop/s:     2.130262
[1;34m[likwid-pin] Main PID -> core 0 - OK[0m
x_max: 200
FLOPs in stencil code:      12047257600
Time spent in stencil code: 5.669410
Performance in GFlop/s:     2.124958
[1;34m[likwid-pin] Main PID -> core 0 - OK[0m
x_max: 200
FLOPs in stencil code:      12047257600
Time spent in stencil code: 5.653380
Performance in GFlop/s:     2.130983
[1;34m[likwid-pin] Main PID -> core 0 - OK[0m
