x_max: 200
[1;34m[pthread wrapper] 
[0m[1;34m[pthread wrapper] MAIN -> 0
[0m[1;34m[pthread wrapper] PIN_MASK: [0m[1;34m0->1  [0m[1;34m1->2  [0m[1;34m2->3  [0m[1;34m3->4  [0m[1;34m4->5  [0m[1;34m5->6  [0m[1;34m6->7  [0m[1;34m7->16  [0m[1;34m8->17  [0m[1;34m9->18  [0m[1;34m10->19  [0m[1;34m11->20  [0m[1;34m12->21  [0m[1;34m13->22  [0m[1;34m14->23  [0m[1;34m
[pthread wrapper] SKIP MASK: 0x0
[0m[1;34m	threadid 140009195112192 -> core 1 - OK[0m[1;34m
[0m[1;34m	threadid 140009186719488 -> core 2 - OK[0m[1;34m
[0m[1;34m	threadid 140009178326784 -> core 3 - OK[0m[1;34m
[0m[1;34m	threadid 140009169934080 -> core 4 - OK[0m[1;34m
[0m[1;34m	threadid 140009161541376 -> core 5 - OK[0m[1;34m
[0m[1;34m	threadid 140009153148672 -> core 6 - OK[0m[1;34m
[0m[1;34m	threadid 140009144755968 -> core 7 - OK[0m[1;34m
[0m[1;34m	threadid 140009136363264 -> core 16 - OK[0m[1;34m
[0m[1;34m	threadid 140009127970560 -> core 17 - OK[0m[1;34m
[0m[1;34m	threadid 140009119577856 -> core 18 - OK[0m[1;34m
[0m[1;34m	threadid 140009111185152 -> core 19 - OK[0m[1;34m
[0m[1;34m	threadid 140009102792448 -> core 20 - OK[0m[1;34m
[0m[1;34m	threadid 140009094399744 -> core 21 - OK[0m[1;34m
[0m[1;34m	threadid 140009086007040 -> core 22 - OK[0m[1;34m
[0m[1;34m	threadid 140009077614336 -> core 23 - OK[0m[1;34m
[0mFLOPs in stencil code:      12047257600
Time spent in stencil code: 0.610724
Performance in GFlop/s:     19.726191
x_max: 200
[1;34m[pthread wrapper] 
[0m[1;34m[pthread wrapper] MAIN -> 0
[0m[1;34m[pthread wrapper] PIN_MASK: [0m[1;34m0->1  [0m[1;34m1->2  [0m[1;34m2->3  [0m[1;34m3->4  [0m[1;34m4->5  [0m[1;34m5->6  [0m[1;34m6->7  [0m[1;34m7->16  [0m[1;34m8->17  [0m[1;34m9->18  [0m[1;34m10->19  [0m[1;34m11->20  [0m[1;34m12->21  [0m[1;34m13->22  [0m[1;34m14->23  [0m[1;34m
[pthread wrapper] SKIP MASK: 0x0
[0m[1;34m	threadid 140449253000960 -> core 1 - OK[0m[1;34m
[0m[1;34m	threadid 140449244608256 -> core 2 - OK[0m[1;34m
[0m[1;34m	threadid 140449236215552 -> core 3 - OK[0m[1;34m
[0m[1;34m	threadid 140449227822848 -> core 4 - OK[0m[1;34m
[0m[1;34m	threadid 140449219430144 -> core 5 - OK[0m[1;34m
[0m[1;34m	threadid 140449211037440 -> core 6 - OK[0m[1;34m
[0m[1;34m	threadid 140449202644736 -> core 7 - OK[0m[1;34m
[0m[1;34m	threadid 140449194252032 -> core 16 - OK[0m[1;34m
[0m[1;34m	threadid 140449185859328 -> core 17 - OK[0m[1;34m
[0m[1;34m	threadid 140449177466624 -> core 18 - OK[0m[1;34m
[0m[1;34m	threadid 140449169073920 -> core 19 - OK[0m[1;34m
[0m[1;34m	threadid 140449160681216 -> core 20 - OK[0m[1;34m
[0m[1;34m	threadid 140449152288512 -> core 21 - OK[0m[1;34m
[0m[1;34m	threadid 140449143895808 -> core 22 - OK[0m[1;34m
[0m[1;34m	threadid 140449135503104 -> core 23 - OK[0m[1;34m
[0mFLOPs in stencil code:      12047257600
Time spent in stencil code: 0.609032
Performance in GFlop/s:     19.780996
x_max: 200
[1;34m[pthread wrapper] 
[0m[1;34m[pthread wrapper] MAIN -> 0
[0m[1;34m[pthread wrapper] PIN_MASK: [0m[1;34m0->1  [0m[1;34m1->2  [0m[1;34m2->3  [0m[1;34m3->4  [0m[1;34m4->5  [0m[1;34m5->6  [0m[1;34m6->7  [0m[1;34m7->16  [0m[1;34m8->17  [0m[1;34m9->18  [0m[1;34m10->19  [0m[1;34m11->20  [0m[1;34m12->21  [0m[1;34m13->22  [0m[1;34m14->23  [0m[1;34m
[pthread wrapper] SKIP MASK: 0x0
[0m[1;34m	threadid 139666412504832 -> core 1 - OK[0m[1;34m
[0m[1;34m	threadid 139666404112128 -> core 2 - OK[0m[1;34m
[0m[1;34m	threadid 139666395719424 -> core 3 - OK[0m[1;34m
[0m[1;34m	threadid 139666387326720 -> core 4 - OK[0m[1;34m
[0m[1;34m	threadid 139666378934016 -> core 5 - OK[0m[1;34m
[0m[1;34m	threadid 139666370541312 -> core 6 - OK[0m[1;34m
[0m[1;34m	threadid 139666362148608 -> core 7 - OK[0m[1;34m
[0m[1;34m	threadid 139666353755904 -> core 16 - OK[0m[1;34m
[0m[1;34m	threadid 139666345363200 -> core 17 - OK[0m[1;34m
[0m[1;34m	threadid 139666336970496 -> core 18 - OK[0m[1;34m
[0m[1;34m	threadid 139666328577792 -> core 19 - OK[0m[1;34m
[0m[1;34m	threadid 139666320185088 -> core 20 - OK[0m[1;34m
[0m[1;34m	threadid 139666311792384 -> core 21 - OK[0m[1;34m
[0m[1;34m	threadid 139666303399680 -> core 22 - OK[0m[1;34m
[0m[1;34m	threadid 139666295006976 -> core 23 - OK[0m[1;34m
[0mFLOPs in stencil code:      12047257600
Time spent in stencil code: 0.606220
Performance in GFlop/s:     19.872748
x_max: 200
[1;34m[pthread wrapper] 
[0m[1;34m[pthread wrapper] MAIN -> 0
[0m[1;34m[pthread wrapper] PIN_MASK: [0m[1;34m0->1  [0m[1;34m1->2  [0m[1;34m2->3  [0m[1;34m3->4  [0m[1;34m4->5  [0m[1;34m5->6  [0m[1;34m6->7  [0m[1;34m7->16  [0m[1;34m8->17  [0m[1;34m9->18  [0m[1;34m10->19  [0m[1;34m11->20  [0m[1;34m12->21  [0m[1;34m13->22  [0m[1;34m14->23  [0m[1;34m
[pthread wrapper] SKIP MASK: 0x0
[0m[1;34m	threadid 140213620737792 -> core 1 - OK[0m[1;34m
[0m[1;34m	threadid 140213612345088 -> core 2 - OK[0m[1;34m
[0m[1;34m	threadid 140213603952384 -> core 3 - OK[0m[1;34m
[0m[1;34m	threadid 140213595559680 -> core 4 - OK[0m[1;34m
[0m[1;34m	threadid 140213587166976 -> core 5 - OK[0m[1;34m
[0m[1;34m	threadid 140213578774272 -> core 6 - OK[0m[1;34m
[0m[1;34m	threadid 140213570381568 -> core 7 - OK[0m[1;34m
[0m[1;34m	threadid 140213561988864 -> core 16 - OK[0m[1;34m
[0m[1;34m	threadid 140213553596160 -> core 17 - OK[0m[1;34m
[0m[1;34m	threadid 140213545203456 -> core 18 - OK[0m[1;34m
[0m[1;34m	threadid 140213536810752 -> core 19 - OK[0m[1;34m
[0m[1;34m	threadid 140213528418048 -> core 20 - OK[0m[1;34m
[0m[1;34m	threadid 140213520025344 -> core 21 - OK[0m[1;34m
[0m[1;34m	threadid 140213511632640 -> core 22 - OK[0m[1;34m
[0m[1;34m	threadid 140213503239936 -> core 23 - OK[0m[1;34m
[0mFLOPs in stencil code:      12047257600
Time spent in stencil code: 0.602064
Performance in GFlop/s:     20.009932
x_max: 200
[1;34m[pthread wrapper] 
[0m[1;34m[pthread wrapper] MAIN -> 0
[0m[1;34m[pthread wrapper] PIN_MASK: [0m[1;34m0->1  [0m[1;34m1->2  [0m[1;34m2->3  [0m[1;34m3->4  [0m[1;34m4->5  [0m[1;34m5->6  [0m[1;34m6->7  [0m[1;34m7->16  [0m[1;34m8->17  [0m[1;34m9->18  [0m[1;34m10->19  [0m[1;34m11->20  [0m[1;34m12->21  [0m[1;34m13->22  [0m[1;34m14->23  [0m[1;34m
[pthread wrapper] SKIP MASK: 0x0
[0m[1;34m	threadid 140528033269504 -> core 1 - OK[0m[1;34m
[0m[1;34m	threadid 140528024876800 -> core 2 - OK[0m[1;34m
[0m[1;34m	threadid 140528016484096 -> core 3 - OK[0m[1;34m
[0m[1;34m	threadid 140528008091392 -> core 4 - OK[0m[1;34m
[0m[1;34m	threadid 140527999698688 -> core 5 - OK[0m[1;34m
[0m[1;34m	threadid 140527991305984 -> core 6 - OK[0m[1;34m
[0m[1;34m	threadid 140527982913280 -> core 7 - OK[0m[1;34m
[0m[1;34m	threadid 140527974520576 -> core 16 - OK[0m[1;34m
[0m[1;34m	threadid 140527966127872 -> core 17 - OK[0m[1;34m
[0m[1;34m	threadid 140527957735168 -> core 18 - OK[0m[1;34m
[0m[1;34m	threadid 140527949342464 -> core 19 - OK[0m[1;34m
[0m[1;34m	threadid 140527940949760 -> core 20 - OK[0m[1;34m
[0m[1;34m	threadid 140527932557056 -> core 21 - OK[0m[1;34m
[0m[1;34m	threadid 140527924164352 -> core 22 - OK[0m[1;34m
[0m[1;34m	threadid 140527915771648 -> core 23 - OK[0m[1;34m
[0mFLOPs in stencil code:      12047257600
Time spent in stencil code: 0.610379
Performance in GFlop/s:     19.737340
