[1;34m[pthread wrapper] 
[0m[1;34m[pthread wrapper] MAIN -> 0
[0m[1;34m[pthread wrapper] PIN_MASK: [0m[1;34m0->1  [0m[1;34m1->2  [0m[1;34m2->3  [0m[1;34m3->4  [0m[1;34m4->5  [0m[1;34m
[pthread wrapper] SKIP MASK: 0x0
[0m[1;34m	threadid 140327021836032 -> core 1 - OK[0m[1;34m
[0m[1;34m	threadid 140327013443328 -> core 2 - OK[0m[1;34m
[0m[1;34m	threadid 140327005050624 -> core 3 - OK[0m[1;34m
[0m[1;34m	threadid 140326996657920 -> core 4 - OK[0m[1;34m
[0m[1;34m	threadid 140326988265216 -> core 5 - OK[0m[1;34m
[0mFLOPs in stencil code:      1.612620e+09
Time spent in stencil code: 0.133762
Performance in GFlop/s:     12.055901
[1;34m[pthread wrapper] 
[0m[1;34m[pthread wrapper] MAIN -> 0
[0m[1;34m[pthread wrapper] PIN_MASK: [0m[1;34m0->1  [0m[1;34m1->2  [0m[1;34m2->3  [0m[1;34m3->4  [0m[1;34m4->5  [0m[1;34m
[pthread wrapper] SKIP MASK: 0x0
[0m[1;34m	threadid 140255696418560 -> core 1 - OK[0m[1;34m
[0m[1;34m	threadid 140255688025856 -> core 2 - OK[0m[1;34m
[0m[1;34m	threadid 140255679633152 -> core 3 - OK[0m[1;34m
[0m[1;34m	threadid 140255671240448 -> core 4 - OK[0m[1;34m
[0m[1;34m	threadid 140255662847744 -> core 5 - OK[0m[1;34m
[0mFLOPs in stencil code:      1.612620e+09
Time spent in stencil code: 0.133819
Performance in GFlop/s:     12.050767
[1;34m[pthread wrapper] 
[0m[1;34m[pthread wrapper] MAIN -> 0
[0m[1;34m[pthread wrapper] PIN_MASK: [0m[1;34m0->1  [0m[1;34m1->2  [0m[1;34m2->3  [0m[1;34m3->4  [0m[1;34m4->5  [0m[1;34m
[pthread wrapper] SKIP MASK: 0x0
[0m[1;34m	threadid 139622531921664 -> core 1 - OK[0m[1;34m
[0m[1;34m	threadid 139622523528960 -> core 2 - OK[0m[1;34m
[0m[1;34m	threadid 139622515136256 -> core 3 - OK[0m[1;34m
[0m[1;34m	threadid 139622506743552 -> core 4 - OK[0m[1;34m
[0m[1;34m	threadid 139622498350848 -> core 5 - OK[0m[1;34m
[0mFLOPs in stencil code:      1.612620e+09
Time spent in stencil code: 0.134022
Performance in GFlop/s:     12.032502
[1;34m[pthread wrapper] 
[0m[1;34m[pthread wrapper] MAIN -> 0
[0m[1;34m[pthread wrapper] PIN_MASK: [0m[1;34m0->1  [0m[1;34m1->2  [0m[1;34m2->3  [0m[1;34m3->4  [0m[1;34m4->5  [0m[1;34m
[pthread wrapper] SKIP MASK: 0x0
[0m[1;34m	threadid 140515632051968 -> core 1 - OK[0m[1;34m
[0m[1;34m	threadid 140515623659264 -> core 2 - OK[0m[1;34m
[0m[1;34m	threadid 140515615266560 -> core 3 - OK[0m[1;34m
[0m[1;34m	threadid 140515606873856 -> core 4 - OK[0m[1;34m
[0m[1;34m	threadid 140515598481152 -> core 5 - OK[0m[1;34m
[0mFLOPs in stencil code:      1.612620e+09
Time spent in stencil code: 0.133913
Performance in GFlop/s:     12.042314
[1;34m[pthread wrapper] 
[0m[1;34m[pthread wrapper] MAIN -> 0
[0m[1;34m[pthread wrapper] PIN_MASK: [0m[1;34m0->1  [0m[1;34m1->2  [0m[1;34m2->3  [0m[1;34m3->4  [0m[1;34m4->5  [0m[1;34m
[pthread wrapper] SKIP MASK: 0x0
[0m[1;34m	threadid 140153412253440 -> core 1 - OK[0m[1;34m
[0m[1;34m	threadid 140153403860736 -> core 2 - OK[0m[1;34m
[0m[1;34m	threadid 140153395468032 -> core 3 - OK[0m[1;34m
[0m[1;34m	threadid 140153387075328 -> core 4 - OK[0m[1;34m
[0m[1;34m	threadid 140153378682624 -> core 5 - OK[0m[1;34m
[0mFLOPs in stencil code:      1.612620e+09
Time spent in stencil code: 0.133721
Performance in GFlop/s:     12.059598
