[1;34m[pthread wrapper] 
[0m[1;34m[pthread wrapper] MAIN -> 0
[0m[1;34m[pthread wrapper] PIN_MASK: [0m[1;34m0->1  [0m[1;34m1->2  [0m[1;34m2->3  [0m[1;34m
[pthread wrapper] SKIP MASK: 0x0
[0m[1;34m	threadid 139707684550400 -> core 1 - OK[0m[1;34m
[0m[1;34m	threadid 139707676157696 -> core 2 - OK[0m[1;34m
[0m[1;34m	threadid 139707667764992 -> core 3 - OK[0m[1;34m
[0mFLOPs in stencil code:      1.612620e+09
Time spent in stencil code: 0.192127
Performance in GFlop/s:     8.393511
[1;34m[pthread wrapper] 
[0m[1;34m[pthread wrapper] MAIN -> 0
[0m[1;34m[pthread wrapper] PIN_MASK: [0m[1;34m0->1  [0m[1;34m1->2  [0m[1;34m2->3  [0m[1;34m
[pthread wrapper] SKIP MASK: 0x0
[0m[1;34m	threadid 140317399021312 -> core 1 - OK[0m[1;34m
[0m[1;34m	threadid 140317390628608 -> core 2 - OK[0m[1;34m
[0m[1;34m	threadid 140317382235904 -> core 3 - OK[0m[1;34m
[0mFLOPs in stencil code:      1.612620e+09
Time spent in stencil code: 0.192014
Performance in GFlop/s:     8.398451
[1;34m[pthread wrapper] 
[0m[1;34m[pthread wrapper] MAIN -> 0
[0m[1;34m[pthread wrapper] PIN_MASK: [0m[1;34m0->1  [0m[1;34m1->2  [0m[1;34m2->3  [0m[1;34m
[pthread wrapper] SKIP MASK: 0x0
[0m[1;34m	threadid 139745244608256 -> core 1 - OK[0m[1;34m
[0m[1;34m	threadid 139745236215552 -> core 2 - OK[0m[1;34m
[0m[1;34m	threadid 139745227822848 -> core 3 - OK[0m[1;34m
[0mFLOPs in stencil code:      1.612620e+09
Time spent in stencil code: 0.192215
Performance in GFlop/s:     8.389669
[1;34m[pthread wrapper] 
[0m[1;34m[pthread wrapper] MAIN -> 0
[0m[1;34m[pthread wrapper] PIN_MASK: [0m[1;34m0->1  [0m[1;34m1->2  [0m[1;34m2->3  [0m[1;34m
[pthread wrapper] SKIP MASK: 0x0
[0m[1;34m	threadid 140210574915328 -> core 1 - OK[0m[1;34m
[0m[1;34m	threadid 140210566522624 -> core 2 - OK[0m[1;34m
[0m[1;34m	threadid 140210558129920 -> core 3 - OK[0m[1;34m
[0mFLOPs in stencil code:      1.612620e+09
Time spent in stencil code: 0.192103
Performance in GFlop/s:     8.394563
[1;34m[pthread wrapper] 
[0m[1;34m[pthread wrapper] MAIN -> 0
[0m[1;34m[pthread wrapper] PIN_MASK: [0m[1;34m0->1  [0m[1;34m1->2  [0m[1;34m2->3  [0m[1;34m
[pthread wrapper] SKIP MASK: 0x0
[0m[1;34m	threadid 139881076684544 -> core 1 - OK[0m[1;34m
[0m[1;34m	threadid 139881068291840 -> core 2 - OK[0m[1;34m
[0m[1;34m	threadid 139881059899136 -> core 3 - OK[0m[1;34m
[0mFLOPs in stencil code:      1.612620e+09
Time spent in stencil code: 0.192393
Performance in GFlop/s:     8.381903
