[1;34m[pthread wrapper] 
[0m[1;34m[pthread wrapper] MAIN -> 0
[0m[1;34m[pthread wrapper] PIN_MASK: [0m[1;34m0->1  [0m[1;34m1->2  [0m[1;34m2->3  [0m[1;34m3->4  [0m[1;34m4->5  [0m[1;34m5->6  [0m[1;34m6->7  [0m[1;34m7->8  [0m[1;34m8->9  [0m[1;34m9->10  [0m[1;34m10->11  [0m[1;34m11->12  [0m[1;34m12->13  [0m[1;34m13->14  [0m[1;34m14->15  [0m[1;34m15->16  [0m[1;34m16->17  [0m[1;34m17->18  [0m[1;34m18->19  [0m[1;34m19->20  [0m[1;34m20->21  [0m[1;34m21->22  [0m[1;34m22->23  [0m[1;34m23->24  [0m[1;34m24->25  [0m[1;34m25->26  [0m[1;34m26->27  [0m[1;34m27->28  [0m[1;34m28->29  [0m[1;34m29->30  [0m[1;34m30->31  [0m[1;34m
[pthread wrapper] SKIP MASK: 0x0
[0m[1;34m	threadid 140650165335808 -> core 1 - OK[0m[1;34m
[0m[1;34m	threadid 140650156943104 -> core 2 - OK[0m[1;34m
[0m[1;34m	threadid 140650148550400 -> core 3 - OK[0m[1;34m
[0m[1;34m	threadid 140650140157696 -> core 4 - OK[0m[1;34m
[0m[1;34m	threadid 140650131764992 -> core 5 - OK[0m[1;34m
[0m[1;34m	threadid 140650123372288 -> core 6 - OK[0m[1;34m
[0m[1;34m	threadid 140650114979584 -> core 7 - OK[0m[1;34m
[0m[1;34m	threadid 140650106586880 -> core 8 - OK[0m[1;34m
[0m[1;34m	threadid 140650098194176 -> core 9 - OK[0m[1;34m
[0m[1;34m	threadid 140650089801472 -> core 10 - OK[0m[1;34m
[0m[1;34m	threadid 140650081408768 -> core 11 - OK[0m[1;34m
[0m[1;34m	threadid 140650073016064 -> core 12 - OK[0m[1;34m
[0m[1;34m	threadid 140650064623360 -> core 13 - OK[0m[1;34m
[0m[1;34m	threadid 140650056230656 -> core 14 - OK[0m[1;34m
[0m[1;34m	threadid 140650047837952 -> core 15 - OK[0m[1;34m
[0m[1;34m	threadid 140650039445248 -> core 16 - OK[0m[1;34m
[0m[1;34m	threadid 140650031052544 -> core 17 - OK[0m[1;34m
[0m[1;34m	threadid 140650022659840 -> core 18 - OK[0m[1;34m
[0m[1;34m	threadid 140650014267136 -> core 19 - OK[0m[1;34m
[0m[1;34m	threadid 140650005874432 -> core 20 - OK[0m[1;34m
[0m[1;34m	threadid 140649997481728 -> core 21 - OK[0m[1;34m
[0m[1;34m	threadid 140649989089024 -> core 22 - OK[0m[1;34m
[0m[1;34m	threadid 140649980696320 -> core 23 - OK[0m[1;34m
[0m[1;34m	threadid 140649972303616 -> core 24 - OK[0m[1;34m
[0m[1;34m	threadid 140649963910912 -> core 25 - OK[0m[1;34m
[0m[1;34m	threadid 140649955518208 -> core 26 - OK[0m[1;34m
[0m[1;34m	threadid 140649947125504 -> core 27 - OK[0m[1;34m
[0m[1;34m	threadid 140649938732800 -> core 28 - OK[0m[1;34m
[0m[1;34m	threadid 140649930340096 -> core 29 - OK[0m[1;34m
[0m[1;34m	threadid 140649921947392 -> core 30 - OK[0m[1;34m
[0m[1;34m	threadid 140649913554688 -> core 31 - OK[0m[1;34m
[0mFLOPs in stencil code:      1.612620e+09
Time spent in stencil code: 0.029178
Performance in GFlop/s:     55.268534
[1;34m[pthread wrapper] 
[0m[1;34m[pthread wrapper] MAIN -> 0
[0m[1;34m[pthread wrapper] PIN_MASK: [0m[1;34m0->1  [0m[1;34m1->2  [0m[1;34m2->3  [0m[1;34m3->4  [0m[1;34m4->5  [0m[1;34m5->6  [0m[1;34m6->7  [0m[1;34m7->8  [0m[1;34m8->9  [0m[1;34m9->10  [0m[1;34m10->11  [0m[1;34m11->12  [0m[1;34m12->13  [0m[1;34m13->14  [0m[1;34m14->15  [0m[1;34m15->16  [0m[1;34m16->17  [0m[1;34m17->18  [0m[1;34m18->19  [0m[1;34m19->20  [0m[1;34m20->21  [0m[1;34m21->22  [0m[1;34m22->23  [0m[1;34m23->24  [0m[1;34m24->25  [0m[1;34m25->26  [0m[1;34m26->27  [0m[1;34m27->28  [0m[1;34m28->29  [0m[1;34m29->30  [0m[1;34m30->31  [0m[1;34m
[pthread wrapper] SKIP MASK: 0x0
[0m[1;34m	threadid 140383826933504 -> core 1 - OK[0m[1;34m
[0m[1;34m	threadid 140383818540800 -> core 2 - OK[0m[1;34m
[0m[1;34m	threadid 140383810148096 -> core 3 - OK[0m[1;34m
[0m[1;34m	threadid 140383801755392 -> core 4 - OK[0m[1;34m
[0m[1;34m	threadid 140383793362688 -> core 5 - OK[0m[1;34m
[0m[1;34m	threadid 140383784969984 -> core 6 - OK[0m[1;34m
[0m[1;34m	threadid 140383776577280 -> core 7 - OK[0m[1;34m
[0m[1;34m	threadid 140383768184576 -> core 8 - OK[0m[1;34m
[0m[1;34m	threadid 140383759791872 -> core 9 - OK[0m[1;34m
[0m[1;34m	threadid 140383751399168 -> core 10 - OK[0m[1;34m
[0m[1;34m	threadid 140383743006464 -> core 11 - OK[0m[1;34m
[0m[1;34m	threadid 140383734613760 -> core 12 - OK[0m[1;34m
[0m[1;34m	threadid 140383726221056 -> core 13 - OK[0m[1;34m
[0m[1;34m	threadid 140383717828352 -> core 14 - OK[0m[1;34m
[0m[1;34m	threadid 140383709435648 -> core 15 - OK[0m[1;34m
[0m[1;34m	threadid 140383701042944 -> core 16 - OK[0m[1;34m
[0m[1;34m	threadid 140383692650240 -> core 17 - OK[0m[1;34m
[0m[1;34m	threadid 140383684257536 -> core 18 - OK[0m[1;34m
[0m[1;34m	threadid 140383675864832 -> core 19 - OK[0m[1;34m
[0m[1;34m	threadid 140383667472128 -> core 20 - OK[0m[1;34m
[0m[1;34m	threadid 140383659079424 -> core 21 - OK[0m[1;34m
[0m[1;34m	threadid 140383650686720 -> core 22 - OK[0m[1;34m
[0m[1;34m	threadid 140383642294016 -> core 23 - OK[0m[1;34m
[0m[1;34m	threadid 140383633901312 -> core 24 - OK[0m[1;34m
[0m[1;34m	threadid 140383625508608 -> core 25 - OK[0m[1;34m
[0m[1;34m	threadid 140383617115904 -> core 26 - OK[0m[1;34m
[0m[1;34m	threadid 140383608723200 -> core 27 - OK[0m[1;34m
[0m[1;34m	threadid 140383600330496 -> core 28 - OK[0m[1;34m
[0m[1;34m	threadid 140383591937792 -> core 29 - OK[0m[1;34m
[0m[1;34m	threadid 140383583545088 -> core 30 - OK[0m[1;34m
[0m[1;34m	threadid 140383575152384 -> core 31 - OK[0m[1;34m
[0mFLOPs in stencil code:      1.612620e+09
Time spent in stencil code: 0.028668
Performance in GFlop/s:     56.251246
[1;34m[pthread wrapper] 
[0m[1;34m[pthread wrapper] MAIN -> 0
[0m[1;34m[pthread wrapper] PIN_MASK: [0m[1;34m0->1  [0m[1;34m1->2  [0m[1;34m2->3  [0m[1;34m3->4  [0m[1;34m4->5  [0m[1;34m5->6  [0m[1;34m6->7  [0m[1;34m7->8  [0m[1;34m8->9  [0m[1;34m9->10  [0m[1;34m10->11  [0m[1;34m11->12  [0m[1;34m12->13  [0m[1;34m13->14  [0m[1;34m14->15  [0m[1;34m15->16  [0m[1;34m16->17  [0m[1;34m17->18  [0m[1;34m18->19  [0m[1;34m19->20  [0m[1;34m20->21  [0m[1;34m21->22  [0m[1;34m22->23  [0m[1;34m23->24  [0m[1;34m24->25  [0m[1;34m25->26  [0m[1;34m26->27  [0m[1;34m27->28  [0m[1;34m28->29  [0m[1;34m29->30  [0m[1;34m30->31  [0m[1;34m
[pthread wrapper] SKIP MASK: 0x0
[0m[1;34m	threadid 140385428207360 -> core 1 - OK[0m[1;34m
[0m[1;34m	threadid 140385419814656 -> core 2 - OK[0m[1;34m
[0m[1;34m	threadid 140385411421952 -> core 3 - OK[0m[1;34m
[0m[1;34m	threadid 140385403029248 -> core 4 - OK[0m[1;34m
[0m[1;34m	threadid 140385394636544 -> core 5 - OK[0m[1;34m
[0m[1;34m	threadid 140385386243840 -> core 6 - OK[0m[1;34m
[0m[1;34m	threadid 140385377851136 -> core 7 - OK[0m[1;34m
[0m[1;34m	threadid 140385369458432 -> core 8 - OK[0m[1;34m
[0m[1;34m	threadid 140385361065728 -> core 9 - OK[0m[1;34m
[0m[1;34m	threadid 140385352673024 -> core 10 - OK[0m[1;34m
[0m[1;34m	threadid 140385344280320 -> core 11 - OK[0m[1;34m
[0m[1;34m	threadid 140385335887616 -> core 12 - OK[0m[1;34m
[0m[1;34m	threadid 140385327494912 -> core 13 - OK[0m[1;34m
[0m[1;34m	threadid 140385319102208 -> core 14 - OK[0m[1;34m
[0m[1;34m	threadid 140385310709504 -> core 15 - OK[0m[1;34m
[0m[1;34m	threadid 140385302316800 -> core 16 - OK[0m[1;34m
[0m[1;34m	threadid 140385293924096 -> core 17 - OK[0m[1;34m
[0m[1;34m	threadid 140385285531392 -> core 18 - OK[0m[1;34m
[0m[1;34m	threadid 140385277138688 -> core 19 - OK[0m[1;34m
[0m[1;34m	threadid 140385268745984 -> core 20 - OK[0m[1;34m
[0m[1;34m	threadid 140385260353280 -> core 21 - OK[0m[1;34m
[0m[1;34m	threadid 140385251960576 -> core 22 - OK[0m[1;34m
[0m[1;34m	threadid 140385243567872 -> core 23 - OK[0m[1;34m
[0m[1;34m	threadid 140385235175168 -> core 24 - OK[0m[1;34m
[0m[1;34m	threadid 140385226782464 -> core 25 - OK[0m[1;34m
[0m[1;34m	threadid 140385218389760 -> core 26 - OK[0m[1;34m
[0m[1;34m	threadid 140385209997056 -> core 27 - OK[0m[1;34m
[0m[1;34m	threadid 140385201604352 -> core 28 - OK[0m[1;34m
[0m[1;34m	threadid 140385193211648 -> core 29 - OK[0m[1;34m
[0m[1;34m	threadid 140385184818944 -> core 30 - OK[0m[1;34m
[0m[1;34m	threadid 140385176426240 -> core 31 - OK[0m[1;34m
[0mFLOPs in stencil code:      1.612620e+09
Time spent in stencil code: 0.028925
Performance in GFlop/s:     55.751884
[1;34m[pthread wrapper] 
[0m[1;34m[pthread wrapper] MAIN -> 0
[0m[1;34m[pthread wrapper] PIN_MASK: [0m[1;34m0->1  [0m[1;34m1->2  [0m[1;34m2->3  [0m[1;34m3->4  [0m[1;34m4->5  [0m[1;34m5->6  [0m[1;34m6->7  [0m[1;34m7->8  [0m[1;34m8->9  [0m[1;34m9->10  [0m[1;34m10->11  [0m[1;34m11->12  [0m[1;34m12->13  [0m[1;34m13->14  [0m[1;34m14->15  [0m[1;34m15->16  [0m[1;34m16->17  [0m[1;34m17->18  [0m[1;34m18->19  [0m[1;34m19->20  [0m[1;34m20->21  [0m[1;34m21->22  [0m[1;34m22->23  [0m[1;34m23->24  [0m[1;34m24->25  [0m[1;34m25->26  [0m[1;34m26->27  [0m[1;34m27->28  [0m[1;34m28->29  [0m[1;34m29->30  [0m[1;34m30->31  [0m[1;34m
[pthread wrapper] SKIP MASK: 0x0
[0m[1;34m	threadid 140340074510080 -> core 1 - OK[0m[1;34m
[0m[1;34m	threadid 140340066117376 -> core 2 - OK[0m[1;34m
[0m[1;34m	threadid 140340057724672 -> core 3 - OK[0m[1;34m
[0m[1;34m	threadid 140340049331968 -> core 4 - OK[0m[1;34m
[0m[1;34m	threadid 140340040939264 -> core 5 - OK[0m[1;34m
[0m[1;34m	threadid 140340032546560 -> core 6 - OK[0m[1;34m
[0m[1;34m	threadid 140340024153856 -> core 7 - OK[0m[1;34m
[0m[1;34m	threadid 140340015761152 -> core 8 - OK[0m[1;34m
[0m[1;34m	threadid 140340007368448 -> core 9 - OK[0m[1;34m
[0m[1;34m	threadid 140339998975744 -> core 10 - OK[0m[1;34m
[0m[1;34m	threadid 140339990583040 -> core 11 - OK[0m[1;34m
[0m[1;34m	threadid 140339982190336 -> core 12 - OK[0m[1;34m
[0m[1;34m	threadid 140339973797632 -> core 13 - OK[0m[1;34m
[0m[1;34m	threadid 140339965404928 -> core 14 - OK[0m[1;34m
[0m[1;34m	threadid 140339957012224 -> core 15 - OK[0m[1;34m
[0m[1;34m	threadid 140339948619520 -> core 16 - OK[0m[1;34m
[0m[1;34m	threadid 140339940226816 -> core 17 - OK[0m[1;34m
[0m[1;34m	threadid 140339931834112 -> core 18 - OK[0m[1;34m
[0m[1;34m	threadid 140339923441408 -> core 19 - OK[0m[1;34m
[0m[1;34m	threadid 140339915048704 -> core 20 - OK[0m[1;34m
[0m[1;34m	threadid 140339906656000 -> core 21 - OK[0m[1;34m
[0m[1;34m	threadid 140339898263296 -> core 22 - OK[0m[1;34m
[0m[1;34m	threadid 140339889870592 -> core 23 - OK[0m[1;34m
[0m[1;34m	threadid 140339881477888 -> core 24 - OK[0m[1;34m
[0m[1;34m	threadid 140339873085184 -> core 25 - OK[0m[1;34m
[0m[1;34m	threadid 140339864692480 -> core 26 - OK[0m[1;34m
[0m[1;34m	threadid 140339856299776 -> core 27 - OK[0m[1;34m
[0m[1;34m	threadid 140339847907072 -> core 28 - OK[0m[1;34m
[0m[1;34m	threadid 140339839514368 -> core 29 - OK[0m[1;34m
[0m[1;34m	threadid 140339831121664 -> core 30 - OK[0m[1;34m
[0m[1;34m	threadid 140339822728960 -> core 31 - OK[0m[1;34m
[0mFLOPs in stencil code:      1.612620e+09
Time spent in stencil code: 0.028996
Performance in GFlop/s:     55.614818
[1;34m[pthread wrapper] 
[0m[1;34m[pthread wrapper] MAIN -> 0
[0m[1;34m[pthread wrapper] PIN_MASK: [0m[1;34m0->1  [0m[1;34m1->2  [0m[1;34m2->3  [0m[1;34m3->4  [0m[1;34m4->5  [0m[1;34m5->6  [0m[1;34m6->7  [0m[1;34m7->8  [0m[1;34m8->9  [0m[1;34m9->10  [0m[1;34m10->11  [0m[1;34m11->12  [0m[1;34m12->13  [0m[1;34m13->14  [0m[1;34m14->15  [0m[1;34m15->16  [0m[1;34m16->17  [0m[1;34m17->18  [0m[1;34m18->19  [0m[1;34m19->20  [0m[1;34m20->21  [0m[1;34m21->22  [0m[1;34m22->23  [0m[1;34m23->24  [0m[1;34m24->25  [0m[1;34m25->26  [0m[1;34m26->27  [0m[1;34m27->28  [0m[1;34m28->29  [0m[1;34m29->30  [0m[1;34m30->31  [0m[1;34m
[pthread wrapper] SKIP MASK: 0x0
[0m[1;34m	threadid 139803529541376 -> core 1 - OK[0m[1;34m
[0m[1;34m	threadid 139803521148672 -> core 2 - OK[0m[1;34m
[0m[1;34m	threadid 139803512755968 -> core 3 - OK[0m[1;34m
[0m[1;34m	threadid 139803504363264 -> core 4 - OK[0m[1;34m
[0m[1;34m	threadid 139803495970560 -> core 5 - OK[0m[1;34m
[0m[1;34m	threadid 139803487577856 -> core 6 - OK[0m[1;34m
[0m[1;34m	threadid 139803479185152 -> core 7 - OK[0m[1;34m
[0m[1;34m	threadid 139803470792448 -> core 8 - OK[0m[1;34m
[0m[1;34m	threadid 139803462399744 -> core 9 - OK[0m[1;34m
[0m[1;34m	threadid 139803454007040 -> core 10 - OK[0m[1;34m
[0m[1;34m	threadid 139803445614336 -> core 11 - OK[0m[1;34m
[0m[1;34m	threadid 139803437221632 -> core 12 - OK[0m[1;34m
[0m[1;34m	threadid 139803428828928 -> core 13 - OK[0m[1;34m
[0m[1;34m	threadid 139803420436224 -> core 14 - OK[0m[1;34m
[0m[1;34m	threadid 139803412043520 -> core 15 - OK[0m[1;34m
[0m[1;34m	threadid 139803403650816 -> core 16 - OK[0m[1;34m
[0m[1;34m	threadid 139803395258112 -> core 17 - OK[0m[1;34m
[0m[1;34m	threadid 139803386865408 -> core 18 - OK[0m[1;34m
[0m[1;34m	threadid 139803378472704 -> core 19 - OK[0m[1;34m
[0m[1;34m	threadid 139803370080000 -> core 20 - OK[0m[1;34m
[0m[1;34m	threadid 139803361687296 -> core 21 - OK[0m[1;34m
[0m[1;34m	threadid 139803353294592 -> core 22 - OK[0m[1;34m
[0m[1;34m	threadid 139803344901888 -> core 23 - OK[0m[1;34m
[0m[1;34m	threadid 139803336509184 -> core 24 - OK[0m[1;34m
[0m[1;34m	threadid 139803328116480 -> core 25 - OK[0m[1;34m
[0m[1;34m	threadid 139803319723776 -> core 26 - OK[0m[1;34m
[0m[1;34m	threadid 139803311331072 -> core 27 - OK[0m[1;34m
[0m[1;34m	threadid 139803302938368 -> core 28 - OK[0m[1;34m
[0m[1;34m	threadid 139803294545664 -> core 29 - OK[0m[1;34m
[0m[1;34m	threadid 139803286152960 -> core 30 - OK[0m[1;34m
[0m[1;34m	threadid 139803277760256 -> core 31 - OK[0m[1;34m
[0mFLOPs in stencil code:      1.612620e+09
Time spent in stencil code: 0.028645
Performance in GFlop/s:     56.296660
