[1;34m[pthread wrapper] 
[0m[1;34m[pthread wrapper] MAIN -> 0
[0m[1;34m[pthread wrapper] PIN_MASK: [0m[1;34m0->1  [0m[1;34m1->2  [0m[1;34m2->16  [0m[1;34m3->17  [0m[1;34m4->18  [0m[1;34m
[pthread wrapper] SKIP MASK: 0x0
[0m[1;34m	threadid 140224561149696 -> core 1 - OK[0m[1;34m
[0m[1;34m	threadid 140224552756992 -> core 2 - OK[0m[1;34m
[0m[1;34m	threadid 140224544364288 -> core 16 - OK[0m[1;34m
[0m[1;34m	threadid 140224535971584 -> core 17 - OK[0m[1;34m
[0m[1;34m	threadid 140224527578880 -> core 18 - OK[0m[1;34m
[0mFLOPs in stencil code:      1.612620e+09
Time spent in stencil code: 0.129171
Performance in GFlop/s:     12.484368
[1;34m[pthread wrapper] 
[0m[1;34m[pthread wrapper] MAIN -> 0
[0m[1;34m[pthread wrapper] PIN_MASK: [0m[1;34m0->1  [0m[1;34m1->2  [0m[1;34m2->16  [0m[1;34m3->17  [0m[1;34m4->18  [0m[1;34m
[pthread wrapper] SKIP MASK: 0x0
[0m[1;34m	threadid 140066425534208 -> core 1 - OK[0m[1;34m
[0m[1;34m	threadid 140066417141504 -> core 2 - OK[0m[1;34m
[0m[1;34m	threadid 140066408748800 -> core 16 - OK[0m[1;34m
[0m[1;34m	threadid 140066400356096 -> core 17 - OK[0m[1;34m
[0m[1;34m	threadid 140066391963392 -> core 18 - OK[0m[1;34m
[0mFLOPs in stencil code:      1.612620e+09
Time spent in stencil code: 0.129028
Performance in GFlop/s:     12.498210
[1;34m[pthread wrapper] 
[0m[1;34m[pthread wrapper] MAIN -> 0
[0m[1;34m[pthread wrapper] PIN_MASK: [0m[1;34m0->1  [0m[1;34m1->2  [0m[1;34m2->16  [0m[1;34m3->17  [0m[1;34m4->18  [0m[1;34m
[pthread wrapper] SKIP MASK: 0x0
[0m[1;34m	threadid 139710401410816 -> core 1 - OK[0m[1;34m
[0m[1;34m	threadid 139710393018112 -> core 2 - OK[0m[1;34m
[0m[1;34m	threadid 139710384625408 -> core 16 - OK[0m[1;34m
[0m[1;34m	threadid 139710376232704 -> core 17 - OK[0m[1;34m
[0m[1;34m	threadid 139710367840000 -> core 18 - OK[0m[1;34m
[0mFLOPs in stencil code:      1.612620e+09
Time spent in stencil code: 0.129097
Performance in GFlop/s:     12.491539
[1;34m[pthread wrapper] 
[0m[1;34m[pthread wrapper] MAIN -> 0
[0m[1;34m[pthread wrapper] PIN_MASK: [0m[1;34m0->1  [0m[1;34m1->2  [0m[1;34m2->16  [0m[1;34m3->17  [0m[1;34m4->18  [0m[1;34m
[pthread wrapper] SKIP MASK: 0x0
[0m[1;34m	threadid 140612042290944 -> core 1 - OK[0m[1;34m
[0m[1;34m	threadid 140612033898240 -> core 2 - OK[0m[1;34m
[0m[1;34m	threadid 140612025505536 -> core 16 - OK[0m[1;34m
[0m[1;34m	threadid 140612017112832 -> core 17 - OK[0m[1;34m
[0m[1;34m	threadid 140612008720128 -> core 18 - OK[0m[1;34m
[0mFLOPs in stencil code:      1.612620e+09
Time spent in stencil code: 0.128896
Performance in GFlop/s:     12.511017
[1;34m[pthread wrapper] 
[0m[1;34m[pthread wrapper] MAIN -> 0
[0m[1;34m[pthread wrapper] PIN_MASK: [0m[1;34m0->1  [0m[1;34m1->2  [0m[1;34m2->16  [0m[1;34m3->17  [0m[1;34m4->18  [0m[1;34m
[pthread wrapper] SKIP MASK: 0x0
[0m[1;34m	threadid 140205856552704 -> core 1 - OK[0m[1;34m
[0m[1;34m	threadid 140205848160000 -> core 2 - OK[0m[1;34m
[0m[1;34m	threadid 140205839767296 -> core 16 - OK[0m[1;34m
[0m[1;34m	threadid 140205831374592 -> core 17 - OK[0m[1;34m
[0m[1;34m	threadid 140205822981888 -> core 18 - OK[0m[1;34m
[0mFLOPs in stencil code:      1.612620e+09
Time spent in stencil code: 0.128731
Performance in GFlop/s:     12.527051
