[1;34m[pthread wrapper] 
[0m[1;34m[pthread wrapper] MAIN -> 0
[0m[1;34m[pthread wrapper] PIN_MASK: [0m[1;34m0->1  [0m[1;34m1->2  [0m[1;34m2->3  [0m[1;34m3->4  [0m[1;34m4->5  [0m[1;34m5->6  [0m[1;34m6->7  [0m[1;34m7->8  [0m[1;34m8->9  [0m[1;34m9->10  [0m[1;34m10->11  [0m[1;34m11->12  [0m[1;34m12->13  [0m[1;34m13->14  [0m[1;34m14->15  [0m[1;34m15->16  [0m[1;34m16->17  [0m[1;34m17->18  [0m[1;34m18->19  [0m[1;34m19->20  [0m[1;34m20->21  [0m[1;34m21->22  [0m[1;34m22->23  [0m[1;34m23->24  [0m[1;34m24->25  [0m[1;34m25->26  [0m[1;34m26->27  [0m[1;34m27->28  [0m[1;34m28->29  [0m[1;34m29->30  [0m[1;34m30->31  [0m[1;34m
[pthread wrapper] SKIP MASK: 0x0
[0m[1;34m	threadid 140505347028736 -> core 1 - OK[0m[1;34m
[0m[1;34m	threadid 140505338636032 -> core 2 - OK[0m[1;34m
[0m[1;34m	threadid 140505330243328 -> core 3 - OK[0m[1;34m
[0m[1;34m	threadid 140505321850624 -> core 4 - OK[0m[1;34m
[0m[1;34m	threadid 140505313457920 -> core 5 - OK[0m[1;34m
[0m[1;34m	threadid 140505305065216 -> core 6 - OK[0m[1;34m
[0m[1;34m	threadid 140505296672512 -> core 7 - OK[0m[1;34m
[0m[1;34m	threadid 140505288279808 -> core 8 - OK[0m[1;34m
[0m[1;34m	threadid 140505279887104 -> core 9 - OK[0m[1;34m
[0m[1;34m	threadid 140505271494400 -> core 10 - OK[0m[1;34m
[0m[1;34m	threadid 140505263101696 -> core 11 - OK[0m[1;34m
[0m[1;34m	threadid 140505254708992 -> core 12 - OK[0m[1;34m
[0m[1;34m	threadid 140505246316288 -> core 13 - OK[0m[1;34m
[0m[1;34m	threadid 140505237923584 -> core 14 - OK[0m[1;34m
[0m[1;34m	threadid 140505229530880 -> core 15 - OK[0m[1;34m
[0m[1;34m	threadid 140505221138176 -> core 16 - OK[0m[1;34m
[0m[1;34m	threadid 140505212745472 -> core 17 - OK[0m[1;34m
[0m[1;34m	threadid 140505204352768 -> core 18 - OK[0m[1;34m
[0m[1;34m	threadid 140505195960064 -> core 19 - OK[0m[1;34m
[0m[1;34m	threadid 140505187567360 -> core 20 - OK[0m[1;34m
[0m[1;34m	threadid 140505179174656 -> core 21 - OK[0m[1;34m
[0m[1;34m	threadid 140505170781952 -> core 22 - OK[0m[1;34m
[0m[1;34m	threadid 140505162389248 -> core 23 - OK[0m[1;34m
[0m[1;34m	threadid 140505153996544 -> core 24 - OK[0m[1;34m
[0m[1;34m	threadid 140505145603840 -> core 25 - OK[0m[1;34m
[0m[1;34m	threadid 140505137211136 -> core 26 - OK[0m[1;34m
[0m[1;34m	threadid 140505128818432 -> core 27 - OK[0m[1;34m
[0m[1;34m	threadid 140505120425728 -> core 28 - OK[0m[1;34m
[0m[1;34m	threadid 140505112033024 -> core 29 - OK[0m[1;34m
[0m[1;34m	threadid 140505103640320 -> core 30 - OK[0m[1;34m
[0m[1;34m	threadid 140505095247616 -> core 31 - OK[0m[1;34m
[0mFLOPs in stencil code:      1.612620e+09
Time spent in stencil code: 0.028668
Performance in GFlop/s:     56.251713
[1;34m[pthread wrapper] 
[0m[1;34m[pthread wrapper] MAIN -> 0
[0m[1;34m[pthread wrapper] PIN_MASK: [0m[1;34m0->1  [0m[1;34m1->2  [0m[1;34m2->3  [0m[1;34m3->4  [0m[1;34m4->5  [0m[1;34m5->6  [0m[1;34m6->7  [0m[1;34m7->8  [0m[1;34m8->9  [0m[1;34m9->10  [0m[1;34m10->11  [0m[1;34m11->12  [0m[1;34m12->13  [0m[1;34m13->14  [0m[1;34m14->15  [0m[1;34m15->16  [0m[1;34m16->17  [0m[1;34m17->18  [0m[1;34m18->19  [0m[1;34m19->20  [0m[1;34m20->21  [0m[1;34m21->22  [0m[1;34m22->23  [0m[1;34m23->24  [0m[1;34m24->25  [0m[1;34m25->26  [0m[1;34m26->27  [0m[1;34m27->28  [0m[1;34m28->29  [0m[1;34m29->30  [0m[1;34m30->31  [0m[1;34m
[pthread wrapper] SKIP MASK: 0x0
[0m[1;34m	threadid 140005647873792 -> core 1 - OK[0m[1;34m
[0m[1;34m	threadid 140005639481088 -> core 2 - OK[0m[1;34m
[0m[1;34m	threadid 140005631088384 -> core 3 - OK[0m[1;34m
[0m[1;34m	threadid 140005622695680 -> core 4 - OK[0m[1;34m
[0m[1;34m	threadid 140005614302976 -> core 5 - OK[0m[1;34m
[0m[1;34m	threadid 140005605910272 -> core 6 - OK[0m[1;34m
[0m[1;34m	threadid 140005597517568 -> core 7 - OK[0m[1;34m
[0m[1;34m	threadid 140005589124864 -> core 8 - OK[0m[1;34m
[0m[1;34m	threadid 140005580732160 -> core 9 - OK[0m[1;34m
[0m[1;34m	threadid 140005572339456 -> core 10 - OK[0m[1;34m
[0m[1;34m	threadid 140005563946752 -> core 11 - OK[0m[1;34m
[0m[1;34m	threadid 140005555554048 -> core 12 - OK[0m[1;34m
[0m[1;34m	threadid 140005547161344 -> core 13 - OK[0m[1;34m
[0m[1;34m	threadid 140005538768640 -> core 14 - OK[0m[1;34m
[0m[1;34m	threadid 140005530375936 -> core 15 - OK[0m[1;34m
[0m[1;34m	threadid 140005521983232 -> core 16 - OK[0m[1;34m
[0m[1;34m	threadid 140005513590528 -> core 17 - OK[0m[1;34m
[0m[1;34m	threadid 140005505197824 -> core 18 - OK[0m[1;34m
[0m[1;34m	threadid 140005496805120 -> core 19 - OK[0m[1;34m
[0m[1;34m	threadid 140005488412416 -> core 20 - OK[0m[1;34m
[0m[1;34m	threadid 140005480019712 -> core 21 - OK[0m[1;34m
[0m[1;34m	threadid 140005471627008 -> core 22 - OK[0m[1;34m
[0m[1;34m	threadid 140005463234304 -> core 23 - OK[0m[1;34m
[0m[1;34m	threadid 140005454841600 -> core 24 - OK[0m[1;34m
[0m[1;34m	threadid 140005446448896 -> core 25 - OK[0m[1;34m
[0m[1;34m	threadid 140005438056192 -> core 26 - OK[0m[1;34m
[0m[1;34m	threadid 140005429663488 -> core 27 - OK[0m[1;34m
[0m[1;34m	threadid 140005421270784 -> core 28 - OK[0m[1;34m
[0m[1;34m	threadid 140005412878080 -> core 29 - OK[0m[1;34m
[0m[1;34m	threadid 140005404485376 -> core 30 - OK[0m[1;34m
[0m[1;34m	threadid 140005396092672 -> core 31 - OK[0m[1;34m
[0mFLOPs in stencil code:      1.612620e+09
Time spent in stencil code: 0.028766
Performance in GFlop/s:     56.060094
[1;34m[pthread wrapper] 
[0m[1;34m[pthread wrapper] MAIN -> 0
[0m[1;34m[pthread wrapper] PIN_MASK: [0m[1;34m0->1  [0m[1;34m1->2  [0m[1;34m2->3  [0m[1;34m3->4  [0m[1;34m4->5  [0m[1;34m5->6  [0m[1;34m6->7  [0m[1;34m7->8  [0m[1;34m8->9  [0m[1;34m9->10  [0m[1;34m10->11  [0m[1;34m11->12  [0m[1;34m12->13  [0m[1;34m13->14  [0m[1;34m14->15  [0m[1;34m15->16  [0m[1;34m16->17  [0m[1;34m17->18  [0m[1;34m18->19  [0m[1;34m19->20  [0m[1;34m20->21  [0m[1;34m21->22  [0m[1;34m22->23  [0m[1;34m23->24  [0m[1;34m24->25  [0m[1;34m25->26  [0m[1;34m26->27  [0m[1;34m27->28  [0m[1;34m28->29  [0m[1;34m29->30  [0m[1;34m30->31  [0m[1;34m
[pthread wrapper] SKIP MASK: 0x0
[0m[1;34m	threadid 140717645920000 -> core 1 - OK[0m[1;34m
[0m[1;34m	threadid 140717637527296 -> core 2 - OK[0m[1;34m
[0m[1;34m	threadid 140717629134592 -> core 3 - OK[0m[1;34m
[0m[1;34m	threadid 140717620741888 -> core 4 - OK[0m[1;34m
[0m[1;34m	threadid 140717612349184 -> core 5 - OK[0m[1;34m
[0m[1;34m	threadid 140717603956480 -> core 6 - OK[0m[1;34m
[0m[1;34m	threadid 140717595563776 -> core 7 - OK[0m[1;34m
[0m[1;34m	threadid 140717587171072 -> core 8 - OK[0m[1;34m
[0m[1;34m	threadid 140717578778368 -> core 9 - OK[0m[1;34m
[0m[1;34m	threadid 140717570385664 -> core 10 - OK[0m[1;34m
[0m[1;34m	threadid 140717561992960 -> core 11 - OK[0m[1;34m
[0m[1;34m	threadid 140717553600256 -> core 12 - OK[0m[1;34m
[0m[1;34m	threadid 140717545207552 -> core 13 - OK[0m[1;34m
[0m[1;34m	threadid 140717536814848 -> core 14 - OK[0m[1;34m
[0m[1;34m	threadid 140717528422144 -> core 15 - OK[0m[1;34m
[0m[1;34m	threadid 140717520029440 -> core 16 - OK[0m[1;34m
[0m[1;34m	threadid 140717511636736 -> core 17 - OK[0m[1;34m
[0m[1;34m	threadid 140717503244032 -> core 18 - OK[0m[1;34m
[0m[1;34m	threadid 140717494851328 -> core 19 - OK[0m[1;34m
[0m[1;34m	threadid 140717486458624 -> core 20 - OK[0m[1;34m
[0m[1;34m	threadid 140717478065920 -> core 21 - OK[0m[1;34m
[0m[1;34m	threadid 140717469673216 -> core 22 - OK[0m[1;34m
[0m[1;34m	threadid 140717461280512 -> core 23 - OK[0m[1;34m
[0m[1;34m	threadid 140717452887808 -> core 24 - OK[0m[1;34m
[0m[1;34m	threadid 140717444495104 -> core 25 - OK[0m[1;34m
[0m[1;34m	threadid 140717436102400 -> core 26 - OK[0m[1;34m
[0m[1;34m	threadid 140717427709696 -> core 27 - OK[0m[1;34m
[0m[1;34m	threadid 140717419316992 -> core 28 - OK[0m[1;34m
[0m[1;34m	threadid 140717410924288 -> core 29 - OK[0m[1;34m
[0m[1;34m	threadid 140717402531584 -> core 30 - OK[0m[1;34m
[0m[1;34m	threadid 140717394138880 -> core 31 - OK[0m[1;34m
[0mFLOPs in stencil code:      1.612620e+09
Time spent in stencil code: 0.028705
Performance in GFlop/s:     56.178828
[1;34m[pthread wrapper] 
[0m[1;34m[pthread wrapper] MAIN -> 0
[0m[1;34m[pthread wrapper] PIN_MASK: [0m[1;34m0->1  [0m[1;34m1->2  [0m[1;34m2->3  [0m[1;34m3->4  [0m[1;34m4->5  [0m[1;34m5->6  [0m[1;34m6->7  [0m[1;34m7->8  [0m[1;34m8->9  [0m[1;34m9->10  [0m[1;34m10->11  [0m[1;34m11->12  [0m[1;34m12->13  [0m[1;34m13->14  [0m[1;34m14->15  [0m[1;34m15->16  [0m[1;34m16->17  [0m[1;34m17->18  [0m[1;34m18->19  [0m[1;34m19->20  [0m[1;34m20->21  [0m[1;34m21->22  [0m[1;34m22->23  [0m[1;34m23->24  [0m[1;34m24->25  [0m[1;34m25->26  [0m[1;34m26->27  [0m[1;34m27->28  [0m[1;34m28->29  [0m[1;34m29->30  [0m[1;34m30->31  [0m[1;34m
[pthread wrapper] SKIP MASK: 0x0
[0m[1;34m	threadid 139979286509312 -> core 1 - OK[0m[1;34m
[0m[1;34m	threadid 139979278116608 -> core 2 - OK[0m[1;34m
[0m[1;34m	threadid 139979269723904 -> core 3 - OK[0m[1;34m
[0m[1;34m	threadid 139979261331200 -> core 4 - OK[0m[1;34m
[0m[1;34m	threadid 139979252938496 -> core 5 - OK[0m[1;34m
[0m[1;34m	threadid 139979244545792 -> core 6 - OK[0m[1;34m
[0m[1;34m	threadid 139979236153088 -> core 7 - OK[0m[1;34m
[0m[1;34m	threadid 139979227760384 -> core 8 - OK[0m[1;34m
[0m[1;34m	threadid 139979219367680 -> core 9 - OK[0m[1;34m
[0m[1;34m	threadid 139979210974976 -> core 10 - OK[0m[1;34m
[0m[1;34m	threadid 139979202582272 -> core 11 - OK[0m[1;34m
[0m[1;34m	threadid 139979194189568 -> core 12 - OK[0m[1;34m
[0m[1;34m	threadid 139979185796864 -> core 13 - OK[0m[1;34m
[0m[1;34m	threadid 139979177404160 -> core 14 - OK[0m[1;34m
[0m[1;34m	threadid 139979169011456 -> core 15 - OK[0m[1;34m
[0m[1;34m	threadid 139979160618752 -> core 16 - OK[0m[1;34m
[0m[1;34m	threadid 139979152226048 -> core 17 - OK[0m[1;34m
[0m[1;34m	threadid 139979143833344 -> core 18 - OK[0m[1;34m
[0m[1;34m	threadid 139979135440640 -> core 19 - OK[0m[1;34m
[0m[1;34m	threadid 139979127047936 -> core 20 - OK[0m[1;34m
[0m[1;34m	threadid 139979118655232 -> core 21 - OK[0m[1;34m
[0m[1;34m	threadid 139979110262528 -> core 22 - OK[0m[1;34m
[0m[1;34m	threadid 139979101869824 -> core 23 - OK[0m[1;34m
[0m[1;34m	threadid 139979093477120 -> core 24 - OK[0m[1;34m
[0m[1;34m	threadid 139979085084416 -> core 25 - OK[0m[1;34m
[0m[1;34m	threadid 139979076691712 -> core 26 - OK[0m[1;34m
[0m[1;34m	threadid 139979068299008 -> core 27 - OK[0m[1;34m
[0m[1;34m	threadid 139979059906304 -> core 28 - OK[0m[1;34m
[0m[1;34m	threadid 139979051513600 -> core 29 - OK[0m[1;34m
[0m[1;34m	threadid 139979043120896 -> core 30 - OK[0m[1;34m
[0m[1;34m	threadid 139979034728192 -> core 31 - OK[0m[1;34m
[0mFLOPs in stencil code:      1.612620e+09
Time spent in stencil code: 0.028680
Performance in GFlop/s:     56.228332
[1;34m[pthread wrapper] 
[0m[1;34m[pthread wrapper] MAIN -> 0
[0m[1;34m[pthread wrapper] PIN_MASK: [0m[1;34m0->1  [0m[1;34m1->2  [0m[1;34m2->3  [0m[1;34m3->4  [0m[1;34m4->5  [0m[1;34m5->6  [0m[1;34m6->7  [0m[1;34m7->8  [0m[1;34m8->9  [0m[1;34m9->10  [0m[1;34m10->11  [0m[1;34m11->12  [0m[1;34m12->13  [0m[1;34m13->14  [0m[1;34m14->15  [0m[1;34m15->16  [0m[1;34m16->17  [0m[1;34m17->18  [0m[1;34m18->19  [0m[1;34m19->20  [0m[1;34m20->21  [0m[1;34m21->22  [0m[1;34m22->23  [0m[1;34m23->24  [0m[1;34m24->25  [0m[1;34m25->26  [0m[1;34m26->27  [0m[1;34m27->28  [0m[1;34m28->29  [0m[1;34m29->30  [0m[1;34m30->31  [0m[1;34m
[pthread wrapper] SKIP MASK: 0x0
[0m[1;34m	threadid 140606790006528 -> core 1 - OK[0m[1;34m
[0m[1;34m	threadid 140606781613824 -> core 2 - OK[0m[1;34m
[0m[1;34m	threadid 140606773221120 -> core 3 - OK[0m[1;34m
[0m[1;34m	threadid 140606764828416 -> core 4 - OK[0m[1;34m
[0m[1;34m	threadid 140606756435712 -> core 5 - OK[0m[1;34m
[0m[1;34m	threadid 140606748043008 -> core 6 - OK[0m[1;34m
[0m[1;34m	threadid 140606739650304 -> core 7 - OK[0m[1;34m
[0m[1;34m	threadid 140606731257600 -> core 8 - OK[0m[1;34m
[0m[1;34m	threadid 140606722864896 -> core 9 - OK[0m[1;34m
[0m[1;34m	threadid 140606714472192 -> core 10 - OK[0m[1;34m
[0m[1;34m	threadid 140606706079488 -> core 11 - OK[0m[1;34m
[0m[1;34m	threadid 140606697686784 -> core 12 - OK[0m[1;34m
[0m[1;34m	threadid 140606689294080 -> core 13 - OK[0m[1;34m
[0m[1;34m	threadid 140606680901376 -> core 14 - OK[0m[1;34m
[0m[1;34m	threadid 140606672508672 -> core 15 - OK[0m[1;34m
[0m[1;34m	threadid 140606664115968 -> core 16 - OK[0m[1;34m
[0m[1;34m	threadid 140606655723264 -> core 17 - OK[0m[1;34m
[0m[1;34m	threadid 140606647330560 -> core 18 - OK[0m[1;34m
[0m[1;34m	threadid 140606638937856 -> core 19 - OK[0m[1;34m
[0m[1;34m	threadid 140606630545152 -> core 20 - OK[0m[1;34m
[0m[1;34m	threadid 140606622152448 -> core 21 - OK[0m[1;34m
[0m[1;34m	threadid 140606613759744 -> core 22 - OK[0m[1;34m
[0m[1;34m	threadid 140606605367040 -> core 23 - OK[0m[1;34m
[0m[1;34m	threadid 140606596974336 -> core 24 - OK[0m[1;34m
[0m[1;34m	threadid 140606588581632 -> core 25 - OK[0m[1;34m
[0m[1;34m	threadid 140606580188928 -> core 26 - OK[0m[1;34m
[0m[1;34m	threadid 140606571796224 -> core 27 - OK[0m[1;34m
[0m[1;34m	threadid 140606563403520 -> core 28 - OK[0m[1;34m
[0m[1;34m	threadid 140606555010816 -> core 29 - OK[0m[1;34m
[0m[1;34m	threadid 140606546618112 -> core 30 - OK[0m[1;34m
[0m[1;34m	threadid 140606538225408 -> core 31 - OK[0m[1;34m
[0mFLOPs in stencil code:      1.612620e+09
Time spent in stencil code: 0.028875
Performance in GFlop/s:     55.848555
