[1;34m[pthread wrapper] 
[0m[1;34m[pthread wrapper] MAIN -> 0
[0m[1;34m[pthread wrapper] PIN_MASK: [0m[1;34m0->1  [0m[1;34m1->2  [0m[1;34m2->3  [0m[1;34m3->4  [0m[1;34m4->5  [0m[1;34m5->6  [0m[1;34m6->7  [0m[1;34m7->8  [0m[1;34m8->9  [0m[1;34m9->10  [0m[1;34m10->11  [0m[1;34m
[pthread wrapper] SKIP MASK: 0x0
[0m[1;34m	threadid 139660312639232 -> core 1 - OK[0m[1;34m
[0m[1;34m	threadid 139660304246528 -> core 2 - OK[0m[1;34m
[0m[1;34m	threadid 139660295853824 -> core 3 - OK[0m[1;34m
[0m[1;34m	threadid 139660287461120 -> core 4 - OK[0m[1;34m
[0m[1;34m	threadid 139660279068416 -> core 5 - OK[0m[1;34m
[0m[1;34m	threadid 139660270675712 -> core 6 - OK[0m[1;34m
[0m[1;34m	threadid 139660262283008 -> core 7 - OK[0m[1;34m
[0m[1;34m	threadid 139660253890304 -> core 8 - OK[0m[1;34m
[0m[1;34m	threadid 139660245497600 -> core 9 - OK[0m[1;34m
[0m[1;34m	threadid 139660237104896 -> core 10 - OK[0m[1;34m
[0m[1;34m	threadid 139660228712192 -> core 11 - OK[0m[1;34m
[0mFLOPs in stencil code:      1.612620e+09
Time spent in stencil code: 0.078718
Performance in GFlop/s:     20.486053
[1;34m[pthread wrapper] 
[0m[1;34m[pthread wrapper] MAIN -> 0
[0m[1;34m[pthread wrapper] PIN_MASK: [0m[1;34m0->1  [0m[1;34m1->2  [0m[1;34m2->3  [0m[1;34m3->4  [0m[1;34m4->5  [0m[1;34m5->6  [0m[1;34m6->7  [0m[1;34m7->8  [0m[1;34m8->9  [0m[1;34m9->10  [0m[1;34m10->11  [0m[1;34m
[pthread wrapper] SKIP MASK: 0x0
[0m[1;34m	threadid 139967089932032 -> core 1 - OK[0m[1;34m
[0m[1;34m	threadid 139967081539328 -> core 2 - OK[0m[1;34m
[0m[1;34m	threadid 139967073146624 -> core 3 - OK[0m[1;34m
[0m[1;34m	threadid 139967064753920 -> core 4 - OK[0m[1;34m
[0m[1;34m	threadid 139967056361216 -> core 5 - OK[0m[1;34m
[0m[1;34m	threadid 139967047968512 -> core 6 - OK[0m[1;34m
[0m[1;34m	threadid 139967039575808 -> core 7 - OK[0m[1;34m
[0m[1;34m	threadid 139967031183104 -> core 8 - OK[0m[1;34m
[0m[1;34m	threadid 139967022790400 -> core 9 - OK[0m[1;34m
[0m[1;34m	threadid 139967014397696 -> core 10 - OK[0m[1;34m
[0m[1;34m	threadid 139967006004992 -> core 11 - OK[0m[1;34m
[0mFLOPs in stencil code:      1.612620e+09
Time spent in stencil code: 0.078659
Performance in GFlop/s:     20.501390
[1;34m[pthread wrapper] 
[0m[1;34m[pthread wrapper] MAIN -> 0
[0m[1;34m[pthread wrapper] PIN_MASK: [0m[1;34m0->1  [0m[1;34m1->2  [0m[1;34m2->3  [0m[1;34m3->4  [0m[1;34m4->5  [0m[1;34m5->6  [0m[1;34m6->7  [0m[1;34m7->8  [0m[1;34m8->9  [0m[1;34m9->10  [0m[1;34m10->11  [0m[1;34m
[pthread wrapper] SKIP MASK: 0x0
[0m[1;34m	threadid 139832537052928 -> core 1 - OK[0m[1;34m
[0m[1;34m	threadid 139832528660224 -> core 2 - OK[0m[1;34m
[0m[1;34m	threadid 139832520267520 -> core 3 - OK[0m[1;34m
[0m[1;34m	threadid 139832511874816 -> core 4 - OK[0m[1;34m
[0m[1;34m	threadid 139832503482112 -> core 5 - OK[0m[1;34m
[0m[1;34m	threadid 139832495089408 -> core 6 - OK[0m[1;34m
[0m[1;34m	threadid 139832486696704 -> core 7 - OK[0m[1;34m
[0m[1;34m	threadid 139832478304000 -> core 8 - OK[0m[1;34m
[0m[1;34m	threadid 139832469911296 -> core 9 - OK[0m[1;34m
[0m[1;34m	threadid 139832461518592 -> core 10 - OK[0m[1;34m
[0m[1;34m	threadid 139832453125888 -> core 11 - OK[0m[1;34m
[0mFLOPs in stencil code:      1.612620e+09
Time spent in stencil code: 0.080537
Performance in GFlop/s:     20.023383
[1;34m[pthread wrapper] 
[0m[1;34m[pthread wrapper] MAIN -> 0
[0m[1;34m[pthread wrapper] PIN_MASK: [0m[1;34m0->1  [0m[1;34m1->2  [0m[1;34m2->3  [0m[1;34m3->4  [0m[1;34m4->5  [0m[1;34m5->6  [0m[1;34m6->7  [0m[1;34m7->8  [0m[1;34m8->9  [0m[1;34m9->10  [0m[1;34m10->11  [0m[1;34m
[pthread wrapper] SKIP MASK: 0x0
[0m[1;34m	threadid 140414772541184 -> core 1 - OK[0m[1;34m
[0m[1;34m	threadid 140414764148480 -> core 2 - OK[0m[1;34m
[0m[1;34m	threadid 140414755755776 -> core 3 - OK[0m[1;34m
[0m[1;34m	threadid 140414747363072 -> core 4 - OK[0m[1;34m
[0m[1;34m	threadid 140414738970368 -> core 5 - OK[0m[1;34m
[0m[1;34m	threadid 140414730577664 -> core 6 - OK[0m[1;34m
[0m[1;34m	threadid 140414722184960 -> core 7 - OK[0m[1;34m
[0m[1;34m	threadid 140414713792256 -> core 8 - OK[0m[1;34m
[0m[1;34m	threadid 140414705399552 -> core 9 - OK[0m[1;34m
[0m[1;34m	threadid 140414697006848 -> core 10 - OK[0m[1;34m
[0m[1;34m	threadid 140414688614144 -> core 11 - OK[0m[1;34m
[0mFLOPs in stencil code:      1.612620e+09
Time spent in stencil code: 0.078716
Performance in GFlop/s:     20.486549
[1;34m[pthread wrapper] 
[0m[1;34m[pthread wrapper] MAIN -> 0
[0m[1;34m[pthread wrapper] PIN_MASK: [0m[1;34m0->1  [0m[1;34m1->2  [0m[1;34m2->3  [0m[1;34m3->4  [0m[1;34m4->5  [0m[1;34m5->6  [0m[1;34m6->7  [0m[1;34m7->8  [0m[1;34m8->9  [0m[1;34m9->10  [0m[1;34m10->11  [0m[1;34m
[pthread wrapper] SKIP MASK: 0x0
[0m[1;34m	threadid 139629029029632 -> core 1 - OK[0m[1;34m
[0m[1;34m	threadid 139629020636928 -> core 2 - OK[0m[1;34m
[0m[1;34m	threadid 139629012244224 -> core 3 - OK[0m[1;34m
[0m[1;34m	threadid 139629003851520 -> core 4 - OK[0m[1;34m
[0m[1;34m	threadid 139628995458816 -> core 5 - OK[0m[1;34m
[0m[1;34m	threadid 139628987066112 -> core 6 - OK[0m[1;34m
[0m[1;34m	threadid 139628978673408 -> core 7 - OK[0m[1;34m
[0m[1;34m	threadid 139628970280704 -> core 8 - OK[0m[1;34m
[0m[1;34m	threadid 139628961888000 -> core 9 - OK[0m[1;34m
[0m[1;34m	threadid 139628953495296 -> core 10 - OK[0m[1;34m
[0m[1;34m	threadid 139628945102592 -> core 11 - OK[0m[1;34m
[0mFLOPs in stencil code:      1.612620e+09
Time spent in stencil code: 0.078633
Performance in GFlop/s:     20.508165
