[1;34m[pthread wrapper] 
[0m[1;34m[pthread wrapper] MAIN -> 0
[0m[1;34m[pthread wrapper] PIN_MASK: [0m[1;34m0->1  [0m[1;34m1->2  [0m[1;34m2->3  [0m[1;34m3->4  [0m[1;34m4->5  [0m[1;34m5->6  [0m[1;34m6->7  [0m[1;34m7->8  [0m[1;34m8->9  [0m[1;34m9->10  [0m[1;34m10->11  [0m[1;34m
[pthread wrapper] SKIP MASK: 0x0
[0m[1;34m	threadid 140285124638464 -> core 1 - OK[0m[1;34m
[0m[1;34m	threadid 140285116245760 -> core 2 - OK[0m[1;34m
[0m[1;34m	threadid 140285107853056 -> core 3 - OK[0m[1;34m
[0m[1;34m	threadid 140285099460352 -> core 4 - OK[0m[1;34m
[0m[1;34m	threadid 140285091067648 -> core 5 - OK[0m[1;34m
[0m[1;34m	threadid 140285082674944 -> core 6 - OK[0m[1;34m
[0m[1;34m	threadid 140285074282240 -> core 7 - OK[0m[1;34m
[0m[1;34m	threadid 140285065889536 -> core 8 - OK[0m[1;34m
[0m[1;34m	threadid 140285057496832 -> core 9 - OK[0m[1;34m
[0m[1;34m	threadid 140285049104128 -> core 10 - OK[0m[1;34m
[0m[1;34m	threadid 140285040711424 -> core 11 - OK[0m[1;34m
[0mFLOPs in stencil code:      1.612620e+09
Time spent in stencil code: 0.078756
Performance in GFlop/s:     20.476192
[1;34m[pthread wrapper] 
[0m[1;34m[pthread wrapper] MAIN -> 0
[0m[1;34m[pthread wrapper] PIN_MASK: [0m[1;34m0->1  [0m[1;34m1->2  [0m[1;34m2->3  [0m[1;34m3->4  [0m[1;34m4->5  [0m[1;34m5->6  [0m[1;34m6->7  [0m[1;34m7->8  [0m[1;34m8->9  [0m[1;34m9->10  [0m[1;34m10->11  [0m[1;34m
[pthread wrapper] SKIP MASK: 0x0
[0m[1;34m	threadid 140188880598784 -> core 1 - OK[0m[1;34m
[0m[1;34m	threadid 140188872206080 -> core 2 - OK[0m[1;34m
[0m[1;34m	threadid 140188863813376 -> core 3 - OK[0m[1;34m
[0m[1;34m	threadid 140188855420672 -> core 4 - OK[0m[1;34m
[0m[1;34m	threadid 140188847027968 -> core 5 - OK[0m[1;34m
[0m[1;34m	threadid 140188838635264 -> core 6 - OK[0m[1;34m
[0m[1;34m	threadid 140188830242560 -> core 7 - OK[0m[1;34m
[0m[1;34m	threadid 140188821849856 -> core 8 - OK[0m[1;34m
[0m[1;34m	threadid 140188813457152 -> core 9 - OK[0m[1;34m
[0m[1;34m	threadid 140188805064448 -> core 10 - OK[0m[1;34m
[0m[1;34m	threadid 140188796671744 -> core 11 - OK[0m[1;34m
[0mFLOPs in stencil code:      1.612620e+09
Time spent in stencil code: 0.078696
Performance in GFlop/s:     20.491763
[1;34m[pthread wrapper] 
[0m[1;34m[pthread wrapper] MAIN -> 0
[0m[1;34m[pthread wrapper] PIN_MASK: [0m[1;34m0->1  [0m[1;34m1->2  [0m[1;34m2->3  [0m[1;34m3->4  [0m[1;34m4->5  [0m[1;34m5->6  [0m[1;34m6->7  [0m[1;34m7->8  [0m[1;34m8->9  [0m[1;34m9->10  [0m[1;34m10->11  [0m[1;34m
[pthread wrapper] SKIP MASK: 0x0
[0m[1;34m	threadid 139821235566336 -> core 1 - OK[0m[1;34m
[0m[1;34m	threadid 139821227173632 -> core 2 - OK[0m[1;34m
[0m[1;34m	threadid 139821218780928 -> core 3 - OK[0m[1;34m
[0m[1;34m	threadid 139821210388224 -> core 4 - OK[0m[1;34m
[0m[1;34m	threadid 139821201995520 -> core 5 - OK[0m[1;34m
[0m[1;34m	threadid 139821193602816 -> core 6 - OK[0m[1;34m
[0m[1;34m	threadid 139821185210112 -> core 7 - OK[0m[1;34m
[0m[1;34m	threadid 139821176817408 -> core 8 - OK[0m[1;34m
[0m[1;34m	threadid 139821168424704 -> core 9 - OK[0m[1;34m
[0m[1;34m	threadid 139821160032000 -> core 10 - OK[0m[1;34m
[0m[1;34m	threadid 139821151639296 -> core 11 - OK[0m[1;34m
[0mFLOPs in stencil code:      1.612620e+09
Time spent in stencil code: 0.078628
Performance in GFlop/s:     20.509471
[1;34m[pthread wrapper] 
[0m[1;34m[pthread wrapper] MAIN -> 0
[0m[1;34m[pthread wrapper] PIN_MASK: [0m[1;34m0->1  [0m[1;34m1->2  [0m[1;34m2->3  [0m[1;34m3->4  [0m[1;34m4->5  [0m[1;34m5->6  [0m[1;34m6->7  [0m[1;34m7->8  [0m[1;34m8->9  [0m[1;34m9->10  [0m[1;34m10->11  [0m[1;34m
[pthread wrapper] SKIP MASK: 0x0
[0m[1;34m	threadid 140231396390656 -> core 1 - OK[0m[1;34m
[0m[1;34m	threadid 140231387997952 -> core 2 - OK[0m[1;34m
[0m[1;34m	threadid 140231379605248 -> core 3 - OK[0m[1;34m
[0m[1;34m	threadid 140231371212544 -> core 4 - OK[0m[1;34m
[0m[1;34m	threadid 140231362819840 -> core 5 - OK[0m[1;34m
[0m[1;34m	threadid 140231354427136 -> core 6 - OK[0m[1;34m
[0m[1;34m	threadid 140231346034432 -> core 7 - OK[0m[1;34m
[0m[1;34m	threadid 140231337641728 -> core 8 - OK[0m[1;34m
[0m[1;34m	threadid 140231329249024 -> core 9 - OK[0m[1;34m
[0m[1;34m	threadid 140231320856320 -> core 10 - OK[0m[1;34m
[0m[1;34m	threadid 140231312463616 -> core 11 - OK[0m[1;34m
[0mFLOPs in stencil code:      1.612620e+09
Time spent in stencil code: 0.078665
Performance in GFlop/s:     20.499836
[1;34m[pthread wrapper] 
[0m[1;34m[pthread wrapper] MAIN -> 0
[0m[1;34m[pthread wrapper] PIN_MASK: [0m[1;34m0->1  [0m[1;34m1->2  [0m[1;34m2->3  [0m[1;34m3->4  [0m[1;34m4->5  [0m[1;34m5->6  [0m[1;34m6->7  [0m[1;34m7->8  [0m[1;34m8->9  [0m[1;34m9->10  [0m[1;34m10->11  [0m[1;34m
[pthread wrapper] SKIP MASK: 0x0
[0m[1;34m	threadid 140625701238528 -> core 1 - OK[0m[1;34m
[0m[1;34m	threadid 140625692845824 -> core 2 - OK[0m[1;34m
[0m[1;34m	threadid 140625684453120 -> core 3 - OK[0m[1;34m
[0m[1;34m	threadid 140625676060416 -> core 4 - OK[0m[1;34m
[0m[1;34m	threadid 140625667667712 -> core 5 - OK[0m[1;34m
[0m[1;34m	threadid 140625659275008 -> core 6 - OK[0m[1;34m
[0m[1;34m	threadid 140625650882304 -> core 7 - OK[0m[1;34m
[0m[1;34m	threadid 140625642489600 -> core 8 - OK[0m[1;34m
[0m[1;34m	threadid 140625634096896 -> core 9 - OK[0m[1;34m
[0m[1;34m	threadid 140625625704192 -> core 10 - OK[0m[1;34m
[0m[1;34m	threadid 140625617311488 -> core 11 - OK[0m[1;34m
[0mFLOPs in stencil code:      1.612620e+09
Time spent in stencil code: 0.080678
Performance in GFlop/s:     19.988352
