[1;34m[pthread wrapper] 
[0m[1;34m[pthread wrapper] MAIN -> 0
[0m[1;34m[pthread wrapper] PIN_MASK: [0m[1;34m0->1  [0m[1;34m1->2  [0m[1;34m2->3  [0m[1;34m3->4  [0m[1;34m4->5  [0m[1;34m5->6  [0m[1;34m6->7  [0m[1;34m7->8  [0m[1;34m8->9  [0m[1;34m9->10  [0m[1;34m10->11  [0m[1;34m11->12  [0m[1;34m12->13  [0m[1;34m13->14  [0m[1;34m14->15  [0m[1;34m
[pthread wrapper] SKIP MASK: 0x0
[0m[1;34m	threadid 139841345844992 -> core 1 - OK[0m[1;34m
[0m[1;34m	threadid 139841337452288 -> core 2 - OK[0m[1;34m
[0m[1;34m	threadid 139841329059584 -> core 3 - OK[0m[1;34m
[0m[1;34m	threadid 139841320666880 -> core 4 - OK[0m[1;34m
[0m[1;34m	threadid 139841312274176 -> core 5 - OK[0m[1;34m
[0m[1;34m	threadid 139841303881472 -> core 6 - OK[0m[1;34m
[0m[1;34m	threadid 139841295488768 -> core 7 - OK[0m[1;34m
[0m[1;34m	threadid 139841287096064 -> core 8 - OK[0m[1;34m
[0m[1;34m	threadid 139841278703360 -> core 9 - OK[0m[1;34m
[0m[1;34m	threadid 139841270310656 -> core 10 - OK[0m[1;34m
[0m[1;34m	threadid 139841261917952 -> core 11 - OK[0m[1;34m
[0m[1;34m	threadid 139841253525248 -> core 12 - OK[0m[1;34m
[0m[1;34m	threadid 139841245132544 -> core 13 - OK[0m[1;34m
[0m[1;34m	threadid 139841236739840 -> core 14 - OK[0m[1;34m
[0m[1;34m	threadid 139841228347136 -> core 15 - OK[0m[1;34m
[0mFLOPs in stencil code:      1.612620e+09
Time spent in stencil code: 0.057617
Performance in GFlop/s:     27.988639
[1;34m[pthread wrapper] 
[0m[1;34m[pthread wrapper] MAIN -> 0
[0m[1;34m[pthread wrapper] PIN_MASK: [0m[1;34m0->1  [0m[1;34m1->2  [0m[1;34m2->3  [0m[1;34m3->4  [0m[1;34m4->5  [0m[1;34m5->6  [0m[1;34m6->7  [0m[1;34m7->8  [0m[1;34m8->9  [0m[1;34m9->10  [0m[1;34m10->11  [0m[1;34m11->12  [0m[1;34m12->13  [0m[1;34m13->14  [0m[1;34m14->15  [0m[1;34m
[pthread wrapper] SKIP MASK: 0x0
[0m[1;34m	threadid 140654798731008 -> core 1 - OK[0m[1;34m
[0m[1;34m	threadid 140654790338304 -> core 2 - OK[0m[1;34m
[0m[1;34m	threadid 140654781945600 -> core 3 - OK[0m[1;34m
[0m[1;34m	threadid 140654773552896 -> core 4 - OK[0m[1;34m
[0m[1;34m	threadid 140654765160192 -> core 5 - OK[0m[1;34m
[0m[1;34m	threadid 140654756767488 -> core 6 - OK[0m[1;34m
[0m[1;34m	threadid 140654748374784 -> core 7 - OK[0m[1;34m
[0m[1;34m	threadid 140654739982080 -> core 8 - OK[0m[1;34m
[0m[1;34m	threadid 140654731589376 -> core 9 - OK[0m[1;34m
[0m[1;34m	threadid 140654723196672 -> core 10 - OK[0m[1;34m
[0m[1;34m	threadid 140654714803968 -> core 11 - OK[0m[1;34m
[0m[1;34m	threadid 140654706411264 -> core 12 - OK[0m[1;34m
[0m[1;34m	threadid 140654698018560 -> core 13 - OK[0m[1;34m
[0m[1;34m	threadid 140654689625856 -> core 14 - OK[0m[1;34m
[0m[1;34m	threadid 140654681233152 -> core 15 - OK[0m[1;34m
[0mFLOPs in stencil code:      1.612620e+09
Time spent in stencil code: 0.055193
Performance in GFlop/s:     29.217863
[1;34m[pthread wrapper] 
[0m[1;34m[pthread wrapper] MAIN -> 0
[0m[1;34m[pthread wrapper] PIN_MASK: [0m[1;34m0->1  [0m[1;34m1->2  [0m[1;34m2->3  [0m[1;34m3->4  [0m[1;34m4->5  [0m[1;34m5->6  [0m[1;34m6->7  [0m[1;34m7->8  [0m[1;34m8->9  [0m[1;34m9->10  [0m[1;34m10->11  [0m[1;34m11->12  [0m[1;34m12->13  [0m[1;34m13->14  [0m[1;34m14->15  [0m[1;34m
[pthread wrapper] SKIP MASK: 0x0
[0m[1;34m	threadid 140253403772672 -> core 1 - OK[0m[1;34m
[0m[1;34m	threadid 140253395379968 -> core 2 - OK[0m[1;34m
[0m[1;34m	threadid 140253386987264 -> core 3 - OK[0m[1;34m
[0m[1;34m	threadid 140253378594560 -> core 4 - OK[0m[1;34m
[0m[1;34m	threadid 140253370201856 -> core 5 - OK[0m[1;34m
[0m[1;34m	threadid 140253361809152 -> core 6 - OK[0m[1;34m
[0m[1;34m	threadid 140253353416448 -> core 7 - OK[0m[1;34m
[0m[1;34m	threadid 140253345023744 -> core 8 - OK[0m[1;34m
[0m[1;34m	threadid 140253336631040 -> core 9 - OK[0m[1;34m
[0m[1;34m	threadid 140253328238336 -> core 10 - OK[0m[1;34m
[0m[1;34m	threadid 140253319845632 -> core 11 - OK[0m[1;34m
[0m[1;34m	threadid 140253311452928 -> core 12 - OK[0m[1;34m
[0m[1;34m	threadid 140253303060224 -> core 13 - OK[0m[1;34m
[0m[1;34m	threadid 140253294667520 -> core 14 - OK[0m[1;34m
[0m[1;34m	threadid 140253286274816 -> core 15 - OK[0m[1;34m
[0mFLOPs in stencil code:      1.612620e+09
Time spent in stencil code: 0.055087
Performance in GFlop/s:     29.274137
[1;34m[pthread wrapper] 
[0m[1;34m[pthread wrapper] MAIN -> 0
[0m[1;34m[pthread wrapper] PIN_MASK: [0m[1;34m0->1  [0m[1;34m1->2  [0m[1;34m2->3  [0m[1;34m3->4  [0m[1;34m4->5  [0m[1;34m5->6  [0m[1;34m6->7  [0m[1;34m7->8  [0m[1;34m8->9  [0m[1;34m9->10  [0m[1;34m10->11  [0m[1;34m11->12  [0m[1;34m12->13  [0m[1;34m13->14  [0m[1;34m14->15  [0m[1;34m
[pthread wrapper] SKIP MASK: 0x0
[0m[1;34m	threadid 140070124123904 -> core 1 - OK[0m[1;34m
[0m[1;34m	threadid 140070115731200 -> core 2 - OK[0m[1;34m
[0m[1;34m	threadid 140070107338496 -> core 3 - OK[0m[1;34m
[0m[1;34m	threadid 140070098945792 -> core 4 - OK[0m[1;34m
[0m[1;34m	threadid 140070090553088 -> core 5 - OK[0m[1;34m
[0m[1;34m	threadid 140070082160384 -> core 6 - OK[0m[1;34m
[0m[1;34m	threadid 140070073767680 -> core 7 - OK[0m[1;34m
[0m[1;34m	threadid 140070065374976 -> core 8 - OK[0m[1;34m
[0m[1;34m	threadid 140070056982272 -> core 9 - OK[0m[1;34m
[0m[1;34m	threadid 140070048589568 -> core 10 - OK[0m[1;34m
[0m[1;34m	threadid 140070040196864 -> core 11 - OK[0m[1;34m
[0m[1;34m	threadid 140070031804160 -> core 12 - OK[0m[1;34m
[0m[1;34m	threadid 140070023411456 -> core 13 - OK[0m[1;34m
[0m[1;34m	threadid 140070015018752 -> core 14 - OK[0m[1;34m
[0m[1;34m	threadid 140070006626048 -> core 15 - OK[0m[1;34m
[0mFLOPs in stencil code:      1.612620e+09
Time spent in stencil code: 0.055088
Performance in GFlop/s:     29.273503
[1;34m[pthread wrapper] 
[0m[1;34m[pthread wrapper] MAIN -> 0
[0m[1;34m[pthread wrapper] PIN_MASK: [0m[1;34m0->1  [0m[1;34m1->2  [0m[1;34m2->3  [0m[1;34m3->4  [0m[1;34m4->5  [0m[1;34m5->6  [0m[1;34m6->7  [0m[1;34m7->8  [0m[1;34m8->9  [0m[1;34m9->10  [0m[1;34m10->11  [0m[1;34m11->12  [0m[1;34m12->13  [0m[1;34m13->14  [0m[1;34m14->15  [0m[1;34m
[pthread wrapper] SKIP MASK: 0x0
[0m[1;34m	threadid 140236214466304 -> core 1 - OK[0m[1;34m
[0m[1;34m	threadid 140236206073600 -> core 2 - OK[0m[1;34m
[0m[1;34m	threadid 140236197680896 -> core 3 - OK[0m[1;34m
[0m[1;34m	threadid 140236189288192 -> core 4 - OK[0m[1;34m
[0m[1;34m	threadid 140236180895488 -> core 5 - OK[0m[1;34m
[0m[1;34m	threadid 140236172502784 -> core 6 - OK[0m[1;34m
[0m[1;34m	threadid 140236164110080 -> core 7 - OK[0m[1;34m
[0m[1;34m	threadid 140236155717376 -> core 8 - OK[0m[1;34m
[0m[1;34m	threadid 140236147324672 -> core 9 - OK[0m[1;34m
[0m[1;34m	threadid 140236138931968 -> core 10 - OK[0m[1;34m
[0m[1;34m	threadid 140236130539264 -> core 11 - OK[0m[1;34m
[0m[1;34m	threadid 140236122146560 -> core 12 - OK[0m[1;34m
[0m[1;34m	threadid 140236113753856 -> core 13 - OK[0m[1;34m
[0m[1;34m	threadid 140236105361152 -> core 14 - OK[0m[1;34m
[0m[1;34m	threadid 140236096968448 -> core 15 - OK[0m[1;34m
[0mFLOPs in stencil code:      1.612620e+09
Time spent in stencil code: 0.055039
Performance in GFlop/s:     29.299625
