[1;34m[pthread wrapper] 
[0m[1;34m[pthread wrapper] MAIN -> 0
[0m[1;34m[pthread wrapper] PIN_MASK: [0m[1;34m0->1  [0m[1;34m1->2  [0m[1;34m2->3  [0m[1;34m3->4  [0m[1;34m4->5  [0m[1;34m5->6  [0m[1;34m6->7  [0m[1;34m
[pthread wrapper] SKIP MASK: 0x0
[0m[1;34m	threadid 139752307783424 -> core 1 - OK[0m[1;34m
[0m[1;34m	threadid 139752299390720 -> core 2 - OK[0m[1;34m
[0m[1;34m	threadid 139752290998016 -> core 3 - OK[0m[1;34m
[0m[1;34m	threadid 139752282605312 -> core 4 - OK[0m[1;34m
[0m[1;34m	threadid 139752274212608 -> core 5 - OK[0m[1;34m
[0m[1;34m	threadid 139752265819904 -> core 6 - OK[0m[1;34m
[0m[1;34m	threadid 139752257427200 -> core 7 - OK[0m[1;34m
[0mFLOPs in stencil code:      1.612620e+09
Time spent in stencil code: 0.108161
Performance in GFlop/s:     14.909444
[1;34m[pthread wrapper] 
[0m[1;34m[pthread wrapper] MAIN -> 0
[0m[1;34m[pthread wrapper] PIN_MASK: [0m[1;34m0->1  [0m[1;34m1->2  [0m[1;34m2->3  [0m[1;34m3->4  [0m[1;34m4->5  [0m[1;34m5->6  [0m[1;34m6->7  [0m[1;34m
[pthread wrapper] SKIP MASK: 0x0
[0m[1;34m	threadid 140457035396864 -> core 1 - OK[0m[1;34m
[0m[1;34m	threadid 140457027004160 -> core 2 - OK[0m[1;34m
[0m[1;34m	threadid 140457018611456 -> core 3 - OK[0m[1;34m
[0m[1;34m	threadid 140457010218752 -> core 4 - OK[0m[1;34m
[0m[1;34m	threadid 140457001826048 -> core 5 - OK[0m[1;34m
[0m[1;34m	threadid 140456993433344 -> core 6 - OK[0m[1;34m
[0m[1;34m	threadid 140456985040640 -> core 7 - OK[0m[1;34m
[0mFLOPs in stencil code:      1.612620e+09
Time spent in stencil code: 0.107889
Performance in GFlop/s:     14.947005
[1;34m[pthread wrapper] 
[0m[1;34m[pthread wrapper] MAIN -> 0
[0m[1;34m[pthread wrapper] PIN_MASK: [0m[1;34m0->1  [0m[1;34m1->2  [0m[1;34m2->3  [0m[1;34m3->4  [0m[1;34m4->5  [0m[1;34m5->6  [0m[1;34m6->7  [0m[1;34m
[pthread wrapper] SKIP MASK: 0x0
[0m[1;34m	threadid 140055769216768 -> core 1 - OK[0m[1;34m
[0m[1;34m	threadid 140055760824064 -> core 2 - OK[0m[1;34m
[0m[1;34m	threadid 140055752431360 -> core 3 - OK[0m[1;34m
[0m[1;34m	threadid 140055744038656 -> core 4 - OK[0m[1;34m
[0m[1;34m	threadid 140055735645952 -> core 5 - OK[0m[1;34m
[0m[1;34m	threadid 140055727253248 -> core 6 - OK[0m[1;34m
[0m[1;34m	threadid 140055718860544 -> core 7 - OK[0m[1;34m
[0mFLOPs in stencil code:      1.612620e+09
Time spent in stencil code: 0.108150
Performance in GFlop/s:     14.910956
[1;34m[pthread wrapper] 
[0m[1;34m[pthread wrapper] MAIN -> 0
[0m[1;34m[pthread wrapper] PIN_MASK: [0m[1;34m0->1  [0m[1;34m1->2  [0m[1;34m2->3  [0m[1;34m3->4  [0m[1;34m4->5  [0m[1;34m5->6  [0m[1;34m6->7  [0m[1;34m
[pthread wrapper] SKIP MASK: 0x0
[0m[1;34m	threadid 139831970920192 -> core 1 - OK[0m[1;34m
[0m[1;34m	threadid 139831962527488 -> core 2 - OK[0m[1;34m
[0m[1;34m	threadid 139831954134784 -> core 3 - OK[0m[1;34m
[0m[1;34m	threadid 139831945742080 -> core 4 - OK[0m[1;34m
[0m[1;34m	threadid 139831937349376 -> core 5 - OK[0m[1;34m
[0m[1;34m	threadid 139831928956672 -> core 6 - OK[0m[1;34m
[0m[1;34m	threadid 139831920563968 -> core 7 - OK[0m[1;34m
[0mFLOPs in stencil code:      1.612620e+09
Time spent in stencil code: 0.108580
Performance in GFlop/s:     14.851891
[1;34m[pthread wrapper] 
[0m[1;34m[pthread wrapper] MAIN -> 0
[0m[1;34m[pthread wrapper] PIN_MASK: [0m[1;34m0->1  [0m[1;34m1->2  [0m[1;34m2->3  [0m[1;34m3->4  [0m[1;34m4->5  [0m[1;34m5->6  [0m[1;34m6->7  [0m[1;34m
[pthread wrapper] SKIP MASK: 0x0
[0m[1;34m	threadid 140575463503616 -> core 1 - OK[0m[1;34m
[0m[1;34m	threadid 140575455110912 -> core 2 - OK[0m[1;34m
[0m[1;34m	threadid 140575446718208 -> core 3 - OK[0m[1;34m
[0m[1;34m	threadid 140575438325504 -> core 4 - OK[0m[1;34m
[0m[1;34m	threadid 140575429932800 -> core 5 - OK[0m[1;34m
[0m[1;34m	threadid 140575421540096 -> core 6 - OK[0m[1;34m
[0m[1;34m	threadid 140575413147392 -> core 7 - OK[0m[1;34m
[0mFLOPs in stencil code:      1.612620e+09
Time spent in stencil code: 0.108058
Performance in GFlop/s:     14.923655
