[1;34m[pthread wrapper] 
[0m[1;34m[pthread wrapper] MAIN -> 0
[0m[1;34m[pthread wrapper] PIN_MASK: [0m[1;34m0->1  [0m[1;34m1->16  [0m[1;34m2->17  [0m[1;34m
[pthread wrapper] SKIP MASK: 0x0
[0m[1;34m	threadid 140704714651392 -> core 1 - OK[0m[1;34m
[0m[1;34m	threadid 140704706258688 -> core 16 - OK[0m[1;34m
[0m[1;34m	threadid 140704697865984 -> core 17 - OK[0m[1;34m
[0mFLOPs in stencil code:      1.612620e+09
Time spent in stencil code: 0.179050
Performance in GFlop/s:     9.006536
[1;34m[pthread wrapper] 
[0m[1;34m[pthread wrapper] MAIN -> 0
[0m[1;34m[pthread wrapper] PIN_MASK: [0m[1;34m0->1  [0m[1;34m1->16  [0m[1;34m2->17  [0m[1;34m
[pthread wrapper] SKIP MASK: 0x0
[0m[1;34m	threadid 140671423575808 -> core 1 - OK[0m[1;34m
[0m[1;34m	threadid 140671415183104 -> core 16 - OK[0m[1;34m
[0m[1;34m	threadid 140671406790400 -> core 17 - OK[0m[1;34m
[0mFLOPs in stencil code:      1.612620e+09
Time spent in stencil code: 0.179996
Performance in GFlop/s:     8.959198
[1;34m[pthread wrapper] 
[0m[1;34m[pthread wrapper] MAIN -> 0
[0m[1;34m[pthread wrapper] PIN_MASK: [0m[1;34m0->1  [0m[1;34m1->16  [0m[1;34m2->17  [0m[1;34m
[pthread wrapper] SKIP MASK: 0x0
[0m[1;34m	threadid 140662942693120 -> core 1 - OK[0m[1;34m
[0m[1;34m	threadid 140662934300416 -> core 16 - OK[0m[1;34m
[0m[1;34m	threadid 140662925907712 -> core 17 - OK[0m[1;34m
[0mFLOPs in stencil code:      1.612620e+09
Time spent in stencil code: 0.179346
Performance in GFlop/s:     8.991665
[1;34m[pthread wrapper] 
[0m[1;34m[pthread wrapper] MAIN -> 0
[0m[1;34m[pthread wrapper] PIN_MASK: [0m[1;34m0->1  [0m[1;34m1->16  [0m[1;34m2->17  [0m[1;34m
[pthread wrapper] SKIP MASK: 0x0
[0m[1;34m	threadid 140231065761536 -> core 1 - OK[0m[1;34m
[0m[1;34m	threadid 140231057368832 -> core 16 - OK[0m[1;34m
[0m[1;34m	threadid 140231048976128 -> core 17 - OK[0m[1;34m
[0mFLOPs in stencil code:      1.612620e+09
Time spent in stencil code: 0.179438
Performance in GFlop/s:     8.987054
[1;34m[pthread wrapper] 
[0m[1;34m[pthread wrapper] MAIN -> 0
[0m[1;34m[pthread wrapper] PIN_MASK: [0m[1;34m0->1  [0m[1;34m1->16  [0m[1;34m2->17  [0m[1;34m
[pthread wrapper] SKIP MASK: 0x0
[0m[1;34m	threadid 140532055373568 -> core 1 - OK[0m[1;34m
[0m[1;34m	threadid 140532046980864 -> core 16 - OK[0m[1;34m
[0m[1;34m	threadid 140532038588160 -> core 17 - OK[0m[1;34m
[0mFLOPs in stencil code:      1.612620e+09
Time spent in stencil code: 0.178725
Performance in GFlop/s:     9.022912
