[1;34m[pthread wrapper] 
[0m[1;34m[pthread wrapper] MAIN -> 0
[0m[1;34m[pthread wrapper] PIN_MASK: [0m[1;34m0->1  [0m[1;34m
[pthread wrapper] SKIP MASK: 0x0
[0m[1;34m	threadid 140585504536320 -> core 1 - OK[0m[1;34m
[0mFLOPs in stencil code:      1.612620e+09
Time spent in stencil code: 0.358084
Performance in GFlop/s:     4.503469
[1;34m[pthread wrapper] 
[0m[1;34m[pthread wrapper] MAIN -> 0
[0m[1;34m[pthread wrapper] PIN_MASK: [0m[1;34m0->1  [0m[1;34m
[pthread wrapper] SKIP MASK: 0x0
[0m[1;34m	threadid 139948085835520 -> core 1 - OK[0m[1;34m
[0mFLOPs in stencil code:      1.612620e+09
Time spent in stencil code: 0.357632
Performance in GFlop/s:     4.509161
[1;34m[pthread wrapper] 
[0m[1;34m[pthread wrapper] MAIN -> 0
[0m[1;34m[pthread wrapper] PIN_MASK: [0m[1;34m0->1  [0m[1;34m
[pthread wrapper] SKIP MASK: 0x0
[0m[1;34m	threadid 139913268983552 -> core 1 - OK[0m[1;34m
[0mFLOPs in stencil code:      1.612620e+09
Time spent in stencil code: 0.358952
Performance in GFlop/s:     4.492578
[1;34m[pthread wrapper] 
[0m[1;34m[pthread wrapper] MAIN -> 0
[0m[1;34m[pthread wrapper] PIN_MASK: [0m[1;34m0->1  [0m[1;34m
[pthread wrapper] SKIP MASK: 0x0
[0m[1;34m	threadid 140149507520256 -> core 1 - OK[0m[1;34m
[0mFLOPs in stencil code:      1.612620e+09
Time spent in stencil code: 0.358874
Performance in GFlop/s:     4.493554
[1;34m[pthread wrapper] 
[0m[1;34m[pthread wrapper] MAIN -> 0
[0m[1;34m[pthread wrapper] PIN_MASK: [0m[1;34m0->1  [0m[1;34m
[pthread wrapper] SKIP MASK: 0x0
[0m[1;34m	threadid 140148918941440 -> core 1 - OK[0m[1;34m
[0mFLOPs in stencil code:      1.612620e+09
Time spent in stencil code: 0.357943
Performance in GFlop/s:     4.505245
