[1;34m[pthread wrapper] 
[0m[1;34m[pthread wrapper] MAIN -> 0
[0m[1;34m[pthread wrapper] PIN_MASK: [0m[1;34m0->1  [0m[1;34m1->2  [0m[1;34m2->3  [0m[1;34m3->4  [0m[1;34m4->5  [0m[1;34m5->6  [0m[1;34m6->7  [0m[1;34m
[pthread wrapper] SKIP MASK: 0x0
[0m[1;34m	threadid 140593071159040 -> core 1 - OK[0m[1;34m
[0m[1;34m	threadid 140593062766336 -> core 2 - OK[0m[1;34m
[0m[1;34m	threadid 140593054373632 -> core 3 - OK[0m[1;34m
[0m[1;34m	threadid 140593045980928 -> core 4 - OK[0m[1;34m
[0m[1;34m	threadid 140593037588224 -> core 5 - OK[0m[1;34m
[0m[1;34m	threadid 140593029195520 -> core 6 - OK[0m[1;34m
[0m[1;34m	threadid 140593020802816 -> core 7 - OK[0m[1;34m
[0mFLOPs in stencil code:      1.612620e+09
Time spent in stencil code: 0.108026
Performance in GFlop/s:     14.928069
[1;34m[pthread wrapper] 
[0m[1;34m[pthread wrapper] MAIN -> 0
[0m[1;34m[pthread wrapper] PIN_MASK: [0m[1;34m0->1  [0m[1;34m1->2  [0m[1;34m2->3  [0m[1;34m3->4  [0m[1;34m4->5  [0m[1;34m5->6  [0m[1;34m6->7  [0m[1;34m
[pthread wrapper] SKIP MASK: 0x0
[0m[1;34m	threadid 139961301300992 -> core 1 - OK[0m[1;34m
[0m[1;34m	threadid 139961292908288 -> core 2 - OK[0m[1;34m
[0m[1;34m	threadid 139961284515584 -> core 3 - OK[0m[1;34m
[0m[1;34m	threadid 139961276122880 -> core 4 - OK[0m[1;34m
[0m[1;34m	threadid 139961267730176 -> core 5 - OK[0m[1;34m
[0m[1;34m	threadid 139961259337472 -> core 6 - OK[0m[1;34m
[0m[1;34m	threadid 139961250944768 -> core 7 - OK[0m[1;34m
[0mFLOPs in stencil code:      1.612620e+09
Time spent in stencil code: 0.109265
Performance in GFlop/s:     14.758818
[1;34m[pthread wrapper] 
[0m[1;34m[pthread wrapper] MAIN -> 0
[0m[1;34m[pthread wrapper] PIN_MASK: [0m[1;34m0->1  [0m[1;34m1->2  [0m[1;34m2->3  [0m[1;34m3->4  [0m[1;34m4->5  [0m[1;34m5->6  [0m[1;34m6->7  [0m[1;34m
[pthread wrapper] SKIP MASK: 0x0
[0m[1;34m	threadid 140097061451520 -> core 1 - OK[0m[1;34m
[0m[1;34m	threadid 140097053058816 -> core 2 - OK[0m[1;34m
[0m[1;34m	threadid 140097044666112 -> core 3 - OK[0m[1;34m
[0m[1;34m	threadid 140097036273408 -> core 4 - OK[0m[1;34m
[0m[1;34m	threadid 140097027880704 -> core 5 - OK[0m[1;34m
[0m[1;34m	threadid 140097019488000 -> core 6 - OK[0m[1;34m
[0m[1;34m	threadid 140097011095296 -> core 7 - OK[0m[1;34m
[0mFLOPs in stencil code:      1.612620e+09
Time spent in stencil code: 0.107996
Performance in GFlop/s:     14.932222
[1;34m[pthread wrapper] 
[0m[1;34m[pthread wrapper] MAIN -> 0
[0m[1;34m[pthread wrapper] PIN_MASK: [0m[1;34m0->1  [0m[1;34m1->2  [0m[1;34m2->3  [0m[1;34m3->4  [0m[1;34m4->5  [0m[1;34m5->6  [0m[1;34m6->7  [0m[1;34m
[pthread wrapper] SKIP MASK: 0x0
[0m[1;34m	threadid 139795106428672 -> core 1 - OK[0m[1;34m
[0m[1;34m	threadid 139795098035968 -> core 2 - OK[0m[1;34m
[0m[1;34m	threadid 139795089643264 -> core 3 - OK[0m[1;34m
[0m[1;34m	threadid 139795081250560 -> core 4 - OK[0m[1;34m
[0m[1;34m	threadid 139795072857856 -> core 5 - OK[0m[1;34m
[0m[1;34m	threadid 139795064465152 -> core 6 - OK[0m[1;34m
[0m[1;34m	threadid 139795056072448 -> core 7 - OK[0m[1;34m
[0mFLOPs in stencil code:      1.612620e+09
Time spent in stencil code: 0.108123
Performance in GFlop/s:     14.914672
[1;34m[pthread wrapper] 
[0m[1;34m[pthread wrapper] MAIN -> 0
[0m[1;34m[pthread wrapper] PIN_MASK: [0m[1;34m0->1  [0m[1;34m1->2  [0m[1;34m2->3  [0m[1;34m3->4  [0m[1;34m4->5  [0m[1;34m5->6  [0m[1;34m6->7  [0m[1;34m
[pthread wrapper] SKIP MASK: 0x0
[0m[1;34m	threadid 140414379652864 -> core 1 - OK[0m[1;34m
[0m[1;34m	threadid 140414371260160 -> core 2 - OK[0m[1;34m
[0m[1;34m	threadid 140414362867456 -> core 3 - OK[0m[1;34m
[0m[1;34m	threadid 140414354474752 -> core 4 - OK[0m[1;34m
[0m[1;34m	threadid 140414346082048 -> core 5 - OK[0m[1;34m
[0m[1;34m	threadid 140414337689344 -> core 6 - OK[0m[1;34m
[0m[1;34m	threadid 140414329296640 -> core 7 - OK[0m[1;34m
[0mFLOPs in stencil code:      1.612620e+09
Time spent in stencil code: 0.108043
Performance in GFlop/s:     14.925730
