[1;34m[pthread wrapper] 
[0m[1;34m[pthread wrapper] MAIN -> 0
[0m[1;34m[pthread wrapper] PIN_MASK: [0m[1;34m0->1  [0m[1;34m1->2  [0m[1;34m2->3  [0m[1;34m3->4  [0m[1;34m4->5  [0m[1;34m5->6  [0m[1;34m6->7  [0m[1;34m7->8  [0m[1;34m8->9  [0m[1;34m9->10  [0m[1;34m10->11  [0m[1;34m11->12  [0m[1;34m12->13  [0m[1;34m13->14  [0m[1;34m14->15  [0m[1;34m15->16  [0m[1;34m16->17  [0m[1;34m17->18  [0m[1;34m18->19  [0m[1;34m19->20  [0m[1;34m20->21  [0m[1;34m21->22  [0m[1;34m22->23  [0m[1;34m
[pthread wrapper] SKIP MASK: 0x0
[0m[1;34m	threadid 140346705180416 -> core 1 - OK[0m[1;34m
[0m[1;34m	threadid 140346696787712 -> core 2 - OK[0m[1;34m
[0m[1;34m	threadid 140346688395008 -> core 3 - OK[0m[1;34m
[0m[1;34m	threadid 140346680002304 -> core 4 - OK[0m[1;34m
[0m[1;34m	threadid 140346671609600 -> core 5 - OK[0m[1;34m
[0m[1;34m	threadid 140346663216896 -> core 6 - OK[0m[1;34m
[0m[1;34m	threadid 140346654824192 -> core 7 - OK[0m[1;34m
[0m[1;34m	threadid 140346646431488 -> core 8 - OK[0m[1;34m
[0m[1;34m	threadid 140346638038784 -> core 9 - OK[0m[1;34m
[0m[1;34m	threadid 140346629646080 -> core 10 - OK[0m[1;34m
[0m[1;34m	threadid 140346621253376 -> core 11 - OK[0m[1;34m
[0m[1;34m	threadid 140346612860672 -> core 12 - OK[0m[1;34m
[0m[1;34m	threadid 140346604467968 -> core 13 - OK[0m[1;34m
[0m[1;34m	threadid 140346596075264 -> core 14 - OK[0m[1;34m
[0m[1;34m	threadid 140346587682560 -> core 15 - OK[0m[1;34m
[0m[1;34m	threadid 140346579289856 -> core 16 - OK[0m[1;34m
[0m[1;34m	threadid 140346570897152 -> core 17 - OK[0m[1;34m
[0m[1;34m	threadid 140346562504448 -> core 18 - OK[0m[1;34m
[0m[1;34m	threadid 140346554111744 -> core 19 - OK[0m[1;34m
[0m[1;34m	threadid 140346545719040 -> core 20 - OK[0m[1;34m
[0m[1;34m	threadid 140346537326336 -> core 21 - OK[0m[1;34m
[0m[1;34m	threadid 140346528933632 -> core 22 - OK[0m[1;34m
[0m[1;34m	threadid 140346520540928 -> core 23 - OK[0m[1;34m
[0mFLOPs in stencil code:      1.612620e+09
Time spent in stencil code: 0.040492
Performance in GFlop/s:     39.825588
[1;34m[pthread wrapper] 
[0m[1;34m[pthread wrapper] MAIN -> 0
[0m[1;34m[pthread wrapper] PIN_MASK: [0m[1;34m0->1  [0m[1;34m1->2  [0m[1;34m2->3  [0m[1;34m3->4  [0m[1;34m4->5  [0m[1;34m5->6  [0m[1;34m6->7  [0m[1;34m7->8  [0m[1;34m8->9  [0m[1;34m9->10  [0m[1;34m10->11  [0m[1;34m11->12  [0m[1;34m12->13  [0m[1;34m13->14  [0m[1;34m14->15  [0m[1;34m15->16  [0m[1;34m16->17  [0m[1;34m17->18  [0m[1;34m18->19  [0m[1;34m19->20  [0m[1;34m20->21  [0m[1;34m21->22  [0m[1;34m22->23  [0m[1;34m
[pthread wrapper] SKIP MASK: 0x0
[0m[1;34m	threadid 140266810537728 -> core 1 - OK[0m[1;34m
[0m[1;34m	threadid 140266802145024 -> core 2 - OK[0m[1;34m
[0m[1;34m	threadid 140266793752320 -> core 3 - OK[0m[1;34m
[0m[1;34m	threadid 140266785359616 -> core 4 - OK[0m[1;34m
[0m[1;34m	threadid 140266776966912 -> core 5 - OK[0m[1;34m
[0m[1;34m	threadid 140266768574208 -> core 6 - OK[0m[1;34m
[0m[1;34m	threadid 140266760181504 -> core 7 - OK[0m[1;34m
[0m[1;34m	threadid 140266751788800 -> core 8 - OK[0m[1;34m
[0m[1;34m	threadid 140266743396096 -> core 9 - OK[0m[1;34m
[0m[1;34m	threadid 140266735003392 -> core 10 - OK[0m[1;34m
[0m[1;34m	threadid 140266726610688 -> core 11 - OK[0m[1;34m
[0m[1;34m	threadid 140266718217984 -> core 12 - OK[0m[1;34m
[0m[1;34m	threadid 140266709825280 -> core 13 - OK[0m[1;34m
[0m[1;34m	threadid 140266701432576 -> core 14 - OK[0m[1;34m
[0m[1;34m	threadid 140266693039872 -> core 15 - OK[0m[1;34m
[0m[1;34m	threadid 140266684647168 -> core 16 - OK[0m[1;34m
[0m[1;34m	threadid 140266676254464 -> core 17 - OK[0m[1;34m
[0m[1;34m	threadid 140266667861760 -> core 18 - OK[0m[1;34m
[0m[1;34m	threadid 140266659469056 -> core 19 - OK[0m[1;34m
[0m[1;34m	threadid 140266651076352 -> core 20 - OK[0m[1;34m
[0m[1;34m	threadid 140266642683648 -> core 21 - OK[0m[1;34m
[0m[1;34m	threadid 140266634290944 -> core 22 - OK[0m[1;34m
[0m[1;34m	threadid 140266625898240 -> core 23 - OK[0m[1;34m
[0mFLOPs in stencil code:      1.612620e+09
Time spent in stencil code: 0.041174
Performance in GFlop/s:     39.165814
[1;34m[pthread wrapper] 
[0m[1;34m[pthread wrapper] MAIN -> 0
[0m[1;34m[pthread wrapper] PIN_MASK: [0m[1;34m0->1  [0m[1;34m1->2  [0m[1;34m2->3  [0m[1;34m3->4  [0m[1;34m4->5  [0m[1;34m5->6  [0m[1;34m6->7  [0m[1;34m7->8  [0m[1;34m8->9  [0m[1;34m9->10  [0m[1;34m10->11  [0m[1;34m11->12  [0m[1;34m12->13  [0m[1;34m13->14  [0m[1;34m14->15  [0m[1;34m15->16  [0m[1;34m16->17  [0m[1;34m17->18  [0m[1;34m18->19  [0m[1;34m19->20  [0m[1;34m20->21  [0m[1;34m21->22  [0m[1;34m22->23  [0m[1;34m
[pthread wrapper] SKIP MASK: 0x0
[0m[1;34m	threadid 140223597049600 -> core 1 - OK[0m[1;34m
[0m[1;34m	threadid 140223588656896 -> core 2 - OK[0m[1;34m
[0m[1;34m	threadid 140223580264192 -> core 3 - OK[0m[1;34m
[0m[1;34m	threadid 140223571871488 -> core 4 - OK[0m[1;34m
[0m[1;34m	threadid 140223563478784 -> core 5 - OK[0m[1;34m
[0m[1;34m	threadid 140223555086080 -> core 6 - OK[0m[1;34m
[0m[1;34m	threadid 140223546693376 -> core 7 - OK[0m[1;34m
[0m[1;34m	threadid 140223538300672 -> core 8 - OK[0m[1;34m
[0m[1;34m	threadid 140223529907968 -> core 9 - OK[0m[1;34m
[0m[1;34m	threadid 140223521515264 -> core 10 - OK[0m[1;34m
[0m[1;34m	threadid 140223513122560 -> core 11 - OK[0m[1;34m
[0m[1;34m	threadid 140223504729856 -> core 12 - OK[0m[1;34m
[0m[1;34m	threadid 140223496337152 -> core 13 - OK[0m[1;34m
[0m[1;34m	threadid 140223487944448 -> core 14 - OK[0m[1;34m
[0m[1;34m	threadid 140223479551744 -> core 15 - OK[0m[1;34m
[0m[1;34m	threadid 140223471159040 -> core 16 - OK[0m[1;34m
[0m[1;34m	threadid 140223462766336 -> core 17 - OK[0m[1;34m
[0m[1;34m	threadid 140223454373632 -> core 18 - OK[0m[1;34m
[0m[1;34m	threadid 140223445980928 -> core 19 - OK[0m[1;34m
[0m[1;34m	threadid 140223437588224 -> core 20 - OK[0m[1;34m
[0m[1;34m	threadid 140223429195520 -> core 21 - OK[0m[1;34m
[0m[1;34m	threadid 140223420802816 -> core 22 - OK[0m[1;34m
[0m[1;34m	threadid 140223412410112 -> core 23 - OK[0m[1;34m
[0mFLOPs in stencil code:      1.612620e+09
Time spent in stencil code: 0.043438
Performance in GFlop/s:     37.124674
[1;34m[pthread wrapper] 
[0m[1;34m[pthread wrapper] MAIN -> 0
[0m[1;34m[pthread wrapper] PIN_MASK: [0m[1;34m0->1  [0m[1;34m1->2  [0m[1;34m2->3  [0m[1;34m3->4  [0m[1;34m4->5  [0m[1;34m5->6  [0m[1;34m6->7  [0m[1;34m7->8  [0m[1;34m8->9  [0m[1;34m9->10  [0m[1;34m10->11  [0m[1;34m11->12  [0m[1;34m12->13  [0m[1;34m13->14  [0m[1;34m14->15  [0m[1;34m15->16  [0m[1;34m16->17  [0m[1;34m17->18  [0m[1;34m18->19  [0m[1;34m19->20  [0m[1;34m20->21  [0m[1;34m21->22  [0m[1;34m22->23  [0m[1;34m
[pthread wrapper] SKIP MASK: 0x0
[0m[1;34m	threadid 139905343682304 -> core 1 - OK[0m[1;34m
[0m[1;34m	threadid 139905335289600 -> core 2 - OK[0m[1;34m
[0m[1;34m	threadid 139905326896896 -> core 3 - OK[0m[1;34m
[0m[1;34m	threadid 139905318504192 -> core 4 - OK[0m[1;34m
[0m[1;34m	threadid 139905310111488 -> core 5 - OK[0m[1;34m
[0m[1;34m	threadid 139905301718784 -> core 6 - OK[0m[1;34m
[0m[1;34m	threadid 139905293326080 -> core 7 - OK[0m[1;34m
[0m[1;34m	threadid 139905284933376 -> core 8 - OK[0m[1;34m
[0m[1;34m	threadid 139905276540672 -> core 9 - OK[0m[1;34m
[0m[1;34m	threadid 139905268147968 -> core 10 - OK[0m[1;34m
[0m[1;34m	threadid 139905259755264 -> core 11 - OK[0m[1;34m
[0m[1;34m	threadid 139905251362560 -> core 12 - OK[0m[1;34m
[0m[1;34m	threadid 139905242969856 -> core 13 - OK[0m[1;34m
[0m[1;34m	threadid 139905234577152 -> core 14 - OK[0m[1;34m
[0m[1;34m	threadid 139905226184448 -> core 15 - OK[0m[1;34m
[0m[1;34m	threadid 139905217791744 -> core 16 - OK[0m[1;34m
[0m[1;34m	threadid 139905209399040 -> core 17 - OK[0m[1;34m
[0m[1;34m	threadid 139905201006336 -> core 18 - OK[0m[1;34m
[0m[1;34m	threadid 139905192613632 -> core 19 - OK[0m[1;34m
[0m[1;34m	threadid 139905184220928 -> core 20 - OK[0m[1;34m
[0m[1;34m	threadid 139905175828224 -> core 21 - OK[0m[1;34m
[0m[1;34m	threadid 139905167435520 -> core 22 - OK[0m[1;34m
[0m[1;34m	threadid 139905159042816 -> core 23 - OK[0m[1;34m
[0mFLOPs in stencil code:      1.612620e+09
Time spent in stencil code: 0.040691
Performance in GFlop/s:     39.630975
[1;34m[pthread wrapper] 
[0m[1;34m[pthread wrapper] MAIN -> 0
[0m[1;34m[pthread wrapper] PIN_MASK: [0m[1;34m0->1  [0m[1;34m1->2  [0m[1;34m2->3  [0m[1;34m3->4  [0m[1;34m4->5  [0m[1;34m5->6  [0m[1;34m6->7  [0m[1;34m7->8  [0m[1;34m8->9  [0m[1;34m9->10  [0m[1;34m10->11  [0m[1;34m11->12  [0m[1;34m12->13  [0m[1;34m13->14  [0m[1;34m14->15  [0m[1;34m15->16  [0m[1;34m16->17  [0m[1;34m17->18  [0m[1;34m18->19  [0m[1;34m19->20  [0m[1;34m20->21  [0m[1;34m21->22  [0m[1;34m22->23  [0m[1;34m
[pthread wrapper] SKIP MASK: 0x0
[0m[1;34m	threadid 139880164357888 -> core 1 - OK[0m[1;34m
[0m[1;34m	threadid 139880155965184 -> core 2 - OK[0m[1;34m
[0m[1;34m	threadid 139880147572480 -> core 3 - OK[0m[1;34m
[0m[1;34m	threadid 139880139179776 -> core 4 - OK[0m[1;34m
[0m[1;34m	threadid 139880130787072 -> core 5 - OK[0m[1;34m
[0m[1;34m	threadid 139880122394368 -> core 6 - OK[0m[1;34m
[0m[1;34m	threadid 139880114001664 -> core 7 - OK[0m[1;34m
[0m[1;34m	threadid 139880105608960 -> core 8 - OK[0m[1;34m
[0m[1;34m	threadid 139880097216256 -> core 9 - OK[0m[1;34m
[0m[1;34m	threadid 139880088823552 -> core 10 - OK[0m[1;34m
[0m[1;34m	threadid 139880080430848 -> core 11 - OK[0m[1;34m
[0m[1;34m	threadid 139880072038144 -> core 12 - OK[0m[1;34m
[0m[1;34m	threadid 139880063645440 -> core 13 - OK[0m[1;34m
[0m[1;34m	threadid 139880055252736 -> core 14 - OK[0m[1;34m
[0m[1;34m	threadid 139880046860032 -> core 15 - OK[0m[1;34m
[0m[1;34m	threadid 139880038467328 -> core 16 - OK[0m[1;34m
[0m[1;34m	threadid 139880030074624 -> core 17 - OK[0m[1;34m
[0m[1;34m	threadid 139880021681920 -> core 18 - OK[0m[1;34m
[0m[1;34m	threadid 139880013289216 -> core 19 - OK[0m[1;34m
[0m[1;34m	threadid 139880004896512 -> core 20 - OK[0m[1;34m
[0m[1;34m	threadid 139879996503808 -> core 21 - OK[0m[1;34m
[0m[1;34m	threadid 139879988111104 -> core 22 - OK[0m[1;34m
[0m[1;34m	threadid 139879979718400 -> core 23 - OK[0m[1;34m
[0mFLOPs in stencil code:      1.612620e+09
Time spent in stencil code: 0.040614
Performance in GFlop/s:     39.706121
