[1;34m[pthread wrapper] 
[0m[1;34m[pthread wrapper] MAIN -> 0
[0m[1;34m[pthread wrapper] PIN_MASK: [0m[1;34m0->1  [0m[1;34m1->2  [0m[1;34m2->3  [0m[1;34m3->4  [0m[1;34m4->5  [0m[1;34m5->6  [0m[1;34m6->7  [0m[1;34m7->8  [0m[1;34m8->9  [0m[1;34m9->10  [0m[1;34m10->11  [0m[1;34m11->16  [0m[1;34m12->17  [0m[1;34m13->18  [0m[1;34m14->19  [0m[1;34m15->20  [0m[1;34m16->21  [0m[1;34m17->22  [0m[1;34m18->23  [0m[1;34m19->24  [0m[1;34m20->25  [0m[1;34m21->26  [0m[1;34m22->27  [0m[1;34m
[pthread wrapper] SKIP MASK: 0x0
[0m[1;34m	threadid 140170153064192 -> core 1 - OK[0m[1;34m
[0m[1;34m	threadid 140170144671488 -> core 2 - OK[0m[1;34m
[0m[1;34m	threadid 140170136278784 -> core 3 - OK[0m[1;34m
[0m[1;34m	threadid 140170127886080 -> core 4 - OK[0m[1;34m
[0m[1;34m	threadid 140170119493376 -> core 5 - OK[0m[1;34m
[0m[1;34m	threadid 140170111100672 -> core 6 - OK[0m[1;34m
[0m[1;34m	threadid 140170102707968 -> core 7 - OK[0m[1;34m
[0m[1;34m	threadid 140170094315264 -> core 8 - OK[0m[1;34m
[0m[1;34m	threadid 140170085922560 -> core 9 - OK[0m[1;34m
[0m[1;34m	threadid 140170077529856 -> core 10 - OK[0m[1;34m
[0m[1;34m	threadid 140170069137152 -> core 11 - OK[0m[1;34m
[0m[1;34m	threadid 140170060744448 -> core 16 - OK[0m[1;34m
[0m[1;34m	threadid 140170052351744 -> core 17 - OK[0m[1;34m
[0m[1;34m	threadid 140170043959040 -> core 18 - OK[0m[1;34m
[0m[1;34m	threadid 140170035566336 -> core 19 - OK[0m[1;34m
[0m[1;34m	threadid 140170027173632 -> core 20 - OK[0m[1;34m
[0m[1;34m	threadid 140170018780928 -> core 21 - OK[0m[1;34m
[0m[1;34m	threadid 140170010388224 -> core 22 - OK[0m[1;34m
[0m[1;34m	threadid 140170001995520 -> core 23 - OK[0m[1;34m
[0m[1;34m	threadid 140169993602816 -> core 24 - OK[0m[1;34m
[0m[1;34m	threadid 140169985210112 -> core 25 - OK[0m[1;34m
[0m[1;34m	threadid 140169976817408 -> core 26 - OK[0m[1;34m
[0m[1;34m	threadid 140169968424704 -> core 27 - OK[0m[1;34m
[0mFLOPs in stencil code:      1.612620e+09
Time spent in stencil code: 0.040355
Performance in GFlop/s:     39.960644
[1;34m[pthread wrapper] 
[0m[1;34m[pthread wrapper] MAIN -> 0
[0m[1;34m[pthread wrapper] PIN_MASK: [0m[1;34m0->1  [0m[1;34m1->2  [0m[1;34m2->3  [0m[1;34m3->4  [0m[1;34m4->5  [0m[1;34m5->6  [0m[1;34m6->7  [0m[1;34m7->8  [0m[1;34m8->9  [0m[1;34m9->10  [0m[1;34m10->11  [0m[1;34m11->16  [0m[1;34m12->17  [0m[1;34m13->18  [0m[1;34m14->19  [0m[1;34m15->20  [0m[1;34m16->21  [0m[1;34m17->22  [0m[1;34m18->23  [0m[1;34m19->24  [0m[1;34m20->25  [0m[1;34m21->26  [0m[1;34m22->27  [0m[1;34m
[pthread wrapper] SKIP MASK: 0x0
[0m[1;34m	threadid 139897287079680 -> core 1 - OK[0m[1;34m
[0m[1;34m	threadid 139897278686976 -> core 2 - OK[0m[1;34m
[0m[1;34m	threadid 139897270294272 -> core 3 - OK[0m[1;34m
[0m[1;34m	threadid 139897261901568 -> core 4 - OK[0m[1;34m
[0m[1;34m	threadid 139897253508864 -> core 5 - OK[0m[1;34m
[0m[1;34m	threadid 139897245116160 -> core 6 - OK[0m[1;34m
[0m[1;34m	threadid 139897236723456 -> core 7 - OK[0m[1;34m
[0m[1;34m	threadid 139897228330752 -> core 8 - OK[0m[1;34m
[0m[1;34m	threadid 139897219938048 -> core 9 - OK[0m[1;34m
[0m[1;34m	threadid 139897211545344 -> core 10 - OK[0m[1;34m
[0m[1;34m	threadid 139897203152640 -> core 11 - OK[0m[1;34m
[0m[1;34m	threadid 139897194759936 -> core 16 - OK[0m[1;34m
[0m[1;34m	threadid 139897186367232 -> core 17 - OK[0m[1;34m
[0m[1;34m	threadid 139897177974528 -> core 18 - OK[0m[1;34m
[0m[1;34m	threadid 139897169581824 -> core 19 - OK[0m[1;34m
[0m[1;34m	threadid 139897161189120 -> core 20 - OK[0m[1;34m
[0m[1;34m	threadid 139897152796416 -> core 21 - OK[0m[1;34m
[0m[1;34m	threadid 139897144403712 -> core 22 - OK[0m[1;34m
[0m[1;34m	threadid 139897136011008 -> core 23 - OK[0m[1;34m
[0m[1;34m	threadid 139897127618304 -> core 24 - OK[0m[1;34m
[0m[1;34m	threadid 139897119225600 -> core 25 - OK[0m[1;34m
[0m[1;34m	threadid 139897110832896 -> core 26 - OK[0m[1;34m
[0m[1;34m	threadid 139897102440192 -> core 27 - OK[0m[1;34m
[0mFLOPs in stencil code:      1.612620e+09
Time spent in stencil code: 0.040398
Performance in GFlop/s:     39.918429
[1;34m[pthread wrapper] 
[0m[1;34m[pthread wrapper] MAIN -> 0
[0m[1;34m[pthread wrapper] PIN_MASK: [0m[1;34m0->1  [0m[1;34m1->2  [0m[1;34m2->3  [0m[1;34m3->4  [0m[1;34m4->5  [0m[1;34m5->6  [0m[1;34m6->7  [0m[1;34m7->8  [0m[1;34m8->9  [0m[1;34m9->10  [0m[1;34m10->11  [0m[1;34m11->16  [0m[1;34m12->17  [0m[1;34m13->18  [0m[1;34m14->19  [0m[1;34m15->20  [0m[1;34m16->21  [0m[1;34m17->22  [0m[1;34m18->23  [0m[1;34m19->24  [0m[1;34m20->25  [0m[1;34m21->26  [0m[1;34m22->27  [0m[1;34m
[pthread wrapper] SKIP MASK: 0x0
[0m[1;34m	threadid 140074012047104 -> core 1 - OK[0m[1;34m
[0m[1;34m	threadid 140074003654400 -> core 2 - OK[0m[1;34m
[0m[1;34m	threadid 140073995261696 -> core 3 - OK[0m[1;34m
[0m[1;34m	threadid 140073986868992 -> core 4 - OK[0m[1;34m
[0m[1;34m	threadid 140073978476288 -> core 5 - OK[0m[1;34m
[0m[1;34m	threadid 140073970083584 -> core 6 - OK[0m[1;34m
[0m[1;34m	threadid 140073961690880 -> core 7 - OK[0m[1;34m
[0m[1;34m	threadid 140073953298176 -> core 8 - OK[0m[1;34m
[0m[1;34m	threadid 140073944905472 -> core 9 - OK[0m[1;34m
[0m[1;34m	threadid 140073936512768 -> core 10 - OK[0m[1;34m
[0m[1;34m	threadid 140073928120064 -> core 11 - OK[0m[1;34m
[0m[1;34m	threadid 140073919727360 -> core 16 - OK[0m[1;34m
[0m[1;34m	threadid 140073911334656 -> core 17 - OK[0m[1;34m
[0m[1;34m	threadid 140073902941952 -> core 18 - OK[0m[1;34m
[0m[1;34m	threadid 140073894549248 -> core 19 - OK[0m[1;34m
[0m[1;34m	threadid 140073886156544 -> core 20 - OK[0m[1;34m
[0m[1;34m	threadid 140073877763840 -> core 21 - OK[0m[1;34m
[0m[1;34m	threadid 140073869371136 -> core 22 - OK[0m[1;34m
[0m[1;34m	threadid 140073860978432 -> core 23 - OK[0m[1;34m
[0m[1;34m	threadid 140073852585728 -> core 24 - OK[0m[1;34m
[0m[1;34m	threadid 140073844193024 -> core 25 - OK[0m[1;34m
[0m[1;34m	threadid 140073835800320 -> core 26 - OK[0m[1;34m
[0m[1;34m	threadid 140073827407616 -> core 27 - OK[0m[1;34m
[0mFLOPs in stencil code:      1.612620e+09
Time spent in stencil code: 0.040584
Performance in GFlop/s:     39.735278
[1;34m[pthread wrapper] 
[0m[1;34m[pthread wrapper] MAIN -> 0
[0m[1;34m[pthread wrapper] PIN_MASK: [0m[1;34m0->1  [0m[1;34m1->2  [0m[1;34m2->3  [0m[1;34m3->4  [0m[1;34m4->5  [0m[1;34m5->6  [0m[1;34m6->7  [0m[1;34m7->8  [0m[1;34m8->9  [0m[1;34m9->10  [0m[1;34m10->11  [0m[1;34m11->16  [0m[1;34m12->17  [0m[1;34m13->18  [0m[1;34m14->19  [0m[1;34m15->20  [0m[1;34m16->21  [0m[1;34m17->22  [0m[1;34m18->23  [0m[1;34m19->24  [0m[1;34m20->25  [0m[1;34m21->26  [0m[1;34m22->27  [0m[1;34m
[pthread wrapper] SKIP MASK: 0x0
[0m[1;34m	threadid 140280944719616 -> core 1 - OK[0m[1;34m
[0m[1;34m	threadid 140280936326912 -> core 2 - OK[0m[1;34m
[0m[1;34m	threadid 140280927934208 -> core 3 - OK[0m[1;34m
[0m[1;34m	threadid 140280919541504 -> core 4 - OK[0m[1;34m
[0m[1;34m	threadid 140280911148800 -> core 5 - OK[0m[1;34m
[0m[1;34m	threadid 140280902756096 -> core 6 - OK[0m[1;34m
[0m[1;34m	threadid 140280894363392 -> core 7 - OK[0m[1;34m
[0m[1;34m	threadid 140280885970688 -> core 8 - OK[0m[1;34m
[0m[1;34m	threadid 140280877577984 -> core 9 - OK[0m[1;34m
[0m[1;34m	threadid 140280869185280 -> core 10 - OK[0m[1;34m
[0m[1;34m	threadid 140280860792576 -> core 11 - OK[0m[1;34m
[0m[1;34m	threadid 140280852399872 -> core 16 - OK[0m[1;34m
[0m[1;34m	threadid 140280844007168 -> core 17 - OK[0m[1;34m
[0m[1;34m	threadid 140280835614464 -> core 18 - OK[0m[1;34m
[0m[1;34m	threadid 140280827221760 -> core 19 - OK[0m[1;34m
[0m[1;34m	threadid 140280818829056 -> core 20 - OK[0m[1;34m
[0m[1;34m	threadid 140280810436352 -> core 21 - OK[0m[1;34m
[0m[1;34m	threadid 140280802043648 -> core 22 - OK[0m[1;34m
[0m[1;34m	threadid 140280793650944 -> core 23 - OK[0m[1;34m
[0m[1;34m	threadid 140280785258240 -> core 24 - OK[0m[1;34m
[0m[1;34m	threadid 140280776865536 -> core 25 - OK[0m[1;34m
[0m[1;34m	threadid 140280768472832 -> core 26 - OK[0m[1;34m
[0m[1;34m	threadid 140280760080128 -> core 27 - OK[0m[1;34m
[0mFLOPs in stencil code:      1.612620e+09
Time spent in stencil code: 0.040468
Performance in GFlop/s:     39.849286
[1;34m[pthread wrapper] 
[0m[1;34m[pthread wrapper] MAIN -> 0
[0m[1;34m[pthread wrapper] PIN_MASK: [0m[1;34m0->1  [0m[1;34m1->2  [0m[1;34m2->3  [0m[1;34m3->4  [0m[1;34m4->5  [0m[1;34m5->6  [0m[1;34m6->7  [0m[1;34m7->8  [0m[1;34m8->9  [0m[1;34m9->10  [0m[1;34m10->11  [0m[1;34m11->16  [0m[1;34m12->17  [0m[1;34m13->18  [0m[1;34m14->19  [0m[1;34m15->20  [0m[1;34m16->21  [0m[1;34m17->22  [0m[1;34m18->23  [0m[1;34m19->24  [0m[1;34m20->25  [0m[1;34m21->26  [0m[1;34m22->27  [0m[1;34m
[pthread wrapper] SKIP MASK: 0x0
[0m[1;34m	threadid 139722999756544 -> core 1 - OK[0m[1;34m
[0m[1;34m	threadid 139722991363840 -> core 2 - OK[0m[1;34m
[0m[1;34m	threadid 139722982971136 -> core 3 - OK[0m[1;34m
[0m[1;34m	threadid 139722974578432 -> core 4 - OK[0m[1;34m
[0m[1;34m	threadid 139722966185728 -> core 5 - OK[0m[1;34m
[0m[1;34m	threadid 139722957793024 -> core 6 - OK[0m[1;34m
[0m[1;34m	threadid 139722949400320 -> core 7 - OK[0m[1;34m
[0m[1;34m	threadid 139722941007616 -> core 8 - OK[0m[1;34m
[0m[1;34m	threadid 139722932614912 -> core 9 - OK[0m[1;34m
[0m[1;34m	threadid 139722924222208 -> core 10 - OK[0m[1;34m
[0m[1;34m	threadid 139722915829504 -> core 11 - OK[0m[1;34m
[0m[1;34m	threadid 139722907436800 -> core 16 - OK[0m[1;34m
[0m[1;34m	threadid 139722899044096 -> core 17 - OK[0m[1;34m
[0m[1;34m	threadid 139722890651392 -> core 18 - OK[0m[1;34m
[0m[1;34m	threadid 139722882258688 -> core 19 - OK[0m[1;34m
[0m[1;34m	threadid 139722873865984 -> core 20 - OK[0m[1;34m
[0m[1;34m	threadid 139722865473280 -> core 21 - OK[0m[1;34m
[0m[1;34m	threadid 139722857080576 -> core 22 - OK[0m[1;34m
[0m[1;34m	threadid 139722848687872 -> core 23 - OK[0m[1;34m
[0m[1;34m	threadid 139722840295168 -> core 24 - OK[0m[1;34m
[0m[1;34m	threadid 139722831902464 -> core 25 - OK[0m[1;34m
[0m[1;34m	threadid 139722823509760 -> core 26 - OK[0m[1;34m
[0m[1;34m	threadid 139722815117056 -> core 27 - OK[0m[1;34m
[0mFLOPs in stencil code:      1.612620e+09
Time spent in stencil code: 0.040483
Performance in GFlop/s:     39.834501
