[1;34m[pthread wrapper] 
[0m[1;34m[pthread wrapper] MAIN -> 0
[0m[1;34m[pthread wrapper] PIN_MASK: [0m[1;34m0->1  [0m[1;34m1->2  [0m[1;34m2->3  [0m[1;34m
[pthread wrapper] SKIP MASK: 0x0
[0m[1;34m	threadid 140394722195200 -> core 1 - OK[0m[1;34m
[0m[1;34m	threadid 140394713802496 -> core 2 - OK[0m[1;34m
[0m[1;34m	threadid 140394705409792 -> core 3 - OK[0m[1;34m
[0mFLOPs in stencil code:      1.612620e+09
Time spent in stencil code: 0.192332
Performance in GFlop/s:     8.384563
[1;34m[pthread wrapper] 
[0m[1;34m[pthread wrapper] MAIN -> 0
[0m[1;34m[pthread wrapper] PIN_MASK: [0m[1;34m0->1  [0m[1;34m1->2  [0m[1;34m2->3  [0m[1;34m
[pthread wrapper] SKIP MASK: 0x0
[0m[1;34m	threadid 139746781951744 -> core 1 - OK[0m[1;34m
[0m[1;34m	threadid 139746773559040 -> core 2 - OK[0m[1;34m
[0m[1;34m	threadid 139746765166336 -> core 3 - OK[0m[1;34m
[0mFLOPs in stencil code:      1.612620e+09
Time spent in stencil code: 0.192216
Performance in GFlop/s:     8.389628
[1;34m[pthread wrapper] 
[0m[1;34m[pthread wrapper] MAIN -> 0
[0m[1;34m[pthread wrapper] PIN_MASK: [0m[1;34m0->1  [0m[1;34m1->2  [0m[1;34m2->3  [0m[1;34m
[pthread wrapper] SKIP MASK: 0x0
[0m[1;34m	threadid 140496473552640 -> core 1 - OK[0m[1;34m
[0m[1;34m	threadid 140496465159936 -> core 2 - OK[0m[1;34m
[0m[1;34m	threadid 140496456767232 -> core 3 - OK[0m[1;34m
[0mFLOPs in stencil code:      1.612620e+09
Time spent in stencil code: 0.192024
Performance in GFlop/s:     8.398013
[1;34m[pthread wrapper] 
[0m[1;34m[pthread wrapper] MAIN -> 0
[0m[1;34m[pthread wrapper] PIN_MASK: [0m[1;34m0->1  [0m[1;34m1->2  [0m[1;34m2->3  [0m[1;34m
[pthread wrapper] SKIP MASK: 0x0
[0m[1;34m	threadid 140663801050880 -> core 1 - OK[0m[1;34m
[0m[1;34m	threadid 140663792658176 -> core 2 - OK[0m[1;34m
[0m[1;34m	threadid 140663784265472 -> core 3 - OK[0m[1;34m
[0mFLOPs in stencil code:      1.612620e+09
Time spent in stencil code: 0.192141
Performance in GFlop/s:     8.392907
[1;34m[pthread wrapper] 
[0m[1;34m[pthread wrapper] MAIN -> 0
[0m[1;34m[pthread wrapper] PIN_MASK: [0m[1;34m0->1  [0m[1;34m1->2  [0m[1;34m2->3  [0m[1;34m
[pthread wrapper] SKIP MASK: 0x0
[0m[1;34m	threadid 140461498791680 -> core 1 - OK[0m[1;34m
[0m[1;34m	threadid 140461490398976 -> core 2 - OK[0m[1;34m
[0m[1;34m	threadid 140461482006272 -> core 3 - OK[0m[1;34m
[0mFLOPs in stencil code:      1.612620e+09
Time spent in stencil code: 0.192646
Performance in GFlop/s:     8.370897
