[1;34m[pthread wrapper] 
[0m[1;34m[pthread wrapper] MAIN -> 0
[0m[1;34m[pthread wrapper] PIN_MASK: [0m[1;34m0->1  [0m[1;34m1->2  [0m[1;34m2->3  [0m[1;34m3->4  [0m[1;34m4->5  [0m[1;34m5->6  [0m[1;34m6->7  [0m[1;34m7->8  [0m[1;34m8->9  [0m[1;34m9->10  [0m[1;34m10->11  [0m[1;34m11->12  [0m[1;34m12->13  [0m[1;34m13->14  [0m[1;34m14->15  [0m[1;34m
[pthread wrapper] SKIP MASK: 0x0
[0m[1;34m	threadid 139696730076928 -> core 1 - OK[0m[1;34m
[0m[1;34m	threadid 139696721684224 -> core 2 - OK[0m[1;34m
[0m[1;34m	threadid 139696713291520 -> core 3 - OK[0m[1;34m
[0m[1;34m	threadid 139696704898816 -> core 4 - OK[0m[1;34m
[0m[1;34m	threadid 139696696506112 -> core 5 - OK[0m[1;34m
[0m[1;34m	threadid 139696688113408 -> core 6 - OK[0m[1;34m
[0m[1;34m	threadid 139696679720704 -> core 7 - OK[0m[1;34m
[0m[1;34m	threadid 139696671328000 -> core 8 - OK[0m[1;34m
[0m[1;34m	threadid 139696662935296 -> core 9 - OK[0m[1;34m
[0m[1;34m	threadid 139696654542592 -> core 10 - OK[0m[1;34m
[0m[1;34m	threadid 139696646149888 -> core 11 - OK[0m[1;34m
[0m[1;34m	threadid 139696637757184 -> core 12 - OK[0m[1;34m
[0m[1;34m	threadid 139696629364480 -> core 13 - OK[0m[1;34m
[0m[1;34m	threadid 139696620971776 -> core 14 - OK[0m[1;34m
[0m[1;34m	threadid 139696612579072 -> core 15 - OK[0m[1;34m
[0mFLOPs in stencil code:      1.612620e+09
Time spent in stencil code: 0.055304
Performance in GFlop/s:     29.159166
[1;34m[pthread wrapper] 
[0m[1;34m[pthread wrapper] MAIN -> 0
[0m[1;34m[pthread wrapper] PIN_MASK: [0m[1;34m0->1  [0m[1;34m1->2  [0m[1;34m2->3  [0m[1;34m3->4  [0m[1;34m4->5  [0m[1;34m5->6  [0m[1;34m6->7  [0m[1;34m7->8  [0m[1;34m8->9  [0m[1;34m9->10  [0m[1;34m10->11  [0m[1;34m11->12  [0m[1;34m12->13  [0m[1;34m13->14  [0m[1;34m14->15  [0m[1;34m
[pthread wrapper] SKIP MASK: 0x0
[0m[1;34m	threadid 139682543499008 -> core 1 - OK[0m[1;34m
[0m[1;34m	threadid 139682535106304 -> core 2 - OK[0m[1;34m
[0m[1;34m	threadid 139682526713600 -> core 3 - OK[0m[1;34m
[0m[1;34m	threadid 139682518320896 -> core 4 - OK[0m[1;34m
[0m[1;34m	threadid 139682509928192 -> core 5 - OK[0m[1;34m
[0m[1;34m	threadid 139682501535488 -> core 6 - OK[0m[1;34m
[0m[1;34m	threadid 139682493142784 -> core 7 - OK[0m[1;34m
[0m[1;34m	threadid 139682484750080 -> core 8 - OK[0m[1;34m
[0m[1;34m	threadid 139682476357376 -> core 9 - OK[0m[1;34m
[0m[1;34m	threadid 139682467964672 -> core 10 - OK[0m[1;34m
[0m[1;34m	threadid 139682459571968 -> core 11 - OK[0m[1;34m
[0m[1;34m	threadid 139682451179264 -> core 12 - OK[0m[1;34m
[0m[1;34m	threadid 139682442786560 -> core 13 - OK[0m[1;34m
[0m[1;34m	threadid 139682434393856 -> core 14 - OK[0m[1;34m
[0m[1;34m	threadid 139682426001152 -> core 15 - OK[0m[1;34m
[0mFLOPs in stencil code:      1.612620e+09
Time spent in stencil code: 0.055203
Performance in GFlop/s:     29.212563
[1;34m[pthread wrapper] 
[0m[1;34m[pthread wrapper] MAIN -> 0
[0m[1;34m[pthread wrapper] PIN_MASK: [0m[1;34m0->1  [0m[1;34m1->2  [0m[1;34m2->3  [0m[1;34m3->4  [0m[1;34m4->5  [0m[1;34m5->6  [0m[1;34m6->7  [0m[1;34m7->8  [0m[1;34m8->9  [0m[1;34m9->10  [0m[1;34m10->11  [0m[1;34m11->12  [0m[1;34m12->13  [0m[1;34m13->14  [0m[1;34m14->15  [0m[1;34m
[pthread wrapper] SKIP MASK: 0x0
[0m[1;34m	threadid 139755437356800 -> core 1 - OK[0m[1;34m
[0m[1;34m	threadid 139755428964096 -> core 2 - OK[0m[1;34m
[0m[1;34m	threadid 139755420571392 -> core 3 - OK[0m[1;34m
[0m[1;34m	threadid 139755412178688 -> core 4 - OK[0m[1;34m
[0m[1;34m	threadid 139755403785984 -> core 5 - OK[0m[1;34m
[0m[1;34m	threadid 139755395393280 -> core 6 - OK[0m[1;34m
[0m[1;34m	threadid 139755387000576 -> core 7 - OK[0m[1;34m
[0m[1;34m	threadid 139755378607872 -> core 8 - OK[0m[1;34m
[0m[1;34m	threadid 139755370215168 -> core 9 - OK[0m[1;34m
[0m[1;34m	threadid 139755361822464 -> core 10 - OK[0m[1;34m
[0m[1;34m	threadid 139755353429760 -> core 11 - OK[0m[1;34m
[0m[1;34m	threadid 139755345037056 -> core 12 - OK[0m[1;34m
[0m[1;34m	threadid 139755336644352 -> core 13 - OK[0m[1;34m
[0m[1;34m	threadid 139755328251648 -> core 14 - OK[0m[1;34m
[0m[1;34m	threadid 139755319858944 -> core 15 - OK[0m[1;34m
[0mFLOPs in stencil code:      1.612620e+09
Time spent in stencil code: 0.055131
Performance in GFlop/s:     29.250589
[1;34m[pthread wrapper] 
[0m[1;34m[pthread wrapper] MAIN -> 0
[0m[1;34m[pthread wrapper] PIN_MASK: [0m[1;34m0->1  [0m[1;34m1->2  [0m[1;34m2->3  [0m[1;34m3->4  [0m[1;34m4->5  [0m[1;34m5->6  [0m[1;34m6->7  [0m[1;34m7->8  [0m[1;34m8->9  [0m[1;34m9->10  [0m[1;34m10->11  [0m[1;34m11->12  [0m[1;34m12->13  [0m[1;34m13->14  [0m[1;34m14->15  [0m[1;34m
[pthread wrapper] SKIP MASK: 0x0
[0m[1;34m	threadid 140402916816640 -> core 1 - OK[0m[1;34m
[0m[1;34m	threadid 140402908423936 -> core 2 - OK[0m[1;34m
[0m[1;34m	threadid 140402900031232 -> core 3 - OK[0m[1;34m
[0m[1;34m	threadid 140402891638528 -> core 4 - OK[0m[1;34m
[0m[1;34m	threadid 140402883245824 -> core 5 - OK[0m[1;34m
[0m[1;34m	threadid 140402874853120 -> core 6 - OK[0m[1;34m
[0m[1;34m	threadid 140402866460416 -> core 7 - OK[0m[1;34m
[0m[1;34m	threadid 140402858067712 -> core 8 - OK[0m[1;34m
[0m[1;34m	threadid 140402849675008 -> core 9 - OK[0m[1;34m
[0m[1;34m	threadid 140402841282304 -> core 10 - OK[0m[1;34m
[0m[1;34m	threadid 140402832889600 -> core 11 - OK[0m[1;34m
[0m[1;34m	threadid 140402824496896 -> core 12 - OK[0m[1;34m
[0m[1;34m	threadid 140402816104192 -> core 13 - OK[0m[1;34m
[0m[1;34m	threadid 140402807711488 -> core 14 - OK[0m[1;34m
[0m[1;34m	threadid 140402799318784 -> core 15 - OK[0m[1;34m
[0mFLOPs in stencil code:      1.612620e+09
Time spent in stencil code: 0.055133
Performance in GFlop/s:     29.249577
[1;34m[pthread wrapper] 
[0m[1;34m[pthread wrapper] MAIN -> 0
[0m[1;34m[pthread wrapper] PIN_MASK: [0m[1;34m0->1  [0m[1;34m1->2  [0m[1;34m2->3  [0m[1;34m3->4  [0m[1;34m4->5  [0m[1;34m5->6  [0m[1;34m6->7  [0m[1;34m7->8  [0m[1;34m8->9  [0m[1;34m9->10  [0m[1;34m10->11  [0m[1;34m11->12  [0m[1;34m12->13  [0m[1;34m13->14  [0m[1;34m14->15  [0m[1;34m
[pthread wrapper] SKIP MASK: 0x0
[0m[1;34m	threadid 139990642587392 -> core 1 - OK[0m[1;34m
[0m[1;34m	threadid 139990634194688 -> core 2 - OK[0m[1;34m
[0m[1;34m	threadid 139990625801984 -> core 3 - OK[0m[1;34m
[0m[1;34m	threadid 139990617409280 -> core 4 - OK[0m[1;34m
[0m[1;34m	threadid 139990609016576 -> core 5 - OK[0m[1;34m
[0m[1;34m	threadid 139990600623872 -> core 6 - OK[0m[1;34m
[0m[1;34m	threadid 139990592231168 -> core 7 - OK[0m[1;34m
[0m[1;34m	threadid 139990583838464 -> core 8 - OK[0m[1;34m
[0m[1;34m	threadid 139990575445760 -> core 9 - OK[0m[1;34m
[0m[1;34m	threadid 139990567053056 -> core 10 - OK[0m[1;34m
[0m[1;34m	threadid 139990558660352 -> core 11 - OK[0m[1;34m
[0m[1;34m	threadid 139990550267648 -> core 12 - OK[0m[1;34m
[0m[1;34m	threadid 139990541874944 -> core 13 - OK[0m[1;34m
[0m[1;34m	threadid 139990533482240 -> core 14 - OK[0m[1;34m
[0m[1;34m	threadid 139990525089536 -> core 15 - OK[0m[1;34m
[0mFLOPs in stencil code:      1.612620e+09
Time spent in stencil code: 0.055174
Performance in GFlop/s:     29.227964
