[1;34m[pthread wrapper] 
[0m[1;34m[pthread wrapper] MAIN -> 0
[0m[1;34m[pthread wrapper] PIN_MASK: [0m[1;34m0->1  [0m[1;34m1->2  [0m[1;34m2->3  [0m[1;34m3->4  [0m[1;34m4->5  [0m[1;34m5->6  [0m[1;34m6->7  [0m[1;34m7->8  [0m[1;34m8->9  [0m[1;34m9->10  [0m[1;34m10->11  [0m[1;34m11->12  [0m[1;34m12->13  [0m[1;34m13->14  [0m[1;34m14->15  [0m[1;34m15->16  [0m[1;34m16->17  [0m[1;34m17->18  [0m[1;34m18->19  [0m[1;34m19->20  [0m[1;34m20->21  [0m[1;34m21->22  [0m[1;34m22->23  [0m[1;34m
[pthread wrapper] SKIP MASK: 0x0
[0m[1;34m	threadid 140651189696256 -> core 1 - OK[0m[1;34m
[0m[1;34m	threadid 140651181303552 -> core 2 - OK[0m[1;34m
[0m[1;34m	threadid 140651172910848 -> core 3 - OK[0m[1;34m
[0m[1;34m	threadid 140651164518144 -> core 4 - OK[0m[1;34m
[0m[1;34m	threadid 140651156125440 -> core 5 - OK[0m[1;34m
[0m[1;34m	threadid 140651147732736 -> core 6 - OK[0m[1;34m
[0m[1;34m	threadid 140651139340032 -> core 7 - OK[0m[1;34m
[0m[1;34m	threadid 140651130947328 -> core 8 - OK[0m[1;34m
[0m[1;34m	threadid 140651122554624 -> core 9 - OK[0m[1;34m
[0m[1;34m	threadid 140651114161920 -> core 10 - OK[0m[1;34m
[0m[1;34m	threadid 140651105769216 -> core 11 - OK[0m[1;34m
[0m[1;34m	threadid 140651097376512 -> core 12 - OK[0m[1;34m
[0m[1;34m	threadid 140651088983808 -> core 13 - OK[0m[1;34m
[0m[1;34m	threadid 140651080591104 -> core 14 - OK[0m[1;34m
[0m[1;34m	threadid 140651072198400 -> core 15 - OK[0m[1;34m
[0m[1;34m	threadid 140651063805696 -> core 16 - OK[0m[1;34m
[0m[1;34m	threadid 140651055412992 -> core 17 - OK[0m[1;34m
[0m[1;34m	threadid 140651047020288 -> core 18 - OK[0m[1;34m
[0m[1;34m	threadid 140651038627584 -> core 19 - OK[0m[1;34m
[0m[1;34m	threadid 140651030234880 -> core 20 - OK[0m[1;34m
[0m[1;34m	threadid 140651021842176 -> core 21 - OK[0m[1;34m
[0m[1;34m	threadid 140651013449472 -> core 22 - OK[0m[1;34m
[0m[1;34m	threadid 140651005056768 -> core 23 - OK[0m[1;34m
[0mFLOPs in stencil code:      1.612620e+09
Time spent in stencil code: 0.040536
Performance in GFlop/s:     39.782487
[1;34m[pthread wrapper] 
[0m[1;34m[pthread wrapper] MAIN -> 0
[0m[1;34m[pthread wrapper] PIN_MASK: [0m[1;34m0->1  [0m[1;34m1->2  [0m[1;34m2->3  [0m[1;34m3->4  [0m[1;34m4->5  [0m[1;34m5->6  [0m[1;34m6->7  [0m[1;34m7->8  [0m[1;34m8->9  [0m[1;34m9->10  [0m[1;34m10->11  [0m[1;34m11->12  [0m[1;34m12->13  [0m[1;34m13->14  [0m[1;34m14->15  [0m[1;34m15->16  [0m[1;34m16->17  [0m[1;34m17->18  [0m[1;34m18->19  [0m[1;34m19->20  [0m[1;34m20->21  [0m[1;34m21->22  [0m[1;34m22->23  [0m[1;34m
[pthread wrapper] SKIP MASK: 0x0
[0m[1;34m	threadid 140616365799168 -> core 1 - OK[0m[1;34m
[0m[1;34m	threadid 140616357406464 -> core 2 - OK[0m[1;34m
[0m[1;34m	threadid 140616349013760 -> core 3 - OK[0m[1;34m
[0m[1;34m	threadid 140616340621056 -> core 4 - OK[0m[1;34m
[0m[1;34m	threadid 140616332228352 -> core 5 - OK[0m[1;34m
[0m[1;34m	threadid 140616323835648 -> core 6 - OK[0m[1;34m
[0m[1;34m	threadid 140616315442944 -> core 7 - OK[0m[1;34m
[0m[1;34m	threadid 140616307050240 -> core 8 - OK[0m[1;34m
[0m[1;34m	threadid 140616298657536 -> core 9 - OK[0m[1;34m
[0m[1;34m	threadid 140616290264832 -> core 10 - OK[0m[1;34m
[0m[1;34m	threadid 140616281872128 -> core 11 - OK[0m[1;34m
[0m[1;34m	threadid 140616273479424 -> core 12 - OK[0m[1;34m
[0m[1;34m	threadid 140616265086720 -> core 13 - OK[0m[1;34m
[0m[1;34m	threadid 140616256694016 -> core 14 - OK[0m[1;34m
[0m[1;34m	threadid 140616248301312 -> core 15 - OK[0m[1;34m
[0m[1;34m	threadid 140616239908608 -> core 16 - OK[0m[1;34m
[0m[1;34m	threadid 140616231515904 -> core 17 - OK[0m[1;34m
[0m[1;34m	threadid 140616223123200 -> core 18 - OK[0m[1;34m
[0m[1;34m	threadid 140616214730496 -> core 19 - OK[0m[1;34m
[0m[1;34m	threadid 140616206337792 -> core 20 - OK[0m[1;34m
[0m[1;34m	threadid 140616197945088 -> core 21 - OK[0m[1;34m
[0m[1;34m	threadid 140616189552384 -> core 22 - OK[0m[1;34m
[0m[1;34m	threadid 140616181159680 -> core 23 - OK[0m[1;34m
[0mFLOPs in stencil code:      1.612620e+09
Time spent in stencil code: 0.040575
Performance in GFlop/s:     39.744151
[1;34m[pthread wrapper] 
[0m[1;34m[pthread wrapper] MAIN -> 0
[0m[1;34m[pthread wrapper] PIN_MASK: [0m[1;34m0->1  [0m[1;34m1->2  [0m[1;34m2->3  [0m[1;34m3->4  [0m[1;34m4->5  [0m[1;34m5->6  [0m[1;34m6->7  [0m[1;34m7->8  [0m[1;34m8->9  [0m[1;34m9->10  [0m[1;34m10->11  [0m[1;34m11->12  [0m[1;34m12->13  [0m[1;34m13->14  [0m[1;34m14->15  [0m[1;34m15->16  [0m[1;34m16->17  [0m[1;34m17->18  [0m[1;34m18->19  [0m[1;34m19->20  [0m[1;34m20->21  [0m[1;34m21->22  [0m[1;34m22->23  [0m[1;34m
[pthread wrapper] SKIP MASK: 0x0
[0m[1;34m	threadid 140520180479744 -> core 1 - OK[0m[1;34m
[0m[1;34m	threadid 140520172087040 -> core 2 - OK[0m[1;34m
[0m[1;34m	threadid 140520163694336 -> core 3 - OK[0m[1;34m
[0m[1;34m	threadid 140520155301632 -> core 4 - OK[0m[1;34m
[0m[1;34m	threadid 140520146908928 -> core 5 - OK[0m[1;34m
[0m[1;34m	threadid 140520138516224 -> core 6 - OK[0m[1;34m
[0m[1;34m	threadid 140520130123520 -> core 7 - OK[0m[1;34m
[0m[1;34m	threadid 140520121730816 -> core 8 - OK[0m[1;34m
[0m[1;34m	threadid 140520113338112 -> core 9 - OK[0m[1;34m
[0m[1;34m	threadid 140520104945408 -> core 10 - OK[0m[1;34m
[0m[1;34m	threadid 140520096552704 -> core 11 - OK[0m[1;34m
[0m[1;34m	threadid 140520088160000 -> core 12 - OK[0m[1;34m
[0m[1;34m	threadid 140520079767296 -> core 13 - OK[0m[1;34m
[0m[1;34m	threadid 140520071374592 -> core 14 - OK[0m[1;34m
[0m[1;34m	threadid 140520062981888 -> core 15 - OK[0m[1;34m
[0m[1;34m	threadid 140520054589184 -> core 16 - OK[0m[1;34m
[0m[1;34m	threadid 140520046196480 -> core 17 - OK[0m[1;34m
[0m[1;34m	threadid 140520037803776 -> core 18 - OK[0m[1;34m
[0m[1;34m	threadid 140520029411072 -> core 19 - OK[0m[1;34m
[0m[1;34m	threadid 140520021018368 -> core 20 - OK[0m[1;34m
[0m[1;34m	threadid 140520012625664 -> core 21 - OK[0m[1;34m
[0m[1;34m	threadid 140520004232960 -> core 22 - OK[0m[1;34m
[0m[1;34m	threadid 140519995840256 -> core 23 - OK[0m[1;34m
[0mFLOPs in stencil code:      1.612620e+09
Time spent in stencil code: 0.040574
Performance in GFlop/s:     39.745085
[1;34m[pthread wrapper] 
[0m[1;34m[pthread wrapper] MAIN -> 0
[0m[1;34m[pthread wrapper] PIN_MASK: [0m[1;34m0->1  [0m[1;34m1->2  [0m[1;34m2->3  [0m[1;34m3->4  [0m[1;34m4->5  [0m[1;34m5->6  [0m[1;34m6->7  [0m[1;34m7->8  [0m[1;34m8->9  [0m[1;34m9->10  [0m[1;34m10->11  [0m[1;34m11->12  [0m[1;34m12->13  [0m[1;34m13->14  [0m[1;34m14->15  [0m[1;34m15->16  [0m[1;34m16->17  [0m[1;34m17->18  [0m[1;34m18->19  [0m[1;34m19->20  [0m[1;34m20->21  [0m[1;34m21->22  [0m[1;34m22->23  [0m[1;34m
[pthread wrapper] SKIP MASK: 0x0
[0m[1;34m	threadid 139630919087872 -> core 1 - OK[0m[1;34m
[0m[1;34m	threadid 139630910695168 -> core 2 - OK[0m[1;34m
[0m[1;34m	threadid 139630902302464 -> core 3 - OK[0m[1;34m
[0m[1;34m	threadid 139630893909760 -> core 4 - OK[0m[1;34m
[0m[1;34m	threadid 139630885517056 -> core 5 - OK[0m[1;34m
[0m[1;34m	threadid 139630877124352 -> core 6 - OK[0m[1;34m
[0m[1;34m	threadid 139630868731648 -> core 7 - OK[0m[1;34m
[0m[1;34m	threadid 139630860338944 -> core 8 - OK[0m[1;34m
[0m[1;34m	threadid 139630851946240 -> core 9 - OK[0m[1;34m
[0m[1;34m	threadid 139630843553536 -> core 10 - OK[0m[1;34m
[0m[1;34m	threadid 139630835160832 -> core 11 - OK[0m[1;34m
[0m[1;34m	threadid 139630826768128 -> core 12 - OK[0m[1;34m
[0m[1;34m	threadid 139630818375424 -> core 13 - OK[0m[1;34m
[0m[1;34m	threadid 139630809982720 -> core 14 - OK[0m[1;34m
[0m[1;34m	threadid 139630801590016 -> core 15 - OK[0m[1;34m
[0m[1;34m	threadid 139630793197312 -> core 16 - OK[0m[1;34m
[0m[1;34m	threadid 139630784804608 -> core 17 - OK[0m[1;34m
[0m[1;34m	threadid 139630776411904 -> core 18 - OK[0m[1;34m
[0m[1;34m	threadid 139630768019200 -> core 19 - OK[0m[1;34m
[0m[1;34m	threadid 139630759626496 -> core 20 - OK[0m[1;34m
[0m[1;34m	threadid 139630751233792 -> core 21 - OK[0m[1;34m
[0m[1;34m	threadid 139630742841088 -> core 22 - OK[0m[1;34m
[0m[1;34m	threadid 139630734448384 -> core 23 - OK[0m[1;34m
[0mFLOPs in stencil code:      1.612620e+09
Time spent in stencil code: 0.040705
Performance in GFlop/s:     39.617280
[1;34m[pthread wrapper] 
[0m[1;34m[pthread wrapper] MAIN -> 0
[0m[1;34m[pthread wrapper] PIN_MASK: [0m[1;34m0->1  [0m[1;34m1->2  [0m[1;34m2->3  [0m[1;34m3->4  [0m[1;34m4->5  [0m[1;34m5->6  [0m[1;34m6->7  [0m[1;34m7->8  [0m[1;34m8->9  [0m[1;34m9->10  [0m[1;34m10->11  [0m[1;34m11->12  [0m[1;34m12->13  [0m[1;34m13->14  [0m[1;34m14->15  [0m[1;34m15->16  [0m[1;34m16->17  [0m[1;34m17->18  [0m[1;34m18->19  [0m[1;34m19->20  [0m[1;34m20->21  [0m[1;34m21->22  [0m[1;34m22->23  [0m[1;34m
[pthread wrapper] SKIP MASK: 0x0
[0m[1;34m	threadid 139974391101184 -> core 1 - OK[0m[1;34m
[0m[1;34m	threadid 139974382708480 -> core 2 - OK[0m[1;34m
[0m[1;34m	threadid 139974374315776 -> core 3 - OK[0m[1;34m
[0m[1;34m	threadid 139974365923072 -> core 4 - OK[0m[1;34m
[0m[1;34m	threadid 139974357530368 -> core 5 - OK[0m[1;34m
[0m[1;34m	threadid 139974349137664 -> core 6 - OK[0m[1;34m
[0m[1;34m	threadid 139974340744960 -> core 7 - OK[0m[1;34m
[0m[1;34m	threadid 139974332352256 -> core 8 - OK[0m[1;34m
[0m[1;34m	threadid 139974323959552 -> core 9 - OK[0m[1;34m
[0m[1;34m	threadid 139974315566848 -> core 10 - OK[0m[1;34m
[0m[1;34m	threadid 139974307174144 -> core 11 - OK[0m[1;34m
[0m[1;34m	threadid 139974298781440 -> core 12 - OK[0m[1;34m
[0m[1;34m	threadid 139974290388736 -> core 13 - OK[0m[1;34m
[0m[1;34m	threadid 139974281996032 -> core 14 - OK[0m[1;34m
[0m[1;34m	threadid 139974273603328 -> core 15 - OK[0m[1;34m
[0m[1;34m	threadid 139974265210624 -> core 16 - OK[0m[1;34m
[0m[1;34m	threadid 139974256817920 -> core 17 - OK[0m[1;34m
[0m[1;34m	threadid 139974248425216 -> core 18 - OK[0m[1;34m
[0m[1;34m	threadid 139974240032512 -> core 19 - OK[0m[1;34m
[0m[1;34m	threadid 139974231639808 -> core 20 - OK[0m[1;34m
[0m[1;34m	threadid 139974223247104 -> core 21 - OK[0m[1;34m
[0m[1;34m	threadid 139974214854400 -> core 22 - OK[0m[1;34m
[0m[1;34m	threadid 139974206461696 -> core 23 - OK[0m[1;34m
[0mFLOPs in stencil code:      1.612620e+09
Time spent in stencil code: 0.040476
Performance in GFlop/s:     39.841540
