[1;34m[pthread wrapper] 
[0m[1;34m[pthread wrapper] MAIN -> 0
[0m[1;34m[pthread wrapper] PIN_MASK: [0m[1;34m0->1  [0m[1;34m1->2  [0m[1;34m2->3  [0m[1;34m3->4  [0m[1;34m4->5  [0m[1;34m
[pthread wrapper] SKIP MASK: 0x0
[0m[1;34m	threadid 139767528191744 -> core 1 - OK[0m[1;34m
[0m[1;34m	threadid 139767519799040 -> core 2 - OK[0m[1;34m
[0m[1;34m	threadid 139767511406336 -> core 3 - OK[0m[1;34m
[0m[1;34m	threadid 139767503013632 -> core 4 - OK[0m[1;34m
[0m[1;34m	threadid 139767494620928 -> core 5 - OK[0m[1;34m
[0mFLOPs in stencil code:      1.612620e+09
Time spent in stencil code: 0.133666
Performance in GFlop/s:     12.064545
[1;34m[pthread wrapper] 
[0m[1;34m[pthread wrapper] MAIN -> 0
[0m[1;34m[pthread wrapper] PIN_MASK: [0m[1;34m0->1  [0m[1;34m1->2  [0m[1;34m2->3  [0m[1;34m3->4  [0m[1;34m4->5  [0m[1;34m
[pthread wrapper] SKIP MASK: 0x0
[0m[1;34m	threadid 139845147817728 -> core 1 - OK[0m[1;34m
[0m[1;34m	threadid 139845139425024 -> core 2 - OK[0m[1;34m
[0m[1;34m	threadid 139845131032320 -> core 3 - OK[0m[1;34m
[0m[1;34m	threadid 139845122639616 -> core 4 - OK[0m[1;34m
[0m[1;34m	threadid 139845114246912 -> core 5 - OK[0m[1;34m
[0mFLOPs in stencil code:      1.612620e+09
Time spent in stencil code: 0.133846
Performance in GFlop/s:     12.048320
[1;34m[pthread wrapper] 
[0m[1;34m[pthread wrapper] MAIN -> 0
[0m[1;34m[pthread wrapper] PIN_MASK: [0m[1;34m0->1  [0m[1;34m1->2  [0m[1;34m2->3  [0m[1;34m3->4  [0m[1;34m4->5  [0m[1;34m
[pthread wrapper] SKIP MASK: 0x0
[0m[1;34m	threadid 140098084599552 -> core 1 - OK[0m[1;34m
[0m[1;34m	threadid 140098076206848 -> core 2 - OK[0m[1;34m
[0m[1;34m	threadid 140098067814144 -> core 3 - OK[0m[1;34m
[0m[1;34m	threadid 140098059421440 -> core 4 - OK[0m[1;34m
[0m[1;34m	threadid 140098051028736 -> core 5 - OK[0m[1;34m
[0mFLOPs in stencil code:      1.612620e+09
Time spent in stencil code: 0.133702
Performance in GFlop/s:     12.061297
[1;34m[pthread wrapper] 
[0m[1;34m[pthread wrapper] MAIN -> 0
[0m[1;34m[pthread wrapper] PIN_MASK: [0m[1;34m0->1  [0m[1;34m1->2  [0m[1;34m2->3  [0m[1;34m3->4  [0m[1;34m4->5  [0m[1;34m
[pthread wrapper] SKIP MASK: 0x0
[0m[1;34m	threadid 139840327382784 -> core 1 - OK[0m[1;34m
[0m[1;34m	threadid 139840318990080 -> core 2 - OK[0m[1;34m
[0m[1;34m	threadid 139840310597376 -> core 3 - OK[0m[1;34m
[0m[1;34m	threadid 139840302204672 -> core 4 - OK[0m[1;34m
[0m[1;34m	threadid 139840293811968 -> core 5 - OK[0m[1;34m
[0mFLOPs in stencil code:      1.612620e+09
Time spent in stencil code: 0.133665
Performance in GFlop/s:     12.064632
[1;34m[pthread wrapper] 
[0m[1;34m[pthread wrapper] MAIN -> 0
[0m[1;34m[pthread wrapper] PIN_MASK: [0m[1;34m0->1  [0m[1;34m1->2  [0m[1;34m2->3  [0m[1;34m3->4  [0m[1;34m4->5  [0m[1;34m
[pthread wrapper] SKIP MASK: 0x0
[0m[1;34m	threadid 140285527914240 -> core 1 - OK[0m[1;34m
[0m[1;34m	threadid 140285519521536 -> core 2 - OK[0m[1;34m
[0m[1;34m	threadid 140285511128832 -> core 3 - OK[0m[1;34m
[0m[1;34m	threadid 140285502736128 -> core 4 - OK[0m[1;34m
[0m[1;34m	threadid 140285494343424 -> core 5 - OK[0m[1;34m
[0mFLOPs in stencil code:      1.612620e+09
Time spent in stencil code: 0.133720
Performance in GFlop/s:     12.059684
