[1;34m[pthread wrapper] 
[0m[1;34m[pthread wrapper] MAIN -> 0
[0m[1;34m[pthread wrapper] PIN_MASK: [0m[1;34m0->1  [0m[1;34m1->2  [0m[1;34m2->3  [0m[1;34m3->4  [0m[1;34m4->5  [0m[1;34m5->16  [0m[1;34m6->17  [0m[1;34m7->18  [0m[1;34m8->19  [0m[1;34m9->20  [0m[1;34m10->21  [0m[1;34m
[pthread wrapper] SKIP MASK: 0x0
[0m[1;34m	threadid 140604914071296 -> core 1 - OK[0m[1;34m
[0m[1;34m	threadid 140604905678592 -> core 2 - OK[0m[1;34m
[0m[1;34m	threadid 140604897285888 -> core 3 - OK[0m[1;34m
[0m[1;34m	threadid 140604888893184 -> core 4 - OK[0m[1;34m
[0m[1;34m	threadid 140604880500480 -> core 5 - OK[0m[1;34m
[0m[1;34m	threadid 140604872107776 -> core 16 - OK[0m[1;34m
[0m[1;34m	threadid 140604863715072 -> core 17 - OK[0m[1;34m
[0m[1;34m	threadid 140604855322368 -> core 18 - OK[0m[1;34m
[0m[1;34m	threadid 140604846929664 -> core 19 - OK[0m[1;34m
[0m[1;34m	threadid 140604838536960 -> core 20 - OK[0m[1;34m
[0m[1;34m	threadid 140604830144256 -> core 21 - OK[0m[1;34m
[0mFLOPs in stencil code:      1.612620e+09
Time spent in stencil code: 0.072086
Performance in GFlop/s:     22.370750
[1;34m[pthread wrapper] 
[0m[1;34m[pthread wrapper] MAIN -> 0
[0m[1;34m[pthread wrapper] PIN_MASK: [0m[1;34m0->1  [0m[1;34m1->2  [0m[1;34m2->3  [0m[1;34m3->4  [0m[1;34m4->5  [0m[1;34m5->16  [0m[1;34m6->17  [0m[1;34m7->18  [0m[1;34m8->19  [0m[1;34m9->20  [0m[1;34m10->21  [0m[1;34m
[pthread wrapper] SKIP MASK: 0x0
[0m[1;34m	threadid 140023696422656 -> core 1 - OK[0m[1;34m
[0m[1;34m	threadid 140023688029952 -> core 2 - OK[0m[1;34m
[0m[1;34m	threadid 140023679637248 -> core 3 - OK[0m[1;34m
[0m[1;34m	threadid 140023671244544 -> core 4 - OK[0m[1;34m
[0m[1;34m	threadid 140023662851840 -> core 5 - OK[0m[1;34m
[0m[1;34m	threadid 140023654459136 -> core 16 - OK[0m[1;34m
[0m[1;34m	threadid 140023646066432 -> core 17 - OK[0m[1;34m
[0m[1;34m	threadid 140023637673728 -> core 18 - OK[0m[1;34m
[0m[1;34m	threadid 140023629281024 -> core 19 - OK[0m[1;34m
[0m[1;34m	threadid 140023620888320 -> core 20 - OK[0m[1;34m
[0m[1;34m	threadid 140023612495616 -> core 21 - OK[0m[1;34m
[0mFLOPs in stencil code:      1.612620e+09
Time spent in stencil code: 0.072110
Performance in GFlop/s:     22.363353
[1;34m[pthread wrapper] 
[0m[1;34m[pthread wrapper] MAIN -> 0
[0m[1;34m[pthread wrapper] PIN_MASK: [0m[1;34m0->1  [0m[1;34m1->2  [0m[1;34m2->3  [0m[1;34m3->4  [0m[1;34m4->5  [0m[1;34m5->16  [0m[1;34m6->17  [0m[1;34m7->18  [0m[1;34m8->19  [0m[1;34m9->20  [0m[1;34m10->21  [0m[1;34m
[pthread wrapper] SKIP MASK: 0x0
[0m[1;34m	threadid 140285236180736 -> core 1 - OK[0m[1;34m
[0m[1;34m	threadid 140285227788032 -> core 2 - OK[0m[1;34m
[0m[1;34m	threadid 140285219395328 -> core 3 - OK[0m[1;34m
[0m[1;34m	threadid 140285211002624 -> core 4 - OK[0m[1;34m
[0m[1;34m	threadid 140285202609920 -> core 5 - OK[0m[1;34m
[0m[1;34m	threadid 140285194217216 -> core 16 - OK[0m[1;34m
[0m[1;34m	threadid 140285185824512 -> core 17 - OK[0m[1;34m
[0m[1;34m	threadid 140285177431808 -> core 18 - OK[0m[1;34m
[0m[1;34m	threadid 140285169039104 -> core 19 - OK[0m[1;34m
[0m[1;34m	threadid 140285160646400 -> core 20 - OK[0m[1;34m
[0m[1;34m	threadid 140285152253696 -> core 21 - OK[0m[1;34m
[0mFLOPs in stencil code:      1.612620e+09
Time spent in stencil code: 0.072148
Performance in GFlop/s:     22.351603
[1;34m[pthread wrapper] 
[0m[1;34m[pthread wrapper] MAIN -> 0
[0m[1;34m[pthread wrapper] PIN_MASK: [0m[1;34m0->1  [0m[1;34m1->2  [0m[1;34m2->3  [0m[1;34m3->4  [0m[1;34m4->5  [0m[1;34m5->16  [0m[1;34m6->17  [0m[1;34m7->18  [0m[1;34m8->19  [0m[1;34m9->20  [0m[1;34m10->21  [0m[1;34m
[pthread wrapper] SKIP MASK: 0x0
[0m[1;34m	threadid 139719102756608 -> core 1 - OK[0m[1;34m
[0m[1;34m	threadid 139719094363904 -> core 2 - OK[0m[1;34m
[0m[1;34m	threadid 139719085971200 -> core 3 - OK[0m[1;34m
[0m[1;34m	threadid 139719077578496 -> core 4 - OK[0m[1;34m
[0m[1;34m	threadid 139719069185792 -> core 5 - OK[0m[1;34m
[0m[1;34m	threadid 139719060793088 -> core 16 - OK[0m[1;34m
[0m[1;34m	threadid 139719052400384 -> core 17 - OK[0m[1;34m
[0m[1;34m	threadid 139719044007680 -> core 18 - OK[0m[1;34m
[0m[1;34m	threadid 139719035614976 -> core 19 - OK[0m[1;34m
[0m[1;34m	threadid 139719027222272 -> core 20 - OK[0m[1;34m
[0m[1;34m	threadid 139719018829568 -> core 21 - OK[0m[1;34m
[0mFLOPs in stencil code:      1.612620e+09
Time spent in stencil code: 0.071981
Performance in GFlop/s:     22.403427
[1;34m[pthread wrapper] 
[0m[1;34m[pthread wrapper] MAIN -> 0
[0m[1;34m[pthread wrapper] PIN_MASK: [0m[1;34m0->1  [0m[1;34m1->2  [0m[1;34m2->3  [0m[1;34m3->4  [0m[1;34m4->5  [0m[1;34m5->16  [0m[1;34m6->17  [0m[1;34m7->18  [0m[1;34m8->19  [0m[1;34m9->20  [0m[1;34m10->21  [0m[1;34m
[pthread wrapper] SKIP MASK: 0x0
[0m[1;34m	threadid 140166286997248 -> core 1 - OK[0m[1;34m
[0m[1;34m	threadid 140166278604544 -> core 2 - OK[0m[1;34m
[0m[1;34m	threadid 140166270211840 -> core 3 - OK[0m[1;34m
[0m[1;34m	threadid 140166261819136 -> core 4 - OK[0m[1;34m
[0m[1;34m	threadid 140166253426432 -> core 5 - OK[0m[1;34m
[0m[1;34m	threadid 140166245033728 -> core 16 - OK[0m[1;34m
[0m[1;34m	threadid 140166236641024 -> core 17 - OK[0m[1;34m
[0m[1;34m	threadid 140166228248320 -> core 18 - OK[0m[1;34m
[0m[1;34m	threadid 140166219855616 -> core 19 - OK[0m[1;34m
[0m[1;34m	threadid 140166211462912 -> core 20 - OK[0m[1;34m
[0m[1;34m	threadid 140166203070208 -> core 21 - OK[0m[1;34m
[0mFLOPs in stencil code:      1.612620e+09
Time spent in stencil code: 0.072039
Performance in GFlop/s:     22.385335
