[1;34m[pthread wrapper] 
[0m[1;34m[pthread wrapper] MAIN -> 0
[0m[1;34m[pthread wrapper] PIN_MASK: [0m[1;34m0->1  [0m[1;34m1->2  [0m[1;34m2->3  [0m[1;34m3->4  [0m[1;34m4->5  [0m[1;34m5->6  [0m[1;34m6->7  [0m[1;34m7->8  [0m[1;34m8->9  [0m[1;34m9->10  [0m[1;34m10->11  [0m[1;34m11->12  [0m[1;34m12->13  [0m[1;34m13->14  [0m[1;34m14->15  [0m[1;34m15->16  [0m[1;34m16->17  [0m[1;34m17->18  [0m[1;34m18->19  [0m[1;34m19->20  [0m[1;34m20->21  [0m[1;34m21->22  [0m[1;34m22->23  [0m[1;34m23->24  [0m[1;34m24->25  [0m[1;34m25->26  [0m[1;34m26->27  [0m[1;34m27->28  [0m[1;34m28->29  [0m[1;34m29->30  [0m[1;34m30->31  [0m[1;34m
[pthread wrapper] SKIP MASK: 0x0
[0m[1;34m	threadid 140686191720192 -> core 1 - OK[0m[1;34m
[0m[1;34m	threadid 140686183327488 -> core 2 - OK[0m[1;34m
[0m[1;34m	threadid 140686174934784 -> core 3 - OK[0m[1;34m
[0m[1;34m	threadid 140686166542080 -> core 4 - OK[0m[1;34m
[0m[1;34m	threadid 140686158149376 -> core 5 - OK[0m[1;34m
[0m[1;34m	threadid 140686149756672 -> core 6 - OK[0m[1;34m
[0m[1;34m	threadid 140686141363968 -> core 7 - OK[0m[1;34m
[0m[1;34m	threadid 140686132971264 -> core 8 - OK[0m[1;34m
[0m[1;34m	threadid 140686124578560 -> core 9 - OK[0m[1;34m
[0m[1;34m	threadid 140686116185856 -> core 10 - OK[0m[1;34m
[0m[1;34m	threadid 140686107793152 -> core 11 - OK[0m[1;34m
[0m[1;34m	threadid 140686099400448 -> core 12 - OK[0m[1;34m
[0m[1;34m	threadid 140686091007744 -> core 13 - OK[0m[1;34m
[0m[1;34m	threadid 140686082615040 -> core 14 - OK[0m[1;34m
[0m[1;34m	threadid 140686074222336 -> core 15 - OK[0m[1;34m
[0m[1;34m	threadid 140686065829632 -> core 16 - OK[0m[1;34m
[0m[1;34m	threadid 140686057436928 -> core 17 - OK[0m[1;34m
[0m[1;34m	threadid 140686049044224 -> core 18 - OK[0m[1;34m
[0m[1;34m	threadid 140686040651520 -> core 19 - OK[0m[1;34m
[0m[1;34m	threadid 140686032258816 -> core 20 - OK[0m[1;34m
[0m[1;34m	threadid 140686023866112 -> core 21 - OK[0m[1;34m
[0m[1;34m	threadid 140686015473408 -> core 22 - OK[0m[1;34m
[0m[1;34m	threadid 140686007080704 -> core 23 - OK[0m[1;34m
[0m[1;34m	threadid 140685998688000 -> core 24 - OK[0m[1;34m
[0m[1;34m	threadid 140685990295296 -> core 25 - OK[0m[1;34m
[0m[1;34m	threadid 140685981902592 -> core 26 - OK[0m[1;34m
[0m[1;34m	threadid 140685973509888 -> core 27 - OK[0m[1;34m
[0m[1;34m	threadid 140685965117184 -> core 28 - OK[0m[1;34m
[0m[1;34m	threadid 140685956724480 -> core 29 - OK[0m[1;34m
[0m[1;34m	threadid 140685948331776 -> core 30 - OK[0m[1;34m
[0m[1;34m	threadid 140685939939072 -> core 31 - OK[0m[1;34m
[0mFLOPs in stencil code:      1.612620e+09
Time spent in stencil code: 0.028692
Performance in GFlop/s:     56.204503
[1;34m[pthread wrapper] 
[0m[1;34m[pthread wrapper] MAIN -> 0
[0m[1;34m[pthread wrapper] PIN_MASK: [0m[1;34m0->1  [0m[1;34m1->2  [0m[1;34m2->3  [0m[1;34m3->4  [0m[1;34m4->5  [0m[1;34m5->6  [0m[1;34m6->7  [0m[1;34m7->8  [0m[1;34m8->9  [0m[1;34m9->10  [0m[1;34m10->11  [0m[1;34m11->12  [0m[1;34m12->13  [0m[1;34m13->14  [0m[1;34m14->15  [0m[1;34m15->16  [0m[1;34m16->17  [0m[1;34m17->18  [0m[1;34m18->19  [0m[1;34m19->20  [0m[1;34m20->21  [0m[1;34m21->22  [0m[1;34m22->23  [0m[1;34m23->24  [0m[1;34m24->25  [0m[1;34m25->26  [0m[1;34m26->27  [0m[1;34m27->28  [0m[1;34m28->29  [0m[1;34m29->30  [0m[1;34m30->31  [0m[1;34m
[pthread wrapper] SKIP MASK: 0x0
[0m[1;34m	threadid 140341564176128 -> core 1 - OK[0m[1;34m
[0m[1;34m	threadid 140341555783424 -> core 2 - OK[0m[1;34m
[0m[1;34m	threadid 140341547390720 -> core 3 - OK[0m[1;34m
[0m[1;34m	threadid 140341538998016 -> core 4 - OK[0m[1;34m
[0m[1;34m	threadid 140341530605312 -> core 5 - OK[0m[1;34m
[0m[1;34m	threadid 140341522212608 -> core 6 - OK[0m[1;34m
[0m[1;34m	threadid 140341513819904 -> core 7 - OK[0m[1;34m
[0m[1;34m	threadid 140341505427200 -> core 8 - OK[0m[1;34m
[0m[1;34m	threadid 140341497034496 -> core 9 - OK[0m[1;34m
[0m[1;34m	threadid 140341488641792 -> core 10 - OK[0m[1;34m
[0m[1;34m	threadid 140341480249088 -> core 11 - OK[0m[1;34m
[0m[1;34m	threadid 140341471856384 -> core 12 - OK[0m[1;34m
[0m[1;34m	threadid 140341463463680 -> core 13 - OK[0m[1;34m
[0m[1;34m	threadid 140341455070976 -> core 14 - OK[0m[1;34m
[0m[1;34m	threadid 140341446678272 -> core 15 - OK[0m[1;34m
[0m[1;34m	threadid 140341438285568 -> core 16 - OK[0m[1;34m
[0m[1;34m	threadid 140341429892864 -> core 17 - OK[0m[1;34m
[0m[1;34m	threadid 140341421500160 -> core 18 - OK[0m[1;34m
[0m[1;34m	threadid 140341413107456 -> core 19 - OK[0m[1;34m
[0m[1;34m	threadid 140341404714752 -> core 20 - OK[0m[1;34m
[0m[1;34m	threadid 140341396322048 -> core 21 - OK[0m[1;34m
[0m[1;34m	threadid 140341387929344 -> core 22 - OK[0m[1;34m
[0m[1;34m	threadid 140341379536640 -> core 23 - OK[0m[1;34m
[0m[1;34m	threadid 140341371143936 -> core 24 - OK[0m[1;34m
[0m[1;34m	threadid 140341362751232 -> core 25 - OK[0m[1;34m
[0m[1;34m	threadid 140341354358528 -> core 26 - OK[0m[1;34m
[0m[1;34m	threadid 140341345965824 -> core 27 - OK[0m[1;34m
[0m[1;34m	threadid 140341337573120 -> core 28 - OK[0m[1;34m
[0m[1;34m	threadid 140341329180416 -> core 29 - OK[0m[1;34m
[0m[1;34m	threadid 140341320787712 -> core 30 - OK[0m[1;34m
[0m[1;34m	threadid 140341312395008 -> core 31 - OK[0m[1;34m
[0mFLOPs in stencil code:      1.612620e+09
Time spent in stencil code: 0.029175
Performance in GFlop/s:     55.273954
[1;34m[pthread wrapper] 
[0m[1;34m[pthread wrapper] MAIN -> 0
[0m[1;34m[pthread wrapper] PIN_MASK: [0m[1;34m0->1  [0m[1;34m1->2  [0m[1;34m2->3  [0m[1;34m3->4  [0m[1;34m4->5  [0m[1;34m5->6  [0m[1;34m6->7  [0m[1;34m7->8  [0m[1;34m8->9  [0m[1;34m9->10  [0m[1;34m10->11  [0m[1;34m11->12  [0m[1;34m12->13  [0m[1;34m13->14  [0m[1;34m14->15  [0m[1;34m15->16  [0m[1;34m16->17  [0m[1;34m17->18  [0m[1;34m18->19  [0m[1;34m19->20  [0m[1;34m20->21  [0m[1;34m21->22  [0m[1;34m22->23  [0m[1;34m23->24  [0m[1;34m24->25  [0m[1;34m25->26  [0m[1;34m26->27  [0m[1;34m27->28  [0m[1;34m28->29  [0m[1;34m29->30  [0m[1;34m30->31  [0m[1;34m
[pthread wrapper] SKIP MASK: 0x0
[0m[1;34m	threadid 140188560029440 -> core 1 - OK[0m[1;34m
[0m[1;34m	threadid 140188551636736 -> core 2 - OK[0m[1;34m
[0m[1;34m	threadid 140188543244032 -> core 3 - OK[0m[1;34m
[0m[1;34m	threadid 140188534851328 -> core 4 - OK[0m[1;34m
[0m[1;34m	threadid 140188526458624 -> core 5 - OK[0m[1;34m
[0m[1;34m	threadid 140188518065920 -> core 6 - OK[0m[1;34m
[0m[1;34m	threadid 140188509673216 -> core 7 - OK[0m[1;34m
[0m[1;34m	threadid 140188501280512 -> core 8 - OK[0m[1;34m
[0m[1;34m	threadid 140188492887808 -> core 9 - OK[0m[1;34m
[0m[1;34m	threadid 140188484495104 -> core 10 - OK[0m[1;34m
[0m[1;34m	threadid 140188476102400 -> core 11 - OK[0m[1;34m
[0m[1;34m	threadid 140188467709696 -> core 12 - OK[0m[1;34m
[0m[1;34m	threadid 140188459316992 -> core 13 - OK[0m[1;34m
[0m[1;34m	threadid 140188450924288 -> core 14 - OK[0m[1;34m
[0m[1;34m	threadid 140188442531584 -> core 15 - OK[0m[1;34m
[0m[1;34m	threadid 140188434138880 -> core 16 - OK[0m[1;34m
[0m[1;34m	threadid 140188425746176 -> core 17 - OK[0m[1;34m
[0m[1;34m	threadid 140188417353472 -> core 18 - OK[0m[1;34m
[0m[1;34m	threadid 140188408960768 -> core 19 - OK[0m[1;34m
[0m[1;34m	threadid 140188400568064 -> core 20 - OK[0m[1;34m
[0m[1;34m	threadid 140188392175360 -> core 21 - OK[0m[1;34m
[0m[1;34m	threadid 140188383782656 -> core 22 - OK[0m[1;34m
[0m[1;34m	threadid 140188375389952 -> core 23 - OK[0m[1;34m
[0m[1;34m	threadid 140188366997248 -> core 24 - OK[0m[1;34m
[0m[1;34m	threadid 140188358604544 -> core 25 - OK[0m[1;34m
[0m[1;34m	threadid 140188350211840 -> core 26 - OK[0m[1;34m
[0m[1;34m	threadid 140188341819136 -> core 27 - OK[0m[1;34m
[0m[1;34m	threadid 140188333426432 -> core 28 - OK[0m[1;34m
[0m[1;34m	threadid 140188325033728 -> core 29 - OK[0m[1;34m
[0m[1;34m	threadid 140188316641024 -> core 30 - OK[0m[1;34m
[0m[1;34m	threadid 140188308248320 -> core 31 - OK[0m[1;34m
[0mFLOPs in stencil code:      1.612620e+09
Time spent in stencil code: 0.028766
Performance in GFlop/s:     56.059629
[1;34m[pthread wrapper] 
[0m[1;34m[pthread wrapper] MAIN -> 0
[0m[1;34m[pthread wrapper] PIN_MASK: [0m[1;34m0->1  [0m[1;34m1->2  [0m[1;34m2->3  [0m[1;34m3->4  [0m[1;34m4->5  [0m[1;34m5->6  [0m[1;34m6->7  [0m[1;34m7->8  [0m[1;34m8->9  [0m[1;34m9->10  [0m[1;34m10->11  [0m[1;34m11->12  [0m[1;34m12->13  [0m[1;34m13->14  [0m[1;34m14->15  [0m[1;34m15->16  [0m[1;34m16->17  [0m[1;34m17->18  [0m[1;34m18->19  [0m[1;34m19->20  [0m[1;34m20->21  [0m[1;34m21->22  [0m[1;34m22->23  [0m[1;34m23->24  [0m[1;34m24->25  [0m[1;34m25->26  [0m[1;34m26->27  [0m[1;34m27->28  [0m[1;34m28->29  [0m[1;34m29->30  [0m[1;34m30->31  [0m[1;34m
[pthread wrapper] SKIP MASK: 0x0
[0m[1;34m	threadid 139659728779008 -> core 1 - OK[0m[1;34m
[0m[1;34m	threadid 139659720386304 -> core 2 - OK[0m[1;34m
[0m[1;34m	threadid 139659711993600 -> core 3 - OK[0m[1;34m
[0m[1;34m	threadid 139659703600896 -> core 4 - OK[0m[1;34m
[0m[1;34m	threadid 139659695208192 -> core 5 - OK[0m[1;34m
[0m[1;34m	threadid 139659686815488 -> core 6 - OK[0m[1;34m
[0m[1;34m	threadid 139659678422784 -> core 7 - OK[0m[1;34m
[0m[1;34m	threadid 139659670030080 -> core 8 - OK[0m[1;34m
[0m[1;34m	threadid 139659661637376 -> core 9 - OK[0m[1;34m
[0m[1;34m	threadid 139659653244672 -> core 10 - OK[0m[1;34m
[0m[1;34m	threadid 139659644851968 -> core 11 - OK[0m[1;34m
[0m[1;34m	threadid 139659636459264 -> core 12 - OK[0m[1;34m
[0m[1;34m	threadid 139659628066560 -> core 13 - OK[0m[1;34m
[0m[1;34m	threadid 139659619673856 -> core 14 - OK[0m[1;34m
[0m[1;34m	threadid 139659611281152 -> core 15 - OK[0m[1;34m
[0m[1;34m	threadid 139659602888448 -> core 16 - OK[0m[1;34m
[0m[1;34m	threadid 139659594495744 -> core 17 - OK[0m[1;34m
[0m[1;34m	threadid 139659586103040 -> core 18 - OK[0m[1;34m
[0m[1;34m	threadid 139659577710336 -> core 19 - OK[0m[1;34m
[0m[1;34m	threadid 139659569317632 -> core 20 - OK[0m[1;34m
[0m[1;34m	threadid 139659560924928 -> core 21 - OK[0m[1;34m
[0m[1;34m	threadid 139659552532224 -> core 22 - OK[0m[1;34m
[0m[1;34m	threadid 139659544139520 -> core 23 - OK[0m[1;34m
[0m[1;34m	threadid 139659535746816 -> core 24 - OK[0m[1;34m
[0m[1;34m	threadid 139659527354112 -> core 25 - OK[0m[1;34m
[0m[1;34m	threadid 139659518961408 -> core 26 - OK[0m[1;34m
[0m[1;34m	threadid 139659510568704 -> core 27 - OK[0m[1;34m
[0m[1;34m	threadid 139659502176000 -> core 28 - OK[0m[1;34m
[0m[1;34m	threadid 139659493783296 -> core 29 - OK[0m[1;34m
[0m[1;34m	threadid 139659485390592 -> core 30 - OK[0m[1;34m
[0m[1;34m	threadid 139659476997888 -> core 31 - OK[0m[1;34m
[0mFLOPs in stencil code:      1.612620e+09
Time spent in stencil code: 0.028687
Performance in GFlop/s:     56.214313
[1;34m[pthread wrapper] 
[0m[1;34m[pthread wrapper] MAIN -> 0
[0m[1;34m[pthread wrapper] PIN_MASK: [0m[1;34m0->1  [0m[1;34m1->2  [0m[1;34m2->3  [0m[1;34m3->4  [0m[1;34m4->5  [0m[1;34m5->6  [0m[1;34m6->7  [0m[1;34m7->8  [0m[1;34m8->9  [0m[1;34m9->10  [0m[1;34m10->11  [0m[1;34m11->12  [0m[1;34m12->13  [0m[1;34m13->14  [0m[1;34m14->15  [0m[1;34m15->16  [0m[1;34m16->17  [0m[1;34m17->18  [0m[1;34m18->19  [0m[1;34m19->20  [0m[1;34m20->21  [0m[1;34m21->22  [0m[1;34m22->23  [0m[1;34m23->24  [0m[1;34m24->25  [0m[1;34m25->26  [0m[1;34m26->27  [0m[1;34m27->28  [0m[1;34m28->29  [0m[1;34m29->30  [0m[1;34m30->31  [0m[1;34m
[pthread wrapper] SKIP MASK: 0x0
[0m[1;34m	threadid 139628085507840 -> core 1 - OK[0m[1;34m
[0m[1;34m	threadid 139628077115136 -> core 2 - OK[0m[1;34m
[0m[1;34m	threadid 139628068722432 -> core 3 - OK[0m[1;34m
[0m[1;34m	threadid 139628060329728 -> core 4 - OK[0m[1;34m
[0m[1;34m	threadid 139628051937024 -> core 5 - OK[0m[1;34m
[0m[1;34m	threadid 139628043544320 -> core 6 - OK[0m[1;34m
[0m[1;34m	threadid 139628035151616 -> core 7 - OK[0m[1;34m
[0m[1;34m	threadid 139628026758912 -> core 8 - OK[0m[1;34m
[0m[1;34m	threadid 139628018366208 -> core 9 - OK[0m[1;34m
[0m[1;34m	threadid 139628009973504 -> core 10 - OK[0m[1;34m
[0m[1;34m	threadid 139628001580800 -> core 11 - OK[0m[1;34m
[0m[1;34m	threadid 139627993188096 -> core 12 - OK[0m[1;34m
[0m[1;34m	threadid 139627984795392 -> core 13 - OK[0m[1;34m
[0m[1;34m	threadid 139627976402688 -> core 14 - OK[0m[1;34m
[0m[1;34m	threadid 139627968009984 -> core 15 - OK[0m[1;34m
[0m[1;34m	threadid 139627959617280 -> core 16 - OK[0m[1;34m
[0m[1;34m	threadid 139627951224576 -> core 17 - OK[0m[1;34m
[0m[1;34m	threadid 139627942831872 -> core 18 - OK[0m[1;34m
[0m[1;34m	threadid 139627934439168 -> core 19 - OK[0m[1;34m
[0m[1;34m	threadid 139627926046464 -> core 20 - OK[0m[1;34m
[0m[1;34m	threadid 139627917653760 -> core 21 - OK[0m[1;34m
[0m[1;34m	threadid 139627909261056 -> core 22 - OK[0m[1;34m
[0m[1;34m	threadid 139627900868352 -> core 23 - OK[0m[1;34m
[0m[1;34m	threadid 139627892475648 -> core 24 - OK[0m[1;34m
[0m[1;34m	threadid 139627884082944 -> core 25 - OK[0m[1;34m
[0m[1;34m	threadid 139627875690240 -> core 26 - OK[0m[1;34m
[0m[1;34m	threadid 139627867297536 -> core 27 - OK[0m[1;34m
[0m[1;34m	threadid 139627858904832 -> core 28 - OK[0m[1;34m
[0m[1;34m	threadid 139627850512128 -> core 29 - OK[0m[1;34m
[0m[1;34m	threadid 139627842119424 -> core 30 - OK[0m[1;34m
[0m[1;34m	threadid 139627833726720 -> core 31 - OK[0m[1;34m
[0mFLOPs in stencil code:      1.612620e+09
Time spent in stencil code: 0.028820
Performance in GFlop/s:     55.955282
