[1;34m[pthread wrapper] 
[0m[1;34m[pthread wrapper] MAIN -> 0
[0m[1;34m[pthread wrapper] PIN_MASK: [0m[1;34m0->1  [0m[1;34m1->2  [0m[1;34m2->3  [0m[1;34m3->16  [0m[1;34m4->17  [0m[1;34m5->18  [0m[1;34m6->19  [0m[1;34m
[pthread wrapper] SKIP MASK: 0x0
[0m[1;34m	threadid 140289613297408 -> core 1 - OK[0m[1;34m
[0m[1;34m	threadid 140289604904704 -> core 2 - OK[0m[1;34m
[0m[1;34m	threadid 140289596512000 -> core 3 - OK[0m[1;34m
[0m[1;34m	threadid 140289588119296 -> core 16 - OK[0m[1;34m
[0m[1;34m	threadid 140289579726592 -> core 17 - OK[0m[1;34m
[0m[1;34m	threadid 140289571333888 -> core 18 - OK[0m[1;34m
[0m[1;34m	threadid 140289562941184 -> core 19 - OK[0m[1;34m
[0mFLOPs in stencil code:      1.612620e+09
Time spent in stencil code: 0.095851
Performance in GFlop/s:     16.824247
[1;34m[pthread wrapper] 
[0m[1;34m[pthread wrapper] MAIN -> 0
[0m[1;34m[pthread wrapper] PIN_MASK: [0m[1;34m0->1  [0m[1;34m1->2  [0m[1;34m2->3  [0m[1;34m3->16  [0m[1;34m4->17  [0m[1;34m5->18  [0m[1;34m6->19  [0m[1;34m
[pthread wrapper] SKIP MASK: 0x0
[0m[1;34m	threadid 140397169047296 -> core 1 - OK[0m[1;34m
[0m[1;34m	threadid 140397160654592 -> core 2 - OK[0m[1;34m
[0m[1;34m	threadid 140397152261888 -> core 3 - OK[0m[1;34m
[0m[1;34m	threadid 140397143869184 -> core 16 - OK[0m[1;34m
[0m[1;34m	threadid 140397135476480 -> core 17 - OK[0m[1;34m
[0m[1;34m	threadid 140397127083776 -> core 18 - OK[0m[1;34m
[0m[1;34m	threadid 140397118691072 -> core 19 - OK[0m[1;34m
[0mFLOPs in stencil code:      1.612620e+09
Time spent in stencil code: 0.096876
Performance in GFlop/s:     16.646244
[1;34m[pthread wrapper] 
[0m[1;34m[pthread wrapper] MAIN -> 0
[0m[1;34m[pthread wrapper] PIN_MASK: [0m[1;34m0->1  [0m[1;34m1->2  [0m[1;34m2->3  [0m[1;34m3->16  [0m[1;34m4->17  [0m[1;34m5->18  [0m[1;34m6->19  [0m[1;34m
[pthread wrapper] SKIP MASK: 0x0
[0m[1;34m	threadid 140087600805632 -> core 1 - OK[0m[1;34m
[0m[1;34m	threadid 140087592412928 -> core 2 - OK[0m[1;34m
[0m[1;34m	threadid 140087584020224 -> core 3 - OK[0m[1;34m
[0m[1;34m	threadid 140087575627520 -> core 16 - OK[0m[1;34m
[0m[1;34m	threadid 140087567234816 -> core 17 - OK[0m[1;34m
[0m[1;34m	threadid 140087558842112 -> core 18 - OK[0m[1;34m
[0m[1;34m	threadid 140087550449408 -> core 19 - OK[0m[1;34m
[0mFLOPs in stencil code:      1.612620e+09
Time spent in stencil code: 0.096193
Performance in GFlop/s:     16.764408
[1;34m[pthread wrapper] 
[0m[1;34m[pthread wrapper] MAIN -> 0
[0m[1;34m[pthread wrapper] PIN_MASK: [0m[1;34m0->1  [0m[1;34m1->2  [0m[1;34m2->3  [0m[1;34m3->16  [0m[1;34m4->17  [0m[1;34m5->18  [0m[1;34m6->19  [0m[1;34m
[pthread wrapper] SKIP MASK: 0x0
[0m[1;34m	threadid 139761437636352 -> core 1 - OK[0m[1;34m
[0m[1;34m	threadid 139761429243648 -> core 2 - OK[0m[1;34m
[0m[1;34m	threadid 139761420850944 -> core 3 - OK[0m[1;34m
[0m[1;34m	threadid 139761412458240 -> core 16 - OK[0m[1;34m
[0m[1;34m	threadid 139761404065536 -> core 17 - OK[0m[1;34m
[0m[1;34m	threadid 139761395672832 -> core 18 - OK[0m[1;34m
[0m[1;34m	threadid 139761387280128 -> core 19 - OK[0m[1;34m
[0mFLOPs in stencil code:      1.612620e+09
Time spent in stencil code: 0.096294
Performance in GFlop/s:     16.746851
[1;34m[pthread wrapper] 
[0m[1;34m[pthread wrapper] MAIN -> 0
[0m[1;34m[pthread wrapper] PIN_MASK: [0m[1;34m0->1  [0m[1;34m1->2  [0m[1;34m2->3  [0m[1;34m3->16  [0m[1;34m4->17  [0m[1;34m5->18  [0m[1;34m6->19  [0m[1;34m
[pthread wrapper] SKIP MASK: 0x0
[0m[1;34m	threadid 139888496277248 -> core 1 - OK[0m[1;34m
[0m[1;34m	threadid 139888487884544 -> core 2 - OK[0m[1;34m
[0m[1;34m	threadid 139888479491840 -> core 3 - OK[0m[1;34m
[0m[1;34m	threadid 139888471099136 -> core 16 - OK[0m[1;34m
[0m[1;34m	threadid 139888462706432 -> core 17 - OK[0m[1;34m
[0m[1;34m	threadid 139888454313728 -> core 18 - OK[0m[1;34m
[0m[1;34m	threadid 139888445921024 -> core 19 - OK[0m[1;34m
[0mFLOPs in stencil code:      1.612620e+09
Time spent in stencil code: 0.096275
Performance in GFlop/s:     16.750127
