[1;34m[pthread wrapper] 
[0m[1;34m[pthread wrapper] MAIN -> 0
[0m[1;34m[pthread wrapper] PIN_MASK: [0m[1;34m0->1  [0m[1;34m1->2  [0m[1;34m2->3  [0m[1;34m3->4  [0m[1;34m4->5  [0m[1;34m5->6  [0m[1;34m6->7  [0m[1;34m7->16  [0m[1;34m8->17  [0m[1;34m9->18  [0m[1;34m10->19  [0m[1;34m11->20  [0m[1;34m12->21  [0m[1;34m13->22  [0m[1;34m14->23  [0m[1;34m
[pthread wrapper] SKIP MASK: 0x0
[0m[1;34m	threadid 140278684612352 -> core 1 - OK[0m[1;34m
[0m[1;34m	threadid 140278676219648 -> core 2 - OK[0m[1;34m
[0m[1;34m	threadid 140278667826944 -> core 3 - OK[0m[1;34m
[0m[1;34m	threadid 140278659434240 -> core 4 - OK[0m[1;34m
[0m[1;34m	threadid 140278651041536 -> core 5 - OK[0m[1;34m
[0m[1;34m	threadid 140278642648832 -> core 6 - OK[0m[1;34m
[0m[1;34m	threadid 140278634256128 -> core 7 - OK[0m[1;34m
[0m[1;34m	threadid 140278625863424 -> core 16 - OK[0m[1;34m
[0m[1;34m	threadid 140278617470720 -> core 17 - OK[0m[1;34m
[0m[1;34m	threadid 140278609078016 -> core 18 - OK[0m[1;34m
[0m[1;34m	threadid 140278600685312 -> core 19 - OK[0m[1;34m
[0m[1;34m	threadid 140278592292608 -> core 20 - OK[0m[1;34m
[0m[1;34m	threadid 140278583899904 -> core 21 - OK[0m[1;34m
[0m[1;34m	threadid 140278575507200 -> core 22 - OK[0m[1;34m
[0m[1;34m	threadid 140278567114496 -> core 23 - OK[0m[1;34m
[0mFLOPs in stencil code:      1.612620e+09
Time spent in stencil code: 0.057116
Performance in GFlop/s:     28.234104
[1;34m[pthread wrapper] 
[0m[1;34m[pthread wrapper] MAIN -> 0
[0m[1;34m[pthread wrapper] PIN_MASK: [0m[1;34m0->1  [0m[1;34m1->2  [0m[1;34m2->3  [0m[1;34m3->4  [0m[1;34m4->5  [0m[1;34m5->6  [0m[1;34m6->7  [0m[1;34m7->16  [0m[1;34m8->17  [0m[1;34m9->18  [0m[1;34m10->19  [0m[1;34m11->20  [0m[1;34m12->21  [0m[1;34m13->22  [0m[1;34m14->23  [0m[1;34m
[pthread wrapper] SKIP MASK: 0x0
[0m[1;34m	threadid 139713522595584 -> core 1 - OK[0m[1;34m
[0m[1;34m	threadid 139713514202880 -> core 2 - OK[0m[1;34m
[0m[1;34m	threadid 139713505810176 -> core 3 - OK[0m[1;34m
[0m[1;34m	threadid 139713497417472 -> core 4 - OK[0m[1;34m
[0m[1;34m	threadid 139713489024768 -> core 5 - OK[0m[1;34m
[0m[1;34m	threadid 139713480632064 -> core 6 - OK[0m[1;34m
[0m[1;34m	threadid 139713472239360 -> core 7 - OK[0m[1;34m
[0m[1;34m	threadid 139713463846656 -> core 16 - OK[0m[1;34m
[0m[1;34m	threadid 139713455453952 -> core 17 - OK[0m[1;34m
[0m[1;34m	threadid 139713447061248 -> core 18 - OK[0m[1;34m
[0m[1;34m	threadid 139713438668544 -> core 19 - OK[0m[1;34m
[0m[1;34m	threadid 139713430275840 -> core 20 - OK[0m[1;34m
[0m[1;34m	threadid 139713421883136 -> core 21 - OK[0m[1;34m
[0m[1;34m	threadid 139713413490432 -> core 22 - OK[0m[1;34m
[0m[1;34m	threadid 139713405097728 -> core 23 - OK[0m[1;34m
[0mFLOPs in stencil code:      1.612620e+09
Time spent in stencil code: 0.055228
Performance in GFlop/s:     29.199322
[1;34m[pthread wrapper] 
[0m[1;34m[pthread wrapper] MAIN -> 0
[0m[1;34m[pthread wrapper] PIN_MASK: [0m[1;34m0->1  [0m[1;34m1->2  [0m[1;34m2->3  [0m[1;34m3->4  [0m[1;34m4->5  [0m[1;34m5->6  [0m[1;34m6->7  [0m[1;34m7->16  [0m[1;34m8->17  [0m[1;34m9->18  [0m[1;34m10->19  [0m[1;34m11->20  [0m[1;34m12->21  [0m[1;34m13->22  [0m[1;34m14->23  [0m[1;34m
[pthread wrapper] SKIP MASK: 0x0
[0m[1;34m	threadid 140461133395712 -> core 1 - OK[0m[1;34m
[0m[1;34m	threadid 140461125003008 -> core 2 - OK[0m[1;34m
[0m[1;34m	threadid 140461116610304 -> core 3 - OK[0m[1;34m
[0m[1;34m	threadid 140461108217600 -> core 4 - OK[0m[1;34m
[0m[1;34m	threadid 140461099824896 -> core 5 - OK[0m[1;34m
[0m[1;34m	threadid 140461091432192 -> core 6 - OK[0m[1;34m
[0m[1;34m	threadid 140461083039488 -> core 7 - OK[0m[1;34m
[0m[1;34m	threadid 140461074646784 -> core 16 - OK[0m[1;34m
[0m[1;34m	threadid 140461066254080 -> core 17 - OK[0m[1;34m
[0m[1;34m	threadid 140461057861376 -> core 18 - OK[0m[1;34m
[0m[1;34m	threadid 140461049468672 -> core 19 - OK[0m[1;34m
[0m[1;34m	threadid 140461041075968 -> core 20 - OK[0m[1;34m
[0m[1;34m	threadid 140461032683264 -> core 21 - OK[0m[1;34m
[0m[1;34m	threadid 140461024290560 -> core 22 - OK[0m[1;34m
[0m[1;34m	threadid 140461015897856 -> core 23 - OK[0m[1;34m
[0mFLOPs in stencil code:      1.612620e+09
Time spent in stencil code: 0.055132
Performance in GFlop/s:     29.250083
[1;34m[pthread wrapper] 
[0m[1;34m[pthread wrapper] MAIN -> 0
[0m[1;34m[pthread wrapper] PIN_MASK: [0m[1;34m0->1  [0m[1;34m1->2  [0m[1;34m2->3  [0m[1;34m3->4  [0m[1;34m4->5  [0m[1;34m5->6  [0m[1;34m6->7  [0m[1;34m7->16  [0m[1;34m8->17  [0m[1;34m9->18  [0m[1;34m10->19  [0m[1;34m11->20  [0m[1;34m12->21  [0m[1;34m13->22  [0m[1;34m14->23  [0m[1;34m
[pthread wrapper] SKIP MASK: 0x0
[0m[1;34m	threadid 140584583558912 -> core 1 - OK[0m[1;34m
[0m[1;34m	threadid 140584575166208 -> core 2 - OK[0m[1;34m
[0m[1;34m	threadid 140584566773504 -> core 3 - OK[0m[1;34m
[0m[1;34m	threadid 140584558380800 -> core 4 - OK[0m[1;34m
[0m[1;34m	threadid 140584549988096 -> core 5 - OK[0m[1;34m
[0m[1;34m	threadid 140584541595392 -> core 6 - OK[0m[1;34m
[0m[1;34m	threadid 140584533202688 -> core 7 - OK[0m[1;34m
[0m[1;34m	threadid 140584524809984 -> core 16 - OK[0m[1;34m
[0m[1;34m	threadid 140584516417280 -> core 17 - OK[0m[1;34m
[0m[1;34m	threadid 140584508024576 -> core 18 - OK[0m[1;34m
[0m[1;34m	threadid 140584499631872 -> core 19 - OK[0m[1;34m
[0m[1;34m	threadid 140584491239168 -> core 20 - OK[0m[1;34m
[0m[1;34m	threadid 140584482846464 -> core 21 - OK[0m[1;34m
[0m[1;34m	threadid 140584474453760 -> core 22 - OK[0m[1;34m
[0m[1;34m	threadid 140584466061056 -> core 23 - OK[0m[1;34m
[0mFLOPs in stencil code:      1.612620e+09
Time spent in stencil code: 0.055050
Performance in GFlop/s:     29.293788
[1;34m[pthread wrapper] 
[0m[1;34m[pthread wrapper] MAIN -> 0
[0m[1;34m[pthread wrapper] PIN_MASK: [0m[1;34m0->1  [0m[1;34m1->2  [0m[1;34m2->3  [0m[1;34m3->4  [0m[1;34m4->5  [0m[1;34m5->6  [0m[1;34m6->7  [0m[1;34m7->16  [0m[1;34m8->17  [0m[1;34m9->18  [0m[1;34m10->19  [0m[1;34m11->20  [0m[1;34m12->21  [0m[1;34m13->22  [0m[1;34m14->23  [0m[1;34m
[pthread wrapper] SKIP MASK: 0x0
[0m[1;34m	threadid 140197228148480 -> core 1 - OK[0m[1;34m
[0m[1;34m	threadid 140197219755776 -> core 2 - OK[0m[1;34m
[0m[1;34m	threadid 140197211363072 -> core 3 - OK[0m[1;34m
[0m[1;34m	threadid 140197202970368 -> core 4 - OK[0m[1;34m
[0m[1;34m	threadid 140197194577664 -> core 5 - OK[0m[1;34m
[0m[1;34m	threadid 140197186184960 -> core 6 - OK[0m[1;34m
[0m[1;34m	threadid 140197177792256 -> core 7 - OK[0m[1;34m
[0m[1;34m	threadid 140197169399552 -> core 16 - OK[0m[1;34m
[0m[1;34m	threadid 140197161006848 -> core 17 - OK[0m[1;34m
[0m[1;34m	threadid 140197152614144 -> core 18 - OK[0m[1;34m
[0m[1;34m	threadid 140197144221440 -> core 19 - OK[0m[1;34m
[0m[1;34m	threadid 140197135828736 -> core 20 - OK[0m[1;34m
[0m[1;34m	threadid 140197127436032 -> core 21 - OK[0m[1;34m
[0m[1;34m	threadid 140197119043328 -> core 22 - OK[0m[1;34m
[0m[1;34m	threadid 140197110650624 -> core 23 - OK[0m[1;34m
[0mFLOPs in stencil code:      1.612620e+09
Time spent in stencil code: 0.055168
Performance in GFlop/s:     29.231122
