x_max: 200
[1;34m[pthread wrapper] 
[0m[1;34m[pthread wrapper] MAIN -> 0
[0m[1;34m[pthread wrapper] PIN_MASK: [0m[1;34m0->1  [0m[1;34m1->2  [0m[1;34m2->3  [0m[1;34m3->4  [0m[1;34m4->5  [0m[1;34m
[pthread wrapper] SKIP MASK: 0x0
[0m[1;34m	threadid 140161999238912 -> core 1 - OK[0m[1;34m
[0m[1;34m	threadid 140161990846208 -> core 2 - OK[0m[1;34m
[0m[1;34m	threadid 140161982453504 -> core 3 - OK[0m[1;34m
[0m[1;34m	threadid 140161974060800 -> core 4 - OK[0m[1;34m
[0m[1;34m	threadid 140161965668096 -> core 5 - OK[0m[1;34m
[0mFLOPs in stencil code:      12047257600
Time spent in stencil code: 0.971550
Performance in GFlop/s:     12.400039
x_max: 200
[1;34m[pthread wrapper] 
[0m[1;34m[pthread wrapper] MAIN -> 0
[0m[1;34m[pthread wrapper] PIN_MASK: [0m[1;34m0->1  [0m[1;34m1->2  [0m[1;34m2->3  [0m[1;34m3->4  [0m[1;34m4->5  [0m[1;34m
[pthread wrapper] SKIP MASK: 0x0
[0m[1;34m	threadid 140006312351488 -> core 1 - OK[0m[1;34m
[0m[1;34m	threadid 140006303958784 -> core 2 - OK[0m[1;34m
[0m[1;34m	threadid 140006295566080 -> core 3 - OK[0m[1;34m
[0m[1;34m	threadid 140006287173376 -> core 4 - OK[0m[1;34m
[0m[1;34m	threadid 140006278780672 -> core 5 - OK[0m[1;34m
[0mFLOPs in stencil code:      12047257600
Time spent in stencil code: 0.964106
Performance in GFlop/s:     12.495780
x_max: 200
[1;34m[pthread wrapper] 
[0m[1;34m[pthread wrapper] MAIN -> 0
[0m[1;34m[pthread wrapper] PIN_MASK: [0m[1;34m0->1  [0m[1;34m1->2  [0m[1;34m2->3  [0m[1;34m3->4  [0m[1;34m4->5  [0m[1;34m
[pthread wrapper] SKIP MASK: 0x0
[0m[1;34m	threadid 140586716882688 -> core 1 - OK[0m[1;34m
[0m[1;34m	threadid 140586708489984 -> core 2 - OK[0m[1;34m
[0m[1;34m	threadid 140586700097280 -> core 3 - OK[0m[1;34m
[0m[1;34m	threadid 140586691704576 -> core 4 - OK[0m[1;34m
[0m[1;34m	threadid 140586683311872 -> core 5 - OK[0m[1;34m
[0mFLOPs in stencil code:      12047257600
Time spent in stencil code: 0.963690
Performance in GFlop/s:     12.501175
x_max: 200
[1;34m[pthread wrapper] 
[0m[1;34m[pthread wrapper] MAIN -> 0
[0m[1;34m[pthread wrapper] PIN_MASK: [0m[1;34m0->1  [0m[1;34m1->2  [0m[1;34m2->3  [0m[1;34m3->4  [0m[1;34m4->5  [0m[1;34m
[pthread wrapper] SKIP MASK: 0x0
[0m[1;34m	threadid 140321936635648 -> core 1 - OK[0m[1;34m
[0m[1;34m	threadid 140321928242944 -> core 2 - OK[0m[1;34m
[0m[1;34m	threadid 140321919850240 -> core 3 - OK[0m[1;34m
[0m[1;34m	threadid 140321911457536 -> core 4 - OK[0m[1;34m
[0m[1;34m	threadid 140321903064832 -> core 5 - OK[0m[1;34m
[0mFLOPs in stencil code:      12047257600
Time spent in stencil code: 0.969299
Performance in GFlop/s:     12.428834
x_max: 200
[1;34m[pthread wrapper] 
[0m[1;34m[pthread wrapper] MAIN -> 0
[0m[1;34m[pthread wrapper] PIN_MASK: [0m[1;34m0->1  [0m[1;34m1->2  [0m[1;34m2->3  [0m[1;34m3->4  [0m[1;34m4->5  [0m[1;34m
[pthread wrapper] SKIP MASK: 0x0
[0m[1;34m	threadid 140060570826496 -> core 1 - OK[0m[1;34m
[0m[1;34m	threadid 140060562433792 -> core 2 - OK[0m[1;34m
[0m[1;34m	threadid 140060554041088 -> core 3 - OK[0m[1;34m
[0m[1;34m	threadid 140060545648384 -> core 4 - OK[0m[1;34m
[0m[1;34m	threadid 140060537255680 -> core 5 - OK[0m[1;34m
[0mFLOPs in stencil code:      12047257600
Time spent in stencil code: 0.972532
Performance in GFlop/s:     12.387518
