x_max: 200
[1;34m[pthread wrapper] 
[0m[1;34m[pthread wrapper] MAIN -> 0
[0m[1;34m[pthread wrapper] PIN_MASK: [0m[1;34m0->1  [0m[1;34m1->2  [0m[1;34m2->3  [0m[1;34m3->4  [0m[1;34m4->5  [0m[1;34m5->12  [0m[1;34m6->13  [0m[1;34m7->6  [0m[1;34m8->7  [0m[1;34m9->8  [0m[1;34m10->9  [0m[1;34m11->10  [0m[1;34m12->11  [0m[1;34m13->18  [0m[1;34m14->19  [0m[1;34m
[pthread wrapper] SKIP MASK: 0x0
[0m[1;34m	threadid 140073829222144 -> core 1 - OK[0m[1;34m
[0m[1;34m	threadid 140073820829440 -> core 2 - OK[0m[1;34m
[0m[1;34m	threadid 140073812436736 -> core 3 - OK[0m[1;34m
[0m[1;34m	threadid 140073804044032 -> core 4 - OK[0m[1;34m
[0m[1;34m	threadid 140073795651328 -> core 5 - OK[0m[1;34m
[0m[1;34m	threadid 140073787258624 -> core 12 - OK[0m[1;34m
[0m[1;34m	threadid 140073778865920 -> core 13 - OK[0m[1;34m
[0m[1;34m	threadid 140073770473216 -> core 6 - OK[0m[1;34m
[0m[1;34m	threadid 140073762080512 -> core 7 - OK[0m[1;34m
[0m[1;34m	threadid 140073753687808 -> core 8 - OK[0m[1;34m
[0m[1;34m	threadid 140073745295104 -> core 9 - OK[0m[1;34m
[0m[1;34m	threadid 140073736902400 -> core 10 - OK[0m[1;34m
[0m[1;34m	threadid 140073728509696 -> core 11 - OK[0m[1;34m
[0m[1;34m	threadid 140073720116992 -> core 18 - OK[0m[1;34m
[0m[1;34m	threadid 140073711724288 -> core 19 - OK[0m[1;34m
[0mFLOPs in stencil code:      12047257600
Time spent in stencil code: 0.756573
Performance in GFlop/s:     15.923458
x_max: 200
[1;34m[pthread wrapper] 
[0m[1;34m[pthread wrapper] MAIN -> 0
[0m[1;34m[pthread wrapper] PIN_MASK: [0m[1;34m0->1  [0m[1;34m1->2  [0m[1;34m2->3  [0m[1;34m3->4  [0m[1;34m4->5  [0m[1;34m5->12  [0m[1;34m6->13  [0m[1;34m7->6  [0m[1;34m8->7  [0m[1;34m9->8  [0m[1;34m10->9  [0m[1;34m11->10  [0m[1;34m12->11  [0m[1;34m13->18  [0m[1;34m14->19  [0m[1;34m
[pthread wrapper] SKIP MASK: 0x0
[0m[1;34m	threadid 139811717498624 -> core 1 - OK[0m[1;34m
[0m[1;34m	threadid 139811709105920 -> core 2 - OK[0m[1;34m
[0m[1;34m	threadid 139811700713216 -> core 3 - OK[0m[1;34m
[0m[1;34m	threadid 139811692320512 -> core 4 - OK[0m[1;34m
[0m[1;34m	threadid 139811683927808 -> core 5 - OK[0m[1;34m
[0m[1;34m	threadid 139811675535104 -> core 12 - OK[0m[1;34m
[0m[1;34m	threadid 139811667142400 -> core 13 - OK[0m[1;34m
[0m[1;34m	threadid 139811658749696 -> core 6 - OK[0m[1;34m
[0m[1;34m	threadid 139811650356992 -> core 7 - OK[0m[1;34m
[0m[1;34m	threadid 139811641964288 -> core 8 - OK[0m[1;34m
[0m[1;34m	threadid 139811633571584 -> core 9 - OK[0m[1;34m
[0m[1;34m	threadid 139811625178880 -> core 10 - OK[0m[1;34m
[0m[1;34m	threadid 139811616786176 -> core 11 - OK[0m[1;34m
[0m[1;34m	threadid 139811608393472 -> core 18 - OK[0m[1;34m
[0m[1;34m	threadid 139811600000768 -> core 19 - OK[0m[1;34m
[0mFLOPs in stencil code:      12047257600
Time spent in stencil code: 0.755448
Performance in GFlop/s:     15.947168
x_max: 200
[1;34m[pthread wrapper] 
[0m[1;34m[pthread wrapper] MAIN -> 0
[0m[1;34m[pthread wrapper] PIN_MASK: [0m[1;34m0->1  [0m[1;34m1->2  [0m[1;34m2->3  [0m[1;34m3->4  [0m[1;34m4->5  [0m[1;34m5->12  [0m[1;34m6->13  [0m[1;34m7->6  [0m[1;34m8->7  [0m[1;34m9->8  [0m[1;34m10->9  [0m[1;34m11->10  [0m[1;34m12->11  [0m[1;34m13->18  [0m[1;34m14->19  [0m[1;34m
[pthread wrapper] SKIP MASK: 0x0
[0m[1;34m	threadid 140159005652736 -> core 1 - OK[0m[1;34m
[0m[1;34m	threadid 140158997260032 -> core 2 - OK[0m[1;34m
[0m[1;34m	threadid 140158988867328 -> core 3 - OK[0m[1;34m
[0m[1;34m	threadid 140158980474624 -> core 4 - OK[0m[1;34m
[0m[1;34m	threadid 140158972081920 -> core 5 - OK[0m[1;34m
[0m[1;34m	threadid 140158963689216 -> core 12 - OK[0m[1;34m
[0m[1;34m	threadid 140158955296512 -> core 13 - OK[0m[1;34m
[0m[1;34m	threadid 140158946903808 -> core 6 - OK[0m[1;34m
[0m[1;34m	threadid 140158938511104 -> core 7 - OK[0m[1;34m
[0m[1;34m	threadid 140158930118400 -> core 8 - OK[0m[1;34m
[0m[1;34m	threadid 140158921725696 -> core 9 - OK[0m[1;34m
[0m[1;34m	threadid 140158913332992 -> core 10 - OK[0m[1;34m
[0m[1;34m	threadid 140158904940288 -> core 11 - OK[0m[1;34m
[0m[1;34m	threadid 140158896547584 -> core 18 - OK[0m[1;34m
[0m[1;34m	threadid 140158888154880 -> core 19 - OK[0m[1;34m
[0mFLOPs in stencil code:      12047257600
Time spent in stencil code: 0.758632
Performance in GFlop/s:     15.880240
x_max: 200
[1;34m[pthread wrapper] 
[0m[1;34m[pthread wrapper] MAIN -> 0
[0m[1;34m[pthread wrapper] PIN_MASK: [0m[1;34m0->1  [0m[1;34m1->2  [0m[1;34m2->3  [0m[1;34m3->4  [0m[1;34m4->5  [0m[1;34m5->12  [0m[1;34m6->13  [0m[1;34m7->6  [0m[1;34m8->7  [0m[1;34m9->8  [0m[1;34m10->9  [0m[1;34m11->10  [0m[1;34m12->11  [0m[1;34m13->18  [0m[1;34m14->19  [0m[1;34m
[pthread wrapper] SKIP MASK: 0x0
[0m[1;34m	threadid 140451598284544 -> core 1 - OK[0m[1;34m
[0m[1;34m	threadid 140451589891840 -> core 2 - OK[0m[1;34m
[0m[1;34m	threadid 140451581499136 -> core 3 - OK[0m[1;34m
[0m[1;34m	threadid 140451573106432 -> core 4 - OK[0m[1;34m
[0m[1;34m	threadid 140451564713728 -> core 5 - OK[0m[1;34m
[0m[1;34m	threadid 140451556321024 -> core 12 - OK[0m[1;34m
[0m[1;34m	threadid 140451547928320 -> core 13 - OK[0m[1;34m
[0m[1;34m	threadid 140451539535616 -> core 6 - OK[0m[1;34m
[0m[1;34m	threadid 140451531142912 -> core 7 - OK[0m[1;34m
[0m[1;34m	threadid 140451522750208 -> core 8 - OK[0m[1;34m
[0m[1;34m	threadid 140451514357504 -> core 9 - OK[0m[1;34m
[0m[1;34m	threadid 140451505964800 -> core 10 - OK[0m[1;34m
[0m[1;34m	threadid 140451497572096 -> core 11 - OK[0m[1;34m
[0m[1;34m	threadid 140451489179392 -> core 18 - OK[0m[1;34m
[0m[1;34m	threadid 140451480786688 -> core 19 - OK[0m[1;34m
[0mFLOPs in stencil code:      12047257600
Time spent in stencil code: 0.757684
Performance in GFlop/s:     15.900108
x_max: 200
[1;34m[pthread wrapper] 
[0m[1;34m[pthread wrapper] MAIN -> 0
[0m[1;34m[pthread wrapper] PIN_MASK: [0m[1;34m0->1  [0m[1;34m1->2  [0m[1;34m2->3  [0m[1;34m3->4  [0m[1;34m4->5  [0m[1;34m5->12  [0m[1;34m6->13  [0m[1;34m7->6  [0m[1;34m8->7  [0m[1;34m9->8  [0m[1;34m10->9  [0m[1;34m11->10  [0m[1;34m12->11  [0m[1;34m13->18  [0m[1;34m14->19  [0m[1;34m
[pthread wrapper] SKIP MASK: 0x0
[0m[1;34m	threadid 140173695923968 -> core 1 - OK[0m[1;34m
[0m[1;34m	threadid 140173687531264 -> core 2 - OK[0m[1;34m
[0m[1;34m	threadid 140173679138560 -> core 3 - OK[0m[1;34m
[0m[1;34m	threadid 140173670745856 -> core 4 - OK[0m[1;34m
[0m[1;34m	threadid 140173662353152 -> core 5 - OK[0m[1;34m
[0m[1;34m	threadid 140173653960448 -> core 12 - OK[0m[1;34m
[0m[1;34m	threadid 140173645567744 -> core 13 - OK[0m[1;34m
[0m[1;34m	threadid 140173637175040 -> core 6 - OK[0m[1;34m
[0m[1;34m	threadid 140173628782336 -> core 7 - OK[0m[1;34m
[0m[1;34m	threadid 140173620389632 -> core 8 - OK[0m[1;34m
[0m[1;34m	threadid 140173611996928 -> core 9 - OK[0m[1;34m
[0m[1;34m	threadid 140173603604224 -> core 10 - OK[0m[1;34m
[0m[1;34m	threadid 140173595211520 -> core 11 - OK[0m[1;34m
[0m[1;34m	threadid 140173586818816 -> core 18 - OK[0m[1;34m
[0m[1;34m	threadid 140173578426112 -> core 19 - OK[0m[1;34m
[0mFLOPs in stencil code:      12047257600
Time spent in stencil code: 0.754840
Performance in GFlop/s:     15.960017
