x_max: 200
[1;34m[pthread wrapper] 
[0m[1;34m[pthread wrapper] MAIN -> 0
[0m[1;34m[pthread wrapper] PIN_MASK: [0m[1;34m0->1  [0m[1;34m
[pthread wrapper] SKIP MASK: 0x0
[0m[1;34m	threadid 139622627587840 -> core 1 - OK[0m[1;34m
[0mFLOPs in stencil code:      12047257600
Time spent in stencil code: 2.752951
Performance in GFlop/s:     4.376125
x_max: 200
[1;34m[pthread wrapper] 
[0m[1;34m[pthread wrapper] MAIN -> 0
[0m[1;34m[pthread wrapper] PIN_MASK: [0m[1;34m0->1  [0m[1;34m
[pthread wrapper] SKIP MASK: 0x0
[0m[1;34m	threadid 140233097647872 -> core 1 - OK[0m[1;34m
[0mFLOPs in stencil code:      12047257600
Time spent in stencil code: 2.775989
Performance in GFlop/s:     4.339807
x_max: 200
[1;34m[pthread wrapper] 
[0m[1;34m[pthread wrapper] MAIN -> 0
[0m[1;34m[pthread wrapper] PIN_MASK: [0m[1;34m0->1  [0m[1;34m
[pthread wrapper] SKIP MASK: 0x0
[0m[1;34m	threadid 140208069211904 -> core 1 - OK[0m[1;34m
[0mFLOPs in stencil code:      12047257600
Time spent in stencil code: 2.770103
Performance in GFlop/s:     4.349029
x_max: 200
[1;34m[pthread wrapper] 
[0m[1;34m[pthread wrapper] MAIN -> 0
[0m[1;34m[pthread wrapper] PIN_MASK: [0m[1;34m0->1  [0m[1;34m
[pthread wrapper] SKIP MASK: 0x0
[0m[1;34m	threadid 140170590013184 -> core 1 - OK[0m[1;34m
[0mFLOPs in stencil code:      12047257600
Time spent in stencil code: 2.753132
Performance in GFlop/s:     4.375837
x_max: 200
[1;34m[pthread wrapper] 
[0m[1;34m[pthread wrapper] MAIN -> 0
[0m[1;34m[pthread wrapper] PIN_MASK: [0m[1;34m0->1  [0m[1;34m
[pthread wrapper] SKIP MASK: 0x0
[0m[1;34m	threadid 140082195908352 -> core 1 - OK[0m[1;34m
[0mFLOPs in stencil code:      12047257600
Time spent in stencil code: 2.782104
Performance in GFlop/s:     4.330269
