x_max: 200
FLOPs in stencil code:      12047257600
Time spent in stencil code: 5.057160
Performance in GFlop/s:     2.382218
[1;34m[likwid-pin] Main PID -> core 0 - OK[0m
x_max: 200
FLOPs in stencil code:      12047257600
Time spent in stencil code: 5.056756
Performance in GFlop/s:     2.382408
[1;34m[likwid-pin] Main PID -> core 0 - OK[0m
x_max: 200
FLOPs in stencil code:      12047257600
Time spent in stencil code: 5.056643
Performance in GFlop/s:     2.382462
[1;34m[likwid-pin] Main PID -> core 0 - OK[0m
x_max: 200
FLOPs in stencil code:      12047257600
Time spent in stencil code: 5.056937
Performance in GFlop/s:     2.382323
[1;34m[likwid-pin] Main PID -> core 0 - OK[0m
x_max: 200
FLOPs in stencil code:      12047257600
Time spent in stencil code: 5.081090
Performance in GFlop/s:     2.370999
[1;34m[likwid-pin] Main PID -> core 0 - OK[0m
