x_max: 200
[1;34m[pthread wrapper] 
[0m[1;34m[pthread wrapper] MAIN -> 0
[0m[1;34m[pthread wrapper] PIN_MASK: [0m[1;34m0->1  [0m[1;34m
[pthread wrapper] SKIP MASK: 0x0
[0m[1;34m	threadid 139751451956992 -> core 1 - OK[0m[1;34m
[0mFLOPs in stencil code:      12047257600
Time spent in stencil code: 3.137423
Performance in GFlop/s:     3.839858
x_max: 200
[1;34m[pthread wrapper] 
[0m[1;34m[pthread wrapper] MAIN -> 0
[0m[1;34m[pthread wrapper] PIN_MASK: [0m[1;34m0->1  [0m[1;34m
[pthread wrapper] SKIP MASK: 0x0
[0m[1;34m	threadid 140383092348672 -> core 1 - OK[0m[1;34m
[0mFLOPs in stencil code:      12047257600
Time spent in stencil code: 2.769238
Performance in GFlop/s:     4.350387
x_max: 200
[1;34m[pthread wrapper] 
[0m[1;34m[pthread wrapper] MAIN -> 0
[0m[1;34m[pthread wrapper] PIN_MASK: [0m[1;34m0->1  [0m[1;34m
[pthread wrapper] SKIP MASK: 0x0
[0m[1;34m	threadid 140686590498560 -> core 1 - OK[0m[1;34m
[0mFLOPs in stencil code:      12047257600
Time spent in stencil code: 2.749357
Performance in GFlop/s:     4.381846
x_max: 200
[1;34m[pthread wrapper] 
[0m[1;34m[pthread wrapper] MAIN -> 0
[0m[1;34m[pthread wrapper] PIN_MASK: [0m[1;34m0->1  [0m[1;34m
[pthread wrapper] SKIP MASK: 0x0
[0m[1;34m	threadid 140346335418112 -> core 1 - OK[0m[1;34m
[0mFLOPs in stencil code:      12047257600
Time spent in stencil code: 2.741249
Performance in GFlop/s:     4.394806
x_max: 200
[1;34m[pthread wrapper] 
[0m[1;34m[pthread wrapper] MAIN -> 0
[0m[1;34m[pthread wrapper] PIN_MASK: [0m[1;34m0->1  [0m[1;34m
[pthread wrapper] SKIP MASK: 0x0
[0m[1;34m	threadid 139678983829248 -> core 1 - OK[0m[1;34m
[0mFLOPs in stencil code:      12047257600
Time spent in stencil code: 2.788426
Performance in GFlop/s:     4.320451
