x_max: 200
[1;34m[pthread wrapper] 
[0m[1;34m[pthread wrapper] MAIN -> 0
[0m[1;34m[pthread wrapper] PIN_MASK: [0m[1;34m0->1  [0m[1;34m1->2  [0m[1;34m2->3  [0m[1;34m3->4  [0m[1;34m4->5  [0m[1;34m5->12  [0m[1;34m6->13  [0m[1;34m
[pthread wrapper] SKIP MASK: 0x0
[0m[1;34m	threadid 139647844071168 -> core 1 - OK[0m[1;34m
[0m[1;34m	threadid 139647835678464 -> core 2 - OK[0m[1;34m
[0m[1;34m	threadid 139647827285760 -> core 3 - OK[0m[1;34m
[0m[1;34m	threadid 139647818893056 -> core 4 - OK[0m[1;34m
[0m[1;34m	threadid 139647810500352 -> core 5 - OK[0m[1;34m
[0m[1;34m	threadid 139647802107648 -> core 12 - OK[0m[1;34m
[0m[1;34m	threadid 139647793714944 -> core 13 - OK[0m[1;34m
[0mFLOPs in stencil code:      12047257600
Time spent in stencil code: 1.454327
Performance in GFlop/s:     8.283734
x_max: 200
[1;34m[pthread wrapper] 
[0m[1;34m[pthread wrapper] MAIN -> 0
[0m[1;34m[pthread wrapper] PIN_MASK: [0m[1;34m0->1  [0m[1;34m1->2  [0m[1;34m2->3  [0m[1;34m3->4  [0m[1;34m4->5  [0m[1;34m5->12  [0m[1;34m6->13  [0m[1;34m
[pthread wrapper] SKIP MASK: 0x0
[0m[1;34m	threadid 139645339997952 -> core 1 - OK[0m[1;34m
[0m[1;34m	threadid 139645331605248 -> core 2 - OK[0m[1;34m
[0m[1;34m	threadid 139645323212544 -> core 3 - OK[0m[1;34m
[0m[1;34m	threadid 139645314819840 -> core 4 - OK[0m[1;34m
[0m[1;34m	threadid 139645306427136 -> core 5 - OK[0m[1;34m
[0m[1;34m	threadid 139645298034432 -> core 12 - OK[0m[1;34m
[0m[1;34m	threadid 139645289641728 -> core 13 - OK[0m[1;34m
[0mFLOPs in stencil code:      12047257600
Time spent in stencil code: 1.451583
Performance in GFlop/s:     8.299392
x_max: 200
[1;34m[pthread wrapper] 
[0m[1;34m[pthread wrapper] MAIN -> 0
[0m[1;34m[pthread wrapper] PIN_MASK: [0m[1;34m0->1  [0m[1;34m1->2  [0m[1;34m2->3  [0m[1;34m3->4  [0m[1;34m4->5  [0m[1;34m5->12  [0m[1;34m6->13  [0m[1;34m
[pthread wrapper] SKIP MASK: 0x0
[0m[1;34m	threadid 140123176761088 -> core 1 - OK[0m[1;34m
[0m[1;34m	threadid 140123168368384 -> core 2 - OK[0m[1;34m
[0m[1;34m	threadid 140123159975680 -> core 3 - OK[0m[1;34m
[0m[1;34m	threadid 140123151582976 -> core 4 - OK[0m[1;34m
[0m[1;34m	threadid 140123143190272 -> core 5 - OK[0m[1;34m
[0m[1;34m	threadid 140123134797568 -> core 12 - OK[0m[1;34m
[0m[1;34m	threadid 140123126404864 -> core 13 - OK[0m[1;34m
[0mFLOPs in stencil code:      12047257600
Time spent in stencil code: 1.451114
Performance in GFlop/s:     8.302076
x_max: 200
[1;34m[pthread wrapper] 
[0m[1;34m[pthread wrapper] MAIN -> 0
[0m[1;34m[pthread wrapper] PIN_MASK: [0m[1;34m0->1  [0m[1;34m1->2  [0m[1;34m2->3  [0m[1;34m3->4  [0m[1;34m4->5  [0m[1;34m5->12  [0m[1;34m6->13  [0m[1;34m
[pthread wrapper] SKIP MASK: 0x0
[0m[1;34m	threadid 140123584694016 -> core 1 - OK[0m[1;34m
[0m[1;34m	threadid 140123576301312 -> core 2 - OK[0m[1;34m
[0m[1;34m	threadid 140123567908608 -> core 3 - OK[0m[1;34m
[0m[1;34m	threadid 140123559515904 -> core 4 - OK[0m[1;34m
[0m[1;34m	threadid 140123551123200 -> core 5 - OK[0m[1;34m
[0m[1;34m	threadid 140123542730496 -> core 12 - OK[0m[1;34m
[0m[1;34m	threadid 140123534337792 -> core 13 - OK[0m[1;34m
[0mFLOPs in stencil code:      12047257600
Time spent in stencil code: 1.454574
Performance in GFlop/s:     8.282326
x_max: 200
[1;34m[pthread wrapper] 
[0m[1;34m[pthread wrapper] MAIN -> 0
[0m[1;34m[pthread wrapper] PIN_MASK: [0m[1;34m0->1  [0m[1;34m1->2  [0m[1;34m2->3  [0m[1;34m3->4  [0m[1;34m4->5  [0m[1;34m5->12  [0m[1;34m6->13  [0m[1;34m
[pthread wrapper] SKIP MASK: 0x0
[0m[1;34m	threadid 140193845532416 -> core 1 - OK[0m[1;34m
[0m[1;34m	threadid 140193837139712 -> core 2 - OK[0m[1;34m
[0m[1;34m	threadid 140193828747008 -> core 3 - OK[0m[1;34m
[0m[1;34m	threadid 140193820354304 -> core 4 - OK[0m[1;34m
[0m[1;34m	threadid 140193811961600 -> core 5 - OK[0m[1;34m
[0m[1;34m	threadid 140193803568896 -> core 12 - OK[0m[1;34m
[0m[1;34m	threadid 140193795176192 -> core 13 - OK[0m[1;34m
[0mFLOPs in stencil code:      12047257600
Time spent in stencil code: 1.451662
Performance in GFlop/s:     8.298941
