x_max: 200
[1;34m[pthread wrapper] 
[0m[1;34m[pthread wrapper] MAIN -> 0
[0m[1;34m[pthread wrapper] PIN_MASK: [0m[1;34m0->1  [0m[1;34m1->2  [0m[1;34m2->3  [0m[1;34m
[pthread wrapper] SKIP MASK: 0x0
[0m[1;34m	threadid 140183908280064 -> core 1 - OK[0m[1;34m
[0m[1;34m	threadid 140183899887360 -> core 2 - OK[0m[1;34m
[0m[1;34m	threadid 140183891494656 -> core 3 - OK[0m[1;34m
[0mFLOPs in stencil code:      12047257600
Time spent in stencil code: 1.405034
Performance in GFlop/s:     8.574354
x_max: 200
[1;34m[pthread wrapper] 
[0m[1;34m[pthread wrapper] MAIN -> 0
[0m[1;34m[pthread wrapper] PIN_MASK: [0m[1;34m0->1  [0m[1;34m1->2  [0m[1;34m2->3  [0m[1;34m
[pthread wrapper] SKIP MASK: 0x0
[0m[1;34m	threadid 140241470764800 -> core 1 - OK[0m[1;34m
[0m[1;34m	threadid 140241462372096 -> core 2 - OK[0m[1;34m
[0m[1;34m	threadid 140241453979392 -> core 3 - OK[0m[1;34m
[0mFLOPs in stencil code:      12047257600
Time spent in stencil code: 1.406642
Performance in GFlop/s:     8.564552
x_max: 200
[1;34m[pthread wrapper] 
[0m[1;34m[pthread wrapper] MAIN -> 0
[0m[1;34m[pthread wrapper] PIN_MASK: [0m[1;34m0->1  [0m[1;34m1->2  [0m[1;34m2->3  [0m[1;34m
[pthread wrapper] SKIP MASK: 0x0
[0m[1;34m	threadid 140195321358080 -> core 1 - OK[0m[1;34m
[0m[1;34m	threadid 140195312965376 -> core 2 - OK[0m[1;34m
[0m[1;34m	threadid 140195304572672 -> core 3 - OK[0m[1;34m
[0mFLOPs in stencil code:      12047257600
Time spent in stencil code: 1.410691
Performance in GFlop/s:     8.539969
x_max: 200
[1;34m[pthread wrapper] 
[0m[1;34m[pthread wrapper] MAIN -> 0
[0m[1;34m[pthread wrapper] PIN_MASK: [0m[1;34m0->1  [0m[1;34m1->2  [0m[1;34m2->3  [0m[1;34m
[pthread wrapper] SKIP MASK: 0x0
[0m[1;34m	threadid 139791322449664 -> core 1 - OK[0m[1;34m
[0m[1;34m	threadid 139791314056960 -> core 2 - OK[0m[1;34m
[0m[1;34m	threadid 139791305664256 -> core 3 - OK[0m[1;34m
[0mFLOPs in stencil code:      12047257600
Time spent in stencil code: 1.415063
Performance in GFlop/s:     8.513584
x_max: 200
[1;34m[pthread wrapper] 
[0m[1;34m[pthread wrapper] MAIN -> 0
[0m[1;34m[pthread wrapper] PIN_MASK: [0m[1;34m0->1  [0m[1;34m1->2  [0m[1;34m2->3  [0m[1;34m
[pthread wrapper] SKIP MASK: 0x0
[0m[1;34m	threadid 140110633277184 -> core 1 - OK[0m[1;34m
[0m[1;34m	threadid 140110624884480 -> core 2 - OK[0m[1;34m
[0m[1;34m	threadid 140110616491776 -> core 3 - OK[0m[1;34m
[0mFLOPs in stencil code:      12047257600
Time spent in stencil code: 1.415105
Performance in GFlop/s:     8.513331
