x_max: 200
[1;34m[pthread wrapper] 
[0m[1;34m[pthread wrapper] MAIN -> 0
[0m[1;34m[pthread wrapper] PIN_MASK: [0m[1;34m0->1  [0m[1;34m1->2  [0m[1;34m2->3  [0m[1;34m3->4  [0m[1;34m4->5  [0m[1;34m
[pthread wrapper] SKIP MASK: 0x0
[0m[1;34m	threadid 139835334567680 -> core 1 - OK[0m[1;34m
[0m[1;34m	threadid 139835326174976 -> core 2 - OK[0m[1;34m
[0m[1;34m	threadid 139835317782272 -> core 3 - OK[0m[1;34m
[0m[1;34m	threadid 139835309389568 -> core 4 - OK[0m[1;34m
[0m[1;34m	threadid 139835300996864 -> core 5 - OK[0m[1;34m
[0mFLOPs in stencil code:      12047257600
Time spent in stencil code: 0.967034
Performance in GFlop/s:     12.457945
x_max: 200
[1;34m[pthread wrapper] 
[0m[1;34m[pthread wrapper] MAIN -> 0
[0m[1;34m[pthread wrapper] PIN_MASK: [0m[1;34m0->1  [0m[1;34m1->2  [0m[1;34m2->3  [0m[1;34m3->4  [0m[1;34m4->5  [0m[1;34m
[pthread wrapper] SKIP MASK: 0x0
[0m[1;34m	threadid 139974225065728 -> core 1 - OK[0m[1;34m
[0m[1;34m	threadid 139974216673024 -> core 2 - OK[0m[1;34m
[0m[1;34m	threadid 139974208280320 -> core 3 - OK[0m[1;34m
[0m[1;34m	threadid 139974199887616 -> core 4 - OK[0m[1;34m
[0m[1;34m	threadid 139974191494912 -> core 5 - OK[0m[1;34m
[0mFLOPs in stencil code:      12047257600
Time spent in stencil code: 0.966908
Performance in GFlop/s:     12.459570
x_max: 200
[1;34m[pthread wrapper] 
[0m[1;34m[pthread wrapper] MAIN -> 0
[0m[1;34m[pthread wrapper] PIN_MASK: [0m[1;34m0->1  [0m[1;34m1->2  [0m[1;34m2->3  [0m[1;34m3->4  [0m[1;34m4->5  [0m[1;34m
[pthread wrapper] SKIP MASK: 0x0
[0m[1;34m	threadid 140332420945664 -> core 1 - OK[0m[1;34m
[0m[1;34m	threadid 140332412552960 -> core 2 - OK[0m[1;34m
[0m[1;34m	threadid 140332404160256 -> core 3 - OK[0m[1;34m
[0m[1;34m	threadid 140332395767552 -> core 4 - OK[0m[1;34m
[0m[1;34m	threadid 140332387374848 -> core 5 - OK[0m[1;34m
[0mFLOPs in stencil code:      12047257600
Time spent in stencil code: 0.966496
Performance in GFlop/s:     12.464881
x_max: 200
[1;34m[pthread wrapper] 
[0m[1;34m[pthread wrapper] MAIN -> 0
[0m[1;34m[pthread wrapper] PIN_MASK: [0m[1;34m0->1  [0m[1;34m1->2  [0m[1;34m2->3  [0m[1;34m3->4  [0m[1;34m4->5  [0m[1;34m
[pthread wrapper] SKIP MASK: 0x0
[0m[1;34m	threadid 140280381273856 -> core 1 - OK[0m[1;34m
[0m[1;34m	threadid 140280372881152 -> core 2 - OK[0m[1;34m
[0m[1;34m	threadid 140280364488448 -> core 3 - OK[0m[1;34m
[0m[1;34m	threadid 140280356095744 -> core 4 - OK[0m[1;34m
[0m[1;34m	threadid 140280347703040 -> core 5 - OK[0m[1;34m
[0mFLOPs in stencil code:      12047257600
Time spent in stencil code: 0.968344
Performance in GFlop/s:     12.441093
x_max: 200
[1;34m[pthread wrapper] 
[0m[1;34m[pthread wrapper] MAIN -> 0
[0m[1;34m[pthread wrapper] PIN_MASK: [0m[1;34m0->1  [0m[1;34m1->2  [0m[1;34m2->3  [0m[1;34m3->4  [0m[1;34m4->5  [0m[1;34m
[pthread wrapper] SKIP MASK: 0x0
[0m[1;34m	threadid 140492686481152 -> core 1 - OK[0m[1;34m
[0m[1;34m	threadid 140492678088448 -> core 2 - OK[0m[1;34m
[0m[1;34m	threadid 140492669695744 -> core 3 - OK[0m[1;34m
[0m[1;34m	threadid 140492661303040 -> core 4 - OK[0m[1;34m
[0m[1;34m	threadid 140492652910336 -> core 5 - OK[0m[1;34m
[0mFLOPs in stencil code:      12047257600
Time spent in stencil code: 1.002597
Performance in GFlop/s:     12.016054
