x_max: 200
[1;34m[pthread wrapper] 
[0m[1;34m[pthread wrapper] MAIN -> 0
[0m[1;34m[pthread wrapper] PIN_MASK: [0m[1;34m0->6  [0m[1;34m
[pthread wrapper] SKIP MASK: 0x0
[0m[1;34m	threadid 140539880949504 -> core 6 - OK[0m[1;34m
[0mFLOPs in stencil code:      12047257600
Time spent in stencil code: 2.776297
Performance in GFlop/s:     4.339326
x_max: 200
[1;34m[pthread wrapper] 
[0m[1;34m[pthread wrapper] MAIN -> 0
[0m[1;34m[pthread wrapper] PIN_MASK: [0m[1;34m0->6  [0m[1;34m
[pthread wrapper] SKIP MASK: 0x0
[0m[1;34m	threadid 140514161530624 -> core 6 - OK[0m[1;34m
[0mFLOPs in stencil code:      12047257600
Time spent in stencil code: 2.656625
Performance in GFlop/s:     4.534798
x_max: 200
[1;34m[pthread wrapper] 
[0m[1;34m[pthread wrapper] MAIN -> 0
[0m[1;34m[pthread wrapper] PIN_MASK: [0m[1;34m0->6  [0m[1;34m
[pthread wrapper] SKIP MASK: 0x0
[0m[1;34m	threadid 140195797362432 -> core 6 - OK[0m[1;34m
[0mFLOPs in stencil code:      12047257600
Time spent in stencil code: 2.657181
Performance in GFlop/s:     4.533849
x_max: 200
[1;34m[pthread wrapper] 
[0m[1;34m[pthread wrapper] MAIN -> 0
[0m[1;34m[pthread wrapper] PIN_MASK: [0m[1;34m0->6  [0m[1;34m
[pthread wrapper] SKIP MASK: 0x0
[0m[1;34m	threadid 139942349154048 -> core 6 - OK[0m[1;34m
[0mFLOPs in stencil code:      12047257600
Time spent in stencil code: 2.777003
Performance in GFlop/s:     4.338223
x_max: 200
[1;34m[pthread wrapper] 
[0m[1;34m[pthread wrapper] MAIN -> 0
[0m[1;34m[pthread wrapper] PIN_MASK: [0m[1;34m0->6  [0m[1;34m
[pthread wrapper] SKIP MASK: 0x0
[0m[1;34m	threadid 140122906167040 -> core 6 - OK[0m[1;34m
[0mFLOPs in stencil code:      12047257600
Time spent in stencil code: 2.656537
Performance in GFlop/s:     4.534948
