x_max: 200
[1;34m[pthread wrapper] 
[0m[1;34m[pthread wrapper] MAIN -> 0
[0m[1;34m[pthread wrapper] PIN_MASK: [0m[1;34m0->1  [0m[1;34m1->2  [0m[1;34m2->3  [0m[1;34m3->6  [0m[1;34m4->7  [0m[1;34m5->8  [0m[1;34m6->9  [0m[1;34m
[pthread wrapper] SKIP MASK: 0x0
[0m[1;34m	threadid 140088513996544 -> core 1 - OK[0m[1;34m
[0m[1;34m	threadid 140088505603840 -> core 2 - OK[0m[1;34m
[0m[1;34m	threadid 140088497211136 -> core 3 - OK[0m[1;34m
[0m[1;34m	threadid 140088488818432 -> core 6 - OK[0m[1;34m
[0m[1;34m	threadid 140088480425728 -> core 7 - OK[0m[1;34m
[0m[1;34m	threadid 140088472033024 -> core 8 - OK[0m[1;34m
[0m[1;34m	threadid 140088463640320 -> core 9 - OK[0m[1;34m
[0mFLOPs in stencil code:      12047257600
Time spent in stencil code: 0.719705
Performance in GFlop/s:     16.739158
x_max: 200
[1;34m[pthread wrapper] 
[0m[1;34m[pthread wrapper] MAIN -> 0
[0m[1;34m[pthread wrapper] PIN_MASK: [0m[1;34m0->1  [0m[1;34m1->2  [0m[1;34m2->3  [0m[1;34m3->6  [0m[1;34m4->7  [0m[1;34m5->8  [0m[1;34m6->9  [0m[1;34m
[pthread wrapper] SKIP MASK: 0x0
[0m[1;34m	threadid 139722710177536 -> core 1 - OK[0m[1;34m
[0m[1;34m	threadid 139722701784832 -> core 2 - OK[0m[1;34m
[0m[1;34m	threadid 139722693392128 -> core 3 - OK[0m[1;34m
[0m[1;34m	threadid 139722684999424 -> core 6 - OK[0m[1;34m
[0m[1;34m	threadid 139722676606720 -> core 7 - OK[0m[1;34m
[0m[1;34m	threadid 139722668214016 -> core 8 - OK[0m[1;34m
[0m[1;34m	threadid 139722659821312 -> core 9 - OK[0m[1;34m
[0mFLOPs in stencil code:      12047257600
Time spent in stencil code: 0.723233
Performance in GFlop/s:     16.657506
x_max: 200
[1;34m[pthread wrapper] 
[0m[1;34m[pthread wrapper] MAIN -> 0
[0m[1;34m[pthread wrapper] PIN_MASK: [0m[1;34m0->1  [0m[1;34m1->2  [0m[1;34m2->3  [0m[1;34m3->6  [0m[1;34m4->7  [0m[1;34m5->8  [0m[1;34m6->9  [0m[1;34m
[pthread wrapper] SKIP MASK: 0x0
[0m[1;34m	threadid 140623222118144 -> core 1 - OK[0m[1;34m
[0m[1;34m	threadid 140623213725440 -> core 2 - OK[0m[1;34m
[0m[1;34m	threadid 140623205332736 -> core 3 - OK[0m[1;34m
[0m[1;34m	threadid 140623196940032 -> core 6 - OK[0m[1;34m
[0m[1;34m	threadid 140623188547328 -> core 7 - OK[0m[1;34m
[0m[1;34m	threadid 140623180154624 -> core 8 - OK[0m[1;34m
[0m[1;34m	threadid 140623171761920 -> core 9 - OK[0m[1;34m
[0mFLOPs in stencil code:      12047257600
Time spent in stencil code: 0.725228
Performance in GFlop/s:     16.611687
x_max: 200
[1;34m[pthread wrapper] 
[0m[1;34m[pthread wrapper] MAIN -> 0
[0m[1;34m[pthread wrapper] PIN_MASK: [0m[1;34m0->1  [0m[1;34m1->2  [0m[1;34m2->3  [0m[1;34m3->6  [0m[1;34m4->7  [0m[1;34m5->8  [0m[1;34m6->9  [0m[1;34m
[pthread wrapper] SKIP MASK: 0x0
[0m[1;34m	threadid 139669246326528 -> core 1 - OK[0m[1;34m
[0m[1;34m	threadid 139669237933824 -> core 2 - OK[0m[1;34m
[0m[1;34m	threadid 139669229541120 -> core 3 - OK[0m[1;34m
[0m[1;34m	threadid 139669221148416 -> core 6 - OK[0m[1;34m
[0m[1;34m	threadid 139669212755712 -> core 7 - OK[0m[1;34m
[0m[1;34m	threadid 139669204363008 -> core 8 - OK[0m[1;34m
[0m[1;34m	threadid 139669195970304 -> core 9 - OK[0m[1;34m
[0mFLOPs in stencil code:      12047257600
Time spent in stencil code: 0.722370
Performance in GFlop/s:     16.677402
x_max: 200
[1;34m[pthread wrapper] 
[0m[1;34m[pthread wrapper] MAIN -> 0
[0m[1;34m[pthread wrapper] PIN_MASK: [0m[1;34m0->1  [0m[1;34m1->2  [0m[1;34m2->3  [0m[1;34m3->6  [0m[1;34m4->7  [0m[1;34m5->8  [0m[1;34m6->9  [0m[1;34m
[pthread wrapper] SKIP MASK: 0x0
[0m[1;34m	threadid 140067056334592 -> core 1 - OK[0m[1;34m
[0m[1;34m	threadid 140067047941888 -> core 2 - OK[0m[1;34m
[0m[1;34m	threadid 140067039549184 -> core 3 - OK[0m[1;34m
[0m[1;34m	threadid 140067031156480 -> core 6 - OK[0m[1;34m
[0m[1;34m	threadid 140067022763776 -> core 7 - OK[0m[1;34m
[0m[1;34m	threadid 140067014371072 -> core 8 - OK[0m[1;34m
[0m[1;34m	threadid 140067005978368 -> core 9 - OK[0m[1;34m
[0mFLOPs in stencil code:      12047257600
Time spent in stencil code: 0.722741
Performance in GFlop/s:     16.668842
