x_max: 200
[1;34m[pthread wrapper] 
[0m[1;34m[pthread wrapper] MAIN -> 0
[0m[1;34m[pthread wrapper] PIN_MASK: [0m[1;34m0->1  [0m[1;34m1->2  [0m[1;34m2->3  [0m[1;34m3->4  [0m[1;34m4->5  [0m[1;34m5->12  [0m[1;34m6->13  [0m[1;34m7->14  [0m[1;34m8->15  [0m[1;34m9->16  [0m[1;34m10->17  [0m[1;34m11->6  [0m[1;34m12->7  [0m[1;34m13->8  [0m[1;34m14->9  [0m[1;34m
[pthread wrapper] SKIP MASK: 0x0
[0m[1;34m	threadid 139666322913024 -> core 1 - OK[0m[1;34m
[0m[1;34m	threadid 139666314520320 -> core 2 - OK[0m[1;34m
[0m[1;34m	threadid 139666306127616 -> core 3 - OK[0m[1;34m
[0m[1;34m	threadid 139666297734912 -> core 4 - OK[0m[1;34m
[0m[1;34m	threadid 139666289342208 -> core 5 - OK[0m[1;34m
[0m[1;34m	threadid 139666280949504 -> core 12 - OK[0m[1;34m
[0m[1;34m	threadid 139666272556800 -> core 13 - OK[0m[1;34m
[0m[1;34m	threadid 139666264164096 -> core 14 - OK[0m[1;34m
[0m[1;34m	threadid 139666255771392 -> core 15 - OK[0m[1;34m
[0m[1;34m	threadid 139666247378688 -> core 16 - OK[0m[1;34m
[0m[1;34m	threadid 139666238985984 -> core 17 - OK[0m[1;34m
[0m[1;34m	threadid 139666230593280 -> core 6 - OK[0m[1;34m
[0m[1;34m	threadid 139666222200576 -> core 7 - OK[0m[1;34m
[0m[1;34m	threadid 139666213807872 -> core 8 - OK[0m[1;34m
[0m[1;34m	threadid 139666205415168 -> core 9 - OK[0m[1;34m
[0mFLOPs in stencil code:      12047257600
Time spent in stencil code: 0.849212
Performance in GFlop/s:     14.186397
x_max: 200
[1;34m[pthread wrapper] 
[0m[1;34m[pthread wrapper] MAIN -> 0
[0m[1;34m[pthread wrapper] PIN_MASK: [0m[1;34m0->1  [0m[1;34m1->2  [0m[1;34m2->3  [0m[1;34m3->4  [0m[1;34m4->5  [0m[1;34m5->12  [0m[1;34m6->13  [0m[1;34m7->14  [0m[1;34m8->15  [0m[1;34m9->16  [0m[1;34m10->17  [0m[1;34m11->6  [0m[1;34m12->7  [0m[1;34m13->8  [0m[1;34m14->9  [0m[1;34m
[pthread wrapper] SKIP MASK: 0x0
[0m[1;34m	threadid 140033663174400 -> core 1 - OK[0m[1;34m
[0m[1;34m	threadid 140033654781696 -> core 2 - OK[0m[1;34m
[0m[1;34m	threadid 140033646388992 -> core 3 - OK[0m[1;34m
[0m[1;34m	threadid 140033637996288 -> core 4 - OK[0m[1;34m
[0m[1;34m	threadid 140033629603584 -> core 5 - OK[0m[1;34m
[0m[1;34m	threadid 140033621210880 -> core 12 - OK[0m[1;34m
[0m[1;34m	threadid 140033612818176 -> core 13 - OK[0m[1;34m
[0m[1;34m	threadid 140033604425472 -> core 14 - OK[0m[1;34m
[0m[1;34m	threadid 140033596032768 -> core 15 - OK[0m[1;34m
[0m[1;34m	threadid 140033587640064 -> core 16 - OK[0m[1;34m
[0m[1;34m	threadid 140033579247360 -> core 17 - OK[0m[1;34m
[0m[1;34m	threadid 140033570854656 -> core 6 - OK[0m[1;34m
[0m[1;34m	threadid 140033562461952 -> core 7 - OK[0m[1;34m
[0m[1;34m	threadid 140033554069248 -> core 8 - OK[0m[1;34m
[0m[1;34m	threadid 140033545676544 -> core 9 - OK[0m[1;34m
[0mFLOPs in stencil code:      12047257600
Time spent in stencil code: 0.842255
Performance in GFlop/s:     14.303573
x_max: 200
[1;34m[pthread wrapper] 
[0m[1;34m[pthread wrapper] MAIN -> 0
[0m[1;34m[pthread wrapper] PIN_MASK: [0m[1;34m0->1  [0m[1;34m1->2  [0m[1;34m2->3  [0m[1;34m3->4  [0m[1;34m4->5  [0m[1;34m5->12  [0m[1;34m6->13  [0m[1;34m7->14  [0m[1;34m8->15  [0m[1;34m9->16  [0m[1;34m10->17  [0m[1;34m11->6  [0m[1;34m12->7  [0m[1;34m13->8  [0m[1;34m14->9  [0m[1;34m
[pthread wrapper] SKIP MASK: 0x0
[0m[1;34m	threadid 139994532464384 -> core 1 - OK[0m[1;34m
[0m[1;34m	threadid 139994524071680 -> core 2 - OK[0m[1;34m
[0m[1;34m	threadid 139994515678976 -> core 3 - OK[0m[1;34m
[0m[1;34m	threadid 139994507286272 -> core 4 - OK[0m[1;34m
[0m[1;34m	threadid 139994498893568 -> core 5 - OK[0m[1;34m
[0m[1;34m	threadid 139994490500864 -> core 12 - OK[0m[1;34m
[0m[1;34m	threadid 139994482108160 -> core 13 - OK[0m[1;34m
[0m[1;34m	threadid 139994473715456 -> core 14 - OK[0m[1;34m
[0m[1;34m	threadid 139994465322752 -> core 15 - OK[0m[1;34m
[0m[1;34m	threadid 139994456930048 -> core 16 - OK[0m[1;34m
[0m[1;34m	threadid 139994448537344 -> core 17 - OK[0m[1;34m
[0m[1;34m	threadid 139994440144640 -> core 6 - OK[0m[1;34m
[0m[1;34m	threadid 139994431751936 -> core 7 - OK[0m[1;34m
[0m[1;34m	threadid 139994423359232 -> core 8 - OK[0m[1;34m
[0m[1;34m	threadid 139994414966528 -> core 9 - OK[0m[1;34m
[0mFLOPs in stencil code:      12047257600
Time spent in stencil code: 0.847116
Performance in GFlop/s:     14.221497
x_max: 200
[1;34m[pthread wrapper] 
[0m[1;34m[pthread wrapper] MAIN -> 0
[0m[1;34m[pthread wrapper] PIN_MASK: [0m[1;34m0->1  [0m[1;34m1->2  [0m[1;34m2->3  [0m[1;34m3->4  [0m[1;34m4->5  [0m[1;34m5->12  [0m[1;34m6->13  [0m[1;34m7->14  [0m[1;34m8->15  [0m[1;34m9->16  [0m[1;34m10->17  [0m[1;34m11->6  [0m[1;34m12->7  [0m[1;34m13->8  [0m[1;34m14->9  [0m[1;34m
[pthread wrapper] SKIP MASK: 0x0
[0m[1;34m	threadid 139621146752768 -> core 1 - OK[0m[1;34m
[0m[1;34m	threadid 139621138360064 -> core 2 - OK[0m[1;34m
[0m[1;34m	threadid 139621129967360 -> core 3 - OK[0m[1;34m
[0m[1;34m	threadid 139621121574656 -> core 4 - OK[0m[1;34m
[0m[1;34m	threadid 139621113181952 -> core 5 - OK[0m[1;34m
[0m[1;34m	threadid 139621104789248 -> core 12 - OK[0m[1;34m
[0m[1;34m	threadid 139621096396544 -> core 13 - OK[0m[1;34m
[0m[1;34m	threadid 139621088003840 -> core 14 - OK[0m[1;34m
[0m[1;34m	threadid 139621079611136 -> core 15 - OK[0m[1;34m
[0m[1;34m	threadid 139621071218432 -> core 16 - OK[0m[1;34m
[0m[1;34m	threadid 139621062825728 -> core 17 - OK[0m[1;34m
[0m[1;34m	threadid 139621054433024 -> core 6 - OK[0m[1;34m
[0m[1;34m	threadid 139621046040320 -> core 7 - OK[0m[1;34m
[0m[1;34m	threadid 139621037647616 -> core 8 - OK[0m[1;34m
[0m[1;34m	threadid 139621029254912 -> core 9 - OK[0m[1;34m
[0mFLOPs in stencil code:      12047257600
Time spent in stencil code: 0.838284
Performance in GFlop/s:     14.371332
x_max: 200
[1;34m[pthread wrapper] 
[0m[1;34m[pthread wrapper] MAIN -> 0
[0m[1;34m[pthread wrapper] PIN_MASK: [0m[1;34m0->1  [0m[1;34m1->2  [0m[1;34m2->3  [0m[1;34m3->4  [0m[1;34m4->5  [0m[1;34m5->12  [0m[1;34m6->13  [0m[1;34m7->14  [0m[1;34m8->15  [0m[1;34m9->16  [0m[1;34m10->17  [0m[1;34m11->6  [0m[1;34m12->7  [0m[1;34m13->8  [0m[1;34m14->9  [0m[1;34m
[pthread wrapper] SKIP MASK: 0x0
[0m[1;34m	threadid 139757785028352 -> core 1 - OK[0m[1;34m
[0m[1;34m	threadid 139757776635648 -> core 2 - OK[0m[1;34m
[0m[1;34m	threadid 139757768242944 -> core 3 - OK[0m[1;34m
[0m[1;34m	threadid 139757759850240 -> core 4 - OK[0m[1;34m
[0m[1;34m	threadid 139757751457536 -> core 5 - OK[0m[1;34m
[0m[1;34m	threadid 139757743064832 -> core 12 - OK[0m[1;34m
[0m[1;34m	threadid 139757734672128 -> core 13 - OK[0m[1;34m
[0m[1;34m	threadid 139757726279424 -> core 14 - OK[0m[1;34m
[0m[1;34m	threadid 139757717886720 -> core 15 - OK[0m[1;34m
[0m[1;34m	threadid 139757709494016 -> core 16 - OK[0m[1;34m
[0m[1;34m	threadid 139757701101312 -> core 17 - OK[0m[1;34m
[0m[1;34m	threadid 139757692708608 -> core 6 - OK[0m[1;34m
[0m[1;34m	threadid 139757684315904 -> core 7 - OK[0m[1;34m
[0m[1;34m	threadid 139757675923200 -> core 8 - OK[0m[1;34m
[0m[1;34m	threadid 139757667530496 -> core 9 - OK[0m[1;34m
[0mFLOPs in stencil code:      12047257600
Time spent in stencil code: 0.851040
Performance in GFlop/s:     14.155926
