x_max: 200
[1;34m[pthread wrapper] 
[0m[1;34m[pthread wrapper] MAIN -> 0
[0m[1;34m[pthread wrapper] PIN_MASK: [0m[1;34m0->1  [0m[1;34m1->2  [0m[1;34m2->3  [0m[1;34m3->4  [0m[1;34m4->5  [0m[1;34m5->6  [0m[1;34m6->7  [0m[1;34m
[pthread wrapper] SKIP MASK: 0x0
[0m[1;34m	threadid 139653564028672 -> core 1 - OK[0m[1;34m
[0m[1;34m	threadid 139653555635968 -> core 2 - OK[0m[1;34m
[0m[1;34m	threadid 139653547243264 -> core 3 - OK[0m[1;34m
[0m[1;34m	threadid 139653538850560 -> core 4 - OK[0m[1;34m
[0m[1;34m	threadid 139653530457856 -> core 5 - OK[0m[1;34m
[0m[1;34m	threadid 139653522065152 -> core 6 - OK[0m[1;34m
[0m[1;34m	threadid 139653513672448 -> core 7 - OK[0m[1;34m
[0mFLOPs in stencil code:      12047257600
Time spent in stencil code: 0.739601
Performance in GFlop/s:     16.288858
x_max: 200
[1;34m[pthread wrapper] 
[0m[1;34m[pthread wrapper] MAIN -> 0
[0m[1;34m[pthread wrapper] PIN_MASK: [0m[1;34m0->1  [0m[1;34m1->2  [0m[1;34m2->3  [0m[1;34m3->4  [0m[1;34m4->5  [0m[1;34m5->6  [0m[1;34m6->7  [0m[1;34m
[pthread wrapper] SKIP MASK: 0x0
[0m[1;34m	threadid 140539072395008 -> core 1 - OK[0m[1;34m
[0m[1;34m	threadid 140539064002304 -> core 2 - OK[0m[1;34m
[0m[1;34m	threadid 140539055609600 -> core 3 - OK[0m[1;34m
[0m[1;34m	threadid 140539047216896 -> core 4 - OK[0m[1;34m
[0m[1;34m	threadid 140539038824192 -> core 5 - OK[0m[1;34m
[0m[1;34m	threadid 140539030431488 -> core 6 - OK[0m[1;34m
[0m[1;34m	threadid 140539022038784 -> core 7 - OK[0m[1;34m
[0mFLOPs in stencil code:      12047257600
Time spent in stencil code: 0.734706
Performance in GFlop/s:     16.397387
x_max: 200
[1;34m[pthread wrapper] 
[0m[1;34m[pthread wrapper] MAIN -> 0
[0m[1;34m[pthread wrapper] PIN_MASK: [0m[1;34m0->1  [0m[1;34m1->2  [0m[1;34m2->3  [0m[1;34m3->4  [0m[1;34m4->5  [0m[1;34m5->6  [0m[1;34m6->7  [0m[1;34m
[pthread wrapper] SKIP MASK: 0x0
[0m[1;34m	threadid 140624127780608 -> core 1 - OK[0m[1;34m
[0m[1;34m	threadid 140624119387904 -> core 2 - OK[0m[1;34m
[0m[1;34m	threadid 140624110995200 -> core 3 - OK[0m[1;34m
[0m[1;34m	threadid 140624102602496 -> core 4 - OK[0m[1;34m
[0m[1;34m	threadid 140624094209792 -> core 5 - OK[0m[1;34m
[0m[1;34m	threadid 140624085817088 -> core 6 - OK[0m[1;34m
[0m[1;34m	threadid 140624077424384 -> core 7 - OK[0m[1;34m
[0mFLOPs in stencil code:      12047257600
Time spent in stencil code: 0.732791
Performance in GFlop/s:     16.440238
x_max: 200
[1;34m[pthread wrapper] 
[0m[1;34m[pthread wrapper] MAIN -> 0
[0m[1;34m[pthread wrapper] PIN_MASK: [0m[1;34m0->1  [0m[1;34m1->2  [0m[1;34m2->3  [0m[1;34m3->4  [0m[1;34m4->5  [0m[1;34m5->6  [0m[1;34m6->7  [0m[1;34m
[pthread wrapper] SKIP MASK: 0x0
[0m[1;34m	threadid 140504995374848 -> core 1 - OK[0m[1;34m
[0m[1;34m	threadid 140504986982144 -> core 2 - OK[0m[1;34m
[0m[1;34m	threadid 140504978589440 -> core 3 - OK[0m[1;34m
[0m[1;34m	threadid 140504970196736 -> core 4 - OK[0m[1;34m
[0m[1;34m	threadid 140504961804032 -> core 5 - OK[0m[1;34m
[0m[1;34m	threadid 140504953411328 -> core 6 - OK[0m[1;34m
[0m[1;34m	threadid 140504945018624 -> core 7 - OK[0m[1;34m
[0mFLOPs in stencil code:      12047257600
Time spent in stencil code: 0.730866
Performance in GFlop/s:     16.483534
x_max: 200
[1;34m[pthread wrapper] 
[0m[1;34m[pthread wrapper] MAIN -> 0
[0m[1;34m[pthread wrapper] PIN_MASK: [0m[1;34m0->1  [0m[1;34m1->2  [0m[1;34m2->3  [0m[1;34m3->4  [0m[1;34m4->5  [0m[1;34m5->6  [0m[1;34m6->7  [0m[1;34m
[pthread wrapper] SKIP MASK: 0x0
[0m[1;34m	threadid 140536465450752 -> core 1 - OK[0m[1;34m
[0m[1;34m	threadid 140536457058048 -> core 2 - OK[0m[1;34m
[0m[1;34m	threadid 140536448665344 -> core 3 - OK[0m[1;34m
[0m[1;34m	threadid 140536440272640 -> core 4 - OK[0m[1;34m
[0m[1;34m	threadid 140536431879936 -> core 5 - OK[0m[1;34m
[0m[1;34m	threadid 140536423487232 -> core 6 - OK[0m[1;34m
[0m[1;34m	threadid 140536415094528 -> core 7 - OK[0m[1;34m
[0mFLOPs in stencil code:      12047257600
Time spent in stencil code: 0.737961
Performance in GFlop/s:     16.325064
