x_max: 200
[1;34m[pthread wrapper] 
[0m[1;34m[pthread wrapper] MAIN -> 0
[0m[1;34m[pthread wrapper] PIN_MASK: [0m[1;34m0->1  [0m[1;34m1->2  [0m[1;34m2->3  [0m[1;34m3->4  [0m[1;34m4->5  [0m[1;34m5->6  [0m[1;34m6->7  [0m[1;34m7->8  [0m[1;34m8->9  [0m[1;34m9->10  [0m[1;34m10->11  [0m[1;34m
[pthread wrapper] SKIP MASK: 0x0
[0m[1;34m	threadid 140047110424320 -> core 1 - OK[0m[1;34m
[0m[1;34m	threadid 140047102031616 -> core 2 - OK[0m[1;34m
[0m[1;34m	threadid 140047093638912 -> core 3 - OK[0m[1;34m
[0m[1;34m	threadid 140047085246208 -> core 4 - OK[0m[1;34m
[0m[1;34m	threadid 140047076853504 -> core 5 - OK[0m[1;34m
[0m[1;34m	threadid 140047068460800 -> core 6 - OK[0m[1;34m
[0m[1;34m	threadid 140047060068096 -> core 7 - OK[0m[1;34m
[0m[1;34m	threadid 140047051675392 -> core 8 - OK[0m[1;34m
[0m[1;34m	threadid 140047043282688 -> core 9 - OK[0m[1;34m
[0m[1;34m	threadid 140047034889984 -> core 10 - OK[0m[1;34m
[0m[1;34m	threadid 140047026497280 -> core 11 - OK[0m[1;34m
[0mFLOPs in stencil code:      12047257600
Time spent in stencil code: 0.505244
Performance in GFlop/s:     23.844445
x_max: 200
[1;34m[pthread wrapper] 
[0m[1;34m[pthread wrapper] MAIN -> 0
[0m[1;34m[pthread wrapper] PIN_MASK: [0m[1;34m0->1  [0m[1;34m1->2  [0m[1;34m2->3  [0m[1;34m3->4  [0m[1;34m4->5  [0m[1;34m5->6  [0m[1;34m6->7  [0m[1;34m7->8  [0m[1;34m8->9  [0m[1;34m9->10  [0m[1;34m10->11  [0m[1;34m
[pthread wrapper] SKIP MASK: 0x0
[0m[1;34m	threadid 139679722153728 -> core 1 - OK[0m[1;34m
[0m[1;34m	threadid 139679713761024 -> core 2 - OK[0m[1;34m
[0m[1;34m	threadid 139679705368320 -> core 3 - OK[0m[1;34m
[0m[1;34m	threadid 139679696975616 -> core 4 - OK[0m[1;34m
[0m[1;34m	threadid 139679688582912 -> core 5 - OK[0m[1;34m
[0m[1;34m	threadid 139679680190208 -> core 6 - OK[0m[1;34m
[0m[1;34m	threadid 139679671797504 -> core 7 - OK[0m[1;34m
[0m[1;34m	threadid 139679663404800 -> core 8 - OK[0m[1;34m
[0m[1;34m	threadid 139679655012096 -> core 9 - OK[0m[1;34m
[0m[1;34m	threadid 139679646619392 -> core 10 - OK[0m[1;34m
[0m[1;34m	threadid 139679638226688 -> core 11 - OK[0m[1;34m
[0mFLOPs in stencil code:      12047257600
Time spent in stencil code: 0.505922
Performance in GFlop/s:     23.812488
x_max: 200
[1;34m[pthread wrapper] 
[0m[1;34m[pthread wrapper] MAIN -> 0
[0m[1;34m[pthread wrapper] PIN_MASK: [0m[1;34m0->1  [0m[1;34m1->2  [0m[1;34m2->3  [0m[1;34m3->4  [0m[1;34m4->5  [0m[1;34m5->6  [0m[1;34m6->7  [0m[1;34m7->8  [0m[1;34m8->9  [0m[1;34m9->10  [0m[1;34m10->11  [0m[1;34m
[pthread wrapper] SKIP MASK: 0x0
[0m[1;34m	threadid 140109940852480 -> core 1 - OK[0m[1;34m
[0m[1;34m	threadid 140109932459776 -> core 2 - OK[0m[1;34m
[0m[1;34m	threadid 140109924067072 -> core 3 - OK[0m[1;34m
[0m[1;34m	threadid 140109915674368 -> core 4 - OK[0m[1;34m
[0m[1;34m	threadid 140109907281664 -> core 5 - OK[0m[1;34m
[0m[1;34m	threadid 140109898888960 -> core 6 - OK[0m[1;34m
[0m[1;34m	threadid 140109890496256 -> core 7 - OK[0m[1;34m
[0m[1;34m	threadid 140109882103552 -> core 8 - OK[0m[1;34m
[0m[1;34m	threadid 140109873710848 -> core 9 - OK[0m[1;34m
[0m[1;34m	threadid 140109865318144 -> core 10 - OK[0m[1;34m
[0m[1;34m	threadid 140109856925440 -> core 11 - OK[0m[1;34m
[0mFLOPs in stencil code:      12047257600
Time spent in stencil code: 0.506165
Performance in GFlop/s:     23.801047
x_max: 200
[1;34m[pthread wrapper] 
[0m[1;34m[pthread wrapper] MAIN -> 0
[0m[1;34m[pthread wrapper] PIN_MASK: [0m[1;34m0->1  [0m[1;34m1->2  [0m[1;34m2->3  [0m[1;34m3->4  [0m[1;34m4->5  [0m[1;34m5->6  [0m[1;34m6->7  [0m[1;34m7->8  [0m[1;34m8->9  [0m[1;34m9->10  [0m[1;34m10->11  [0m[1;34m
[pthread wrapper] SKIP MASK: 0x0
[0m[1;34m	threadid 140221128259328 -> core 1 - OK[0m[1;34m
[0m[1;34m	threadid 140221119866624 -> core 2 - OK[0m[1;34m
[0m[1;34m	threadid 140221111473920 -> core 3 - OK[0m[1;34m
[0m[1;34m	threadid 140221103081216 -> core 4 - OK[0m[1;34m
[0m[1;34m	threadid 140221094688512 -> core 5 - OK[0m[1;34m
[0m[1;34m	threadid 140221086295808 -> core 6 - OK[0m[1;34m
[0m[1;34m	threadid 140221077903104 -> core 7 - OK[0m[1;34m
[0m[1;34m	threadid 140221069510400 -> core 8 - OK[0m[1;34m
[0m[1;34m	threadid 140221061117696 -> core 9 - OK[0m[1;34m
[0m[1;34m	threadid 140221052724992 -> core 10 - OK[0m[1;34m
[0m[1;34m	threadid 140221044332288 -> core 11 - OK[0m[1;34m
[0mFLOPs in stencil code:      12047257600
Time spent in stencil code: 0.506081
Performance in GFlop/s:     23.805005
x_max: 200
[1;34m[pthread wrapper] 
[0m[1;34m[pthread wrapper] MAIN -> 0
[0m[1;34m[pthread wrapper] PIN_MASK: [0m[1;34m0->1  [0m[1;34m1->2  [0m[1;34m2->3  [0m[1;34m3->4  [0m[1;34m4->5  [0m[1;34m5->6  [0m[1;34m6->7  [0m[1;34m7->8  [0m[1;34m8->9  [0m[1;34m9->10  [0m[1;34m10->11  [0m[1;34m
[pthread wrapper] SKIP MASK: 0x0
[0m[1;34m	threadid 139626725676800 -> core 1 - OK[0m[1;34m
[0m[1;34m	threadid 139626717284096 -> core 2 - OK[0m[1;34m
[0m[1;34m	threadid 139626708891392 -> core 3 - OK[0m[1;34m
[0m[1;34m	threadid 139626700498688 -> core 4 - OK[0m[1;34m
[0m[1;34m	threadid 139626692105984 -> core 5 - OK[0m[1;34m
[0m[1;34m	threadid 139626683713280 -> core 6 - OK[0m[1;34m
[0m[1;34m	threadid 139626675320576 -> core 7 - OK[0m[1;34m
[0m[1;34m	threadid 139626666927872 -> core 8 - OK[0m[1;34m
[0m[1;34m	threadid 139626658535168 -> core 9 - OK[0m[1;34m
[0m[1;34m	threadid 139626650142464 -> core 10 - OK[0m[1;34m
[0m[1;34m	threadid 139626641749760 -> core 11 - OK[0m[1;34m
[0mFLOPs in stencil code:      12047257600
Time spent in stencil code: 0.506501
Performance in GFlop/s:     23.785261
