x_max: 200
[1;34m[pthread wrapper] 
[0m[1;34m[pthread wrapper] MAIN -> 0
[0m[1;34m[pthread wrapper] PIN_MASK: [0m[1;34m0->1  [0m[1;34m1->2  [0m[1;34m2->3  [0m[1;34m3->4  [0m[1;34m4->5  [0m[1;34m5->6  [0m[1;34m6->7  [0m[1;34m7->8  [0m[1;34m8->9  [0m[1;34m9->10  [0m[1;34m10->11  [0m[1;34m11->12  [0m[1;34m12->13  [0m[1;34m13->14  [0m[1;34m14->15  [0m[1;34m
[pthread wrapper] SKIP MASK: 0x0
[0m[1;34m	threadid 140204926859008 -> core 1 - OK[0m[1;34m
[0m[1;34m	threadid 140204918466304 -> core 2 - OK[0m[1;34m
[0m[1;34m	threadid 140204910073600 -> core 3 - OK[0m[1;34m
[0m[1;34m	threadid 140204901680896 -> core 4 - OK[0m[1;34m
[0m[1;34m	threadid 140204893288192 -> core 5 - OK[0m[1;34m
[0m[1;34m	threadid 140204884895488 -> core 6 - OK[0m[1;34m
[0m[1;34m	threadid 140204876502784 -> core 7 - OK[0m[1;34m
[0m[1;34m	threadid 140204868110080 -> core 8 - OK[0m[1;34m
[0m[1;34m	threadid 140204859717376 -> core 9 - OK[0m[1;34m
[0m[1;34m	threadid 140204851324672 -> core 10 - OK[0m[1;34m
[0m[1;34m	threadid 140204842931968 -> core 11 - OK[0m[1;34m
[0m[1;34m	threadid 140204834539264 -> core 12 - OK[0m[1;34m
[0m[1;34m	threadid 140204826146560 -> core 13 - OK[0m[1;34m
[0m[1;34m	threadid 140204817753856 -> core 14 - OK[0m[1;34m
[0m[1;34m	threadid 140204809361152 -> core 15 - OK[0m[1;34m
[0mFLOPs in stencil code:      12047257600
Time spent in stencil code: 0.780794
Performance in GFlop/s:     15.429497
x_max: 200
[1;34m[pthread wrapper] 
[0m[1;34m[pthread wrapper] MAIN -> 0
[0m[1;34m[pthread wrapper] PIN_MASK: [0m[1;34m0->1  [0m[1;34m1->2  [0m[1;34m2->3  [0m[1;34m3->4  [0m[1;34m4->5  [0m[1;34m5->6  [0m[1;34m6->7  [0m[1;34m7->8  [0m[1;34m8->9  [0m[1;34m9->10  [0m[1;34m10->11  [0m[1;34m11->12  [0m[1;34m12->13  [0m[1;34m13->14  [0m[1;34m14->15  [0m[1;34m
[pthread wrapper] SKIP MASK: 0x0
[0m[1;34m	threadid 140074836326144 -> core 1 - OK[0m[1;34m
[0m[1;34m	threadid 140074827933440 -> core 2 - OK[0m[1;34m
[0m[1;34m	threadid 140074819540736 -> core 3 - OK[0m[1;34m
[0m[1;34m	threadid 140074811148032 -> core 4 - OK[0m[1;34m
[0m[1;34m	threadid 140074802755328 -> core 5 - OK[0m[1;34m
[0m[1;34m	threadid 140074794362624 -> core 6 - OK[0m[1;34m
[0m[1;34m	threadid 140074785969920 -> core 7 - OK[0m[1;34m
[0m[1;34m	threadid 140074777577216 -> core 8 - OK[0m[1;34m
[0m[1;34m	threadid 140074769184512 -> core 9 - OK[0m[1;34m
[0m[1;34m	threadid 140074760791808 -> core 10 - OK[0m[1;34m
[0m[1;34m	threadid 140074752399104 -> core 11 - OK[0m[1;34m
[0m[1;34m	threadid 140074744006400 -> core 12 - OK[0m[1;34m
[0m[1;34m	threadid 140074735613696 -> core 13 - OK[0m[1;34m
[0m[1;34m	threadid 140074727220992 -> core 14 - OK[0m[1;34m
[0m[1;34m	threadid 140074718828288 -> core 15 - OK[0m[1;34m
[0mFLOPs in stencil code:      12047257600
Time spent in stencil code: 0.780449
Performance in GFlop/s:     15.436313
x_max: 200
[1;34m[pthread wrapper] 
[0m[1;34m[pthread wrapper] MAIN -> 0
[0m[1;34m[pthread wrapper] PIN_MASK: [0m[1;34m0->1  [0m[1;34m1->2  [0m[1;34m2->3  [0m[1;34m3->4  [0m[1;34m4->5  [0m[1;34m5->6  [0m[1;34m6->7  [0m[1;34m7->8  [0m[1;34m8->9  [0m[1;34m9->10  [0m[1;34m10->11  [0m[1;34m11->12  [0m[1;34m12->13  [0m[1;34m13->14  [0m[1;34m14->15  [0m[1;34m
[pthread wrapper] SKIP MASK: 0x0
[0m[1;34m	threadid 139726716192512 -> core 1 - OK[0m[1;34m
[0m[1;34m	threadid 139726707799808 -> core 2 - OK[0m[1;34m
[0m[1;34m	threadid 139726699407104 -> core 3 - OK[0m[1;34m
[0m[1;34m	threadid 139726691014400 -> core 4 - OK[0m[1;34m
[0m[1;34m	threadid 139726682621696 -> core 5 - OK[0m[1;34m
[0m[1;34m	threadid 139726674228992 -> core 6 - OK[0m[1;34m
[0m[1;34m	threadid 139726665836288 -> core 7 - OK[0m[1;34m
[0m[1;34m	threadid 139726657443584 -> core 8 - OK[0m[1;34m
[0m[1;34m	threadid 139726649050880 -> core 9 - OK[0m[1;34m
[0m[1;34m	threadid 139726640658176 -> core 10 - OK[0m[1;34m
[0m[1;34m	threadid 139726632265472 -> core 11 - OK[0m[1;34m
[0m[1;34m	threadid 139726623872768 -> core 12 - OK[0m[1;34m
[0m[1;34m	threadid 139726615480064 -> core 13 - OK[0m[1;34m
[0m[1;34m	threadid 139726607087360 -> core 14 - OK[0m[1;34m
[0m[1;34m	threadid 139726598694656 -> core 15 - OK[0m[1;34m
[0mFLOPs in stencil code:      12047257600
Time spent in stencil code: 0.782516
Performance in GFlop/s:     15.395542
x_max: 200
[1;34m[pthread wrapper] 
[0m[1;34m[pthread wrapper] MAIN -> 0
[0m[1;34m[pthread wrapper] PIN_MASK: [0m[1;34m0->1  [0m[1;34m1->2  [0m[1;34m2->3  [0m[1;34m3->4  [0m[1;34m4->5  [0m[1;34m5->6  [0m[1;34m6->7  [0m[1;34m7->8  [0m[1;34m8->9  [0m[1;34m9->10  [0m[1;34m10->11  [0m[1;34m11->12  [0m[1;34m12->13  [0m[1;34m13->14  [0m[1;34m14->15  [0m[1;34m
[pthread wrapper] SKIP MASK: 0x0
[0m[1;34m	threadid 140644734940928 -> core 1 - OK[0m[1;34m
[0m[1;34m	threadid 140644726548224 -> core 2 - OK[0m[1;34m
[0m[1;34m	threadid 140644718155520 -> core 3 - OK[0m[1;34m
[0m[1;34m	threadid 140644709762816 -> core 4 - OK[0m[1;34m
[0m[1;34m	threadid 140644701370112 -> core 5 - OK[0m[1;34m
[0m[1;34m	threadid 140644692977408 -> core 6 - OK[0m[1;34m
[0m[1;34m	threadid 140644684584704 -> core 7 - OK[0m[1;34m
[0m[1;34m	threadid 140644676192000 -> core 8 - OK[0m[1;34m
[0m[1;34m	threadid 140644667799296 -> core 9 - OK[0m[1;34m
[0m[1;34m	threadid 140644659406592 -> core 10 - OK[0m[1;34m
[0m[1;34m	threadid 140644651013888 -> core 11 - OK[0m[1;34m
[0m[1;34m	threadid 140644642621184 -> core 12 - OK[0m[1;34m
[0m[1;34m	threadid 140644634228480 -> core 13 - OK[0m[1;34m
[0m[1;34m	threadid 140644625835776 -> core 14 - OK[0m[1;34m
[0m[1;34m	threadid 140644617443072 -> core 15 - OK[0m[1;34m
[0mFLOPs in stencil code:      12047257600
Time spent in stencil code: 0.775913
Performance in GFlop/s:     15.526557
x_max: 200
[1;34m[pthread wrapper] 
[0m[1;34m[pthread wrapper] MAIN -> 0
[0m[1;34m[pthread wrapper] PIN_MASK: [0m[1;34m0->1  [0m[1;34m1->2  [0m[1;34m2->3  [0m[1;34m3->4  [0m[1;34m4->5  [0m[1;34m5->6  [0m[1;34m6->7  [0m[1;34m7->8  [0m[1;34m8->9  [0m[1;34m9->10  [0m[1;34m10->11  [0m[1;34m11->12  [0m[1;34m12->13  [0m[1;34m13->14  [0m[1;34m14->15  [0m[1;34m
[pthread wrapper] SKIP MASK: 0x0
[0m[1;34m	threadid 140658383034112 -> core 1 - OK[0m[1;34m
[0m[1;34m	threadid 140658374641408 -> core 2 - OK[0m[1;34m
[0m[1;34m	threadid 140658366248704 -> core 3 - OK[0m[1;34m
[0m[1;34m	threadid 140658357856000 -> core 4 - OK[0m[1;34m
[0m[1;34m	threadid 140658349463296 -> core 5 - OK[0m[1;34m
[0m[1;34m	threadid 140658341070592 -> core 6 - OK[0m[1;34m
[0m[1;34m	threadid 140658332677888 -> core 7 - OK[0m[1;34m
[0m[1;34m	threadid 140658324285184 -> core 8 - OK[0m[1;34m
[0m[1;34m	threadid 140658315892480 -> core 9 - OK[0m[1;34m
[0m[1;34m	threadid 140658307499776 -> core 10 - OK[0m[1;34m
[0m[1;34m	threadid 140658299107072 -> core 11 - OK[0m[1;34m
[0m[1;34m	threadid 140658290714368 -> core 12 - OK[0m[1;34m
[0m[1;34m	threadid 140658282321664 -> core 13 - OK[0m[1;34m
[0m[1;34m	threadid 140658273928960 -> core 14 - OK[0m[1;34m
[0m[1;34m	threadid 140658265536256 -> core 15 - OK[0m[1;34m
[0mFLOPs in stencil code:      12047257600
Time spent in stencil code: 0.780459
Performance in GFlop/s:     15.436115
