x_max: 200
[1;34m[pthread wrapper] 
[0m[1;34m[pthread wrapper] MAIN -> 0
[0m[1;34m[pthread wrapper] PIN_MASK: [0m[1;34m0->1  [0m[1;34m1->2  [0m[1;34m2->6  [0m[1;34m3->7  [0m[1;34m4->8  [0m[1;34m
[pthread wrapper] SKIP MASK: 0x0
[0m[1;34m	threadid 140217530341120 -> core 1 - OK[0m[1;34m
[0m[1;34m	threadid 140217521948416 -> core 2 - OK[0m[1;34m
[0m[1;34m	threadid 140217513555712 -> core 6 - OK[0m[1;34m
[0m[1;34m	threadid 140217505163008 -> core 7 - OK[0m[1;34m
[0m[1;34m	threadid 140217496770304 -> core 8 - OK[0m[1;34m
[0mFLOPs in stencil code:      12047257600
Time spent in stencil code: 0.944254
Performance in GFlop/s:     12.758494
x_max: 200
[1;34m[pthread wrapper] 
[0m[1;34m[pthread wrapper] MAIN -> 0
[0m[1;34m[pthread wrapper] PIN_MASK: [0m[1;34m0->1  [0m[1;34m1->2  [0m[1;34m2->6  [0m[1;34m3->7  [0m[1;34m4->8  [0m[1;34m
[pthread wrapper] SKIP MASK: 0x0
[0m[1;34m	threadid 140348962490112 -> core 1 - OK[0m[1;34m
[0m[1;34m	threadid 140348954097408 -> core 2 - OK[0m[1;34m
[0m[1;34m	threadid 140348945704704 -> core 6 - OK[0m[1;34m
[0m[1;34m	threadid 140348937312000 -> core 7 - OK[0m[1;34m
[0m[1;34m	threadid 140348928919296 -> core 8 - OK[0m[1;34m
[0mFLOPs in stencil code:      12047257600
Time spent in stencil code: 0.947132
Performance in GFlop/s:     12.719722
x_max: 200
[1;34m[pthread wrapper] 
[0m[1;34m[pthread wrapper] MAIN -> 0
[0m[1;34m[pthread wrapper] PIN_MASK: [0m[1;34m0->1  [0m[1;34m1->2  [0m[1;34m2->6  [0m[1;34m3->7  [0m[1;34m4->8  [0m[1;34m
[pthread wrapper] SKIP MASK: 0x0
[0m[1;34m	threadid 140000962066176 -> core 1 - OK[0m[1;34m
[0m[1;34m	threadid 140000953673472 -> core 2 - OK[0m[1;34m
[0m[1;34m	threadid 140000945280768 -> core 6 - OK[0m[1;34m
[0m[1;34m	threadid 140000936888064 -> core 7 - OK[0m[1;34m
[0m[1;34m	threadid 140000928495360 -> core 8 - OK[0m[1;34m
[0mFLOPs in stencil code:      12047257600
Time spent in stencil code: 0.948793
Performance in GFlop/s:     12.697454
x_max: 200
[1;34m[pthread wrapper] 
[0m[1;34m[pthread wrapper] MAIN -> 0
[0m[1;34m[pthread wrapper] PIN_MASK: [0m[1;34m0->1  [0m[1;34m1->2  [0m[1;34m2->6  [0m[1;34m3->7  [0m[1;34m4->8  [0m[1;34m
[pthread wrapper] SKIP MASK: 0x0
[0m[1;34m	threadid 140424732149504 -> core 1 - OK[0m[1;34m
[0m[1;34m	threadid 140424723756800 -> core 2 - OK[0m[1;34m
[0m[1;34m	threadid 140424715364096 -> core 6 - OK[0m[1;34m
[0m[1;34m	threadid 140424706971392 -> core 7 - OK[0m[1;34m
[0m[1;34m	threadid 140424698578688 -> core 8 - OK[0m[1;34m
[0mFLOPs in stencil code:      12047257600
Time spent in stencil code: 0.943965
Performance in GFlop/s:     12.762399
x_max: 200
[1;34m[pthread wrapper] 
[0m[1;34m[pthread wrapper] MAIN -> 0
[0m[1;34m[pthread wrapper] PIN_MASK: [0m[1;34m0->1  [0m[1;34m1->2  [0m[1;34m2->6  [0m[1;34m3->7  [0m[1;34m4->8  [0m[1;34m
[pthread wrapper] SKIP MASK: 0x0
[0m[1;34m	threadid 140090945922816 -> core 1 - OK[0m[1;34m
[0m[1;34m	threadid 140090937530112 -> core 2 - OK[0m[1;34m
[0m[1;34m	threadid 140090929137408 -> core 6 - OK[0m[1;34m
[0m[1;34m	threadid 140090920744704 -> core 7 - OK[0m[1;34m
[0m[1;34m	threadid 140090912352000 -> core 8 - OK[0m[1;34m
[0mFLOPs in stencil code:      12047257600
Time spent in stencil code: 0.950702
Performance in GFlop/s:     12.671961
