x_max: 200
FLOPs in stencil code:      12047257600
Time spent in stencil code: 5.057229
Performance in GFlop/s:     2.382185
[1;34m[likwid-pin] Main PID -> core 0 - OK[0m
x_max: 200
FLOPs in stencil code:      12047257600
Time spent in stencil code: 5.080674
Performance in GFlop/s:     2.371193
[1;34m[likwid-pin] Main PID -> core 0 - OK[0m
x_max: 200
FLOPs in stencil code:      12047257600
Time spent in stencil code: 5.056228
Performance in GFlop/s:     2.382657
[1;34m[likwid-pin] Main PID -> core 0 - OK[0m
x_max: 200
FLOPs in stencil code:      12047257600
Time spent in stencil code: 5.058744
Performance in GFlop/s:     2.381472
[1;34m[likwid-pin] Main PID -> core 0 - OK[0m
x_max: 200
FLOPs in stencil code:      12047257600
Time spent in stencil code: 5.056473
Performance in GFlop/s:     2.382542
[1;34m[likwid-pin] Main PID -> core 0 - OK[0m
