x_max: 200
[1;34m[pthread wrapper] 
[0m[1;34m[pthread wrapper] MAIN -> 0
[0m[1;34m[pthread wrapper] PIN_MASK: [0m[1;34m0->1  [0m[1;34m1->2  [0m[1;34m2->3  [0m[1;34m3->4  [0m[1;34m4->5  [0m[1;34m5->12  [0m[1;34m6->13  [0m[1;34m7->14  [0m[1;34m8->15  [0m[1;34m9->16  [0m[1;34m10->17  [0m[1;34m11->6  [0m[1;34m12->7  [0m[1;34m13->8  [0m[1;34m14->9  [0m[1;34m15->10  [0m[1;34m16->11  [0m[1;34m17->18  [0m[1;34m18->19  [0m[1;34m19->20  [0m[1;34m20->21  [0m[1;34m21->22  [0m[1;34m22->23  [0m[1;34m
[pthread wrapper] SKIP MASK: 0x0
[0m[1;34m	threadid 140634047035136 -> core 1 - OK[0m[1;34m
[0m[1;34m	threadid 140634038642432 -> core 2 - OK[0m[1;34m
[0m[1;34m	threadid 140634030249728 -> core 3 - OK[0m[1;34m
[0m[1;34m	threadid 140634021857024 -> core 4 - OK[0m[1;34m
[0m[1;34m	threadid 140634013464320 -> core 5 - OK[0m[1;34m
[0m[1;34m	threadid 140634005071616 -> core 12 - OK[0m[1;34m
[0m[1;34m	threadid 140633996678912 -> core 13 - OK[0m[1;34m
[0m[1;34m	threadid 140633988286208 -> core 14 - OK[0m[1;34m
[0m[1;34m	threadid 140633979893504 -> core 15 - OK[0m[1;34m
[0m[1;34m	threadid 140633971500800 -> core 16 - OK[0m[1;34m
[0m[1;34m	threadid 140633963108096 -> core 17 - OK[0m[1;34m
[0m[1;34m	threadid 140633954715392 -> core 6 - OK[0m[1;34m
[0m[1;34m	threadid 140633946322688 -> core 7 - OK[0m[1;34m
[0m[1;34m	threadid 140633937929984 -> core 8 - OK[0m[1;34m
[0m[1;34m	threadid 140633929537280 -> core 9 - OK[0m[1;34m
[0m[1;34m	threadid 140633921144576 -> core 10 - OK[0m[1;34m
[0m[1;34m	threadid 140633912751872 -> core 11 - OK[0m[1;34m
[0m[1;34m	threadid 140633904359168 -> core 18 - OK[0m[1;34m
[0m[1;34m	threadid 140633895966464 -> core 19 - OK[0m[1;34m
[0m[1;34m	threadid 140633887573760 -> core 20 - OK[0m[1;34m
[0m[1;34m	threadid 140633879181056 -> core 21 - OK[0m[1;34m
[0m[1;34m	threadid 140633870788352 -> core 22 - OK[0m[1;34m
[0m[1;34m	threadid 140633862395648 -> core 23 - OK[0m[1;34m
[0mFLOPs in stencil code:      12047257600
Time spent in stencil code: 0.592403
Performance in GFlop/s:     20.336256
x_max: 200
[1;34m[pthread wrapper] 
[0m[1;34m[pthread wrapper] MAIN -> 0
[0m[1;34m[pthread wrapper] PIN_MASK: [0m[1;34m0->1  [0m[1;34m1->2  [0m[1;34m2->3  [0m[1;34m3->4  [0m[1;34m4->5  [0m[1;34m5->12  [0m[1;34m6->13  [0m[1;34m7->14  [0m[1;34m8->15  [0m[1;34m9->16  [0m[1;34m10->17  [0m[1;34m11->6  [0m[1;34m12->7  [0m[1;34m13->8  [0m[1;34m14->9  [0m[1;34m15->10  [0m[1;34m16->11  [0m[1;34m17->18  [0m[1;34m18->19  [0m[1;34m19->20  [0m[1;34m20->21  [0m[1;34m21->22  [0m[1;34m22->23  [0m[1;34m
[pthread wrapper] SKIP MASK: 0x0
[0m[1;34m	threadid 140187173668608 -> core 1 - OK[0m[1;34m
[0m[1;34m	threadid 140187165275904 -> core 2 - OK[0m[1;34m
[0m[1;34m	threadid 140187156883200 -> core 3 - OK[0m[1;34m
[0m[1;34m	threadid 140187148490496 -> core 4 - OK[0m[1;34m
[0m[1;34m	threadid 140187140097792 -> core 5 - OK[0m[1;34m
[0m[1;34m	threadid 140187131705088 -> core 12 - OK[0m[1;34m
[0m[1;34m	threadid 140187123312384 -> core 13 - OK[0m[1;34m
[0m[1;34m	threadid 140187114919680 -> core 14 - OK[0m[1;34m
[0m[1;34m	threadid 140187106526976 -> core 15 - OK[0m[1;34m
[0m[1;34m	threadid 140187098134272 -> core 16 - OK[0m[1;34m
[0m[1;34m	threadid 140187089741568 -> core 17 - OK[0m[1;34m
[0m[1;34m	threadid 140187081348864 -> core 6 - OK[0m[1;34m
[0m[1;34m	threadid 140187072956160 -> core 7 - OK[0m[1;34m
[0m[1;34m	threadid 140187064563456 -> core 8 - OK[0m[1;34m
[0m[1;34m	threadid 140187056170752 -> core 9 - OK[0m[1;34m
[0m[1;34m	threadid 140187047778048 -> core 10 - OK[0m[1;34m
[0m[1;34m	threadid 140187039385344 -> core 11 - OK[0m[1;34m
[0m[1;34m	threadid 140187030992640 -> core 18 - OK[0m[1;34m
[0m[1;34m	threadid 140187022599936 -> core 19 - OK[0m[1;34m
[0m[1;34m	threadid 140187014207232 -> core 20 - OK[0m[1;34m
[0m[1;34m	threadid 140187005814528 -> core 21 - OK[0m[1;34m
[0m[1;34m	threadid 140186997421824 -> core 22 - OK[0m[1;34m
[0m[1;34m	threadid 140186989029120 -> core 23 - OK[0m[1;34m
[0mFLOPs in stencil code:      12047257600
Time spent in stencil code: 0.592457
Performance in GFlop/s:     20.334398
x_max: 200
[1;34m[pthread wrapper] 
[0m[1;34m[pthread wrapper] MAIN -> 0
[0m[1;34m[pthread wrapper] PIN_MASK: [0m[1;34m0->1  [0m[1;34m1->2  [0m[1;34m2->3  [0m[1;34m3->4  [0m[1;34m4->5  [0m[1;34m5->12  [0m[1;34m6->13  [0m[1;34m7->14  [0m[1;34m8->15  [0m[1;34m9->16  [0m[1;34m10->17  [0m[1;34m11->6  [0m[1;34m12->7  [0m[1;34m13->8  [0m[1;34m14->9  [0m[1;34m15->10  [0m[1;34m16->11  [0m[1;34m17->18  [0m[1;34m18->19  [0m[1;34m19->20  [0m[1;34m20->21  [0m[1;34m21->22  [0m[1;34m22->23  [0m[1;34m
[pthread wrapper] SKIP MASK: 0x0
[0m[1;34m	threadid 139901699503872 -> core 1 - OK[0m[1;34m
[0m[1;34m	threadid 139901691111168 -> core 2 - OK[0m[1;34m
[0m[1;34m	threadid 139901682718464 -> core 3 - OK[0m[1;34m
[0m[1;34m	threadid 139901674325760 -> core 4 - OK[0m[1;34m
[0m[1;34m	threadid 139901665933056 -> core 5 - OK[0m[1;34m
[0m[1;34m	threadid 139901657540352 -> core 12 - OK[0m[1;34m
[0m[1;34m	threadid 139901649147648 -> core 13 - OK[0m[1;34m
[0m[1;34m	threadid 139901640754944 -> core 14 - OK[0m[1;34m
[0m[1;34m	threadid 139901632362240 -> core 15 - OK[0m[1;34m
[0m[1;34m	threadid 139901623969536 -> core 16 - OK[0m[1;34m
[0m[1;34m	threadid 139901615576832 -> core 17 - OK[0m[1;34m
[0m[1;34m	threadid 139901607184128 -> core 6 - OK[0m[1;34m
[0m[1;34m	threadid 139901598791424 -> core 7 - OK[0m[1;34m
[0m[1;34m	threadid 139901590398720 -> core 8 - OK[0m[1;34m
[0m[1;34m	threadid 139901582006016 -> core 9 - OK[0m[1;34m
[0m[1;34m	threadid 139901573613312 -> core 10 - OK[0m[1;34m
[0m[1;34m	threadid 139901565220608 -> core 11 - OK[0m[1;34m
[0m[1;34m	threadid 139901556827904 -> core 18 - OK[0m[1;34m
[0m[1;34m	threadid 139901548435200 -> core 19 - OK[0m[1;34m
[0m[1;34m	threadid 139901540042496 -> core 20 - OK[0m[1;34m
[0m[1;34m	threadid 139901531649792 -> core 21 - OK[0m[1;34m
[0m[1;34m	threadid 139901523257088 -> core 22 - OK[0m[1;34m
[0m[1;34m	threadid 139901514864384 -> core 23 - OK[0m[1;34m
[0mFLOPs in stencil code:      12047257600
Time spent in stencil code: 0.599298
Performance in GFlop/s:     20.102282
x_max: 200
[1;34m[pthread wrapper] 
[0m[1;34m[pthread wrapper] MAIN -> 0
[0m[1;34m[pthread wrapper] PIN_MASK: [0m[1;34m0->1  [0m[1;34m1->2  [0m[1;34m2->3  [0m[1;34m3->4  [0m[1;34m4->5  [0m[1;34m5->12  [0m[1;34m6->13  [0m[1;34m7->14  [0m[1;34m8->15  [0m[1;34m9->16  [0m[1;34m10->17  [0m[1;34m11->6  [0m[1;34m12->7  [0m[1;34m13->8  [0m[1;34m14->9  [0m[1;34m15->10  [0m[1;34m16->11  [0m[1;34m17->18  [0m[1;34m18->19  [0m[1;34m19->20  [0m[1;34m20->21  [0m[1;34m21->22  [0m[1;34m22->23  [0m[1;34m
[pthread wrapper] SKIP MASK: 0x0
[0m[1;34m	threadid 140439534114560 -> core 1 - OK[0m[1;34m
[0m[1;34m	threadid 140439525721856 -> core 2 - OK[0m[1;34m
[0m[1;34m	threadid 140439517329152 -> core 3 - OK[0m[1;34m
[0m[1;34m	threadid 140439508936448 -> core 4 - OK[0m[1;34m
[0m[1;34m	threadid 140439500543744 -> core 5 - OK[0m[1;34m
[0m[1;34m	threadid 140439492151040 -> core 12 - OK[0m[1;34m
[0m[1;34m	threadid 140439483758336 -> core 13 - OK[0m[1;34m
[0m[1;34m	threadid 140439475365632 -> core 14 - OK[0m[1;34m
[0m[1;34m	threadid 140439466972928 -> core 15 - OK[0m[1;34m
[0m[1;34m	threadid 140439458580224 -> core 16 - OK[0m[1;34m
[0m[1;34m	threadid 140439450187520 -> core 17 - OK[0m[1;34m
[0m[1;34m	threadid 140439441794816 -> core 6 - OK[0m[1;34m
[0m[1;34m	threadid 140439433402112 -> core 7 - OK[0m[1;34m
[0m[1;34m	threadid 140439425009408 -> core 8 - OK[0m[1;34m
[0m[1;34m	threadid 140439416616704 -> core 9 - OK[0m[1;34m
[0m[1;34m	threadid 140439408224000 -> core 10 - OK[0m[1;34m
[0m[1;34m	threadid 140439399831296 -> core 11 - OK[0m[1;34m
[0m[1;34m	threadid 140439391438592 -> core 18 - OK[0m[1;34m
[0m[1;34m	threadid 140439383045888 -> core 19 - OK[0m[1;34m
[0m[1;34m	threadid 140439374653184 -> core 20 - OK[0m[1;34m
[0m[1;34m	threadid 140439366260480 -> core 21 - OK[0m[1;34m
[0m[1;34m	threadid 140439357867776 -> core 22 - OK[0m[1;34m
[0m[1;34m	threadid 140439349475072 -> core 23 - OK[0m[1;34m
[0mFLOPs in stencil code:      12047257600
Time spent in stencil code: 0.601344
Performance in GFlop/s:     20.033883
x_max: 200
[1;34m[pthread wrapper] 
[0m[1;34m[pthread wrapper] MAIN -> 0
[0m[1;34m[pthread wrapper] PIN_MASK: [0m[1;34m0->1  [0m[1;34m1->2  [0m[1;34m2->3  [0m[1;34m3->4  [0m[1;34m4->5  [0m[1;34m5->12  [0m[1;34m6->13  [0m[1;34m7->14  [0m[1;34m8->15  [0m[1;34m9->16  [0m[1;34m10->17  [0m[1;34m11->6  [0m[1;34m12->7  [0m[1;34m13->8  [0m[1;34m14->9  [0m[1;34m15->10  [0m[1;34m16->11  [0m[1;34m17->18  [0m[1;34m18->19  [0m[1;34m19->20  [0m[1;34m20->21  [0m[1;34m21->22  [0m[1;34m22->23  [0m[1;34m
[pthread wrapper] SKIP MASK: 0x0
[0m[1;34m	threadid 139627751507712 -> core 1 - OK[0m[1;34m
[0m[1;34m	threadid 139627743115008 -> core 2 - OK[0m[1;34m
[0m[1;34m	threadid 139627734722304 -> core 3 - OK[0m[1;34m
[0m[1;34m	threadid 139627726329600 -> core 4 - OK[0m[1;34m
[0m[1;34m	threadid 139627717936896 -> core 5 - OK[0m[1;34m
[0m[1;34m	threadid 139627709544192 -> core 12 - OK[0m[1;34m
[0m[1;34m	threadid 139627701151488 -> core 13 - OK[0m[1;34m
[0m[1;34m	threadid 139627692758784 -> core 14 - OK[0m[1;34m
[0m[1;34m	threadid 139627684366080 -> core 15 - OK[0m[1;34m
[0m[1;34m	threadid 139627675973376 -> core 16 - OK[0m[1;34m
[0m[1;34m	threadid 139627667580672 -> core 17 - OK[0m[1;34m
[0m[1;34m	threadid 139627659187968 -> core 6 - OK[0m[1;34m
[0m[1;34m	threadid 139627650795264 -> core 7 - OK[0m[1;34m
[0m[1;34m	threadid 139627642402560 -> core 8 - OK[0m[1;34m
[0m[1;34m	threadid 139627634009856 -> core 9 - OK[0m[1;34m
[0m[1;34m	threadid 139627625617152 -> core 10 - OK[0m[1;34m
[0m[1;34m	threadid 139627617224448 -> core 11 - OK[0m[1;34m
[0m[1;34m	threadid 139627608831744 -> core 18 - OK[0m[1;34m
[0m[1;34m	threadid 139627600439040 -> core 19 - OK[0m[1;34m
[0m[1;34m	threadid 139627592046336 -> core 20 - OK[0m[1;34m
[0m[1;34m	threadid 139627583653632 -> core 21 - OK[0m[1;34m
[0m[1;34m	threadid 139627575260928 -> core 22 - OK[0m[1;34m
[0m[1;34m	threadid 139627566868224 -> core 23 - OK[0m[1;34m
[0mFLOPs in stencil code:      12047257600
Time spent in stencil code: 0.593664
Performance in GFlop/s:     20.293060
