x_max: 200
FLOPs in stencil code:      12047257600
Time spent in stencil code: 5.047389
Performance in GFlop/s:     2.386830
[1;34m[likwid-pin] Main PID -> core 0 - OK[0m
x_max: 200
FLOPs in stencil code:      12047257600
Time spent in stencil code: 5.046021
Performance in GFlop/s:     2.387477
[1;34m[likwid-pin] Main PID -> core 0 - OK[0m
x_max: 200
FLOPs in stencil code:      12047257600
Time spent in stencil code: 5.045946
Performance in GFlop/s:     2.387512
[1;34m[likwid-pin] Main PID -> core 0 - OK[0m
x_max: 200
FLOPs in stencil code:      12047257600
Time spent in stencil code: 5.046844
Performance in GFlop/s:     2.387087
[1;34m[likwid-pin] Main PID -> core 0 - OK[0m
x_max: 200
FLOPs in stencil code:      12047257600
Time spent in stencil code: 5.044963
Performance in GFlop/s:     2.387977
[1;34m[likwid-pin] Main PID -> core 0 - OK[0m
