x_max: 200
[1;34m[pthread wrapper] 
[0m[1;34m[pthread wrapper] MAIN -> 0
[0m[1;34m[pthread wrapper] PIN_MASK: [0m[1;34m0->1  [0m[1;34m1->2  [0m[1;34m2->3  [0m[1;34m
[pthread wrapper] SKIP MASK: 0x0
[0m[1;34m	threadid 140350295320320 -> core 1 - OK[0m[1;34m
[0m[1;34m	threadid 140350286927616 -> core 2 - OK[0m[1;34m
[0m[1;34m	threadid 140350278534912 -> core 3 - OK[0m[1;34m
[0mFLOPs in stencil code:      12047257600
Time spent in stencil code: 1.415576
Performance in GFlop/s:     8.510499
x_max: 200
[1;34m[pthread wrapper] 
[0m[1;34m[pthread wrapper] MAIN -> 0
[0m[1;34m[pthread wrapper] PIN_MASK: [0m[1;34m0->1  [0m[1;34m1->2  [0m[1;34m2->3  [0m[1;34m
[pthread wrapper] SKIP MASK: 0x0
[0m[1;34m	threadid 140713926600448 -> core 1 - OK[0m[1;34m
[0m[1;34m	threadid 140713918207744 -> core 2 - OK[0m[1;34m
[0m[1;34m	threadid 140713909815040 -> core 3 - OK[0m[1;34m
[0mFLOPs in stencil code:      12047257600
Time spent in stencil code: 1.413168
Performance in GFlop/s:     8.524999
x_max: 200
[1;34m[pthread wrapper] 
[0m[1;34m[pthread wrapper] MAIN -> 0
[0m[1;34m[pthread wrapper] PIN_MASK: [0m[1;34m0->1  [0m[1;34m1->2  [0m[1;34m2->3  [0m[1;34m
[pthread wrapper] SKIP MASK: 0x0
[0m[1;34m	threadid 140399545931520 -> core 1 - OK[0m[1;34m
[0m[1;34m	threadid 140399537538816 -> core 2 - OK[0m[1;34m
[0m[1;34m	threadid 140399529146112 -> core 3 - OK[0m[1;34m
[0mFLOPs in stencil code:      12047257600
Time spent in stencil code: 1.413379
Performance in GFlop/s:     8.523728
x_max: 200
[1;34m[pthread wrapper] 
[0m[1;34m[pthread wrapper] MAIN -> 0
[0m[1;34m[pthread wrapper] PIN_MASK: [0m[1;34m0->1  [0m[1;34m1->2  [0m[1;34m2->3  [0m[1;34m
[pthread wrapper] SKIP MASK: 0x0
[0m[1;34m	threadid 140406685697792 -> core 1 - OK[0m[1;34m
[0m[1;34m	threadid 140406677305088 -> core 2 - OK[0m[1;34m
[0m[1;34m	threadid 140406668912384 -> core 3 - OK[0m[1;34m
[0mFLOPs in stencil code:      12047257600
Time spent in stencil code: 1.415076
Performance in GFlop/s:     8.513506
x_max: 200
[1;34m[pthread wrapper] 
[0m[1;34m[pthread wrapper] MAIN -> 0
[0m[1;34m[pthread wrapper] PIN_MASK: [0m[1;34m0->1  [0m[1;34m1->2  [0m[1;34m2->3  [0m[1;34m
[pthread wrapper] SKIP MASK: 0x0
[0m[1;34m	threadid 139729849784064 -> core 1 - OK[0m[1;34m
[0m[1;34m	threadid 139729841391360 -> core 2 - OK[0m[1;34m
[0m[1;34m	threadid 139729832998656 -> core 3 - OK[0m[1;34m
[0mFLOPs in stencil code:      12047257600
Time spent in stencil code: 1.413305
Performance in GFlop/s:     8.524174
