x_max: 200
[1;34m[pthread wrapper] 
[0m[1;34m[pthread wrapper] MAIN -> 0
[0m[1;34m[pthread wrapper] PIN_MASK: [0m[1;34m0->1  [0m[1;34m1->6  [0m[1;34m2->7  [0m[1;34m
[pthread wrapper] SKIP MASK: 0x0
[0m[1;34m	threadid 139875332531968 -> core 1 - OK[0m[1;34m
[0m[1;34m	threadid 139875324139264 -> core 6 - OK[0m[1;34m
[0m[1;34m	threadid 139875315746560 -> core 7 - OK[0m[1;34m
[0mFLOPs in stencil code:      12047257600
Time spent in stencil code: 1.429470
Performance in GFlop/s:     8.427780
x_max: 200
[1;34m[pthread wrapper] 
[0m[1;34m[pthread wrapper] MAIN -> 0
[0m[1;34m[pthread wrapper] PIN_MASK: [0m[1;34m0->1  [0m[1;34m1->6  [0m[1;34m2->7  [0m[1;34m
[pthread wrapper] SKIP MASK: 0x0
[0m[1;34m	threadid 140428792112896 -> core 1 - OK[0m[1;34m
[0m[1;34m	threadid 140428783720192 -> core 6 - OK[0m[1;34m
[0m[1;34m	threadid 140428775327488 -> core 7 - OK[0m[1;34m
[0mFLOPs in stencil code:      12047257600
Time spent in stencil code: 1.436181
Performance in GFlop/s:     8.388397
x_max: 200
[1;34m[pthread wrapper] 
[0m[1;34m[pthread wrapper] MAIN -> 0
[0m[1;34m[pthread wrapper] PIN_MASK: [0m[1;34m0->1  [0m[1;34m1->6  [0m[1;34m2->7  [0m[1;34m
[pthread wrapper] SKIP MASK: 0x0
[0m[1;34m	threadid 139917319743232 -> core 1 - OK[0m[1;34m
[0m[1;34m	threadid 139917311350528 -> core 6 - OK[0m[1;34m
[0m[1;34m	threadid 139917302957824 -> core 7 - OK[0m[1;34m
[0mFLOPs in stencil code:      12047257600
Time spent in stencil code: 1.420820
Performance in GFlop/s:     8.479088
x_max: 200
[1;34m[pthread wrapper] 
[0m[1;34m[pthread wrapper] MAIN -> 0
[0m[1;34m[pthread wrapper] PIN_MASK: [0m[1;34m0->1  [0m[1;34m1->6  [0m[1;34m2->7  [0m[1;34m
[pthread wrapper] SKIP MASK: 0x0
[0m[1;34m	threadid 139930635589376 -> core 1 - OK[0m[1;34m
[0m[1;34m	threadid 139930627196672 -> core 6 - OK[0m[1;34m
[0m[1;34m	threadid 139930618803968 -> core 7 - OK[0m[1;34m
[0mFLOPs in stencil code:      12047257600
Time spent in stencil code: 1.424766
Performance in GFlop/s:     8.455604
x_max: 200
[1;34m[pthread wrapper] 
[0m[1;34m[pthread wrapper] MAIN -> 0
[0m[1;34m[pthread wrapper] PIN_MASK: [0m[1;34m0->1  [0m[1;34m1->6  [0m[1;34m2->7  [0m[1;34m
[pthread wrapper] SKIP MASK: 0x0
[0m[1;34m	threadid 140021310842624 -> core 1 - OK[0m[1;34m
[0m[1;34m	threadid 140021302449920 -> core 6 - OK[0m[1;34m
[0m[1;34m	threadid 140021294057216 -> core 7 - OK[0m[1;34m
[0mFLOPs in stencil code:      12047257600
Time spent in stencil code: 1.424608
Performance in GFlop/s:     8.456542
