x_max: 200
[1;34m[pthread wrapper] 
[0m[1;34m[pthread wrapper] MAIN -> 0
[0m[1;34m[pthread wrapper] PIN_MASK: [0m[1;34m0->1  [0m[1;34m1->2  [0m[1;34m2->3  [0m[1;34m3->4  [0m[1;34m4->5  [0m[1;34m5->6  [0m[1;34m6->7  [0m[1;34m7->8  [0m[1;34m8->9  [0m[1;34m9->10  [0m[1;34m10->11  [0m[1;34m11->12  [0m[1;34m12->13  [0m[1;34m13->14  [0m[1;34m14->15  [0m[1;34m15->16  [0m[1;34m16->17  [0m[1;34m17->18  [0m[1;34m18->19  [0m[1;34m19->20  [0m[1;34m20->21  [0m[1;34m21->22  [0m[1;34m22->23  [0m[1;34m
[pthread wrapper] SKIP MASK: 0x0
[0m[1;34m	threadid 140494798284544 -> core 1 - OK[0m[1;34m
[0m[1;34m	threadid 140494789891840 -> core 2 - OK[0m[1;34m
[0m[1;34m	threadid 140494781499136 -> core 3 - OK[0m[1;34m
[0m[1;34m	threadid 140494773106432 -> core 4 - OK[0m[1;34m
[0m[1;34m	threadid 140494764713728 -> core 5 - OK[0m[1;34m
[0m[1;34m	threadid 140494756321024 -> core 6 - OK[0m[1;34m
[0m[1;34m	threadid 140494747928320 -> core 7 - OK[0m[1;34m
[0m[1;34m	threadid 140494739535616 -> core 8 - OK[0m[1;34m
[0m[1;34m	threadid 140494731142912 -> core 9 - OK[0m[1;34m
[0m[1;34m	threadid 140494722750208 -> core 10 - OK[0m[1;34m
[0m[1;34m	threadid 140494714357504 -> core 11 - OK[0m[1;34m
[0m[1;34m	threadid 140494705964800 -> core 12 - OK[0m[1;34m
[0m[1;34m	threadid 140494697572096 -> core 13 - OK[0m[1;34m
[0m[1;34m	threadid 140494689179392 -> core 14 - OK[0m[1;34m
[0m[1;34m	threadid 140494680786688 -> core 15 - OK[0m[1;34m
[0m[1;34m	threadid 140494672393984 -> core 16 - OK[0m[1;34m
[0m[1;34m	threadid 140494664001280 -> core 17 - OK[0m[1;34m
[0m[1;34m	threadid 140494655608576 -> core 18 - OK[0m[1;34m
[0m[1;34m	threadid 140494647215872 -> core 19 - OK[0m[1;34m
[0m[1;34m	threadid 140494638823168 -> core 20 - OK[0m[1;34m
[0m[1;34m	threadid 140494630430464 -> core 21 - OK[0m[1;34m
[0m[1;34m	threadid 140494622037760 -> core 22 - OK[0m[1;34m
[0m[1;34m	threadid 140494613645056 -> core 23 - OK[0m[1;34m
[0mFLOPs in stencil code:      12047257600
Time spent in stencil code: 0.605493
Performance in GFlop/s:     19.896615
x_max: 200
[1;34m[pthread wrapper] 
[0m[1;34m[pthread wrapper] MAIN -> 0
[0m[1;34m[pthread wrapper] PIN_MASK: [0m[1;34m0->1  [0m[1;34m1->2  [0m[1;34m2->3  [0m[1;34m3->4  [0m[1;34m4->5  [0m[1;34m5->6  [0m[1;34m6->7  [0m[1;34m7->8  [0m[1;34m8->9  [0m[1;34m9->10  [0m[1;34m10->11  [0m[1;34m11->12  [0m[1;34m12->13  [0m[1;34m13->14  [0m[1;34m14->15  [0m[1;34m15->16  [0m[1;34m16->17  [0m[1;34m17->18  [0m[1;34m18->19  [0m[1;34m19->20  [0m[1;34m20->21  [0m[1;34m21->22  [0m[1;34m22->23  [0m[1;34m
[pthread wrapper] SKIP MASK: 0x0
[0m[1;34m	threadid 140008321058560 -> core 1 - OK[0m[1;34m
[0m[1;34m	threadid 140008312665856 -> core 2 - OK[0m[1;34m
[0m[1;34m	threadid 140008304273152 -> core 3 - OK[0m[1;34m
[0m[1;34m	threadid 140008295880448 -> core 4 - OK[0m[1;34m
[0m[1;34m	threadid 140008287487744 -> core 5 - OK[0m[1;34m
[0m[1;34m	threadid 140008279095040 -> core 6 - OK[0m[1;34m
[0m[1;34m	threadid 140008270702336 -> core 7 - OK[0m[1;34m
[0m[1;34m	threadid 140008262309632 -> core 8 - OK[0m[1;34m
[0m[1;34m	threadid 140008253916928 -> core 9 - OK[0m[1;34m
[0m[1;34m	threadid 140008245524224 -> core 10 - OK[0m[1;34m
[0m[1;34m	threadid 140008237131520 -> core 11 - OK[0m[1;34m
[0m[1;34m	threadid 140008228738816 -> core 12 - OK[0m[1;34m
[0m[1;34m	threadid 140008220346112 -> core 13 - OK[0m[1;34m
[0m[1;34m	threadid 140008211953408 -> core 14 - OK[0m[1;34m
[0m[1;34m	threadid 140008203560704 -> core 15 - OK[0m[1;34m
[0m[1;34m	threadid 140008195168000 -> core 16 - OK[0m[1;34m
[0m[1;34m	threadid 140008186775296 -> core 17 - OK[0m[1;34m
[0m[1;34m	threadid 140008178382592 -> core 18 - OK[0m[1;34m
[0m[1;34m	threadid 140008169989888 -> core 19 - OK[0m[1;34m
[0m[1;34m	threadid 140008161597184 -> core 20 - OK[0m[1;34m
[0m[1;34m	threadid 140008153204480 -> core 21 - OK[0m[1;34m
[0m[1;34m	threadid 140008144811776 -> core 22 - OK[0m[1;34m
[0m[1;34m	threadid 140008136419072 -> core 23 - OK[0m[1;34m
[0mFLOPs in stencil code:      12047257600
Time spent in stencil code: 0.612726
Performance in GFlop/s:     19.661730
x_max: 200
[1;34m[pthread wrapper] 
[0m[1;34m[pthread wrapper] MAIN -> 0
[0m[1;34m[pthread wrapper] PIN_MASK: [0m[1;34m0->1  [0m[1;34m1->2  [0m[1;34m2->3  [0m[1;34m3->4  [0m[1;34m4->5  [0m[1;34m5->6  [0m[1;34m6->7  [0m[1;34m7->8  [0m[1;34m8->9  [0m[1;34m9->10  [0m[1;34m10->11  [0m[1;34m11->12  [0m[1;34m12->13  [0m[1;34m13->14  [0m[1;34m14->15  [0m[1;34m15->16  [0m[1;34m16->17  [0m[1;34m17->18  [0m[1;34m18->19  [0m[1;34m19->20  [0m[1;34m20->21  [0m[1;34m21->22  [0m[1;34m22->23  [0m[1;34m
[pthread wrapper] SKIP MASK: 0x0
[0m[1;34m	threadid 140457331934976 -> core 1 - OK[0m[1;34m
[0m[1;34m	threadid 140457323542272 -> core 2 - OK[0m[1;34m
[0m[1;34m	threadid 140457315149568 -> core 3 - OK[0m[1;34m
[0m[1;34m	threadid 140457306756864 -> core 4 - OK[0m[1;34m
[0m[1;34m	threadid 140457298364160 -> core 5 - OK[0m[1;34m
[0m[1;34m	threadid 140457289971456 -> core 6 - OK[0m[1;34m
[0m[1;34m	threadid 140457281578752 -> core 7 - OK[0m[1;34m
[0m[1;34m	threadid 140457273186048 -> core 8 - OK[0m[1;34m
[0m[1;34m	threadid 140457264793344 -> core 9 - OK[0m[1;34m
[0m[1;34m	threadid 140457256400640 -> core 10 - OK[0m[1;34m
[0m[1;34m	threadid 140457248007936 -> core 11 - OK[0m[1;34m
[0m[1;34m	threadid 140457239615232 -> core 12 - OK[0m[1;34m
[0m[1;34m	threadid 140457231222528 -> core 13 - OK[0m[1;34m
[0m[1;34m	threadid 140457222829824 -> core 14 - OK[0m[1;34m
[0m[1;34m	threadid 140457214437120 -> core 15 - OK[0m[1;34m
[0m[1;34m	threadid 140457206044416 -> core 16 - OK[0m[1;34m
[0m[1;34m	threadid 140457197651712 -> core 17 - OK[0m[1;34m
[0m[1;34m	threadid 140457189259008 -> core 18 - OK[0m[1;34m
[0m[1;34m	threadid 140457180866304 -> core 19 - OK[0m[1;34m
[0m[1;34m	threadid 140457172473600 -> core 20 - OK[0m[1;34m
[0m[1;34m	threadid 140457164080896 -> core 21 - OK[0m[1;34m
[0m[1;34m	threadid 140457155688192 -> core 22 - OK[0m[1;34m
[0m[1;34m	threadid 140457147295488 -> core 23 - OK[0m[1;34m
[0mFLOPs in stencil code:      12047257600
Time spent in stencil code: 0.606701
Performance in GFlop/s:     19.856997
x_max: 200
[1;34m[pthread wrapper] 
[0m[1;34m[pthread wrapper] MAIN -> 0
[0m[1;34m[pthread wrapper] PIN_MASK: [0m[1;34m0->1  [0m[1;34m1->2  [0m[1;34m2->3  [0m[1;34m3->4  [0m[1;34m4->5  [0m[1;34m5->6  [0m[1;34m6->7  [0m[1;34m7->8  [0m[1;34m8->9  [0m[1;34m9->10  [0m[1;34m10->11  [0m[1;34m11->12  [0m[1;34m12->13  [0m[1;34m13->14  [0m[1;34m14->15  [0m[1;34m15->16  [0m[1;34m16->17  [0m[1;34m17->18  [0m[1;34m18->19  [0m[1;34m19->20  [0m[1;34m20->21  [0m[1;34m21->22  [0m[1;34m22->23  [0m[1;34m
[pthread wrapper] SKIP MASK: 0x0
[0m[1;34m	threadid 139875957663488 -> core 1 - OK[0m[1;34m
[0m[1;34m	threadid 139875949270784 -> core 2 - OK[0m[1;34m
[0m[1;34m	threadid 139875940878080 -> core 3 - OK[0m[1;34m
[0m[1;34m	threadid 139875932485376 -> core 4 - OK[0m[1;34m
[0m[1;34m	threadid 139875924092672 -> core 5 - OK[0m[1;34m
[0m[1;34m	threadid 139875915699968 -> core 6 - OK[0m[1;34m
[0m[1;34m	threadid 139875907307264 -> core 7 - OK[0m[1;34m
[0m[1;34m	threadid 139875898914560 -> core 8 - OK[0m[1;34m
[0m[1;34m	threadid 139875890521856 -> core 9 - OK[0m[1;34m
[0m[1;34m	threadid 139875882129152 -> core 10 - OK[0m[1;34m
[0m[1;34m	threadid 139875873736448 -> core 11 - OK[0m[1;34m
[0m[1;34m	threadid 139875865343744 -> core 12 - OK[0m[1;34m
[0m[1;34m	threadid 139875856951040 -> core 13 - OK[0m[1;34m
[0m[1;34m	threadid 139875848558336 -> core 14 - OK[0m[1;34m
[0m[1;34m	threadid 139875840165632 -> core 15 - OK[0m[1;34m
[0m[1;34m	threadid 139875831772928 -> core 16 - OK[0m[1;34m
[0m[1;34m	threadid 139875823380224 -> core 17 - OK[0m[1;34m
[0m[1;34m	threadid 139875814987520 -> core 18 - OK[0m[1;34m
[0m[1;34m	threadid 139875806594816 -> core 19 - OK[0m[1;34m
[0m[1;34m	threadid 139875798202112 -> core 20 - OK[0m[1;34m
[0m[1;34m	threadid 139875789809408 -> core 21 - OK[0m[1;34m
[0m[1;34m	threadid 139875781416704 -> core 22 - OK[0m[1;34m
[0m[1;34m	threadid 139875773024000 -> core 23 - OK[0m[1;34m
[0mFLOPs in stencil code:      12047257600
Time spent in stencil code: 0.612429
Performance in GFlop/s:     19.671275
x_max: 200
[1;34m[pthread wrapper] 
[0m[1;34m[pthread wrapper] MAIN -> 0
[0m[1;34m[pthread wrapper] PIN_MASK: [0m[1;34m0->1  [0m[1;34m1->2  [0m[1;34m2->3  [0m[1;34m3->4  [0m[1;34m4->5  [0m[1;34m5->6  [0m[1;34m6->7  [0m[1;34m7->8  [0m[1;34m8->9  [0m[1;34m9->10  [0m[1;34m10->11  [0m[1;34m11->12  [0m[1;34m12->13  [0m[1;34m13->14  [0m[1;34m14->15  [0m[1;34m15->16  [0m[1;34m16->17  [0m[1;34m17->18  [0m[1;34m18->19  [0m[1;34m19->20  [0m[1;34m20->21  [0m[1;34m21->22  [0m[1;34m22->23  [0m[1;34m
[pthread wrapper] SKIP MASK: 0x0
[0m[1;34m	threadid 140134914496256 -> core 1 - OK[0m[1;34m
[0m[1;34m	threadid 140134906103552 -> core 2 - OK[0m[1;34m
[0m[1;34m	threadid 140134897710848 -> core 3 - OK[0m[1;34m
[0m[1;34m	threadid 140134889318144 -> core 4 - OK[0m[1;34m
[0m[1;34m	threadid 140134880925440 -> core 5 - OK[0m[1;34m
[0m[1;34m	threadid 140134872532736 -> core 6 - OK[0m[1;34m
[0m[1;34m	threadid 140134864140032 -> core 7 - OK[0m[1;34m
[0m[1;34m	threadid 140134855747328 -> core 8 - OK[0m[1;34m
[0m[1;34m	threadid 140134847354624 -> core 9 - OK[0m[1;34m
[0m[1;34m	threadid 140134838961920 -> core 10 - OK[0m[1;34m
[0m[1;34m	threadid 140134830569216 -> core 11 - OK[0m[1;34m
[0m[1;34m	threadid 140134822176512 -> core 12 - OK[0m[1;34m
[0m[1;34m	threadid 140134813783808 -> core 13 - OK[0m[1;34m
[0m[1;34m	threadid 140134805391104 -> core 14 - OK[0m[1;34m
[0m[1;34m	threadid 140134796998400 -> core 15 - OK[0m[1;34m
[0m[1;34m	threadid 140134788605696 -> core 16 - OK[0m[1;34m
[0m[1;34m	threadid 140134780212992 -> core 17 - OK[0m[1;34m
[0m[1;34m	threadid 140134771820288 -> core 18 - OK[0m[1;34m
[0m[1;34m	threadid 140134763427584 -> core 19 - OK[0m[1;34m
[0m[1;34m	threadid 140134755034880 -> core 20 - OK[0m[1;34m
[0m[1;34m	threadid 140134746642176 -> core 21 - OK[0m[1;34m
[0m[1;34m	threadid 140134738249472 -> core 22 - OK[0m[1;34m
[0m[1;34m	threadid 140134729856768 -> core 23 - OK[0m[1;34m
[0mFLOPs in stencil code:      12047257600
Time spent in stencil code: 0.600636
Performance in GFlop/s:     20.057502
