x_max: 200
[1;34m[pthread wrapper] 
[0m[1;34m[pthread wrapper] MAIN -> 0
[0m[1;34m[pthread wrapper] PIN_MASK: [0m[1;34m0->1  [0m[1;34m1->2  [0m[1;34m2->3  [0m[1;34m3->4  [0m[1;34m4->5  [0m[1;34m5->12  [0m[1;34m6->13  [0m[1;34m7->14  [0m[1;34m8->15  [0m[1;34m9->16  [0m[1;34m10->17  [0m[1;34m
[pthread wrapper] SKIP MASK: 0x0
[0m[1;34m	threadid 140424047527680 -> core 1 - OK[0m[1;34m
[0m[1;34m	threadid 140424039134976 -> core 2 - OK[0m[1;34m
[0m[1;34m	threadid 140424030742272 -> core 3 - OK[0m[1;34m
[0m[1;34m	threadid 140424022349568 -> core 4 - OK[0m[1;34m
[0m[1;34m	threadid 140424013956864 -> core 5 - OK[0m[1;34m
[0m[1;34m	threadid 140424005564160 -> core 12 - OK[0m[1;34m
[0m[1;34m	threadid 140423997171456 -> core 13 - OK[0m[1;34m
[0m[1;34m	threadid 140423988778752 -> core 14 - OK[0m[1;34m
[0m[1;34m	threadid 140423980386048 -> core 15 - OK[0m[1;34m
[0m[1;34m	threadid 140423971993344 -> core 16 - OK[0m[1;34m
[0m[1;34m	threadid 140423963600640 -> core 17 - OK[0m[1;34m
[0mFLOPs in stencil code:      12047257600
Time spent in stencil code: 1.119638
Performance in GFlop/s:     10.759958
x_max: 200
[1;34m[pthread wrapper] 
[0m[1;34m[pthread wrapper] MAIN -> 0
[0m[1;34m[pthread wrapper] PIN_MASK: [0m[1;34m0->1  [0m[1;34m1->2  [0m[1;34m2->3  [0m[1;34m3->4  [0m[1;34m4->5  [0m[1;34m5->12  [0m[1;34m6->13  [0m[1;34m7->14  [0m[1;34m8->15  [0m[1;34m9->16  [0m[1;34m10->17  [0m[1;34m
[pthread wrapper] SKIP MASK: 0x0
[0m[1;34m	threadid 139985033361152 -> core 1 - OK[0m[1;34m
[0m[1;34m	threadid 139985024968448 -> core 2 - OK[0m[1;34m
[0m[1;34m	threadid 139985016575744 -> core 3 - OK[0m[1;34m
[0m[1;34m	threadid 139985008183040 -> core 4 - OK[0m[1;34m
[0m[1;34m	threadid 139984999790336 -> core 5 - OK[0m[1;34m
[0m[1;34m	threadid 139984991397632 -> core 12 - OK[0m[1;34m
[0m[1;34m	threadid 139984983004928 -> core 13 - OK[0m[1;34m
[0m[1;34m	threadid 139984974612224 -> core 14 - OK[0m[1;34m
[0m[1;34m	threadid 139984966219520 -> core 15 - OK[0m[1;34m
[0m[1;34m	threadid 139984957826816 -> core 16 - OK[0m[1;34m
[0m[1;34m	threadid 139984949434112 -> core 17 - OK[0m[1;34m
[0mFLOPs in stencil code:      12047257600
Time spent in stencil code: 1.125224
Performance in GFlop/s:     10.706541
x_max: 200
[1;34m[pthread wrapper] 
[0m[1;34m[pthread wrapper] MAIN -> 0
[0m[1;34m[pthread wrapper] PIN_MASK: [0m[1;34m0->1  [0m[1;34m1->2  [0m[1;34m2->3  [0m[1;34m3->4  [0m[1;34m4->5  [0m[1;34m5->12  [0m[1;34m6->13  [0m[1;34m7->14  [0m[1;34m8->15  [0m[1;34m9->16  [0m[1;34m10->17  [0m[1;34m
[pthread wrapper] SKIP MASK: 0x0
[0m[1;34m	threadid 139751051409152 -> core 1 - OK[0m[1;34m
[0m[1;34m	threadid 139751043016448 -> core 2 - OK[0m[1;34m
[0m[1;34m	threadid 139751034623744 -> core 3 - OK[0m[1;34m
[0m[1;34m	threadid 139751026231040 -> core 4 - OK[0m[1;34m
[0m[1;34m	threadid 139751017838336 -> core 5 - OK[0m[1;34m
[0m[1;34m	threadid 139751009445632 -> core 12 - OK[0m[1;34m
[0m[1;34m	threadid 139751001052928 -> core 13 - OK[0m[1;34m
[0m[1;34m	threadid 139750992660224 -> core 14 - OK[0m[1;34m
[0m[1;34m	threadid 139750984267520 -> core 15 - OK[0m[1;34m
[0m[1;34m	threadid 139750975874816 -> core 16 - OK[0m[1;34m
[0m[1;34m	threadid 139750967482112 -> core 17 - OK[0m[1;34m
[0mFLOPs in stencil code:      12047257600
Time spent in stencil code: 1.109938
Performance in GFlop/s:     10.853992
x_max: 200
[1;34m[pthread wrapper] 
[0m[1;34m[pthread wrapper] MAIN -> 0
[0m[1;34m[pthread wrapper] PIN_MASK: [0m[1;34m0->1  [0m[1;34m1->2  [0m[1;34m2->3  [0m[1;34m3->4  [0m[1;34m4->5  [0m[1;34m5->12  [0m[1;34m6->13  [0m[1;34m7->14  [0m[1;34m8->15  [0m[1;34m9->16  [0m[1;34m10->17  [0m[1;34m
[pthread wrapper] SKIP MASK: 0x0
[0m[1;34m	threadid 139952157767424 -> core 1 - OK[0m[1;34m
[0m[1;34m	threadid 139952149374720 -> core 2 - OK[0m[1;34m
[0m[1;34m	threadid 139952140982016 -> core 3 - OK[0m[1;34m
[0m[1;34m	threadid 139952132589312 -> core 4 - OK[0m[1;34m
[0m[1;34m	threadid 139952124196608 -> core 5 - OK[0m[1;34m
[0m[1;34m	threadid 139952115803904 -> core 12 - OK[0m[1;34m
[0m[1;34m	threadid 139952107411200 -> core 13 - OK[0m[1;34m
[0m[1;34m	threadid 139952099018496 -> core 14 - OK[0m[1;34m
[0m[1;34m	threadid 139952090625792 -> core 15 - OK[0m[1;34m
[0m[1;34m	threadid 139952082233088 -> core 16 - OK[0m[1;34m
[0m[1;34m	threadid 139952073840384 -> core 17 - OK[0m[1;34m
[0mFLOPs in stencil code:      12047257600
Time spent in stencil code: 1.125868
Performance in GFlop/s:     10.700417
x_max: 200
[1;34m[pthread wrapper] 
[0m[1;34m[pthread wrapper] MAIN -> 0
[0m[1;34m[pthread wrapper] PIN_MASK: [0m[1;34m0->1  [0m[1;34m1->2  [0m[1;34m2->3  [0m[1;34m3->4  [0m[1;34m4->5  [0m[1;34m5->12  [0m[1;34m6->13  [0m[1;34m7->14  [0m[1;34m8->15  [0m[1;34m9->16  [0m[1;34m10->17  [0m[1;34m
[pthread wrapper] SKIP MASK: 0x0
[0m[1;34m	threadid 139743096735488 -> core 1 - OK[0m[1;34m
[0m[1;34m	threadid 139743088342784 -> core 2 - OK[0m[1;34m
[0m[1;34m	threadid 139743079950080 -> core 3 - OK[0m[1;34m
[0m[1;34m	threadid 139743071557376 -> core 4 - OK[0m[1;34m
[0m[1;34m	threadid 139743063164672 -> core 5 - OK[0m[1;34m
[0m[1;34m	threadid 139743054771968 -> core 12 - OK[0m[1;34m
[0m[1;34m	threadid 139743046379264 -> core 13 - OK[0m[1;34m
[0m[1;34m	threadid 139743037986560 -> core 14 - OK[0m[1;34m
[0m[1;34m	threadid 139743029593856 -> core 15 - OK[0m[1;34m
[0m[1;34m	threadid 139743021201152 -> core 16 - OK[0m[1;34m
[0m[1;34m	threadid 139743012808448 -> core 17 - OK[0m[1;34m
[0mFLOPs in stencil code:      12047257600
Time spent in stencil code: 1.133782
Performance in GFlop/s:     10.625725
