x_max: 200
[1;34m[pthread wrapper] 
[0m[1;34m[pthread wrapper] MAIN -> 0
[0m[1;34m[pthread wrapper] PIN_MASK: [0m[1;34m0->1  [0m[1;34m1->2  [0m[1;34m2->3  [0m[1;34m3->4  [0m[1;34m4->5  [0m[1;34m5->6  [0m[1;34m6->7  [0m[1;34m7->8  [0m[1;34m8->9  [0m[1;34m9->10  [0m[1;34m10->11  [0m[1;34m
[pthread wrapper] SKIP MASK: 0x0
[0m[1;34m	threadid 140638689220352 -> core 1 - OK[0m[1;34m
[0m[1;34m	threadid 140638680827648 -> core 2 - OK[0m[1;34m
[0m[1;34m	threadid 140638672434944 -> core 3 - OK[0m[1;34m
[0m[1;34m	threadid 140638664042240 -> core 4 - OK[0m[1;34m
[0m[1;34m	threadid 140638655649536 -> core 5 - OK[0m[1;34m
[0m[1;34m	threadid 140638647256832 -> core 6 - OK[0m[1;34m
[0m[1;34m	threadid 140638638864128 -> core 7 - OK[0m[1;34m
[0m[1;34m	threadid 140638630471424 -> core 8 - OK[0m[1;34m
[0m[1;34m	threadid 140638622078720 -> core 9 - OK[0m[1;34m
[0m[1;34m	threadid 140638613686016 -> core 10 - OK[0m[1;34m
[0m[1;34m	threadid 140638605293312 -> core 11 - OK[0m[1;34m
[0mFLOPs in stencil code:      12047257600
Time spent in stencil code: 0.505424
Performance in GFlop/s:     23.835942
x_max: 200
[1;34m[pthread wrapper] 
[0m[1;34m[pthread wrapper] MAIN -> 0
[0m[1;34m[pthread wrapper] PIN_MASK: [0m[1;34m0->1  [0m[1;34m1->2  [0m[1;34m2->3  [0m[1;34m3->4  [0m[1;34m4->5  [0m[1;34m5->6  [0m[1;34m6->7  [0m[1;34m7->8  [0m[1;34m8->9  [0m[1;34m9->10  [0m[1;34m10->11  [0m[1;34m
[pthread wrapper] SKIP MASK: 0x0
[0m[1;34m	threadid 139961320822528 -> core 1 - OK[0m[1;34m
[0m[1;34m	threadid 139961312429824 -> core 2 - OK[0m[1;34m
[0m[1;34m	threadid 139961304037120 -> core 3 - OK[0m[1;34m
[0m[1;34m	threadid 139961295644416 -> core 4 - OK[0m[1;34m
[0m[1;34m	threadid 139961287251712 -> core 5 - OK[0m[1;34m
[0m[1;34m	threadid 139961278859008 -> core 6 - OK[0m[1;34m
[0m[1;34m	threadid 139961270466304 -> core 7 - OK[0m[1;34m
[0m[1;34m	threadid 139961262073600 -> core 8 - OK[0m[1;34m
[0m[1;34m	threadid 139961253680896 -> core 9 - OK[0m[1;34m
[0m[1;34m	threadid 139961245288192 -> core 10 - OK[0m[1;34m
[0m[1;34m	threadid 139961236895488 -> core 11 - OK[0m[1;34m
[0mFLOPs in stencil code:      12047257600
Time spent in stencil code: 0.506846
Performance in GFlop/s:     23.769071
x_max: 200
[1;34m[pthread wrapper] 
[0m[1;34m[pthread wrapper] MAIN -> 0
[0m[1;34m[pthread wrapper] PIN_MASK: [0m[1;34m0->1  [0m[1;34m1->2  [0m[1;34m2->3  [0m[1;34m3->4  [0m[1;34m4->5  [0m[1;34m5->6  [0m[1;34m6->7  [0m[1;34m7->8  [0m[1;34m8->9  [0m[1;34m9->10  [0m[1;34m10->11  [0m[1;34m
[pthread wrapper] SKIP MASK: 0x0
[0m[1;34m	threadid 139756436543232 -> core 1 - OK[0m[1;34m
[0m[1;34m	threadid 139756428150528 -> core 2 - OK[0m[1;34m
[0m[1;34m	threadid 139756419757824 -> core 3 - OK[0m[1;34m
[0m[1;34m	threadid 139756411365120 -> core 4 - OK[0m[1;34m
[0m[1;34m	threadid 139756402972416 -> core 5 - OK[0m[1;34m
[0m[1;34m	threadid 139756394579712 -> core 6 - OK[0m[1;34m
[0m[1;34m	threadid 139756386187008 -> core 7 - OK[0m[1;34m
[0m[1;34m	threadid 139756377794304 -> core 8 - OK[0m[1;34m
[0m[1;34m	threadid 139756369401600 -> core 9 - OK[0m[1;34m
[0m[1;34m	threadid 139756361008896 -> core 10 - OK[0m[1;34m
[0m[1;34m	threadid 139756352616192 -> core 11 - OK[0m[1;34m
[0mFLOPs in stencil code:      12047257600
Time spent in stencil code: 0.506747
Performance in GFlop/s:     23.773712
x_max: 200
[1;34m[pthread wrapper] 
[0m[1;34m[pthread wrapper] MAIN -> 0
[0m[1;34m[pthread wrapper] PIN_MASK: [0m[1;34m0->1  [0m[1;34m1->2  [0m[1;34m2->3  [0m[1;34m3->4  [0m[1;34m4->5  [0m[1;34m5->6  [0m[1;34m6->7  [0m[1;34m7->8  [0m[1;34m8->9  [0m[1;34m9->10  [0m[1;34m10->11  [0m[1;34m
[pthread wrapper] SKIP MASK: 0x0
[0m[1;34m	threadid 139846781740800 -> core 1 - OK[0m[1;34m
[0m[1;34m	threadid 139846773348096 -> core 2 - OK[0m[1;34m
[0m[1;34m	threadid 139846764955392 -> core 3 - OK[0m[1;34m
[0m[1;34m	threadid 139846756562688 -> core 4 - OK[0m[1;34m
[0m[1;34m	threadid 139846748169984 -> core 5 - OK[0m[1;34m
[0m[1;34m	threadid 139846739777280 -> core 6 - OK[0m[1;34m
[0m[1;34m	threadid 139846731384576 -> core 7 - OK[0m[1;34m
[0m[1;34m	threadid 139846722991872 -> core 8 - OK[0m[1;34m
[0m[1;34m	threadid 139846714599168 -> core 9 - OK[0m[1;34m
[0m[1;34m	threadid 139846706206464 -> core 10 - OK[0m[1;34m
[0m[1;34m	threadid 139846697813760 -> core 11 - OK[0m[1;34m
[0mFLOPs in stencil code:      12047257600
Time spent in stencil code: 0.504225
Performance in GFlop/s:     23.892622
x_max: 200
[1;34m[pthread wrapper] 
[0m[1;34m[pthread wrapper] MAIN -> 0
[0m[1;34m[pthread wrapper] PIN_MASK: [0m[1;34m0->1  [0m[1;34m1->2  [0m[1;34m2->3  [0m[1;34m3->4  [0m[1;34m4->5  [0m[1;34m5->6  [0m[1;34m6->7  [0m[1;34m7->8  [0m[1;34m8->9  [0m[1;34m9->10  [0m[1;34m10->11  [0m[1;34m
[pthread wrapper] SKIP MASK: 0x0
[0m[1;34m	threadid 140374527448832 -> core 1 - OK[0m[1;34m
[0m[1;34m	threadid 140374519056128 -> core 2 - OK[0m[1;34m
[0m[1;34m	threadid 140374510663424 -> core 3 - OK[0m[1;34m
[0m[1;34m	threadid 140374502270720 -> core 4 - OK[0m[1;34m
[0m[1;34m	threadid 140374493878016 -> core 5 - OK[0m[1;34m
[0m[1;34m	threadid 140374485485312 -> core 6 - OK[0m[1;34m
[0m[1;34m	threadid 140374477092608 -> core 7 - OK[0m[1;34m
[0m[1;34m	threadid 140374468699904 -> core 8 - OK[0m[1;34m
[0m[1;34m	threadid 140374460307200 -> core 9 - OK[0m[1;34m
[0m[1;34m	threadid 140374451914496 -> core 10 - OK[0m[1;34m
[0m[1;34m	threadid 140374443521792 -> core 11 - OK[0m[1;34m
[0mFLOPs in stencil code:      12047257600
Time spent in stencil code: 0.506111
Performance in GFlop/s:     23.803592
