x_max: 200
[1;34m[pthread wrapper] 
[0m[1;34m[pthread wrapper] MAIN -> 0
[0m[1;34m[pthread wrapper] PIN_MASK: [0m[1;34m0->1  [0m[1;34m1->2  [0m[1;34m2->3  [0m[1;34m3->4  [0m[1;34m4->5  [0m[1;34m5->12  [0m[1;34m6->13  [0m[1;34m7->14  [0m[1;34m8->15  [0m[1;34m9->16  [0m[1;34m10->17  [0m[1;34m11->6  [0m[1;34m12->7  [0m[1;34m13->8  [0m[1;34m14->9  [0m[1;34m15->10  [0m[1;34m16->11  [0m[1;34m17->18  [0m[1;34m18->19  [0m[1;34m19->20  [0m[1;34m20->21  [0m[1;34m21->22  [0m[1;34m22->23  [0m[1;34m
[pthread wrapper] SKIP MASK: 0x0
[0m[1;34m	threadid 140362333230848 -> core 1 - OK[0m[1;34m
[0m[1;34m	threadid 140362324838144 -> core 2 - OK[0m[1;34m
[0m[1;34m	threadid 140362316445440 -> core 3 - OK[0m[1;34m
[0m[1;34m	threadid 140362308052736 -> core 4 - OK[0m[1;34m
[0m[1;34m	threadid 140362299660032 -> core 5 - OK[0m[1;34m
[0m[1;34m	threadid 140362291267328 -> core 12 - OK[0m[1;34m
[0m[1;34m	threadid 140362282874624 -> core 13 - OK[0m[1;34m
[0m[1;34m	threadid 140362274481920 -> core 14 - OK[0m[1;34m
[0m[1;34m	threadid 140362266089216 -> core 15 - OK[0m[1;34m
[0m[1;34m	threadid 140362257696512 -> core 16 - OK[0m[1;34m
[0m[1;34m	threadid 140362249303808 -> core 17 - OK[0m[1;34m
[0m[1;34m	threadid 140362240911104 -> core 6 - OK[0m[1;34m
[0m[1;34m	threadid 140362232518400 -> core 7 - OK[0m[1;34m
[0m[1;34m	threadid 140362224125696 -> core 8 - OK[0m[1;34m
[0m[1;34m	threadid 140362215732992 -> core 9 - OK[0m[1;34m
[0m[1;34m	threadid 140362207340288 -> core 10 - OK[0m[1;34m
[0m[1;34m	threadid 140362198947584 -> core 11 - OK[0m[1;34m
[0m[1;34m	threadid 140362190554880 -> core 18 - OK[0m[1;34m
[0m[1;34m	threadid 140362182162176 -> core 19 - OK[0m[1;34m
[0m[1;34m	threadid 140362173769472 -> core 20 - OK[0m[1;34m
[0m[1;34m	threadid 140362165376768 -> core 21 - OK[0m[1;34m
[0m[1;34m	threadid 140362156984064 -> core 22 - OK[0m[1;34m
[0m[1;34m	threadid 140362148591360 -> core 23 - OK[0m[1;34m
[0mFLOPs in stencil code:      12047257600
Time spent in stencil code: 0.599918
Performance in GFlop/s:     20.081511
x_max: 200
[1;34m[pthread wrapper] 
[0m[1;34m[pthread wrapper] MAIN -> 0
[0m[1;34m[pthread wrapper] PIN_MASK: [0m[1;34m0->1  [0m[1;34m1->2  [0m[1;34m2->3  [0m[1;34m3->4  [0m[1;34m4->5  [0m[1;34m5->12  [0m[1;34m6->13  [0m[1;34m7->14  [0m[1;34m8->15  [0m[1;34m9->16  [0m[1;34m10->17  [0m[1;34m11->6  [0m[1;34m12->7  [0m[1;34m13->8  [0m[1;34m14->9  [0m[1;34m15->10  [0m[1;34m16->11  [0m[1;34m17->18  [0m[1;34m18->19  [0m[1;34m19->20  [0m[1;34m20->21  [0m[1;34m21->22  [0m[1;34m22->23  [0m[1;34m
[pthread wrapper] SKIP MASK: 0x0
[0m[1;34m	threadid 140567025809152 -> core 1 - OK[0m[1;34m
[0m[1;34m	threadid 140567017416448 -> core 2 - OK[0m[1;34m
[0m[1;34m	threadid 140567009023744 -> core 3 - OK[0m[1;34m
[0m[1;34m	threadid 140567000631040 -> core 4 - OK[0m[1;34m
[0m[1;34m	threadid 140566992238336 -> core 5 - OK[0m[1;34m
[0m[1;34m	threadid 140566983845632 -> core 12 - OK[0m[1;34m
[0m[1;34m	threadid 140566975452928 -> core 13 - OK[0m[1;34m
[0m[1;34m	threadid 140566967060224 -> core 14 - OK[0m[1;34m
[0m[1;34m	threadid 140566958667520 -> core 15 - OK[0m[1;34m
[0m[1;34m	threadid 140566950274816 -> core 16 - OK[0m[1;34m
[0m[1;34m	threadid 140566941882112 -> core 17 - OK[0m[1;34m
[0m[1;34m	threadid 140566933489408 -> core 6 - OK[0m[1;34m
[0m[1;34m	threadid 140566925096704 -> core 7 - OK[0m[1;34m
[0m[1;34m	threadid 140566916704000 -> core 8 - OK[0m[1;34m
[0m[1;34m	threadid 140566908311296 -> core 9 - OK[0m[1;34m
[0m[1;34m	threadid 140566899918592 -> core 10 - OK[0m[1;34m
[0m[1;34m	threadid 140566891525888 -> core 11 - OK[0m[1;34m
[0m[1;34m	threadid 140566883133184 -> core 18 - OK[0m[1;34m
[0m[1;34m	threadid 140566874740480 -> core 19 - OK[0m[1;34m
[0m[1;34m	threadid 140566866347776 -> core 20 - OK[0m[1;34m
[0m[1;34m	threadid 140566857955072 -> core 21 - OK[0m[1;34m
[0m[1;34m	threadid 140566849562368 -> core 22 - OK[0m[1;34m
[0m[1;34m	threadid 140566841169664 -> core 23 - OK[0m[1;34m
[0mFLOPs in stencil code:      12047257600
Time spent in stencil code: 0.597080
Performance in GFlop/s:     20.176957
x_max: 200
[1;34m[pthread wrapper] 
[0m[1;34m[pthread wrapper] MAIN -> 0
[0m[1;34m[pthread wrapper] PIN_MASK: [0m[1;34m0->1  [0m[1;34m1->2  [0m[1;34m2->3  [0m[1;34m3->4  [0m[1;34m4->5  [0m[1;34m5->12  [0m[1;34m6->13  [0m[1;34m7->14  [0m[1;34m8->15  [0m[1;34m9->16  [0m[1;34m10->17  [0m[1;34m11->6  [0m[1;34m12->7  [0m[1;34m13->8  [0m[1;34m14->9  [0m[1;34m15->10  [0m[1;34m16->11  [0m[1;34m17->18  [0m[1;34m18->19  [0m[1;34m19->20  [0m[1;34m20->21  [0m[1;34m21->22  [0m[1;34m22->23  [0m[1;34m
[pthread wrapper] SKIP MASK: 0x0
[0m[1;34m	threadid 140086041323264 -> core 1 - OK[0m[1;34m
[0m[1;34m	threadid 140086032930560 -> core 2 - OK[0m[1;34m
[0m[1;34m	threadid 140086024537856 -> core 3 - OK[0m[1;34m
[0m[1;34m	threadid 140086016145152 -> core 4 - OK[0m[1;34m
[0m[1;34m	threadid 140086007752448 -> core 5 - OK[0m[1;34m
[0m[1;34m	threadid 140085999359744 -> core 12 - OK[0m[1;34m
[0m[1;34m	threadid 140085990967040 -> core 13 - OK[0m[1;34m
[0m[1;34m	threadid 140085982574336 -> core 14 - OK[0m[1;34m
[0m[1;34m	threadid 140085974181632 -> core 15 - OK[0m[1;34m
[0m[1;34m	threadid 140085965788928 -> core 16 - OK[0m[1;34m
[0m[1;34m	threadid 140085957396224 -> core 17 - OK[0m[1;34m
[0m[1;34m	threadid 140085949003520 -> core 6 - OK[0m[1;34m
[0m[1;34m	threadid 140085940610816 -> core 7 - OK[0m[1;34m
[0m[1;34m	threadid 140085932218112 -> core 8 - OK[0m[1;34m
[0m[1;34m	threadid 140085923825408 -> core 9 - OK[0m[1;34m
[0m[1;34m	threadid 140085915432704 -> core 10 - OK[0m[1;34m
[0m[1;34m	threadid 140085907040000 -> core 11 - OK[0m[1;34m
[0m[1;34m	threadid 140085898647296 -> core 18 - OK[0m[1;34m
[0m[1;34m	threadid 140085890254592 -> core 19 - OK[0m[1;34m
[0m[1;34m	threadid 140085881861888 -> core 20 - OK[0m[1;34m
[0m[1;34m	threadid 140085873469184 -> core 21 - OK[0m[1;34m
[0m[1;34m	threadid 140085865076480 -> core 22 - OK[0m[1;34m
[0m[1;34m	threadid 140085856683776 -> core 23 - OK[0m[1;34m
[0mFLOPs in stencil code:      12047257600
Time spent in stencil code: 0.607620
Performance in GFlop/s:     19.826960
x_max: 200
[1;34m[pthread wrapper] 
[0m[1;34m[pthread wrapper] MAIN -> 0
[0m[1;34m[pthread wrapper] PIN_MASK: [0m[1;34m0->1  [0m[1;34m1->2  [0m[1;34m2->3  [0m[1;34m3->4  [0m[1;34m4->5  [0m[1;34m5->12  [0m[1;34m6->13  [0m[1;34m7->14  [0m[1;34m8->15  [0m[1;34m9->16  [0m[1;34m10->17  [0m[1;34m11->6  [0m[1;34m12->7  [0m[1;34m13->8  [0m[1;34m14->9  [0m[1;34m15->10  [0m[1;34m16->11  [0m[1;34m17->18  [0m[1;34m18->19  [0m[1;34m19->20  [0m[1;34m20->21  [0m[1;34m21->22  [0m[1;34m22->23  [0m[1;34m
[pthread wrapper] SKIP MASK: 0x0
[0m[1;34m	threadid 140200677525248 -> core 1 - OK[0m[1;34m
[0m[1;34m	threadid 140200669132544 -> core 2 - OK[0m[1;34m
[0m[1;34m	threadid 140200660739840 -> core 3 - OK[0m[1;34m
[0m[1;34m	threadid 140200652347136 -> core 4 - OK[0m[1;34m
[0m[1;34m	threadid 140200643954432 -> core 5 - OK[0m[1;34m
[0m[1;34m	threadid 140200635561728 -> core 12 - OK[0m[1;34m
[0m[1;34m	threadid 140200627169024 -> core 13 - OK[0m[1;34m
[0m[1;34m	threadid 140200618776320 -> core 14 - OK[0m[1;34m
[0m[1;34m	threadid 140200610383616 -> core 15 - OK[0m[1;34m
[0m[1;34m	threadid 140200601990912 -> core 16 - OK[0m[1;34m
[0m[1;34m	threadid 140200593598208 -> core 17 - OK[0m[1;34m
[0m[1;34m	threadid 140200585205504 -> core 6 - OK[0m[1;34m
[0m[1;34m	threadid 140200576812800 -> core 7 - OK[0m[1;34m
[0m[1;34m	threadid 140200568420096 -> core 8 - OK[0m[1;34m
[0m[1;34m	threadid 140200560027392 -> core 9 - OK[0m[1;34m
[0m[1;34m	threadid 140200551634688 -> core 10 - OK[0m[1;34m
[0m[1;34m	threadid 140200543241984 -> core 11 - OK[0m[1;34m
[0m[1;34m	threadid 140200534849280 -> core 18 - OK[0m[1;34m
[0m[1;34m	threadid 140200526456576 -> core 19 - OK[0m[1;34m
[0m[1;34m	threadid 140200518063872 -> core 20 - OK[0m[1;34m
[0m[1;34m	threadid 140200509671168 -> core 21 - OK[0m[1;34m
[0m[1;34m	threadid 140200501278464 -> core 22 - OK[0m[1;34m
[0m[1;34m	threadid 140200492885760 -> core 23 - OK[0m[1;34m
[0mFLOPs in stencil code:      12047257600
Time spent in stencil code: 0.600423
Performance in GFlop/s:     20.064622
x_max: 200
[1;34m[pthread wrapper] 
[0m[1;34m[pthread wrapper] MAIN -> 0
[0m[1;34m[pthread wrapper] PIN_MASK: [0m[1;34m0->1  [0m[1;34m1->2  [0m[1;34m2->3  [0m[1;34m3->4  [0m[1;34m4->5  [0m[1;34m5->12  [0m[1;34m6->13  [0m[1;34m7->14  [0m[1;34m8->15  [0m[1;34m9->16  [0m[1;34m10->17  [0m[1;34m11->6  [0m[1;34m12->7  [0m[1;34m13->8  [0m[1;34m14->9  [0m[1;34m15->10  [0m[1;34m16->11  [0m[1;34m17->18  [0m[1;34m18->19  [0m[1;34m19->20  [0m[1;34m20->21  [0m[1;34m21->22  [0m[1;34m22->23  [0m[1;34m
[pthread wrapper] SKIP MASK: 0x0
[0m[1;34m	threadid 140176667944704 -> core 1 - OK[0m[1;34m
[0m[1;34m	threadid 140176659552000 -> core 2 - OK[0m[1;34m
[0m[1;34m	threadid 140176651159296 -> core 3 - OK[0m[1;34m
[0m[1;34m	threadid 140176642766592 -> core 4 - OK[0m[1;34m
[0m[1;34m	threadid 140176634373888 -> core 5 - OK[0m[1;34m
[0m[1;34m	threadid 140176625981184 -> core 12 - OK[0m[1;34m
[0m[1;34m	threadid 140176617588480 -> core 13 - OK[0m[1;34m
[0m[1;34m	threadid 140176609195776 -> core 14 - OK[0m[1;34m
[0m[1;34m	threadid 140176600803072 -> core 15 - OK[0m[1;34m
[0m[1;34m	threadid 140176592410368 -> core 16 - OK[0m[1;34m
[0m[1;34m	threadid 140176584017664 -> core 17 - OK[0m[1;34m
[0m[1;34m	threadid 140176575624960 -> core 6 - OK[0m[1;34m
[0m[1;34m	threadid 140176567232256 -> core 7 - OK[0m[1;34m
[0m[1;34m	threadid 140176558839552 -> core 8 - OK[0m[1;34m
[0m[1;34m	threadid 140176550446848 -> core 9 - OK[0m[1;34m
[0m[1;34m	threadid 140176542054144 -> core 10 - OK[0m[1;34m
[0m[1;34m	threadid 140176533661440 -> core 11 - OK[0m[1;34m
[0m[1;34m	threadid 140176525268736 -> core 18 - OK[0m[1;34m
[0m[1;34m	threadid 140176516876032 -> core 19 - OK[0m[1;34m
[0m[1;34m	threadid 140176508483328 -> core 20 - OK[0m[1;34m
[0m[1;34m	threadid 140176500090624 -> core 21 - OK[0m[1;34m
[0m[1;34m	threadid 140176491697920 -> core 22 - OK[0m[1;34m
[0m[1;34m	threadid 140176483305216 -> core 23 - OK[0m[1;34m
[0mFLOPs in stencil code:      12047257600
Time spent in stencil code: 0.606324
Performance in GFlop/s:     19.869341
