tuned params: 1024 1024 1020 44 4 3 
Flops / stencil call:  31
Stencil computations:  260100000
Bytes transferred:     2097152000
Total Flops:           8063100000
Seconds elapsed:       0.279721
Performance in GFlop/s:     28.825506
Bandwidth utilization: 7.497299 GB/s
745949536.000000
Validation OK.
tuned params: 1024 1024 1020 44 4 3 
Flops / stencil call:  31
Stencil computations:  260100000
Bytes transferred:     2097152000
Total Flops:           8063100000
Seconds elapsed:       0.230308
Performance in GFlop/s:     35.010065
Bandwidth utilization: 9.105856 GB/s
614176536.000000
Validation OK.
tuned params: 1024 1024 1020 44 4 3 
Flops / stencil call:  31
Stencil computations:  260100000
Bytes transferred:     2097152000
Total Flops:           8063100000
Seconds elapsed:       0.229652
Performance in GFlop/s:     35.110091
Bandwidth utilization: 9.131872 GB/s
612426668.000000
Validation OK.
tuned params: 1024 1024 1020 44 4 3 
Flops / stencil call:  31
Stencil computations:  260100000
Bytes transferred:     2097152000
Total Flops:           8063100000
Seconds elapsed:       0.230077
Performance in GFlop/s:     35.045220
Bandwidth utilization: 9.115000 GB/s
613560564.000000
Validation OK.
tuned params: 1024 1024 1020 44 4 3 
Flops / stencil call:  31
Stencil computations:  260100000
Bytes transferred:     2097152000
Total Flops:           8063100000
Seconds elapsed:       0.230260
Performance in GFlop/s:     35.017388
Bandwidth utilization: 9.107761 GB/s
614048020.000000
Validation OK.
