tuned params: 1024 1024 1020 44 1 3 
Flops / stencil call:  31
Stencil computations:  260100000
Bytes transferred:     2097152000
Total Flops:           8063100000
Seconds elapsed:       0.112225
Performance in GFlop/s:     71.847592
Bandwidth utilization: 18.687021 GB/s
299275608.000000
Validation OK.
tuned params: 1024 1024 1020 44 1 3 
Flops / stencil call:  31
Stencil computations:  260100000
Bytes transferred:     2097152000
Total Flops:           8063100000
Seconds elapsed:       0.111319
Performance in GFlop/s:     72.432337
Bandwidth utilization: 18.839109 GB/s
296859536.000000
Validation OK.
tuned params: 1024 1024 1020 44 1 3 
Flops / stencil call:  31
Stencil computations:  260100000
Bytes transferred:     2097152000
Total Flops:           8063100000
Seconds elapsed:       0.111233
Performance in GFlop/s:     72.488383
Bandwidth utilization: 18.853686 GB/s
296631464.000000
Validation OK.
tuned params: 1024 1024 1020 44 1 3 
Flops / stencil call:  31
Stencil computations:  260100000
Bytes transferred:     2097152000
Total Flops:           8063100000
Seconds elapsed:       0.111093
Performance in GFlop/s:     72.579857
Bandwidth utilization: 18.877478 GB/s
296255820.000000
Validation OK.
tuned params: 1024 1024 1020 44 1 3 
Flops / stencil call:  31
Stencil computations:  260100000
Bytes transferred:     2097152000
Total Flops:           8063100000
Seconds elapsed:       0.111314
Performance in GFlop/s:     72.435595
Bandwidth utilization: 18.839956 GB/s
296847928.000000
Validation OK.
