tuned params: 1024 1024 1020 64 1 3 
Flops / stencil call:  31
Stencil computations:  260100000
Bytes transferred:     2097152000
Total Flops:           8063100000
Seconds elapsed:       0.335549
Performance in GFlop/s:     24.029567
Bandwidth utilization: 6.249911 GB/s
894829268.000000
Validation OK.
tuned params: 1024 1024 1020 64 1 3 
Flops / stencil call:  31
Stencil computations:  260100000
Bytes transferred:     2097152000
Total Flops:           8063100000
Seconds elapsed:       0.333222
Performance in GFlop/s:     24.197388
Bandwidth utilization: 6.293560 GB/s
888622452.000000
Validation OK.
tuned params: 1024 1024 1020 64 1 3 
Flops / stencil call:  31
Stencil computations:  260100000
Bytes transferred:     2097152000
Total Flops:           8063100000
Seconds elapsed:       0.332714
Performance in GFlop/s:     24.234321
Bandwidth utilization: 6.303166 GB/s
887267528.000000
Validation OK.
tuned params: 1024 1024 1020 64 1 3 
Flops / stencil call:  31
Stencil computations:  260100000
Bytes transferred:     2097152000
Total Flops:           8063100000
Seconds elapsed:       0.332803
Performance in GFlop/s:     24.227846
Bandwidth utilization: 6.301481 GB/s
887504184.000000
Validation OK.
tuned params: 1024 1024 1020 64 1 3 
Flops / stencil call:  31
Stencil computations:  260100000
Bytes transferred:     2097152000
Total Flops:           8063100000
Seconds elapsed:       0.332101
Performance in GFlop/s:     24.279069
Bandwidth utilization: 6.314804 GB/s
885633076.000000
Validation OK.
