tuned params: 1024 1024 1020 44 2 3 
Flops / stencil call:  31
Stencil computations:  260100000
Bytes transferred:     2097152000
Total Flops:           8063100000
Seconds elapsed:       0.141338
Performance in GFlop/s:     57.048308
Bandwidth utilization: 14.837838 GB/s
376914700.000000
Validation OK.
tuned params: 1024 1024 1020 44 2 3 
Flops / stencil call:  31
Stencil computations:  260100000
Bytes transferred:     2097152000
Total Flops:           8063100000
Seconds elapsed:       0.114633
Performance in GFlop/s:     70.338333
Bandwidth utilization: 18.294474 GB/s
305700396.000000
Validation OK.
tuned params: 1024 1024 1020 44 2 3 
Flops / stencil call:  31
Stencil computations:  260100000
Bytes transferred:     2097152000
Total Flops:           8063100000
Seconds elapsed:       0.147083
Performance in GFlop/s:     54.820051
Bandwidth utilization: 14.258285 GB/s
392236472.000000
Validation OK.
tuned params: 1024 1024 1020 44 2 3 
Flops / stencil call:  31
Stencil computations:  260100000
Bytes transferred:     2097152000
Total Flops:           8063100000
Seconds elapsed:       0.143774
Performance in GFlop/s:     56.081755
Bandwidth utilization: 14.586445 GB/s
383411236.000000
Validation OK.
tuned params: 1024 1024 1020 44 2 3 
Flops / stencil call:  31
Stencil computations:  260100000
Bytes transferred:     2097152000
Total Flops:           8063100000
Seconds elapsed:       0.114754
Performance in GFlop/s:     70.264241
Bandwidth utilization: 18.275204 GB/s
306020616.000000
Validation OK.
