tuned params: 1024 1024 1020 64 1 3 
Flops / stencil call:  31
Stencil computations:  260100000
Bytes transferred:     2097152000
Total Flops:           8063100000
Seconds elapsed:       0.333849
Performance in GFlop/s:     24.151940
Bandwidth utilization: 6.281739 GB/s
890292436.000000
Validation OK.
tuned params: 1024 1024 1020 64 1 3 
Flops / stencil call:  31
Stencil computations:  260100000
Bytes transferred:     2097152000
Total Flops:           8063100000
Seconds elapsed:       0.335023
Performance in GFlop/s:     24.067308
Bandwidth utilization: 6.259727 GB/s
893423868.000000
Validation OK.
tuned params: 1024 1024 1020 64 1 3 
Flops / stencil call:  31
Stencil computations:  260100000
Bytes transferred:     2097152000
Total Flops:           8063100000
Seconds elapsed:       0.341330
Performance in GFlop/s:     23.622590
Bandwidth utilization: 6.144059 GB/s
910245872.000000
Validation OK.
tuned params: 1024 1024 1020 64 1 3 
Flops / stencil call:  31
Stencil computations:  260100000
Bytes transferred:     2097152000
Total Flops:           8063100000
Seconds elapsed:       0.333756
Performance in GFlop/s:     24.158669
Bandwidth utilization: 6.283489 GB/s
890049152.000000
Validation OK.
tuned params: 1024 1024 1020 64 1 3 
Flops / stencil call:  31
Stencil computations:  260100000
Bytes transferred:     2097152000
Total Flops:           8063100000
Seconds elapsed:       0.347405
Performance in GFlop/s:     23.209513
Bandwidth utilization: 6.036621 GB/s
926445296.000000
Validation OK.
