tuned params: 1024 1024 1020 44 4 3 
Flops / stencil call:  31
Stencil computations:  260100000
Bytes transferred:     2097152000
Total Flops:           8063100000
Seconds elapsed:       0.227066
Performance in GFlop/s:     35.509934
Bandwidth utilization: 9.235868 GB/s
605529660.000000
Validation OK.
tuned params: 1024 1024 1020 44 4 3 
Flops / stencil call:  31
Stencil computations:  260100000
Bytes transferred:     2097152000
Total Flops:           8063100000
Seconds elapsed:       0.230506
Performance in GFlop/s:     34.980009
Bandwidth utilization: 9.098039 GB/s
614705780.000000
Validation OK.
tuned params: 1024 1024 1020 44 4 3 
Flops / stencil call:  31
Stencil computations:  260100000
Bytes transferred:     2097152000
Total Flops:           8063100000
Seconds elapsed:       0.233428
Performance in GFlop/s:     34.542128
Bandwidth utilization: 8.984149 GB/s
622496632.000000
Validation OK.
tuned params: 1024 1024 1020 44 4 3 
Flops / stencil call:  31
Stencil computations:  260100000
Bytes transferred:     2097152000
Total Flops:           8063100000
Seconds elapsed:       0.231130
Performance in GFlop/s:     34.885580
Bandwidth utilization: 9.073478 GB/s
616368716.000000
Validation OK.
tuned params: 1024 1024 1020 44 4 3 
Flops / stencil call:  31
Stencil computations:  260100000
Bytes transferred:     2097152000
Total Flops:           8063100000
Seconds elapsed:       0.227150
Performance in GFlop/s:     35.496814
Bandwidth utilization: 9.232456 GB/s
605754256.000000
Validation OK.
