tuned params: 1024 1024 1020 128 1 3 
Flops / stencil call:  31
Stencil computations:  260100000
Bytes transferred:     2097152000
Total Flops:           8063100000
Seconds elapsed:       0.167484
Performance in GFlop/s:     48.142496
Bandwidth utilization: 12.521503 GB/s
446640492.000000
Validation OK.
tuned params: 1024 1024 1020 128 1 3 
Flops / stencil call:  31
Stencil computations:  260100000
Bytes transferred:     2097152000
Total Flops:           8063100000
Seconds elapsed:       0.167463
Performance in GFlop/s:     48.148528
Bandwidth utilization: 12.523072 GB/s
446583320.000000
Validation OK.
tuned params: 1024 1024 1020 128 1 3 
Flops / stencil call:  31
Stencil computations:  260100000
Bytes transferred:     2097152000
Total Flops:           8063100000
Seconds elapsed:       0.168876
Performance in GFlop/s:     47.745635
Bandwidth utilization: 12.418282 GB/s
450352300.000000
Validation OK.
tuned params: 1024 1024 1020 128 1 3 
Flops / stencil call:  31
Stencil computations:  260100000
Bytes transferred:     2097152000
Total Flops:           8063100000
Seconds elapsed:       0.213159
Performance in GFlop/s:     37.826678
Bandwidth utilization: 9.838436 GB/s
568442948.000000
Validation OK.
tuned params: 1024 1024 1020 128 1 3 
Flops / stencil call:  31
Stencil computations:  260100000
Bytes transferred:     2097152000
Total Flops:           8063100000
Seconds elapsed:       0.168186
Performance in GFlop/s:     47.941579
Bandwidth utilization: 12.469246 GB/s
448512908.000000
Validation OK.
