tuned params: 1024 1024 1020 44 2 3 
Flops / stencil call:  31
Stencil computations:  260100000
Bytes transferred:     2097152000
Total Flops:           8063100000
Seconds elapsed:       0.114953
Performance in GFlop/s:     70.142555
Bandwidth utilization: 18.243554 GB/s
306551644.000000
Validation OK.
tuned params: 1024 1024 1020 44 2 3 
Flops / stencil call:  31
Stencil computations:  260100000
Bytes transferred:     2097152000
Total Flops:           8063100000
Seconds elapsed:       0.133234
Performance in GFlop/s:     60.518325
Bandwidth utilization: 15.740364 GB/s
355304156.000000
Validation OK.
tuned params: 1024 1024 1020 44 2 3 
Flops / stencil call:  31
Stencil computations:  260100000
Bytes transferred:     2097152000
Total Flops:           8063100000
Seconds elapsed:       0.114662
Performance in GFlop/s:     70.320636
Bandwidth utilization: 18.289871 GB/s
305776544.000000
Validation OK.
tuned params: 1024 1024 1020 44 2 3 
Flops / stencil call:  31
Stencil computations:  260100000
Bytes transferred:     2097152000
Total Flops:           8063100000
Seconds elapsed:       0.114777
Performance in GFlop/s:     70.250083
Bandwidth utilization: 18.271521 GB/s
306082092.000000
Validation OK.
tuned params: 1024 1024 1020 44 2 3 
Flops / stencil call:  31
Stencil computations:  260100000
Bytes transferred:     2097152000
Total Flops:           8063100000
Seconds elapsed:       0.147633
Performance in GFlop/s:     54.615898
Bandwidth utilization: 14.205187 GB/s
393702840.000000
Validation OK.
