tuned params: 1024 1024 1020 128 1 3 
Flops / stencil call:  31
Stencil computations:  260100000
Bytes transferred:     2097152000
Total Flops:           8063100000
Seconds elapsed:       0.167676
Performance in GFlop/s:     48.087391
Bandwidth utilization: 12.507171 GB/s
447150600.000000
Validation OK.
tuned params: 1024 1024 1020 128 1 3 
Flops / stencil call:  31
Stencil computations:  260100000
Bytes transferred:     2097152000
Total Flops:           8063100000
Seconds elapsed:       0.166532
Performance in GFlop/s:     48.417710
Bandwidth utilization: 12.593084 GB/s
444102488.000000
Validation OK.
tuned params: 1024 1024 1020 128 1 3 
Flops / stencil call:  31
Stencil computations:  260100000
Bytes transferred:     2097152000
Total Flops:           8063100000
Seconds elapsed:       0.168591
Performance in GFlop/s:     47.826390
Bandwidth utilization: 12.439286 GB/s
449589420.000000
Validation OK.
tuned params: 1024 1024 1020 128 1 3 
Flops / stencil call:  31
Stencil computations:  260100000
Bytes transferred:     2097152000
Total Flops:           8063100000
Seconds elapsed:       0.167921
Performance in GFlop/s:     48.017203
Bandwidth utilization: 12.488915 GB/s
447805444.000000
Validation OK.
tuned params: 1024 1024 1020 128 1 3 
Flops / stencil call:  31
Stencil computations:  260100000
Bytes transferred:     2097152000
Total Flops:           8063100000
Seconds elapsed:       0.170077
Performance in GFlop/s:     47.408503
Bandwidth utilization: 12.330597 GB/s
453556548.000000
Validation OK.
