tuned params: 1024 1024 1020 372 4 3 
Flops / stencil call:  31
Stencil computations:  260100000
Bytes transferred:     2097152000
Total Flops:           8063100000
Seconds elapsed:       1.307489
Performance in GFlop/s:     6.166858
Bandwidth utilization: 1.603954 GB/s
3486763096.000000
Validation OK.
tuned params: 1024 1024 1020 372 4 3 
Flops / stencil call:  31
Stencil computations:  260100000
Bytes transferred:     2097152000
Total Flops:           8063100000
Seconds elapsed:       1.387109
Performance in GFlop/s:     5.812881
Bandwidth utilization: 1.511887 GB/s
3699087596.000000
Validation OK.
tuned params: 1024 1024 1020 372 4 3 
Flops / stencil call:  31
Stencil computations:  260100000
Bytes transferred:     2097152000
Total Flops:           8063100000
Seconds elapsed:       1.310049
Performance in GFlop/s:     6.154808
Bandwidth utilization: 1.600819 GB/s
3493589676.000000
Validation OK.
tuned params: 1024 1024 1020 372 4 3 
Flops / stencil call:  31
Stencil computations:  260100000
Bytes transferred:     2097152000
Total Flops:           8063100000
Seconds elapsed:       1.308623
Performance in GFlop/s:     6.161514
Bandwidth utilization: 1.602564 GB/s
3489785076.000000
Validation OK.
tuned params: 1024 1024 1020 372 4 3 
Flops / stencil call:  31
Stencil computations:  260100000
Bytes transferred:     2097152000
Total Flops:           8063100000
Seconds elapsed:       1.307320
Performance in GFlop/s:     6.167657
Bandwidth utilization: 1.604161 GB/s
3486311172.000000
Validation OK.
