tuned params: 1024 1024 1020 128 1 3 
Flops / stencil call:  31
Stencil computations:  260100000
Bytes transferred:     2097152000
Total Flops:           8063100000
Seconds elapsed:       0.168601
Performance in GFlop/s:     47.823550
Bandwidth utilization: 12.438548 GB/s
449617152.000000
Validation OK.
tuned params: 1024 1024 1020 128 1 3 
Flops / stencil call:  31
Stencil computations:  260100000
Bytes transferred:     2097152000
Total Flops:           8063100000
Seconds elapsed:       0.214224
Performance in GFlop/s:     37.638622
Bandwidth utilization: 9.789524 GB/s
571284584.000000
Validation OK.
tuned params: 1024 1024 1020 128 1 3 
Flops / stencil call:  31
Stencil computations:  260100000
Bytes transferred:     2097152000
Total Flops:           8063100000
Seconds elapsed:       0.168011
Performance in GFlop/s:     47.991515
Bandwidth utilization: 12.482234 GB/s
448043980.000000
Validation OK.
tuned params: 1024 1024 1020 128 1 3 
Flops / stencil call:  31
Stencil computations:  260100000
Bytes transferred:     2097152000
Total Flops:           8063100000
Seconds elapsed:       0.168313
Performance in GFlop/s:     47.905383
Bandwidth utilization: 12.459832 GB/s
448849256.000000
Validation OK.
tuned params: 1024 1024 1020 128 1 3 
Flops / stencil call:  31
Stencil computations:  260100000
Bytes transferred:     2097152000
Total Flops:           8063100000
Seconds elapsed:       0.167719
Performance in GFlop/s:     48.075086
Bandwidth utilization: 12.503970 GB/s
447265992.000000
Validation OK.
