tuned params: 1024 1024 1020 64 1 3 
Flops / stencil call:  31
Stencil computations:  260100000
Bytes transferred:     2097152000
Total Flops:           8063100000
Seconds elapsed:       0.334594
Performance in GFlop/s:     24.098160
Bandwidth utilization: 6.267751 GB/s
892283688.000000
Validation OK.
tuned params: 1024 1024 1020 64 1 3 
Flops / stencil call:  31
Stencil computations:  260100000
Bytes transferred:     2097152000
Total Flops:           8063100000
Seconds elapsed:       0.335540
Performance in GFlop/s:     24.030216
Bandwidth utilization: 6.250079 GB/s
894804140.000000
Validation OK.
tuned params: 1024 1024 1020 64 1 3 
Flops / stencil call:  31
Stencil computations:  260100000
Bytes transferred:     2097152000
Total Flops:           8063100000
Seconds elapsed:       0.334371
Performance in GFlop/s:     24.114226
Bandwidth utilization: 6.271930 GB/s
891686924.000000
Validation OK.
tuned params: 1024 1024 1020 64 1 3 
Flops / stencil call:  31
Stencil computations:  260100000
Bytes transferred:     2097152000
Total Flops:           8063100000
Seconds elapsed:       0.334342
Performance in GFlop/s:     24.116324
Bandwidth utilization: 6.272475 GB/s
891612252.000000
Validation OK.
tuned params: 1024 1024 1020 64 1 3 
Flops / stencil call:  31
Stencil computations:  260100000
Bytes transferred:     2097152000
Total Flops:           8063100000
Seconds elapsed:       0.341000
Performance in GFlop/s:     23.645449
Bandwidth utilization: 6.150004 GB/s
909365464.000000
Validation OK.
