tuned params: 1024 1024 1020 372 4 3 
Flops / stencil call:  31
Stencil computations:  260100000
Bytes transferred:     2097152000
Total Flops:           8063100000
Seconds elapsed:       1.366856
Performance in GFlop/s:     5.899012
Bandwidth utilization: 1.534289 GB/s
3645079064.000000
Validation OK.
tuned params: 1024 1024 1020 372 4 3 
Flops / stencil call:  31
Stencil computations:  260100000
Bytes transferred:     2097152000
Total Flops:           8063100000
Seconds elapsed:       1.311364
Performance in GFlop/s:     6.148635
Bandwidth utilization: 1.599214 GB/s
3497096932.000000
Validation OK.
tuned params: 1024 1024 1020 372 4 3 
Flops / stencil call:  31
Stencil computations:  260100000
Bytes transferred:     2097152000
Total Flops:           8063100000
Seconds elapsed:       1.307629
Performance in GFlop/s:     6.166199
Bandwidth utilization: 1.603782 GB/s
3487134464.000000
Validation OK.
tuned params: 1024 1024 1020 372 4 3 
Flops / stencil call:  31
Stencil computations:  260100000
Bytes transferred:     2097152000
Total Flops:           8063100000
Seconds elapsed:       1.552421
Performance in GFlop/s:     5.193887
Bandwidth utilization: 1.350891 GB/s
4139938204.000000
Validation OK.
tuned params: 1024 1024 1020 372 4 3 
Flops / stencil call:  31
Stencil computations:  260100000
Bytes transferred:     2097152000
Total Flops:           8063100000
Seconds elapsed:       1.450070
Performance in GFlop/s:     5.560490
Bandwidth utilization: 1.446242 GB/s
3866992396.000000
Validation OK.
