tuned params: 1024 1024 510 276 2 3 
Flops / stencil call:  31
Stencil computations:  260100000
Bytes transferred:     2097152000
Total Flops:           8063100000
Seconds elapsed:       0.734663
Performance in GFlop/s:     10.975236
Bandwidth utilization: 2.854577 GB/s
1959169704.000000
Validation OK.
tuned params: 1024 1024 510 276 2 3 
Flops / stencil call:  31
Stencil computations:  260100000
Bytes transferred:     2097152000
Total Flops:           8063100000
Seconds elapsed:       0.806768
Performance in GFlop/s:     9.994324
Bandwidth utilization: 2.599449 GB/s
2151456364.000000
Validation OK.
tuned params: 1024 1024 510 276 2 3 
Flops / stencil call:  31
Stencil computations:  260100000
Bytes transferred:     2097152000
Total Flops:           8063100000
Seconds elapsed:       0.733334
Performance in GFlop/s:     10.995125
Bandwidth utilization: 2.859750 GB/s
1955625548.000000
Validation OK.
tuned params: 1024 1024 510 276 2 3 
Flops / stencil call:  31
Stencil computations:  260100000
Bytes transferred:     2097152000
Total Flops:           8063100000
Seconds elapsed:       0.837950
Performance in GFlop/s:     9.622412
Bandwidth utilization: 2.502717 GB/s
2234608220.000000
Validation OK.
tuned params: 1024 1024 510 276 2 3 
Flops / stencil call:  31
Stencil computations:  260100000
Bytes transferred:     2097152000
Total Flops:           8063100000
Seconds elapsed:       0.735581
Performance in GFlop/s:     10.961537
Bandwidth utilization: 2.851014 GB/s
1961617540.000000
Validation OK.
