tuned params: 1024 1024 1020 44 1 3 
Flops / stencil call:  31
Stencil computations:  260100000
Bytes transferred:     2097152000
Total Flops:           8063100000
Seconds elapsed:       0.111294
Performance in GFlop/s:     72.448629
Bandwidth utilization: 18.843347 GB/s
296794856.000000
Validation OK.
tuned params: 1024 1024 1020 44 1 3 
Flops / stencil call:  31
Stencil computations:  260100000
Bytes transferred:     2097152000
Total Flops:           8063100000
Seconds elapsed:       0.111179
Performance in GFlop/s:     72.523514
Bandwidth utilization: 18.862824 GB/s
296485788.000000
Validation OK.
tuned params: 1024 1024 1020 44 1 3 
Flops / stencil call:  31
Stencil computations:  260100000
Bytes transferred:     2097152000
Total Flops:           8063100000
Seconds elapsed:       0.111282
Performance in GFlop/s:     72.456545
Bandwidth utilization: 18.845406 GB/s
296761852.000000
Validation OK.
tuned params: 1024 1024 1020 44 1 3 
Flops / stencil call:  31
Stencil computations:  260100000
Bytes transferred:     2097152000
Total Flops:           8063100000
Seconds elapsed:       0.111220
Performance in GFlop/s:     72.496774
Bandwidth utilization: 18.855869 GB/s
296594028.000000
Validation OK.
tuned params: 1024 1024 1020 44 1 3 
Flops / stencil call:  31
Stencil computations:  260100000
Bytes transferred:     2097152000
Total Flops:           8063100000
Seconds elapsed:       0.111633
Performance in GFlop/s:     72.228756
Bandwidth utilization: 18.786159 GB/s
297696260.000000
Validation OK.
