tuned params: 1024 1024 1020 16 2 3 
Flops / stencil call:  31
Stencil computations:  260100000
Bytes transferred:     2097152000
Total Flops:           8063100000
Seconds elapsed:       0.160406
Performance in GFlop/s:     50.266788
Bandwidth utilization: 13.074015 GB/s
427764452.000000
Validation OK.
tuned params: 1024 1024 1020 16 2 3 
Flops / stencil call:  31
Stencil computations:  260100000
Bytes transferred:     2097152000
Total Flops:           8063100000
Seconds elapsed:       0.159527
Performance in GFlop/s:     50.543775
Bandwidth utilization: 13.146058 GB/s
425419704.000000
Validation OK.
tuned params: 1024 1024 1020 16 2 3 
Flops / stencil call:  31
Stencil computations:  260100000
Bytes transferred:     2097152000
Total Flops:           8063100000
Seconds elapsed:       0.161099
Performance in GFlop/s:     50.050603
Bandwidth utilization: 13.017788 GB/s
429613568.000000
Validation OK.
tuned params: 1024 1024 1020 16 2 3 
Flops / stencil call:  31
Stencil computations:  260100000
Bytes transferred:     2097152000
Total Flops:           8063100000
Seconds elapsed:       0.161378
Performance in GFlop/s:     49.964015
Bandwidth utilization: 12.995266 GB/s
430356276.000000
Validation OK.
tuned params: 1024 1024 1020 16 2 3 
Flops / stencil call:  31
Stencil computations:  260100000
Bytes transferred:     2097152000
Total Flops:           8063100000
Seconds elapsed:       0.161422
Performance in GFlop/s:     49.950436
Bandwidth utilization: 12.991735 GB/s
430474904.000000
Validation OK.
