tuned params: 1024 1024 510 276 2 3 
Flops / stencil call:  31
Stencil computations:  260100000
Bytes transferred:     2097152000
Total Flops:           8063100000
Seconds elapsed:       0.732677
Performance in GFlop/s:     11.004983
Bandwidth utilization: 2.862314 GB/s
1953876000.000000
Validation OK.
tuned params: 1024 1024 510 276 2 3 
Flops / stencil call:  31
Stencil computations:  260100000
Bytes transferred:     2097152000
Total Flops:           8063100000
Seconds elapsed:       0.733556
Performance in GFlop/s:     10.991798
Bandwidth utilization: 2.858885 GB/s
1956219184.000000
Validation OK.
tuned params: 1024 1024 510 276 2 3 
Flops / stencil call:  31
Stencil computations:  260100000
Bytes transferred:     2097152000
Total Flops:           8063100000
Seconds elapsed:       0.733412
Performance in GFlop/s:     10.993957
Bandwidth utilization: 2.859446 GB/s
1955833736.000000
Validation OK.
tuned params: 1024 1024 510 276 2 3 
Flops / stencil call:  31
Stencil computations:  260100000
Bytes transferred:     2097152000
Total Flops:           8063100000
Seconds elapsed:       0.733631
Performance in GFlop/s:     10.990677
Bandwidth utilization: 2.858593 GB/s
1956417996.000000
Validation OK.
tuned params: 1024 1024 510 276 2 3 
Flops / stencil call:  31
Stencil computations:  260100000
Bytes transferred:     2097152000
Total Flops:           8063100000
Seconds elapsed:       0.733397
Performance in GFlop/s:     10.994182
Bandwidth utilization: 2.859504 GB/s
1955794068.000000
Validation OK.
