tuned params: 1024 1024 510 276 2 3 
Flops / stencil call:  31
Stencil computations:  260100000
Bytes transferred:     2097152000
Total Flops:           8063100000
Seconds elapsed:       0.733604
Performance in GFlop/s:     10.991080
Bandwidth utilization: 2.858698 GB/s
1956346820.000000
Validation OK.
tuned params: 1024 1024 510 276 2 3 
Flops / stencil call:  31
Stencil computations:  260100000
Bytes transferred:     2097152000
Total Flops:           8063100000
Seconds elapsed:       0.734334
Performance in GFlop/s:     10.980154
Bandwidth utilization: 2.855856 GB/s
1958293228.000000
Validation OK.
tuned params: 1024 1024 510 276 2 3 
Flops / stencil call:  31
Stencil computations:  260100000
Bytes transferred:     2097152000
Total Flops:           8063100000
Seconds elapsed:       0.734474
Performance in GFlop/s:     10.978061
Bandwidth utilization: 2.855312 GB/s
1958666236.000000
Validation OK.
tuned params: 1024 1024 510 276 2 3 
Flops / stencil call:  31
Stencil computations:  260100000
Bytes transferred:     2097152000
Total Flops:           8063100000
Seconds elapsed:       0.792875
Performance in GFlop/s:     10.169446
Bandwidth utilization: 2.644997 GB/s
2114409612.000000
Validation OK.
tuned params: 1024 1024 510 276 2 3 
Flops / stencil call:  31
Stencil computations:  260100000
Bytes transferred:     2097152000
Total Flops:           8063100000
Seconds elapsed:       0.732960
Performance in GFlop/s:     11.000737
Bandwidth utilization: 2.861209 GB/s
1954628864.000000
Validation OK.
