tuned params: 1024 1024 1020 372 4 3 
Flops / stencil call:  31
Stencil computations:  260100000
Bytes transferred:     2097152000
Total Flops:           8063100000
Seconds elapsed:       1.308185
Performance in GFlop/s:     6.163577
Bandwidth utilization: 1.603100 GB/s
3488617800.000000
Validation OK.
tuned params: 1024 1024 1020 372 4 3 
Flops / stencil call:  31
Stencil computations:  260100000
Bytes transferred:     2097152000
Total Flops:           8063100000
Seconds elapsed:       1.310555
Performance in GFlop/s:     6.152432
Bandwidth utilization: 1.600201 GB/s
3494936344.000000
Validation OK.
tuned params: 1024 1024 1020 372 4 3 
Flops / stencil call:  31
Stencil computations:  260100000
Bytes transferred:     2097152000
Total Flops:           8063100000
Seconds elapsed:       1.307942
Performance in GFlop/s:     6.164723
Bandwidth utilization: 1.603398 GB/s
3487968244.000000
Validation OK.
tuned params: 1024 1024 1020 372 4 3 
Flops / stencil call:  31
Stencil computations:  260100000
Bytes transferred:     2097152000
Total Flops:           8063100000
Seconds elapsed:       1.309791
Performance in GFlop/s:     6.156021
Bandwidth utilization: 1.601135 GB/s
3492898920.000000
Validation OK.
tuned params: 1024 1024 1020 372 4 3 
Flops / stencil call:  31
Stencil computations:  260100000
Bytes transferred:     2097152000
Total Flops:           8063100000
Seconds elapsed:       1.307905
Performance in GFlop/s:     6.164897
Bandwidth utilization: 1.603444 GB/s
3487870604.000000
Validation OK.
