tuned params: 1024 1024 1020 44 4 3 
Flops / stencil call:  31
Stencil computations:  260100000
Bytes transferred:     2097152000
Total Flops:           8063100000
Seconds elapsed:       0.228148
Performance in GFlop/s:     35.341535
Bandwidth utilization: 9.192069 GB/s
608416460.000000
Validation OK.
tuned params: 1024 1024 1020 44 4 3 
Flops / stencil call:  31
Stencil computations:  260100000
Bytes transferred:     2097152000
Total Flops:           8063100000
Seconds elapsed:       0.235043
Performance in GFlop/s:     34.304780
Bandwidth utilization: 8.922417 GB/s
626804264.000000
Validation OK.
tuned params: 1024 1024 1020 44 4 3 
Flops / stencil call:  31
Stencil computations:  260100000
Bytes transferred:     2097152000
Total Flops:           8063100000
Seconds elapsed:       0.229154
Performance in GFlop/s:     35.186401
Bandwidth utilization: 9.151720 GB/s
611097052.000000
Validation OK.
tuned params: 1024 1024 1020 44 4 3 
Flops / stencil call:  31
Stencil computations:  260100000
Bytes transferred:     2097152000
Total Flops:           8063100000
Seconds elapsed:       0.229219
Performance in GFlop/s:     35.176410
Bandwidth utilization: 9.149121 GB/s
611274332.000000
Validation OK.
tuned params: 1024 1024 1020 44 4 3 
Flops / stencil call:  31
Stencil computations:  260100000
Bytes transferred:     2097152000
Total Flops:           8063100000
Seconds elapsed:       0.229827
Performance in GFlop/s:     35.083356
Bandwidth utilization: 9.124919 GB/s
612893152.000000
Validation OK.
