tuned params: 1024 1024 1020 64 1 3 
Flops / stencil call:  31
Stencil computations:  260100000
Bytes transferred:     2097152000
Total Flops:           8063100000
Seconds elapsed:       0.335458
Performance in GFlop/s:     24.036091
Bandwidth utilization: 6.251607 GB/s
894584396.000000
Validation OK.
tuned params: 1024 1024 1020 64 1 3 
Flops / stencil call:  31
Stencil computations:  260100000
Bytes transferred:     2097152000
Total Flops:           8063100000
Seconds elapsed:       0.338133
Performance in GFlop/s:     23.845935
Bandwidth utilization: 6.202149 GB/s
901718352.000000
Validation OK.
tuned params: 1024 1024 1020 64 1 3 
Flops / stencil call:  31
Stencil computations:  260100000
Bytes transferred:     2097152000
Total Flops:           8063100000
Seconds elapsed:       0.334939
Performance in GFlop/s:     24.073339
Bandwidth utilization: 6.261295 GB/s
893199296.000000
Validation OK.
tuned params: 1024 1024 1020 64 1 3 
Flops / stencil call:  31
Stencil computations:  260100000
Bytes transferred:     2097152000
Total Flops:           8063100000
Seconds elapsed:       0.333486
Performance in GFlop/s:     24.178221
Bandwidth utilization: 6.288574 GB/s
889326864.000000
Validation OK.
tuned params: 1024 1024 1020 64 1 3 
Flops / stencil call:  31
Stencil computations:  260100000
Bytes transferred:     2097152000
Total Flops:           8063100000
Seconds elapsed:       0.334029
Performance in GFlop/s:     24.138925
Bandwidth utilization: 6.278354 GB/s
890774472.000000
Validation OK.
