tuned params: 1024 1024 1020 44 4 3 
Flops / stencil call:  31
Stencil computations:  260100000
Bytes transferred:     2097152000
Total Flops:           8063100000
Seconds elapsed:       0.228949
Performance in GFlop/s:     35.217913
Bandwidth utilization: 9.159916 GB/s
610552024.000000
Validation OK.
tuned params: 1024 1024 1020 44 4 3 
Flops / stencil call:  31
Stencil computations:  260100000
Bytes transferred:     2097152000
Total Flops:           8063100000
Seconds elapsed:       0.230102
Performance in GFlop/s:     35.041443
Bandwidth utilization: 9.114017 GB/s
613626760.000000
Validation OK.
tuned params: 1024 1024 1020 44 4 3 
Flops / stencil call:  31
Stencil computations:  260100000
Bytes transferred:     2097152000
Total Flops:           8063100000
Seconds elapsed:       0.232664
Performance in GFlop/s:     34.655539
Bandwidth utilization: 9.013646 GB/s
620461448.000000
Validation OK.
tuned params: 1024 1024 1020 44 4 3 
Flops / stencil call:  31
Stencil computations:  260100000
Bytes transferred:     2097152000
Total Flops:           8063100000
Seconds elapsed:       0.231064
Performance in GFlop/s:     34.895515
Bandwidth utilization: 9.076062 GB/s
616194156.000000
Validation OK.
tuned params: 1024 1024 1020 44 4 3 
Flops / stencil call:  31
Stencil computations:  260100000
Bytes transferred:     2097152000
Total Flops:           8063100000
Seconds elapsed:       0.231358
Performance in GFlop/s:     34.851175
Bandwidth utilization: 9.064530 GB/s
616977264.000000
Validation OK.
