tuned params: 1024 1024 1020 44 1 3 
Flops / stencil call:  31
Stencil computations:  260100000
Bytes transferred:     2097152000
Total Flops:           8063100000
Seconds elapsed:       0.111636
Performance in GFlop/s:     72.226751
Bandwidth utilization: 18.785638 GB/s
297706724.000000
Validation OK.
tuned params: 1024 1024 1020 44 1 3 
Flops / stencil call:  31
Stencil computations:  260100000
Bytes transferred:     2097152000
Total Flops:           8063100000
Seconds elapsed:       0.111127
Performance in GFlop/s:     72.557434
Bandwidth utilization: 18.871646 GB/s
296350672.000000
Validation OK.
tuned params: 1024 1024 1020 44 1 3 
Flops / stencil call:  31
Stencil computations:  260100000
Bytes transferred:     2097152000
Total Flops:           8063100000
Seconds elapsed:       0.111125
Performance in GFlop/s:     72.558835
Bandwidth utilization: 18.872010 GB/s
296342636.000000
Validation OK.
tuned params: 1024 1024 1020 44 1 3 
Flops / stencil call:  31
Stencil computations:  260100000
Bytes transferred:     2097152000
Total Flops:           8063100000
Seconds elapsed:       0.111322
Performance in GFlop/s:     72.430475
Bandwidth utilization: 18.838625 GB/s
296870444.000000
Validation OK.
tuned params: 1024 1024 1020 44 1 3 
Flops / stencil call:  31
Stencil computations:  260100000
Bytes transferred:     2097152000
Total Flops:           8063100000
Seconds elapsed:       0.111400
Performance in GFlop/s:     72.379785
Bandwidth utilization: 18.825441 GB/s
297078332.000000
Validation OK.
