tuned params: 1024 1024 1020 372 4 3 
Flops / stencil call:  31
Stencil computations:  260100000
Bytes transferred:     2097152000
Total Flops:           8063100000
Seconds elapsed:       1.377562
Performance in GFlop/s:     5.853166
Bandwidth utilization: 1.522365 GB/s
3673629792.000000
Validation OK.
tuned params: 1024 1024 1020 372 4 3 
Flops / stencil call:  31
Stencil computations:  260100000
Bytes transferred:     2097152000
Total Flops:           8063100000
Seconds elapsed:       1.310302
Performance in GFlop/s:     6.153619
Bandwidth utilization: 1.600510 GB/s
3494263848.000000
Validation OK.
tuned params: 1024 1024 1020 372 4 3 
Flops / stencil call:  31
Stencil computations:  260100000
Bytes transferred:     2097152000
Total Flops:           8063100000
Seconds elapsed:       1.307885
Performance in GFlop/s:     6.164992
Bandwidth utilization: 1.603468 GB/s
3487818088.000000
Validation OK.
tuned params: 1024 1024 1020 372 4 3 
Flops / stencil call:  31
Stencil computations:  260100000
Bytes transferred:     2097152000
Total Flops:           8063100000
Seconds elapsed:       1.308273
Performance in GFlop/s:     6.163163
Bandwidth utilization: 1.602993 GB/s
3488852008.000000
Validation OK.
tuned params: 1024 1024 1020 372 4 3 
Flops / stencil call:  31
Stencil computations:  260100000
Bytes transferred:     2097152000
Total Flops:           8063100000
Seconds elapsed:       1.311945
Performance in GFlop/s:     6.145913
Bandwidth utilization: 1.598506 GB/s
3498643652.000000
Validation OK.
