tuned params: 1024 1024 1020 128 1 3 
Flops / stencil call:  31
Stencil computations:  260100000
Bytes transferred:     2097152000
Total Flops:           8063100000
Seconds elapsed:       0.168676
Performance in GFlop/s:     47.802324
Bandwidth utilization: 12.433027 GB/s
449818124.000000
Validation OK.
tuned params: 1024 1024 1020 128 1 3 
Flops / stencil call:  31
Stencil computations:  260100000
Bytes transferred:     2097152000
Total Flops:           8063100000
Seconds elapsed:       0.171867
Performance in GFlop/s:     46.914794
Bandwidth utilization: 12.202187 GB/s
458328484.000000
Validation OK.
tuned params: 1024 1024 1020 128 1 3 
Flops / stencil call:  31
Stencil computations:  260100000
Bytes transferred:     2097152000
Total Flops:           8063100000
Seconds elapsed:       0.168761
Performance in GFlop/s:     47.778215
Bandwidth utilization: 12.426756 GB/s
450044668.000000
Validation OK.
tuned params: 1024 1024 1020 128 1 3 
Flops / stencil call:  31
Stencil computations:  260100000
Bytes transferred:     2097152000
Total Flops:           8063100000
Seconds elapsed:       0.168431
Performance in GFlop/s:     47.871884
Bandwidth utilization: 12.451119 GB/s
449166832.000000
Validation OK.
tuned params: 1024 1024 1020 128 1 3 
Flops / stencil call:  31
Stencil computations:  260100000
Bytes transferred:     2097152000
Total Flops:           8063100000
Seconds elapsed:       0.167756
Performance in GFlop/s:     48.064428
Bandwidth utilization: 12.501198 GB/s
447363876.000000
Validation OK.
