tuned params: 1024 1024 1020 16 2 3 
Flops / stencil call:  31
Stencil computations:  260100000
Bytes transferred:     2097152000
Total Flops:           8063100000
Seconds elapsed:       0.160320
Performance in GFlop/s:     50.293849
Bandwidth utilization: 13.081054 GB/s
427533964.000000
Validation OK.
tuned params: 1024 1024 1020 16 2 3 
Flops / stencil call:  31
Stencil computations:  260100000
Bytes transferred:     2097152000
Total Flops:           8063100000
Seconds elapsed:       0.160856
Performance in GFlop/s:     50.126197
Bandwidth utilization: 13.037449 GB/s
428963092.000000
Validation OK.
tuned params: 1024 1024 1020 16 2 3 
Flops / stencil call:  31
Stencil computations:  260100000
Bytes transferred:     2097152000
Total Flops:           8063100000
Seconds elapsed:       0.159918
Performance in GFlop/s:     50.420193
Bandwidth utilization: 13.113915 GB/s
426464516.000000
Validation OK.
tuned params: 1024 1024 1020 16 2 3 
Flops / stencil call:  31
Stencil computations:  260100000
Bytes transferred:     2097152000
Total Flops:           8063100000
Seconds elapsed:       0.161084
Performance in GFlop/s:     50.055196
Bandwidth utilization: 13.018982 GB/s
429570724.000000
Validation OK.
tuned params: 1024 1024 1020 16 2 3 
Flops / stencil call:  31
Stencil computations:  260100000
Bytes transferred:     2097152000
Total Flops:           8063100000
Seconds elapsed:       0.160567
Performance in GFlop/s:     50.216406
Bandwidth utilization: 13.060912 GB/s
428193380.000000
Validation OK.
