tuned params: 1024 1024 1020 44 2 3 
Flops / stencil call:  31
Stencil computations:  260100000
Bytes transferred:     2097152000
Total Flops:           8063100000
Seconds elapsed:       0.114972
Performance in GFlop/s:     70.131064
Bandwidth utilization: 18.240565 GB/s
306603452.000000
Validation OK.
tuned params: 1024 1024 1020 44 2 3 
Flops / stencil call:  31
Stencil computations:  260100000
Bytes transferred:     2097152000
Total Flops:           8063100000
Seconds elapsed:       0.138579
Performance in GFlop/s:     58.184186
Bandwidth utilization: 15.133272 GB/s
369555740.000000
Validation OK.
tuned params: 1024 1024 1020 44 2 3 
Flops / stencil call:  31
Stencil computations:  260100000
Bytes transferred:     2097152000
Total Flops:           8063100000
Seconds elapsed:       0.147635
Performance in GFlop/s:     54.615104
Bandwidth utilization: 14.204980 GB/s
393707112.000000
Validation OK.
tuned params: 1024 1024 1020 44 2 3 
Flops / stencil call:  31
Stencil computations:  260100000
Bytes transferred:     2097152000
Total Flops:           8063100000
Seconds elapsed:       0.136388
Performance in GFlop/s:     59.118810
Bandwidth utilization: 15.376360 GB/s
363712752.000000
Validation OK.
tuned params: 1024 1024 1020 44 2 3 
Flops / stencil call:  31
Stencil computations:  260100000
Bytes transferred:     2097152000
Total Flops:           8063100000
Seconds elapsed:       0.114785
Performance in GFlop/s:     70.245268
Bandwidth utilization: 18.270269 GB/s
306101424.000000
Validation OK.
