tuned params: 1024 1024 1020 44 2 3 
Flops / stencil call:  31
Stencil computations:  260100000
Bytes transferred:     2097152000
Total Flops:           8063100000
Seconds elapsed:       0.136159
Performance in GFlop/s:     59.218292
Bandwidth utilization: 15.402235 GB/s
363103048.000000
Validation OK.
tuned params: 1024 1024 1020 44 2 3 
Flops / stencil call:  31
Stencil computations:  260100000
Bytes transferred:     2097152000
Total Flops:           8063100000
Seconds elapsed:       0.114999
Performance in GFlop/s:     70.114489
Bandwidth utilization: 18.236254 GB/s
306673608.000000
Validation OK.
tuned params: 1024 1024 1020 44 2 3 
Flops / stencil call:  31
Stencil computations:  260100000
Bytes transferred:     2097152000
Total Flops:           8063100000
Seconds elapsed:       0.158050
Performance in GFlop/s:     51.016115
Bandwidth utilization: 13.268910 GB/s
421482596.000000
Validation OK.
tuned params: 1024 1024 1020 44 2 3 
Flops / stencil call:  31
Stencil computations:  260100000
Bytes transferred:     2097152000
Total Flops:           8063100000
Seconds elapsed:       0.141688
Performance in GFlop/s:     56.907387
Bandwidth utilization: 14.801186 GB/s
377847148.000000
Validation OK.
tuned params: 1024 1024 1020 44 2 3 
Flops / stencil call:  31
Stencil computations:  260100000
Bytes transferred:     2097152000
Total Flops:           8063100000
Seconds elapsed:       0.179962
Performance in GFlop/s:     44.804479
Bandwidth utilization: 11.653310 GB/s
479914664.000000
Validation OK.
