tuned params: 1024 1024 1020 44 1 3 
Flops / stencil call:  31
Stencil computations:  260100000
Bytes transferred:     2097152000
Total Flops:           8063100000
Seconds elapsed:       0.111796
Performance in GFlop/s:     72.123395
Bandwidth utilization: 18.758756 GB/s
298132408.000000
Validation OK.
tuned params: 1024 1024 1020 44 1 3 
Flops / stencil call:  31
Stencil computations:  260100000
Bytes transferred:     2097152000
Total Flops:           8063100000
Seconds elapsed:       0.111399
Performance in GFlop/s:     72.380250
Bandwidth utilization: 18.825562 GB/s
297074556.000000
Validation OK.
tuned params: 1024 1024 1020 44 1 3 
Flops / stencil call:  31
Stencil computations:  260100000
Bytes transferred:     2097152000
Total Flops:           8063100000
Seconds elapsed:       0.111278
Performance in GFlop/s:     72.459029
Bandwidth utilization: 18.846052 GB/s
296750704.000000
Validation OK.
tuned params: 1024 1024 1020 44 1 3 
Flops / stencil call:  31
Stencil computations:  260100000
Bytes transferred:     2097152000
Total Flops:           8063100000
Seconds elapsed:       0.111748
Performance in GFlop/s:     72.154324
Bandwidth utilization: 18.766800 GB/s
298003788.000000
Validation OK.
tuned params: 1024 1024 1020 44 1 3 
Flops / stencil call:  31
Stencil computations:  260100000
Bytes transferred:     2097152000
Total Flops:           8063100000
Seconds elapsed:       0.111544
Performance in GFlop/s:     72.286341
Bandwidth utilization: 18.801137 GB/s
297461884.000000
Validation OK.
