tuned params: 1024 1024 1020 16 2 3 
Flops / stencil call:  31
Stencil computations:  260100000
Bytes transferred:     2097152000
Total Flops:           8063100000
Seconds elapsed:       0.160661
Performance in GFlop/s:     50.187045
Bandwidth utilization: 13.053275 GB/s
428443008.000000
Validation OK.
tuned params: 1024 1024 1020 16 2 3 
Flops / stencil call:  31
Stencil computations:  260100000
Bytes transferred:     2097152000
Total Flops:           8063100000
Seconds elapsed:       0.159041
Performance in GFlop/s:     50.698271
Bandwidth utilization: 13.186241 GB/s
424121756.000000
Validation OK.
tuned params: 1024 1024 1020 16 2 3 
Flops / stencil call:  31
Stencil computations:  260100000
Bytes transferred:     2097152000
Total Flops:           8063100000
Seconds elapsed:       0.161098
Performance in GFlop/s:     50.050900
Bandwidth utilization: 13.017865 GB/s
429607356.000000
Validation OK.
tuned params: 1024 1024 1020 16 2 3 
Flops / stencil call:  31
Stencil computations:  260100000
Bytes transferred:     2097152000
Total Flops:           8063100000
Seconds elapsed:       0.160230
Performance in GFlop/s:     50.321987
Bandwidth utilization: 13.088372 GB/s
427295244.000000
Validation OK.
tuned params: 1024 1024 1020 16 2 3 
Flops / stencil call:  31
Stencil computations:  260100000
Bytes transferred:     2097152000
Total Flops:           8063100000
Seconds elapsed:       0.161013
Performance in GFlop/s:     50.077284
Bandwidth utilization: 13.024727 GB/s
429381564.000000
Validation OK.
