tuned params: 1024 1024 1020 16 2 3 
Flops / stencil call:  31
Stencil computations:  260100000
Bytes transferred:     2097152000
Total Flops:           8063100000
Seconds elapsed:       0.160667
Performance in GFlop/s:     50.185109
Bandwidth utilization: 13.052771 GB/s
428461192.000000
Validation OK.
tuned params: 1024 1024 1020 16 2 3 
Flops / stencil call:  31
Stencil computations:  260100000
Bytes transferred:     2097152000
Total Flops:           8063100000
Seconds elapsed:       0.160776
Performance in GFlop/s:     50.151173
Bandwidth utilization: 13.043945 GB/s
428751084.000000
Validation OK.
tuned params: 1024 1024 1020 16 2 3 
Flops / stencil call:  31
Stencil computations:  260100000
Bytes transferred:     2097152000
Total Flops:           8063100000
Seconds elapsed:       0.160650
Performance in GFlop/s:     50.190472
Bandwidth utilization: 13.054166 GB/s
428414748.000000
Validation OK.
tuned params: 1024 1024 1020 16 2 3 
Flops / stencil call:  31
Stencil computations:  260100000
Bytes transferred:     2097152000
Total Flops:           8063100000
Seconds elapsed:       0.160863
Performance in GFlop/s:     50.123968
Bandwidth utilization: 13.036869 GB/s
428981512.000000
Validation OK.
tuned params: 1024 1024 1020 16 2 3 
Flops / stencil call:  31
Stencil computations:  260100000
Bytes transferred:     2097152000
Total Flops:           8063100000
Seconds elapsed:       0.160048
Performance in GFlop/s:     50.379259
Bandwidth utilization: 13.103268 GB/s
426808960.000000
Validation OK.
