tuned params: 1024 1024 510 276 2 3 
Flops / stencil call:  31
Stencil computations:  260100000
Bytes transferred:     2097152000
Total Flops:           8063100000
Seconds elapsed:       0.734327
Performance in GFlop/s:     10.980257
Bandwidth utilization: 2.855883 GB/s
1958275660.000000
Validation OK.
tuned params: 1024 1024 510 276 2 3 
Flops / stencil call:  31
Stencil computations:  260100000
Bytes transferred:     2097152000
Total Flops:           8063100000
Seconds elapsed:       0.734528
Performance in GFlop/s:     10.977256
Bandwidth utilization: 2.855102 GB/s
1958810264.000000
Validation OK.
tuned params: 1024 1024 510 276 2 3 
Flops / stencil call:  31
Stencil computations:  260100000
Bytes transferred:     2097152000
Total Flops:           8063100000
Seconds elapsed:       0.734376
Performance in GFlop/s:     10.979526
Bandwidth utilization: 2.855693 GB/s
1958404012.000000
Validation OK.
tuned params: 1024 1024 510 276 2 3 
Flops / stencil call:  31
Stencil computations:  260100000
Bytes transferred:     2097152000
Total Flops:           8063100000
Seconds elapsed:       0.734428
Performance in GFlop/s:     10.978749
Bandwidth utilization: 2.855491 GB/s
1958543592.000000
Validation OK.
tuned params: 1024 1024 510 276 2 3 
Flops / stencil call:  31
Stencil computations:  260100000
Bytes transferred:     2097152000
Total Flops:           8063100000
Seconds elapsed:       0.800173
Performance in GFlop/s:     10.076698
Bandwidth utilization: 2.620874 GB/s
2133872444.000000
Validation OK.
