[1;34m[pthread wrapper] 
[0m[1;34m[pthread wrapper] MAIN -> 0
[0m[1;34m[pthread wrapper] PIN_MASK: [0m[1;34m0->1  [0m[1;34m1->2  [0m[1;34m2->3  [0m[1;34m3->4  [0m[1;34m4->5  [0m[1;34m
[pthread wrapper] SKIP MASK: 0x0
[0m[1;34m	threadid 140182730114816 -> core 1 - OK[0m[1;34m
[0m[1;34m	threadid 140182721722112 -> core 2 - OK[0m[1;34m
[0m[1;34m	threadid 140182713329408 -> core 3 - OK[0m[1;34m
[0m[1;34m	threadid 140182704936704 -> core 4 - OK[0m[1;34m
[0m[1;34m	threadid 140182696544000 -> core 5 - OK[0m[1;34m
[0mFLOPs in stencil code:      1.612620e+09
Time spent in stencil code: 0.092264
Performance in GFlop/s:     17.478335
[1;34m[pthread wrapper] 
[0m[1;34m[pthread wrapper] MAIN -> 0
[0m[1;34m[pthread wrapper] PIN_MASK: [0m[1;34m0->1  [0m[1;34m1->2  [0m[1;34m2->3  [0m[1;34m3->4  [0m[1;34m4->5  [0m[1;34m
[pthread wrapper] SKIP MASK: 0x0
[0m[1;34m	threadid 140464695420672 -> core 1 - OK[0m[1;34m
[0m[1;34m	threadid 140464687027968 -> core 2 - OK[0m[1;34m
[0m[1;34m	threadid 140464678635264 -> core 3 - OK[0m[1;34m
[0m[1;34m	threadid 140464670242560 -> core 4 - OK[0m[1;34m
[0m[1;34m	threadid 140464661849856 -> core 5 - OK[0m[1;34m
[0mFLOPs in stencil code:      1.612620e+09
Time spent in stencil code: 0.091609
Performance in GFlop/s:     17.603292
[1;34m[pthread wrapper] 
[0m[1;34m[pthread wrapper] MAIN -> 0
[0m[1;34m[pthread wrapper] PIN_MASK: [0m[1;34m0->1  [0m[1;34m1->2  [0m[1;34m2->3  [0m[1;34m3->4  [0m[1;34m4->5  [0m[1;34m
[pthread wrapper] SKIP MASK: 0x0
[0m[1;34m	threadid 139773704759040 -> core 1 - OK[0m[1;34m
[0m[1;34m	threadid 139773696366336 -> core 2 - OK[0m[1;34m
[0m[1;34m	threadid 139773687973632 -> core 3 - OK[0m[1;34m
[0m[1;34m	threadid 139773679580928 -> core 4 - OK[0m[1;34m
[0m[1;34m	threadid 139773671188224 -> core 5 - OK[0m[1;34m
[0mFLOPs in stencil code:      1.612620e+09
Time spent in stencil code: 0.092193
Performance in GFlop/s:     17.491760
[1;34m[pthread wrapper] 
[0m[1;34m[pthread wrapper] MAIN -> 0
[0m[1;34m[pthread wrapper] PIN_MASK: [0m[1;34m0->1  [0m[1;34m1->2  [0m[1;34m2->3  [0m[1;34m3->4  [0m[1;34m4->5  [0m[1;34m
[pthread wrapper] SKIP MASK: 0x0
[0m[1;34m	threadid 140523705317120 -> core 1 - OK[0m[1;34m
[0m[1;34m	threadid 140523696924416 -> core 2 - OK[0m[1;34m
[0m[1;34m	threadid 140523688531712 -> core 3 - OK[0m[1;34m
[0m[1;34m	threadid 140523680139008 -> core 4 - OK[0m[1;34m
[0m[1;34m	threadid 140523671746304 -> core 5 - OK[0m[1;34m
[0mFLOPs in stencil code:      1.612620e+09
Time spent in stencil code: 0.091993
Performance in GFlop/s:     17.529794
[1;34m[pthread wrapper] 
[0m[1;34m[pthread wrapper] MAIN -> 0
[0m[1;34m[pthread wrapper] PIN_MASK: [0m[1;34m0->1  [0m[1;34m1->2  [0m[1;34m2->3  [0m[1;34m3->4  [0m[1;34m4->5  [0m[1;34m
[pthread wrapper] SKIP MASK: 0x0
[0m[1;34m	threadid 140233572103936 -> core 1 - OK[0m[1;34m
[0m[1;34m	threadid 140233563711232 -> core 2 - OK[0m[1;34m
[0m[1;34m	threadid 140233555318528 -> core 3 - OK[0m[1;34m
[0m[1;34m	threadid 140233546925824 -> core 4 - OK[0m[1;34m
[0m[1;34m	threadid 140233538533120 -> core 5 - OK[0m[1;34m
[0mFLOPs in stencil code:      1.612620e+09
Time spent in stencil code: 0.092076
Performance in GFlop/s:     17.513998
