[1;34m[pthread wrapper] 
[0m[1;34m[pthread wrapper] MAIN -> 0
[0m[1;34m[pthread wrapper] PIN_MASK: [0m[1;34m0->1  [0m[1;34m1->2  [0m[1;34m2->3  [0m[1;34m
[pthread wrapper] SKIP MASK: 0x0
[0m[1;34m	threadid 140089108424448 -> core 1 - OK[0m[1;34m
[0m[1;34m	threadid 140089100031744 -> core 2 - OK[0m[1;34m
[0m[1;34m	threadid 140089091639040 -> core 3 - OK[0m[1;34m
[0mFLOPs in stencil code:      1.612620e+09
Time spent in stencil code: 0.134933
Performance in GFlop/s:     11.951265
[1;34m[pthread wrapper] 
[0m[1;34m[pthread wrapper] MAIN -> 0
[0m[1;34m[pthread wrapper] PIN_MASK: [0m[1;34m0->1  [0m[1;34m1->2  [0m[1;34m2->3  [0m[1;34m
[pthread wrapper] SKIP MASK: 0x0
[0m[1;34m	threadid 139710721378048 -> core 1 - OK[0m[1;34m
[0m[1;34m	threadid 139710712985344 -> core 2 - OK[0m[1;34m
[0m[1;34m	threadid 139710704592640 -> core 3 - OK[0m[1;34m
[0mFLOPs in stencil code:      1.612620e+09
Time spent in stencil code: 0.134687
Performance in GFlop/s:     11.973098
[1;34m[pthread wrapper] 
[0m[1;34m[pthread wrapper] MAIN -> 0
[0m[1;34m[pthread wrapper] PIN_MASK: [0m[1;34m0->1  [0m[1;34m1->2  [0m[1;34m2->3  [0m[1;34m
[pthread wrapper] SKIP MASK: 0x0
[0m[1;34m	threadid 140318658950912 -> core 1 - OK[0m[1;34m
[0m[1;34m	threadid 140318650558208 -> core 2 - OK[0m[1;34m
[0m[1;34m	threadid 140318642165504 -> core 3 - OK[0m[1;34m
[0mFLOPs in stencil code:      1.612620e+09
Time spent in stencil code: 0.135172
Performance in GFlop/s:     11.930143
[1;34m[pthread wrapper] 
[0m[1;34m[pthread wrapper] MAIN -> 0
[0m[1;34m[pthread wrapper] PIN_MASK: [0m[1;34m0->1  [0m[1;34m1->2  [0m[1;34m2->3  [0m[1;34m
[pthread wrapper] SKIP MASK: 0x0
[0m[1;34m	threadid 139763683817216 -> core 1 - OK[0m[1;34m
[0m[1;34m	threadid 139763675424512 -> core 2 - OK[0m[1;34m
[0m[1;34m	threadid 139763667031808 -> core 3 - OK[0m[1;34m
[0mFLOPs in stencil code:      1.612620e+09
Time spent in stencil code: 0.135131
Performance in GFlop/s:     11.933743
[1;34m[pthread wrapper] 
[0m[1;34m[pthread wrapper] MAIN -> 0
[0m[1;34m[pthread wrapper] PIN_MASK: [0m[1;34m0->1  [0m[1;34m1->2  [0m[1;34m2->3  [0m[1;34m
[pthread wrapper] SKIP MASK: 0x0
[0m[1;34m	threadid 139951699187456 -> core 1 - OK[0m[1;34m
[0m[1;34m	threadid 139951690794752 -> core 2 - OK[0m[1;34m
[0m[1;34m	threadid 139951682402048 -> core 3 - OK[0m[1;34m
[0mFLOPs in stencil code:      1.612620e+09
Time spent in stencil code: 0.135389
Performance in GFlop/s:     11.911004
