[1;34m[pthread wrapper] 
[0m[1;34m[pthread wrapper] MAIN -> 0
[0m[1;34m[pthread wrapper] PIN_MASK: [0m[1;34m0->1  [0m[1;34m1->2  [0m[1;34m2->3  [0m[1;34m3->4  [0m[1;34m4->5  [0m[1;34m5->12  [0m[1;34m6->13  [0m[1;34m7->14  [0m[1;34m8->15  [0m[1;34m9->16  [0m[1;34m10->17  [0m[1;34m11->6  [0m[1;34m12->7  [0m[1;34m13->8  [0m[1;34m14->9  [0m[1;34m15->10  [0m[1;34m16->11  [0m[1;34m17->18  [0m[1;34m18->19  [0m[1;34m19->20  [0m[1;34m20->21  [0m[1;34m21->22  [0m[1;34m22->23  [0m[1;34m
[pthread wrapper] SKIP MASK: 0x0
[0m[1;34m	threadid 139810680489728 -> core 1 - OK[0m[1;34m
[0m[1;34m	threadid 139810672097024 -> core 2 - OK[0m[1;34m
[0m[1;34m	threadid 139810663704320 -> core 3 - OK[0m[1;34m
[0m[1;34m	threadid 139810655311616 -> core 4 - OK[0m[1;34m
[0m[1;34m	threadid 139810646918912 -> core 5 - OK[0m[1;34m
[0m[1;34m	threadid 139810638526208 -> core 12 - OK[0m[1;34m
[0m[1;34m	threadid 139810630133504 -> core 13 - OK[0m[1;34m
[0m[1;34m	threadid 139810621740800 -> core 14 - OK[0m[1;34m
[0m[1;34m	threadid 139810613348096 -> core 15 - OK[0m[1;34m
[0m[1;34m	threadid 139810604955392 -> core 16 - OK[0m[1;34m
[0m[1;34m	threadid 139810596562688 -> core 17 - OK[0m[1;34m
[0m[1;34m	threadid 139810588169984 -> core 6 - OK[0m[1;34m
[0m[1;34m	threadid 139810579777280 -> core 7 - OK[0m[1;34m
[0m[1;34m	threadid 139810571384576 -> core 8 - OK[0m[1;34m
[0m[1;34m	threadid 139810562991872 -> core 9 - OK[0m[1;34m
[0m[1;34m	threadid 139810554599168 -> core 10 - OK[0m[1;34m
[0m[1;34m	threadid 139810546206464 -> core 11 - OK[0m[1;34m
[0m[1;34m	threadid 139810537813760 -> core 18 - OK[0m[1;34m
[0m[1;34m	threadid 139810529421056 -> core 19 - OK[0m[1;34m
[0m[1;34m	threadid 139810521028352 -> core 20 - OK[0m[1;34m
[0m[1;34m	threadid 139810512635648 -> core 21 - OK[0m[1;34m
[0m[1;34m	threadid 139810504242944 -> core 22 - OK[0m[1;34m
[0m[1;34m	threadid 139810495850240 -> core 23 - OK[0m[1;34m
[0mFLOPs in stencil code:      1.612620e+09
Time spent in stencil code: 0.044803
Performance in GFlop/s:     35.993457
[1;34m[pthread wrapper] 
[0m[1;34m[pthread wrapper] MAIN -> 0
[0m[1;34m[pthread wrapper] PIN_MASK: [0m[1;34m0->1  [0m[1;34m1->2  [0m[1;34m2->3  [0m[1;34m3->4  [0m[1;34m4->5  [0m[1;34m5->12  [0m[1;34m6->13  [0m[1;34m7->14  [0m[1;34m8->15  [0m[1;34m9->16  [0m[1;34m10->17  [0m[1;34m11->6  [0m[1;34m12->7  [0m[1;34m13->8  [0m[1;34m14->9  [0m[1;34m15->10  [0m[1;34m16->11  [0m[1;34m17->18  [0m[1;34m18->19  [0m[1;34m19->20  [0m[1;34m20->21  [0m[1;34m21->22  [0m[1;34m22->23  [0m[1;34m
[pthread wrapper] SKIP MASK: 0x0
[0m[1;34m	threadid 139725152163584 -> core 1 - OK[0m[1;34m
[0m[1;34m	threadid 139725143770880 -> core 2 - OK[0m[1;34m
[0m[1;34m	threadid 139725135378176 -> core 3 - OK[0m[1;34m
[0m[1;34m	threadid 139725126985472 -> core 4 - OK[0m[1;34m
[0m[1;34m	threadid 139725118592768 -> core 5 - OK[0m[1;34m
[0m[1;34m	threadid 139725110200064 -> core 12 - OK[0m[1;34m
[0m[1;34m	threadid 139725101807360 -> core 13 - OK[0m[1;34m
[0m[1;34m	threadid 139725093414656 -> core 14 - OK[0m[1;34m
[0m[1;34m	threadid 139725085021952 -> core 15 - OK[0m[1;34m
[0m[1;34m	threadid 139725076629248 -> core 16 - OK[0m[1;34m
[0m[1;34m	threadid 139725068236544 -> core 17 - OK[0m[1;34m
[0m[1;34m	threadid 139725059843840 -> core 6 - OK[0m[1;34m
[0m[1;34m	threadid 139725051451136 -> core 7 - OK[0m[1;34m
[0m[1;34m	threadid 139725043058432 -> core 8 - OK[0m[1;34m
[0m[1;34m	threadid 139725034665728 -> core 9 - OK[0m[1;34m
[0m[1;34m	threadid 139725026273024 -> core 10 - OK[0m[1;34m
[0m[1;34m	threadid 139725017880320 -> core 11 - OK[0m[1;34m
[0m[1;34m	threadid 139725009487616 -> core 18 - OK[0m[1;34m
[0m[1;34m	threadid 139725001094912 -> core 19 - OK[0m[1;34m
[0m[1;34m	threadid 139724992702208 -> core 20 - OK[0m[1;34m
[0m[1;34m	threadid 139724984309504 -> core 21 - OK[0m[1;34m
[0m[1;34m	threadid 139724975916800 -> core 22 - OK[0m[1;34m
[0m[1;34m	threadid 139724967524096 -> core 23 - OK[0m[1;34m
[0mFLOPs in stencil code:      1.612620e+09
Time spent in stencil code: 0.044636
Performance in GFlop/s:     36.128228
[1;34m[pthread wrapper] 
[0m[1;34m[pthread wrapper] MAIN -> 0
[0m[1;34m[pthread wrapper] PIN_MASK: [0m[1;34m0->1  [0m[1;34m1->2  [0m[1;34m2->3  [0m[1;34m3->4  [0m[1;34m4->5  [0m[1;34m5->12  [0m[1;34m6->13  [0m[1;34m7->14  [0m[1;34m8->15  [0m[1;34m9->16  [0m[1;34m10->17  [0m[1;34m11->6  [0m[1;34m12->7  [0m[1;34m13->8  [0m[1;34m14->9  [0m[1;34m15->10  [0m[1;34m16->11  [0m[1;34m17->18  [0m[1;34m18->19  [0m[1;34m19->20  [0m[1;34m20->21  [0m[1;34m21->22  [0m[1;34m22->23  [0m[1;34m
[pthread wrapper] SKIP MASK: 0x0
[0m[1;34m	threadid 140657784129280 -> core 1 - OK[0m[1;34m
[0m[1;34m	threadid 140657775736576 -> core 2 - OK[0m[1;34m
[0m[1;34m	threadid 140657767343872 -> core 3 - OK[0m[1;34m
[0m[1;34m	threadid 140657758951168 -> core 4 - OK[0m[1;34m
[0m[1;34m	threadid 140657750558464 -> core 5 - OK[0m[1;34m
[0m[1;34m	threadid 140657742165760 -> core 12 - OK[0m[1;34m
[0m[1;34m	threadid 140657733773056 -> core 13 - OK[0m[1;34m
[0m[1;34m	threadid 140657725380352 -> core 14 - OK[0m[1;34m
[0m[1;34m	threadid 140657716987648 -> core 15 - OK[0m[1;34m
[0m[1;34m	threadid 140657708594944 -> core 16 - OK[0m[1;34m
[0m[1;34m	threadid 140657700202240 -> core 17 - OK[0m[1;34m
[0m[1;34m	threadid 140657691809536 -> core 6 - OK[0m[1;34m
[0m[1;34m	threadid 140657683416832 -> core 7 - OK[0m[1;34m
[0m[1;34m	threadid 140657675024128 -> core 8 - OK[0m[1;34m
[0m[1;34m	threadid 140657666631424 -> core 9 - OK[0m[1;34m
[0m[1;34m	threadid 140657658238720 -> core 10 - OK[0m[1;34m
[0m[1;34m	threadid 140657649846016 -> core 11 - OK[0m[1;34m
[0m[1;34m	threadid 140657641453312 -> core 18 - OK[0m[1;34m
[0m[1;34m	threadid 140657633060608 -> core 19 - OK[0m[1;34m
[0m[1;34m	threadid 140657624667904 -> core 20 - OK[0m[1;34m
[0m[1;34m	threadid 140657616275200 -> core 21 - OK[0m[1;34m
[0m[1;34m	threadid 140657607882496 -> core 22 - OK[0m[1;34m
[0m[1;34m	threadid 140657599489792 -> core 23 - OK[0m[1;34m
[0mFLOPs in stencil code:      1.612620e+09
Time spent in stencil code: 0.044764
Performance in GFlop/s:     36.025089
[1;34m[pthread wrapper] 
[0m[1;34m[pthread wrapper] MAIN -> 0
[0m[1;34m[pthread wrapper] PIN_MASK: [0m[1;34m0->1  [0m[1;34m1->2  [0m[1;34m2->3  [0m[1;34m3->4  [0m[1;34m4->5  [0m[1;34m5->12  [0m[1;34m6->13  [0m[1;34m7->14  [0m[1;34m8->15  [0m[1;34m9->16  [0m[1;34m10->17  [0m[1;34m11->6  [0m[1;34m12->7  [0m[1;34m13->8  [0m[1;34m14->9  [0m[1;34m15->10  [0m[1;34m16->11  [0m[1;34m17->18  [0m[1;34m18->19  [0m[1;34m19->20  [0m[1;34m20->21  [0m[1;34m21->22  [0m[1;34m22->23  [0m[1;34m
[pthread wrapper] SKIP MASK: 0x0
[0m[1;34m	threadid 139824366642944 -> core 1 - OK[0m[1;34m
[0m[1;34m	threadid 139824358250240 -> core 2 - OK[0m[1;34m
[0m[1;34m	threadid 139824349857536 -> core 3 - OK[0m[1;34m
[0m[1;34m	threadid 139824341464832 -> core 4 - OK[0m[1;34m
[0m[1;34m	threadid 139824333072128 -> core 5 - OK[0m[1;34m
[0m[1;34m	threadid 139824324679424 -> core 12 - OK[0m[1;34m
[0m[1;34m	threadid 139824316286720 -> core 13 - OK[0m[1;34m
[0m[1;34m	threadid 139824307894016 -> core 14 - OK[0m[1;34m
[0m[1;34m	threadid 139824299501312 -> core 15 - OK[0m[1;34m
[0m[1;34m	threadid 139824291108608 -> core 16 - OK[0m[1;34m
[0m[1;34m	threadid 139824282715904 -> core 17 - OK[0m[1;34m
[0m[1;34m	threadid 139824274323200 -> core 6 - OK[0m[1;34m
[0m[1;34m	threadid 139824265930496 -> core 7 - OK[0m[1;34m
[0m[1;34m	threadid 139824257537792 -> core 8 - OK[0m[1;34m
[0m[1;34m	threadid 139824249145088 -> core 9 - OK[0m[1;34m
[0m[1;34m	threadid 139824240752384 -> core 10 - OK[0m[1;34m
[0m[1;34m	threadid 139824232359680 -> core 11 - OK[0m[1;34m
[0m[1;34m	threadid 139824223966976 -> core 18 - OK[0m[1;34m
[0m[1;34m	threadid 139824215574272 -> core 19 - OK[0m[1;34m
[0m[1;34m	threadid 139824207181568 -> core 20 - OK[0m[1;34m
[0m[1;34m	threadid 139824198788864 -> core 21 - OK[0m[1;34m
[0m[1;34m	threadid 139824190396160 -> core 22 - OK[0m[1;34m
[0m[1;34m	threadid 139824182003456 -> core 23 - OK[0m[1;34m
[0mFLOPs in stencil code:      1.612620e+09
Time spent in stencil code: 0.044675
Performance in GFlop/s:     36.096608
[1;34m[pthread wrapper] 
[0m[1;34m[pthread wrapper] MAIN -> 0
[0m[1;34m[pthread wrapper] PIN_MASK: [0m[1;34m0->1  [0m[1;34m1->2  [0m[1;34m2->3  [0m[1;34m3->4  [0m[1;34m4->5  [0m[1;34m5->12  [0m[1;34m6->13  [0m[1;34m7->14  [0m[1;34m8->15  [0m[1;34m9->16  [0m[1;34m10->17  [0m[1;34m11->6  [0m[1;34m12->7  [0m[1;34m13->8  [0m[1;34m14->9  [0m[1;34m15->10  [0m[1;34m16->11  [0m[1;34m17->18  [0m[1;34m18->19  [0m[1;34m19->20  [0m[1;34m20->21  [0m[1;34m21->22  [0m[1;34m22->23  [0m[1;34m
[pthread wrapper] SKIP MASK: 0x0
[0m[1;34m	threadid 140440035153664 -> core 1 - OK[0m[1;34m
[0m[1;34m	threadid 140440026760960 -> core 2 - OK[0m[1;34m
[0m[1;34m	threadid 140440018368256 -> core 3 - OK[0m[1;34m
[0m[1;34m	threadid 140440009975552 -> core 4 - OK[0m[1;34m
[0m[1;34m	threadid 140440001582848 -> core 5 - OK[0m[1;34m
[0m[1;34m	threadid 140439993190144 -> core 12 - OK[0m[1;34m
[0m[1;34m	threadid 140439984797440 -> core 13 - OK[0m[1;34m
[0m[1;34m	threadid 140439976404736 -> core 14 - OK[0m[1;34m
[0m[1;34m	threadid 140439968012032 -> core 15 - OK[0m[1;34m
[0m[1;34m	threadid 140439959619328 -> core 16 - OK[0m[1;34m
[0m[1;34m	threadid 140439951226624 -> core 17 - OK[0m[1;34m
[0m[1;34m	threadid 140439942833920 -> core 6 - OK[0m[1;34m
[0m[1;34m	threadid 140439934441216 -> core 7 - OK[0m[1;34m
[0m[1;34m	threadid 140439926048512 -> core 8 - OK[0m[1;34m
[0m[1;34m	threadid 140439917655808 -> core 9 - OK[0m[1;34m
[0m[1;34m	threadid 140439909263104 -> core 10 - OK[0m[1;34m
[0m[1;34m	threadid 140439900870400 -> core 11 - OK[0m[1;34m
[0m[1;34m	threadid 140439892477696 -> core 18 - OK[0m[1;34m
[0m[1;34m	threadid 140439884084992 -> core 19 - OK[0m[1;34m
[0m[1;34m	threadid 140439875692288 -> core 20 - OK[0m[1;34m
[0m[1;34m	threadid 140439867299584 -> core 21 - OK[0m[1;34m
[0m[1;34m	threadid 140439858906880 -> core 22 - OK[0m[1;34m
[0m[1;34m	threadid 140439850514176 -> core 23 - OK[0m[1;34m
[0mFLOPs in stencil code:      1.612620e+09
Time spent in stencil code: 0.044686
Performance in GFlop/s:     36.087941
