[1;34m[pthread wrapper] 
[0m[1;34m[pthread wrapper] MAIN -> 0
[0m[1;34m[pthread wrapper] PIN_MASK: [0m[1;34m0->1  [0m[1;34m1->2  [0m[1;34m2->3  [0m[1;34m3->4  [0m[1;34m4->5  [0m[1;34m5->6  [0m[1;34m6->7  [0m[1;34m7->8  [0m[1;34m8->9  [0m[1;34m9->10  [0m[1;34m10->11  [0m[1;34m11->12  [0m[1;34m12->13  [0m[1;34m13->14  [0m[1;34m14->15  [0m[1;34m
[pthread wrapper] SKIP MASK: 0x0
[0m[1;34m	threadid 140002553140992 -> core 1 - OK[0m[1;34m
[0m[1;34m	threadid 140002544748288 -> core 2 - OK[0m[1;34m
[0m[1;34m	threadid 140002536355584 -> core 3 - OK[0m[1;34m
[0m[1;34m	threadid 140002527962880 -> core 4 - OK[0m[1;34m
[0m[1;34m	threadid 140002519570176 -> core 5 - OK[0m[1;34m
[0m[1;34m	threadid 140002511177472 -> core 6 - OK[0m[1;34m
[0m[1;34m	threadid 140002502784768 -> core 7 - OK[0m[1;34m
[0m[1;34m	threadid 140002494392064 -> core 8 - OK[0m[1;34m
[0m[1;34m	threadid 140002485999360 -> core 9 - OK[0m[1;34m
[0m[1;34m	threadid 140002477606656 -> core 10 - OK[0m[1;34m
[0m[1;34m	threadid 140002469213952 -> core 11 - OK[0m[1;34m
[0m[1;34m	threadid 140002460821248 -> core 12 - OK[0m[1;34m
[0m[1;34m	threadid 140002452428544 -> core 13 - OK[0m[1;34m
[0m[1;34m	threadid 140002444035840 -> core 14 - OK[0m[1;34m
[0m[1;34m	threadid 140002435643136 -> core 15 - OK[0m[1;34m
[0mFLOPs in stencil code:      1.612620e+09
Time spent in stencil code: 0.063510
Performance in GFlop/s:     25.391520
[1;34m[pthread wrapper] 
[0m[1;34m[pthread wrapper] MAIN -> 0
[0m[1;34m[pthread wrapper] PIN_MASK: [0m[1;34m0->1  [0m[1;34m1->2  [0m[1;34m2->3  [0m[1;34m3->4  [0m[1;34m4->5  [0m[1;34m5->6  [0m[1;34m6->7  [0m[1;34m7->8  [0m[1;34m8->9  [0m[1;34m9->10  [0m[1;34m10->11  [0m[1;34m11->12  [0m[1;34m12->13  [0m[1;34m13->14  [0m[1;34m14->15  [0m[1;34m
[pthread wrapper] SKIP MASK: 0x0
[0m[1;34m	threadid 139680272533248 -> core 1 - OK[0m[1;34m
[0m[1;34m	threadid 139680264140544 -> core 2 - OK[0m[1;34m
[0m[1;34m	threadid 139680255747840 -> core 3 - OK[0m[1;34m
[0m[1;34m	threadid 139680247355136 -> core 4 - OK[0m[1;34m
[0m[1;34m	threadid 139680238962432 -> core 5 - OK[0m[1;34m
[0m[1;34m	threadid 139680230569728 -> core 6 - OK[0m[1;34m
[0m[1;34m	threadid 139680222177024 -> core 7 - OK[0m[1;34m
[0m[1;34m	threadid 139680213784320 -> core 8 - OK[0m[1;34m
[0m[1;34m	threadid 139680205391616 -> core 9 - OK[0m[1;34m
[0m[1;34m	threadid 139680196998912 -> core 10 - OK[0m[1;34m
[0m[1;34m	threadid 139680188606208 -> core 11 - OK[0m[1;34m
[0m[1;34m	threadid 139680180213504 -> core 12 - OK[0m[1;34m
[0m[1;34m	threadid 139680171820800 -> core 13 - OK[0m[1;34m
[0m[1;34m	threadid 139680163428096 -> core 14 - OK[0m[1;34m
[0m[1;34m	threadid 139680155035392 -> core 15 - OK[0m[1;34m
[0mFLOPs in stencil code:      1.612620e+09
Time spent in stencil code: 0.063209
Performance in GFlop/s:     25.512579
[1;34m[pthread wrapper] 
[0m[1;34m[pthread wrapper] MAIN -> 0
[0m[1;34m[pthread wrapper] PIN_MASK: [0m[1;34m0->1  [0m[1;34m1->2  [0m[1;34m2->3  [0m[1;34m3->4  [0m[1;34m4->5  [0m[1;34m5->6  [0m[1;34m6->7  [0m[1;34m7->8  [0m[1;34m8->9  [0m[1;34m9->10  [0m[1;34m10->11  [0m[1;34m11->12  [0m[1;34m12->13  [0m[1;34m13->14  [0m[1;34m14->15  [0m[1;34m
[pthread wrapper] SKIP MASK: 0x0
[0m[1;34m	threadid 139973652223744 -> core 1 - OK[0m[1;34m
[0m[1;34m	threadid 139973643831040 -> core 2 - OK[0m[1;34m
[0m[1;34m	threadid 139973635438336 -> core 3 - OK[0m[1;34m
[0m[1;34m	threadid 139973627045632 -> core 4 - OK[0m[1;34m
[0m[1;34m	threadid 139973618652928 -> core 5 - OK[0m[1;34m
[0m[1;34m	threadid 139973610260224 -> core 6 - OK[0m[1;34m
[0m[1;34m	threadid 139973601867520 -> core 7 - OK[0m[1;34m
[0m[1;34m	threadid 139973593474816 -> core 8 - OK[0m[1;34m
[0m[1;34m	threadid 139973585082112 -> core 9 - OK[0m[1;34m
[0m[1;34m	threadid 139973576689408 -> core 10 - OK[0m[1;34m
[0m[1;34m	threadid 139973568296704 -> core 11 - OK[0m[1;34m
[0m[1;34m	threadid 139973559904000 -> core 12 - OK[0m[1;34m
[0m[1;34m	threadid 139973551511296 -> core 13 - OK[0m[1;34m
[0m[1;34m	threadid 139973543118592 -> core 14 - OK[0m[1;34m
[0m[1;34m	threadid 139973534725888 -> core 15 - OK[0m[1;34m
[0mFLOPs in stencil code:      1.612620e+09
Time spent in stencil code: 0.063780
Performance in GFlop/s:     25.284074
[1;34m[pthread wrapper] 
[0m[1;34m[pthread wrapper] MAIN -> 0
[0m[1;34m[pthread wrapper] PIN_MASK: [0m[1;34m0->1  [0m[1;34m1->2  [0m[1;34m2->3  [0m[1;34m3->4  [0m[1;34m4->5  [0m[1;34m5->6  [0m[1;34m6->7  [0m[1;34m7->8  [0m[1;34m8->9  [0m[1;34m9->10  [0m[1;34m10->11  [0m[1;34m11->12  [0m[1;34m12->13  [0m[1;34m13->14  [0m[1;34m14->15  [0m[1;34m
[pthread wrapper] SKIP MASK: 0x0
[0m[1;34m	threadid 139980038407936 -> core 1 - OK[0m[1;34m
[0m[1;34m	threadid 139980030015232 -> core 2 - OK[0m[1;34m
[0m[1;34m	threadid 139980021622528 -> core 3 - OK[0m[1;34m
[0m[1;34m	threadid 139980013229824 -> core 4 - OK[0m[1;34m
[0m[1;34m	threadid 139980004837120 -> core 5 - OK[0m[1;34m
[0m[1;34m	threadid 139979996444416 -> core 6 - OK[0m[1;34m
[0m[1;34m	threadid 139979988051712 -> core 7 - OK[0m[1;34m
[0m[1;34m	threadid 139979979659008 -> core 8 - OK[0m[1;34m
[0m[1;34m	threadid 139979971266304 -> core 9 - OK[0m[1;34m
[0m[1;34m	threadid 139979962873600 -> core 10 - OK[0m[1;34m
[0m[1;34m	threadid 139979954480896 -> core 11 - OK[0m[1;34m
[0m[1;34m	threadid 139979946088192 -> core 12 - OK[0m[1;34m
[0m[1;34m	threadid 139979937695488 -> core 13 - OK[0m[1;34m
[0m[1;34m	threadid 139979929302784 -> core 14 - OK[0m[1;34m
[0m[1;34m	threadid 139979920910080 -> core 15 - OK[0m[1;34m
[0mFLOPs in stencil code:      1.612620e+09
Time spent in stencil code: 0.063413
Performance in GFlop/s:     25.430470
[1;34m[pthread wrapper] 
[0m[1;34m[pthread wrapper] MAIN -> 0
[0m[1;34m[pthread wrapper] PIN_MASK: [0m[1;34m0->1  [0m[1;34m1->2  [0m[1;34m2->3  [0m[1;34m3->4  [0m[1;34m4->5  [0m[1;34m5->6  [0m[1;34m6->7  [0m[1;34m7->8  [0m[1;34m8->9  [0m[1;34m9->10  [0m[1;34m10->11  [0m[1;34m11->12  [0m[1;34m12->13  [0m[1;34m13->14  [0m[1;34m14->15  [0m[1;34m
[pthread wrapper] SKIP MASK: 0x0
[0m[1;34m	threadid 140637365700352 -> core 1 - OK[0m[1;34m
[0m[1;34m	threadid 140637357307648 -> core 2 - OK[0m[1;34m
[0m[1;34m	threadid 140637348914944 -> core 3 - OK[0m[1;34m
[0m[1;34m	threadid 140637340522240 -> core 4 - OK[0m[1;34m
[0m[1;34m	threadid 140637332129536 -> core 5 - OK[0m[1;34m
[0m[1;34m	threadid 140637323736832 -> core 6 - OK[0m[1;34m
[0m[1;34m	threadid 140637315344128 -> core 7 - OK[0m[1;34m
[0m[1;34m	threadid 140637306951424 -> core 8 - OK[0m[1;34m
[0m[1;34m	threadid 140637298558720 -> core 9 - OK[0m[1;34m
[0m[1;34m	threadid 140637290166016 -> core 10 - OK[0m[1;34m
[0m[1;34m	threadid 140637281773312 -> core 11 - OK[0m[1;34m
[0m[1;34m	threadid 140637273380608 -> core 12 - OK[0m[1;34m
[0m[1;34m	threadid 140637264987904 -> core 13 - OK[0m[1;34m
[0m[1;34m	threadid 140637256595200 -> core 14 - OK[0m[1;34m
[0m[1;34m	threadid 140637248202496 -> core 15 - OK[0m[1;34m
[0mFLOPs in stencil code:      1.612620e+09
Time spent in stencil code: 0.063436
Performance in GFlop/s:     25.421199
