[1;34m[pthread wrapper] 
[0m[1;34m[pthread wrapper] MAIN -> 0
[0m[1;34m[pthread wrapper] PIN_MASK: [0m[1;34m0->1  [0m[1;34m1->2  [0m[1;34m2->3  [0m[1;34m3->4  [0m[1;34m4->5  [0m[1;34m5->12  [0m[1;34m6->13  [0m[1;34m7->6  [0m[1;34m8->7  [0m[1;34m9->8  [0m[1;34m10->9  [0m[1;34m11->10  [0m[1;34m12->11  [0m[1;34m13->18  [0m[1;34m14->19  [0m[1;34m
[pthread wrapper] SKIP MASK: 0x0
[0m[1;34m	threadid 139836905252608 -> core 1 - OK[0m[1;34m
[0m[1;34m	threadid 139836896859904 -> core 2 - OK[0m[1;34m
[0m[1;34m	threadid 139836888467200 -> core 3 - OK[0m[1;34m
[0m[1;34m	threadid 139836880074496 -> core 4 - OK[0m[1;34m
[0m[1;34m	threadid 139836871681792 -> core 5 - OK[0m[1;34m
[0m[1;34m	threadid 139836863289088 -> core 12 - OK[0m[1;34m
[0m[1;34m	threadid 139836854896384 -> core 13 - OK[0m[1;34m
[0m[1;34m	threadid 139836846503680 -> core 6 - OK[0m[1;34m
[0m[1;34m	threadid 139836838110976 -> core 7 - OK[0m[1;34m
[0m[1;34m	threadid 139836829718272 -> core 8 - OK[0m[1;34m
[0m[1;34m	threadid 139836821325568 -> core 9 - OK[0m[1;34m
[0m[1;34m	threadid 139836812932864 -> core 10 - OK[0m[1;34m
[0m[1;34m	threadid 139836804540160 -> core 11 - OK[0m[1;34m
[0m[1;34m	threadid 139836796147456 -> core 18 - OK[0m[1;34m
[0m[1;34m	threadid 139836787754752 -> core 19 - OK[0m[1;34m
[0mFLOPs in stencil code:      1.612620e+09
Time spent in stencil code: 0.062786
Performance in GFlop/s:     25.684346
[1;34m[pthread wrapper] 
[0m[1;34m[pthread wrapper] MAIN -> 0
[0m[1;34m[pthread wrapper] PIN_MASK: [0m[1;34m0->1  [0m[1;34m1->2  [0m[1;34m2->3  [0m[1;34m3->4  [0m[1;34m4->5  [0m[1;34m5->12  [0m[1;34m6->13  [0m[1;34m7->6  [0m[1;34m8->7  [0m[1;34m9->8  [0m[1;34m10->9  [0m[1;34m11->10  [0m[1;34m12->11  [0m[1;34m13->18  [0m[1;34m14->19  [0m[1;34m
[pthread wrapper] SKIP MASK: 0x0
[0m[1;34m	threadid 140368039601920 -> core 1 - OK[0m[1;34m
[0m[1;34m	threadid 140368031209216 -> core 2 - OK[0m[1;34m
[0m[1;34m	threadid 140368022816512 -> core 3 - OK[0m[1;34m
[0m[1;34m	threadid 140368014423808 -> core 4 - OK[0m[1;34m
[0m[1;34m	threadid 140368006031104 -> core 5 - OK[0m[1;34m
[0m[1;34m	threadid 140367997638400 -> core 12 - OK[0m[1;34m
[0m[1;34m	threadid 140367989245696 -> core 13 - OK[0m[1;34m
[0m[1;34m	threadid 140367980852992 -> core 6 - OK[0m[1;34m
[0m[1;34m	threadid 140367972460288 -> core 7 - OK[0m[1;34m
[0m[1;34m	threadid 140367964067584 -> core 8 - OK[0m[1;34m
[0m[1;34m	threadid 140367955674880 -> core 9 - OK[0m[1;34m
[0m[1;34m	threadid 140367947282176 -> core 10 - OK[0m[1;34m
[0m[1;34m	threadid 140367938889472 -> core 11 - OK[0m[1;34m
[0m[1;34m	threadid 140367930496768 -> core 18 - OK[0m[1;34m
[0m[1;34m	threadid 140367922104064 -> core 19 - OK[0m[1;34m
[0mFLOPs in stencil code:      1.612620e+09
Time spent in stencil code: 0.062947
Performance in GFlop/s:     25.618681
[1;34m[pthread wrapper] 
[0m[1;34m[pthread wrapper] MAIN -> 0
[0m[1;34m[pthread wrapper] PIN_MASK: [0m[1;34m0->1  [0m[1;34m1->2  [0m[1;34m2->3  [0m[1;34m3->4  [0m[1;34m4->5  [0m[1;34m5->12  [0m[1;34m6->13  [0m[1;34m7->6  [0m[1;34m8->7  [0m[1;34m9->8  [0m[1;34m10->9  [0m[1;34m11->10  [0m[1;34m12->11  [0m[1;34m13->18  [0m[1;34m14->19  [0m[1;34m
[pthread wrapper] SKIP MASK: 0x0
[0m[1;34m	threadid 140672352704256 -> core 1 - OK[0m[1;34m
[0m[1;34m	threadid 140672344311552 -> core 2 - OK[0m[1;34m
[0m[1;34m	threadid 140672335918848 -> core 3 - OK[0m[1;34m
[0m[1;34m	threadid 140672327526144 -> core 4 - OK[0m[1;34m
[0m[1;34m	threadid 140672319133440 -> core 5 - OK[0m[1;34m
[0m[1;34m	threadid 140672310740736 -> core 12 - OK[0m[1;34m
[0m[1;34m	threadid 140672302348032 -> core 13 - OK[0m[1;34m
[0m[1;34m	threadid 140672293955328 -> core 6 - OK[0m[1;34m
[0m[1;34m	threadid 140672285562624 -> core 7 - OK[0m[1;34m
[0m[1;34m	threadid 140672277169920 -> core 8 - OK[0m[1;34m
[0m[1;34m	threadid 140672268777216 -> core 9 - OK[0m[1;34m
[0m[1;34m	threadid 140672260384512 -> core 10 - OK[0m[1;34m
[0m[1;34m	threadid 140672251991808 -> core 11 - OK[0m[1;34m
[0m[1;34m	threadid 140672243599104 -> core 18 - OK[0m[1;34m
[0m[1;34m	threadid 140672235206400 -> core 19 - OK[0m[1;34m
[0mFLOPs in stencil code:      1.612620e+09
Time spent in stencil code: 0.063877
Performance in GFlop/s:     25.245665
[1;34m[pthread wrapper] 
[0m[1;34m[pthread wrapper] MAIN -> 0
[0m[1;34m[pthread wrapper] PIN_MASK: [0m[1;34m0->1  [0m[1;34m1->2  [0m[1;34m2->3  [0m[1;34m3->4  [0m[1;34m4->5  [0m[1;34m5->12  [0m[1;34m6->13  [0m[1;34m7->6  [0m[1;34m8->7  [0m[1;34m9->8  [0m[1;34m10->9  [0m[1;34m11->10  [0m[1;34m12->11  [0m[1;34m13->18  [0m[1;34m14->19  [0m[1;34m
[pthread wrapper] SKIP MASK: 0x0
[0m[1;34m	threadid 140257682360064 -> core 1 - OK[0m[1;34m
[0m[1;34m	threadid 140257673967360 -> core 2 - OK[0m[1;34m
[0m[1;34m	threadid 140257665574656 -> core 3 - OK[0m[1;34m
[0m[1;34m	threadid 140257657181952 -> core 4 - OK[0m[1;34m
[0m[1;34m	threadid 140257648789248 -> core 5 - OK[0m[1;34m
[0m[1;34m	threadid 140257640396544 -> core 12 - OK[0m[1;34m
[0m[1;34m	threadid 140257632003840 -> core 13 - OK[0m[1;34m
[0m[1;34m	threadid 140257623611136 -> core 6 - OK[0m[1;34m
[0m[1;34m	threadid 140257615218432 -> core 7 - OK[0m[1;34m
[0m[1;34m	threadid 140257606825728 -> core 8 - OK[0m[1;34m
[0m[1;34m	threadid 140257598433024 -> core 9 - OK[0m[1;34m
[0m[1;34m	threadid 140257590040320 -> core 10 - OK[0m[1;34m
[0m[1;34m	threadid 140257581647616 -> core 11 - OK[0m[1;34m
[0m[1;34m	threadid 140257573254912 -> core 18 - OK[0m[1;34m
[0m[1;34m	threadid 140257564862208 -> core 19 - OK[0m[1;34m
[0mFLOPs in stencil code:      1.612620e+09
Time spent in stencil code: 0.062709
Performance in GFlop/s:     25.715888
[1;34m[pthread wrapper] 
[0m[1;34m[pthread wrapper] MAIN -> 0
[0m[1;34m[pthread wrapper] PIN_MASK: [0m[1;34m0->1  [0m[1;34m1->2  [0m[1;34m2->3  [0m[1;34m3->4  [0m[1;34m4->5  [0m[1;34m5->12  [0m[1;34m6->13  [0m[1;34m7->6  [0m[1;34m8->7  [0m[1;34m9->8  [0m[1;34m10->9  [0m[1;34m11->10  [0m[1;34m12->11  [0m[1;34m13->18  [0m[1;34m14->19  [0m[1;34m
[pthread wrapper] SKIP MASK: 0x0
[0m[1;34m	threadid 140710126601984 -> core 1 - OK[0m[1;34m
[0m[1;34m	threadid 140710118209280 -> core 2 - OK[0m[1;34m
[0m[1;34m	threadid 140710109816576 -> core 3 - OK[0m[1;34m
[0m[1;34m	threadid 140710101423872 -> core 4 - OK[0m[1;34m
[0m[1;34m	threadid 140710093031168 -> core 5 - OK[0m[1;34m
[0m[1;34m	threadid 140710084638464 -> core 12 - OK[0m[1;34m
[0m[1;34m	threadid 140710076245760 -> core 13 - OK[0m[1;34m
[0m[1;34m	threadid 140710067853056 -> core 6 - OK[0m[1;34m
[0m[1;34m	threadid 140710059460352 -> core 7 - OK[0m[1;34m
[0m[1;34m	threadid 140710051067648 -> core 8 - OK[0m[1;34m
[0m[1;34m	threadid 140710042674944 -> core 9 - OK[0m[1;34m
[0m[1;34m	threadid 140710034282240 -> core 10 - OK[0m[1;34m
[0m[1;34m	threadid 140710025889536 -> core 11 - OK[0m[1;34m
[0m[1;34m	threadid 140710017496832 -> core 18 - OK[0m[1;34m
[0m[1;34m	threadid 140710009104128 -> core 19 - OK[0m[1;34m
[0mFLOPs in stencil code:      1.612620e+09
Time spent in stencil code: 0.062891
Performance in GFlop/s:     25.641504
