[1;34m[pthread wrapper] 
[0m[1;34m[pthread wrapper] MAIN -> 0
[0m[1;34m[pthread wrapper] PIN_MASK: [0m[1;34m0->1  [0m[1;34m1->2  [0m[1;34m2->3  [0m[1;34m3->6  [0m[1;34m4->7  [0m[1;34m5->8  [0m[1;34m6->9  [0m[1;34m
[pthread wrapper] SKIP MASK: 0x0
[0m[1;34m	threadid 140118723069696 -> core 1 - OK[0m[1;34m
[0m[1;34m	threadid 140118714676992 -> core 2 - OK[0m[1;34m
[0m[1;34m	threadid 140118706284288 -> core 3 - OK[0m[1;34m
[0m[1;34m	threadid 140118697891584 -> core 6 - OK[0m[1;34m
[0m[1;34m	threadid 140118689498880 -> core 7 - OK[0m[1;34m
[0m[1;34m	threadid 140118681106176 -> core 8 - OK[0m[1;34m
[0m[1;34m	threadid 140118672713472 -> core 9 - OK[0m[1;34m
[0mFLOPs in stencil code:      1.612620e+09
Time spent in stencil code: 0.068376
Performance in GFlop/s:     23.584569
[1;34m[pthread wrapper] 
[0m[1;34m[pthread wrapper] MAIN -> 0
[0m[1;34m[pthread wrapper] PIN_MASK: [0m[1;34m0->1  [0m[1;34m1->2  [0m[1;34m2->3  [0m[1;34m3->6  [0m[1;34m4->7  [0m[1;34m5->8  [0m[1;34m6->9  [0m[1;34m
[pthread wrapper] SKIP MASK: 0x0
[0m[1;34m	threadid 139687599245056 -> core 1 - OK[0m[1;34m
[0m[1;34m	threadid 139687590852352 -> core 2 - OK[0m[1;34m
[0m[1;34m	threadid 139687582459648 -> core 3 - OK[0m[1;34m
[0m[1;34m	threadid 139687574066944 -> core 6 - OK[0m[1;34m
[0m[1;34m	threadid 139687565674240 -> core 7 - OK[0m[1;34m
[0m[1;34m	threadid 139687557281536 -> core 8 - OK[0m[1;34m
[0m[1;34m	threadid 139687548888832 -> core 9 - OK[0m[1;34m
[0mFLOPs in stencil code:      1.612620e+09
Time spent in stencil code: 0.068177
Performance in GFlop/s:     23.653437
[1;34m[pthread wrapper] 
[0m[1;34m[pthread wrapper] MAIN -> 0
[0m[1;34m[pthread wrapper] PIN_MASK: [0m[1;34m0->1  [0m[1;34m1->2  [0m[1;34m2->3  [0m[1;34m3->6  [0m[1;34m4->7  [0m[1;34m5->8  [0m[1;34m6->9  [0m[1;34m
[pthread wrapper] SKIP MASK: 0x0
[0m[1;34m	threadid 140440626005760 -> core 1 - OK[0m[1;34m
[0m[1;34m	threadid 140440617613056 -> core 2 - OK[0m[1;34m
[0m[1;34m	threadid 140440609220352 -> core 3 - OK[0m[1;34m
[0m[1;34m	threadid 140440600827648 -> core 6 - OK[0m[1;34m
[0m[1;34m	threadid 140440592434944 -> core 7 - OK[0m[1;34m
[0m[1;34m	threadid 140440584042240 -> core 8 - OK[0m[1;34m
[0m[1;34m	threadid 140440575649536 -> core 9 - OK[0m[1;34m
[0mFLOPs in stencil code:      1.612620e+09
Time spent in stencil code: 0.068293
Performance in GFlop/s:     23.613304
[1;34m[pthread wrapper] 
[0m[1;34m[pthread wrapper] MAIN -> 0
[0m[1;34m[pthread wrapper] PIN_MASK: [0m[1;34m0->1  [0m[1;34m1->2  [0m[1;34m2->3  [0m[1;34m3->6  [0m[1;34m4->7  [0m[1;34m5->8  [0m[1;34m6->9  [0m[1;34m
[pthread wrapper] SKIP MASK: 0x0
[0m[1;34m	threadid 140016188192512 -> core 1 - OK[0m[1;34m
[0m[1;34m	threadid 140016179799808 -> core 2 - OK[0m[1;34m
[0m[1;34m	threadid 140016171407104 -> core 3 - OK[0m[1;34m
[0m[1;34m	threadid 140016163014400 -> core 6 - OK[0m[1;34m
[0m[1;34m	threadid 140016154621696 -> core 7 - OK[0m[1;34m
[0m[1;34m	threadid 140016146228992 -> core 8 - OK[0m[1;34m
[0m[1;34m	threadid 140016137836288 -> core 9 - OK[0m[1;34m
[0mFLOPs in stencil code:      1.612620e+09
Time spent in stencil code: 0.068163
Performance in GFlop/s:     23.658318
[1;34m[pthread wrapper] 
[0m[1;34m[pthread wrapper] MAIN -> 0
[0m[1;34m[pthread wrapper] PIN_MASK: [0m[1;34m0->1  [0m[1;34m1->2  [0m[1;34m2->3  [0m[1;34m3->6  [0m[1;34m4->7  [0m[1;34m5->8  [0m[1;34m6->9  [0m[1;34m
[pthread wrapper] SKIP MASK: 0x0
[0m[1;34m	threadid 139647529498368 -> core 1 - OK[0m[1;34m
[0m[1;34m	threadid 139647521105664 -> core 2 - OK[0m[1;34m
[0m[1;34m	threadid 139647512712960 -> core 3 - OK[0m[1;34m
[0m[1;34m	threadid 139647504320256 -> core 6 - OK[0m[1;34m
[0m[1;34m	threadid 139647495927552 -> core 7 - OK[0m[1;34m
[0m[1;34m	threadid 139647487534848 -> core 8 - OK[0m[1;34m
[0m[1;34m	threadid 139647479142144 -> core 9 - OK[0m[1;34m
[0mFLOPs in stencil code:      1.612620e+09
Time spent in stencil code: 0.068336
Performance in GFlop/s:     23.598393
