[1;34m[pthread wrapper] 
[0m[1;34m[pthread wrapper] MAIN -> 0
[0m[1;34m[pthread wrapper] PIN_MASK: [0m[1;34m0->1  [0m[1;34m1->2  [0m[1;34m2->3  [0m[1;34m3->4  [0m[1;34m4->5  [0m[1;34m5->12  [0m[1;34m6->13  [0m[1;34m7->14  [0m[1;34m8->15  [0m[1;34m9->16  [0m[1;34m10->17  [0m[1;34m11->6  [0m[1;34m12->7  [0m[1;34m13->8  [0m[1;34m14->9  [0m[1;34m15->10  [0m[1;34m16->11  [0m[1;34m17->18  [0m[1;34m18->19  [0m[1;34m19->20  [0m[1;34m20->21  [0m[1;34m21->22  [0m[1;34m22->23  [0m[1;34m
[pthread wrapper] SKIP MASK: 0x0
[0m[1;34m	threadid 140521204147968 -> core 1 - OK[0m[1;34m
[0m[1;34m	threadid 140521195755264 -> core 2 - OK[0m[1;34m
[0m[1;34m	threadid 140521187362560 -> core 3 - OK[0m[1;34m
[0m[1;34m	threadid 140521178969856 -> core 4 - OK[0m[1;34m
[0m[1;34m	threadid 140521170577152 -> core 5 - OK[0m[1;34m
[0m[1;34m	threadid 140521162184448 -> core 12 - OK[0m[1;34m
[0m[1;34m	threadid 140521153791744 -> core 13 - OK[0m[1;34m
[0m[1;34m	threadid 140521145399040 -> core 14 - OK[0m[1;34m
[0m[1;34m	threadid 140521137006336 -> core 15 - OK[0m[1;34m
[0m[1;34m	threadid 140521128613632 -> core 16 - OK[0m[1;34m
[0m[1;34m	threadid 140521120220928 -> core 17 - OK[0m[1;34m
[0m[1;34m	threadid 140521111828224 -> core 6 - OK[0m[1;34m
[0m[1;34m	threadid 140521103435520 -> core 7 - OK[0m[1;34m
[0m[1;34m	threadid 140521095042816 -> core 8 - OK[0m[1;34m
[0m[1;34m	threadid 140521086650112 -> core 9 - OK[0m[1;34m
[0m[1;34m	threadid 140521078257408 -> core 10 - OK[0m[1;34m
[0m[1;34m	threadid 140521069864704 -> core 11 - OK[0m[1;34m
[0m[1;34m	threadid 140521061472000 -> core 18 - OK[0m[1;34m
[0m[1;34m	threadid 140521053079296 -> core 19 - OK[0m[1;34m
[0m[1;34m	threadid 140521044686592 -> core 20 - OK[0m[1;34m
[0m[1;34m	threadid 140521036293888 -> core 21 - OK[0m[1;34m
[0m[1;34m	threadid 140521027901184 -> core 22 - OK[0m[1;34m
[0m[1;34m	threadid 140521019508480 -> core 23 - OK[0m[1;34m
[0mFLOPs in stencil code:      1.612620e+09
Time spent in stencil code: 0.044621
Performance in GFlop/s:     36.140390
[1;34m[pthread wrapper] 
[0m[1;34m[pthread wrapper] MAIN -> 0
[0m[1;34m[pthread wrapper] PIN_MASK: [0m[1;34m0->1  [0m[1;34m1->2  [0m[1;34m2->3  [0m[1;34m3->4  [0m[1;34m4->5  [0m[1;34m5->12  [0m[1;34m6->13  [0m[1;34m7->14  [0m[1;34m8->15  [0m[1;34m9->16  [0m[1;34m10->17  [0m[1;34m11->6  [0m[1;34m12->7  [0m[1;34m13->8  [0m[1;34m14->9  [0m[1;34m15->10  [0m[1;34m16->11  [0m[1;34m17->18  [0m[1;34m18->19  [0m[1;34m19->20  [0m[1;34m20->21  [0m[1;34m21->22  [0m[1;34m22->23  [0m[1;34m
[pthread wrapper] SKIP MASK: 0x0
[0m[1;34m	threadid 140503039772416 -> core 1 - OK[0m[1;34m
[0m[1;34m	threadid 140503031379712 -> core 2 - OK[0m[1;34m
[0m[1;34m	threadid 140503022987008 -> core 3 - OK[0m[1;34m
[0m[1;34m	threadid 140503014594304 -> core 4 - OK[0m[1;34m
[0m[1;34m	threadid 140503006201600 -> core 5 - OK[0m[1;34m
[0m[1;34m	threadid 140502997808896 -> core 12 - OK[0m[1;34m
[0m[1;34m	threadid 140502989416192 -> core 13 - OK[0m[1;34m
[0m[1;34m	threadid 140502981023488 -> core 14 - OK[0m[1;34m
[0m[1;34m	threadid 140502972630784 -> core 15 - OK[0m[1;34m
[0m[1;34m	threadid 140502964238080 -> core 16 - OK[0m[1;34m
[0m[1;34m	threadid 140502955845376 -> core 17 - OK[0m[1;34m
[0m[1;34m	threadid 140502947452672 -> core 6 - OK[0m[1;34m
[0m[1;34m	threadid 140502939059968 -> core 7 - OK[0m[1;34m
[0m[1;34m	threadid 140502930667264 -> core 8 - OK[0m[1;34m
[0m[1;34m	threadid 140502922274560 -> core 9 - OK[0m[1;34m
[0m[1;34m	threadid 140502913881856 -> core 10 - OK[0m[1;34m
[0m[1;34m	threadid 140502905489152 -> core 11 - OK[0m[1;34m
[0m[1;34m	threadid 140502897096448 -> core 18 - OK[0m[1;34m
[0m[1;34m	threadid 140502888703744 -> core 19 - OK[0m[1;34m
[0m[1;34m	threadid 140502880311040 -> core 20 - OK[0m[1;34m
[0m[1;34m	threadid 140502871918336 -> core 21 - OK[0m[1;34m
[0m[1;34m	threadid 140502863525632 -> core 22 - OK[0m[1;34m
[0m[1;34m	threadid 140502855132928 -> core 23 - OK[0m[1;34m
[0mFLOPs in stencil code:      1.612620e+09
Time spent in stencil code: 0.044579
Performance in GFlop/s:     36.174408
[1;34m[pthread wrapper] 
[0m[1;34m[pthread wrapper] MAIN -> 0
[0m[1;34m[pthread wrapper] PIN_MASK: [0m[1;34m0->1  [0m[1;34m1->2  [0m[1;34m2->3  [0m[1;34m3->4  [0m[1;34m4->5  [0m[1;34m5->12  [0m[1;34m6->13  [0m[1;34m7->14  [0m[1;34m8->15  [0m[1;34m9->16  [0m[1;34m10->17  [0m[1;34m11->6  [0m[1;34m12->7  [0m[1;34m13->8  [0m[1;34m14->9  [0m[1;34m15->10  [0m[1;34m16->11  [0m[1;34m17->18  [0m[1;34m18->19  [0m[1;34m19->20  [0m[1;34m20->21  [0m[1;34m21->22  [0m[1;34m22->23  [0m[1;34m
[pthread wrapper] SKIP MASK: 0x0
[0m[1;34m	threadid 140577621358336 -> core 1 - OK[0m[1;34m
[0m[1;34m	threadid 140577612965632 -> core 2 - OK[0m[1;34m
[0m[1;34m	threadid 140577604572928 -> core 3 - OK[0m[1;34m
[0m[1;34m	threadid 140577596180224 -> core 4 - OK[0m[1;34m
[0m[1;34m	threadid 140577587787520 -> core 5 - OK[0m[1;34m
[0m[1;34m	threadid 140577579394816 -> core 12 - OK[0m[1;34m
[0m[1;34m	threadid 140577571002112 -> core 13 - OK[0m[1;34m
[0m[1;34m	threadid 140577562609408 -> core 14 - OK[0m[1;34m
[0m[1;34m	threadid 140577554216704 -> core 15 - OK[0m[1;34m
[0m[1;34m	threadid 140577545824000 -> core 16 - OK[0m[1;34m
[0m[1;34m	threadid 140577537431296 -> core 17 - OK[0m[1;34m
[0m[1;34m	threadid 140577529038592 -> core 6 - OK[0m[1;34m
[0m[1;34m	threadid 140577520645888 -> core 7 - OK[0m[1;34m
[0m[1;34m	threadid 140577512253184 -> core 8 - OK[0m[1;34m
[0m[1;34m	threadid 140577503860480 -> core 9 - OK[0m[1;34m
[0m[1;34m	threadid 140577495467776 -> core 10 - OK[0m[1;34m
[0m[1;34m	threadid 140577487075072 -> core 11 - OK[0m[1;34m
[0m[1;34m	threadid 140577478682368 -> core 18 - OK[0m[1;34m
[0m[1;34m	threadid 140577470289664 -> core 19 - OK[0m[1;34m
[0m[1;34m	threadid 140577461896960 -> core 20 - OK[0m[1;34m
[0m[1;34m	threadid 140577453504256 -> core 21 - OK[0m[1;34m
[0m[1;34m	threadid 140577445111552 -> core 22 - OK[0m[1;34m
[0m[1;34m	threadid 140577436718848 -> core 23 - OK[0m[1;34m
[0mFLOPs in stencil code:      1.612620e+09
Time spent in stencil code: 0.044762
Performance in GFlop/s:     36.026432
[1;34m[pthread wrapper] 
[0m[1;34m[pthread wrapper] MAIN -> 0
[0m[1;34m[pthread wrapper] PIN_MASK: [0m[1;34m0->1  [0m[1;34m1->2  [0m[1;34m2->3  [0m[1;34m3->4  [0m[1;34m4->5  [0m[1;34m5->12  [0m[1;34m6->13  [0m[1;34m7->14  [0m[1;34m8->15  [0m[1;34m9->16  [0m[1;34m10->17  [0m[1;34m11->6  [0m[1;34m12->7  [0m[1;34m13->8  [0m[1;34m14->9  [0m[1;34m15->10  [0m[1;34m16->11  [0m[1;34m17->18  [0m[1;34m18->19  [0m[1;34m19->20  [0m[1;34m20->21  [0m[1;34m21->22  [0m[1;34m22->23  [0m[1;34m
[pthread wrapper] SKIP MASK: 0x0
[0m[1;34m	threadid 140319239014144 -> core 1 - OK[0m[1;34m
[0m[1;34m	threadid 140319230621440 -> core 2 - OK[0m[1;34m
[0m[1;34m	threadid 140319222228736 -> core 3 - OK[0m[1;34m
[0m[1;34m	threadid 140319213836032 -> core 4 - OK[0m[1;34m
[0m[1;34m	threadid 140319205443328 -> core 5 - OK[0m[1;34m
[0m[1;34m	threadid 140319197050624 -> core 12 - OK[0m[1;34m
[0m[1;34m	threadid 140319188657920 -> core 13 - OK[0m[1;34m
[0m[1;34m	threadid 140319180265216 -> core 14 - OK[0m[1;34m
[0m[1;34m	threadid 140319171872512 -> core 15 - OK[0m[1;34m
[0m[1;34m	threadid 140319163479808 -> core 16 - OK[0m[1;34m
[0m[1;34m	threadid 140319155087104 -> core 17 - OK[0m[1;34m
[0m[1;34m	threadid 140319146694400 -> core 6 - OK[0m[1;34m
[0m[1;34m	threadid 140319138301696 -> core 7 - OK[0m[1;34m
[0m[1;34m	threadid 140319129908992 -> core 8 - OK[0m[1;34m
[0m[1;34m	threadid 140319121516288 -> core 9 - OK[0m[1;34m
[0m[1;34m	threadid 140319113123584 -> core 10 - OK[0m[1;34m
[0m[1;34m	threadid 140319104730880 -> core 11 - OK[0m[1;34m
[0m[1;34m	threadid 140319096338176 -> core 18 - OK[0m[1;34m
[0m[1;34m	threadid 140319087945472 -> core 19 - OK[0m[1;34m
[0m[1;34m	threadid 140319079552768 -> core 20 - OK[0m[1;34m
[0m[1;34m	threadid 140319071160064 -> core 21 - OK[0m[1;34m
[0m[1;34m	threadid 140319062767360 -> core 22 - OK[0m[1;34m
[0m[1;34m	threadid 140319054374656 -> core 23 - OK[0m[1;34m
[0mFLOPs in stencil code:      1.612620e+09
Time spent in stencil code: 0.044584
Performance in GFlop/s:     36.170346
[1;34m[pthread wrapper] 
[0m[1;34m[pthread wrapper] MAIN -> 0
[0m[1;34m[pthread wrapper] PIN_MASK: [0m[1;34m0->1  [0m[1;34m1->2  [0m[1;34m2->3  [0m[1;34m3->4  [0m[1;34m4->5  [0m[1;34m5->12  [0m[1;34m6->13  [0m[1;34m7->14  [0m[1;34m8->15  [0m[1;34m9->16  [0m[1;34m10->17  [0m[1;34m11->6  [0m[1;34m12->7  [0m[1;34m13->8  [0m[1;34m14->9  [0m[1;34m15->10  [0m[1;34m16->11  [0m[1;34m17->18  [0m[1;34m18->19  [0m[1;34m19->20  [0m[1;34m20->21  [0m[1;34m21->22  [0m[1;34m22->23  [0m[1;34m
[pthread wrapper] SKIP MASK: 0x0
[0m[1;34m	threadid 140619743876864 -> core 1 - OK[0m[1;34m
[0m[1;34m	threadid 140619735484160 -> core 2 - OK[0m[1;34m
[0m[1;34m	threadid 140619727091456 -> core 3 - OK[0m[1;34m
[0m[1;34m	threadid 140619718698752 -> core 4 - OK[0m[1;34m
[0m[1;34m	threadid 140619710306048 -> core 5 - OK[0m[1;34m
[0m[1;34m	threadid 140619701913344 -> core 12 - OK[0m[1;34m
[0m[1;34m	threadid 140619693520640 -> core 13 - OK[0m[1;34m
[0m[1;34m	threadid 140619685127936 -> core 14 - OK[0m[1;34m
[0m[1;34m	threadid 140619676735232 -> core 15 - OK[0m[1;34m
[0m[1;34m	threadid 140619668342528 -> core 16 - OK[0m[1;34m
[0m[1;34m	threadid 140619659949824 -> core 17 - OK[0m[1;34m
[0m[1;34m	threadid 140619651557120 -> core 6 - OK[0m[1;34m
[0m[1;34m	threadid 140619643164416 -> core 7 - OK[0m[1;34m
[0m[1;34m	threadid 140619634771712 -> core 8 - OK[0m[1;34m
[0m[1;34m	threadid 140619626379008 -> core 9 - OK[0m[1;34m
[0m[1;34m	threadid 140619617986304 -> core 10 - OK[0m[1;34m
[0m[1;34m	threadid 140619609593600 -> core 11 - OK[0m[1;34m
[0m[1;34m	threadid 140619601200896 -> core 18 - OK[0m[1;34m
[0m[1;34m	threadid 140619592808192 -> core 19 - OK[0m[1;34m
[0m[1;34m	threadid 140619584415488 -> core 20 - OK[0m[1;34m
[0m[1;34m	threadid 140619576022784 -> core 21 - OK[0m[1;34m
[0m[1;34m	threadid 140619567630080 -> core 22 - OK[0m[1;34m
[0m[1;34m	threadid 140619559237376 -> core 23 - OK[0m[1;34m
[0mFLOPs in stencil code:      1.612620e+09
Time spent in stencil code: 0.044771
Performance in GFlop/s:     36.019334
