[1;34m[pthread wrapper] 
[0m[1;34m[pthread wrapper] MAIN -> 0
[0m[1;34m[pthread wrapper] PIN_MASK: [0m[1;34m0->1  [0m[1;34m1->2  [0m[1;34m2->3  [0m[1;34m3->4  [0m[1;34m4->5  [0m[1;34m5->12  [0m[1;34m6->13  [0m[1;34m
[pthread wrapper] SKIP MASK: 0x0
[0m[1;34m	threadid 139918575372032 -> core 1 - OK[0m[1;34m
[0m[1;34m	threadid 139918566979328 -> core 2 - OK[0m[1;34m
[0m[1;34m	threadid 139918558586624 -> core 3 - OK[0m[1;34m
[0m[1;34m	threadid 139918550193920 -> core 4 - OK[0m[1;34m
[0m[1;34m	threadid 139918541801216 -> core 5 - OK[0m[1;34m
[0m[1;34m	threadid 139918533408512 -> core 12 - OK[0m[1;34m
[0m[1;34m	threadid 139918525015808 -> core 13 - OK[0m[1;34m
[0mFLOPs in stencil code:      1.612620e+09
Time spent in stencil code: 0.123509
Performance in GFlop/s:     13.056708
[1;34m[pthread wrapper] 
[0m[1;34m[pthread wrapper] MAIN -> 0
[0m[1;34m[pthread wrapper] PIN_MASK: [0m[1;34m0->1  [0m[1;34m1->2  [0m[1;34m2->3  [0m[1;34m3->4  [0m[1;34m4->5  [0m[1;34m5->12  [0m[1;34m6->13  [0m[1;34m
[pthread wrapper] SKIP MASK: 0x0
[0m[1;34m	threadid 140128225261312 -> core 1 - OK[0m[1;34m
[0m[1;34m	threadid 140128216868608 -> core 2 - OK[0m[1;34m
[0m[1;34m	threadid 140128208475904 -> core 3 - OK[0m[1;34m
[0m[1;34m	threadid 140128200083200 -> core 4 - OK[0m[1;34m
[0m[1;34m	threadid 140128191690496 -> core 5 - OK[0m[1;34m
[0m[1;34m	threadid 140128183297792 -> core 12 - OK[0m[1;34m
[0m[1;34m	threadid 140128174905088 -> core 13 - OK[0m[1;34m
[0mFLOPs in stencil code:      1.612620e+09
Time spent in stencil code: 0.123121
Performance in GFlop/s:     13.097844
[1;34m[pthread wrapper] 
[0m[1;34m[pthread wrapper] MAIN -> 0
[0m[1;34m[pthread wrapper] PIN_MASK: [0m[1;34m0->1  [0m[1;34m1->2  [0m[1;34m2->3  [0m[1;34m3->4  [0m[1;34m4->5  [0m[1;34m5->12  [0m[1;34m6->13  [0m[1;34m
[pthread wrapper] SKIP MASK: 0x0
[0m[1;34m	threadid 140644376131328 -> core 1 - OK[0m[1;34m
[0m[1;34m	threadid 140644367738624 -> core 2 - OK[0m[1;34m
[0m[1;34m	threadid 140644359345920 -> core 3 - OK[0m[1;34m
[0m[1;34m	threadid 140644350953216 -> core 4 - OK[0m[1;34m
[0m[1;34m	threadid 140644342560512 -> core 5 - OK[0m[1;34m
[0m[1;34m	threadid 140644334167808 -> core 12 - OK[0m[1;34m
[0m[1;34m	threadid 140644325775104 -> core 13 - OK[0m[1;34m
[0mFLOPs in stencil code:      1.612620e+09
Time spent in stencil code: 0.123795
Performance in GFlop/s:     13.026532
[1;34m[pthread wrapper] 
[0m[1;34m[pthread wrapper] MAIN -> 0
[0m[1;34m[pthread wrapper] PIN_MASK: [0m[1;34m0->1  [0m[1;34m1->2  [0m[1;34m2->3  [0m[1;34m3->4  [0m[1;34m4->5  [0m[1;34m5->12  [0m[1;34m6->13  [0m[1;34m
[pthread wrapper] SKIP MASK: 0x0
[0m[1;34m	threadid 139739143669504 -> core 1 - OK[0m[1;34m
[0m[1;34m	threadid 139739135276800 -> core 2 - OK[0m[1;34m
[0m[1;34m	threadid 139739126884096 -> core 3 - OK[0m[1;34m
[0m[1;34m	threadid 139739118491392 -> core 4 - OK[0m[1;34m
[0m[1;34m	threadid 139739110098688 -> core 5 - OK[0m[1;34m
[0m[1;34m	threadid 139739101705984 -> core 12 - OK[0m[1;34m
[0m[1;34m	threadid 139739093313280 -> core 13 - OK[0m[1;34m
[0mFLOPs in stencil code:      1.612620e+09
Time spent in stencil code: 0.123181
Performance in GFlop/s:     13.091481
[1;34m[pthread wrapper] 
[0m[1;34m[pthread wrapper] MAIN -> 0
[0m[1;34m[pthread wrapper] PIN_MASK: [0m[1;34m0->1  [0m[1;34m1->2  [0m[1;34m2->3  [0m[1;34m3->4  [0m[1;34m4->5  [0m[1;34m5->12  [0m[1;34m6->13  [0m[1;34m
[pthread wrapper] SKIP MASK: 0x0
[0m[1;34m	threadid 139814882494208 -> core 1 - OK[0m[1;34m
[0m[1;34m	threadid 139814874101504 -> core 2 - OK[0m[1;34m
[0m[1;34m	threadid 139814865708800 -> core 3 - OK[0m[1;34m
[0m[1;34m	threadid 139814857316096 -> core 4 - OK[0m[1;34m
[0m[1;34m	threadid 139814848923392 -> core 5 - OK[0m[1;34m
[0m[1;34m	threadid 139814840530688 -> core 12 - OK[0m[1;34m
[0m[1;34m	threadid 139814832137984 -> core 13 - OK[0m[1;34m
[0mFLOPs in stencil code:      1.612620e+09
Time spent in stencil code: 0.123559
Performance in GFlop/s:     13.051417
