[1;34m[pthread wrapper] 
[0m[1;34m[pthread wrapper] MAIN -> 0
[0m[1;34m[pthread wrapper] PIN_MASK: [0m[1;34m0->1  [0m[1;34m1->2  [0m[1;34m2->3  [0m[1;34m
[pthread wrapper] SKIP MASK: 0x0
[0m[1;34m	threadid 140118523148032 -> core 1 - OK[0m[1;34m
[0m[1;34m	threadid 140118514755328 -> core 2 - OK[0m[1;34m
[0m[1;34m	threadid 140118506362624 -> core 3 - OK[0m[1;34m
[0mFLOPs in stencil code:      1.612620e+09
Time spent in stencil code: 0.135429
Performance in GFlop/s:     11.907502
[1;34m[pthread wrapper] 
[0m[1;34m[pthread wrapper] MAIN -> 0
[0m[1;34m[pthread wrapper] PIN_MASK: [0m[1;34m0->1  [0m[1;34m1->2  [0m[1;34m2->3  [0m[1;34m
[pthread wrapper] SKIP MASK: 0x0
[0m[1;34m	threadid 140519169382144 -> core 1 - OK[0m[1;34m
[0m[1;34m	threadid 140519160989440 -> core 2 - OK[0m[1;34m
[0m[1;34m	threadid 140519152596736 -> core 3 - OK[0m[1;34m
[0mFLOPs in stencil code:      1.612620e+09
Time spent in stencil code: 0.134987
Performance in GFlop/s:     11.946495
[1;34m[pthread wrapper] 
[0m[1;34m[pthread wrapper] MAIN -> 0
[0m[1;34m[pthread wrapper] PIN_MASK: [0m[1;34m0->1  [0m[1;34m1->2  [0m[1;34m2->3  [0m[1;34m
[pthread wrapper] SKIP MASK: 0x0
[0m[1;34m	threadid 140419844822784 -> core 1 - OK[0m[1;34m
[0m[1;34m	threadid 140419836430080 -> core 2 - OK[0m[1;34m
[0m[1;34m	threadid 140419828037376 -> core 3 - OK[0m[1;34m
[0mFLOPs in stencil code:      1.612620e+09
Time spent in stencil code: 0.134734
Performance in GFlop/s:     11.968903
[1;34m[pthread wrapper] 
[0m[1;34m[pthread wrapper] MAIN -> 0
[0m[1;34m[pthread wrapper] PIN_MASK: [0m[1;34m0->1  [0m[1;34m1->2  [0m[1;34m2->3  [0m[1;34m
[pthread wrapper] SKIP MASK: 0x0
[0m[1;34m	threadid 140630486607616 -> core 1 - OK[0m[1;34m
[0m[1;34m	threadid 140630478214912 -> core 2 - OK[0m[1;34m
[0m[1;34m	threadid 140630469822208 -> core 3 - OK[0m[1;34m
[0mFLOPs in stencil code:      1.612620e+09
Time spent in stencil code: 0.134749
Performance in GFlop/s:     11.967590
[1;34m[pthread wrapper] 
[0m[1;34m[pthread wrapper] MAIN -> 0
[0m[1;34m[pthread wrapper] PIN_MASK: [0m[1;34m0->1  [0m[1;34m1->2  [0m[1;34m2->3  [0m[1;34m
[pthread wrapper] SKIP MASK: 0x0
[0m[1;34m	threadid 139625508980480 -> core 1 - OK[0m[1;34m
[0m[1;34m	threadid 139625500587776 -> core 2 - OK[0m[1;34m
[0m[1;34m	threadid 139625492195072 -> core 3 - OK[0m[1;34m
[0mFLOPs in stencil code:      1.612620e+09
Time spent in stencil code: 0.135537
Performance in GFlop/s:     11.897993
