[1;34m[pthread wrapper] 
[0m[1;34m[pthread wrapper] MAIN -> 0
[0m[1;34m[pthread wrapper] PIN_MASK: [0m[1;34m0->1  [0m[1;34m1->2  [0m[1;34m2->3  [0m[1;34m3->4  [0m[1;34m4->5  [0m[1;34m5->6  [0m[1;34m6->7  [0m[1;34m7->8  [0m[1;34m8->9  [0m[1;34m9->10  [0m[1;34m10->11  [0m[1;34m11->12  [0m[1;34m12->13  [0m[1;34m13->14  [0m[1;34m14->15  [0m[1;34m15->16  [0m[1;34m16->17  [0m[1;34m17->18  [0m[1;34m18->19  [0m[1;34m19->20  [0m[1;34m20->21  [0m[1;34m21->22  [0m[1;34m22->23  [0m[1;34m
[pthread wrapper] SKIP MASK: 0x0
[0m[1;34m	threadid 139953112356608 -> core 1 - OK[0m[1;34m
[0m[1;34m	threadid 139953103963904 -> core 2 - OK[0m[1;34m
[0m[1;34m	threadid 139953095571200 -> core 3 - OK[0m[1;34m
[0m[1;34m	threadid 139953087178496 -> core 4 - OK[0m[1;34m
[0m[1;34m	threadid 139953078785792 -> core 5 - OK[0m[1;34m
[0m[1;34m	threadid 139953070393088 -> core 6 - OK[0m[1;34m
[0m[1;34m	threadid 139953062000384 -> core 7 - OK[0m[1;34m
[0m[1;34m	threadid 139953053607680 -> core 8 - OK[0m[1;34m
[0m[1;34m	threadid 139953045214976 -> core 9 - OK[0m[1;34m
[0m[1;34m	threadid 139953036822272 -> core 10 - OK[0m[1;34m
[0m[1;34m	threadid 139953028429568 -> core 11 - OK[0m[1;34m
[0m[1;34m	threadid 139953020036864 -> core 12 - OK[0m[1;34m
[0m[1;34m	threadid 139953011644160 -> core 13 - OK[0m[1;34m
[0m[1;34m	threadid 139953003251456 -> core 14 - OK[0m[1;34m
[0m[1;34m	threadid 139952994858752 -> core 15 - OK[0m[1;34m
[0m[1;34m	threadid 139952986466048 -> core 16 - OK[0m[1;34m
[0m[1;34m	threadid 139952978073344 -> core 17 - OK[0m[1;34m
[0m[1;34m	threadid 139952969680640 -> core 18 - OK[0m[1;34m
[0m[1;34m	threadid 139952961287936 -> core 19 - OK[0m[1;34m
[0m[1;34m	threadid 139952952895232 -> core 20 - OK[0m[1;34m
[0m[1;34m	threadid 139952944502528 -> core 21 - OK[0m[1;34m
[0m[1;34m	threadid 139952936109824 -> core 22 - OK[0m[1;34m
[0m[1;34m	threadid 139952927717120 -> core 23 - OK[0m[1;34m
[0mFLOPs in stencil code:      1.612620e+09
Time spent in stencil code: 0.044666
Performance in GFlop/s:     36.103930
[1;34m[pthread wrapper] 
[0m[1;34m[pthread wrapper] MAIN -> 0
[0m[1;34m[pthread wrapper] PIN_MASK: [0m[1;34m0->1  [0m[1;34m1->2  [0m[1;34m2->3  [0m[1;34m3->4  [0m[1;34m4->5  [0m[1;34m5->6  [0m[1;34m6->7  [0m[1;34m7->8  [0m[1;34m8->9  [0m[1;34m9->10  [0m[1;34m10->11  [0m[1;34m11->12  [0m[1;34m12->13  [0m[1;34m13->14  [0m[1;34m14->15  [0m[1;34m15->16  [0m[1;34m16->17  [0m[1;34m17->18  [0m[1;34m18->19  [0m[1;34m19->20  [0m[1;34m20->21  [0m[1;34m21->22  [0m[1;34m22->23  [0m[1;34m
[pthread wrapper] SKIP MASK: 0x0
[0m[1;34m	threadid 140395127539456 -> core 1 - OK[0m[1;34m
[0m[1;34m	threadid 140395119146752 -> core 2 - OK[0m[1;34m
[0m[1;34m	threadid 140395110754048 -> core 3 - OK[0m[1;34m
[0m[1;34m	threadid 140395102361344 -> core 4 - OK[0m[1;34m
[0m[1;34m	threadid 140395093968640 -> core 5 - OK[0m[1;34m
[0m[1;34m	threadid 140395085575936 -> core 6 - OK[0m[1;34m
[0m[1;34m	threadid 140395077183232 -> core 7 - OK[0m[1;34m
[0m[1;34m	threadid 140395068790528 -> core 8 - OK[0m[1;34m
[0m[1;34m	threadid 140395060397824 -> core 9 - OK[0m[1;34m
[0m[1;34m	threadid 140395052005120 -> core 10 - OK[0m[1;34m
[0m[1;34m	threadid 140395043612416 -> core 11 - OK[0m[1;34m
[0m[1;34m	threadid 140395035219712 -> core 12 - OK[0m[1;34m
[0m[1;34m	threadid 140395026827008 -> core 13 - OK[0m[1;34m
[0m[1;34m	threadid 140395018434304 -> core 14 - OK[0m[1;34m
[0m[1;34m	threadid 140395010041600 -> core 15 - OK[0m[1;34m
[0m[1;34m	threadid 140395001648896 -> core 16 - OK[0m[1;34m
[0m[1;34m	threadid 140394993256192 -> core 17 - OK[0m[1;34m
[0m[1;34m	threadid 140394984863488 -> core 18 - OK[0m[1;34m
[0m[1;34m	threadid 140394976470784 -> core 19 - OK[0m[1;34m
[0m[1;34m	threadid 140394968078080 -> core 20 - OK[0m[1;34m
[0m[1;34m	threadid 140394959685376 -> core 21 - OK[0m[1;34m
[0m[1;34m	threadid 140394951292672 -> core 22 - OK[0m[1;34m
[0m[1;34m	threadid 140394942899968 -> core 23 - OK[0m[1;34m
[0mFLOPs in stencil code:      1.612620e+09
Time spent in stencil code: 0.044459
Performance in GFlop/s:     36.271986
[1;34m[pthread wrapper] 
[0m[1;34m[pthread wrapper] MAIN -> 0
[0m[1;34m[pthread wrapper] PIN_MASK: [0m[1;34m0->1  [0m[1;34m1->2  [0m[1;34m2->3  [0m[1;34m3->4  [0m[1;34m4->5  [0m[1;34m5->6  [0m[1;34m6->7  [0m[1;34m7->8  [0m[1;34m8->9  [0m[1;34m9->10  [0m[1;34m10->11  [0m[1;34m11->12  [0m[1;34m12->13  [0m[1;34m13->14  [0m[1;34m14->15  [0m[1;34m15->16  [0m[1;34m16->17  [0m[1;34m17->18  [0m[1;34m18->19  [0m[1;34m19->20  [0m[1;34m20->21  [0m[1;34m21->22  [0m[1;34m22->23  [0m[1;34m
[pthread wrapper] SKIP MASK: 0x0
[0m[1;34m	threadid 140291993351936 -> core 1 - OK[0m[1;34m
[0m[1;34m	threadid 140291984959232 -> core 2 - OK[0m[1;34m
[0m[1;34m	threadid 140291976566528 -> core 3 - OK[0m[1;34m
[0m[1;34m	threadid 140291968173824 -> core 4 - OK[0m[1;34m
[0m[1;34m	threadid 140291959781120 -> core 5 - OK[0m[1;34m
[0m[1;34m	threadid 140291951388416 -> core 6 - OK[0m[1;34m
[0m[1;34m	threadid 140291942995712 -> core 7 - OK[0m[1;34m
[0m[1;34m	threadid 140291934603008 -> core 8 - OK[0m[1;34m
[0m[1;34m	threadid 140291926210304 -> core 9 - OK[0m[1;34m
[0m[1;34m	threadid 140291917817600 -> core 10 - OK[0m[1;34m
[0m[1;34m	threadid 140291909424896 -> core 11 - OK[0m[1;34m
[0m[1;34m	threadid 140291901032192 -> core 12 - OK[0m[1;34m
[0m[1;34m	threadid 140291892639488 -> core 13 - OK[0m[1;34m
[0m[1;34m	threadid 140291884246784 -> core 14 - OK[0m[1;34m
[0m[1;34m	threadid 140291875854080 -> core 15 - OK[0m[1;34m
[0m[1;34m	threadid 140291867461376 -> core 16 - OK[0m[1;34m
[0m[1;34m	threadid 140291859068672 -> core 17 - OK[0m[1;34m
[0m[1;34m	threadid 140291850675968 -> core 18 - OK[0m[1;34m
[0m[1;34m	threadid 140291842283264 -> core 19 - OK[0m[1;34m
[0m[1;34m	threadid 140291833890560 -> core 20 - OK[0m[1;34m
[0m[1;34m	threadid 140291825497856 -> core 21 - OK[0m[1;34m
[0m[1;34m	threadid 140291817105152 -> core 22 - OK[0m[1;34m
[0m[1;34m	threadid 140291808712448 -> core 23 - OK[0m[1;34m
[0mFLOPs in stencil code:      1.612620e+09
Time spent in stencil code: 0.044550
Performance in GFlop/s:     36.198027
[1;34m[pthread wrapper] 
[0m[1;34m[pthread wrapper] MAIN -> 0
[0m[1;34m[pthread wrapper] PIN_MASK: [0m[1;34m0->1  [0m[1;34m1->2  [0m[1;34m2->3  [0m[1;34m3->4  [0m[1;34m4->5  [0m[1;34m5->6  [0m[1;34m6->7  [0m[1;34m7->8  [0m[1;34m8->9  [0m[1;34m9->10  [0m[1;34m10->11  [0m[1;34m11->12  [0m[1;34m12->13  [0m[1;34m13->14  [0m[1;34m14->15  [0m[1;34m15->16  [0m[1;34m16->17  [0m[1;34m17->18  [0m[1;34m18->19  [0m[1;34m19->20  [0m[1;34m20->21  [0m[1;34m21->22  [0m[1;34m22->23  [0m[1;34m
[pthread wrapper] SKIP MASK: 0x0
[0m[1;34m	threadid 140575992063744 -> core 1 - OK[0m[1;34m
[0m[1;34m	threadid 140575983671040 -> core 2 - OK[0m[1;34m
[0m[1;34m	threadid 140575975278336 -> core 3 - OK[0m[1;34m
[0m[1;34m	threadid 140575966885632 -> core 4 - OK[0m[1;34m
[0m[1;34m	threadid 140575958492928 -> core 5 - OK[0m[1;34m
[0m[1;34m	threadid 140575950100224 -> core 6 - OK[0m[1;34m
[0m[1;34m	threadid 140575941707520 -> core 7 - OK[0m[1;34m
[0m[1;34m	threadid 140575933314816 -> core 8 - OK[0m[1;34m
[0m[1;34m	threadid 140575924922112 -> core 9 - OK[0m[1;34m
[0m[1;34m	threadid 140575916529408 -> core 10 - OK[0m[1;34m
[0m[1;34m	threadid 140575908136704 -> core 11 - OK[0m[1;34m
[0m[1;34m	threadid 140575899744000 -> core 12 - OK[0m[1;34m
[0m[1;34m	threadid 140575891351296 -> core 13 - OK[0m[1;34m
[0m[1;34m	threadid 140575882958592 -> core 14 - OK[0m[1;34m
[0m[1;34m	threadid 140575874565888 -> core 15 - OK[0m[1;34m
[0m[1;34m	threadid 140575866173184 -> core 16 - OK[0m[1;34m
[0m[1;34m	threadid 140575857780480 -> core 17 - OK[0m[1;34m
[0m[1;34m	threadid 140575849387776 -> core 18 - OK[0m[1;34m
[0m[1;34m	threadid 140575840995072 -> core 19 - OK[0m[1;34m
[0m[1;34m	threadid 140575832602368 -> core 20 - OK[0m[1;34m
[0m[1;34m	threadid 140575824209664 -> core 21 - OK[0m[1;34m
[0m[1;34m	threadid 140575815816960 -> core 22 - OK[0m[1;34m
[0m[1;34m	threadid 140575807424256 -> core 23 - OK[0m[1;34m
[0mFLOPs in stencil code:      1.612620e+09
Time spent in stencil code: 0.044411
Performance in GFlop/s:     36.311125
[1;34m[pthread wrapper] 
[0m[1;34m[pthread wrapper] MAIN -> 0
[0m[1;34m[pthread wrapper] PIN_MASK: [0m[1;34m0->1  [0m[1;34m1->2  [0m[1;34m2->3  [0m[1;34m3->4  [0m[1;34m4->5  [0m[1;34m5->6  [0m[1;34m6->7  [0m[1;34m7->8  [0m[1;34m8->9  [0m[1;34m9->10  [0m[1;34m10->11  [0m[1;34m11->12  [0m[1;34m12->13  [0m[1;34m13->14  [0m[1;34m14->15  [0m[1;34m15->16  [0m[1;34m16->17  [0m[1;34m17->18  [0m[1;34m18->19  [0m[1;34m19->20  [0m[1;34m20->21  [0m[1;34m21->22  [0m[1;34m22->23  [0m[1;34m
[pthread wrapper] SKIP MASK: 0x0
[0m[1;34m	threadid 139758820357888 -> core 1 - OK[0m[1;34m
[0m[1;34m	threadid 139758811965184 -> core 2 - OK[0m[1;34m
[0m[1;34m	threadid 139758803572480 -> core 3 - OK[0m[1;34m
[0m[1;34m	threadid 139758795179776 -> core 4 - OK[0m[1;34m
[0m[1;34m	threadid 139758786787072 -> core 5 - OK[0m[1;34m
[0m[1;34m	threadid 139758778394368 -> core 6 - OK[0m[1;34m
[0m[1;34m	threadid 139758770001664 -> core 7 - OK[0m[1;34m
[0m[1;34m	threadid 139758761608960 -> core 8 - OK[0m[1;34m
[0m[1;34m	threadid 139758753216256 -> core 9 - OK[0m[1;34m
[0m[1;34m	threadid 139758744823552 -> core 10 - OK[0m[1;34m
[0m[1;34m	threadid 139758736430848 -> core 11 - OK[0m[1;34m
[0m[1;34m	threadid 139758728038144 -> core 12 - OK[0m[1;34m
[0m[1;34m	threadid 139758719645440 -> core 13 - OK[0m[1;34m
[0m[1;34m	threadid 139758711252736 -> core 14 - OK[0m[1;34m
[0m[1;34m	threadid 139758702860032 -> core 15 - OK[0m[1;34m
[0m[1;34m	threadid 139758694467328 -> core 16 - OK[0m[1;34m
[0m[1;34m	threadid 139758686074624 -> core 17 - OK[0m[1;34m
[0m[1;34m	threadid 139758677681920 -> core 18 - OK[0m[1;34m
[0m[1;34m	threadid 139758669289216 -> core 19 - OK[0m[1;34m
[0m[1;34m	threadid 139758660896512 -> core 20 - OK[0m[1;34m
[0m[1;34m	threadid 139758652503808 -> core 21 - OK[0m[1;34m
[0m[1;34m	threadid 139758644111104 -> core 22 - OK[0m[1;34m
[0m[1;34m	threadid 139758635718400 -> core 23 - OK[0m[1;34m
[0mFLOPs in stencil code:      1.612620e+09
Time spent in stencil code: 0.044367
Performance in GFlop/s:     36.347224
