[1;34m[pthread wrapper] 
[0m[1;34m[pthread wrapper] MAIN -> 0
[0m[1;34m[pthread wrapper] PIN_MASK: [0m[1;34m0->1  [0m[1;34m1->2  [0m[1;34m2->3  [0m[1;34m3->4  [0m[1;34m4->5  [0m[1;34m5->6  [0m[1;34m6->7  [0m[1;34m7->8  [0m[1;34m8->9  [0m[1;34m9->10  [0m[1;34m10->11  [0m[1;34m
[pthread wrapper] SKIP MASK: 0x0
[0m[1;34m	threadid 139955501250304 -> core 1 - OK[0m[1;34m
[0m[1;34m	threadid 139955492857600 -> core 2 - OK[0m[1;34m
[0m[1;34m	threadid 139955484464896 -> core 3 - OK[0m[1;34m
[0m[1;34m	threadid 139955476072192 -> core 4 - OK[0m[1;34m
[0m[1;34m	threadid 139955467679488 -> core 5 - OK[0m[1;34m
[0m[1;34m	threadid 139955459286784 -> core 6 - OK[0m[1;34m
[0m[1;34m	threadid 139955450894080 -> core 7 - OK[0m[1;34m
[0m[1;34m	threadid 139955442501376 -> core 8 - OK[0m[1;34m
[0m[1;34m	threadid 139955434108672 -> core 9 - OK[0m[1;34m
[0m[1;34m	threadid 139955425715968 -> core 10 - OK[0m[1;34m
[0m[1;34m	threadid 139955417323264 -> core 11 - OK[0m[1;34m
[0mFLOPs in stencil code:      1.612620e+09
Time spent in stencil code: 0.050009
Performance in GFlop/s:     32.246588
[1;34m[pthread wrapper] 
[0m[1;34m[pthread wrapper] MAIN -> 0
[0m[1;34m[pthread wrapper] PIN_MASK: [0m[1;34m0->1  [0m[1;34m1->2  [0m[1;34m2->3  [0m[1;34m3->4  [0m[1;34m4->5  [0m[1;34m5->6  [0m[1;34m6->7  [0m[1;34m7->8  [0m[1;34m8->9  [0m[1;34m9->10  [0m[1;34m10->11  [0m[1;34m
[pthread wrapper] SKIP MASK: 0x0
[0m[1;34m	threadid 140399853315840 -> core 1 - OK[0m[1;34m
[0m[1;34m	threadid 140399844923136 -> core 2 - OK[0m[1;34m
[0m[1;34m	threadid 140399836530432 -> core 3 - OK[0m[1;34m
[0m[1;34m	threadid 140399828137728 -> core 4 - OK[0m[1;34m
[0m[1;34m	threadid 140399819745024 -> core 5 - OK[0m[1;34m
[0m[1;34m	threadid 140399811352320 -> core 6 - OK[0m[1;34m
[0m[1;34m	threadid 140399802959616 -> core 7 - OK[0m[1;34m
[0m[1;34m	threadid 140399794566912 -> core 8 - OK[0m[1;34m
[0m[1;34m	threadid 140399786174208 -> core 9 - OK[0m[1;34m
[0m[1;34m	threadid 140399777781504 -> core 10 - OK[0m[1;34m
[0m[1;34m	threadid 140399769388800 -> core 11 - OK[0m[1;34m
[0mFLOPs in stencil code:      1.612620e+09
Time spent in stencil code: 0.049934
Performance in GFlop/s:     32.294933
[1;34m[pthread wrapper] 
[0m[1;34m[pthread wrapper] MAIN -> 0
[0m[1;34m[pthread wrapper] PIN_MASK: [0m[1;34m0->1  [0m[1;34m1->2  [0m[1;34m2->3  [0m[1;34m3->4  [0m[1;34m4->5  [0m[1;34m5->6  [0m[1;34m6->7  [0m[1;34m7->8  [0m[1;34m8->9  [0m[1;34m9->10  [0m[1;34m10->11  [0m[1;34m
[pthread wrapper] SKIP MASK: 0x0
[0m[1;34m	threadid 139827405010688 -> core 1 - OK[0m[1;34m
[0m[1;34m	threadid 139827396617984 -> core 2 - OK[0m[1;34m
[0m[1;34m	threadid 139827388225280 -> core 3 - OK[0m[1;34m
[0m[1;34m	threadid 139827379832576 -> core 4 - OK[0m[1;34m
[0m[1;34m	threadid 139827371439872 -> core 5 - OK[0m[1;34m
[0m[1;34m	threadid 139827363047168 -> core 6 - OK[0m[1;34m
[0m[1;34m	threadid 139827354654464 -> core 7 - OK[0m[1;34m
[0m[1;34m	threadid 139827346261760 -> core 8 - OK[0m[1;34m
[0m[1;34m	threadid 139827337869056 -> core 9 - OK[0m[1;34m
[0m[1;34m	threadid 139827329476352 -> core 10 - OK[0m[1;34m
[0m[1;34m	threadid 139827321083648 -> core 11 - OK[0m[1;34m
[0mFLOPs in stencil code:      1.612620e+09
Time spent in stencil code: 0.049901
Performance in GFlop/s:     32.316381
[1;34m[pthread wrapper] 
[0m[1;34m[pthread wrapper] MAIN -> 0
[0m[1;34m[pthread wrapper] PIN_MASK: [0m[1;34m0->1  [0m[1;34m1->2  [0m[1;34m2->3  [0m[1;34m3->4  [0m[1;34m4->5  [0m[1;34m5->6  [0m[1;34m6->7  [0m[1;34m7->8  [0m[1;34m8->9  [0m[1;34m9->10  [0m[1;34m10->11  [0m[1;34m
[pthread wrapper] SKIP MASK: 0x0
[0m[1;34m	threadid 140391114811136 -> core 1 - OK[0m[1;34m
[0m[1;34m	threadid 140391106418432 -> core 2 - OK[0m[1;34m
[0m[1;34m	threadid 140391098025728 -> core 3 - OK[0m[1;34m
[0m[1;34m	threadid 140391089633024 -> core 4 - OK[0m[1;34m
[0m[1;34m	threadid 140391081240320 -> core 5 - OK[0m[1;34m
[0m[1;34m	threadid 140391072847616 -> core 6 - OK[0m[1;34m
[0m[1;34m	threadid 140391064454912 -> core 7 - OK[0m[1;34m
[0m[1;34m	threadid 140391056062208 -> core 8 - OK[0m[1;34m
[0m[1;34m	threadid 140391047669504 -> core 9 - OK[0m[1;34m
[0m[1;34m	threadid 140391039276800 -> core 10 - OK[0m[1;34m
[0m[1;34m	threadid 140391030884096 -> core 11 - OK[0m[1;34m
[0mFLOPs in stencil code:      1.612620e+09
Time spent in stencil code: 0.049848
Performance in GFlop/s:     32.350695
[1;34m[pthread wrapper] 
[0m[1;34m[pthread wrapper] MAIN -> 0
[0m[1;34m[pthread wrapper] PIN_MASK: [0m[1;34m0->1  [0m[1;34m1->2  [0m[1;34m2->3  [0m[1;34m3->4  [0m[1;34m4->5  [0m[1;34m5->6  [0m[1;34m6->7  [0m[1;34m7->8  [0m[1;34m8->9  [0m[1;34m9->10  [0m[1;34m10->11  [0m[1;34m
[pthread wrapper] SKIP MASK: 0x0
[0m[1;34m	threadid 139689354000128 -> core 1 - OK[0m[1;34m
[0m[1;34m	threadid 139689345607424 -> core 2 - OK[0m[1;34m
[0m[1;34m	threadid 139689337214720 -> core 3 - OK[0m[1;34m
[0m[1;34m	threadid 139689328822016 -> core 4 - OK[0m[1;34m
[0m[1;34m	threadid 139689320429312 -> core 5 - OK[0m[1;34m
[0m[1;34m	threadid 139689312036608 -> core 6 - OK[0m[1;34m
[0m[1;34m	threadid 139689303643904 -> core 7 - OK[0m[1;34m
[0m[1;34m	threadid 139689295251200 -> core 8 - OK[0m[1;34m
[0m[1;34m	threadid 139689286858496 -> core 9 - OK[0m[1;34m
[0m[1;34m	threadid 139689278465792 -> core 10 - OK[0m[1;34m
[0m[1;34m	threadid 139689270073088 -> core 11 - OK[0m[1;34m
[0mFLOPs in stencil code:      1.612620e+09
Time spent in stencil code: 0.049957
Performance in GFlop/s:     32.280137
