[1;34m[pthread wrapper] 
[0m[1;34m[pthread wrapper] MAIN -> 0
[0m[1;34m[pthread wrapper] PIN_MASK: [0m[1;34m0->1  [0m[1;34m1->2  [0m[1;34m2->6  [0m[1;34m3->7  [0m[1;34m4->8  [0m[1;34m
[pthread wrapper] SKIP MASK: 0x0
[0m[1;34m	threadid 139938594965248 -> core 1 - OK[0m[1;34m
[0m[1;34m	threadid 139938586572544 -> core 2 - OK[0m[1;34m
[0m[1;34m	threadid 139938578179840 -> core 6 - OK[0m[1;34m
[0m[1;34m	threadid 139938569787136 -> core 7 - OK[0m[1;34m
[0m[1;34m	threadid 139938561394432 -> core 8 - OK[0m[1;34m
[0mFLOPs in stencil code:      1.612620e+09
Time spent in stencil code: 0.092109
Performance in GFlop/s:     17.507742
[1;34m[pthread wrapper] 
[0m[1;34m[pthread wrapper] MAIN -> 0
[0m[1;34m[pthread wrapper] PIN_MASK: [0m[1;34m0->1  [0m[1;34m1->2  [0m[1;34m2->6  [0m[1;34m3->7  [0m[1;34m4->8  [0m[1;34m
[pthread wrapper] SKIP MASK: 0x0
[0m[1;34m	threadid 139632726177536 -> core 1 - OK[0m[1;34m
[0m[1;34m	threadid 139632717784832 -> core 2 - OK[0m[1;34m
[0m[1;34m	threadid 139632709392128 -> core 6 - OK[0m[1;34m
[0m[1;34m	threadid 139632700999424 -> core 7 - OK[0m[1;34m
[0m[1;34m	threadid 139632692606720 -> core 8 - OK[0m[1;34m
[0mFLOPs in stencil code:      1.612620e+09
Time spent in stencil code: 0.091610
Performance in GFlop/s:     17.603109
[1;34m[pthread wrapper] 
[0m[1;34m[pthread wrapper] MAIN -> 0
[0m[1;34m[pthread wrapper] PIN_MASK: [0m[1;34m0->1  [0m[1;34m1->2  [0m[1;34m2->6  [0m[1;34m3->7  [0m[1;34m4->8  [0m[1;34m
[pthread wrapper] SKIP MASK: 0x0
[0m[1;34m	threadid 140187829221120 -> core 1 - OK[0m[1;34m
[0m[1;34m	threadid 140187820828416 -> core 2 - OK[0m[1;34m
[0m[1;34m	threadid 140187812435712 -> core 6 - OK[0m[1;34m
[0m[1;34m	threadid 140187804043008 -> core 7 - OK[0m[1;34m
[0m[1;34m	threadid 140187795650304 -> core 8 - OK[0m[1;34m
[0mFLOPs in stencil code:      1.612620e+09
Time spent in stencil code: 0.091871
Performance in GFlop/s:     17.553086
[1;34m[pthread wrapper] 
[0m[1;34m[pthread wrapper] MAIN -> 0
[0m[1;34m[pthread wrapper] PIN_MASK: [0m[1;34m0->1  [0m[1;34m1->2  [0m[1;34m2->6  [0m[1;34m3->7  [0m[1;34m4->8  [0m[1;34m
[pthread wrapper] SKIP MASK: 0x0
[0m[1;34m	threadid 139933913130752 -> core 1 - OK[0m[1;34m
[0m[1;34m	threadid 139933904738048 -> core 2 - OK[0m[1;34m
[0m[1;34m	threadid 139933896345344 -> core 6 - OK[0m[1;34m
[0m[1;34m	threadid 139933887952640 -> core 7 - OK[0m[1;34m
[0m[1;34m	threadid 139933879559936 -> core 8 - OK[0m[1;34m
[0mFLOPs in stencil code:      1.612620e+09
Time spent in stencil code: 0.091789
Performance in GFlop/s:     17.568770
[1;34m[pthread wrapper] 
[0m[1;34m[pthread wrapper] MAIN -> 0
[0m[1;34m[pthread wrapper] PIN_MASK: [0m[1;34m0->1  [0m[1;34m1->2  [0m[1;34m2->6  [0m[1;34m3->7  [0m[1;34m4->8  [0m[1;34m
[pthread wrapper] SKIP MASK: 0x0
[0m[1;34m	threadid 140067612694272 -> core 1 - OK[0m[1;34m
[0m[1;34m	threadid 140067604301568 -> core 2 - OK[0m[1;34m
[0m[1;34m	threadid 140067595908864 -> core 6 - OK[0m[1;34m
[0m[1;34m	threadid 140067587516160 -> core 7 - OK[0m[1;34m
[0m[1;34m	threadid 140067579123456 -> core 8 - OK[0m[1;34m
[0mFLOPs in stencil code:      1.612620e+09
Time spent in stencil code: 0.091919
Performance in GFlop/s:     17.543889
