[1;34m[pthread wrapper] 
[0m[1;34m[pthread wrapper] MAIN -> 0
[0m[1;34m[pthread wrapper] PIN_MASK: [0m[1;34m0->1  [0m[1;34m1->2  [0m[1;34m2->3  [0m[1;34m3->4  [0m[1;34m4->5  [0m[1;34m
[pthread wrapper] SKIP MASK: 0x0
[0m[1;34m	threadid 140559873357568 -> core 1 - OK[0m[1;34m
[0m[1;34m	threadid 140559864964864 -> core 2 - OK[0m[1;34m
[0m[1;34m	threadid 140559856572160 -> core 3 - OK[0m[1;34m
[0m[1;34m	threadid 140559848179456 -> core 4 - OK[0m[1;34m
[0m[1;34m	threadid 140559839786752 -> core 5 - OK[0m[1;34m
[0mFLOPs in stencil code:      1.612620e+09
Time spent in stencil code: 0.092179
Performance in GFlop/s:     17.494429
[1;34m[pthread wrapper] 
[0m[1;34m[pthread wrapper] MAIN -> 0
[0m[1;34m[pthread wrapper] PIN_MASK: [0m[1;34m0->1  [0m[1;34m1->2  [0m[1;34m2->3  [0m[1;34m3->4  [0m[1;34m4->5  [0m[1;34m
[pthread wrapper] SKIP MASK: 0x0
[0m[1;34m	threadid 139812022798080 -> core 1 - OK[0m[1;34m
[0m[1;34m	threadid 139812014405376 -> core 2 - OK[0m[1;34m
[0m[1;34m	threadid 139812006012672 -> core 3 - OK[0m[1;34m
[0m[1;34m	threadid 139811997619968 -> core 4 - OK[0m[1;34m
[0m[1;34m	threadid 139811989227264 -> core 5 - OK[0m[1;34m
[0mFLOPs in stencil code:      1.612620e+09
Time spent in stencil code: 0.092159
Performance in GFlop/s:     17.498231
[1;34m[pthread wrapper] 
[0m[1;34m[pthread wrapper] MAIN -> 0
[0m[1;34m[pthread wrapper] PIN_MASK: [0m[1;34m0->1  [0m[1;34m1->2  [0m[1;34m2->3  [0m[1;34m3->4  [0m[1;34m4->5  [0m[1;34m
[pthread wrapper] SKIP MASK: 0x0
[0m[1;34m	threadid 140215890446080 -> core 1 - OK[0m[1;34m
[0m[1;34m	threadid 140215882053376 -> core 2 - OK[0m[1;34m
[0m[1;34m	threadid 140215873660672 -> core 3 - OK[0m[1;34m
[0m[1;34m	threadid 140215865267968 -> core 4 - OK[0m[1;34m
[0m[1;34m	threadid 140215856875264 -> core 5 - OK[0m[1;34m
[0mFLOPs in stencil code:      1.612620e+09
Time spent in stencil code: 0.092602
Performance in GFlop/s:     17.414524
[1;34m[pthread wrapper] 
[0m[1;34m[pthread wrapper] MAIN -> 0
[0m[1;34m[pthread wrapper] PIN_MASK: [0m[1;34m0->1  [0m[1;34m1->2  [0m[1;34m2->3  [0m[1;34m3->4  [0m[1;34m4->5  [0m[1;34m
[pthread wrapper] SKIP MASK: 0x0
[0m[1;34m	threadid 139674645505792 -> core 1 - OK[0m[1;34m
[0m[1;34m	threadid 139674637113088 -> core 2 - OK[0m[1;34m
[0m[1;34m	threadid 139674628720384 -> core 3 - OK[0m[1;34m
[0m[1;34m	threadid 139674620327680 -> core 4 - OK[0m[1;34m
[0m[1;34m	threadid 139674611934976 -> core 5 - OK[0m[1;34m
[0mFLOPs in stencil code:      1.612620e+09
Time spent in stencil code: 0.092065
Performance in GFlop/s:     17.516085
[1;34m[pthread wrapper] 
[0m[1;34m[pthread wrapper] MAIN -> 0
[0m[1;34m[pthread wrapper] PIN_MASK: [0m[1;34m0->1  [0m[1;34m1->2  [0m[1;34m2->3  [0m[1;34m3->4  [0m[1;34m4->5  [0m[1;34m
[pthread wrapper] SKIP MASK: 0x0
[0m[1;34m	threadid 140243139999488 -> core 1 - OK[0m[1;34m
[0m[1;34m	threadid 140243131606784 -> core 2 - OK[0m[1;34m
[0m[1;34m	threadid 140243123214080 -> core 3 - OK[0m[1;34m
[0m[1;34m	threadid 140243114821376 -> core 4 - OK[0m[1;34m
[0m[1;34m	threadid 140243106428672 -> core 5 - OK[0m[1;34m
[0mFLOPs in stencil code:      1.612620e+09
Time spent in stencil code: 0.092285
Performance in GFlop/s:     17.474316
