[1;34m[pthread wrapper] 
[0m[1;34m[pthread wrapper] MAIN -> 0
[0m[1;34m[pthread wrapper] PIN_MASK: [0m[1;34m0->1  [0m[1;34m1->2  [0m[1;34m2->3  [0m[1;34m3->4  [0m[1;34m4->5  [0m[1;34m5->6  [0m[1;34m6->7  [0m[1;34m
[pthread wrapper] SKIP MASK: 0x0
[0m[1;34m	threadid 140031492265728 -> core 1 - OK[0m[1;34m
[0m[1;34m	threadid 140031483873024 -> core 2 - OK[0m[1;34m
[0m[1;34m	threadid 140031475480320 -> core 3 - OK[0m[1;34m
[0m[1;34m	threadid 140031467087616 -> core 4 - OK[0m[1;34m
[0m[1;34m	threadid 140031458694912 -> core 5 - OK[0m[1;34m
[0m[1;34m	threadid 140031450302208 -> core 6 - OK[0m[1;34m
[0m[1;34m	threadid 140031441909504 -> core 7 - OK[0m[1;34m
[0mFLOPs in stencil code:      1.612620e+09
Time spent in stencil code: 0.068222
Performance in GFlop/s:     23.637814
[1;34m[pthread wrapper] 
[0m[1;34m[pthread wrapper] MAIN -> 0
[0m[1;34m[pthread wrapper] PIN_MASK: [0m[1;34m0->1  [0m[1;34m1->2  [0m[1;34m2->3  [0m[1;34m3->4  [0m[1;34m4->5  [0m[1;34m5->6  [0m[1;34m6->7  [0m[1;34m
[pthread wrapper] SKIP MASK: 0x0
[0m[1;34m	threadid 139745892497152 -> core 1 - OK[0m[1;34m
[0m[1;34m	threadid 139745884104448 -> core 2 - OK[0m[1;34m
[0m[1;34m	threadid 139745875711744 -> core 3 - OK[0m[1;34m
[0m[1;34m	threadid 139745867319040 -> core 4 - OK[0m[1;34m
[0m[1;34m	threadid 139745858926336 -> core 5 - OK[0m[1;34m
[0m[1;34m	threadid 139745850533632 -> core 6 - OK[0m[1;34m
[0m[1;34m	threadid 139745842140928 -> core 7 - OK[0m[1;34m
[0mFLOPs in stencil code:      1.612620e+09
Time spent in stencil code: 0.068033
Performance in GFlop/s:     23.703504
[1;34m[pthread wrapper] 
[0m[1;34m[pthread wrapper] MAIN -> 0
[0m[1;34m[pthread wrapper] PIN_MASK: [0m[1;34m0->1  [0m[1;34m1->2  [0m[1;34m2->3  [0m[1;34m3->4  [0m[1;34m4->5  [0m[1;34m5->6  [0m[1;34m6->7  [0m[1;34m
[pthread wrapper] SKIP MASK: 0x0
[0m[1;34m	threadid 140465442428672 -> core 1 - OK[0m[1;34m
[0m[1;34m	threadid 140465434035968 -> core 2 - OK[0m[1;34m
[0m[1;34m	threadid 140465425643264 -> core 3 - OK[0m[1;34m
[0m[1;34m	threadid 140465417250560 -> core 4 - OK[0m[1;34m
[0m[1;34m	threadid 140465408857856 -> core 5 - OK[0m[1;34m
[0m[1;34m	threadid 140465400465152 -> core 6 - OK[0m[1;34m
[0m[1;34m	threadid 140465392072448 -> core 7 - OK[0m[1;34m
[0mFLOPs in stencil code:      1.612620e+09
Time spent in stencil code: 0.068342
Performance in GFlop/s:     23.596335
[1;34m[pthread wrapper] 
[0m[1;34m[pthread wrapper] MAIN -> 0
[0m[1;34m[pthread wrapper] PIN_MASK: [0m[1;34m0->1  [0m[1;34m1->2  [0m[1;34m2->3  [0m[1;34m3->4  [0m[1;34m4->5  [0m[1;34m5->6  [0m[1;34m6->7  [0m[1;34m
[pthread wrapper] SKIP MASK: 0x0
[0m[1;34m	threadid 140207636694784 -> core 1 - OK[0m[1;34m
[0m[1;34m	threadid 140207628302080 -> core 2 - OK[0m[1;34m
[0m[1;34m	threadid 140207619909376 -> core 3 - OK[0m[1;34m
[0m[1;34m	threadid 140207611516672 -> core 4 - OK[0m[1;34m
[0m[1;34m	threadid 140207603123968 -> core 5 - OK[0m[1;34m
[0m[1;34m	threadid 140207594731264 -> core 6 - OK[0m[1;34m
[0m[1;34m	threadid 140207586338560 -> core 7 - OK[0m[1;34m
[0mFLOPs in stencil code:      1.612620e+09
Time spent in stencil code: 0.068355
Performance in GFlop/s:     23.591808
[1;34m[pthread wrapper] 
[0m[1;34m[pthread wrapper] MAIN -> 0
[0m[1;34m[pthread wrapper] PIN_MASK: [0m[1;34m0->1  [0m[1;34m1->2  [0m[1;34m2->3  [0m[1;34m3->4  [0m[1;34m4->5  [0m[1;34m5->6  [0m[1;34m6->7  [0m[1;34m
[pthread wrapper] SKIP MASK: 0x0
[0m[1;34m	threadid 139980731266816 -> core 1 - OK[0m[1;34m
[0m[1;34m	threadid 139980722874112 -> core 2 - OK[0m[1;34m
[0m[1;34m	threadid 139980714481408 -> core 3 - OK[0m[1;34m
[0m[1;34m	threadid 139980706088704 -> core 4 - OK[0m[1;34m
[0m[1;34m	threadid 139980697696000 -> core 5 - OK[0m[1;34m
[0m[1;34m	threadid 139980689303296 -> core 6 - OK[0m[1;34m
[0m[1;34m	threadid 139980680910592 -> core 7 - OK[0m[1;34m
[0mFLOPs in stencil code:      1.612620e+09
Time spent in stencil code: 0.068381
Performance in GFlop/s:     23.582924
