[1;34m[pthread wrapper] 
[0m[1;34m[pthread wrapper] MAIN -> 0
[0m[1;34m[pthread wrapper] PIN_MASK: [0m[1;34m0->1  [0m[1;34m1->2  [0m[1;34m2->3  [0m[1;34m3->4  [0m[1;34m4->5  [0m[1;34m5->12  [0m[1;34m6->13  [0m[1;34m7->14  [0m[1;34m8->15  [0m[1;34m9->16  [0m[1;34m10->17  [0m[1;34m
[pthread wrapper] SKIP MASK: 0x0
[0m[1;34m	threadid 139695211992832 -> core 1 - OK[0m[1;34m
[0m[1;34m	threadid 139695203600128 -> core 2 - OK[0m[1;34m
[0m[1;34m	threadid 139695195207424 -> core 3 - OK[0m[1;34m
[0m[1;34m	threadid 139695186814720 -> core 4 - OK[0m[1;34m
[0m[1;34m	threadid 139695178422016 -> core 5 - OK[0m[1;34m
[0m[1;34m	threadid 139695170029312 -> core 12 - OK[0m[1;34m
[0m[1;34m	threadid 139695161636608 -> core 13 - OK[0m[1;34m
[0m[1;34m	threadid 139695153243904 -> core 14 - OK[0m[1;34m
[0m[1;34m	threadid 139695144851200 -> core 15 - OK[0m[1;34m
[0m[1;34m	threadid 139695136458496 -> core 16 - OK[0m[1;34m
[0m[1;34m	threadid 139695128065792 -> core 17 - OK[0m[1;34m
[0mFLOPs in stencil code:      1.612620e+09
Time spent in stencil code: 0.089643
Performance in GFlop/s:     17.989357
[1;34m[pthread wrapper] 
[0m[1;34m[pthread wrapper] MAIN -> 0
[0m[1;34m[pthread wrapper] PIN_MASK: [0m[1;34m0->1  [0m[1;34m1->2  [0m[1;34m2->3  [0m[1;34m3->4  [0m[1;34m4->5  [0m[1;34m5->12  [0m[1;34m6->13  [0m[1;34m7->14  [0m[1;34m8->15  [0m[1;34m9->16  [0m[1;34m10->17  [0m[1;34m
[pthread wrapper] SKIP MASK: 0x0
[0m[1;34m	threadid 139973939267328 -> core 1 - OK[0m[1;34m
[0m[1;34m	threadid 139973930874624 -> core 2 - OK[0m[1;34m
[0m[1;34m	threadid 139973922481920 -> core 3 - OK[0m[1;34m
[0m[1;34m	threadid 139973914089216 -> core 4 - OK[0m[1;34m
[0m[1;34m	threadid 139973905696512 -> core 5 - OK[0m[1;34m
[0m[1;34m	threadid 139973897303808 -> core 12 - OK[0m[1;34m
[0m[1;34m	threadid 139973888911104 -> core 13 - OK[0m[1;34m
[0m[1;34m	threadid 139973880518400 -> core 14 - OK[0m[1;34m
[0m[1;34m	threadid 139973872125696 -> core 15 - OK[0m[1;34m
[0m[1;34m	threadid 139973863732992 -> core 16 - OK[0m[1;34m
[0m[1;34m	threadid 139973855340288 -> core 17 - OK[0m[1;34m
[0mFLOPs in stencil code:      1.612620e+09
Time spent in stencil code: 0.089297
Performance in GFlop/s:     18.059098
[1;34m[pthread wrapper] 
[0m[1;34m[pthread wrapper] MAIN -> 0
[0m[1;34m[pthread wrapper] PIN_MASK: [0m[1;34m0->1  [0m[1;34m1->2  [0m[1;34m2->3  [0m[1;34m3->4  [0m[1;34m4->5  [0m[1;34m5->12  [0m[1;34m6->13  [0m[1;34m7->14  [0m[1;34m8->15  [0m[1;34m9->16  [0m[1;34m10->17  [0m[1;34m
[pthread wrapper] SKIP MASK: 0x0
[0m[1;34m	threadid 140493139916544 -> core 1 - OK[0m[1;34m
[0m[1;34m	threadid 140493131523840 -> core 2 - OK[0m[1;34m
[0m[1;34m	threadid 140493123131136 -> core 3 - OK[0m[1;34m
[0m[1;34m	threadid 140493114738432 -> core 4 - OK[0m[1;34m
[0m[1;34m	threadid 140493106345728 -> core 5 - OK[0m[1;34m
[0m[1;34m	threadid 140493097953024 -> core 12 - OK[0m[1;34m
[0m[1;34m	threadid 140493089560320 -> core 13 - OK[0m[1;34m
[0m[1;34m	threadid 140493081167616 -> core 14 - OK[0m[1;34m
[0m[1;34m	threadid 140493072774912 -> core 15 - OK[0m[1;34m
[0m[1;34m	threadid 140493064382208 -> core 16 - OK[0m[1;34m
[0m[1;34m	threadid 140493055989504 -> core 17 - OK[0m[1;34m
[0mFLOPs in stencil code:      1.612620e+09
Time spent in stencil code: 0.089741
Performance in GFlop/s:     17.969715
[1;34m[pthread wrapper] 
[0m[1;34m[pthread wrapper] MAIN -> 0
[0m[1;34m[pthread wrapper] PIN_MASK: [0m[1;34m0->1  [0m[1;34m1->2  [0m[1;34m2->3  [0m[1;34m3->4  [0m[1;34m4->5  [0m[1;34m5->12  [0m[1;34m6->13  [0m[1;34m7->14  [0m[1;34m8->15  [0m[1;34m9->16  [0m[1;34m10->17  [0m[1;34m
[pthread wrapper] SKIP MASK: 0x0
[0m[1;34m	threadid 140715892954880 -> core 1 - OK[0m[1;34m
[0m[1;34m	threadid 140715884562176 -> core 2 - OK[0m[1;34m
[0m[1;34m	threadid 140715876169472 -> core 3 - OK[0m[1;34m
[0m[1;34m	threadid 140715867776768 -> core 4 - OK[0m[1;34m
[0m[1;34m	threadid 140715859384064 -> core 5 - OK[0m[1;34m
[0m[1;34m	threadid 140715850991360 -> core 12 - OK[0m[1;34m
[0m[1;34m	threadid 140715842598656 -> core 13 - OK[0m[1;34m
[0m[1;34m	threadid 140715834205952 -> core 14 - OK[0m[1;34m
[0m[1;34m	threadid 140715825813248 -> core 15 - OK[0m[1;34m
[0m[1;34m	threadid 140715817420544 -> core 16 - OK[0m[1;34m
[0m[1;34m	threadid 140715809027840 -> core 17 - OK[0m[1;34m
[0mFLOPs in stencil code:      1.612620e+09
Time spent in stencil code: 0.089615
Performance in GFlop/s:     17.995005
[1;34m[pthread wrapper] 
[0m[1;34m[pthread wrapper] MAIN -> 0
[0m[1;34m[pthread wrapper] PIN_MASK: [0m[1;34m0->1  [0m[1;34m1->2  [0m[1;34m2->3  [0m[1;34m3->4  [0m[1;34m4->5  [0m[1;34m5->12  [0m[1;34m6->13  [0m[1;34m7->14  [0m[1;34m8->15  [0m[1;34m9->16  [0m[1;34m10->17  [0m[1;34m
[pthread wrapper] SKIP MASK: 0x0
[0m[1;34m	threadid 139642278991616 -> core 1 - OK[0m[1;34m
[0m[1;34m	threadid 139642270598912 -> core 2 - OK[0m[1;34m
[0m[1;34m	threadid 139642262206208 -> core 3 - OK[0m[1;34m
[0m[1;34m	threadid 139642253813504 -> core 4 - OK[0m[1;34m
[0m[1;34m	threadid 139642245420800 -> core 5 - OK[0m[1;34m
[0m[1;34m	threadid 139642237028096 -> core 12 - OK[0m[1;34m
[0m[1;34m	threadid 139642228635392 -> core 13 - OK[0m[1;34m
[0m[1;34m	threadid 139642220242688 -> core 14 - OK[0m[1;34m
[0m[1;34m	threadid 139642211849984 -> core 15 - OK[0m[1;34m
[0m[1;34m	threadid 139642203457280 -> core 16 - OK[0m[1;34m
[0m[1;34m	threadid 139642195064576 -> core 17 - OK[0m[1;34m
[0mFLOPs in stencil code:      1.612620e+09
Time spent in stencil code: 0.089933
Performance in GFlop/s:     17.931365
