[1;34m[pthread wrapper] 
[0m[1;34m[pthread wrapper] MAIN -> 0
[0m[1;34m[pthread wrapper] PIN_MASK: [0m[1;34m0->1  [0m[1;34m1->2  [0m[1;34m2->3  [0m[1;34m3->4  [0m[1;34m4->5  [0m[1;34m5->12  [0m[1;34m6->13  [0m[1;34m7->14  [0m[1;34m8->15  [0m[1;34m9->16  [0m[1;34m10->17  [0m[1;34m11->6  [0m[1;34m12->7  [0m[1;34m13->8  [0m[1;34m14->9  [0m[1;34m
[pthread wrapper] SKIP MASK: 0x0
[0m[1;34m	threadid 140325318985472 -> core 1 - OK[0m[1;34m
[0m[1;34m	threadid 140325310592768 -> core 2 - OK[0m[1;34m
[0m[1;34m	threadid 140325302200064 -> core 3 - OK[0m[1;34m
[0m[1;34m	threadid 140325293807360 -> core 4 - OK[0m[1;34m
[0m[1;34m	threadid 140325285414656 -> core 5 - OK[0m[1;34m
[0m[1;34m	threadid 140325277021952 -> core 12 - OK[0m[1;34m
[0m[1;34m	threadid 140325268629248 -> core 13 - OK[0m[1;34m
[0m[1;34m	threadid 140325260236544 -> core 14 - OK[0m[1;34m
[0m[1;34m	threadid 140325251843840 -> core 15 - OK[0m[1;34m
[0m[1;34m	threadid 140325243451136 -> core 16 - OK[0m[1;34m
[0m[1;34m	threadid 140325235058432 -> core 17 - OK[0m[1;34m
[0m[1;34m	threadid 140325226665728 -> core 6 - OK[0m[1;34m
[0m[1;34m	threadid 140325218273024 -> core 7 - OK[0m[1;34m
[0m[1;34m	threadid 140325209880320 -> core 8 - OK[0m[1;34m
[0m[1;34m	threadid 140325201487616 -> core 9 - OK[0m[1;34m
[0mFLOPs in stencil code:      1.612620e+09
Time spent in stencil code: 0.063113
Performance in GFlop/s:     25.551323
[1;34m[pthread wrapper] 
[0m[1;34m[pthread wrapper] MAIN -> 0
[0m[1;34m[pthread wrapper] PIN_MASK: [0m[1;34m0->1  [0m[1;34m1->2  [0m[1;34m2->3  [0m[1;34m3->4  [0m[1;34m4->5  [0m[1;34m5->12  [0m[1;34m6->13  [0m[1;34m7->14  [0m[1;34m8->15  [0m[1;34m9->16  [0m[1;34m10->17  [0m[1;34m11->6  [0m[1;34m12->7  [0m[1;34m13->8  [0m[1;34m14->9  [0m[1;34m
[pthread wrapper] SKIP MASK: 0x0
[0m[1;34m	threadid 139968146044672 -> core 1 - OK[0m[1;34m
[0m[1;34m	threadid 139968137651968 -> core 2 - OK[0m[1;34m
[0m[1;34m	threadid 139968129259264 -> core 3 - OK[0m[1;34m
[0m[1;34m	threadid 139968120866560 -> core 4 - OK[0m[1;34m
[0m[1;34m	threadid 139968112473856 -> core 5 - OK[0m[1;34m
[0m[1;34m	threadid 139968104081152 -> core 12 - OK[0m[1;34m
[0m[1;34m	threadid 139968095688448 -> core 13 - OK[0m[1;34m
[0m[1;34m	threadid 139968087295744 -> core 14 - OK[0m[1;34m
[0m[1;34m	threadid 139968078903040 -> core 15 - OK[0m[1;34m
[0m[1;34m	threadid 139968070510336 -> core 16 - OK[0m[1;34m
[0m[1;34m	threadid 139968062117632 -> core 17 - OK[0m[1;34m
[0m[1;34m	threadid 139968053724928 -> core 6 - OK[0m[1;34m
[0m[1;34m	threadid 139968045332224 -> core 7 - OK[0m[1;34m
[0m[1;34m	threadid 139968036939520 -> core 8 - OK[0m[1;34m
[0m[1;34m	threadid 139968028546816 -> core 9 - OK[0m[1;34m
[0mFLOPs in stencil code:      1.612620e+09
Time spent in stencil code: 0.063031
Performance in GFlop/s:     25.584571
[1;34m[pthread wrapper] 
[0m[1;34m[pthread wrapper] MAIN -> 0
[0m[1;34m[pthread wrapper] PIN_MASK: [0m[1;34m0->1  [0m[1;34m1->2  [0m[1;34m2->3  [0m[1;34m3->4  [0m[1;34m4->5  [0m[1;34m5->12  [0m[1;34m6->13  [0m[1;34m7->14  [0m[1;34m8->15  [0m[1;34m9->16  [0m[1;34m10->17  [0m[1;34m11->6  [0m[1;34m12->7  [0m[1;34m13->8  [0m[1;34m14->9  [0m[1;34m
[pthread wrapper] SKIP MASK: 0x0
[0m[1;34m	threadid 140130034095872 -> core 1 - OK[0m[1;34m
[0m[1;34m	threadid 140130025703168 -> core 2 - OK[0m[1;34m
[0m[1;34m	threadid 140130017310464 -> core 3 - OK[0m[1;34m
[0m[1;34m	threadid 140130008917760 -> core 4 - OK[0m[1;34m
[0m[1;34m	threadid 140130000525056 -> core 5 - OK[0m[1;34m
[0m[1;34m	threadid 140129992132352 -> core 12 - OK[0m[1;34m
[0m[1;34m	threadid 140129983739648 -> core 13 - OK[0m[1;34m
[0m[1;34m	threadid 140129975346944 -> core 14 - OK[0m[1;34m
[0m[1;34m	threadid 140129966954240 -> core 15 - OK[0m[1;34m
[0m[1;34m	threadid 140129958561536 -> core 16 - OK[0m[1;34m
[0m[1;34m	threadid 140129950168832 -> core 17 - OK[0m[1;34m
[0m[1;34m	threadid 140129941776128 -> core 6 - OK[0m[1;34m
[0m[1;34m	threadid 140129933383424 -> core 7 - OK[0m[1;34m
[0m[1;34m	threadid 140129924990720 -> core 8 - OK[0m[1;34m
[0m[1;34m	threadid 140129916598016 -> core 9 - OK[0m[1;34m
[0mFLOPs in stencil code:      1.612620e+09
Time spent in stencil code: 0.063152
Performance in GFlop/s:     25.535503
[1;34m[pthread wrapper] 
[0m[1;34m[pthread wrapper] MAIN -> 0
[0m[1;34m[pthread wrapper] PIN_MASK: [0m[1;34m0->1  [0m[1;34m1->2  [0m[1;34m2->3  [0m[1;34m3->4  [0m[1;34m4->5  [0m[1;34m5->12  [0m[1;34m6->13  [0m[1;34m7->14  [0m[1;34m8->15  [0m[1;34m9->16  [0m[1;34m10->17  [0m[1;34m11->6  [0m[1;34m12->7  [0m[1;34m13->8  [0m[1;34m14->9  [0m[1;34m
[pthread wrapper] SKIP MASK: 0x0
[0m[1;34m	threadid 140165227435776 -> core 1 - OK[0m[1;34m
[0m[1;34m	threadid 140165219043072 -> core 2 - OK[0m[1;34m
[0m[1;34m	threadid 140165210650368 -> core 3 - OK[0m[1;34m
[0m[1;34m	threadid 140165202257664 -> core 4 - OK[0m[1;34m
[0m[1;34m	threadid 140165193864960 -> core 5 - OK[0m[1;34m
[0m[1;34m	threadid 140165185472256 -> core 12 - OK[0m[1;34m
[0m[1;34m	threadid 140165177079552 -> core 13 - OK[0m[1;34m
[0m[1;34m	threadid 140165168686848 -> core 14 - OK[0m[1;34m
[0m[1;34m	threadid 140165160294144 -> core 15 - OK[0m[1;34m
[0m[1;34m	threadid 140165151901440 -> core 16 - OK[0m[1;34m
[0m[1;34m	threadid 140165143508736 -> core 17 - OK[0m[1;34m
[0m[1;34m	threadid 140165135116032 -> core 6 - OK[0m[1;34m
[0m[1;34m	threadid 140165126723328 -> core 7 - OK[0m[1;34m
[0m[1;34m	threadid 140165118330624 -> core 8 - OK[0m[1;34m
[0m[1;34m	threadid 140165109937920 -> core 9 - OK[0m[1;34m
[0mFLOPs in stencil code:      1.612620e+09
Time spent in stencil code: 0.063183
Performance in GFlop/s:     25.522977
[1;34m[pthread wrapper] 
[0m[1;34m[pthread wrapper] MAIN -> 0
[0m[1;34m[pthread wrapper] PIN_MASK: [0m[1;34m0->1  [0m[1;34m1->2  [0m[1;34m2->3  [0m[1;34m3->4  [0m[1;34m4->5  [0m[1;34m5->12  [0m[1;34m6->13  [0m[1;34m7->14  [0m[1;34m8->15  [0m[1;34m9->16  [0m[1;34m10->17  [0m[1;34m11->6  [0m[1;34m12->7  [0m[1;34m13->8  [0m[1;34m14->9  [0m[1;34m
[pthread wrapper] SKIP MASK: 0x0
[0m[1;34m	threadid 140672479540992 -> core 1 - OK[0m[1;34m
[0m[1;34m	threadid 140672471148288 -> core 2 - OK[0m[1;34m
[0m[1;34m	threadid 140672462755584 -> core 3 - OK[0m[1;34m
[0m[1;34m	threadid 140672454362880 -> core 4 - OK[0m[1;34m
[0m[1;34m	threadid 140672445970176 -> core 5 - OK[0m[1;34m
[0m[1;34m	threadid 140672437577472 -> core 12 - OK[0m[1;34m
[0m[1;34m	threadid 140672429184768 -> core 13 - OK[0m[1;34m
[0m[1;34m	threadid 140672420792064 -> core 14 - OK[0m[1;34m
[0m[1;34m	threadid 140672412399360 -> core 15 - OK[0m[1;34m
[0m[1;34m	threadid 140672404006656 -> core 16 - OK[0m[1;34m
[0m[1;34m	threadid 140672395613952 -> core 17 - OK[0m[1;34m
[0m[1;34m	threadid 140672387221248 -> core 6 - OK[0m[1;34m
[0m[1;34m	threadid 140672378828544 -> core 7 - OK[0m[1;34m
[0m[1;34m	threadid 140672370435840 -> core 8 - OK[0m[1;34m
[0m[1;34m	threadid 140672362043136 -> core 9 - OK[0m[1;34m
[0mFLOPs in stencil code:      1.612620e+09
Time spent in stencil code: 0.063256
Performance in GFlop/s:     25.493540
