[1;34m[pthread wrapper] 
[0m[1;34m[pthread wrapper] MAIN -> 0
[0m[1;34m[pthread wrapper] PIN_MASK: [0m[1;34m0->1  [0m[1;34m1->6  [0m[1;34m2->7  [0m[1;34m
[pthread wrapper] SKIP MASK: 0x0
[0m[1;34m	threadid 139997330724608 -> core 1 - OK[0m[1;34m
[0m[1;34m	threadid 139997322331904 -> core 6 - OK[0m[1;34m
[0m[1;34m	threadid 139997313939200 -> core 7 - OK[0m[1;34m
[0mFLOPs in stencil code:      1.612620e+09
Time spent in stencil code: 0.135140
Performance in GFlop/s:     11.932964
[1;34m[pthread wrapper] 
[0m[1;34m[pthread wrapper] MAIN -> 0
[0m[1;34m[pthread wrapper] PIN_MASK: [0m[1;34m0->1  [0m[1;34m1->6  [0m[1;34m2->7  [0m[1;34m
[pthread wrapper] SKIP MASK: 0x0
[0m[1;34m	threadid 140001934604032 -> core 1 - OK[0m[1;34m
[0m[1;34m	threadid 140001926211328 -> core 6 - OK[0m[1;34m
[0m[1;34m	threadid 140001917818624 -> core 7 - OK[0m[1;34m
[0mFLOPs in stencil code:      1.612620e+09
Time spent in stencil code: 0.135037
Performance in GFlop/s:     11.942065
[1;34m[pthread wrapper] 
[0m[1;34m[pthread wrapper] MAIN -> 0
[0m[1;34m[pthread wrapper] PIN_MASK: [0m[1;34m0->1  [0m[1;34m1->6  [0m[1;34m2->7  [0m[1;34m
[pthread wrapper] SKIP MASK: 0x0
[0m[1;34m	threadid 140546595583744 -> core 1 - OK[0m[1;34m
[0m[1;34m	threadid 140546587191040 -> core 6 - OK[0m[1;34m
[0m[1;34m	threadid 140546578798336 -> core 7 - OK[0m[1;34m
[0mFLOPs in stencil code:      1.612620e+09
Time spent in stencil code: 0.134475
Performance in GFlop/s:     11.991969
[1;34m[pthread wrapper] 
[0m[1;34m[pthread wrapper] MAIN -> 0
[0m[1;34m[pthread wrapper] PIN_MASK: [0m[1;34m0->1  [0m[1;34m1->6  [0m[1;34m2->7  [0m[1;34m
[pthread wrapper] SKIP MASK: 0x0
[0m[1;34m	threadid 140453636572928 -> core 1 - OK[0m[1;34m
[0m[1;34m	threadid 140453628180224 -> core 6 - OK[0m[1;34m
[0m[1;34m	threadid 140453619787520 -> core 7 - OK[0m[1;34m
[0mFLOPs in stencil code:      1.612620e+09
Time spent in stencil code: 0.135134
Performance in GFlop/s:     11.933490
[1;34m[pthread wrapper] 
[0m[1;34m[pthread wrapper] MAIN -> 0
[0m[1;34m[pthread wrapper] PIN_MASK: [0m[1;34m0->1  [0m[1;34m1->6  [0m[1;34m2->7  [0m[1;34m
[pthread wrapper] SKIP MASK: 0x0
[0m[1;34m	threadid 140122256684800 -> core 1 - OK[0m[1;34m
[0m[1;34m	threadid 140122248292096 -> core 6 - OK[0m[1;34m
[0m[1;34m	threadid 140122239899392 -> core 7 - OK[0m[1;34m
[0mFLOPs in stencil code:      1.612620e+09
Time spent in stencil code: 0.134866
Performance in GFlop/s:     11.957202
