[1;34m[pthread wrapper] 
[0m[1;34m[pthread wrapper] MAIN -> 0
[0m[1;34m[pthread wrapper] PIN_MASK: [0m[1;34m0->1  [0m[1;34m1->2  [0m[1;34m2->3  [0m[1;34m3->4  [0m[1;34m4->5  [0m[1;34m5->6  [0m[1;34m6->7  [0m[1;34m7->8  [0m[1;34m8->9  [0m[1;34m9->10  [0m[1;34m10->11  [0m[1;34m
[pthread wrapper] SKIP MASK: 0x0
[0m[1;34m	threadid 139940271224576 -> core 1 - OK[0m[1;34m
[0m[1;34m	threadid 139940262831872 -> core 2 - OK[0m[1;34m
[0m[1;34m	threadid 139940254439168 -> core 3 - OK[0m[1;34m
[0m[1;34m	threadid 139940246046464 -> core 4 - OK[0m[1;34m
[0m[1;34m	threadid 139940237653760 -> core 5 - OK[0m[1;34m
[0m[1;34m	threadid 139940229261056 -> core 6 - OK[0m[1;34m
[0m[1;34m	threadid 139940220868352 -> core 7 - OK[0m[1;34m
[0m[1;34m	threadid 139940212475648 -> core 8 - OK[0m[1;34m
[0m[1;34m	threadid 139940204082944 -> core 9 - OK[0m[1;34m
[0m[1;34m	threadid 139940195690240 -> core 10 - OK[0m[1;34m
[0m[1;34m	threadid 139940187297536 -> core 11 - OK[0m[1;34m
[0mFLOPs in stencil code:      1.612620e+09
Time spent in stencil code: 0.049853
Performance in GFlop/s:     32.347446
[1;34m[pthread wrapper] 
[0m[1;34m[pthread wrapper] MAIN -> 0
[0m[1;34m[pthread wrapper] PIN_MASK: [0m[1;34m0->1  [0m[1;34m1->2  [0m[1;34m2->3  [0m[1;34m3->4  [0m[1;34m4->5  [0m[1;34m5->6  [0m[1;34m6->7  [0m[1;34m7->8  [0m[1;34m8->9  [0m[1;34m9->10  [0m[1;34m10->11  [0m[1;34m
[pthread wrapper] SKIP MASK: 0x0
[0m[1;34m	threadid 140027044546304 -> core 1 - OK[0m[1;34m
[0m[1;34m	threadid 140027036153600 -> core 2 - OK[0m[1;34m
[0m[1;34m	threadid 140027027760896 -> core 3 - OK[0m[1;34m
[0m[1;34m	threadid 140027019368192 -> core 4 - OK[0m[1;34m
[0m[1;34m	threadid 140027010975488 -> core 5 - OK[0m[1;34m
[0m[1;34m	threadid 140027002582784 -> core 6 - OK[0m[1;34m
[0m[1;34m	threadid 140026994190080 -> core 7 - OK[0m[1;34m
[0m[1;34m	threadid 140026985797376 -> core 8 - OK[0m[1;34m
[0m[1;34m	threadid 140026977404672 -> core 9 - OK[0m[1;34m
[0m[1;34m	threadid 140026969011968 -> core 10 - OK[0m[1;34m
[0m[1;34m	threadid 140026960619264 -> core 11 - OK[0m[1;34m
[0mFLOPs in stencil code:      1.612620e+09
Time spent in stencil code: 0.053683
Performance in GFlop/s:     30.039654
[1;34m[pthread wrapper] 
[0m[1;34m[pthread wrapper] MAIN -> 0
[0m[1;34m[pthread wrapper] PIN_MASK: [0m[1;34m0->1  [0m[1;34m1->2  [0m[1;34m2->3  [0m[1;34m3->4  [0m[1;34m4->5  [0m[1;34m5->6  [0m[1;34m6->7  [0m[1;34m7->8  [0m[1;34m8->9  [0m[1;34m9->10  [0m[1;34m10->11  [0m[1;34m
[pthread wrapper] SKIP MASK: 0x0
[0m[1;34m	threadid 140324558251776 -> core 1 - OK[0m[1;34m
[0m[1;34m	threadid 140324549859072 -> core 2 - OK[0m[1;34m
[0m[1;34m	threadid 140324541466368 -> core 3 - OK[0m[1;34m
[0m[1;34m	threadid 140324533073664 -> core 4 - OK[0m[1;34m
[0m[1;34m	threadid 140324524680960 -> core 5 - OK[0m[1;34m
[0m[1;34m	threadid 140324516288256 -> core 6 - OK[0m[1;34m
[0m[1;34m	threadid 140324507895552 -> core 7 - OK[0m[1;34m
[0m[1;34m	threadid 140324499502848 -> core 8 - OK[0m[1;34m
[0m[1;34m	threadid 140324491110144 -> core 9 - OK[0m[1;34m
[0m[1;34m	threadid 140324482717440 -> core 10 - OK[0m[1;34m
[0m[1;34m	threadid 140324474324736 -> core 11 - OK[0m[1;34m
[0mFLOPs in stencil code:      1.612620e+09
Time spent in stencil code: 0.049929
Performance in GFlop/s:     32.298326
[1;34m[pthread wrapper] 
[0m[1;34m[pthread wrapper] MAIN -> 0
[0m[1;34m[pthread wrapper] PIN_MASK: [0m[1;34m0->1  [0m[1;34m1->2  [0m[1;34m2->3  [0m[1;34m3->4  [0m[1;34m4->5  [0m[1;34m5->6  [0m[1;34m6->7  [0m[1;34m7->8  [0m[1;34m8->9  [0m[1;34m9->10  [0m[1;34m10->11  [0m[1;34m
[pthread wrapper] SKIP MASK: 0x0
[0m[1;34m	threadid 140296332101376 -> core 1 - OK[0m[1;34m
[0m[1;34m	threadid 140296323708672 -> core 2 - OK[0m[1;34m
[0m[1;34m	threadid 140296315315968 -> core 3 - OK[0m[1;34m
[0m[1;34m	threadid 140296306923264 -> core 4 - OK[0m[1;34m
[0m[1;34m	threadid 140296298530560 -> core 5 - OK[0m[1;34m
[0m[1;34m	threadid 140296290137856 -> core 6 - OK[0m[1;34m
[0m[1;34m	threadid 140296281745152 -> core 7 - OK[0m[1;34m
[0m[1;34m	threadid 140296273352448 -> core 8 - OK[0m[1;34m
[0m[1;34m	threadid 140296264959744 -> core 9 - OK[0m[1;34m
[0m[1;34m	threadid 140296256567040 -> core 10 - OK[0m[1;34m
[0m[1;34m	threadid 140296248174336 -> core 11 - OK[0m[1;34m
[0mFLOPs in stencil code:      1.612620e+09
Time spent in stencil code: 0.049989
Performance in GFlop/s:     32.259507
[1;34m[pthread wrapper] 
[0m[1;34m[pthread wrapper] MAIN -> 0
[0m[1;34m[pthread wrapper] PIN_MASK: [0m[1;34m0->1  [0m[1;34m1->2  [0m[1;34m2->3  [0m[1;34m3->4  [0m[1;34m4->5  [0m[1;34m5->6  [0m[1;34m6->7  [0m[1;34m7->8  [0m[1;34m8->9  [0m[1;34m9->10  [0m[1;34m10->11  [0m[1;34m
[pthread wrapper] SKIP MASK: 0x0
[0m[1;34m	threadid 139766417561344 -> core 1 - OK[0m[1;34m
[0m[1;34m	threadid 139766409168640 -> core 2 - OK[0m[1;34m
[0m[1;34m	threadid 139766400775936 -> core 3 - OK[0m[1;34m
[0m[1;34m	threadid 139766392383232 -> core 4 - OK[0m[1;34m
[0m[1;34m	threadid 139766383990528 -> core 5 - OK[0m[1;34m
[0m[1;34m	threadid 139766375597824 -> core 6 - OK[0m[1;34m
[0m[1;34m	threadid 139766367205120 -> core 7 - OK[0m[1;34m
[0m[1;34m	threadid 139766358812416 -> core 8 - OK[0m[1;34m
[0m[1;34m	threadid 139766350419712 -> core 9 - OK[0m[1;34m
[0m[1;34m	threadid 139766342027008 -> core 10 - OK[0m[1;34m
[0m[1;34m	threadid 139766333634304 -> core 11 - OK[0m[1;34m
[0mFLOPs in stencil code:      1.612620e+09
Time spent in stencil code: 0.049889
Performance in GFlop/s:     32.324103
