[1;34m[pthread wrapper] 
[0m[1;34m[pthread wrapper] MAIN -> 0
[0m[1;34m[pthread wrapper] PIN_MASK: [0m[1;34m0->1  [0m[1;34m1->2  [0m[1;34m2->3  [0m[1;34m3->4  [0m[1;34m4->5  [0m[1;34m5->6  [0m[1;34m6->7  [0m[1;34m
[pthread wrapper] SKIP MASK: 0x0
[0m[1;34m	threadid 140035355502336 -> core 1 - OK[0m[1;34m
[0m[1;34m	threadid 140035347109632 -> core 2 - OK[0m[1;34m
[0m[1;34m	threadid 140035338716928 -> core 3 - OK[0m[1;34m
[0m[1;34m	threadid 140035330324224 -> core 4 - OK[0m[1;34m
[0m[1;34m	threadid 140035321931520 -> core 5 - OK[0m[1;34m
[0m[1;34m	threadid 140035313538816 -> core 6 - OK[0m[1;34m
[0m[1;34m	threadid 140035305146112 -> core 7 - OK[0m[1;34m
[0mFLOPs in stencil code:      1.612620e+09
Time spent in stencil code: 0.047899
Performance in GFlop/s:     33.667086
[1;34m[pthread wrapper] 
[0m[1;34m[pthread wrapper] MAIN -> 0
[0m[1;34m[pthread wrapper] PIN_MASK: [0m[1;34m0->1  [0m[1;34m1->2  [0m[1;34m2->3  [0m[1;34m3->4  [0m[1;34m4->5  [0m[1;34m5->6  [0m[1;34m6->7  [0m[1;34m
[pthread wrapper] SKIP MASK: 0x0
[0m[1;34m	threadid 139961126127360 -> core 1 - OK[0m[1;34m
[0m[1;34m	threadid 139961117734656 -> core 2 - OK[0m[1;34m
[0m[1;34m	threadid 139961109341952 -> core 3 - OK[0m[1;34m
[0m[1;34m	threadid 139961100949248 -> core 4 - OK[0m[1;34m
[0m[1;34m	threadid 139961092556544 -> core 5 - OK[0m[1;34m
[0m[1;34m	threadid 139961084163840 -> core 6 - OK[0m[1;34m
[0m[1;34m	threadid 139961075771136 -> core 7 - OK[0m[1;34m
[0mFLOPs in stencil code:      1.612620e+09
Time spent in stencil code: 0.047867
Performance in GFlop/s:     33.689724
[1;34m[pthread wrapper] 
[0m[1;34m[pthread wrapper] MAIN -> 0
[0m[1;34m[pthread wrapper] PIN_MASK: [0m[1;34m0->1  [0m[1;34m1->2  [0m[1;34m2->3  [0m[1;34m3->4  [0m[1;34m4->5  [0m[1;34m5->6  [0m[1;34m6->7  [0m[1;34m
[pthread wrapper] SKIP MASK: 0x0
[0m[1;34m	threadid 140305832486656 -> core 1 - OK[0m[1;34m
[0m[1;34m	threadid 140305824093952 -> core 2 - OK[0m[1;34m
[0m[1;34m	threadid 140305815701248 -> core 3 - OK[0m[1;34m
[0m[1;34m	threadid 140305807308544 -> core 4 - OK[0m[1;34m
[0m[1;34m	threadid 140305798915840 -> core 5 - OK[0m[1;34m
[0m[1;34m	threadid 140305790523136 -> core 6 - OK[0m[1;34m
[0m[1;34m	threadid 140305782130432 -> core 7 - OK[0m[1;34m
[0mFLOPs in stencil code:      1.612620e+09
Time spent in stencil code: 0.048083
Performance in GFlop/s:     33.538376
[1;34m[pthread wrapper] 
[0m[1;34m[pthread wrapper] MAIN -> 0
[0m[1;34m[pthread wrapper] PIN_MASK: [0m[1;34m0->1  [0m[1;34m1->2  [0m[1;34m2->3  [0m[1;34m3->4  [0m[1;34m4->5  [0m[1;34m5->6  [0m[1;34m6->7  [0m[1;34m
[pthread wrapper] SKIP MASK: 0x0
[0m[1;34m	threadid 140577991296768 -> core 1 - OK[0m[1;34m
[0m[1;34m	threadid 140577982904064 -> core 2 - OK[0m[1;34m
[0m[1;34m	threadid 140577974511360 -> core 3 - OK[0m[1;34m
[0m[1;34m	threadid 140577966118656 -> core 4 - OK[0m[1;34m
[0m[1;34m	threadid 140577957725952 -> core 5 - OK[0m[1;34m
[0m[1;34m	threadid 140577949333248 -> core 6 - OK[0m[1;34m
[0m[1;34m	threadid 140577940940544 -> core 7 - OK[0m[1;34m
[0mFLOPs in stencil code:      1.612620e+09
Time spent in stencil code: 0.047574
Performance in GFlop/s:     33.897226
[1;34m[pthread wrapper] 
[0m[1;34m[pthread wrapper] MAIN -> 0
[0m[1;34m[pthread wrapper] PIN_MASK: [0m[1;34m0->1  [0m[1;34m1->2  [0m[1;34m2->3  [0m[1;34m3->4  [0m[1;34m4->5  [0m[1;34m5->6  [0m[1;34m6->7  [0m[1;34m
[pthread wrapper] SKIP MASK: 0x0
[0m[1;34m	threadid 140633244976896 -> core 1 - OK[0m[1;34m
[0m[1;34m	threadid 140633236584192 -> core 2 - OK[0m[1;34m
[0m[1;34m	threadid 140633228191488 -> core 3 - OK[0m[1;34m
[0m[1;34m	threadid 140633219798784 -> core 4 - OK[0m[1;34m
[0m[1;34m	threadid 140633211406080 -> core 5 - OK[0m[1;34m
[0m[1;34m	threadid 140633203013376 -> core 6 - OK[0m[1;34m
[0m[1;34m	threadid 140633194620672 -> core 7 - OK[0m[1;34m
[0mFLOPs in stencil code:      1.612620e+09
Time spent in stencil code: 0.047689
Performance in GFlop/s:     33.815373
