[1;34m[pthread wrapper] 
[0m[1;34m[pthread wrapper] MAIN -> 0
[0m[1;34m[pthread wrapper] PIN_MASK: [0m[1;34m0->1  [0m[1;34m1->2  [0m[1;34m2->3  [0m[1;34m3->4  [0m[1;34m4->5  [0m[1;34m5->6  [0m[1;34m6->7  [0m[1;34m7->8  [0m[1;34m8->9  [0m[1;34m9->10  [0m[1;34m10->11  [0m[1;34m
[pthread wrapper] SKIP MASK: 0x0
[0m[1;34m	threadid 139840499779328 -> core 1 - OK[0m[1;34m
[0m[1;34m	threadid 139840491386624 -> core 2 - OK[0m[1;34m
[0m[1;34m	threadid 139840482993920 -> core 3 - OK[0m[1;34m
[0m[1;34m	threadid 139840474601216 -> core 4 - OK[0m[1;34m
[0m[1;34m	threadid 139840466208512 -> core 5 - OK[0m[1;34m
[0m[1;34m	threadid 139840457815808 -> core 6 - OK[0m[1;34m
[0m[1;34m	threadid 139840449423104 -> core 7 - OK[0m[1;34m
[0m[1;34m	threadid 139840441030400 -> core 8 - OK[0m[1;34m
[0m[1;34m	threadid 139840432637696 -> core 9 - OK[0m[1;34m
[0m[1;34m	threadid 139840424244992 -> core 10 - OK[0m[1;34m
[0m[1;34m	threadid 139840415852288 -> core 11 - OK[0m[1;34m
[0mFLOPs in stencil code:      1.612620e+09
Time spent in stencil code: 0.035477
Performance in GFlop/s:     45.455464
[1;34m[pthread wrapper] 
[0m[1;34m[pthread wrapper] MAIN -> 0
[0m[1;34m[pthread wrapper] PIN_MASK: [0m[1;34m0->1  [0m[1;34m1->2  [0m[1;34m2->3  [0m[1;34m3->4  [0m[1;34m4->5  [0m[1;34m5->6  [0m[1;34m6->7  [0m[1;34m7->8  [0m[1;34m8->9  [0m[1;34m9->10  [0m[1;34m10->11  [0m[1;34m
[pthread wrapper] SKIP MASK: 0x0
[0m[1;34m	threadid 140055582516992 -> core 1 - OK[0m[1;34m
[0m[1;34m	threadid 140055574124288 -> core 2 - OK[0m[1;34m
[0m[1;34m	threadid 140055565731584 -> core 3 - OK[0m[1;34m
[0m[1;34m	threadid 140055557338880 -> core 4 - OK[0m[1;34m
[0m[1;34m	threadid 140055548946176 -> core 5 - OK[0m[1;34m
[0m[1;34m	threadid 140055540553472 -> core 6 - OK[0m[1;34m
[0m[1;34m	threadid 140055532160768 -> core 7 - OK[0m[1;34m
[0m[1;34m	threadid 140055523768064 -> core 8 - OK[0m[1;34m
[0m[1;34m	threadid 140055515375360 -> core 9 - OK[0m[1;34m
[0m[1;34m	threadid 140055506982656 -> core 10 - OK[0m[1;34m
[0m[1;34m	threadid 140055498589952 -> core 11 - OK[0m[1;34m
[0mFLOPs in stencil code:      1.612620e+09
Time spent in stencil code: 0.035420
Performance in GFlop/s:     45.528284
[1;34m[pthread wrapper] 
[0m[1;34m[pthread wrapper] MAIN -> 0
[0m[1;34m[pthread wrapper] PIN_MASK: [0m[1;34m0->1  [0m[1;34m1->2  [0m[1;34m2->3  [0m[1;34m3->4  [0m[1;34m4->5  [0m[1;34m5->6  [0m[1;34m6->7  [0m[1;34m7->8  [0m[1;34m8->9  [0m[1;34m9->10  [0m[1;34m10->11  [0m[1;34m
[pthread wrapper] SKIP MASK: 0x0
[0m[1;34m	threadid 140637194352384 -> core 1 - OK[0m[1;34m
[0m[1;34m	threadid 140637185959680 -> core 2 - OK[0m[1;34m
[0m[1;34m	threadid 140637177566976 -> core 3 - OK[0m[1;34m
[0m[1;34m	threadid 140637169174272 -> core 4 - OK[0m[1;34m
[0m[1;34m	threadid 140637160781568 -> core 5 - OK[0m[1;34m
[0m[1;34m	threadid 140637152388864 -> core 6 - OK[0m[1;34m
[0m[1;34m	threadid 140637143996160 -> core 7 - OK[0m[1;34m
[0m[1;34m	threadid 140637135603456 -> core 8 - OK[0m[1;34m
[0m[1;34m	threadid 140637127210752 -> core 9 - OK[0m[1;34m
[0m[1;34m	threadid 140637118818048 -> core 10 - OK[0m[1;34m
[0m[1;34m	threadid 140637110425344 -> core 11 - OK[0m[1;34m
[0mFLOPs in stencil code:      1.612620e+09
Time spent in stencil code: 0.035579
Performance in GFlop/s:     45.325094
[1;34m[pthread wrapper] 
[0m[1;34m[pthread wrapper] MAIN -> 0
[0m[1;34m[pthread wrapper] PIN_MASK: [0m[1;34m0->1  [0m[1;34m1->2  [0m[1;34m2->3  [0m[1;34m3->4  [0m[1;34m4->5  [0m[1;34m5->6  [0m[1;34m6->7  [0m[1;34m7->8  [0m[1;34m8->9  [0m[1;34m9->10  [0m[1;34m10->11  [0m[1;34m
[pthread wrapper] SKIP MASK: 0x0
[0m[1;34m	threadid 140337900435200 -> core 1 - OK[0m[1;34m
[0m[1;34m	threadid 140337892042496 -> core 2 - OK[0m[1;34m
[0m[1;34m	threadid 140337883649792 -> core 3 - OK[0m[1;34m
[0m[1;34m	threadid 140337875257088 -> core 4 - OK[0m[1;34m
[0m[1;34m	threadid 140337866864384 -> core 5 - OK[0m[1;34m
[0m[1;34m	threadid 140337858471680 -> core 6 - OK[0m[1;34m
[0m[1;34m	threadid 140337850078976 -> core 7 - OK[0m[1;34m
[0m[1;34m	threadid 140337841686272 -> core 8 - OK[0m[1;34m
[0m[1;34m	threadid 140337833293568 -> core 9 - OK[0m[1;34m
[0m[1;34m	threadid 140337824900864 -> core 10 - OK[0m[1;34m
[0m[1;34m	threadid 140337816508160 -> core 11 - OK[0m[1;34m
[0mFLOPs in stencil code:      1.612620e+09
Time spent in stencil code: 0.035300
Performance in GFlop/s:     45.683265
[1;34m[pthread wrapper] 
[0m[1;34m[pthread wrapper] MAIN -> 0
[0m[1;34m[pthread wrapper] PIN_MASK: [0m[1;34m0->1  [0m[1;34m1->2  [0m[1;34m2->3  [0m[1;34m3->4  [0m[1;34m4->5  [0m[1;34m5->6  [0m[1;34m6->7  [0m[1;34m7->8  [0m[1;34m8->9  [0m[1;34m9->10  [0m[1;34m10->11  [0m[1;34m
[pthread wrapper] SKIP MASK: 0x0
[0m[1;34m	threadid 140464112744192 -> core 1 - OK[0m[1;34m
[0m[1;34m	threadid 140464104351488 -> core 2 - OK[0m[1;34m
[0m[1;34m	threadid 140464095958784 -> core 3 - OK[0m[1;34m
[0m[1;34m	threadid 140464087566080 -> core 4 - OK[0m[1;34m
[0m[1;34m	threadid 140464079173376 -> core 5 - OK[0m[1;34m
[0m[1;34m	threadid 140464070780672 -> core 6 - OK[0m[1;34m
[0m[1;34m	threadid 140464062387968 -> core 7 - OK[0m[1;34m
[0m[1;34m	threadid 140464053995264 -> core 8 - OK[0m[1;34m
[0m[1;34m	threadid 140464045602560 -> core 9 - OK[0m[1;34m
[0m[1;34m	threadid 140464037209856 -> core 10 - OK[0m[1;34m
[0m[1;34m	threadid 140464028817152 -> core 11 - OK[0m[1;34m
[0mFLOPs in stencil code:      1.612620e+09
Time spent in stencil code: 0.035306
Performance in GFlop/s:     45.675553
