[1;34m[pthread wrapper] 
[0m[1;34m[pthread wrapper] MAIN -> 0
[0m[1;34m[pthread wrapper] PIN_MASK: [0m[1;34m0->1  [0m[1;34m1->2  [0m[1;34m2->6  [0m[1;34m3->7  [0m[1;34m4->8  [0m[1;34m
[pthread wrapper] SKIP MASK: 0x0
[0m[1;34m	threadid 140365416298240 -> core 1 - OK[0m[1;34m
[0m[1;34m	threadid 140365407905536 -> core 2 - OK[0m[1;34m
[0m[1;34m	threadid 140365399512832 -> core 6 - OK[0m[1;34m
[0m[1;34m	threadid 140365391120128 -> core 7 - OK[0m[1;34m
[0m[1;34m	threadid 140365382727424 -> core 8 - OK[0m[1;34m
[0mFLOPs in stencil code:      1.612620e+09
Time spent in stencil code: 0.060988
Performance in GFlop/s:     26.441617
[1;34m[pthread wrapper] 
[0m[1;34m[pthread wrapper] MAIN -> 0
[0m[1;34m[pthread wrapper] PIN_MASK: [0m[1;34m0->1  [0m[1;34m1->2  [0m[1;34m2->6  [0m[1;34m3->7  [0m[1;34m4->8  [0m[1;34m
[pthread wrapper] SKIP MASK: 0x0
[0m[1;34m	threadid 140635827980032 -> core 1 - OK[0m[1;34m
[0m[1;34m	threadid 140635819587328 -> core 2 - OK[0m[1;34m
[0m[1;34m	threadid 140635811194624 -> core 6 - OK[0m[1;34m
[0m[1;34m	threadid 140635802801920 -> core 7 - OK[0m[1;34m
[0m[1;34m	threadid 140635794409216 -> core 8 - OK[0m[1;34m
[0mFLOPs in stencil code:      1.612620e+09
Time spent in stencil code: 0.061293
Performance in GFlop/s:     26.309965
[1;34m[pthread wrapper] 
[0m[1;34m[pthread wrapper] MAIN -> 0
[0m[1;34m[pthread wrapper] PIN_MASK: [0m[1;34m0->1  [0m[1;34m1->2  [0m[1;34m2->6  [0m[1;34m3->7  [0m[1;34m4->8  [0m[1;34m
[pthread wrapper] SKIP MASK: 0x0
[0m[1;34m	threadid 139680422815488 -> core 1 - OK[0m[1;34m
[0m[1;34m	threadid 139680414422784 -> core 2 - OK[0m[1;34m
[0m[1;34m	threadid 139680406030080 -> core 6 - OK[0m[1;34m
[0m[1;34m	threadid 139680397637376 -> core 7 - OK[0m[1;34m
[0m[1;34m	threadid 139680389244672 -> core 8 - OK[0m[1;34m
[0mFLOPs in stencil code:      1.612620e+09
Time spent in stencil code: 0.061190
Performance in GFlop/s:     26.354354
[1;34m[pthread wrapper] 
[0m[1;34m[pthread wrapper] MAIN -> 0
[0m[1;34m[pthread wrapper] PIN_MASK: [0m[1;34m0->1  [0m[1;34m1->2  [0m[1;34m2->6  [0m[1;34m3->7  [0m[1;34m4->8  [0m[1;34m
[pthread wrapper] SKIP MASK: 0x0
[0m[1;34m	threadid 140252253300480 -> core 1 - OK[0m[1;34m
[0m[1;34m	threadid 140252244907776 -> core 2 - OK[0m[1;34m
[0m[1;34m	threadid 140252236515072 -> core 6 - OK[0m[1;34m
[0m[1;34m	threadid 140252228122368 -> core 7 - OK[0m[1;34m
[0m[1;34m	threadid 140252219729664 -> core 8 - OK[0m[1;34m
[0mFLOPs in stencil code:      1.612620e+09
Time spent in stencil code: 0.061026
Performance in GFlop/s:     26.425192
[1;34m[pthread wrapper] 
[0m[1;34m[pthread wrapper] MAIN -> 0
[0m[1;34m[pthread wrapper] PIN_MASK: [0m[1;34m0->1  [0m[1;34m1->2  [0m[1;34m2->6  [0m[1;34m3->7  [0m[1;34m4->8  [0m[1;34m
[pthread wrapper] SKIP MASK: 0x0
[0m[1;34m	threadid 140662729746176 -> core 1 - OK[0m[1;34m
[0m[1;34m	threadid 140662721353472 -> core 2 - OK[0m[1;34m
[0m[1;34m	threadid 140662712960768 -> core 6 - OK[0m[1;34m
[0m[1;34m	threadid 140662704568064 -> core 7 - OK[0m[1;34m
[0m[1;34m	threadid 140662696175360 -> core 8 - OK[0m[1;34m
[0mFLOPs in stencil code:      1.612620e+09
Time spent in stencil code: 0.061076
Performance in GFlop/s:     26.403529
