[1;34m[pthread wrapper] 
[0m[1;34m[pthread wrapper] MAIN -> 0
[0m[1;34m[pthread wrapper] PIN_MASK: [0m[1;34m0->1  [0m[1;34m1->2  [0m[1;34m2->3  [0m[1;34m3->6  [0m[1;34m4->7  [0m[1;34m5->8  [0m[1;34m6->9  [0m[1;34m
[pthread wrapper] SKIP MASK: 0x0
[0m[1;34m	threadid 140587285186304 -> core 1 - OK[0m[1;34m
[0m[1;34m	threadid 140587276793600 -> core 2 - OK[0m[1;34m
[0m[1;34m	threadid 140587268400896 -> core 3 - OK[0m[1;34m
[0m[1;34m	threadid 140587260008192 -> core 6 - OK[0m[1;34m
[0m[1;34m	threadid 140587251615488 -> core 7 - OK[0m[1;34m
[0m[1;34m	threadid 140587243222784 -> core 8 - OK[0m[1;34m
[0m[1;34m	threadid 140587234830080 -> core 9 - OK[0m[1;34m
[0mFLOPs in stencil code:      1.612620e+09
Time spent in stencil code: 0.048053
Performance in GFlop/s:     33.559177
[1;34m[pthread wrapper] 
[0m[1;34m[pthread wrapper] MAIN -> 0
[0m[1;34m[pthread wrapper] PIN_MASK: [0m[1;34m0->1  [0m[1;34m1->2  [0m[1;34m2->3  [0m[1;34m3->6  [0m[1;34m4->7  [0m[1;34m5->8  [0m[1;34m6->9  [0m[1;34m
[pthread wrapper] SKIP MASK: 0x0
[0m[1;34m	threadid 139765009762048 -> core 1 - OK[0m[1;34m
[0m[1;34m	threadid 139765001369344 -> core 2 - OK[0m[1;34m
[0m[1;34m	threadid 139764992976640 -> core 3 - OK[0m[1;34m
[0m[1;34m	threadid 139764984583936 -> core 6 - OK[0m[1;34m
[0m[1;34m	threadid 139764976191232 -> core 7 - OK[0m[1;34m
[0m[1;34m	threadid 139764967798528 -> core 8 - OK[0m[1;34m
[0m[1;34m	threadid 139764959405824 -> core 9 - OK[0m[1;34m
[0mFLOPs in stencil code:      1.612620e+09
Time spent in stencil code: 0.048186
Performance in GFlop/s:     33.466688
[1;34m[pthread wrapper] 
[0m[1;34m[pthread wrapper] MAIN -> 0
[0m[1;34m[pthread wrapper] PIN_MASK: [0m[1;34m0->1  [0m[1;34m1->2  [0m[1;34m2->3  [0m[1;34m3->6  [0m[1;34m4->7  [0m[1;34m5->8  [0m[1;34m6->9  [0m[1;34m
[pthread wrapper] SKIP MASK: 0x0
[0m[1;34m	threadid 140540525680384 -> core 1 - OK[0m[1;34m
[0m[1;34m	threadid 140540517287680 -> core 2 - OK[0m[1;34m
[0m[1;34m	threadid 140540508894976 -> core 3 - OK[0m[1;34m
[0m[1;34m	threadid 140540500502272 -> core 6 - OK[0m[1;34m
[0m[1;34m	threadid 140540492109568 -> core 7 - OK[0m[1;34m
[0m[1;34m	threadid 140540483716864 -> core 8 - OK[0m[1;34m
[0m[1;34m	threadid 140540475324160 -> core 9 - OK[0m[1;34m
[0mFLOPs in stencil code:      1.612620e+09
Time spent in stencil code: 0.048118
Performance in GFlop/s:     33.513948
[1;34m[pthread wrapper] 
[0m[1;34m[pthread wrapper] MAIN -> 0
[0m[1;34m[pthread wrapper] PIN_MASK: [0m[1;34m0->1  [0m[1;34m1->2  [0m[1;34m2->3  [0m[1;34m3->6  [0m[1;34m4->7  [0m[1;34m5->8  [0m[1;34m6->9  [0m[1;34m
[pthread wrapper] SKIP MASK: 0x0
[0m[1;34m	threadid 139769651668736 -> core 1 - OK[0m[1;34m
[0m[1;34m	threadid 139769643276032 -> core 2 - OK[0m[1;34m
[0m[1;34m	threadid 139769634883328 -> core 3 - OK[0m[1;34m
[0m[1;34m	threadid 139769626490624 -> core 6 - OK[0m[1;34m
[0m[1;34m	threadid 139769618097920 -> core 7 - OK[0m[1;34m
[0m[1;34m	threadid 139769609705216 -> core 8 - OK[0m[1;34m
[0m[1;34m	threadid 139769601312512 -> core 9 - OK[0m[1;34m
[0mFLOPs in stencil code:      1.612620e+09
Time spent in stencil code: 0.048162
Performance in GFlop/s:     33.483256
[1;34m[pthread wrapper] 
[0m[1;34m[pthread wrapper] MAIN -> 0
[0m[1;34m[pthread wrapper] PIN_MASK: [0m[1;34m0->1  [0m[1;34m1->2  [0m[1;34m2->3  [0m[1;34m3->6  [0m[1;34m4->7  [0m[1;34m5->8  [0m[1;34m6->9  [0m[1;34m
[pthread wrapper] SKIP MASK: 0x0
[0m[1;34m	threadid 140705263617792 -> core 1 - OK[0m[1;34m
[0m[1;34m	threadid 140705255225088 -> core 2 - OK[0m[1;34m
[0m[1;34m	threadid 140705246832384 -> core 3 - OK[0m[1;34m
[0m[1;34m	threadid 140705238439680 -> core 6 - OK[0m[1;34m
[0m[1;34m	threadid 140705230046976 -> core 7 - OK[0m[1;34m
[0m[1;34m	threadid 140705221654272 -> core 8 - OK[0m[1;34m
[0m[1;34m	threadid 140705213261568 -> core 9 - OK[0m[1;34m
[0mFLOPs in stencil code:      1.612620e+09
Time spent in stencil code: 0.048426
Performance in GFlop/s:     33.300602
