[1;34m[pthread wrapper] 
[0m[1;34m[pthread wrapper] MAIN -> 0
[0m[1;34m[pthread wrapper] PIN_MASK: [0m[1;34m0->1  [0m[1;34m1->6  [0m[1;34m2->7  [0m[1;34m
[pthread wrapper] SKIP MASK: 0x0
[0m[1;34m	threadid 140360991819520 -> core 1 - OK[0m[1;34m
[0m[1;34m	threadid 140360983426816 -> core 6 - OK[0m[1;34m
[0m[1;34m	threadid 140360975034112 -> core 7 - OK[0m[1;34m
[0mFLOPs in stencil code:      1.612620e+09
Time spent in stencil code: 0.087656
Performance in GFlop/s:     18.397139
[1;34m[pthread wrapper] 
[0m[1;34m[pthread wrapper] MAIN -> 0
[0m[1;34m[pthread wrapper] PIN_MASK: [0m[1;34m0->1  [0m[1;34m1->6  [0m[1;34m2->7  [0m[1;34m
[pthread wrapper] SKIP MASK: 0x0
[0m[1;34m	threadid 140206826944256 -> core 1 - OK[0m[1;34m
[0m[1;34m	threadid 140206818551552 -> core 6 - OK[0m[1;34m
[0m[1;34m	threadid 140206810158848 -> core 7 - OK[0m[1;34m
[0mFLOPs in stencil code:      1.612620e+09
Time spent in stencil code: 0.087832
Performance in GFlop/s:     18.360284
[1;34m[pthread wrapper] 
[0m[1;34m[pthread wrapper] MAIN -> 0
[0m[1;34m[pthread wrapper] PIN_MASK: [0m[1;34m0->1  [0m[1;34m1->6  [0m[1;34m2->7  [0m[1;34m
[pthread wrapper] SKIP MASK: 0x0
[0m[1;34m	threadid 140670273677056 -> core 1 - OK[0m[1;34m
[0m[1;34m	threadid 140670265284352 -> core 6 - OK[0m[1;34m
[0m[1;34m	threadid 140670256891648 -> core 7 - OK[0m[1;34m
[0mFLOPs in stencil code:      1.612620e+09
Time spent in stencil code: 0.087911
Performance in GFlop/s:     18.343802
[1;34m[pthread wrapper] 
[0m[1;34m[pthread wrapper] MAIN -> 0
[0m[1;34m[pthread wrapper] PIN_MASK: [0m[1;34m0->1  [0m[1;34m1->6  [0m[1;34m2->7  [0m[1;34m
[pthread wrapper] SKIP MASK: 0x0
[0m[1;34m	threadid 140640656262912 -> core 1 - OK[0m[1;34m
[0m[1;34m	threadid 140640647870208 -> core 6 - OK[0m[1;34m
[0m[1;34m	threadid 140640639477504 -> core 7 - OK[0m[1;34m
[0mFLOPs in stencil code:      1.612620e+09
Time spent in stencil code: 0.088125
Performance in GFlop/s:     18.299236
[1;34m[pthread wrapper] 
[0m[1;34m[pthread wrapper] MAIN -> 0
[0m[1;34m[pthread wrapper] PIN_MASK: [0m[1;34m0->1  [0m[1;34m1->6  [0m[1;34m2->7  [0m[1;34m
[pthread wrapper] SKIP MASK: 0x0
[0m[1;34m	threadid 139676866623232 -> core 1 - OK[0m[1;34m
[0m[1;34m	threadid 139676858230528 -> core 6 - OK[0m[1;34m
[0m[1;34m	threadid 139676849837824 -> core 7 - OK[0m[1;34m
[0mFLOPs in stencil code:      1.612620e+09
Time spent in stencil code: 0.088015
Performance in GFlop/s:     18.322088
