[1;34m[pthread wrapper] 
[0m[1;34m[pthread wrapper] MAIN -> 0
[0m[1;34m[pthread wrapper] PIN_MASK: [0m[1;34m0->1  [0m[1;34m1->2  [0m[1;34m2->3  [0m[1;34m3->4  [0m[1;34m4->5  [0m[1;34m5->12  [0m[1;34m6->13  [0m[1;34m
[pthread wrapper] SKIP MASK: 0x0
[0m[1;34m	threadid 140506949875456 -> core 1 - OK[0m[1;34m
[0m[1;34m	threadid 140506941482752 -> core 2 - OK[0m[1;34m
[0m[1;34m	threadid 140506933090048 -> core 3 - OK[0m[1;34m
[0m[1;34m	threadid 140506924697344 -> core 4 - OK[0m[1;34m
[0m[1;34m	threadid 140506916304640 -> core 5 - OK[0m[1;34m
[0m[1;34m	threadid 140506907911936 -> core 12 - OK[0m[1;34m
[0m[1;34m	threadid 140506899519232 -> core 13 - OK[0m[1;34m
[0mFLOPs in stencil code:      1.612620e+09
Time spent in stencil code: 0.076550
Performance in GFlop/s:     21.066229
[1;34m[pthread wrapper] 
[0m[1;34m[pthread wrapper] MAIN -> 0
[0m[1;34m[pthread wrapper] PIN_MASK: [0m[1;34m0->1  [0m[1;34m1->2  [0m[1;34m2->3  [0m[1;34m3->4  [0m[1;34m4->5  [0m[1;34m5->12  [0m[1;34m6->13  [0m[1;34m
[pthread wrapper] SKIP MASK: 0x0
[0m[1;34m	threadid 140472064886528 -> core 1 - OK[0m[1;34m
[0m[1;34m	threadid 140472056493824 -> core 2 - OK[0m[1;34m
[0m[1;34m	threadid 140472048101120 -> core 3 - OK[0m[1;34m
[0m[1;34m	threadid 140472039708416 -> core 4 - OK[0m[1;34m
[0m[1;34m	threadid 140472031315712 -> core 5 - OK[0m[1;34m
[0m[1;34m	threadid 140472022923008 -> core 12 - OK[0m[1;34m
[0m[1;34m	threadid 140472014530304 -> core 13 - OK[0m[1;34m
[0mFLOPs in stencil code:      1.612620e+09
Time spent in stencil code: 0.075384
Performance in GFlop/s:     21.392033
[1;34m[pthread wrapper] 
[0m[1;34m[pthread wrapper] MAIN -> 0
[0m[1;34m[pthread wrapper] PIN_MASK: [0m[1;34m0->1  [0m[1;34m1->2  [0m[1;34m2->3  [0m[1;34m3->4  [0m[1;34m4->5  [0m[1;34m5->12  [0m[1;34m6->13  [0m[1;34m
[pthread wrapper] SKIP MASK: 0x0
[0m[1;34m	threadid 140071931156224 -> core 1 - OK[0m[1;34m
[0m[1;34m	threadid 140071922763520 -> core 2 - OK[0m[1;34m
[0m[1;34m	threadid 140071914370816 -> core 3 - OK[0m[1;34m
[0m[1;34m	threadid 140071905978112 -> core 4 - OK[0m[1;34m
[0m[1;34m	threadid 140071897585408 -> core 5 - OK[0m[1;34m
[0m[1;34m	threadid 140071889192704 -> core 12 - OK[0m[1;34m
[0m[1;34m	threadid 140071880800000 -> core 13 - OK[0m[1;34m
[0mFLOPs in stencil code:      1.612620e+09
Time spent in stencil code: 0.075349
Performance in GFlop/s:     21.401983
[1;34m[pthread wrapper] 
[0m[1;34m[pthread wrapper] MAIN -> 0
[0m[1;34m[pthread wrapper] PIN_MASK: [0m[1;34m0->1  [0m[1;34m1->2  [0m[1;34m2->3  [0m[1;34m3->4  [0m[1;34m4->5  [0m[1;34m5->12  [0m[1;34m6->13  [0m[1;34m
[pthread wrapper] SKIP MASK: 0x0
[0m[1;34m	threadid 140534676858624 -> core 1 - OK[0m[1;34m
[0m[1;34m	threadid 140534668465920 -> core 2 - OK[0m[1;34m
[0m[1;34m	threadid 140534660073216 -> core 3 - OK[0m[1;34m
[0m[1;34m	threadid 140534651680512 -> core 4 - OK[0m[1;34m
[0m[1;34m	threadid 140534643287808 -> core 5 - OK[0m[1;34m
[0m[1;34m	threadid 140534634895104 -> core 12 - OK[0m[1;34m
[0m[1;34m	threadid 140534626502400 -> core 13 - OK[0m[1;34m
[0mFLOPs in stencil code:      1.612620e+09
Time spent in stencil code: 0.076126
Performance in GFlop/s:     21.183603
[1;34m[pthread wrapper] 
[0m[1;34m[pthread wrapper] MAIN -> 0
[0m[1;34m[pthread wrapper] PIN_MASK: [0m[1;34m0->1  [0m[1;34m1->2  [0m[1;34m2->3  [0m[1;34m3->4  [0m[1;34m4->5  [0m[1;34m5->12  [0m[1;34m6->13  [0m[1;34m
[pthread wrapper] SKIP MASK: 0x0
[0m[1;34m	threadid 139654496356096 -> core 1 - OK[0m[1;34m
[0m[1;34m	threadid 139654487963392 -> core 2 - OK[0m[1;34m
[0m[1;34m	threadid 139654479570688 -> core 3 - OK[0m[1;34m
[0m[1;34m	threadid 139654471177984 -> core 4 - OK[0m[1;34m
[0m[1;34m	threadid 139654462785280 -> core 5 - OK[0m[1;34m
[0m[1;34m	threadid 139654454392576 -> core 12 - OK[0m[1;34m
[0m[1;34m	threadid 139654445999872 -> core 13 - OK[0m[1;34m
[0mFLOPs in stencil code:      1.612620e+09
Time spent in stencil code: 0.075822
Performance in GFlop/s:     21.268532
