[1;34m[pthread wrapper] 
[0m[1;34m[pthread wrapper] MAIN -> 0
[0m[1;34m[pthread wrapper] PIN_MASK: [0m[1;34m0->1  [0m[1;34m1->2  [0m[1;34m2->3  [0m[1;34m3->4  [0m[1;34m4->5  [0m[1;34m5->6  [0m[1;34m6->7  [0m[1;34m7->8  [0m[1;34m8->9  [0m[1;34m9->10  [0m[1;34m10->11  [0m[1;34m11->12  [0m[1;34m12->13  [0m[1;34m13->14  [0m[1;34m14->15  [0m[1;34m15->16  [0m[1;34m16->17  [0m[1;34m17->18  [0m[1;34m18->19  [0m[1;34m19->20  [0m[1;34m20->21  [0m[1;34m21->22  [0m[1;34m22->23  [0m[1;34m
[pthread wrapper] SKIP MASK: 0x0
[0m[1;34m	threadid 139982749144832 -> core 1 - OK[0m[1;34m
[0m[1;34m	threadid 139982740752128 -> core 2 - OK[0m[1;34m
[0m[1;34m	threadid 139982732359424 -> core 3 - OK[0m[1;34m
[0m[1;34m	threadid 139982723966720 -> core 4 - OK[0m[1;34m
[0m[1;34m	threadid 139982715574016 -> core 5 - OK[0m[1;34m
[0m[1;34m	threadid 139982707181312 -> core 6 - OK[0m[1;34m
[0m[1;34m	threadid 139982698788608 -> core 7 - OK[0m[1;34m
[0m[1;34m	threadid 139982690395904 -> core 8 - OK[0m[1;34m
[0m[1;34m	threadid 139982682003200 -> core 9 - OK[0m[1;34m
[0m[1;34m	threadid 139982673610496 -> core 10 - OK[0m[1;34m
[0m[1;34m	threadid 139982665217792 -> core 11 - OK[0m[1;34m
[0m[1;34m	threadid 139982656825088 -> core 12 - OK[0m[1;34m
[0m[1;34m	threadid 139982648432384 -> core 13 - OK[0m[1;34m
[0m[1;34m	threadid 139982640039680 -> core 14 - OK[0m[1;34m
[0m[1;34m	threadid 139982631646976 -> core 15 - OK[0m[1;34m
[0m[1;34m	threadid 139982623254272 -> core 16 - OK[0m[1;34m
[0m[1;34m	threadid 139982614861568 -> core 17 - OK[0m[1;34m
[0m[1;34m	threadid 139982606468864 -> core 18 - OK[0m[1;34m
[0m[1;34m	threadid 139982598076160 -> core 19 - OK[0m[1;34m
[0m[1;34m	threadid 139982589683456 -> core 20 - OK[0m[1;34m
[0m[1;34m	threadid 139982581290752 -> core 21 - OK[0m[1;34m
[0m[1;34m	threadid 139982572898048 -> core 22 - OK[0m[1;34m
[0m[1;34m	threadid 139982564505344 -> core 23 - OK[0m[1;34m
[0mFLOPs in stencil code:      1.612620e+09
Time spent in stencil code: 0.032831
Performance in GFlop/s:     49.118890
[1;34m[pthread wrapper] 
[0m[1;34m[pthread wrapper] MAIN -> 0
[0m[1;34m[pthread wrapper] PIN_MASK: [0m[1;34m0->1  [0m[1;34m1->2  [0m[1;34m2->3  [0m[1;34m3->4  [0m[1;34m4->5  [0m[1;34m5->6  [0m[1;34m6->7  [0m[1;34m7->8  [0m[1;34m8->9  [0m[1;34m9->10  [0m[1;34m10->11  [0m[1;34m11->12  [0m[1;34m12->13  [0m[1;34m13->14  [0m[1;34m14->15  [0m[1;34m15->16  [0m[1;34m16->17  [0m[1;34m17->18  [0m[1;34m18->19  [0m[1;34m19->20  [0m[1;34m20->21  [0m[1;34m21->22  [0m[1;34m22->23  [0m[1;34m
[pthread wrapper] SKIP MASK: 0x0
[0m[1;34m	threadid 140294814811904 -> core 1 - OK[0m[1;34m
[0m[1;34m	threadid 140294806419200 -> core 2 - OK[0m[1;34m
[0m[1;34m	threadid 140294798026496 -> core 3 - OK[0m[1;34m
[0m[1;34m	threadid 140294789633792 -> core 4 - OK[0m[1;34m
[0m[1;34m	threadid 140294781241088 -> core 5 - OK[0m[1;34m
[0m[1;34m	threadid 140294772848384 -> core 6 - OK[0m[1;34m
[0m[1;34m	threadid 140294764455680 -> core 7 - OK[0m[1;34m
[0m[1;34m	threadid 140294756062976 -> core 8 - OK[0m[1;34m
[0m[1;34m	threadid 140294747670272 -> core 9 - OK[0m[1;34m
[0m[1;34m	threadid 140294739277568 -> core 10 - OK[0m[1;34m
[0m[1;34m	threadid 140294730884864 -> core 11 - OK[0m[1;34m
[0m[1;34m	threadid 140294722492160 -> core 12 - OK[0m[1;34m
[0m[1;34m	threadid 140294714099456 -> core 13 - OK[0m[1;34m
[0m[1;34m	threadid 140294705706752 -> core 14 - OK[0m[1;34m
[0m[1;34m	threadid 140294697314048 -> core 15 - OK[0m[1;34m
[0m[1;34m	threadid 140294688921344 -> core 16 - OK[0m[1;34m
[0m[1;34m	threadid 140294680528640 -> core 17 - OK[0m[1;34m
[0m[1;34m	threadid 140294672135936 -> core 18 - OK[0m[1;34m
[0m[1;34m	threadid 140294663743232 -> core 19 - OK[0m[1;34m
[0m[1;34m	threadid 140294655350528 -> core 20 - OK[0m[1;34m
[0m[1;34m	threadid 140294646957824 -> core 21 - OK[0m[1;34m
[0m[1;34m	threadid 140294638565120 -> core 22 - OK[0m[1;34m
[0m[1;34m	threadid 140294630172416 -> core 23 - OK[0m[1;34m
[0mFLOPs in stencil code:      1.612620e+09
Time spent in stencil code: 0.032802
Performance in GFlop/s:     49.162446
[1;34m[pthread wrapper] 
[0m[1;34m[pthread wrapper] MAIN -> 0
[0m[1;34m[pthread wrapper] PIN_MASK: [0m[1;34m0->1  [0m[1;34m1->2  [0m[1;34m2->3  [0m[1;34m3->4  [0m[1;34m4->5  [0m[1;34m5->6  [0m[1;34m6->7  [0m[1;34m7->8  [0m[1;34m8->9  [0m[1;34m9->10  [0m[1;34m10->11  [0m[1;34m11->12  [0m[1;34m12->13  [0m[1;34m13->14  [0m[1;34m14->15  [0m[1;34m15->16  [0m[1;34m16->17  [0m[1;34m17->18  [0m[1;34m18->19  [0m[1;34m19->20  [0m[1;34m20->21  [0m[1;34m21->22  [0m[1;34m22->23  [0m[1;34m
[pthread wrapper] SKIP MASK: 0x0
[0m[1;34m	threadid 140568947537664 -> core 1 - OK[0m[1;34m
[0m[1;34m	threadid 140568939144960 -> core 2 - OK[0m[1;34m
[0m[1;34m	threadid 140568930752256 -> core 3 - OK[0m[1;34m
[0m[1;34m	threadid 140568922359552 -> core 4 - OK[0m[1;34m
[0m[1;34m	threadid 140568913966848 -> core 5 - OK[0m[1;34m
[0m[1;34m	threadid 140568905574144 -> core 6 - OK[0m[1;34m
[0m[1;34m	threadid 140568897181440 -> core 7 - OK[0m[1;34m
[0m[1;34m	threadid 140568888788736 -> core 8 - OK[0m[1;34m
[0m[1;34m	threadid 140568880396032 -> core 9 - OK[0m[1;34m
[0m[1;34m	threadid 140568872003328 -> core 10 - OK[0m[1;34m
[0m[1;34m	threadid 140568863610624 -> core 11 - OK[0m[1;34m
[0m[1;34m	threadid 140568855217920 -> core 12 - OK[0m[1;34m
[0m[1;34m	threadid 140568846825216 -> core 13 - OK[0m[1;34m
[0m[1;34m	threadid 140568838432512 -> core 14 - OK[0m[1;34m
[0m[1;34m	threadid 140568830039808 -> core 15 - OK[0m[1;34m
[0m[1;34m	threadid 140568821647104 -> core 16 - OK[0m[1;34m
[0m[1;34m	threadid 140568813254400 -> core 17 - OK[0m[1;34m
[0m[1;34m	threadid 140568804861696 -> core 18 - OK[0m[1;34m
[0m[1;34m	threadid 140568796468992 -> core 19 - OK[0m[1;34m
[0m[1;34m	threadid 140568788076288 -> core 20 - OK[0m[1;34m
[0m[1;34m	threadid 140568779683584 -> core 21 - OK[0m[1;34m
[0m[1;34m	threadid 140568771290880 -> core 22 - OK[0m[1;34m
[0m[1;34m	threadid 140568762898176 -> core 23 - OK[0m[1;34m
[0mFLOPs in stencil code:      1.612620e+09
Time spent in stencil code: 0.032834
Performance in GFlop/s:     49.114253
[1;34m[pthread wrapper] 
[0m[1;34m[pthread wrapper] MAIN -> 0
[0m[1;34m[pthread wrapper] PIN_MASK: [0m[1;34m0->1  [0m[1;34m1->2  [0m[1;34m2->3  [0m[1;34m3->4  [0m[1;34m4->5  [0m[1;34m5->6  [0m[1;34m6->7  [0m[1;34m7->8  [0m[1;34m8->9  [0m[1;34m9->10  [0m[1;34m10->11  [0m[1;34m11->12  [0m[1;34m12->13  [0m[1;34m13->14  [0m[1;34m14->15  [0m[1;34m15->16  [0m[1;34m16->17  [0m[1;34m17->18  [0m[1;34m18->19  [0m[1;34m19->20  [0m[1;34m20->21  [0m[1;34m21->22  [0m[1;34m22->23  [0m[1;34m
[pthread wrapper] SKIP MASK: 0x0
[0m[1;34m	threadid 140416778016512 -> core 1 - OK[0m[1;34m
[0m[1;34m	threadid 140416769623808 -> core 2 - OK[0m[1;34m
[0m[1;34m	threadid 140416761231104 -> core 3 - OK[0m[1;34m
[0m[1;34m	threadid 140416752838400 -> core 4 - OK[0m[1;34m
[0m[1;34m	threadid 140416744445696 -> core 5 - OK[0m[1;34m
[0m[1;34m	threadid 140416736052992 -> core 6 - OK[0m[1;34m
[0m[1;34m	threadid 140416727660288 -> core 7 - OK[0m[1;34m
[0m[1;34m	threadid 140416719267584 -> core 8 - OK[0m[1;34m
[0m[1;34m	threadid 140416710874880 -> core 9 - OK[0m[1;34m
[0m[1;34m	threadid 140416702482176 -> core 10 - OK[0m[1;34m
[0m[1;34m	threadid 140416694089472 -> core 11 - OK[0m[1;34m
[0m[1;34m	threadid 140416685696768 -> core 12 - OK[0m[1;34m
[0m[1;34m	threadid 140416677304064 -> core 13 - OK[0m[1;34m
[0m[1;34m	threadid 140416668911360 -> core 14 - OK[0m[1;34m
[0m[1;34m	threadid 140416660518656 -> core 15 - OK[0m[1;34m
[0m[1;34m	threadid 140416652125952 -> core 16 - OK[0m[1;34m
[0m[1;34m	threadid 140416643733248 -> core 17 - OK[0m[1;34m
[0m[1;34m	threadid 140416635340544 -> core 18 - OK[0m[1;34m
[0m[1;34m	threadid 140416626947840 -> core 19 - OK[0m[1;34m
[0m[1;34m	threadid 140416618555136 -> core 20 - OK[0m[1;34m
[0m[1;34m	threadid 140416610162432 -> core 21 - OK[0m[1;34m
[0m[1;34m	threadid 140416601769728 -> core 22 - OK[0m[1;34m
[0m[1;34m	threadid 140416593377024 -> core 23 - OK[0m[1;34m
[0mFLOPs in stencil code:      1.612620e+09
Time spent in stencil code: 0.032856
Performance in GFlop/s:     49.081465
[1;34m[pthread wrapper] 
[0m[1;34m[pthread wrapper] MAIN -> 0
[0m[1;34m[pthread wrapper] PIN_MASK: [0m[1;34m0->1  [0m[1;34m1->2  [0m[1;34m2->3  [0m[1;34m3->4  [0m[1;34m4->5  [0m[1;34m5->6  [0m[1;34m6->7  [0m[1;34m7->8  [0m[1;34m8->9  [0m[1;34m9->10  [0m[1;34m10->11  [0m[1;34m11->12  [0m[1;34m12->13  [0m[1;34m13->14  [0m[1;34m14->15  [0m[1;34m15->16  [0m[1;34m16->17  [0m[1;34m17->18  [0m[1;34m18->19  [0m[1;34m19->20  [0m[1;34m20->21  [0m[1;34m21->22  [0m[1;34m22->23  [0m[1;34m
[pthread wrapper] SKIP MASK: 0x0
[0m[1;34m	threadid 139787535140608 -> core 1 - OK[0m[1;34m
[0m[1;34m	threadid 139787526747904 -> core 2 - OK[0m[1;34m
[0m[1;34m	threadid 139787518355200 -> core 3 - OK[0m[1;34m
[0m[1;34m	threadid 139787509962496 -> core 4 - OK[0m[1;34m
[0m[1;34m	threadid 139787501569792 -> core 5 - OK[0m[1;34m
[0m[1;34m	threadid 139787493177088 -> core 6 - OK[0m[1;34m
[0m[1;34m	threadid 139787484784384 -> core 7 - OK[0m[1;34m
[0m[1;34m	threadid 139787476391680 -> core 8 - OK[0m[1;34m
[0m[1;34m	threadid 139787467998976 -> core 9 - OK[0m[1;34m
[0m[1;34m	threadid 139787459606272 -> core 10 - OK[0m[1;34m
[0m[1;34m	threadid 139787451213568 -> core 11 - OK[0m[1;34m
[0m[1;34m	threadid 139787442820864 -> core 12 - OK[0m[1;34m
[0m[1;34m	threadid 139787434428160 -> core 13 - OK[0m[1;34m
[0m[1;34m	threadid 139787426035456 -> core 14 - OK[0m[1;34m
[0m[1;34m	threadid 139787417642752 -> core 15 - OK[0m[1;34m
[0m[1;34m	threadid 139787409250048 -> core 16 - OK[0m[1;34m
[0m[1;34m	threadid 139787400857344 -> core 17 - OK[0m[1;34m
[0m[1;34m	threadid 139787392464640 -> core 18 - OK[0m[1;34m
[0m[1;34m	threadid 139787384071936 -> core 19 - OK[0m[1;34m
[0m[1;34m	threadid 139787375679232 -> core 20 - OK[0m[1;34m
[0m[1;34m	threadid 139787367286528 -> core 21 - OK[0m[1;34m
[0m[1;34m	threadid 139787358893824 -> core 22 - OK[0m[1;34m
[0m[1;34m	threadid 139787350501120 -> core 23 - OK[0m[1;34m
[0mFLOPs in stencil code:      1.612620e+09
Time spent in stencil code: 0.032894
Performance in GFlop/s:     49.024901
