[1;34m[pthread wrapper] 
[0m[1;34m[pthread wrapper] MAIN -> 0
[0m[1;34m[pthread wrapper] PIN_MASK: [0m[1;34m0->1  [0m[1;34m1->2  [0m[1;34m2->3  [0m[1;34m3->4  [0m[1;34m4->5  [0m[1;34m5->6  [0m[1;34m6->7  [0m[1;34m7->8  [0m[1;34m8->9  [0m[1;34m9->10  [0m[1;34m10->11  [0m[1;34m11->12  [0m[1;34m12->13  [0m[1;34m13->14  [0m[1;34m14->15  [0m[1;34m
[pthread wrapper] SKIP MASK: 0x0
[0m[1;34m	threadid 140294846347008 -> core 1 - OK[0m[1;34m
[0m[1;34m	threadid 140294837954304 -> core 2 - OK[0m[1;34m
[0m[1;34m	threadid 140294829561600 -> core 3 - OK[0m[1;34m
[0m[1;34m	threadid 140294821168896 -> core 4 - OK[0m[1;34m
[0m[1;34m	threadid 140294812776192 -> core 5 - OK[0m[1;34m
[0m[1;34m	threadid 140294804383488 -> core 6 - OK[0m[1;34m
[0m[1;34m	threadid 140294795990784 -> core 7 - OK[0m[1;34m
[0m[1;34m	threadid 140294787598080 -> core 8 - OK[0m[1;34m
[0m[1;34m	threadid 140294779205376 -> core 9 - OK[0m[1;34m
[0m[1;34m	threadid 140294770812672 -> core 10 - OK[0m[1;34m
[0m[1;34m	threadid 140294762419968 -> core 11 - OK[0m[1;34m
[0m[1;34m	threadid 140294754027264 -> core 12 - OK[0m[1;34m
[0m[1;34m	threadid 140294745634560 -> core 13 - OK[0m[1;34m
[0m[1;34m	threadid 140294737241856 -> core 14 - OK[0m[1;34m
[0m[1;34m	threadid 140294728849152 -> core 15 - OK[0m[1;34m
[0mFLOPs in stencil code:      1.612620e+09
Time spent in stencil code: 0.042326
Performance in GFlop/s:     38.100010
[1;34m[pthread wrapper] 
[0m[1;34m[pthread wrapper] MAIN -> 0
[0m[1;34m[pthread wrapper] PIN_MASK: [0m[1;34m0->1  [0m[1;34m1->2  [0m[1;34m2->3  [0m[1;34m3->4  [0m[1;34m4->5  [0m[1;34m5->6  [0m[1;34m6->7  [0m[1;34m7->8  [0m[1;34m8->9  [0m[1;34m9->10  [0m[1;34m10->11  [0m[1;34m11->12  [0m[1;34m12->13  [0m[1;34m13->14  [0m[1;34m14->15  [0m[1;34m
[pthread wrapper] SKIP MASK: 0x0
[0m[1;34m	threadid 140194240882432 -> core 1 - OK[0m[1;34m
[0m[1;34m	threadid 140194232489728 -> core 2 - OK[0m[1;34m
[0m[1;34m	threadid 140194224097024 -> core 3 - OK[0m[1;34m
[0m[1;34m	threadid 140194215704320 -> core 4 - OK[0m[1;34m
[0m[1;34m	threadid 140194207311616 -> core 5 - OK[0m[1;34m
[0m[1;34m	threadid 140194198918912 -> core 6 - OK[0m[1;34m
[0m[1;34m	threadid 140194190526208 -> core 7 - OK[0m[1;34m
[0m[1;34m	threadid 140194182133504 -> core 8 - OK[0m[1;34m
[0m[1;34m	threadid 140194173740800 -> core 9 - OK[0m[1;34m
[0m[1;34m	threadid 140194165348096 -> core 10 - OK[0m[1;34m
[0m[1;34m	threadid 140194156955392 -> core 11 - OK[0m[1;34m
[0m[1;34m	threadid 140194148562688 -> core 12 - OK[0m[1;34m
[0m[1;34m	threadid 140194140169984 -> core 13 - OK[0m[1;34m
[0m[1;34m	threadid 140194131777280 -> core 14 - OK[0m[1;34m
[0m[1;34m	threadid 140194123384576 -> core 15 - OK[0m[1;34m
[0mFLOPs in stencil code:      1.612620e+09
Time spent in stencil code: 0.041285
Performance in GFlop/s:     39.060640
[1;34m[pthread wrapper] 
[0m[1;34m[pthread wrapper] MAIN -> 0
[0m[1;34m[pthread wrapper] PIN_MASK: [0m[1;34m0->1  [0m[1;34m1->2  [0m[1;34m2->3  [0m[1;34m3->4  [0m[1;34m4->5  [0m[1;34m5->6  [0m[1;34m6->7  [0m[1;34m7->8  [0m[1;34m8->9  [0m[1;34m9->10  [0m[1;34m10->11  [0m[1;34m11->12  [0m[1;34m12->13  [0m[1;34m13->14  [0m[1;34m14->15  [0m[1;34m
[pthread wrapper] SKIP MASK: 0x0
[0m[1;34m	threadid 139626476074752 -> core 1 - OK[0m[1;34m
[0m[1;34m	threadid 139626467682048 -> core 2 - OK[0m[1;34m
[0m[1;34m	threadid 139626459289344 -> core 3 - OK[0m[1;34m
[0m[1;34m	threadid 139626450896640 -> core 4 - OK[0m[1;34m
[0m[1;34m	threadid 139626442503936 -> core 5 - OK[0m[1;34m
[0m[1;34m	threadid 139626434111232 -> core 6 - OK[0m[1;34m
[0m[1;34m	threadid 139626425718528 -> core 7 - OK[0m[1;34m
[0m[1;34m	threadid 139626417325824 -> core 8 - OK[0m[1;34m
[0m[1;34m	threadid 139626408933120 -> core 9 - OK[0m[1;34m
[0m[1;34m	threadid 139626400540416 -> core 10 - OK[0m[1;34m
[0m[1;34m	threadid 139626392147712 -> core 11 - OK[0m[1;34m
[0m[1;34m	threadid 139626383755008 -> core 12 - OK[0m[1;34m
[0m[1;34m	threadid 139626375362304 -> core 13 - OK[0m[1;34m
[0m[1;34m	threadid 139626366969600 -> core 14 - OK[0m[1;34m
[0m[1;34m	threadid 139626358576896 -> core 15 - OK[0m[1;34m
[0mFLOPs in stencil code:      1.612620e+09
Time spent in stencil code: 0.041307
Performance in GFlop/s:     39.039898
[1;34m[pthread wrapper] 
[0m[1;34m[pthread wrapper] MAIN -> 0
[0m[1;34m[pthread wrapper] PIN_MASK: [0m[1;34m0->1  [0m[1;34m1->2  [0m[1;34m2->3  [0m[1;34m3->4  [0m[1;34m4->5  [0m[1;34m5->6  [0m[1;34m6->7  [0m[1;34m7->8  [0m[1;34m8->9  [0m[1;34m9->10  [0m[1;34m10->11  [0m[1;34m11->12  [0m[1;34m12->13  [0m[1;34m13->14  [0m[1;34m14->15  [0m[1;34m
[pthread wrapper] SKIP MASK: 0x0
[0m[1;34m	threadid 139750916380416 -> core 1 - OK[0m[1;34m
[0m[1;34m	threadid 139750907987712 -> core 2 - OK[0m[1;34m
[0m[1;34m	threadid 139750899595008 -> core 3 - OK[0m[1;34m
[0m[1;34m	threadid 139750891202304 -> core 4 - OK[0m[1;34m
[0m[1;34m	threadid 139750882809600 -> core 5 - OK[0m[1;34m
[0m[1;34m	threadid 139750874416896 -> core 6 - OK[0m[1;34m
[0m[1;34m	threadid 139750866024192 -> core 7 - OK[0m[1;34m
[0m[1;34m	threadid 139750857631488 -> core 8 - OK[0m[1;34m
[0m[1;34m	threadid 139750849238784 -> core 9 - OK[0m[1;34m
[0m[1;34m	threadid 139750840846080 -> core 10 - OK[0m[1;34m
[0m[1;34m	threadid 139750832453376 -> core 11 - OK[0m[1;34m
[0m[1;34m	threadid 139750824060672 -> core 12 - OK[0m[1;34m
[0m[1;34m	threadid 139750815667968 -> core 13 - OK[0m[1;34m
[0m[1;34m	threadid 139750807275264 -> core 14 - OK[0m[1;34m
[0m[1;34m	threadid 139750798882560 -> core 15 - OK[0m[1;34m
[0mFLOPs in stencil code:      1.612620e+09
Time spent in stencil code: 0.042217
Performance in GFlop/s:     38.198341
[1;34m[pthread wrapper] 
[0m[1;34m[pthread wrapper] MAIN -> 0
[0m[1;34m[pthread wrapper] PIN_MASK: [0m[1;34m0->1  [0m[1;34m1->2  [0m[1;34m2->3  [0m[1;34m3->4  [0m[1;34m4->5  [0m[1;34m5->6  [0m[1;34m6->7  [0m[1;34m7->8  [0m[1;34m8->9  [0m[1;34m9->10  [0m[1;34m10->11  [0m[1;34m11->12  [0m[1;34m12->13  [0m[1;34m13->14  [0m[1;34m14->15  [0m[1;34m
[pthread wrapper] SKIP MASK: 0x0
[0m[1;34m	threadid 140357961533184 -> core 1 - OK[0m[1;34m
[0m[1;34m	threadid 140357953140480 -> core 2 - OK[0m[1;34m
[0m[1;34m	threadid 140357944747776 -> core 3 - OK[0m[1;34m
[0m[1;34m	threadid 140357936355072 -> core 4 - OK[0m[1;34m
[0m[1;34m	threadid 140357927962368 -> core 5 - OK[0m[1;34m
[0m[1;34m	threadid 140357919569664 -> core 6 - OK[0m[1;34m
[0m[1;34m	threadid 140357911176960 -> core 7 - OK[0m[1;34m
[0m[1;34m	threadid 140357902784256 -> core 8 - OK[0m[1;34m
[0m[1;34m	threadid 140357894391552 -> core 9 - OK[0m[1;34m
[0m[1;34m	threadid 140357885998848 -> core 10 - OK[0m[1;34m
[0m[1;34m	threadid 140357877606144 -> core 11 - OK[0m[1;34m
[0m[1;34m	threadid 140357869213440 -> core 12 - OK[0m[1;34m
[0m[1;34m	threadid 140357860820736 -> core 13 - OK[0m[1;34m
[0m[1;34m	threadid 140357852428032 -> core 14 - OK[0m[1;34m
[0m[1;34m	threadid 140357844035328 -> core 15 - OK[0m[1;34m
[0mFLOPs in stencil code:      1.612620e+09
Time spent in stencil code: 0.041257
Performance in GFlop/s:     39.087050
