[1;34m[pthread wrapper] 
[0m[1;34m[pthread wrapper] MAIN -> 0
[0m[1;34m[pthread wrapper] PIN_MASK: [0m[1;34m0->1  [0m[1;34m1->2  [0m[1;34m2->3  [0m[1;34m3->4  [0m[1;34m4->5  [0m[1;34m
[pthread wrapper] SKIP MASK: 0x0
[0m[1;34m	threadid 140082810402560 -> core 1 - OK[0m[1;34m
[0m[1;34m	threadid 140082802009856 -> core 2 - OK[0m[1;34m
[0m[1;34m	threadid 140082793617152 -> core 3 - OK[0m[1;34m
[0m[1;34m	threadid 140082785224448 -> core 4 - OK[0m[1;34m
[0m[1;34m	threadid 140082776831744 -> core 5 - OK[0m[1;34m
[0mFLOPs in stencil code:      1.612620e+09
Time spent in stencil code: 0.061264
Performance in GFlop/s:     26.322457
[1;34m[pthread wrapper] 
[0m[1;34m[pthread wrapper] MAIN -> 0
[0m[1;34m[pthread wrapper] PIN_MASK: [0m[1;34m0->1  [0m[1;34m1->2  [0m[1;34m2->3  [0m[1;34m3->4  [0m[1;34m4->5  [0m[1;34m
[pthread wrapper] SKIP MASK: 0x0
[0m[1;34m	threadid 139623317645056 -> core 1 - OK[0m[1;34m
[0m[1;34m	threadid 139623309252352 -> core 2 - OK[0m[1;34m
[0m[1;34m	threadid 139623300859648 -> core 3 - OK[0m[1;34m
[0m[1;34m	threadid 139623292466944 -> core 4 - OK[0m[1;34m
[0m[1;34m	threadid 139623284074240 -> core 5 - OK[0m[1;34m
[0mFLOPs in stencil code:      1.612620e+09
Time spent in stencil code: 0.060943
Performance in GFlop/s:     26.461064
[1;34m[pthread wrapper] 
[0m[1;34m[pthread wrapper] MAIN -> 0
[0m[1;34m[pthread wrapper] PIN_MASK: [0m[1;34m0->1  [0m[1;34m1->2  [0m[1;34m2->3  [0m[1;34m3->4  [0m[1;34m4->5  [0m[1;34m
[pthread wrapper] SKIP MASK: 0x0
[0m[1;34m	threadid 140318319769344 -> core 1 - OK[0m[1;34m
[0m[1;34m	threadid 140318311376640 -> core 2 - OK[0m[1;34m
[0m[1;34m	threadid 140318302983936 -> core 3 - OK[0m[1;34m
[0m[1;34m	threadid 140318294591232 -> core 4 - OK[0m[1;34m
[0m[1;34m	threadid 140318286198528 -> core 5 - OK[0m[1;34m
[0mFLOPs in stencil code:      1.612620e+09
Time spent in stencil code: 0.061153
Performance in GFlop/s:     26.370280
[1;34m[pthread wrapper] 
[0m[1;34m[pthread wrapper] MAIN -> 0
[0m[1;34m[pthread wrapper] PIN_MASK: [0m[1;34m0->1  [0m[1;34m1->2  [0m[1;34m2->3  [0m[1;34m3->4  [0m[1;34m4->5  [0m[1;34m
[pthread wrapper] SKIP MASK: 0x0
[0m[1;34m	threadid 139873951856384 -> core 1 - OK[0m[1;34m
[0m[1;34m	threadid 139873943463680 -> core 2 - OK[0m[1;34m
[0m[1;34m	threadid 139873935070976 -> core 3 - OK[0m[1;34m
[0m[1;34m	threadid 139873926678272 -> core 4 - OK[0m[1;34m
[0m[1;34m	threadid 139873918285568 -> core 5 - OK[0m[1;34m
[0mFLOPs in stencil code:      1.612620e+09
Time spent in stencil code: 0.061291
Performance in GFlop/s:     26.310886
[1;34m[pthread wrapper] 
[0m[1;34m[pthread wrapper] MAIN -> 0
[0m[1;34m[pthread wrapper] PIN_MASK: [0m[1;34m0->1  [0m[1;34m1->2  [0m[1;34m2->3  [0m[1;34m3->4  [0m[1;34m4->5  [0m[1;34m
[pthread wrapper] SKIP MASK: 0x0
[0m[1;34m	threadid 139830706951936 -> core 1 - OK[0m[1;34m
[0m[1;34m	threadid 139830698559232 -> core 2 - OK[0m[1;34m
[0m[1;34m	threadid 139830690166528 -> core 3 - OK[0m[1;34m
[0m[1;34m	threadid 139830681773824 -> core 4 - OK[0m[1;34m
[0m[1;34m	threadid 139830673381120 -> core 5 - OK[0m[1;34m
[0mFLOPs in stencil code:      1.612620e+09
Time spent in stencil code: 0.060938
Performance in GFlop/s:     26.463342
