[1;34m[pthread wrapper] 
[0m[1;34m[pthread wrapper] MAIN -> 0
[0m[1;34m[pthread wrapper] PIN_MASK: [0m[1;34m0->1  [0m[1;34m1->2  [0m[1;34m2->3  [0m[1;34m3->4  [0m[1;34m4->5  [0m[1;34m5->6  [0m[1;34m6->7  [0m[1;34m7->8  [0m[1;34m8->9  [0m[1;34m9->10  [0m[1;34m10->11  [0m[1;34m
[pthread wrapper] SKIP MASK: 0x0
[0m[1;34m	threadid 139679929853696 -> core 1 - OK[0m[1;34m
[0m[1;34m	threadid 139679921460992 -> core 2 - OK[0m[1;34m
[0m[1;34m	threadid 139679913068288 -> core 3 - OK[0m[1;34m
[0m[1;34m	threadid 139679904675584 -> core 4 - OK[0m[1;34m
[0m[1;34m	threadid 139679896282880 -> core 5 - OK[0m[1;34m
[0m[1;34m	threadid 139679887890176 -> core 6 - OK[0m[1;34m
[0m[1;34m	threadid 139679879497472 -> core 7 - OK[0m[1;34m
[0m[1;34m	threadid 139679871104768 -> core 8 - OK[0m[1;34m
[0m[1;34m	threadid 139679862712064 -> core 9 - OK[0m[1;34m
[0m[1;34m	threadid 139679854319360 -> core 10 - OK[0m[1;34m
[0m[1;34m	threadid 139679845926656 -> core 11 - OK[0m[1;34m
[0mFLOPs in stencil code:      1.612620e+09
Time spent in stencil code: 0.035428
Performance in GFlop/s:     45.518174
[1;34m[pthread wrapper] 
[0m[1;34m[pthread wrapper] MAIN -> 0
[0m[1;34m[pthread wrapper] PIN_MASK: [0m[1;34m0->1  [0m[1;34m1->2  [0m[1;34m2->3  [0m[1;34m3->4  [0m[1;34m4->5  [0m[1;34m5->6  [0m[1;34m6->7  [0m[1;34m7->8  [0m[1;34m8->9  [0m[1;34m9->10  [0m[1;34m10->11  [0m[1;34m
[pthread wrapper] SKIP MASK: 0x0
[0m[1;34m	threadid 140477532223232 -> core 1 - OK[0m[1;34m
[0m[1;34m	threadid 140477523830528 -> core 2 - OK[0m[1;34m
[0m[1;34m	threadid 140477515437824 -> core 3 - OK[0m[1;34m
[0m[1;34m	threadid 140477507045120 -> core 4 - OK[0m[1;34m
[0m[1;34m	threadid 140477498652416 -> core 5 - OK[0m[1;34m
[0m[1;34m	threadid 140477490259712 -> core 6 - OK[0m[1;34m
[0m[1;34m	threadid 140477481867008 -> core 7 - OK[0m[1;34m
[0m[1;34m	threadid 140477473474304 -> core 8 - OK[0m[1;34m
[0m[1;34m	threadid 140477465081600 -> core 9 - OK[0m[1;34m
[0m[1;34m	threadid 140477456688896 -> core 10 - OK[0m[1;34m
[0m[1;34m	threadid 140477448296192 -> core 11 - OK[0m[1;34m
[0mFLOPs in stencil code:      1.612620e+09
Time spent in stencil code: 0.035464
Performance in GFlop/s:     45.471966
[1;34m[pthread wrapper] 
[0m[1;34m[pthread wrapper] MAIN -> 0
[0m[1;34m[pthread wrapper] PIN_MASK: [0m[1;34m0->1  [0m[1;34m1->2  [0m[1;34m2->3  [0m[1;34m3->4  [0m[1;34m4->5  [0m[1;34m5->6  [0m[1;34m6->7  [0m[1;34m7->8  [0m[1;34m8->9  [0m[1;34m9->10  [0m[1;34m10->11  [0m[1;34m
[pthread wrapper] SKIP MASK: 0x0
[0m[1;34m	threadid 139923502032640 -> core 1 - OK[0m[1;34m
[0m[1;34m	threadid 139923493639936 -> core 2 - OK[0m[1;34m
[0m[1;34m	threadid 139923485247232 -> core 3 - OK[0m[1;34m
[0m[1;34m	threadid 139923476854528 -> core 4 - OK[0m[1;34m
[0m[1;34m	threadid 139923468461824 -> core 5 - OK[0m[1;34m
[0m[1;34m	threadid 139923460069120 -> core 6 - OK[0m[1;34m
[0m[1;34m	threadid 139923451676416 -> core 7 - OK[0m[1;34m
[0m[1;34m	threadid 139923443283712 -> core 8 - OK[0m[1;34m
[0m[1;34m	threadid 139923434891008 -> core 9 - OK[0m[1;34m
[0m[1;34m	threadid 139923426498304 -> core 10 - OK[0m[1;34m
[0m[1;34m	threadid 139923418105600 -> core 11 - OK[0m[1;34m
[0mFLOPs in stencil code:      1.612620e+09
Time spent in stencil code: 0.035526
Performance in GFlop/s:     45.392623
[1;34m[pthread wrapper] 
[0m[1;34m[pthread wrapper] MAIN -> 0
[0m[1;34m[pthread wrapper] PIN_MASK: [0m[1;34m0->1  [0m[1;34m1->2  [0m[1;34m2->3  [0m[1;34m3->4  [0m[1;34m4->5  [0m[1;34m5->6  [0m[1;34m6->7  [0m[1;34m7->8  [0m[1;34m8->9  [0m[1;34m9->10  [0m[1;34m10->11  [0m[1;34m
[pthread wrapper] SKIP MASK: 0x0
[0m[1;34m	threadid 140147771094784 -> core 1 - OK[0m[1;34m
[0m[1;34m	threadid 140147762702080 -> core 2 - OK[0m[1;34m
[0m[1;34m	threadid 140147754309376 -> core 3 - OK[0m[1;34m
[0m[1;34m	threadid 140147745916672 -> core 4 - OK[0m[1;34m
[0m[1;34m	threadid 140147737523968 -> core 5 - OK[0m[1;34m
[0m[1;34m	threadid 140147729131264 -> core 6 - OK[0m[1;34m
[0m[1;34m	threadid 140147720738560 -> core 7 - OK[0m[1;34m
[0m[1;34m	threadid 140147712345856 -> core 8 - OK[0m[1;34m
[0m[1;34m	threadid 140147703953152 -> core 9 - OK[0m[1;34m
[0m[1;34m	threadid 140147695560448 -> core 10 - OK[0m[1;34m
[0m[1;34m	threadid 140147687167744 -> core 11 - OK[0m[1;34m
[0mFLOPs in stencil code:      1.612620e+09
Time spent in stencil code: 0.035325
Performance in GFlop/s:     45.650890
[1;34m[pthread wrapper] 
[0m[1;34m[pthread wrapper] MAIN -> 0
[0m[1;34m[pthread wrapper] PIN_MASK: [0m[1;34m0->1  [0m[1;34m1->2  [0m[1;34m2->3  [0m[1;34m3->4  [0m[1;34m4->5  [0m[1;34m5->6  [0m[1;34m6->7  [0m[1;34m7->8  [0m[1;34m8->9  [0m[1;34m9->10  [0m[1;34m10->11  [0m[1;34m
[pthread wrapper] SKIP MASK: 0x0
[0m[1;34m	threadid 139940670887680 -> core 1 - OK[0m[1;34m
[0m[1;34m	threadid 139940662494976 -> core 2 - OK[0m[1;34m
[0m[1;34m	threadid 139940654102272 -> core 3 - OK[0m[1;34m
[0m[1;34m	threadid 139940645709568 -> core 4 - OK[0m[1;34m
[0m[1;34m	threadid 139940637316864 -> core 5 - OK[0m[1;34m
[0m[1;34m	threadid 139940628924160 -> core 6 - OK[0m[1;34m
[0m[1;34m	threadid 139940620531456 -> core 7 - OK[0m[1;34m
[0m[1;34m	threadid 139940612138752 -> core 8 - OK[0m[1;34m
[0m[1;34m	threadid 139940603746048 -> core 9 - OK[0m[1;34m
[0m[1;34m	threadid 139940595353344 -> core 10 - OK[0m[1;34m
[0m[1;34m	threadid 139940586960640 -> core 11 - OK[0m[1;34m
[0mFLOPs in stencil code:      1.612620e+09
Time spent in stencil code: 0.035433
Performance in GFlop/s:     45.511742
