[1;34m[pthread wrapper] 
[0m[1;34m[pthread wrapper] MAIN -> 0
[0m[1;34m[pthread wrapper] PIN_MASK: [0m[1;34m0->1  [0m[1;34m1->2  [0m[1;34m2->3  [0m[1;34m3->4  [0m[1;34m4->5  [0m[1;34m5->12  [0m[1;34m6->13  [0m[1;34m7->6  [0m[1;34m8->7  [0m[1;34m9->8  [0m[1;34m10->9  [0m[1;34m11->10  [0m[1;34m12->11  [0m[1;34m13->18  [0m[1;34m14->19  [0m[1;34m
[pthread wrapper] SKIP MASK: 0x0
[0m[1;34m	threadid 139715817076480 -> core 1 - OK[0m[1;34m
[0m[1;34m	threadid 139715808683776 -> core 2 - OK[0m[1;34m
[0m[1;34m	threadid 139715800291072 -> core 3 - OK[0m[1;34m
[0m[1;34m	threadid 139715791898368 -> core 4 - OK[0m[1;34m
[0m[1;34m	threadid 139715783505664 -> core 5 - OK[0m[1;34m
[0m[1;34m	threadid 139715775112960 -> core 12 - OK[0m[1;34m
[0m[1;34m	threadid 139715766720256 -> core 13 - OK[0m[1;34m
[0m[1;34m	threadid 139715758327552 -> core 6 - OK[0m[1;34m
[0m[1;34m	threadid 139715749934848 -> core 7 - OK[0m[1;34m
[0m[1;34m	threadid 139715741542144 -> core 8 - OK[0m[1;34m
[0m[1;34m	threadid 139715733149440 -> core 9 - OK[0m[1;34m
[0m[1;34m	threadid 139715724756736 -> core 10 - OK[0m[1;34m
[0m[1;34m	threadid 139715716364032 -> core 11 - OK[0m[1;34m
[0m[1;34m	threadid 139715707971328 -> core 18 - OK[0m[1;34m
[0m[1;34m	threadid 139715699578624 -> core 19 - OK[0m[1;34m
[0mFLOPs in stencil code:      1.612620e+09
Time spent in stencil code: 0.040732
Performance in GFlop/s:     39.591075
[1;34m[pthread wrapper] 
[0m[1;34m[pthread wrapper] MAIN -> 0
[0m[1;34m[pthread wrapper] PIN_MASK: [0m[1;34m0->1  [0m[1;34m1->2  [0m[1;34m2->3  [0m[1;34m3->4  [0m[1;34m4->5  [0m[1;34m5->12  [0m[1;34m6->13  [0m[1;34m7->6  [0m[1;34m8->7  [0m[1;34m9->8  [0m[1;34m10->9  [0m[1;34m11->10  [0m[1;34m12->11  [0m[1;34m13->18  [0m[1;34m14->19  [0m[1;34m
[pthread wrapper] SKIP MASK: 0x0
[0m[1;34m	threadid 139798500525824 -> core 1 - OK[0m[1;34m
[0m[1;34m	threadid 139798492133120 -> core 2 - OK[0m[1;34m
[0m[1;34m	threadid 139798483740416 -> core 3 - OK[0m[1;34m
[0m[1;34m	threadid 139798475347712 -> core 4 - OK[0m[1;34m
[0m[1;34m	threadid 139798466955008 -> core 5 - OK[0m[1;34m
[0m[1;34m	threadid 139798458562304 -> core 12 - OK[0m[1;34m
[0m[1;34m	threadid 139798450169600 -> core 13 - OK[0m[1;34m
[0m[1;34m	threadid 139798441776896 -> core 6 - OK[0m[1;34m
[0m[1;34m	threadid 139798433384192 -> core 7 - OK[0m[1;34m
[0m[1;34m	threadid 139798424991488 -> core 8 - OK[0m[1;34m
[0m[1;34m	threadid 139798416598784 -> core 9 - OK[0m[1;34m
[0m[1;34m	threadid 139798408206080 -> core 10 - OK[0m[1;34m
[0m[1;34m	threadid 139798399813376 -> core 11 - OK[0m[1;34m
[0m[1;34m	threadid 139798391420672 -> core 18 - OK[0m[1;34m
[0m[1;34m	threadid 139798383027968 -> core 19 - OK[0m[1;34m
[0mFLOPs in stencil code:      1.612620e+09
Time spent in stencil code: 0.042753
Performance in GFlop/s:     37.719475
[1;34m[pthread wrapper] 
[0m[1;34m[pthread wrapper] MAIN -> 0
[0m[1;34m[pthread wrapper] PIN_MASK: [0m[1;34m0->1  [0m[1;34m1->2  [0m[1;34m2->3  [0m[1;34m3->4  [0m[1;34m4->5  [0m[1;34m5->12  [0m[1;34m6->13  [0m[1;34m7->6  [0m[1;34m8->7  [0m[1;34m9->8  [0m[1;34m10->9  [0m[1;34m11->10  [0m[1;34m12->11  [0m[1;34m13->18  [0m[1;34m14->19  [0m[1;34m
[pthread wrapper] SKIP MASK: 0x0
[0m[1;34m	threadid 139761312880384 -> core 1 - OK[0m[1;34m
[0m[1;34m	threadid 139761304487680 -> core 2 - OK[0m[1;34m
[0m[1;34m	threadid 139761296094976 -> core 3 - OK[0m[1;34m
[0m[1;34m	threadid 139761287702272 -> core 4 - OK[0m[1;34m
[0m[1;34m	threadid 139761279309568 -> core 5 - OK[0m[1;34m
[0m[1;34m	threadid 139761270916864 -> core 12 - OK[0m[1;34m
[0m[1;34m	threadid 139761262524160 -> core 13 - OK[0m[1;34m
[0m[1;34m	threadid 139761254131456 -> core 6 - OK[0m[1;34m
[0m[1;34m	threadid 139761245738752 -> core 7 - OK[0m[1;34m
[0m[1;34m	threadid 139761237346048 -> core 8 - OK[0m[1;34m
[0m[1;34m	threadid 139761228953344 -> core 9 - OK[0m[1;34m
[0m[1;34m	threadid 139761220560640 -> core 10 - OK[0m[1;34m
[0m[1;34m	threadid 139761212167936 -> core 11 - OK[0m[1;34m
[0m[1;34m	threadid 139761203775232 -> core 18 - OK[0m[1;34m
[0m[1;34m	threadid 139761195382528 -> core 19 - OK[0m[1;34m
[0mFLOPs in stencil code:      1.612620e+09
Time spent in stencil code: 0.041017
Performance in GFlop/s:     39.315840
[1;34m[pthread wrapper] 
[0m[1;34m[pthread wrapper] MAIN -> 0
[0m[1;34m[pthread wrapper] PIN_MASK: [0m[1;34m0->1  [0m[1;34m1->2  [0m[1;34m2->3  [0m[1;34m3->4  [0m[1;34m4->5  [0m[1;34m5->12  [0m[1;34m6->13  [0m[1;34m7->6  [0m[1;34m8->7  [0m[1;34m9->8  [0m[1;34m10->9  [0m[1;34m11->10  [0m[1;34m12->11  [0m[1;34m13->18  [0m[1;34m14->19  [0m[1;34m
[pthread wrapper] SKIP MASK: 0x0
[0m[1;34m	threadid 139970077386496 -> core 1 - OK[0m[1;34m
[0m[1;34m	threadid 139970068993792 -> core 2 - OK[0m[1;34m
[0m[1;34m	threadid 139970060601088 -> core 3 - OK[0m[1;34m
[0m[1;34m	threadid 139970052208384 -> core 4 - OK[0m[1;34m
[0m[1;34m	threadid 139970043815680 -> core 5 - OK[0m[1;34m
[0m[1;34m	threadid 139970035422976 -> core 12 - OK[0m[1;34m
[0m[1;34m	threadid 139970027030272 -> core 13 - OK[0m[1;34m
[0m[1;34m	threadid 139970018637568 -> core 6 - OK[0m[1;34m
[0m[1;34m	threadid 139970010244864 -> core 7 - OK[0m[1;34m
[0m[1;34m	threadid 139970001852160 -> core 8 - OK[0m[1;34m
[0m[1;34m	threadid 139969993459456 -> core 9 - OK[0m[1;34m
[0m[1;34m	threadid 139969985066752 -> core 10 - OK[0m[1;34m
[0m[1;34m	threadid 139969976674048 -> core 11 - OK[0m[1;34m
[0m[1;34m	threadid 139969968281344 -> core 18 - OK[0m[1;34m
[0m[1;34m	threadid 139969959888640 -> core 19 - OK[0m[1;34m
[0mFLOPs in stencil code:      1.612620e+09
Time spent in stencil code: 0.042685
Performance in GFlop/s:     37.779731
[1;34m[pthread wrapper] 
[0m[1;34m[pthread wrapper] MAIN -> 0
[0m[1;34m[pthread wrapper] PIN_MASK: [0m[1;34m0->1  [0m[1;34m1->2  [0m[1;34m2->3  [0m[1;34m3->4  [0m[1;34m4->5  [0m[1;34m5->12  [0m[1;34m6->13  [0m[1;34m7->6  [0m[1;34m8->7  [0m[1;34m9->8  [0m[1;34m10->9  [0m[1;34m11->10  [0m[1;34m12->11  [0m[1;34m13->18  [0m[1;34m14->19  [0m[1;34m
[pthread wrapper] SKIP MASK: 0x0
[0m[1;34m	threadid 140070536972032 -> core 1 - OK[0m[1;34m
[0m[1;34m	threadid 140070528579328 -> core 2 - OK[0m[1;34m
[0m[1;34m	threadid 140070520186624 -> core 3 - OK[0m[1;34m
[0m[1;34m	threadid 140070511793920 -> core 4 - OK[0m[1;34m
[0m[1;34m	threadid 140070503401216 -> core 5 - OK[0m[1;34m
[0m[1;34m	threadid 140070495008512 -> core 12 - OK[0m[1;34m
[0m[1;34m	threadid 140070486615808 -> core 13 - OK[0m[1;34m
[0m[1;34m	threadid 140070478223104 -> core 6 - OK[0m[1;34m
[0m[1;34m	threadid 140070469830400 -> core 7 - OK[0m[1;34m
[0m[1;34m	threadid 140070461437696 -> core 8 - OK[0m[1;34m
[0m[1;34m	threadid 140070453044992 -> core 9 - OK[0m[1;34m
[0m[1;34m	threadid 140070444652288 -> core 10 - OK[0m[1;34m
[0m[1;34m	threadid 140070436259584 -> core 11 - OK[0m[1;34m
[0m[1;34m	threadid 140070427866880 -> core 18 - OK[0m[1;34m
[0m[1;34m	threadid 140070419474176 -> core 19 - OK[0m[1;34m
[0mFLOPs in stencil code:      1.612620e+09
Time spent in stencil code: 0.042335
Performance in GFlop/s:     38.092071
