[1;34m[pthread wrapper] 
[0m[1;34m[pthread wrapper] MAIN -> 0
[0m[1;34m[pthread wrapper] PIN_MASK: [0m[1;34m0->1  [0m[1;34m1->2  [0m[1;34m2->3  [0m[1;34m3->4  [0m[1;34m4->5  [0m[1;34m5->12  [0m[1;34m6->13  [0m[1;34m7->14  [0m[1;34m8->15  [0m[1;34m9->16  [0m[1;34m10->17  [0m[1;34m11->6  [0m[1;34m12->7  [0m[1;34m13->8  [0m[1;34m14->9  [0m[1;34m15->10  [0m[1;34m16->11  [0m[1;34m17->18  [0m[1;34m18->19  [0m[1;34m19->20  [0m[1;34m20->21  [0m[1;34m21->22  [0m[1;34m22->23  [0m[1;34m
[pthread wrapper] SKIP MASK: 0x0
[0m[1;34m	threadid 140137258350336 -> core 1 - OK[0m[1;34m
[0m[1;34m	threadid 140137249957632 -> core 2 - OK[0m[1;34m
[0m[1;34m	threadid 140137241564928 -> core 3 - OK[0m[1;34m
[0m[1;34m	threadid 140137233172224 -> core 4 - OK[0m[1;34m
[0m[1;34m	threadid 140137224779520 -> core 5 - OK[0m[1;34m
[0m[1;34m	threadid 140137216386816 -> core 12 - OK[0m[1;34m
[0m[1;34m	threadid 140137207994112 -> core 13 - OK[0m[1;34m
[0m[1;34m	threadid 140137199601408 -> core 14 - OK[0m[1;34m
[0m[1;34m	threadid 140137191208704 -> core 15 - OK[0m[1;34m
[0m[1;34m	threadid 140137182816000 -> core 16 - OK[0m[1;34m
[0m[1;34m	threadid 140137174423296 -> core 17 - OK[0m[1;34m
[0m[1;34m	threadid 140137166030592 -> core 6 - OK[0m[1;34m
[0m[1;34m	threadid 140137157637888 -> core 7 - OK[0m[1;34m
[0m[1;34m	threadid 140137149245184 -> core 8 - OK[0m[1;34m
[0m[1;34m	threadid 140137140852480 -> core 9 - OK[0m[1;34m
[0m[1;34m	threadid 140137132459776 -> core 10 - OK[0m[1;34m
[0m[1;34m	threadid 140137124067072 -> core 11 - OK[0m[1;34m
[0m[1;34m	threadid 140137115674368 -> core 18 - OK[0m[1;34m
[0m[1;34m	threadid 140137107281664 -> core 19 - OK[0m[1;34m
[0m[1;34m	threadid 140137098888960 -> core 20 - OK[0m[1;34m
[0m[1;34m	threadid 140137090496256 -> core 21 - OK[0m[1;34m
[0m[1;34m	threadid 140137082103552 -> core 22 - OK[0m[1;34m
[0m[1;34m	threadid 140137073710848 -> core 23 - OK[0m[1;34m
[0mFLOPs in stencil code:      1.612620e+09
Time spent in stencil code: 0.032975
Performance in GFlop/s:     48.904383
[1;34m[pthread wrapper] 
[0m[1;34m[pthread wrapper] MAIN -> 0
[0m[1;34m[pthread wrapper] PIN_MASK: [0m[1;34m0->1  [0m[1;34m1->2  [0m[1;34m2->3  [0m[1;34m3->4  [0m[1;34m4->5  [0m[1;34m5->12  [0m[1;34m6->13  [0m[1;34m7->14  [0m[1;34m8->15  [0m[1;34m9->16  [0m[1;34m10->17  [0m[1;34m11->6  [0m[1;34m12->7  [0m[1;34m13->8  [0m[1;34m14->9  [0m[1;34m15->10  [0m[1;34m16->11  [0m[1;34m17->18  [0m[1;34m18->19  [0m[1;34m19->20  [0m[1;34m20->21  [0m[1;34m21->22  [0m[1;34m22->23  [0m[1;34m
[pthread wrapper] SKIP MASK: 0x0
[0m[1;34m	threadid 139750069110528 -> core 1 - OK[0m[1;34m
[0m[1;34m	threadid 139750060717824 -> core 2 - OK[0m[1;34m
[0m[1;34m	threadid 139750052325120 -> core 3 - OK[0m[1;34m
[0m[1;34m	threadid 139750043932416 -> core 4 - OK[0m[1;34m
[0m[1;34m	threadid 139750035539712 -> core 5 - OK[0m[1;34m
[0m[1;34m	threadid 139750027147008 -> core 12 - OK[0m[1;34m
[0m[1;34m	threadid 139750018754304 -> core 13 - OK[0m[1;34m
[0m[1;34m	threadid 139750010361600 -> core 14 - OK[0m[1;34m
[0m[1;34m	threadid 139750001968896 -> core 15 - OK[0m[1;34m
[0m[1;34m	threadid 139749993576192 -> core 16 - OK[0m[1;34m
[0m[1;34m	threadid 139749985183488 -> core 17 - OK[0m[1;34m
[0m[1;34m	threadid 139749976790784 -> core 6 - OK[0m[1;34m
[0m[1;34m	threadid 139749968398080 -> core 7 - OK[0m[1;34m
[0m[1;34m	threadid 139749960005376 -> core 8 - OK[0m[1;34m
[0m[1;34m	threadid 139749951612672 -> core 9 - OK[0m[1;34m
[0m[1;34m	threadid 139749943219968 -> core 10 - OK[0m[1;34m
[0m[1;34m	threadid 139749934827264 -> core 11 - OK[0m[1;34m
[0m[1;34m	threadid 139749926434560 -> core 18 - OK[0m[1;34m
[0m[1;34m	threadid 139749918041856 -> core 19 - OK[0m[1;34m
[0m[1;34m	threadid 139749909649152 -> core 20 - OK[0m[1;34m
[0m[1;34m	threadid 139749901256448 -> core 21 - OK[0m[1;34m
[0m[1;34m	threadid 139749892863744 -> core 22 - OK[0m[1;34m
[0m[1;34m	threadid 139749884471040 -> core 23 - OK[0m[1;34m
[0mFLOPs in stencil code:      1.612620e+09
Time spent in stencil code: 0.032784
Performance in GFlop/s:     49.189261
[1;34m[pthread wrapper] 
[0m[1;34m[pthread wrapper] MAIN -> 0
[0m[1;34m[pthread wrapper] PIN_MASK: [0m[1;34m0->1  [0m[1;34m1->2  [0m[1;34m2->3  [0m[1;34m3->4  [0m[1;34m4->5  [0m[1;34m5->12  [0m[1;34m6->13  [0m[1;34m7->14  [0m[1;34m8->15  [0m[1;34m9->16  [0m[1;34m10->17  [0m[1;34m11->6  [0m[1;34m12->7  [0m[1;34m13->8  [0m[1;34m14->9  [0m[1;34m15->10  [0m[1;34m16->11  [0m[1;34m17->18  [0m[1;34m18->19  [0m[1;34m19->20  [0m[1;34m20->21  [0m[1;34m21->22  [0m[1;34m22->23  [0m[1;34m
[pthread wrapper] SKIP MASK: 0x0
[0m[1;34m	threadid 140225077053184 -> core 1 - OK[0m[1;34m
[0m[1;34m	threadid 140225068660480 -> core 2 - OK[0m[1;34m
[0m[1;34m	threadid 140225060267776 -> core 3 - OK[0m[1;34m
[0m[1;34m	threadid 140225051875072 -> core 4 - OK[0m[1;34m
[0m[1;34m	threadid 140225043482368 -> core 5 - OK[0m[1;34m
[0m[1;34m	threadid 140225035089664 -> core 12 - OK[0m[1;34m
[0m[1;34m	threadid 140225026696960 -> core 13 - OK[0m[1;34m
[0m[1;34m	threadid 140225018304256 -> core 14 - OK[0m[1;34m
[0m[1;34m	threadid 140225009911552 -> core 15 - OK[0m[1;34m
[0m[1;34m	threadid 140225001518848 -> core 16 - OK[0m[1;34m
[0m[1;34m	threadid 140224993126144 -> core 17 - OK[0m[1;34m
[0m[1;34m	threadid 140224984733440 -> core 6 - OK[0m[1;34m
[0m[1;34m	threadid 140224976340736 -> core 7 - OK[0m[1;34m
[0m[1;34m	threadid 140224967948032 -> core 8 - OK[0m[1;34m
[0m[1;34m	threadid 140224959555328 -> core 9 - OK[0m[1;34m
[0m[1;34m	threadid 140224951162624 -> core 10 - OK[0m[1;34m
[0m[1;34m	threadid 140224942769920 -> core 11 - OK[0m[1;34m
[0m[1;34m	threadid 140224934377216 -> core 18 - OK[0m[1;34m
[0m[1;34m	threadid 140224925984512 -> core 19 - OK[0m[1;34m
[0m[1;34m	threadid 140224917591808 -> core 20 - OK[0m[1;34m
[0m[1;34m	threadid 140224909199104 -> core 21 - OK[0m[1;34m
[0m[1;34m	threadid 140224900806400 -> core 22 - OK[0m[1;34m
[0m[1;34m	threadid 140224892413696 -> core 23 - OK[0m[1;34m
[0mFLOPs in stencil code:      1.612620e+09
Time spent in stencil code: 0.032706
Performance in GFlop/s:     49.306516
[1;34m[pthread wrapper] 
[0m[1;34m[pthread wrapper] MAIN -> 0
[0m[1;34m[pthread wrapper] PIN_MASK: [0m[1;34m0->1  [0m[1;34m1->2  [0m[1;34m2->3  [0m[1;34m3->4  [0m[1;34m4->5  [0m[1;34m5->12  [0m[1;34m6->13  [0m[1;34m7->14  [0m[1;34m8->15  [0m[1;34m9->16  [0m[1;34m10->17  [0m[1;34m11->6  [0m[1;34m12->7  [0m[1;34m13->8  [0m[1;34m14->9  [0m[1;34m15->10  [0m[1;34m16->11  [0m[1;34m17->18  [0m[1;34m18->19  [0m[1;34m19->20  [0m[1;34m20->21  [0m[1;34m21->22  [0m[1;34m22->23  [0m[1;34m
[pthread wrapper] SKIP MASK: 0x0
[0m[1;34m	threadid 140665105979136 -> core 1 - OK[0m[1;34m
[0m[1;34m	threadid 140665097586432 -> core 2 - OK[0m[1;34m
[0m[1;34m	threadid 140665089193728 -> core 3 - OK[0m[1;34m
[0m[1;34m	threadid 140665080801024 -> core 4 - OK[0m[1;34m
[0m[1;34m	threadid 140665072408320 -> core 5 - OK[0m[1;34m
[0m[1;34m	threadid 140665064015616 -> core 12 - OK[0m[1;34m
[0m[1;34m	threadid 140665055622912 -> core 13 - OK[0m[1;34m
[0m[1;34m	threadid 140665047230208 -> core 14 - OK[0m[1;34m
[0m[1;34m	threadid 140665038837504 -> core 15 - OK[0m[1;34m
[0m[1;34m	threadid 140665030444800 -> core 16 - OK[0m[1;34m
[0m[1;34m	threadid 140665022052096 -> core 17 - OK[0m[1;34m
[0m[1;34m	threadid 140665013659392 -> core 6 - OK[0m[1;34m
[0m[1;34m	threadid 140665005266688 -> core 7 - OK[0m[1;34m
[0m[1;34m	threadid 140664996873984 -> core 8 - OK[0m[1;34m
[0m[1;34m	threadid 140664988481280 -> core 9 - OK[0m[1;34m
[0m[1;34m	threadid 140664980088576 -> core 10 - OK[0m[1;34m
[0m[1;34m	threadid 140664971695872 -> core 11 - OK[0m[1;34m
[0m[1;34m	threadid 140664963303168 -> core 18 - OK[0m[1;34m
[0m[1;34m	threadid 140664954910464 -> core 19 - OK[0m[1;34m
[0m[1;34m	threadid 140664946517760 -> core 20 - OK[0m[1;34m
[0m[1;34m	threadid 140664938125056 -> core 21 - OK[0m[1;34m
[0m[1;34m	threadid 140664929732352 -> core 22 - OK[0m[1;34m
[0m[1;34m	threadid 140664921339648 -> core 23 - OK[0m[1;34m
[0mFLOPs in stencil code:      1.612620e+09
Time spent in stencil code: 0.032822
Performance in GFlop/s:     49.132448
[1;34m[pthread wrapper] 
[0m[1;34m[pthread wrapper] MAIN -> 0
[0m[1;34m[pthread wrapper] PIN_MASK: [0m[1;34m0->1  [0m[1;34m1->2  [0m[1;34m2->3  [0m[1;34m3->4  [0m[1;34m4->5  [0m[1;34m5->12  [0m[1;34m6->13  [0m[1;34m7->14  [0m[1;34m8->15  [0m[1;34m9->16  [0m[1;34m10->17  [0m[1;34m11->6  [0m[1;34m12->7  [0m[1;34m13->8  [0m[1;34m14->9  [0m[1;34m15->10  [0m[1;34m16->11  [0m[1;34m17->18  [0m[1;34m18->19  [0m[1;34m19->20  [0m[1;34m20->21  [0m[1;34m21->22  [0m[1;34m22->23  [0m[1;34m
[pthread wrapper] SKIP MASK: 0x0
[0m[1;34m	threadid 140275605169920 -> core 1 - OK[0m[1;34m
[0m[1;34m	threadid 140275596777216 -> core 2 - OK[0m[1;34m
[0m[1;34m	threadid 140275588384512 -> core 3 - OK[0m[1;34m
[0m[1;34m	threadid 140275579991808 -> core 4 - OK[0m[1;34m
[0m[1;34m	threadid 140275571599104 -> core 5 - OK[0m[1;34m
[0m[1;34m	threadid 140275563206400 -> core 12 - OK[0m[1;34m
[0m[1;34m	threadid 140275554813696 -> core 13 - OK[0m[1;34m
[0m[1;34m	threadid 140275546420992 -> core 14 - OK[0m[1;34m
[0m[1;34m	threadid 140275538028288 -> core 15 - OK[0m[1;34m
[0m[1;34m	threadid 140275529635584 -> core 16 - OK[0m[1;34m
[0m[1;34m	threadid 140275521242880 -> core 17 - OK[0m[1;34m
[0m[1;34m	threadid 140275512850176 -> core 6 - OK[0m[1;34m
[0m[1;34m	threadid 140275504457472 -> core 7 - OK[0m[1;34m
[0m[1;34m	threadid 140275496064768 -> core 8 - OK[0m[1;34m
[0m[1;34m	threadid 140275487672064 -> core 9 - OK[0m[1;34m
[0m[1;34m	threadid 140275479279360 -> core 10 - OK[0m[1;34m
[0m[1;34m	threadid 140275470886656 -> core 11 - OK[0m[1;34m
[0m[1;34m	threadid 140275462493952 -> core 18 - OK[0m[1;34m
[0m[1;34m	threadid 140275454101248 -> core 19 - OK[0m[1;34m
[0m[1;34m	threadid 140275445708544 -> core 20 - OK[0m[1;34m
[0m[1;34m	threadid 140275437315840 -> core 21 - OK[0m[1;34m
[0m[1;34m	threadid 140275428923136 -> core 22 - OK[0m[1;34m
[0m[1;34m	threadid 140275420530432 -> core 23 - OK[0m[1;34m
[0mFLOPs in stencil code:      1.612620e+09
Time spent in stencil code: 0.032944
Performance in GFlop/s:     48.950393
