[1;34m[pthread wrapper] 
[0m[1;34m[pthread wrapper] MAIN -> 0
[0m[1;34m[pthread wrapper] PIN_MASK: [0m[1;34m0->1  [0m[1;34m1->2  [0m[1;34m2->3  [0m[1;34m
[pthread wrapper] SKIP MASK: 0x0
[0m[1;34m	threadid 140611671561984 -> core 1 - OK[0m[1;34m
[0m[1;34m	threadid 140611663169280 -> core 2 - OK[0m[1;34m
[0m[1;34m	threadid 140611654776576 -> core 3 - OK[0m[1;34m
[0mFLOPs in stencil code:      1.612620e+09
Time spent in stencil code: 0.087491
Performance in GFlop/s:     18.431831
[1;34m[pthread wrapper] 
[0m[1;34m[pthread wrapper] MAIN -> 0
[0m[1;34m[pthread wrapper] PIN_MASK: [0m[1;34m0->1  [0m[1;34m1->2  [0m[1;34m2->3  [0m[1;34m
[pthread wrapper] SKIP MASK: 0x0
[0m[1;34m	threadid 140112829507328 -> core 1 - OK[0m[1;34m
[0m[1;34m	threadid 140112821114624 -> core 2 - OK[0m[1;34m
[0m[1;34m	threadid 140112812721920 -> core 3 - OK[0m[1;34m
[0mFLOPs in stencil code:      1.612620e+09
Time spent in stencil code: 0.087529
Performance in GFlop/s:     18.423848
[1;34m[pthread wrapper] 
[0m[1;34m[pthread wrapper] MAIN -> 0
[0m[1;34m[pthread wrapper] PIN_MASK: [0m[1;34m0->1  [0m[1;34m1->2  [0m[1;34m2->3  [0m[1;34m
[pthread wrapper] SKIP MASK: 0x0
[0m[1;34m	threadid 139922068915968 -> core 1 - OK[0m[1;34m
[0m[1;34m	threadid 139922060523264 -> core 2 - OK[0m[1;34m
[0m[1;34m	threadid 139922052130560 -> core 3 - OK[0m[1;34m
[0mFLOPs in stencil code:      1.612620e+09
Time spent in stencil code: 0.087343
Performance in GFlop/s:     18.463076
[1;34m[pthread wrapper] 
[0m[1;34m[pthread wrapper] MAIN -> 0
[0m[1;34m[pthread wrapper] PIN_MASK: [0m[1;34m0->1  [0m[1;34m1->2  [0m[1;34m2->3  [0m[1;34m
[pthread wrapper] SKIP MASK: 0x0
[0m[1;34m	threadid 140440710682368 -> core 1 - OK[0m[1;34m
[0m[1;34m	threadid 140440702289664 -> core 2 - OK[0m[1;34m
[0m[1;34m	threadid 140440693896960 -> core 3 - OK[0m[1;34m
[0mFLOPs in stencil code:      1.612620e+09
Time spent in stencil code: 0.087811
Performance in GFlop/s:     18.364671
[1;34m[pthread wrapper] 
[0m[1;34m[pthread wrapper] MAIN -> 0
[0m[1;34m[pthread wrapper] PIN_MASK: [0m[1;34m0->1  [0m[1;34m1->2  [0m[1;34m2->3  [0m[1;34m
[pthread wrapper] SKIP MASK: 0x0
[0m[1;34m	threadid 139803731707648 -> core 1 - OK[0m[1;34m
[0m[1;34m	threadid 139803723314944 -> core 2 - OK[0m[1;34m
[0m[1;34m	threadid 139803714922240 -> core 3 - OK[0m[1;34m
[0mFLOPs in stencil code:      1.612620e+09
Time spent in stencil code: 0.087475
Performance in GFlop/s:     18.435247
