[1;34m[pthread wrapper] 
[0m[1;34m[pthread wrapper] MAIN -> 0
[0m[1;34m[pthread wrapper] PIN_MASK: [0m[1;34m0->1  [0m[1;34m1->2  [0m[1;34m2->3  [0m[1;34m3->4  [0m[1;34m4->5  [0m[1;34m
[pthread wrapper] SKIP MASK: 0x0
[0m[1;34m	threadid 139801171449600 -> core 1 - OK[0m[1;34m
[0m[1;34m	threadid 139801163056896 -> core 2 - OK[0m[1;34m
[0m[1;34m	threadid 139801154664192 -> core 3 - OK[0m[1;34m
[0m[1;34m	threadid 139801146271488 -> core 4 - OK[0m[1;34m
[0m[1;34m	threadid 139801137878784 -> core 5 - OK[0m[1;34m
[0mFLOPs in stencil code:      1.612620e+09
Time spent in stencil code: 0.061427
Performance in GFlop/s:     26.252575
[1;34m[pthread wrapper] 
[0m[1;34m[pthread wrapper] MAIN -> 0
[0m[1;34m[pthread wrapper] PIN_MASK: [0m[1;34m0->1  [0m[1;34m1->2  [0m[1;34m2->3  [0m[1;34m3->4  [0m[1;34m4->5  [0m[1;34m
[pthread wrapper] SKIP MASK: 0x0
[0m[1;34m	threadid 139859158652672 -> core 1 - OK[0m[1;34m
[0m[1;34m	threadid 139859150259968 -> core 2 - OK[0m[1;34m
[0m[1;34m	threadid 139859141867264 -> core 3 - OK[0m[1;34m
[0m[1;34m	threadid 139859133474560 -> core 4 - OK[0m[1;34m
[0m[1;34m	threadid 139859125081856 -> core 5 - OK[0m[1;34m
[0mFLOPs in stencil code:      1.612620e+09
Time spent in stencil code: 0.061263
Performance in GFlop/s:     26.322867
[1;34m[pthread wrapper] 
[0m[1;34m[pthread wrapper] MAIN -> 0
[0m[1;34m[pthread wrapper] PIN_MASK: [0m[1;34m0->1  [0m[1;34m1->2  [0m[1;34m2->3  [0m[1;34m3->4  [0m[1;34m4->5  [0m[1;34m
[pthread wrapper] SKIP MASK: 0x0
[0m[1;34m	threadid 140349799646976 -> core 1 - OK[0m[1;34m
[0m[1;34m	threadid 140349791254272 -> core 2 - OK[0m[1;34m
[0m[1;34m	threadid 140349782861568 -> core 3 - OK[0m[1;34m
[0m[1;34m	threadid 140349774468864 -> core 4 - OK[0m[1;34m
[0m[1;34m	threadid 140349766076160 -> core 5 - OK[0m[1;34m
[0mFLOPs in stencil code:      1.612620e+09
Time spent in stencil code: 0.061209
Performance in GFlop/s:     26.346141
[1;34m[pthread wrapper] 
[0m[1;34m[pthread wrapper] MAIN -> 0
[0m[1;34m[pthread wrapper] PIN_MASK: [0m[1;34m0->1  [0m[1;34m1->2  [0m[1;34m2->3  [0m[1;34m3->4  [0m[1;34m4->5  [0m[1;34m
[pthread wrapper] SKIP MASK: 0x0
[0m[1;34m	threadid 140058411996928 -> core 1 - OK[0m[1;34m
[0m[1;34m	threadid 140058403604224 -> core 2 - OK[0m[1;34m
[0m[1;34m	threadid 140058395211520 -> core 3 - OK[0m[1;34m
[0m[1;34m	threadid 140058386818816 -> core 4 - OK[0m[1;34m
[0m[1;34m	threadid 140058378426112 -> core 5 - OK[0m[1;34m
[0mFLOPs in stencil code:      1.612620e+09
Time spent in stencil code: 0.061219
Performance in GFlop/s:     26.341832
[1;34m[pthread wrapper] 
[0m[1;34m[pthread wrapper] MAIN -> 0
[0m[1;34m[pthread wrapper] PIN_MASK: [0m[1;34m0->1  [0m[1;34m1->2  [0m[1;34m2->3  [0m[1;34m3->4  [0m[1;34m4->5  [0m[1;34m
[pthread wrapper] SKIP MASK: 0x0
[0m[1;34m	threadid 139649617004288 -> core 1 - OK[0m[1;34m
[0m[1;34m	threadid 139649608611584 -> core 2 - OK[0m[1;34m
[0m[1;34m	threadid 139649600218880 -> core 3 - OK[0m[1;34m
[0m[1;34m	threadid 139649591826176 -> core 4 - OK[0m[1;34m
[0m[1;34m	threadid 139649583433472 -> core 5 - OK[0m[1;34m
[0mFLOPs in stencil code:      1.612620e+09
Time spent in stencil code: 0.060887
Performance in GFlop/s:     26.485414
