[1;34m[pthread wrapper] 
[0m[1;34m[pthread wrapper] MAIN -> 0
[0m[1;34m[pthread wrapper] PIN_MASK: [0m[1;34m0->1  [0m[1;34m1->2  [0m[1;34m2->3  [0m[1;34m3->4  [0m[1;34m4->5  [0m[1;34m5->12  [0m[1;34m6->13  [0m[1;34m7->14  [0m[1;34m8->15  [0m[1;34m9->16  [0m[1;34m10->17  [0m[1;34m11->6  [0m[1;34m12->7  [0m[1;34m13->8  [0m[1;34m14->9  [0m[1;34m15->10  [0m[1;34m16->11  [0m[1;34m17->18  [0m[1;34m18->19  [0m[1;34m19->20  [0m[1;34m20->21  [0m[1;34m21->22  [0m[1;34m22->23  [0m[1;34m
[pthread wrapper] SKIP MASK: 0x0
[0m[1;34m	threadid 139909536872192 -> core 1 - OK[0m[1;34m
[0m[1;34m	threadid 139909528479488 -> core 2 - OK[0m[1;34m
[0m[1;34m	threadid 139909520086784 -> core 3 - OK[0m[1;34m
[0m[1;34m	threadid 139909511694080 -> core 4 - OK[0m[1;34m
[0m[1;34m	threadid 139909503301376 -> core 5 - OK[0m[1;34m
[0m[1;34m	threadid 139909494908672 -> core 12 - OK[0m[1;34m
[0m[1;34m	threadid 139909486515968 -> core 13 - OK[0m[1;34m
[0m[1;34m	threadid 139909478123264 -> core 14 - OK[0m[1;34m
[0m[1;34m	threadid 139909469730560 -> core 15 - OK[0m[1;34m
[0m[1;34m	threadid 139909461337856 -> core 16 - OK[0m[1;34m
[0m[1;34m	threadid 139909452945152 -> core 17 - OK[0m[1;34m
[0m[1;34m	threadid 139909444552448 -> core 6 - OK[0m[1;34m
[0m[1;34m	threadid 139909436159744 -> core 7 - OK[0m[1;34m
[0m[1;34m	threadid 139909427767040 -> core 8 - OK[0m[1;34m
[0m[1;34m	threadid 139909419374336 -> core 9 - OK[0m[1;34m
[0m[1;34m	threadid 139909410981632 -> core 10 - OK[0m[1;34m
[0m[1;34m	threadid 139909402588928 -> core 11 - OK[0m[1;34m
[0m[1;34m	threadid 139909394196224 -> core 18 - OK[0m[1;34m
[0m[1;34m	threadid 139909385803520 -> core 19 - OK[0m[1;34m
[0m[1;34m	threadid 139909377410816 -> core 20 - OK[0m[1;34m
[0m[1;34m	threadid 139909369018112 -> core 21 - OK[0m[1;34m
[0m[1;34m	threadid 139909360625408 -> core 22 - OK[0m[1;34m
[0m[1;34m	threadid 139909352232704 -> core 23 - OK[0m[1;34m
[0mFLOPs in stencil code:      1.612620e+09
Time spent in stencil code: 0.032819
Performance in GFlop/s:     49.137089
[1;34m[pthread wrapper] 
[0m[1;34m[pthread wrapper] MAIN -> 0
[0m[1;34m[pthread wrapper] PIN_MASK: [0m[1;34m0->1  [0m[1;34m1->2  [0m[1;34m2->3  [0m[1;34m3->4  [0m[1;34m4->5  [0m[1;34m5->12  [0m[1;34m6->13  [0m[1;34m7->14  [0m[1;34m8->15  [0m[1;34m9->16  [0m[1;34m10->17  [0m[1;34m11->6  [0m[1;34m12->7  [0m[1;34m13->8  [0m[1;34m14->9  [0m[1;34m15->10  [0m[1;34m16->11  [0m[1;34m17->18  [0m[1;34m18->19  [0m[1;34m19->20  [0m[1;34m20->21  [0m[1;34m21->22  [0m[1;34m22->23  [0m[1;34m
[pthread wrapper] SKIP MASK: 0x0
[0m[1;34m	threadid 139698064783104 -> core 1 - OK[0m[1;34m
[0m[1;34m	threadid 139698056390400 -> core 2 - OK[0m[1;34m
[0m[1;34m	threadid 139698047997696 -> core 3 - OK[0m[1;34m
[0m[1;34m	threadid 139698039604992 -> core 4 - OK[0m[1;34m
[0m[1;34m	threadid 139698031212288 -> core 5 - OK[0m[1;34m
[0m[1;34m	threadid 139698022819584 -> core 12 - OK[0m[1;34m
[0m[1;34m	threadid 139698014426880 -> core 13 - OK[0m[1;34m
[0m[1;34m	threadid 139698006034176 -> core 14 - OK[0m[1;34m
[0m[1;34m	threadid 139697997641472 -> core 15 - OK[0m[1;34m
[0m[1;34m	threadid 139697989248768 -> core 16 - OK[0m[1;34m
[0m[1;34m	threadid 139697980856064 -> core 17 - OK[0m[1;34m
[0m[1;34m	threadid 139697972463360 -> core 6 - OK[0m[1;34m
[0m[1;34m	threadid 139697964070656 -> core 7 - OK[0m[1;34m
[0m[1;34m	threadid 139697955677952 -> core 8 - OK[0m[1;34m
[0m[1;34m	threadid 139697947285248 -> core 9 - OK[0m[1;34m
[0m[1;34m	threadid 139697938892544 -> core 10 - OK[0m[1;34m
[0m[1;34m	threadid 139697930499840 -> core 11 - OK[0m[1;34m
[0m[1;34m	threadid 139697922107136 -> core 18 - OK[0m[1;34m
[0m[1;34m	threadid 139697913714432 -> core 19 - OK[0m[1;34m
[0m[1;34m	threadid 139697905321728 -> core 20 - OK[0m[1;34m
[0m[1;34m	threadid 139697896929024 -> core 21 - OK[0m[1;34m
[0m[1;34m	threadid 139697888536320 -> core 22 - OK[0m[1;34m
[0m[1;34m	threadid 139697880143616 -> core 23 - OK[0m[1;34m
[0mFLOPs in stencil code:      1.612620e+09
Time spent in stencil code: 0.032876
Performance in GFlop/s:     49.051566
[1;34m[pthread wrapper] 
[0m[1;34m[pthread wrapper] MAIN -> 0
[0m[1;34m[pthread wrapper] PIN_MASK: [0m[1;34m0->1  [0m[1;34m1->2  [0m[1;34m2->3  [0m[1;34m3->4  [0m[1;34m4->5  [0m[1;34m5->12  [0m[1;34m6->13  [0m[1;34m7->14  [0m[1;34m8->15  [0m[1;34m9->16  [0m[1;34m10->17  [0m[1;34m11->6  [0m[1;34m12->7  [0m[1;34m13->8  [0m[1;34m14->9  [0m[1;34m15->10  [0m[1;34m16->11  [0m[1;34m17->18  [0m[1;34m18->19  [0m[1;34m19->20  [0m[1;34m20->21  [0m[1;34m21->22  [0m[1;34m22->23  [0m[1;34m
[pthread wrapper] SKIP MASK: 0x0
[0m[1;34m	threadid 140663487997696 -> core 1 - OK[0m[1;34m
[0m[1;34m	threadid 140663479604992 -> core 2 - OK[0m[1;34m
[0m[1;34m	threadid 140663471212288 -> core 3 - OK[0m[1;34m
[0m[1;34m	threadid 140663462819584 -> core 4 - OK[0m[1;34m
[0m[1;34m	threadid 140663454426880 -> core 5 - OK[0m[1;34m
[0m[1;34m	threadid 140663446034176 -> core 12 - OK[0m[1;34m
[0m[1;34m	threadid 140663437641472 -> core 13 - OK[0m[1;34m
[0m[1;34m	threadid 140663429248768 -> core 14 - OK[0m[1;34m
[0m[1;34m	threadid 140663420856064 -> core 15 - OK[0m[1;34m
[0m[1;34m	threadid 140663412463360 -> core 16 - OK[0m[1;34m
[0m[1;34m	threadid 140663404070656 -> core 17 - OK[0m[1;34m
[0m[1;34m	threadid 140663395677952 -> core 6 - OK[0m[1;34m
[0m[1;34m	threadid 140663387285248 -> core 7 - OK[0m[1;34m
[0m[1;34m	threadid 140663378892544 -> core 8 - OK[0m[1;34m
[0m[1;34m	threadid 140663370499840 -> core 9 - OK[0m[1;34m
[0m[1;34m	threadid 140663362107136 -> core 10 - OK[0m[1;34m
[0m[1;34m	threadid 140663353714432 -> core 11 - OK[0m[1;34m
[0m[1;34m	threadid 140663345321728 -> core 18 - OK[0m[1;34m
[0m[1;34m	threadid 140663336929024 -> core 19 - OK[0m[1;34m
[0m[1;34m	threadid 140663328536320 -> core 20 - OK[0m[1;34m
[0m[1;34m	threadid 140663320143616 -> core 21 - OK[0m[1;34m
[0m[1;34m	threadid 140663311750912 -> core 22 - OK[0m[1;34m
[0m[1;34m	threadid 140663303358208 -> core 23 - OK[0m[1;34m
[0mFLOPs in stencil code:      1.612620e+09
Time spent in stencil code: 0.032715
Performance in GFlop/s:     49.292861
[1;34m[pthread wrapper] 
[0m[1;34m[pthread wrapper] MAIN -> 0
[0m[1;34m[pthread wrapper] PIN_MASK: [0m[1;34m0->1  [0m[1;34m1->2  [0m[1;34m2->3  [0m[1;34m3->4  [0m[1;34m4->5  [0m[1;34m5->12  [0m[1;34m6->13  [0m[1;34m7->14  [0m[1;34m8->15  [0m[1;34m9->16  [0m[1;34m10->17  [0m[1;34m11->6  [0m[1;34m12->7  [0m[1;34m13->8  [0m[1;34m14->9  [0m[1;34m15->10  [0m[1;34m16->11  [0m[1;34m17->18  [0m[1;34m18->19  [0m[1;34m19->20  [0m[1;34m20->21  [0m[1;34m21->22  [0m[1;34m22->23  [0m[1;34m
[pthread wrapper] SKIP MASK: 0x0
[0m[1;34m	threadid 139929441044224 -> core 1 - OK[0m[1;34m
[0m[1;34m	threadid 139929432651520 -> core 2 - OK[0m[1;34m
[0m[1;34m	threadid 139929424258816 -> core 3 - OK[0m[1;34m
[0m[1;34m	threadid 139929415866112 -> core 4 - OK[0m[1;34m
[0m[1;34m	threadid 139929407473408 -> core 5 - OK[0m[1;34m
[0m[1;34m	threadid 139929399080704 -> core 12 - OK[0m[1;34m
[0m[1;34m	threadid 139929390688000 -> core 13 - OK[0m[1;34m
[0m[1;34m	threadid 139929382295296 -> core 14 - OK[0m[1;34m
[0m[1;34m	threadid 139929373902592 -> core 15 - OK[0m[1;34m
[0m[1;34m	threadid 139929365509888 -> core 16 - OK[0m[1;34m
[0m[1;34m	threadid 139929357117184 -> core 17 - OK[0m[1;34m
[0m[1;34m	threadid 139929348724480 -> core 6 - OK[0m[1;34m
[0m[1;34m	threadid 139929340331776 -> core 7 - OK[0m[1;34m
[0m[1;34m	threadid 139929331939072 -> core 8 - OK[0m[1;34m
[0m[1;34m	threadid 139929323546368 -> core 9 - OK[0m[1;34m
[0m[1;34m	threadid 139929315153664 -> core 10 - OK[0m[1;34m
[0m[1;34m	threadid 139929306760960 -> core 11 - OK[0m[1;34m
[0m[1;34m	threadid 139929298368256 -> core 18 - OK[0m[1;34m
[0m[1;34m	threadid 139929289975552 -> core 19 - OK[0m[1;34m
[0m[1;34m	threadid 139929281582848 -> core 20 - OK[0m[1;34m
[0m[1;34m	threadid 139929273190144 -> core 21 - OK[0m[1;34m
[0m[1;34m	threadid 139929264797440 -> core 22 - OK[0m[1;34m
[0m[1;34m	threadid 139929256404736 -> core 23 - OK[0m[1;34m
[0mFLOPs in stencil code:      1.612620e+09
Time spent in stencil code: 0.033023
Performance in GFlop/s:     48.833414
[1;34m[pthread wrapper] 
[0m[1;34m[pthread wrapper] MAIN -> 0
[0m[1;34m[pthread wrapper] PIN_MASK: [0m[1;34m0->1  [0m[1;34m1->2  [0m[1;34m2->3  [0m[1;34m3->4  [0m[1;34m4->5  [0m[1;34m5->12  [0m[1;34m6->13  [0m[1;34m7->14  [0m[1;34m8->15  [0m[1;34m9->16  [0m[1;34m10->17  [0m[1;34m11->6  [0m[1;34m12->7  [0m[1;34m13->8  [0m[1;34m14->9  [0m[1;34m15->10  [0m[1;34m16->11  [0m[1;34m17->18  [0m[1;34m18->19  [0m[1;34m19->20  [0m[1;34m20->21  [0m[1;34m21->22  [0m[1;34m22->23  [0m[1;34m
[pthread wrapper] SKIP MASK: 0x0
[0m[1;34m	threadid 139694059804416 -> core 1 - OK[0m[1;34m
[0m[1;34m	threadid 139694051411712 -> core 2 - OK[0m[1;34m
[0m[1;34m	threadid 139694043019008 -> core 3 - OK[0m[1;34m
[0m[1;34m	threadid 139694034626304 -> core 4 - OK[0m[1;34m
[0m[1;34m	threadid 139694026233600 -> core 5 - OK[0m[1;34m
[0m[1;34m	threadid 139694017840896 -> core 12 - OK[0m[1;34m
[0m[1;34m	threadid 139694009448192 -> core 13 - OK[0m[1;34m
[0m[1;34m	threadid 139694001055488 -> core 14 - OK[0m[1;34m
[0m[1;34m	threadid 139693992662784 -> core 15 - OK[0m[1;34m
[0m[1;34m	threadid 139693984270080 -> core 16 - OK[0m[1;34m
[0m[1;34m	threadid 139693975877376 -> core 17 - OK[0m[1;34m
[0m[1;34m	threadid 139693967484672 -> core 6 - OK[0m[1;34m
[0m[1;34m	threadid 139693959091968 -> core 7 - OK[0m[1;34m
[0m[1;34m	threadid 139693950699264 -> core 8 - OK[0m[1;34m
[0m[1;34m	threadid 139693942306560 -> core 9 - OK[0m[1;34m
[0m[1;34m	threadid 139693933913856 -> core 10 - OK[0m[1;34m
[0m[1;34m	threadid 139693925521152 -> core 11 - OK[0m[1;34m
[0m[1;34m	threadid 139693917128448 -> core 18 - OK[0m[1;34m
[0m[1;34m	threadid 139693908735744 -> core 19 - OK[0m[1;34m
[0m[1;34m	threadid 139693900343040 -> core 20 - OK[0m[1;34m
[0m[1;34m	threadid 139693891950336 -> core 21 - OK[0m[1;34m
[0m[1;34m	threadid 139693883557632 -> core 22 - OK[0m[1;34m
[0m[1;34m	threadid 139693875164928 -> core 23 - OK[0m[1;34m
[0mFLOPs in stencil code:      1.612620e+09
Time spent in stencil code: 0.032977
Performance in GFlop/s:     48.901555
