[1;34m[pthread wrapper] 
[0m[1;34m[pthread wrapper] MAIN -> 0
[0m[1;34m[pthread wrapper] PIN_MASK: [0m[1;34m0->1  [0m[1;34m1->2  [0m[1;34m2->3  [0m[1;34m3->4  [0m[1;34m4->5  [0m[1;34m5->12  [0m[1;34m6->13  [0m[1;34m7->14  [0m[1;34m8->15  [0m[1;34m9->16  [0m[1;34m10->17  [0m[1;34m11->6  [0m[1;34m12->7  [0m[1;34m13->8  [0m[1;34m14->9  [0m[1;34m
[pthread wrapper] SKIP MASK: 0x0
[0m[1;34m	threadid 140493931038464 -> core 1 - OK[0m[1;34m
[0m[1;34m	threadid 140493922645760 -> core 2 - OK[0m[1;34m
[0m[1;34m	threadid 140493914253056 -> core 3 - OK[0m[1;34m
[0m[1;34m	threadid 140493905860352 -> core 4 - OK[0m[1;34m
[0m[1;34m	threadid 140493897467648 -> core 5 - OK[0m[1;34m
[0m[1;34m	threadid 140493889074944 -> core 12 - OK[0m[1;34m
[0m[1;34m	threadid 140493880682240 -> core 13 - OK[0m[1;34m
[0m[1;34m	threadid 140493872289536 -> core 14 - OK[0m[1;34m
[0m[1;34m	threadid 140493863896832 -> core 15 - OK[0m[1;34m
[0m[1;34m	threadid 140493855504128 -> core 16 - OK[0m[1;34m
[0m[1;34m	threadid 140493847111424 -> core 17 - OK[0m[1;34m
[0m[1;34m	threadid 140493838718720 -> core 6 - OK[0m[1;34m
[0m[1;34m	threadid 140493830326016 -> core 7 - OK[0m[1;34m
[0m[1;34m	threadid 140493821933312 -> core 8 - OK[0m[1;34m
[0m[1;34m	threadid 140493813540608 -> core 9 - OK[0m[1;34m
[0mFLOPs in stencil code:      1.612620e+09
Time spent in stencil code: 0.042889
Performance in GFlop/s:     37.599956
[1;34m[pthread wrapper] 
[0m[1;34m[pthread wrapper] MAIN -> 0
[0m[1;34m[pthread wrapper] PIN_MASK: [0m[1;34m0->1  [0m[1;34m1->2  [0m[1;34m2->3  [0m[1;34m3->4  [0m[1;34m4->5  [0m[1;34m5->12  [0m[1;34m6->13  [0m[1;34m7->14  [0m[1;34m8->15  [0m[1;34m9->16  [0m[1;34m10->17  [0m[1;34m11->6  [0m[1;34m12->7  [0m[1;34m13->8  [0m[1;34m14->9  [0m[1;34m
[pthread wrapper] SKIP MASK: 0x0
[0m[1;34m	threadid 140194738145024 -> core 1 - OK[0m[1;34m
[0m[1;34m	threadid 140194729752320 -> core 2 - OK[0m[1;34m
[0m[1;34m	threadid 140194721359616 -> core 3 - OK[0m[1;34m
[0m[1;34m	threadid 140194712966912 -> core 4 - OK[0m[1;34m
[0m[1;34m	threadid 140194704574208 -> core 5 - OK[0m[1;34m
[0m[1;34m	threadid 140194696181504 -> core 12 - OK[0m[1;34m
[0m[1;34m	threadid 140194687788800 -> core 13 - OK[0m[1;34m
[0m[1;34m	threadid 140194679396096 -> core 14 - OK[0m[1;34m
[0m[1;34m	threadid 140194671003392 -> core 15 - OK[0m[1;34m
[0m[1;34m	threadid 140194662610688 -> core 16 - OK[0m[1;34m
[0m[1;34m	threadid 140194654217984 -> core 17 - OK[0m[1;34m
[0m[1;34m	threadid 140194645825280 -> core 6 - OK[0m[1;34m
[0m[1;34m	threadid 140194637432576 -> core 7 - OK[0m[1;34m
[0m[1;34m	threadid 140194629039872 -> core 8 - OK[0m[1;34m
[0m[1;34m	threadid 140194620647168 -> core 9 - OK[0m[1;34m
[0mFLOPs in stencil code:      1.612620e+09
Time spent in stencil code: 0.041198
Performance in GFlop/s:     39.143148
[1;34m[pthread wrapper] 
[0m[1;34m[pthread wrapper] MAIN -> 0
[0m[1;34m[pthread wrapper] PIN_MASK: [0m[1;34m0->1  [0m[1;34m1->2  [0m[1;34m2->3  [0m[1;34m3->4  [0m[1;34m4->5  [0m[1;34m5->12  [0m[1;34m6->13  [0m[1;34m7->14  [0m[1;34m8->15  [0m[1;34m9->16  [0m[1;34m10->17  [0m[1;34m11->6  [0m[1;34m12->7  [0m[1;34m13->8  [0m[1;34m14->9  [0m[1;34m
[pthread wrapper] SKIP MASK: 0x0
[0m[1;34m	threadid 140122792445696 -> core 1 - OK[0m[1;34m
[0m[1;34m	threadid 140122784052992 -> core 2 - OK[0m[1;34m
[0m[1;34m	threadid 140122775660288 -> core 3 - OK[0m[1;34m
[0m[1;34m	threadid 140122767267584 -> core 4 - OK[0m[1;34m
[0m[1;34m	threadid 140122758874880 -> core 5 - OK[0m[1;34m
[0m[1;34m	threadid 140122750482176 -> core 12 - OK[0m[1;34m
[0m[1;34m	threadid 140122742089472 -> core 13 - OK[0m[1;34m
[0m[1;34m	threadid 140122733696768 -> core 14 - OK[0m[1;34m
[0m[1;34m	threadid 140122725304064 -> core 15 - OK[0m[1;34m
[0m[1;34m	threadid 140122716911360 -> core 16 - OK[0m[1;34m
[0m[1;34m	threadid 140122708518656 -> core 17 - OK[0m[1;34m
[0m[1;34m	threadid 140122700125952 -> core 6 - OK[0m[1;34m
[0m[1;34m	threadid 140122691733248 -> core 7 - OK[0m[1;34m
[0m[1;34m	threadid 140122683340544 -> core 8 - OK[0m[1;34m
[0m[1;34m	threadid 140122674947840 -> core 9 - OK[0m[1;34m
[0mFLOPs in stencil code:      1.612620e+09
Time spent in stencil code: 0.041242
Performance in GFlop/s:     39.101511
[1;34m[pthread wrapper] 
[0m[1;34m[pthread wrapper] MAIN -> 0
[0m[1;34m[pthread wrapper] PIN_MASK: [0m[1;34m0->1  [0m[1;34m1->2  [0m[1;34m2->3  [0m[1;34m3->4  [0m[1;34m4->5  [0m[1;34m5->12  [0m[1;34m6->13  [0m[1;34m7->14  [0m[1;34m8->15  [0m[1;34m9->16  [0m[1;34m10->17  [0m[1;34m11->6  [0m[1;34m12->7  [0m[1;34m13->8  [0m[1;34m14->9  [0m[1;34m
[pthread wrapper] SKIP MASK: 0x0
[0m[1;34m	threadid 140081142077184 -> core 1 - OK[0m[1;34m
[0m[1;34m	threadid 140081133684480 -> core 2 - OK[0m[1;34m
[0m[1;34m	threadid 140081125291776 -> core 3 - OK[0m[1;34m
[0m[1;34m	threadid 140081116899072 -> core 4 - OK[0m[1;34m
[0m[1;34m	threadid 140081108506368 -> core 5 - OK[0m[1;34m
[0m[1;34m	threadid 140081100113664 -> core 12 - OK[0m[1;34m
[0m[1;34m	threadid 140081091720960 -> core 13 - OK[0m[1;34m
[0m[1;34m	threadid 140081083328256 -> core 14 - OK[0m[1;34m
[0m[1;34m	threadid 140081074935552 -> core 15 - OK[0m[1;34m
[0m[1;34m	threadid 140081066542848 -> core 16 - OK[0m[1;34m
[0m[1;34m	threadid 140081058150144 -> core 17 - OK[0m[1;34m
[0m[1;34m	threadid 140081049757440 -> core 6 - OK[0m[1;34m
[0m[1;34m	threadid 140081041364736 -> core 7 - OK[0m[1;34m
[0m[1;34m	threadid 140081032972032 -> core 8 - OK[0m[1;34m
[0m[1;34m	threadid 140081024579328 -> core 9 - OK[0m[1;34m
[0mFLOPs in stencil code:      1.612620e+09
Time spent in stencil code: 0.042749
Performance in GFlop/s:     37.722841
[1;34m[pthread wrapper] 
[0m[1;34m[pthread wrapper] MAIN -> 0
[0m[1;34m[pthread wrapper] PIN_MASK: [0m[1;34m0->1  [0m[1;34m1->2  [0m[1;34m2->3  [0m[1;34m3->4  [0m[1;34m4->5  [0m[1;34m5->12  [0m[1;34m6->13  [0m[1;34m7->14  [0m[1;34m8->15  [0m[1;34m9->16  [0m[1;34m10->17  [0m[1;34m11->6  [0m[1;34m12->7  [0m[1;34m13->8  [0m[1;34m14->9  [0m[1;34m
[pthread wrapper] SKIP MASK: 0x0
[0m[1;34m	threadid 140537356932864 -> core 1 - OK[0m[1;34m
[0m[1;34m	threadid 140537348540160 -> core 2 - OK[0m[1;34m
[0m[1;34m	threadid 140537340147456 -> core 3 - OK[0m[1;34m
[0m[1;34m	threadid 140537331754752 -> core 4 - OK[0m[1;34m
[0m[1;34m	threadid 140537323362048 -> core 5 - OK[0m[1;34m
[0m[1;34m	threadid 140537314969344 -> core 12 - OK[0m[1;34m
[0m[1;34m	threadid 140537306576640 -> core 13 - OK[0m[1;34m
[0m[1;34m	threadid 140537298183936 -> core 14 - OK[0m[1;34m
[0m[1;34m	threadid 140537289791232 -> core 15 - OK[0m[1;34m
[0m[1;34m	threadid 140537281398528 -> core 16 - OK[0m[1;34m
[0m[1;34m	threadid 140537273005824 -> core 17 - OK[0m[1;34m
[0m[1;34m	threadid 140537264613120 -> core 6 - OK[0m[1;34m
[0m[1;34m	threadid 140537256220416 -> core 7 - OK[0m[1;34m
[0m[1;34m	threadid 140537247827712 -> core 8 - OK[0m[1;34m
[0m[1;34m	threadid 140537239435008 -> core 9 - OK[0m[1;34m
[0mFLOPs in stencil code:      1.612620e+09
Time spent in stencil code: 0.042729
Performance in GFlop/s:     37.740521
