[1;34m[pthread wrapper] 
[0m[1;34m[pthread wrapper] MAIN -> 0
[0m[1;34m[pthread wrapper] PIN_MASK: [0m[1;34m0->1  [0m[1;34m1->2  [0m[1;34m2->3  [0m[1;34m
[pthread wrapper] SKIP MASK: 0x0
[0m[1;34m	threadid 139647881582336 -> core 1 - OK[0m[1;34m
[0m[1;34m	threadid 139647873189632 -> core 2 - OK[0m[1;34m
[0m[1;34m	threadid 139647864796928 -> core 3 - OK[0m[1;34m
[0mFLOPs in stencil code:      1.612620e+09
Time spent in stencil code: 0.087593
Performance in GFlop/s:     18.410409
[1;34m[pthread wrapper] 
[0m[1;34m[pthread wrapper] MAIN -> 0
[0m[1;34m[pthread wrapper] PIN_MASK: [0m[1;34m0->1  [0m[1;34m1->2  [0m[1;34m2->3  [0m[1;34m
[pthread wrapper] SKIP MASK: 0x0
[0m[1;34m	threadid 140388283746048 -> core 1 - OK[0m[1;34m
[0m[1;34m	threadid 140388275353344 -> core 2 - OK[0m[1;34m
[0m[1;34m	threadid 140388266960640 -> core 3 - OK[0m[1;34m
[0mFLOPs in stencil code:      1.612620e+09
Time spent in stencil code: 0.087296
Performance in GFlop/s:     18.473009
[1;34m[pthread wrapper] 
[0m[1;34m[pthread wrapper] MAIN -> 0
[0m[1;34m[pthread wrapper] PIN_MASK: [0m[1;34m0->1  [0m[1;34m1->2  [0m[1;34m2->3  [0m[1;34m
[pthread wrapper] SKIP MASK: 0x0
[0m[1;34m	threadid 140045234308864 -> core 1 - OK[0m[1;34m
[0m[1;34m	threadid 140045225916160 -> core 2 - OK[0m[1;34m
[0m[1;34m	threadid 140045217523456 -> core 3 - OK[0m[1;34m
[0mFLOPs in stencil code:      1.612620e+09
Time spent in stencil code: 0.087470
Performance in GFlop/s:     18.436252
[1;34m[pthread wrapper] 
[0m[1;34m[pthread wrapper] MAIN -> 0
[0m[1;34m[pthread wrapper] PIN_MASK: [0m[1;34m0->1  [0m[1;34m1->2  [0m[1;34m2->3  [0m[1;34m
[pthread wrapper] SKIP MASK: 0x0
[0m[1;34m	threadid 140443000444672 -> core 1 - OK[0m[1;34m
[0m[1;34m	threadid 140442992051968 -> core 2 - OK[0m[1;34m
[0m[1;34m	threadid 140442983659264 -> core 3 - OK[0m[1;34m
[0mFLOPs in stencil code:      1.612620e+09
Time spent in stencil code: 0.087280
Performance in GFlop/s:     18.476390
[1;34m[pthread wrapper] 
[0m[1;34m[pthread wrapper] MAIN -> 0
[0m[1;34m[pthread wrapper] PIN_MASK: [0m[1;34m0->1  [0m[1;34m1->2  [0m[1;34m2->3  [0m[1;34m
[pthread wrapper] SKIP MASK: 0x0
[0m[1;34m	threadid 140175670068992 -> core 1 - OK[0m[1;34m
[0m[1;34m	threadid 140175661676288 -> core 2 - OK[0m[1;34m
[0m[1;34m	threadid 140175653283584 -> core 3 - OK[0m[1;34m
[0mFLOPs in stencil code:      1.612620e+09
Time spent in stencil code: 0.087451
Performance in GFlop/s:     18.440273
