[1;34m[pthread wrapper] 
[0m[1;34m[pthread wrapper] MAIN -> 0
[0m[1;34m[pthread wrapper] PIN_MASK: [0m[1;34m0->1  [0m[1;34m1->2  [0m[1;34m2->3  [0m[1;34m3->4  [0m[1;34m4->5  [0m[1;34m5->12  [0m[1;34m6->13  [0m[1;34m7->14  [0m[1;34m8->15  [0m[1;34m9->16  [0m[1;34m10->17  [0m[1;34m
[pthread wrapper] SKIP MASK: 0x0
[0m[1;34m	threadid 140632060212992 -> core 1 - OK[0m[1;34m
[0m[1;34m	threadid 140632051820288 -> core 2 - OK[0m[1;34m
[0m[1;34m	threadid 140632043427584 -> core 3 - OK[0m[1;34m
[0m[1;34m	threadid 140632035034880 -> core 4 - OK[0m[1;34m
[0m[1;34m	threadid 140632026642176 -> core 5 - OK[0m[1;34m
[0m[1;34m	threadid 140632018249472 -> core 12 - OK[0m[1;34m
[0m[1;34m	threadid 140632009856768 -> core 13 - OK[0m[1;34m
[0m[1;34m	threadid 140632001464064 -> core 14 - OK[0m[1;34m
[0m[1;34m	threadid 140631993071360 -> core 15 - OK[0m[1;34m
[0m[1;34m	threadid 140631984678656 -> core 16 - OK[0m[1;34m
[0m[1;34m	threadid 140631976285952 -> core 17 - OK[0m[1;34m
[0mFLOPs in stencil code:      1.612620e+09
Time spent in stencil code: 0.054517
Performance in GFlop/s:     29.580114
[1;34m[pthread wrapper] 
[0m[1;34m[pthread wrapper] MAIN -> 0
[0m[1;34m[pthread wrapper] PIN_MASK: [0m[1;34m0->1  [0m[1;34m1->2  [0m[1;34m2->3  [0m[1;34m3->4  [0m[1;34m4->5  [0m[1;34m5->12  [0m[1;34m6->13  [0m[1;34m7->14  [0m[1;34m8->15  [0m[1;34m9->16  [0m[1;34m10->17  [0m[1;34m
[pthread wrapper] SKIP MASK: 0x0
[0m[1;34m	threadid 140150495319808 -> core 1 - OK[0m[1;34m
[0m[1;34m	threadid 140150486927104 -> core 2 - OK[0m[1;34m
[0m[1;34m	threadid 140150478534400 -> core 3 - OK[0m[1;34m
[0m[1;34m	threadid 140150470141696 -> core 4 - OK[0m[1;34m
[0m[1;34m	threadid 140150461748992 -> core 5 - OK[0m[1;34m
[0m[1;34m	threadid 140150453356288 -> core 12 - OK[0m[1;34m
[0m[1;34m	threadid 140150444963584 -> core 13 - OK[0m[1;34m
[0m[1;34m	threadid 140150436570880 -> core 14 - OK[0m[1;34m
[0m[1;34m	threadid 140150428178176 -> core 15 - OK[0m[1;34m
[0m[1;34m	threadid 140150419785472 -> core 16 - OK[0m[1;34m
[0m[1;34m	threadid 140150411392768 -> core 17 - OK[0m[1;34m
[0mFLOPs in stencil code:      1.612620e+09
Time spent in stencil code: 0.054429
Performance in GFlop/s:     29.627926
[1;34m[pthread wrapper] 
[0m[1;34m[pthread wrapper] MAIN -> 0
[0m[1;34m[pthread wrapper] PIN_MASK: [0m[1;34m0->1  [0m[1;34m1->2  [0m[1;34m2->3  [0m[1;34m3->4  [0m[1;34m4->5  [0m[1;34m5->12  [0m[1;34m6->13  [0m[1;34m7->14  [0m[1;34m8->15  [0m[1;34m9->16  [0m[1;34m10->17  [0m[1;34m
[pthread wrapper] SKIP MASK: 0x0
[0m[1;34m	threadid 140694995199744 -> core 1 - OK[0m[1;34m
[0m[1;34m	threadid 140694986807040 -> core 2 - OK[0m[1;34m
[0m[1;34m	threadid 140694978414336 -> core 3 - OK[0m[1;34m
[0m[1;34m	threadid 140694970021632 -> core 4 - OK[0m[1;34m
[0m[1;34m	threadid 140694961628928 -> core 5 - OK[0m[1;34m
[0m[1;34m	threadid 140694953236224 -> core 12 - OK[0m[1;34m
[0m[1;34m	threadid 140694944843520 -> core 13 - OK[0m[1;34m
[0m[1;34m	threadid 140694936450816 -> core 14 - OK[0m[1;34m
[0m[1;34m	threadid 140694928058112 -> core 15 - OK[0m[1;34m
[0m[1;34m	threadid 140694919665408 -> core 16 - OK[0m[1;34m
[0m[1;34m	threadid 140694911272704 -> core 17 - OK[0m[1;34m
[0mFLOPs in stencil code:      1.612620e+09
Time spent in stencil code: 0.054518
Performance in GFlop/s:     29.579597
[1;34m[pthread wrapper] 
[0m[1;34m[pthread wrapper] MAIN -> 0
[0m[1;34m[pthread wrapper] PIN_MASK: [0m[1;34m0->1  [0m[1;34m1->2  [0m[1;34m2->3  [0m[1;34m3->4  [0m[1;34m4->5  [0m[1;34m5->12  [0m[1;34m6->13  [0m[1;34m7->14  [0m[1;34m8->15  [0m[1;34m9->16  [0m[1;34m10->17  [0m[1;34m
[pthread wrapper] SKIP MASK: 0x0
[0m[1;34m	threadid 139920036538112 -> core 1 - OK[0m[1;34m
[0m[1;34m	threadid 139920028145408 -> core 2 - OK[0m[1;34m
[0m[1;34m	threadid 139920019752704 -> core 3 - OK[0m[1;34m
[0m[1;34m	threadid 139920011360000 -> core 4 - OK[0m[1;34m
[0m[1;34m	threadid 139920002967296 -> core 5 - OK[0m[1;34m
[0m[1;34m	threadid 139919994574592 -> core 12 - OK[0m[1;34m
[0m[1;34m	threadid 139919986181888 -> core 13 - OK[0m[1;34m
[0m[1;34m	threadid 139919977789184 -> core 14 - OK[0m[1;34m
[0m[1;34m	threadid 139919969396480 -> core 15 - OK[0m[1;34m
[0m[1;34m	threadid 139919961003776 -> core 16 - OK[0m[1;34m
[0m[1;34m	threadid 139919952611072 -> core 17 - OK[0m[1;34m
[0mFLOPs in stencil code:      1.612620e+09
Time spent in stencil code: 0.054508
Performance in GFlop/s:     29.585031
[1;34m[pthread wrapper] 
[0m[1;34m[pthread wrapper] MAIN -> 0
[0m[1;34m[pthread wrapper] PIN_MASK: [0m[1;34m0->1  [0m[1;34m1->2  [0m[1;34m2->3  [0m[1;34m3->4  [0m[1;34m4->5  [0m[1;34m5->12  [0m[1;34m6->13  [0m[1;34m7->14  [0m[1;34m8->15  [0m[1;34m9->16  [0m[1;34m10->17  [0m[1;34m
[pthread wrapper] SKIP MASK: 0x0
[0m[1;34m	threadid 139926044317440 -> core 1 - OK[0m[1;34m
[0m[1;34m	threadid 139926035924736 -> core 2 - OK[0m[1;34m
[0m[1;34m	threadid 139926027532032 -> core 3 - OK[0m[1;34m
[0m[1;34m	threadid 139926019139328 -> core 4 - OK[0m[1;34m
[0m[1;34m	threadid 139926010746624 -> core 5 - OK[0m[1;34m
[0m[1;34m	threadid 139926002353920 -> core 12 - OK[0m[1;34m
[0m[1;34m	threadid 139925993961216 -> core 13 - OK[0m[1;34m
[0m[1;34m	threadid 139925985568512 -> core 14 - OK[0m[1;34m
[0m[1;34m	threadid 139925977175808 -> core 15 - OK[0m[1;34m
[0m[1;34m	threadid 139925968783104 -> core 16 - OK[0m[1;34m
[0m[1;34m	threadid 139925960390400 -> core 17 - OK[0m[1;34m
[0mFLOPs in stencil code:      1.612620e+09
Time spent in stencil code: 0.055136
Performance in GFlop/s:     29.248060
