x_max: 200
[1;34m[pthread wrapper] 
[0m[1;34m[pthread wrapper] MAIN -> 0
[0m[1;34m[pthread wrapper] PIN_MASK: [0m[1;34m0->34  [0m[1;34m1->1  [0m[1;34m2->2  [0m[1;34m3->3  [0m[1;34m4->4  [0m[1;34m5->5  [0m[1;34m6->6  [0m[1;34m7->7  [0m[1;34m8->8  [0m[1;34m9->25  [0m[1;34m10->87  [0m[1;34m11->35  [0m[1;34m12->36  [0m[1;34m13->37  [0m[1;34m14->38  [0m[1;34m15->39  [0m[1;34m16->40  [0m[1;34m17->41  [0m[1;34m18->42  [0m[1;34m19->43  [0m[1;34m20->44  [0m[1;34m21->45  [0m[1;34m22->46  [0m[1;34m23->47  [0m[1;34m24->48  [0m[1;34m25->49  [0m[1;34m26->50  [0m[1;34m27->51  [0m[1;34m28->52  [0m[1;34m29->53  [0m[1;34m30->54  [0m[1;34m
[pthread wrapper] SKIP MASK: 0x0
[0m[1;34m	threadid 47592914425600 -> core 34 - OK[0m[1;34m
[0m[1;34m	threadid 47592916526848 -> core 1 - OK[0m[1;34m
[0m[1;34m	threadid 47592918628096 -> core 2 - OK[0m[1;34m
[0m[1;34m	threadid 47592920729344 -> core 3 - OK[0m[1;34m
[0m[1;34m	threadid 47592922830592 -> core 4 - OK[0m[1;34m
[0m[1;34m	threadid 47592924931840 -> core 5 - OK[0m[1;34m
[0m[1;34m	threadid 47592927033088 -> core 6 - OK[0m[1;34m
[0m[1;34m	threadid 47592929134336 -> core 7 - OK[0m[1;34m
[0m[1;34m	threadid 47592931235584 -> core 8 - OK[0m[1;34m
[0m[1;34m	threadid 47592933336832 -> core 25 - OK[0m[1;34m
[0m[1;34m	threadid 47592935438080 -> core 87 - OK[0m[1;34m
[0m[1;34m	threadid 47592937539328 -> core 35 - OK[0m[1;34m
[0m[1;34m	threadid 47592939640576 -> core 36 - OK[0m[1;34m
[0m[1;34m	threadid 47592941741824 -> core 37 - OK[0m[1;34m
[0m[1;34m	threadid 47592943843072 -> core 38 - OK[0m[1;34m
[0m[1;34m	threadid 47592945944320 -> core 39 - OK[0m[1;34m
[0m[1;34m	threadid 47592948045568 -> core 40 - OK[0m[1;34m
[0m[1;34m	threadid 47592950146816 -> core 41 - OK[0m[1;34m
[0m[1;34m	threadid 47592952248064 -> core 42 - OK[0m[1;34m
[0m[1;34m	threadid 47592954349312 -> core 43 - OK[0m[1;34m
[0m[1;34m	threadid 47592956450560 -> core 44 - OK[0m[1;34m
[0m[1;34m	threadid 47592958551808 -> core 45 - OK[0m[1;34m
[0m[1;34m	threadid 47592960653056 -> core 46 - OK[0m[1;34m
[0m[1;34m	threadid 47592962754304 -> core 47 - OK[0m[1;34m
[0m[1;34m	threadid 47592964855552 -> core 48 - OK[0m[1;34m
[0m[1;34m	threadid 47592966956800 -> core 49 - OK[0m[1;34m
[0m[1;34m	threadid 47592969058048 -> core 50 - OK[0m[1;34m
[0m[1;34m	threadid 47592971159296 -> core 51 - OK[0m[1;34m
[0m[1;34m	threadid 47592973260544 -> core 52 - OK[0m[1;34m
[0m[1;34m	threadid 47592975361792 -> core 53 - OK[0m[1;34m
[0m[1;34m	threadid 47592977463040 -> core 54 - OK[0m[1;34m
[0mFLOPs in stencil code:      12047257600
Time spent in stencil code: 0.405245
Performance in GFlop/s:     29.728344
x_max: 200
[1;34m[pthread wrapper] 
[0m[1;34m[pthread wrapper] MAIN -> 0
[0m[1;34m[pthread wrapper] PIN_MASK: [0m[1;34m0->34  [0m[1;34m1->1  [0m[1;34m2->2  [0m[1;34m3->3  [0m[1;34m4->4  [0m[1;34m5->5  [0m[1;34m6->6  [0m[1;34m7->7  [0m[1;34m8->8  [0m[1;34m9->25  [0m[1;34m10->87  [0m[1;34m11->35  [0m[1;34m12->36  [0m[1;34m13->37  [0m[1;34m14->38  [0m[1;34m15->39  [0m[1;34m16->40  [0m[1;34m17->41  [0m[1;34m18->42  [0m[1;34m19->43  [0m[1;34m20->44  [0m[1;34m21->45  [0m[1;34m22->46  [0m[1;34m23->47  [0m[1;34m24->48  [0m[1;34m25->49  [0m[1;34m26->50  [0m[1;34m27->51  [0m[1;34m28->52  [0m[1;34m29->53  [0m[1;34m30->54  [0m[1;34m
[pthread wrapper] SKIP MASK: 0x0
[0m[1;34m	threadid 47285723846400 -> core 34 - OK[0m[1;34m
[0m[1;34m	threadid 47285725947648 -> core 1 - OK[0m[1;34m
[0m[1;34m	threadid 47285728048896 -> core 2 - OK[0m[1;34m
[0m[1;34m	threadid 47285730150144 -> core 3 - OK[0m[1;34m
[0m[1;34m	threadid 47285732251392 -> core 4 - OK[0m[1;34m
[0m[1;34m	threadid 47285734352640 -> core 5 - OK[0m[1;34m
[0m[1;34m	threadid 47285736453888 -> core 6 - OK[0m[1;34m
[0m[1;34m	threadid 47285738555136 -> core 7 - OK[0m[1;34m
[0m[1;34m	threadid 47285740656384 -> core 8 - OK[0m[1;34m
[0m[1;34m	threadid 47285742757632 -> core 25 - OK[0m[1;34m
[0m[1;34m	threadid 47285744858880 -> core 87 - OK[0m[1;34m
[0m[1;34m	threadid 47285746960128 -> core 35 - OK[0m[1;34m
[0m[1;34m	threadid 47285749061376 -> core 36 - OK[0m[1;34m
[0m[1;34m	threadid 47285751162624 -> core 37 - OK[0m[1;34m
[0m[1;34m	threadid 47285753263872 -> core 38 - OK[0m[1;34m
[0m[1;34m	threadid 47285755365120 -> core 39 - OK[0m[1;34m
[0m[1;34m	threadid 47285757466368 -> core 40 - OK[0m[1;34m
[0m[1;34m	threadid 47285759567616 -> core 41 - OK[0m[1;34m
[0m[1;34m	threadid 47285761668864 -> core 42 - OK[0m[1;34m
[0m[1;34m	threadid 47285763770112 -> core 43 - OK[0m[1;34m
[0m[1;34m	threadid 47285765871360 -> core 44 - OK[0m[1;34m
[0m[1;34m	threadid 47285767972608 -> core 45 - OK[0m[1;34m
[0m[1;34m	threadid 47285770073856 -> core 46 - OK[0m[1;34m
[0m[1;34m	threadid 47285772175104 -> core 47 - OK[0m[1;34m
[0m[1;34m	threadid 47285774276352 -> core 48 - OK[0m[1;34m
[0m[1;34m	threadid 47285776377600 -> core 49 - OK[0m[1;34m
[0m[1;34m	threadid 47285778478848 -> core 50 - OK[0m[1;34m
[0m[1;34m	threadid 47285780580096 -> core 51 - OK[0m[1;34m
[0m[1;34m	threadid 47285782681344 -> core 52 - OK[0m[1;34m
[0m[1;34m	threadid 47285784782592 -> core 53 - OK[0m[1;34m
[0m[1;34m	threadid 47285786883840 -> core 54 - OK[0m[1;34m
[0mFLOPs in stencil code:      12047257600
Time spent in stencil code: 0.401206
Performance in GFlop/s:     30.027610
x_max: 200
[1;34m[pthread wrapper] 
[0m[1;34m[pthread wrapper] MAIN -> 0
[0m[1;34m[pthread wrapper] PIN_MASK: [0m[1;34m0->34  [0m[1;34m1->1  [0m[1;34m2->2  [0m[1;34m3->3  [0m[1;34m4->4  [0m[1;34m5->5  [0m[1;34m6->6  [0m[1;34m7->7  [0m[1;34m8->8  [0m[1;34m9->25  [0m[1;34m10->87  [0m[1;34m11->35  [0m[1;34m12->36  [0m[1;34m13->37  [0m[1;34m14->38  [0m[1;34m15->39  [0m[1;34m16->40  [0m[1;34m17->41  [0m[1;34m18->42  [0m[1;34m19->43  [0m[1;34m20->44  [0m[1;34m21->45  [0m[1;34m22->46  [0m[1;34m23->47  [0m[1;34m24->48  [0m[1;34m25->49  [0m[1;34m26->50  [0m[1;34m27->51  [0m[1;34m28->52  [0m[1;34m29->53  [0m[1;34m30->54  [0m[1;34m
[pthread wrapper] SKIP MASK: 0x0
[0m[1;34m	threadid 47815405328128 -> core 34 - OK[0m[1;34m
[0m[1;34m	threadid 47815407429376 -> core 1 - OK[0m[1;34m
[0m[1;34m	threadid 47815409530624 -> core 2 - OK[0m[1;34m
[0m[1;34m	threadid 47815411631872 -> core 3 - OK[0m[1;34m
[0m[1;34m	threadid 47815413733120 -> core 4 - OK[0m[1;34m
[0m[1;34m	threadid 47815415834368 -> core 5 - OK[0m[1;34m
[0m[1;34m	threadid 47815417935616 -> core 6 - OK[0m[1;34m
[0m[1;34m	threadid 47815420036864 -> core 7 - OK[0m[1;34m
[0m[1;34m	threadid 47815422138112 -> core 8 - OK[0m[1;34m
[0m[1;34m	threadid 47815424239360 -> core 25 - OK[0m[1;34m
[0m[1;34m	threadid 47815426340608 -> core 87 - OK[0m[1;34m
[0m[1;34m	threadid 47815428441856 -> core 35 - OK[0m[1;34m
[0m[1;34m	threadid 47815430543104 -> core 36 - OK[0m[1;34m
[0m[1;34m	threadid 47815432644352 -> core 37 - OK[0m[1;34m
[0m[1;34m	threadid 47815434745600 -> core 38 - OK[0m[1;34m
[0m[1;34m	threadid 47815436846848 -> core 39 - OK[0m[1;34m
[0m[1;34m	threadid 47815438948096 -> core 40 - OK[0m[1;34m
[0m[1;34m	threadid 47815441049344 -> core 41 - OK[0m[1;34m
[0m[1;34m	threadid 47815443150592 -> core 42 - OK[0m[1;34m
[0m[1;34m	threadid 47815445251840 -> core 43 - OK[0m[1;34m
[0m[1;34m	threadid 47815447353088 -> core 44 - OK[0m[1;34m
[0m[1;34m	threadid 47815449454336 -> core 45 - OK[0m[1;34m
[0m[1;34m	threadid 47815451555584 -> core 46 - OK[0m[1;34m
[0m[1;34m	threadid 47815453656832 -> core 47 - OK[0m[1;34m
[0m[1;34m	threadid 47815455758080 -> core 48 - OK[0m[1;34m
[0m[1;34m	threadid 47815457859328 -> core 49 - OK[0m[1;34m
[0m[1;34m	threadid 47815459960576 -> core 50 - OK[0m[1;34m
[0m[1;34m	threadid 47815462061824 -> core 51 - OK[0m[1;34m
[0m[1;34m	threadid 47815464163072 -> core 52 - OK[0m[1;34m
[0m[1;34m	threadid 47815466264320 -> core 53 - OK[0m[1;34m
[0m[1;34m	threadid 47815468365568 -> core 54 - OK[0m[1;34m
[0mFLOPs in stencil code:      12047257600
Time spent in stencil code: 0.405367
Performance in GFlop/s:     29.719392
x_max: 200
[1;34m[pthread wrapper] 
[0m[1;34m[pthread wrapper] MAIN -> 0
[0m[1;34m[pthread wrapper] PIN_MASK: [0m[1;34m0->34  [0m[1;34m1->1  [0m[1;34m2->2  [0m[1;34m3->3  [0m[1;34m4->4  [0m[1;34m5->5  [0m[1;34m6->6  [0m[1;34m7->7  [0m[1;34m8->8  [0m[1;34m9->25  [0m[1;34m10->87  [0m[1;34m11->35  [0m[1;34m12->36  [0m[1;34m13->37  [0m[1;34m14->38  [0m[1;34m15->39  [0m[1;34m16->40  [0m[1;34m17->41  [0m[1;34m18->42  [0m[1;34m19->43  [0m[1;34m20->44  [0m[1;34m21->45  [0m[1;34m22->46  [0m[1;34m23->47  [0m[1;34m24->48  [0m[1;34m25->49  [0m[1;34m26->50  [0m[1;34m27->51  [0m[1;34m28->52  [0m[1;34m29->53  [0m[1;34m30->54  [0m[1;34m
[pthread wrapper] SKIP MASK: 0x0
[0m[1;34m	threadid 47001327904512 -> core 34 - OK[0m[1;34m
[0m[1;34m	threadid 47001330005760 -> core 1 - OK[0m[1;34m
[0m[1;34m	threadid 47001332107008 -> core 2 - OK[0m[1;34m
[0m[1;34m	threadid 47001334208256 -> core 3 - OK[0m[1;34m
[0m[1;34m	threadid 47001336309504 -> core 4 - OK[0m[1;34m
[0m[1;34m	threadid 47001338410752 -> core 5 - OK[0m[1;34m
[0m[1;34m	threadid 47001340512000 -> core 6 - OK[0m[1;34m
[0m[1;34m	threadid 47001342613248 -> core 7 - OK[0m[1;34m
[0m[1;34m	threadid 47001344714496 -> core 8 - OK[0m[1;34m
[0m[1;34m	threadid 47001346815744 -> core 25 - OK[0m[1;34m
[0m[1;34m	threadid 47001348916992 -> core 87 - OK[0m[1;34m
[0m[1;34m	threadid 47001351018240 -> core 35 - OK[0m[1;34m
[0m[1;34m	threadid 47001353119488 -> core 36 - OK[0m[1;34m
[0m[1;34m	threadid 47001355220736 -> core 37 - OK[0m[1;34m
[0m[1;34m	threadid 47001357321984 -> core 38 - OK[0m[1;34m
[0m[1;34m	threadid 47001359423232 -> core 39 - OK[0m[1;34m
[0m[1;34m	threadid 47001361524480 -> core 40 - OK[0m[1;34m
[0m[1;34m	threadid 47001363625728 -> core 41 - OK[0m[1;34m
[0m[1;34m	threadid 47001365726976 -> core 42 - OK[0m[1;34m
[0m[1;34m	threadid 47001367828224 -> core 43 - OK[0m[1;34m
[0m[1;34m	threadid 47001369929472 -> core 44 - OK[0m[1;34m
[0m[1;34m	threadid 47001372030720 -> core 45 - OK[0m[1;34m
[0m[1;34m	threadid 47001374131968 -> core 46 - OK[0m[1;34m
[0m[1;34m	threadid 47001376233216 -> core 47 - OK[0m[1;34m
[0m[1;34m	threadid 47001378334464 -> core 48 - OK[0m[1;34m
[0m[1;34m	threadid 47001380435712 -> core 49 - OK[0m[1;34m
[0m[1;34m	threadid 47001382536960 -> core 50 - OK[0m[1;34m
[0m[1;34m	threadid 47001384638208 -> core 51 - OK[0m[1;34m
[0m[1;34m	threadid 47001386739456 -> core 52 - OK[0m[1;34m
[0m[1;34m	threadid 47001388840704 -> core 53 - OK[0m[1;34m
[0m[1;34m	threadid 47001390941952 -> core 54 - OK[0m[1;34m
[0mFLOPs in stencil code:      12047257600
Time spent in stencil code: 0.408147
Performance in GFlop/s:     29.516950
x_max: 200
[1;34m[pthread wrapper] 
[0m[1;34m[pthread wrapper] MAIN -> 0
[0m[1;34m[pthread wrapper] PIN_MASK: [0m[1;34m0->34  [0m[1;34m1->1  [0m[1;34m2->2  [0m[1;34m3->3  [0m[1;34m4->4  [0m[1;34m5->5  [0m[1;34m6->6  [0m[1;34m7->7  [0m[1;34m8->8  [0m[1;34m9->25  [0m[1;34m10->87  [0m[1;34m11->35  [0m[1;34m12->36  [0m[1;34m13->37  [0m[1;34m14->38  [0m[1;34m15->39  [0m[1;34m16->40  [0m[1;34m17->41  [0m[1;34m18->42  [0m[1;34m19->43  [0m[1;34m20->44  [0m[1;34m21->45  [0m[1;34m22->46  [0m[1;34m23->47  [0m[1;34m24->48  [0m[1;34m25->49  [0m[1;34m26->50  [0m[1;34m27->51  [0m[1;34m28->52  [0m[1;34m29->53  [0m[1;34m30->54  [0m[1;34m
[pthread wrapper] SKIP MASK: 0x0
[0m[1;34m	threadid 47156177942272 -> core 34 - OK[0m[1;34m
[0m[1;34m	threadid 47156180043520 -> core 1 - OK[0m[1;34m
[0m[1;34m	threadid 47156182144768 -> core 2 - OK[0m[1;34m
[0m[1;34m	threadid 47156184246016 -> core 3 - OK[0m[1;34m
[0m[1;34m	threadid 47156186347264 -> core 4 - OK[0m[1;34m
[0m[1;34m	threadid 47156188448512 -> core 5 - OK[0m[1;34m
[0m[1;34m	threadid 47156190549760 -> core 6 - OK[0m[1;34m
[0m[1;34m	threadid 47156192651008 -> core 7 - OK[0m[1;34m
[0m[1;34m	threadid 47156194752256 -> core 8 - OK[0m[1;34m
[0m[1;34m	threadid 47156196853504 -> core 25 - OK[0m[1;34m
[0m[1;34m	threadid 47156198954752 -> core 87 - OK[0m[1;34m
[0m[1;34m	threadid 47156201056000 -> core 35 - OK[0m[1;34m
[0m[1;34m	threadid 47156203157248 -> core 36 - OK[0m[1;34m
[0m[1;34m	threadid 47156205258496 -> core 37 - OK[0m[1;34m
[0m[1;34m	threadid 47156207359744 -> core 38 - OK[0m[1;34m
[0m[1;34m	threadid 47156209460992 -> core 39 - OK[0m[1;34m
[0m[1;34m	threadid 47156211562240 -> core 40 - OK[0m[1;34m
[0m[1;34m	threadid 47156213663488 -> core 41 - OK[0m[1;34m
[0m[1;34m	threadid 47156215764736 -> core 42 - OK[0m[1;34m
[0m[1;34m	threadid 47156217865984 -> core 43 - OK[0m[1;34m
[0m[1;34m	threadid 47156219967232 -> core 44 - OK[0m[1;34m
[0m[1;34m	threadid 47156222068480 -> core 45 - OK[0m[1;34m
[0m[1;34m	threadid 47156224169728 -> core 46 - OK[0m[1;34m
[0m[1;34m	threadid 47156226270976 -> core 47 - OK[0m[1;34m
[0m[1;34m	threadid 47156228372224 -> core 48 - OK[0m[1;34m
[0m[1;34m	threadid 47156230473472 -> core 49 - OK[0m[1;34m
[0m[1;34m	threadid 47156232574720 -> core 50 - OK[0m[1;34m
[0m[1;34m	threadid 47156234675968 -> core 51 - OK[0m[1;34m
[0m[1;34m	threadid 47156236777216 -> core 52 - OK[0m[1;34m
[0m[1;34m	threadid 47156238878464 -> core 53 - OK[0m[1;34m
[0m[1;34m	threadid 47156240979712 -> core 54 - OK[0m[1;34m
[0mFLOPs in stencil code:      12047257600
Time spent in stencil code: 0.401614
Performance in GFlop/s:     29.997109
