x_max: 200
[1;34m[pthread wrapper] 
[0m[1;34m[pthread wrapper] MAIN -> 0
[0m[1;34m[pthread wrapper] PIN_MASK: [0m[1;34m0->34  [0m[1;34m1->1  [0m[1;34m2->2  [0m[1;34m3->3  [0m[1;34m4->4  [0m[1;34m5->5  [0m[1;34m6->6  [0m[1;34m
[pthread wrapper] SKIP MASK: 0x0
[0m[1;34m	threadid 47189578974976 -> core 34 - OK[0m[1;34m
[0m[1;34m	threadid 47189581076224 -> core 1 - OK[0m[1;34m
[0m[1;34m	threadid 47189583177472 -> core 2 - OK[0m[1;34m
[0m[1;34m	threadid 47189585278720 -> core 3 - OK[0m[1;34m
[0m[1;34m	threadid 47189587379968 -> core 4 - OK[0m[1;34m
[0m[1;34m	threadid 47189589481216 -> core 5 - OK[0m[1;34m
[0m[1;34m	threadid 47189591582464 -> core 6 - OK[0m[1;34m
[0mFLOPs in stencil code:      12047257600
Time spent in stencil code: 1.497174
Performance in GFlop/s:     8.046665
x_max: 200
[1;34m[pthread wrapper] 
[0m[1;34m[pthread wrapper] MAIN -> 0
[0m[1;34m[pthread wrapper] PIN_MASK: [0m[1;34m0->34  [0m[1;34m1->1  [0m[1;34m2->2  [0m[1;34m3->3  [0m[1;34m4->4  [0m[1;34m5->5  [0m[1;34m6->6  [0m[1;34m
[pthread wrapper] SKIP MASK: 0x0
[0m[1;34m	threadid 47736041154304 -> core 34 - OK[0m[1;34m
[0m[1;34m	threadid 47736043255552 -> core 1 - OK[0m[1;34m
[0m[1;34m	threadid 47736045356800 -> core 2 - OK[0m[1;34m
[0m[1;34m	threadid 47736047458048 -> core 3 - OK[0m[1;34m
[0m[1;34m	threadid 47736049559296 -> core 4 - OK[0m[1;34m
[0m[1;34m	threadid 47736051660544 -> core 5 - OK[0m[1;34m
[0m[1;34m	threadid 47736053761792 -> core 6 - OK[0m[1;34m
[0mFLOPs in stencil code:      12047257600
Time spent in stencil code: 1.501248
Performance in GFlop/s:     8.024829
x_max: 200
[1;34m[pthread wrapper] 
[0m[1;34m[pthread wrapper] MAIN -> 0
[0m[1;34m[pthread wrapper] PIN_MASK: [0m[1;34m0->34  [0m[1;34m1->1  [0m[1;34m2->2  [0m[1;34m3->3  [0m[1;34m4->4  [0m[1;34m5->5  [0m[1;34m6->6  [0m[1;34m
[pthread wrapper] SKIP MASK: 0x0
[0m[1;34m	threadid 47293715482368 -> core 34 - OK[0m[1;34m
[0m[1;34m	threadid 47293717583616 -> core 1 - OK[0m[1;34m
[0m[1;34m	threadid 47293719684864 -> core 2 - OK[0m[1;34m
[0m[1;34m	threadid 47293721786112 -> core 3 - OK[0m[1;34m
[0m[1;34m	threadid 47293723887360 -> core 4 - OK[0m[1;34m
[0m[1;34m	threadid 47293725988608 -> core 5 - OK[0m[1;34m
[0m[1;34m	threadid 47293728089856 -> core 6 - OK[0m[1;34m
[0mFLOPs in stencil code:      12047257600
Time spent in stencil code: 1.499582
Performance in GFlop/s:     8.033744
x_max: 200
[1;34m[pthread wrapper] 
[0m[1;34m[pthread wrapper] MAIN -> 0
[0m[1;34m[pthread wrapper] PIN_MASK: [0m[1;34m0->34  [0m[1;34m1->1  [0m[1;34m2->2  [0m[1;34m3->3  [0m[1;34m4->4  [0m[1;34m5->5  [0m[1;34m6->6  [0m[1;34m
[pthread wrapper] SKIP MASK: 0x0
[0m[1;34m	threadid 47636715693824 -> core 34 - OK[0m[1;34m
[0m[1;34m	threadid 47636717795072 -> core 1 - OK[0m[1;34m
[0m[1;34m	threadid 47636719896320 -> core 2 - OK[0m[1;34m
[0m[1;34m	threadid 47636721997568 -> core 3 - OK[0m[1;34m
[0m[1;34m	threadid 47636724098816 -> core 4 - OK[0m[1;34m
[0m[1;34m	threadid 47636726200064 -> core 5 - OK[0m[1;34m
[0m[1;34m	threadid 47636728301312 -> core 6 - OK[0m[1;34m
[0mFLOPs in stencil code:      12047257600
Time spent in stencil code: 1.495086
Performance in GFlop/s:     8.057903
x_max: 200
[1;34m[pthread wrapper] 
[0m[1;34m[pthread wrapper] MAIN -> 0
[0m[1;34m[pthread wrapper] PIN_MASK: [0m[1;34m0->34  [0m[1;34m1->1  [0m[1;34m2->2  [0m[1;34m3->3  [0m[1;34m4->4  [0m[1;34m5->5  [0m[1;34m6->6  [0m[1;34m
[pthread wrapper] SKIP MASK: 0x0
[0m[1;34m	threadid 47582169933568 -> core 34 - OK[0m[1;34m
[0m[1;34m	threadid 47582172034816 -> core 1 - OK[0m[1;34m
[0m[1;34m	threadid 47582174136064 -> core 2 - OK[0m[1;34m
[0m[1;34m	threadid 47582176237312 -> core 3 - OK[0m[1;34m
[0m[1;34m	threadid 47582178338560 -> core 4 - OK[0m[1;34m
[0m[1;34m	threadid 47582180439808 -> core 5 - OK[0m[1;34m
[0m[1;34m	threadid 47582182541056 -> core 6 - OK[0m[1;34m
[0mFLOPs in stencil code:      12047257600
Time spent in stencil code: 1.495822
Performance in GFlop/s:     8.053938
