x_max: 200
[1;34m[pthread wrapper] 
[0m[1;34m[pthread wrapper] MAIN -> 0
[0m[1;34m[pthread wrapper] PIN_MASK: [0m[1;34m0->34  [0m[1;34m
[pthread wrapper] SKIP MASK: 0x0
[0m[1;34m	threadid 47321632937728 -> core 34 - OK[0m[1;34m
[0mFLOPs in stencil code:      12047257600
Time spent in stencil code: 5.826499
Performance in GFlop/s:     2.067667
x_max: 200
[1;34m[pthread wrapper] 
[0m[1;34m[pthread wrapper] MAIN -> 0
[0m[1;34m[pthread wrapper] PIN_MASK: [0m[1;34m0->34  [0m[1;34m
[pthread wrapper] SKIP MASK: 0x0
[0m[1;34m	threadid 47003096426240 -> core 34 - OK[0m[1;34m
[0mFLOPs in stencil code:      12047257600
Time spent in stencil code: 5.825957
Performance in GFlop/s:     2.067859
x_max: 200
[1;34m[pthread wrapper] 
[0m[1;34m[pthread wrapper] MAIN -> 0
[0m[1;34m[pthread wrapper] PIN_MASK: [0m[1;34m0->34  [0m[1;34m
[pthread wrapper] SKIP MASK: 0x0
[0m[1;34m	threadid 47556001400576 -> core 34 - OK[0m[1;34m
[0mFLOPs in stencil code:      12047257600
Time spent in stencil code: 5.816019
Performance in GFlop/s:     2.071392
x_max: 200
[1;34m[pthread wrapper] 
[0m[1;34m[pthread wrapper] MAIN -> 0
[0m[1;34m[pthread wrapper] PIN_MASK: [0m[1;34m0->34  [0m[1;34m
[pthread wrapper] SKIP MASK: 0x0
[0m[1;34m	threadid 47361051965184 -> core 34 - OK[0m[1;34m
[0mFLOPs in stencil code:      12047257600
Time spent in stencil code: 5.823520
Performance in GFlop/s:     2.068724
x_max: 200
[1;34m[pthread wrapper] 
[0m[1;34m[pthread wrapper] MAIN -> 0
[0m[1;34m[pthread wrapper] PIN_MASK: [0m[1;34m0->34  [0m[1;34m
[pthread wrapper] SKIP MASK: 0x0
[0m[1;34m	threadid 47269971674880 -> core 34 - OK[0m[1;34m
[0mFLOPs in stencil code:      12047257600
Time spent in stencil code: 5.821464
Performance in GFlop/s:     2.069455
