tuned params: 1024 1024 1020 64 2 3 
Flops / stencil call:  31
Stencil computations:  260100000
Bytes transferred:     2097152000
Total Flops:           8063100000
Seconds elapsed:       0.312729
Performance in GFlop/s:     25.783036
Bandwidth utilization: 6.705975 GB/s
688064107.000000
Validation OK.
tuned params: 1024 1024 1020 64 2 3 
Flops / stencil call:  31
Stencil computations:  260100000
Bytes transferred:     2097152000
Total Flops:           8063100000
Seconds elapsed:       0.279420
Performance in GFlop/s:     28.856570
Bandwidth utilization: 7.505378 GB/s
614777710.000000
Validation OK.
tuned params: 1024 1024 1020 64 2 3 
Flops / stencil call:  31
Stencil computations:  260100000
Bytes transferred:     2097152000
Total Flops:           8063100000
Seconds elapsed:       0.273092
Performance in GFlop/s:     29.525237
Bandwidth utilization: 7.679293 GB/s
600857089.000000
Validation OK.
tuned params: 1024 1024 1020 64 2 3 
Flops / stencil call:  31
Stencil computations:  260100000
Bytes transferred:     2097152000
Total Flops:           8063100000
Seconds elapsed:       0.284962
Performance in GFlop/s:     28.295358
Bandwidth utilization: 7.359411 GB/s
626972537.000000
Validation OK.
tuned params: 1024 1024 1020 64 2 3 
Flops / stencil call:  31
Stencil computations:  260100000
Bytes transferred:     2097152000
Total Flops:           8063100000
Seconds elapsed:       0.278844
Performance in GFlop/s:     28.916181
Bandwidth utilization: 7.520882 GB/s
613511400.000000
Validation OK.
