tuned params: 1024 1024 1020 64 2 3 
Flops / stencil call:  31
Stencil computations:  260100000
Bytes transferred:     2097152000
Total Flops:           8063100000
Seconds elapsed:       0.971801
Performance in GFlop/s:     8.297069
Bandwidth utilization: 2.158006 GB/s
2138145860.000000
Validation OK.
tuned params: 1024 1024 1020 64 2 3 
Flops / stencil call:  31
Stencil computations:  260100000
Bytes transferred:     2097152000
Total Flops:           8063100000
Seconds elapsed:       0.952140
Performance in GFlop/s:     8.468399
Bandwidth utilization: 2.202567 GB/s
2094891909.000000
Validation OK.
tuned params: 1024 1024 1020 64 2 3 
Flops / stencil call:  31
Stencil computations:  260100000
Bytes transferred:     2097152000
Total Flops:           8063100000
Seconds elapsed:       0.956981
Performance in GFlop/s:     8.425560
Bandwidth utilization: 2.191425 GB/s
2105543448.000000
Validation OK.
tuned params: 1024 1024 1020 64 2 3 
Flops / stencil call:  31
Stencil computations:  260100000
Bytes transferred:     2097152000
Total Flops:           8063100000
Seconds elapsed:       0.952374
Performance in GFlop/s:     8.466317
Bandwidth utilization: 2.202026 GB/s
2095408485.000000
Validation OK.
tuned params: 1024 1024 1020 64 2 3 
Flops / stencil call:  31
Stencil computations:  260100000
Bytes transferred:     2097152000
Total Flops:           8063100000
Seconds elapsed:       0.953845
Performance in GFlop/s:     8.453262
Bandwidth utilization: 2.198630 GB/s
2098643620.000000
Validation OK.
