tuned params: 1024 1024 1020 44 4 3 
Flops / stencil call:  31
Stencil computations:  260100000
Bytes transferred:     2097152000
Total Flops:           8063100000
Seconds elapsed:       0.539067
Performance in GFlop/s:     14.957516
Bandwidth utilization: 3.890338 GB/s
1186055110.000000
Validation OK.
tuned params: 1024 1024 1020 44 4 3 
Flops / stencil call:  31
Stencil computations:  260100000
Bytes transferred:     2097152000
Total Flops:           8063100000
Seconds elapsed:       0.352620
Performance in GFlop/s:     22.866250
Bandwidth utilization: 5.947341 GB/s
775832865.000000
Validation OK.
tuned params: 1024 1024 1020 44 4 3 
Flops / stencil call:  31
Stencil computations:  260100000
Bytes transferred:     2097152000
Total Flops:           8063100000
Seconds elapsed:       0.431523
Performance in GFlop/s:     18.685222
Bandwidth utilization: 4.859886 GB/s
949435113.000000
Validation OK.
tuned params: 1024 1024 1020 44 4 3 
Flops / stencil call:  31
Stencil computations:  260100000
Bytes transferred:     2097152000
Total Flops:           8063100000
Seconds elapsed:       0.364286
Performance in GFlop/s:     22.133971
Bandwidth utilization: 5.756880 GB/s
801501735.000000
Validation OK.
tuned params: 1024 1024 1020 44 4 3 
Flops / stencil call:  31
Stencil computations:  260100000
Bytes transferred:     2097152000
Total Flops:           8063100000
Seconds elapsed:       0.406391
Performance in GFlop/s:     19.840737
Bandwidth utilization: 5.160427 GB/s
894140408.000000
Validation OK.
