tuned params: 1024 1024 510 44 2 0 
Flops / stencil call:  31
Stencil computations:  260100000
Bytes transferred:     2097152000
Total Flops:           8063100000
Seconds elapsed:       0.132903
Performance in GFlop/s:     60.669014
Bandwidth utilization: 15.779557 GB/s
292410590.000000
Validation OK.
tuned params: 1024 1024 510 44 2 0 
Flops / stencil call:  31
Stencil computations:  260100000
Bytes transferred:     2097152000
Total Flops:           8063100000
Seconds elapsed:       0.132695
Performance in GFlop/s:     60.764177
Bandwidth utilization: 15.804308 GB/s
291952622.000000
Validation OK.
tuned params: 1024 1024 510 44 2 0 
Flops / stencil call:  31
Stencil computations:  260100000
Bytes transferred:     2097152000
Total Flops:           8063100000
Seconds elapsed:       0.134401
Performance in GFlop/s:     59.992820
Bandwidth utilization: 15.603684 GB/s
295705768.000000
Validation OK.
tuned params: 1024 1024 510 44 2 0 
Flops / stencil call:  31
Stencil computations:  260100000
Bytes transferred:     2097152000
Total Flops:           8063100000
Seconds elapsed:       0.133630
Performance in GFlop/s:     60.338979
Bandwidth utilization: 15.693717 GB/s
294011570.000000
Validation OK.
tuned params: 1024 1024 510 44 2 0 
Flops / stencil call:  31
Stencil computations:  260100000
Bytes transferred:     2097152000
Total Flops:           8063100000
Seconds elapsed:       0.131515
Performance in GFlop/s:     61.309455
Bandwidth utilization: 15.946131 GB/s
289359313.000000
Validation OK.
