tuned params: 1024 1024 1020 64 2 3 
Flops / stencil call:  31
Stencil computations:  260100000
Bytes transferred:     2097152000
Total Flops:           8063100000
Seconds elapsed:       1.908628
Performance in GFlop/s:     4.224553
Bandwidth utilization: 1.098775 GB/s
4199352182.000000
Validation OK.
tuned params: 1024 1024 1020 64 2 3 
Flops / stencil call:  31
Stencil computations:  260100000
Bytes transferred:     2097152000
Total Flops:           8063100000
Seconds elapsed:       1.907766
Performance in GFlop/s:     4.226462
Bandwidth utilization: 1.099271 GB/s
4197457546.000000
Validation OK.
tuned params: 1024 1024 1020 64 2 3 
Flops / stencil call:  31
Stencil computations:  260100000
Bytes transferred:     2097152000
Total Flops:           8063100000
Seconds elapsed:       1.905312
Performance in GFlop/s:     4.231905
Bandwidth utilization: 1.100687 GB/s
4192059151.000000
Validation OK.
tuned params: 1024 1024 1020 64 2 3 
Flops / stencil call:  31
Stencil computations:  260100000
Bytes transferred:     2097152000
Total Flops:           8063100000
Seconds elapsed:       1.912421
Performance in GFlop/s:     4.216174
Bandwidth utilization: 1.096595 GB/s
4207697301.000000
Validation OK.
tuned params: 1024 1024 1020 64 2 3 
Flops / stencil call:  31
Stencil computations:  260100000
Bytes transferred:     2097152000
Total Flops:           8063100000
Seconds elapsed:       1.905541
Performance in GFlop/s:     4.231397
Bandwidth utilization: 1.100555 GB/s
4192562445.000000
Validation OK.
