tuned params: 1024 1024 1020 44 4 3 
Flops / stencil call:  31
Stencil computations:  260100000
Bytes transferred:     2097152000
Total Flops:           8063100000
Seconds elapsed:       0.368309
Performance in GFlop/s:     21.892214
Bandwidth utilization: 5.694001 GB/s
810352409.000000
Validation OK.
tuned params: 1024 1024 1020 44 4 3 
Flops / stencil call:  31
Stencil computations:  260100000
Bytes transferred:     2097152000
Total Flops:           8063100000
Seconds elapsed:       0.372461
Performance in GFlop/s:     21.648182
Bandwidth utilization: 5.630530 GB/s
819488158.000000
Validation OK.
tuned params: 1024 1024 1020 44 4 3 
Flops / stencil call:  31
Stencil computations:  260100000
Bytes transferred:     2097152000
Total Flops:           8063100000
Seconds elapsed:       0.350896
Performance in GFlop/s:     22.978611
Bandwidth utilization: 5.976565 GB/s
772038590.000000
Validation OK.
tuned params: 1024 1024 1020 44 4 3 
Flops / stencil call:  31
Stencil computations:  260100000
Bytes transferred:     2097152000
Total Flops:           8063100000
Seconds elapsed:       0.368184
Performance in GFlop/s:     21.899643
Bandwidth utilization: 5.695933 GB/s
810075999.000000
Validation OK.
tuned params: 1024 1024 1020 44 4 3 
Flops / stencil call:  31
Stencil computations:  260100000
Bytes transferred:     2097152000
Total Flops:           8063100000
Seconds elapsed:       0.348768
Performance in GFlop/s:     23.118807
Bandwidth utilization: 6.013029 GB/s
767357340.000000
Validation OK.
