tuned params: 1024 1024 1020 64 2 3 
Flops / stencil call:  31
Stencil computations:  260100000
Bytes transferred:     2097152000
Total Flops:           8063100000
Seconds elapsed:       0.294383
Performance in GFlop/s:     27.389824
Bandwidth utilization: 7.123888 GB/s
647700590.000000
Validation OK.
tuned params: 1024 1024 1020 64 2 3 
Flops / stencil call:  31
Stencil computations:  260100000
Bytes transferred:     2097152000
Total Flops:           8063100000
Seconds elapsed:       0.369740
Performance in GFlop/s:     21.807486
Bandwidth utilization: 5.671964 GB/s
813501562.000000
Validation OK.
tuned params: 1024 1024 1020 64 2 3 
Flops / stencil call:  31
Stencil computations:  260100000
Bytes transferred:     2097152000
Total Flops:           8063100000
Seconds elapsed:       0.268106
Performance in GFlop/s:     30.074301
Bandwidth utilization: 7.822101 GB/s
589884594.000000
Validation OK.
tuned params: 1024 1024 1020 64 2 3 
Flops / stencil call:  31
Stencil computations:  260100000
Bytes transferred:     2097152000
Total Flops:           8063100000
Seconds elapsed:       0.268660
Performance in GFlop/s:     30.012276
Bandwidth utilization: 7.805968 GB/s
591104291.000000
Validation OK.
tuned params: 1024 1024 1020 64 2 3 
Flops / stencil call:  31
Stencil computations:  260100000
Bytes transferred:     2097152000
Total Flops:           8063100000
Seconds elapsed:       0.266121
Performance in GFlop/s:     30.298634
Bandwidth utilization: 7.880448 GB/s
585517501.000000
Validation OK.
