tuned params: 1024 1024 1020 8 4 0 
Flops / stencil call:  31
Stencil computations:  260100000
Bytes transferred:     2097152000
Total Flops:           8063100000
Seconds elapsed:       0.184647
Performance in GFlop/s:     43.667627
Bandwidth utilization: 11.357623 GB/s
406258210.000000
Validation OK.
tuned params: 1024 1024 1020 8 4 0 
Flops / stencil call:  31
Stencil computations:  260100000
Bytes transferred:     2097152000
Total Flops:           8063100000
Seconds elapsed:       0.181560
Performance in GFlop/s:     44.410161
Bandwidth utilization: 11.550751 GB/s
399465363.000000
Validation OK.
tuned params: 1024 1024 1020 8 4 0 
Flops / stencil call:  31
Stencil computations:  260100000
Bytes transferred:     2097152000
Total Flops:           8063100000
Seconds elapsed:       0.188784
Performance in GFlop/s:     42.710743
Bandwidth utilization: 11.108745 GB/s
415359098.000000
Validation OK.
tuned params: 1024 1024 1020 8 4 0 
Flops / stencil call:  31
Stencil computations:  260100000
Bytes transferred:     2097152000
Total Flops:           8063100000
Seconds elapsed:       0.181358
Performance in GFlop/s:     44.459553
Bandwidth utilization: 11.563597 GB/s
399023997.000000
Validation OK.
tuned params: 1024 1024 1020 8 4 0 
Flops / stencil call:  31
Stencil computations:  260100000
Bytes transferred:     2097152000
Total Flops:           8063100000
Seconds elapsed:       0.186228
Performance in GFlop/s:     43.296973
Bandwidth utilization: 11.261219 GB/s
409735198.000000
Validation OK.
