tuned params: 1024 1024 1020 64 2 3 
Flops / stencil call:  31
Stencil computations:  260100000
Bytes transferred:     2097152000
Total Flops:           8063100000
Seconds elapsed:       0.959478
Performance in GFlop/s:     8.403631
Bandwidth utilization: 2.185722 GB/s
2111035819.000000
Validation OK.
tuned params: 1024 1024 1020 64 2 3 
Flops / stencil call:  31
Stencil computations:  260100000
Bytes transferred:     2097152000
Total Flops:           8063100000
Seconds elapsed:       0.957253
Performance in GFlop/s:     8.423165
Bandwidth utilization: 2.190802 GB/s
2106142851.000000
Validation OK.
tuned params: 1024 1024 1020 64 2 3 
Flops / stencil call:  31
Stencil computations:  260100000
Bytes transferred:     2097152000
Total Flops:           8063100000
Seconds elapsed:       0.957241
Performance in GFlop/s:     8.423270
Bandwidth utilization: 2.190830 GB/s
2106114063.000000
Validation OK.
tuned params: 1024 1024 1020 64 2 3 
Flops / stencil call:  31
Stencil computations:  260100000
Bytes transferred:     2097152000
Total Flops:           8063100000
Seconds elapsed:       0.973397
Performance in GFlop/s:     8.283465
Bandwidth utilization: 2.154467 GB/s
2141663056.000000
Validation OK.
tuned params: 1024 1024 1020 64 2 3 
Flops / stencil call:  31
Stencil computations:  260100000
Bytes transferred:     2097152000
Total Flops:           8063100000
Seconds elapsed:       0.957506
Performance in GFlop/s:     8.420940
Bandwidth utilization: 2.190223 GB/s
2106697632.000000
Validation OK.
