tuned params: 1024 1024 1020 128 1 3 
Flops / stencil call:  31
Stencil computations:  260100000
Bytes transferred:     2097152000
Total Flops:           8063100000
Seconds elapsed:       0.473981
Performance in GFlop/s:     17.011445
Bandwidth utilization: 4.424550 GB/s
1042850955.000000
Validation OK.
tuned params: 1024 1024 1020 128 1 3 
Flops / stencil call:  31
Stencil computations:  260100000
Bytes transferred:     2097152000
Total Flops:           8063100000
Seconds elapsed:       0.476201
Performance in GFlop/s:     16.932134
Bandwidth utilization: 4.403921 GB/s
1047735474.000000
Validation OK.
tuned params: 1024 1024 1020 128 1 3 
Flops / stencil call:  31
Stencil computations:  260100000
Bytes transferred:     2097152000
Total Flops:           8063100000
Seconds elapsed:       0.475711
Performance in GFlop/s:     16.949581
Bandwidth utilization: 4.408459 GB/s
1046657617.000000
Validation OK.
tuned params: 1024 1024 1020 128 1 3 
Flops / stencil call:  31
Stencil computations:  260100000
Bytes transferred:     2097152000
Total Flops:           8063100000
Seconds elapsed:       0.477194
Performance in GFlop/s:     16.896899
Bandwidth utilization: 4.394757 GB/s
1049921960.000000
Validation OK.
tuned params: 1024 1024 1020 128 1 3 
Flops / stencil call:  31
Stencil computations:  260100000
Bytes transferred:     2097152000
Total Flops:           8063100000
Seconds elapsed:       0.474602
Performance in GFlop/s:     16.989183
Bandwidth utilization: 4.418759 GB/s
1044217222.000000
Validation OK.
