tuned params: 1024 1024 1020 8 4 0 
Flops / stencil call:  31
Stencil computations:  260100000
Bytes transferred:     2097152000
Total Flops:           8063100000
Seconds elapsed:       0.189699
Performance in GFlop/s:     42.504666
Bandwidth utilization: 11.055146 GB/s
417375828.000000
Validation OK.
tuned params: 1024 1024 1020 8 4 0 
Flops / stencil call:  31
Stencil computations:  260100000
Bytes transferred:     2097152000
Total Flops:           8063100000
Seconds elapsed:       0.185618
Performance in GFlop/s:     43.439232
Bandwidth utilization: 11.298219 GB/s
408395307.000000
Validation OK.
tuned params: 1024 1024 1020 8 4 0 
Flops / stencil call:  31
Stencil computations:  260100000
Bytes transferred:     2097152000
Total Flops:           8063100000
Seconds elapsed:       0.192149
Performance in GFlop/s:     41.962712
Bandwidth utilization: 10.914188 GB/s
422764015.000000
Validation OK.
tuned params: 1024 1024 1020 8 4 0 
Flops / stencil call:  31
Stencil computations:  260100000
Bytes transferred:     2097152000
Total Flops:           8063100000
Seconds elapsed:       0.183641
Performance in GFlop/s:     43.906872
Bandwidth utilization: 11.419849 GB/s
404047047.000000
Validation OK.
tuned params: 1024 1024 1020 8 4 0 
Flops / stencil call:  31
Stencil computations:  260100000
Bytes transferred:     2097152000
Total Flops:           8063100000
Seconds elapsed:       0.184685
Performance in GFlop/s:     43.658664
Bandwidth utilization: 11.355292 GB/s
406341898.000000
Validation OK.
