tuned params: 1024 1024 1020 44 4 3 
Flops / stencil call:  31
Stencil computations:  260100000
Bytes transferred:     2097152000
Total Flops:           8063100000
Seconds elapsed:       0.360920
Performance in GFlop/s:     22.340411
Bandwidth utilization: 5.810574 GB/s
794096196.000000
Validation OK.
tuned params: 1024 1024 1020 44 4 3 
Flops / stencil call:  31
Stencil computations:  260100000
Bytes transferred:     2097152000
Total Flops:           8063100000
Seconds elapsed:       0.358189
Performance in GFlop/s:     22.510735
Bandwidth utilization: 5.854874 GB/s
788087313.000000
Validation OK.
tuned params: 1024 1024 1020 44 4 3 
Flops / stencil call:  31
Stencil computations:  260100000
Bytes transferred:     2097152000
Total Flops:           8063100000
Seconds elapsed:       0.403761
Performance in GFlop/s:     19.969987
Bandwidth utilization: 5.194044 GB/s
888324551.000000
Validation OK.
tuned params: 1024 1024 1020 44 4 3 
Flops / stencil call:  31
Stencil computations:  260100000
Bytes transferred:     2097152000
Total Flops:           8063100000
Seconds elapsed:       0.395755
Performance in GFlop/s:     20.373966
Bandwidth utilization: 5.299116 GB/s
870739327.000000
Validation OK.
tuned params: 1024 1024 1020 44 4 3 
Flops / stencil call:  31
Stencil computations:  260100000
Bytes transferred:     2097152000
Total Flops:           8063100000
Seconds elapsed:       0.401801
Performance in GFlop/s:     20.067391
Bandwidth utilization: 5.219378 GB/s
884041154.000000
Validation OK.
