tuned params: 1024 1024 510 44 2 0 
Flops / stencil call:  31
Stencil computations:  260100000
Bytes transferred:     2097152000
Total Flops:           8063100000
Seconds elapsed:       0.134351
Performance in GFlop/s:     60.015177
Bandwidth utilization: 15.609499 GB/s
295597536.000000
Validation OK.
tuned params: 1024 1024 510 44 2 0 
Flops / stencil call:  31
Stencil computations:  260100000
Bytes transferred:     2097152000
Total Flops:           8063100000
Seconds elapsed:       0.134371
Performance in GFlop/s:     60.006339
Bandwidth utilization: 15.607200 GB/s
295639242.000000
Validation OK.
tuned params: 1024 1024 510 44 2 0 
Flops / stencil call:  31
Stencil computations:  260100000
Bytes transferred:     2097152000
Total Flops:           8063100000
Seconds elapsed:       0.131576
Performance in GFlop/s:     61.280904
Bandwidth utilization: 15.938705 GB/s
289492632.000000
Validation OK.
tuned params: 1024 1024 510 44 2 0 
Flops / stencil call:  31
Stencil computations:  260100000
Bytes transferred:     2097152000
Total Flops:           8063100000
Seconds elapsed:       0.134903
Performance in GFlop/s:     59.769527
Bandwidth utilization: 15.545607 GB/s
296810233.000000
Validation OK.
tuned params: 1024 1024 510 44 2 0 
Flops / stencil call:  31
Stencil computations:  260100000
Bytes transferred:     2097152000
Total Flops:           8063100000
Seconds elapsed:       0.132833
Performance in GFlop/s:     60.701029
Bandwidth utilization: 15.787884 GB/s
292255020.000000
Validation OK.
