tuned params: 1024 1024 510 32 2 1 
Flops / stencil call:  31
Stencil computations:  260100000
Bytes transferred:     2097152000
Total Flops:           8063100000
Seconds elapsed:       0.107041
Performance in GFlop/s:     75.327126
Bandwidth utilization: 19.592022 GB/s
235511413.000000
Validation OK.
tuned params: 1024 1024 510 32 2 1 
Flops / stencil call:  31
Stencil computations:  260100000
Bytes transferred:     2097152000
Total Flops:           8063100000
Seconds elapsed:       0.104819
Performance in GFlop/s:     76.923987
Bandwidth utilization: 20.007354 GB/s
230621523.000000
Validation OK.
tuned params: 1024 1024 510 32 2 1 
Flops / stencil call:  31
Stencil computations:  260100000
Bytes transferred:     2097152000
Total Flops:           8063100000
Seconds elapsed:       0.106285
Performance in GFlop/s:     75.862942
Bandwidth utilization: 19.731384 GB/s
233845723.000000
Validation OK.
tuned params: 1024 1024 510 32 2 1 
Flops / stencil call:  31
Stencil computations:  260100000
Bytes transferred:     2097152000
Total Flops:           8063100000
Seconds elapsed:       0.105517
Performance in GFlop/s:     76.415240
Bandwidth utilization: 19.875032 GB/s
232156169.000000
Validation OK.
tuned params: 1024 1024 510 32 2 1 
Flops / stencil call:  31
Stencil computations:  260100000
Bytes transferred:     2097152000
Total Flops:           8063100000
Seconds elapsed:       0.102983
Performance in GFlop/s:     78.295448
Bandwidth utilization: 20.364061 GB/s
226575386.000000
Validation OK.
