tuned params: 1024 1024 1020 44 2 0 
Flops / stencil call:  31
Stencil computations:  260100000
Bytes transferred:     2097152000
Total Flops:           8063100000
Seconds elapsed:       0.233518
Performance in GFlop/s:     34.528833
Bandwidth utilization: 8.980691 GB/s
513784400.000000
Validation OK.
tuned params: 1024 1024 1020 44 2 0 
Flops / stencil call:  31
Stencil computations:  260100000
Bytes transferred:     2097152000
Total Flops:           8063100000
Seconds elapsed:       0.224672
Performance in GFlop/s:     35.888343
Bandwidth utilization: 9.334289 GB/s
494323125.000000
Validation OK.
tuned params: 1024 1024 1020 44 2 0 
Flops / stencil call:  31
Stencil computations:  260100000
Bytes transferred:     2097152000
Total Flops:           8063100000
Seconds elapsed:       0.236659
Performance in GFlop/s:     34.070567
Bandwidth utilization: 8.861500 GB/s
520696609.000000
Validation OK.
tuned params: 1024 1024 1020 44 2 0 
Flops / stencil call:  31
Stencil computations:  260100000
Bytes transferred:     2097152000
Total Flops:           8063100000
Seconds elapsed:       0.242774
Performance in GFlop/s:     33.212369
Bandwidth utilization: 8.638289 GB/s
534150285.000000
Validation OK.
tuned params: 1024 1024 1020 44 2 0 
Flops / stencil call:  31
Stencil computations:  260100000
Bytes transferred:     2097152000
Total Flops:           8063100000
Seconds elapsed:       0.235697
Performance in GFlop/s:     34.209595
Bandwidth utilization: 8.897660 GB/s
518580329.000000
Validation OK.
