tuned params: 1024 1024 510 32 2 1 
Flops / stencil call:  31
Stencil computations:  260100000
Bytes transferred:     2097152000
Total Flops:           8063100000
Seconds elapsed:       0.103087
Performance in GFlop/s:     78.216497
Bandwidth utilization: 20.343526 GB/s
226811168.000000
Validation OK.
tuned params: 1024 1024 510 32 2 1 
Flops / stencil call:  31
Stencil computations:  260100000
Bytes transferred:     2097152000
Total Flops:           8063100000
Seconds elapsed:       0.106278
Performance in GFlop/s:     75.868047
Bandwidth utilization: 19.732712 GB/s
233827956.000000
Validation OK.
tuned params: 1024 1024 510 32 2 1 
Flops / stencil call:  31
Stencil computations:  260100000
Bytes transferred:     2097152000
Total Flops:           8063100000
Seconds elapsed:       0.106005
Performance in GFlop/s:     76.063427
Bandwidth utilization: 19.783528 GB/s
233230935.000000
Validation OK.
tuned params: 1024 1024 510 32 2 1 
Flops / stencil call:  31
Stencil computations:  260100000
Bytes transferred:     2097152000
Total Flops:           8063100000
Seconds elapsed:       0.106787
Performance in GFlop/s:     75.506406
Bandwidth utilization: 19.638651 GB/s
234951783.000000
Validation OK.
tuned params: 1024 1024 510 32 2 1 
Flops / stencil call:  31
Stencil computations:  260100000
Bytes transferred:     2097152000
Total Flops:           8063100000
Seconds elapsed:       0.105034
Performance in GFlop/s:     76.766663
Bandwidth utilization: 19.966435 GB/s
231092775.000000
Validation OK.
