tuned params: 1024 1024 1020 64 2 3 
Flops / stencil call:  31
Stencil computations:  260100000
Bytes transferred:     2097152000
Total Flops:           8063100000
Seconds elapsed:       0.287614
Performance in GFlop/s:     28.034462
Bandwidth utilization: 7.291554 GB/s
632806640.000000
Validation OK.
tuned params: 1024 1024 1020 64 2 3 
Flops / stencil call:  31
Stencil computations:  260100000
Bytes transferred:     2097152000
Total Flops:           8063100000
Seconds elapsed:       0.274024
Performance in GFlop/s:     29.424794
Bandwidth utilization: 7.653169 GB/s
602905776.000000
Validation OK.
tuned params: 1024 1024 1020 64 2 3 
Flops / stencil call:  31
Stencil computations:  260100000
Bytes transferred:     2097152000
Total Flops:           8063100000
Seconds elapsed:       0.291112
Performance in GFlop/s:     27.697592
Bandwidth utilization: 7.203937 GB/s
640504887.000000
Validation OK.
tuned params: 1024 1024 1020 64 2 3 
Flops / stencil call:  31
Stencil computations:  260100000
Bytes transferred:     2097152000
Total Flops:           8063100000
Seconds elapsed:       0.273273
Performance in GFlop/s:     29.505634
Bandwidth utilization: 7.674195 GB/s
601254439.000000
Validation OK.
tuned params: 1024 1024 1020 64 2 3 
Flops / stencil call:  31
Stencil computations:  260100000
Bytes transferred:     2097152000
Total Flops:           8063100000
Seconds elapsed:       0.301932
Performance in GFlop/s:     26.705011
Bandwidth utilization: 6.945774 GB/s
664309787.000000
Validation OK.
