tuned params: 1024 1024 1020 44 2 0 
Flops / stencil call:  31
Stencil computations:  260100000
Bytes transferred:     2097152000
Total Flops:           8063100000
Seconds elapsed:       0.242455
Performance in GFlop/s:     33.256067
Bandwidth utilization: 8.649654 GB/s
533448618.000000
Validation OK.
tuned params: 1024 1024 1020 44 2 0 
Flops / stencil call:  31
Stencil computations:  260100000
Bytes transferred:     2097152000
Total Flops:           8063100000
Seconds elapsed:       0.236052
Performance in GFlop/s:     34.158146
Bandwidth utilization: 8.884278 GB/s
519361473.000000
Validation OK.
tuned params: 1024 1024 1020 44 2 0 
Flops / stencil call:  31
Stencil computations:  260100000
Bytes transferred:     2097152000
Total Flops:           8063100000
Seconds elapsed:       0.237089
Performance in GFlop/s:     34.008725
Bandwidth utilization: 8.845415 GB/s
521642490.000000
Validation OK.
tuned params: 1024 1024 1020 44 2 0 
Flops / stencil call:  31
Stencil computations:  260100000
Bytes transferred:     2097152000
Total Flops:           8063100000
Seconds elapsed:       0.233106
Performance in GFlop/s:     34.589823
Bandwidth utilization: 8.996554 GB/s
512879157.000000
Validation OK.
tuned params: 1024 1024 1020 44 2 0 
Flops / stencil call:  31
Stencil computations:  260100000
Bytes transferred:     2097152000
Total Flops:           8063100000
Seconds elapsed:       0.229528
Performance in GFlop/s:     35.129019
Bandwidth utilization: 9.136795 GB/s
505007177.000000
Validation OK.
