tuned params: 1024 1024 1020 44 2 0 
Flops / stencil call:  31
Stencil computations:  260100000
Bytes transferred:     2097152000
Total Flops:           8063100000
Seconds elapsed:       0.232409
Performance in GFlop/s:     34.693579
Bandwidth utilization: 9.023540 GB/s
511343703.000000
Validation OK.
tuned params: 1024 1024 1020 44 2 0 
Flops / stencil call:  31
Stencil computations:  260100000
Bytes transferred:     2097152000
Total Flops:           8063100000
Seconds elapsed:       0.235390
Performance in GFlop/s:     34.254224
Bandwidth utilization: 8.909267 GB/s
517905137.000000
Validation OK.
tuned params: 1024 1024 1020 44 2 0 
Flops / stencil call:  31
Stencil computations:  260100000
Bytes transferred:     2097152000
Total Flops:           8063100000
Seconds elapsed:       0.238855
Performance in GFlop/s:     33.757317
Bandwidth utilization: 8.780026 GB/s
525527937.000000
Validation OK.
tuned params: 1024 1024 1020 44 2 0 
Flops / stencil call:  31
Stencil computations:  260100000
Bytes transferred:     2097152000
Total Flops:           8063100000
Seconds elapsed:       0.245441
Performance in GFlop/s:     32.851485
Bandwidth utilization: 8.544426 GB/s
540017321.000000
Validation OK.
tuned params: 1024 1024 1020 44 2 0 
Flops / stencil call:  31
Stencil computations:  260100000
Bytes transferred:     2097152000
Total Flops:           8063100000
Seconds elapsed:       0.230579
Performance in GFlop/s:     34.968941
Bandwidth utilization: 9.095160 GB/s
507318087.000000
Validation OK.
