tuned params: 1024 1024 1020 64 2 3 
Flops / stencil call:  31
Stencil computations:  260100000
Bytes transferred:     2097152000
Total Flops:           8063100000
Seconds elapsed:       0.329645
Performance in GFlop/s:     24.459938
Bandwidth utilization: 6.361847 GB/s
725282849.000000
Validation OK.
tuned params: 1024 1024 1020 64 2 3 
Flops / stencil call:  31
Stencil computations:  260100000
Bytes transferred:     2097152000
Total Flops:           8063100000
Seconds elapsed:       0.357630
Performance in GFlop/s:     22.545926
Bandwidth utilization: 5.864027 GB/s
786855217.000000
Validation OK.
tuned params: 1024 1024 1020 64 2 3 
Flops / stencil call:  31
Stencil computations:  260100000
Bytes transferred:     2097152000
Total Flops:           8063100000
Seconds elapsed:       0.288080
Performance in GFlop/s:     27.989102
Bandwidth utilization: 7.279756 GB/s
633833510.000000
Validation OK.
tuned params: 1024 1024 1020 64 2 3 
Flops / stencil call:  31
Stencil computations:  260100000
Bytes transferred:     2097152000
Total Flops:           8063100000
Seconds elapsed:       0.304813
Performance in GFlop/s:     26.452599
Bandwidth utilization: 6.880123 GB/s
670648453.000000
Validation OK.
tuned params: 1024 1024 1020 64 2 3 
Flops / stencil call:  31
Stencil computations:  260100000
Bytes transferred:     2097152000
Total Flops:           8063100000
Seconds elapsed:       0.311360
Performance in GFlop/s:     25.896380
Bandwidth utilization: 6.735455 GB/s
685053305.000000
Validation OK.
