tuned params: 1024 1024 1020 8 4 0 
Flops / stencil call:  31
Stencil computations:  260100000
Bytes transferred:     2097152000
Total Flops:           8063100000
Seconds elapsed:       0.193401
Performance in GFlop/s:     41.691077
Bandwidth utilization: 10.843537 GB/s
425518472.000000
Validation OK.
tuned params: 1024 1024 1020 8 4 0 
Flops / stencil call:  31
Stencil computations:  260100000
Bytes transferred:     2097152000
Total Flops:           8063100000
Seconds elapsed:       0.182474
Performance in GFlop/s:     44.187632
Bandwidth utilization: 11.492873 GB/s
401476040.000000
Validation OK.
tuned params: 1024 1024 1020 8 4 0 
Flops / stencil call:  31
Stencil computations:  260100000
Bytes transferred:     2097152000
Total Flops:           8063100000
Seconds elapsed:       0.181475
Performance in GFlop/s:     44.430932
Bandwidth utilization: 11.556153 GB/s
399281258.000000
Validation OK.
tuned params: 1024 1024 1020 8 4 0 
Flops / stencil call:  31
Stencil computations:  260100000
Bytes transferred:     2097152000
Total Flops:           8063100000
Seconds elapsed:       0.182083
Performance in GFlop/s:     44.282579
Bandwidth utilization: 11.517568 GB/s
400617059.000000
Validation OK.
tuned params: 1024 1024 1020 8 4 0 
Flops / stencil call:  31
Stencil computations:  260100000
Bytes transferred:     2097152000
Total Flops:           8063100000
Seconds elapsed:       0.191167
Performance in GFlop/s:     42.178332
Bandwidth utilization: 10.970269 GB/s
420603783.000000
Validation OK.
