tuned params: 1024 1024 1020 64 2 3 
Flops / stencil call:  31
Stencil computations:  260100000
Bytes transferred:     2097152000
Total Flops:           8063100000
Seconds elapsed:       1.911837
Performance in GFlop/s:     4.217462
Bandwidth utilization: 1.096930 GB/s
4206415448.000000
Validation OK.
tuned params: 1024 1024 1020 64 2 3 
Flops / stencil call:  31
Stencil computations:  260100000
Bytes transferred:     2097152000
Total Flops:           8063100000
Seconds elapsed:       1.906657
Performance in GFlop/s:     4.228920
Bandwidth utilization: 1.099910 GB/s
4195016883.000000
Validation OK.
tuned params: 1024 1024 1020 64 2 3 
Flops / stencil call:  31
Stencil computations:  260100000
Bytes transferred:     2097152000
Total Flops:           8063100000
Seconds elapsed:       1.899238
Performance in GFlop/s:     4.245440
Bandwidth utilization: 1.104207 GB/s
4178693905.000000
Validation OK.
tuned params: 1024 1024 1020 64 2 3 
Flops / stencil call:  31
Stencil computations:  260100000
Bytes transferred:     2097152000
Total Flops:           8063100000
Seconds elapsed:       1.912427
Performance in GFlop/s:     4.216161
Bandwidth utilization: 1.096592 GB/s
4207712972.000000
Validation OK.
tuned params: 1024 1024 1020 64 2 3 
Flops / stencil call:  31
Stencil computations:  260100000
Bytes transferred:     2097152000
Total Flops:           8063100000
Seconds elapsed:       1.916071
Performance in GFlop/s:     4.208143
Bandwidth utilization: 1.094506 GB/s
4215728677.000000
Validation OK.
