tuned params: 1024 1024 1020 8 4 0 
Flops / stencil call:  31
Stencil computations:  260100000
Bytes transferred:     2097152000
Total Flops:           8063100000
Seconds elapsed:       0.178235
Performance in GFlop/s:     45.238576
Bandwidth utilization: 11.766215 GB/s
392152411.000000
Validation OK.
tuned params: 1024 1024 1020 8 4 0 
Flops / stencil call:  31
Stencil computations:  260100000
Bytes transferred:     2097152000
Total Flops:           8063100000
Seconds elapsed:       0.193379
Performance in GFlop/s:     41.695857
Bandwidth utilization: 10.844781 GB/s
425470048.000000
Validation OK.
tuned params: 1024 1024 1020 8 4 0 
Flops / stencil call:  31
Stencil computations:  260100000
Bytes transferred:     2097152000
Total Flops:           8063100000
Seconds elapsed:       0.187305
Performance in GFlop/s:     43.047921
Bandwidth utilization: 11.196442 GB/s
412107752.000000
Validation OK.
tuned params: 1024 1024 1020 8 4 0 
Flops / stencil call:  31
Stencil computations:  260100000
Bytes transferred:     2097152000
Total Flops:           8063100000
Seconds elapsed:       0.184510
Performance in GFlop/s:     43.700072
Bandwidth utilization: 11.366062 GB/s
405956026.000000
Validation OK.
tuned params: 1024 1024 1020 8 4 0 
Flops / stencil call:  31
Stencil computations:  260100000
Bytes transferred:     2097152000
Total Flops:           8063100000
Seconds elapsed:       0.193270
Performance in GFlop/s:     41.719363
Bandwidth utilization: 10.850894 GB/s
425231081.000000
Validation OK.
