tuned params: 1024 1024 1020 44 4 3 
Flops / stencil call:  31
Stencil computations:  260100000
Bytes transferred:     2097152000
Total Flops:           8063100000
Seconds elapsed:       0.356022
Performance in GFlop/s:     22.647765
Bandwidth utilization: 5.890514 GB/s
783318512.000000
Validation OK.
tuned params: 1024 1024 1020 44 4 3 
Flops / stencil call:  31
Stencil computations:  260100000
Bytes transferred:     2097152000
Total Flops:           8063100000
Seconds elapsed:       0.355781
Performance in GFlop/s:     22.663109
Bandwidth utilization: 5.894505 GB/s
782787036.000000
Validation OK.
tuned params: 1024 1024 1020 44 4 3 
Flops / stencil call:  31
Stencil computations:  260100000
Bytes transferred:     2097152000
Total Flops:           8063100000
Seconds elapsed:       0.380142
Performance in GFlop/s:     21.210760
Bandwidth utilization: 5.516760 GB/s
836385999.000000
Validation OK.
tuned params: 1024 1024 1020 44 4 3 
Flops / stencil call:  31
Stencil computations:  260100000
Bytes transferred:     2097152000
Total Flops:           8063100000
Seconds elapsed:       0.353439
Performance in GFlop/s:     22.813266
Bandwidth utilization: 5.933560 GB/s
777636780.000000
Validation OK.
tuned params: 1024 1024 1020 44 4 3 
Flops / stencil call:  31
Stencil computations:  260100000
Bytes transferred:     2097152000
Total Flops:           8063100000
Seconds elapsed:       0.527147
Performance in GFlop/s:     15.295732
Bandwidth utilization: 3.978305 GB/s
1159826376.000000
Validation OK.
