tuned params: 1024 1024 1020 64 2 3 
Flops / stencil call:  31
Stencil computations:  260100000
Bytes transferred:     2097152000
Total Flops:           8063100000
Seconds elapsed:       1.907505
Performance in GFlop/s:     4.227040
Bandwidth utilization: 1.099421 GB/s
4196883989.000000
Validation OK.
tuned params: 1024 1024 1020 64 2 3 
Flops / stencil call:  31
Stencil computations:  260100000
Bytes transferred:     2097152000
Total Flops:           8063100000
Seconds elapsed:       1.906206
Performance in GFlop/s:     4.229921
Bandwidth utilization: 1.100171 GB/s
4194025252.000000
Validation OK.
tuned params: 1024 1024 1020 64 2 3 
Flops / stencil call:  31
Stencil computations:  260100000
Bytes transferred:     2097152000
Total Flops:           8063100000
Seconds elapsed:       1.907938
Performance in GFlop/s:     4.226081
Bandwidth utilization: 1.099172 GB/s
4197836389.000000
Validation OK.
tuned params: 1024 1024 1020 64 2 3 
Flops / stencil call:  31
Stencil computations:  260100000
Bytes transferred:     2097152000
Total Flops:           8063100000
Seconds elapsed:       1.915836
Performance in GFlop/s:     4.208659
Bandwidth utilization: 1.094641 GB/s
4215213920.000000
Validation OK.
tuned params: 1024 1024 1020 64 2 3 
Flops / stencil call:  31
Stencil computations:  260100000
Bytes transferred:     2097152000
Total Flops:           8063100000
Seconds elapsed:       1.898050
Performance in GFlop/s:     4.248097
Bandwidth utilization: 1.104898 GB/s
4176078827.000000
Validation OK.
