tuned params: 1024 1024 1020 64 2 3 
Flops / stencil call:  31
Stencil computations:  260100000
Bytes transferred:     2097152000
Total Flops:           8063100000
Seconds elapsed:       0.960128
Performance in GFlop/s:     8.397942
Bandwidth utilization: 2.184242 GB/s
2112469419.000000
Validation OK.
tuned params: 1024 1024 1020 64 2 3 
Flops / stencil call:  31
Stencil computations:  260100000
Bytes transferred:     2097152000
Total Flops:           8063100000
Seconds elapsed:       0.960798
Performance in GFlop/s:     8.392086
Bandwidth utilization: 2.182719 GB/s
2113942946.000000
Validation OK.
tuned params: 1024 1024 1020 64 2 3 
Flops / stencil call:  31
Stencil computations:  260100000
Bytes transferred:     2097152000
Total Flops:           8063100000
Seconds elapsed:       0.956506
Performance in GFlop/s:     8.429743
Bandwidth utilization: 2.192513 GB/s
2104498670.000000
Validation OK.
tuned params: 1024 1024 1020 64 2 3 
Flops / stencil call:  31
Stencil computations:  260100000
Bytes transferred:     2097152000
Total Flops:           8063100000
Seconds elapsed:       0.956305
Performance in GFlop/s:     8.431515
Bandwidth utilization: 2.192974 GB/s
2104057042.000000
Validation OK.
tuned params: 1024 1024 1020 64 2 3 
Flops / stencil call:  31
Stencil computations:  260100000
Bytes transferred:     2097152000
Total Flops:           8063100000
Seconds elapsed:       0.960165
Performance in GFlop/s:     8.397619
Bandwidth utilization: 2.184158 GB/s
2112548912.000000
Validation OK.
