tuned params: 1024 1024 510 32 2 1 
Flops / stencil call:  31
Stencil computations:  260100000
Bytes transferred:     2097152000
Total Flops:           8063100000
Seconds elapsed:       0.104060
Performance in GFlop/s:     77.484976
Bandwidth utilization: 20.153263 GB/s
228950729.000000
Validation OK.
tuned params: 1024 1024 510 32 2 1 
Flops / stencil call:  31
Stencil computations:  260100000
Bytes transferred:     2097152000
Total Flops:           8063100000
Seconds elapsed:       0.104451
Performance in GFlop/s:     77.195092
Bandwidth utilization: 20.077866 GB/s
229813718.000000
Validation OK.
tuned params: 1024 1024 510 32 2 1 
Flops / stencil call:  31
Stencil computations:  260100000
Bytes transferred:     2097152000
Total Flops:           8063100000
Seconds elapsed:       0.107645
Performance in GFlop/s:     74.904523
Bandwidth utilization: 19.482106 GB/s
236838504.000000
Validation OK.
tuned params: 1024 1024 510 32 2 1 
Flops / stencil call:  31
Stencil computations:  260100000
Bytes transferred:     2097152000
Total Flops:           8063100000
Seconds elapsed:       0.105216
Performance in GFlop/s:     76.633763
Bandwidth utilization: 19.931868 GB/s
231494817.000000
Validation OK.
tuned params: 1024 1024 510 32 2 1 
Flops / stencil call:  31
Stencil computations:  260100000
Bytes transferred:     2097152000
Total Flops:           8063100000
Seconds elapsed:       0.105663
Performance in GFlop/s:     76.309544
Bandwidth utilization: 19.847542 GB/s
232478361.000000
Validation OK.
