tuned params: 1024 1024 510 32 2 1 
Flops / stencil call:  31
Stencil computations:  260100000
Bytes transferred:     2097152000
Total Flops:           8063100000
Seconds elapsed:       0.106558
Performance in GFlop/s:     75.668759
Bandwidth utilization: 19.680878 GB/s
234446481.000000
Validation OK.
tuned params: 1024 1024 510 32 2 1 
Flops / stencil call:  31
Stencil computations:  260100000
Bytes transferred:     2097152000
Total Flops:           8063100000
Seconds elapsed:       0.104698
Performance in GFlop/s:     77.012975
Bandwidth utilization: 20.030499 GB/s
230355722.000000
Validation OK.
tuned params: 1024 1024 510 32 2 1 
Flops / stencil call:  31
Stencil computations:  260100000
Bytes transferred:     2097152000
Total Flops:           8063100000
Seconds elapsed:       0.106136
Performance in GFlop/s:     75.969451
Bandwidth utilization: 19.759086 GB/s
233520738.000000
Validation OK.
tuned params: 1024 1024 510 32 2 1 
Flops / stencil call:  31
Stencil computations:  260100000
Bytes transferred:     2097152000
Total Flops:           8063100000
Seconds elapsed:       0.107579
Performance in GFlop/s:     74.950506
Bandwidth utilization: 19.494066 GB/s
236694009.000000
Validation OK.
tuned params: 1024 1024 510 32 2 1 
Flops / stencil call:  31
Stencil computations:  260100000
Bytes transferred:     2097152000
Total Flops:           8063100000
Seconds elapsed:       0.104878
Performance in GFlop/s:     76.880794
Bandwidth utilization: 19.996120 GB/s
230752725.000000
Validation OK.
