tuned params: 1024 1024 1020 44 2 0 
Flops / stencil call:  31
Stencil computations:  260100000
Bytes transferred:     2097152000
Total Flops:           8063100000
Seconds elapsed:       0.251201
Performance in GFlop/s:     32.098211
Bandwidth utilization: 8.348505 GB/s
552692376.000000
Validation OK.
tuned params: 1024 1024 1020 44 2 0 
Flops / stencil call:  31
Stencil computations:  260100000
Bytes transferred:     2097152000
Total Flops:           8063100000
Seconds elapsed:       0.242763
Performance in GFlop/s:     33.213869
Bandwidth utilization: 8.638679 GB/s
534125074.000000
Validation OK.
tuned params: 1024 1024 1020 44 2 0 
Flops / stencil call:  31
Stencil computations:  260100000
Bytes transferred:     2097152000
Total Flops:           8063100000
Seconds elapsed:       0.237697
Performance in GFlop/s:     33.921774
Bandwidth utilization: 8.822800 GB/s
522979151.000000
Validation OK.
tuned params: 1024 1024 1020 44 2 0 
Flops / stencil call:  31
Stencil computations:  260100000
Bytes transferred:     2097152000
Total Flops:           8063100000
Seconds elapsed:       0.228574
Performance in GFlop/s:     35.275660
Bandwidth utilization: 9.174935 GB/s
502907304.000000
Validation OK.
tuned params: 1024 1024 1020 44 2 0 
Flops / stencil call:  31
Stencil computations:  260100000
Bytes transferred:     2097152000
Total Flops:           8063100000
Seconds elapsed:       0.238590
Performance in GFlop/s:     33.794794
Bandwidth utilization: 8.789773 GB/s
524945248.000000
Validation OK.
