tuned params: 1024 1024 1020 64 2 3 
Flops / stencil call:  31
Stencil computations:  260100000
Bytes transferred:     2097152000
Total Flops:           8063100000
Seconds elapsed:       0.964288
Performance in GFlop/s:     8.361714
Bandwidth utilization: 2.174819 GB/s
2121617945.000000
Validation OK.
tuned params: 1024 1024 1020 64 2 3 
Flops / stencil call:  31
Stencil computations:  260100000
Bytes transferred:     2097152000
Total Flops:           8063100000
Seconds elapsed:       0.955871
Performance in GFlop/s:     8.435342
Bandwidth utilization: 2.193969 GB/s
2103100822.000000
Validation OK.
tuned params: 1024 1024 1020 64 2 3 
Flops / stencil call:  31
Stencil computations:  260100000
Bytes transferred:     2097152000
Total Flops:           8063100000
Seconds elapsed:       0.961256
Performance in GFlop/s:     8.388088
Bandwidth utilization: 2.181679 GB/s
2114950822.000000
Validation OK.
tuned params: 1024 1024 1020 64 2 3 
Flops / stencil call:  31
Stencil computations:  260100000
Bytes transferred:     2097152000
Total Flops:           8063100000
Seconds elapsed:       0.957228
Performance in GFlop/s:     8.423386
Bandwidth utilization: 2.190860 GB/s
2106088216.000000
Validation OK.
tuned params: 1024 1024 1020 64 2 3 
Flops / stencil call:  31
Stencil computations:  260100000
Bytes transferred:     2097152000
Total Flops:           8063100000
Seconds elapsed:       0.958717
Performance in GFlop/s:     8.410304
Bandwidth utilization: 2.187457 GB/s
2109363804.000000
Validation OK.
