tuned params: 1024 1024 1020 128 1 3 
Flops / stencil call:  31
Stencil computations:  260100000
Bytes transferred:     2097152000
Total Flops:           8063100000
Seconds elapsed:       0.474679
Performance in GFlop/s:     16.986427
Bandwidth utilization: 4.418043 GB/s
1044388533.000000
Validation OK.
tuned params: 1024 1024 1020 128 1 3 
Flops / stencil call:  31
Stencil computations:  260100000
Bytes transferred:     2097152000
Total Flops:           8063100000
Seconds elapsed:       0.473159
Performance in GFlop/s:     17.040992
Bandwidth utilization: 4.432235 GB/s
1041043326.000000
Validation OK.
tuned params: 1024 1024 1020 128 1 3 
Flops / stencil call:  31
Stencil computations:  260100000
Bytes transferred:     2097152000
Total Flops:           8063100000
Seconds elapsed:       0.471661
Performance in GFlop/s:     17.095114
Bandwidth utilization: 4.446311 GB/s
1037745544.000000
Validation OK.
tuned params: 1024 1024 1020 128 1 3 
Flops / stencil call:  31
Stencil computations:  260100000
Bytes transferred:     2097152000
Total Flops:           8063100000
Seconds elapsed:       0.473387
Performance in GFlop/s:     17.032787
Bandwidth utilization: 4.430101 GB/s
1041543125.000000
Validation OK.
tuned params: 1024 1024 1020 128 1 3 
Flops / stencil call:  31
Stencil computations:  260100000
Bytes transferred:     2097152000
Total Flops:           8063100000
Seconds elapsed:       0.472318
Performance in GFlop/s:     17.071340
Bandwidth utilization: 4.440128 GB/s
1039191942.000000
Validation OK.
