tuned params: 1024 1024 510 44 2 0 
Flops / stencil call:  31
Stencil computations:  260100000
Bytes transferred:     2097152000
Total Flops:           8063100000
Seconds elapsed:       0.133489
Performance in GFlop/s:     60.402778
Bandwidth utilization: 15.710311 GB/s
293698591.000000
Validation OK.
tuned params: 1024 1024 510 44 2 0 
Flops / stencil call:  31
Stencil computations:  260100000
Bytes transferred:     2097152000
Total Flops:           8063100000
Seconds elapsed:       0.134742
Performance in GFlop/s:     59.841020
Bandwidth utilization: 15.564202 GB/s
296457785.000000
Validation OK.
tuned params: 1024 1024 510 44 2 0 
Flops / stencil call:  31
Stencil computations:  260100000
Bytes transferred:     2097152000
Total Flops:           8063100000
Seconds elapsed:       0.137260
Performance in GFlop/s:     58.743278
Bandwidth utilization: 15.278687 GB/s
301997838.000000
Validation OK.
tuned params: 1024 1024 510 44 2 0 
Flops / stencil call:  31
Stencil computations:  260100000
Bytes transferred:     2097152000
Total Flops:           8063100000
Seconds elapsed:       0.140133
Performance in GFlop/s:     57.538949
Bandwidth utilization: 14.965450 GB/s
308318940.000000
Validation OK.
tuned params: 1024 1024 510 44 2 0 
Flops / stencil call:  31
Stencil computations:  260100000
Bytes transferred:     2097152000
Total Flops:           8063100000
Seconds elapsed:       0.133098
Performance in GFlop/s:     60.580225
Bandwidth utilization: 15.756464 GB/s
292835245.000000
Validation OK.
