tuned params: 1024 1024 1020 128 1 3 
Flops / stencil call:  31
Stencil computations:  260100000
Bytes transferred:     2097152000
Total Flops:           8063100000
Seconds elapsed:       0.473074
Performance in GFlop/s:     17.044058
Bandwidth utilization: 4.433032 GB/s
1040854718.000000
Validation OK.
tuned params: 1024 1024 1020 128 1 3 
Flops / stencil call:  31
Stencil computations:  260100000
Bytes transferred:     2097152000
Total Flops:           8063100000
Seconds elapsed:       0.477343
Performance in GFlop/s:     16.891624
Bandwidth utilization: 4.393385 GB/s
1050247612.000000
Validation OK.
tuned params: 1024 1024 1020 128 1 3 
Flops / stencil call:  31
Stencil computations:  260100000
Bytes transferred:     2097152000
Total Flops:           8063100000
Seconds elapsed:       0.473521
Performance in GFlop/s:     17.027967
Bandwidth utilization: 4.428847 GB/s
1041838857.000000
Validation OK.
tuned params: 1024 1024 1020 128 1 3 
Flops / stencil call:  31
Stencil computations:  260100000
Bytes transferred:     2097152000
Total Flops:           8063100000
Seconds elapsed:       0.483056
Performance in GFlop/s:     16.691859
Bandwidth utilization: 4.341428 GB/s
1062819805.000000
Validation OK.
tuned params: 1024 1024 1020 128 1 3 
Flops / stencil call:  31
Stencil computations:  260100000
Bytes transferred:     2097152000
Total Flops:           8063100000
Seconds elapsed:       0.474361
Performance in GFlop/s:     16.997816
Bandwidth utilization: 4.421005 GB/s
1043687695.000000
Validation OK.
