tuned params: 1024 1024 1020 128 1 3 
Flops / stencil call:  31
Stencil computations:  260100000
Bytes transferred:     2097152000
Total Flops:           8063100000
Seconds elapsed:       0.474408
Performance in GFlop/s:     16.996133
Bandwidth utilization: 4.420567 GB/s
1043791422.000000
Validation OK.
tuned params: 1024 1024 1020 128 1 3 
Flops / stencil call:  31
Stencil computations:  260100000
Bytes transferred:     2097152000
Total Flops:           8063100000
Seconds elapsed:       0.474713
Performance in GFlop/s:     16.985207
Bandwidth utilization: 4.417725 GB/s
1044462018.000000
Validation OK.
tuned params: 1024 1024 1020 128 1 3 
Flops / stencil call:  31
Stencil computations:  260100000
Bytes transferred:     2097152000
Total Flops:           8063100000
Seconds elapsed:       0.473073
Performance in GFlop/s:     17.044092
Bandwidth utilization: 4.433041 GB/s
1040852649.000000
Validation OK.
tuned params: 1024 1024 1020 128 1 3 
Flops / stencil call:  31
Stencil computations:  260100000
Bytes transferred:     2097152000
Total Flops:           8063100000
Seconds elapsed:       0.481598
Performance in GFlop/s:     16.742382
Bandwidth utilization: 4.354568 GB/s
1059611349.000000
Validation OK.
tuned params: 1024 1024 1020 128 1 3 
Flops / stencil call:  31
Stencil computations:  260100000
Bytes transferred:     2097152000
Total Flops:           8063100000
Seconds elapsed:       0.474550
Performance in GFlop/s:     16.991044
Bandwidth utilization: 4.419243 GB/s
1044102586.000000
Validation OK.
