tuned params: 1024 1024 510 44 2 0 
Flops / stencil call:  31
Stencil computations:  260100000
Bytes transferred:     2097152000
Total Flops:           8063100000
Seconds elapsed:       0.133653
Performance in GFlop/s:     60.328538
Bandwidth utilization: 15.691002 GB/s
294060564.000000
Validation OK.
tuned params: 1024 1024 510 44 2 0 
Flops / stencil call:  31
Stencil computations:  260100000
Bytes transferred:     2097152000
Total Flops:           8063100000
Seconds elapsed:       0.132222
Performance in GFlop/s:     60.981450
Bandwidth utilization: 15.860819 GB/s
290912433.000000
Validation OK.
tuned params: 1024 1024 510 44 2 0 
Flops / stencil call:  31
Stencil computations:  260100000
Bytes transferred:     2097152000
Total Flops:           8063100000
Seconds elapsed:       0.135201
Performance in GFlop/s:     59.637883
Bandwidth utilization: 15.511367 GB/s
297467888.000000
Validation OK.
tuned params: 1024 1024 510 44 2 0 
Flops / stencil call:  31
Stencil computations:  260100000
Bytes transferred:     2097152000
Total Flops:           8063100000
Seconds elapsed:       0.131794
Performance in GFlop/s:     61.179579
Bandwidth utilization: 15.912351 GB/s
289971045.000000
Validation OK.
tuned params: 1024 1024 510 44 2 0 
Flops / stencil call:  31
Stencil computations:  260100000
Bytes transferred:     2097152000
Total Flops:           8063100000
Seconds elapsed:       0.131817
Performance in GFlop/s:     61.168846
Bandwidth utilization: 15.909559 GB/s
290022535.000000
Validation OK.
