tuned params: 1024 1024 1020 64 2 3 
Flops / stencil call:  31
Stencil computations:  260100000
Bytes transferred:     2097152000
Total Flops:           8063100000
Seconds elapsed:       1.904036
Performance in GFlop/s:     4.234741
Bandwidth utilization: 1.101425 GB/s
4189252079.000000
Validation OK.
tuned params: 1024 1024 1020 64 2 3 
Flops / stencil call:  31
Stencil computations:  260100000
Bytes transferred:     2097152000
Total Flops:           8063100000
Seconds elapsed:       1.908815
Performance in GFlop/s:     4.224139
Bandwidth utilization: 1.098667 GB/s
4199763698.000000
Validation OK.
tuned params: 1024 1024 1020 64 2 3 
Flops / stencil call:  31
Stencil computations:  260100000
Bytes transferred:     2097152000
Total Flops:           8063100000
Seconds elapsed:       1.912878
Performance in GFlop/s:     4.215167
Bandwidth utilization: 1.096333 GB/s
4208704385.000000
Validation OK.
tuned params: 1024 1024 1020 64 2 3 
Flops / stencil call:  31
Stencil computations:  260100000
Bytes transferred:     2097152000
Total Flops:           8063100000
Seconds elapsed:       1.907430
Performance in GFlop/s:     4.227206
Bandwidth utilization: 1.099465 GB/s
4196716982.000000
Validation OK.
tuned params: 1024 1024 1020 64 2 3 
Flops / stencil call:  31
Stencil computations:  260100000
Bytes transferred:     2097152000
Total Flops:           8063100000
Seconds elapsed:       1.911355
Performance in GFlop/s:     4.218526
Bandwidth utilization: 1.097207 GB/s
4205352605.000000
Validation OK.
